
 **** INPUT FILE VPSC.IN FOR THIS RUN ****
1                          number of elements (nelem)                                                                             
1                          number of phases (nph)                                                                                 
1.0  0.0                   relative vol. fract. of phases (wph(i))                                                                
*INFORMATION ABOUT PHASE #1                                                                                                       
0   0   25                    grain shape contrl, fragmentn, crit aspect ratio                                                    
1.0  1.0  1.0                 initial ellipsoid ratios (dummy if ishape=4)                                                        
0.0  0.0  0.0                 init Eul ang ellips axes (dummy if ishape=3,4)                                                      
* name and path of texture file (filetext)                                                                                        
ex06_torsion\Mg_AZ31B_extruded.tex                                                                                                
* name and path of single crystal file (filecrys)                                                                                 
ex06_torsion\Mg_voce.sx                                                                                                           
* name and path of grain shape file (dummy if ishape=0) (fileaxes)                                                                
dummy                                                                                                                             
* name and path of diffraction file (dummy if idiff=0)                                                                            
0                                                                                                                                 
dummy                                                                                                                             
*PRECISION SETTINGS FOR CONVERGENCE PROCEDURES (default values)                                                                   
0.001 0.001 0.001 0.001    errs,errd,errm,errso                                                                                   
100 100 25     itmax:   max # of iter, external, internal and SO loops                                                            
0  2  10  2    irsvar & jrsini,jrsfin,jrstep (dummy if irsvar=0)                                                                  
*INPUT/OUTPUT SETTINGS FOR THE RUN (default is zero)                                                                              
0              irecover:read grain states from POSTMORT.IN (1) or not (0)?                                                        
0              isave:   write grain states in POSTMORT.OUT at step 'isave'?                                                       
0              icubcomp:calculate fcc rolling components?                                                                         
10              nwrite (frequency of texture downloads)                                                                           
*MODELING CONDITIONS FOR THE RUN                                                                                                  
3              interaction (0:FC,1:affine,2:secant,3:neff=10,4:tangent,5:SO)                                                      
1  1  1        iupdate: update orient, grain shape, hardening                                                                     
0              nneigh (0 for no neighbors, 1 for pairs, etc.)                                                                     
0              iflu (0: don't calc, 1: calc fluctuations)                                                                         
*NUMBER OF PROCESSES (Lij const; Lij variable; PCYS ;LANKFORD; rigid rotatn)                                                      
1                                                                                                                                 
*IVGVAR AND PATH\NAME OF FILE FOR EACH PROCESS                                                                                    
0                                                                                                                                 
ex06_torsion\torsion_free.23                                                                                                      


 **** CRYSTAL DATA FILE ****
*Material: magnesium                                                                                                              
HEXAGONAL                                crysym                                                                                   
1.  1.  1.624     90.  90.  120.         cdim(i),cang(i)                                                                          
*Elastic stiffness of single crystal [MPa]                                                                                        
143.5e3    72.5e3    65.4e3     0.0     0.0     0.0                                                                               
 72.5e3   143.5e3    65.4e3     0.0     0.0     0.0                                                                               
 65.4e3    65.4e3   164.9e3     0.0     0.0     0.0                                                                               
  0.0     0.0     0.0    32.1e3     0.0e3     0.0e3                                                                               
  0.0     0.0     0.0     0.0e3    32.1e3     0.0e3                                                                               
  0.0     0.0     0.0     0.0e3     0.0e3    35.5e3                                                                               
*Thermal expansion coefficients of single crystal[K^(-1)]                                                                         
  0.0e-6   0.0e-6  0.0e-6   0.0e0   0.0e0   0.0e0                                                                                 
SLIP AND TWINNING MODES                                                                                                           
5                               nmodesx                                                                                           
4                               nmodes                                                                                            
1  2  4  5                      mode(i)                                                                                           
PRISMATIC <a>                                                                                                                     
  1    3   1   0                       modex,nsmx,isensex,itwtypex                                                                
 1  0 -1  0    -1  2 -1  0                                                                                                        
 0 -1  1  0     2 -1 -1  0                                                                                                        
 -1  1  0  0    -1 -1  2  0                                                                                                       
BASAL <a>                                                                                                                         
  2    3   1   0                       modex,nsmx,isensex,itwtypex                                                                
 0  0  0  1     2 -1 -1  0                                                                                                        
 0  0  0  1    -1  2 -1  0                                                                                                        
 0  0  0  1    -1 -1  2  0                                                                                                        
PYRAMIDAL<a>                                                                                                                      
  3    6   1   0                       modex,nsmx,isensex,itwtypex                                                                
 1  0 -1  1    -1  2 -1  0                                                                                                        
 0 -1  1  1     2 -1 -1  0                                                                                                        
 -1  1  0  1    -1 -1  2  0                                                                                                       
 -1  0  1  1    -1  2 -1  0                                                                                                       
 0  1 -1  1     2 -1 -1  0                                                                                                        
 1 -1  0  1     1  1 -2  0                                                                                                        
PYRAMIDAL<c+a>                                                                                                                    
  4   12   1   0                       modex,nsmx,isensex,itwtypex                                                                
 1  0 -1  1    -1 -1  2  3                                                                                                        
 1  0 -1  1    -2  1  1  3                                                                                                        
 0 -1  1  1     1  1 -2  3                                                                                                        
 0 -1  1  1    -1  2 -1  3                                                                                                        
 -1  1  0  1     2 -1 -1  3                                                                                                       
 -1  1  0  1     1 -2  1  3                                                                                                       
 -1  0  1  1     2 -1 -1  3                                                                                                       
 -1  0  1  1     1  1 -2  3                                                                                                       
 0  1 -1  1    -1 -1  2  3                                                                                                        
 0  1 -1  1     1 -2  1  3                                                                                                        
 1 -1  0  1    -2  1  1  3                                                                                                        
 1 -1  0  1    -1  2 -1  3                                                                                                        
TENSILE TWIN {10-12}                                                                                                              
  5    6   0   2                       modex,nsmx,isensex,itwtypex                                                                
 0.130                                 twshx                                                                                      
  1  0 -1  2    -1  0  1  1                                                                                                       
  0  1 -1  2     0 -1  1  1                                                                                                       
 -1  1  0  2     1 -1  0  1                                                                                                       
 -1  0  1  2     1  0 -1  1                                                                                                       
  0 -1  1  2     0  1 -1  1                                                                                                       
  1 -1  0  2    -1  1  0  1                                                                                                       
*Constitutive law                                                                                                                 
   0      Voce=0, MTS=1                                                                                                           
   1      iratesens (0:rate insensitive, 1:rate sensitive)                                                                        
   25     grsze --> grain size only matters if HPfactor is non-zero                                                               
 PRISMATIC <a> SLIP -------------------------------------------                                                                   
 20                               nrsx                                                                                            
   80.   60.  600.  0.   0.      tau0x,tau1x,thet0,thet1, hpfac                                                                   
 1.0    1.0   1.0    1.0         hlatex(1,im),im=1,nmodes                                                                         
  BASAL <a> SLIP -------------------------------------------                                                                      
 20                               nrsx                                                                                            
   15.   5.  10.  0.   0.        tau0x,tau1x,thet0,thet1, hpfac                                                                   
 1.0    1.0   1.0    1.0         hlatex(1,im),im=1,nmodes                                                                         
 PYRAMIDAL <c+a> SLIP -------------------------------------------                                                                 
 20                               nrsx                                                                                            
  100.  95.  1000. 0.   0.        tau0x,tau1x,thet0,thet1, hpfac                                                                  
 1.0    1.0    1.0   1.0          hlatex(1,im),im=1,nmodes                                                                        
 {10-12} TENSILE TWIN --------------------------------------                                                                      
 20                               nrsx                                                                                            
  30.   20.   50.1   50.   0.      tau0x,tau1x,thet0,thet1, hpfac                                                                 
 2.0    2.0    1.0   1.0          hlatex(1,im),im=1,nmodes                                                                        
  1   2   0.1   0.5               isectw,itwlaw,thres1,thres2                                                                     
                                                                                                                                 
**** END OF CRYSTAL DATA FILE ****


 CHECKING THAT CELCC*SELCC-ID6=0   0.2297933E-15
 *********** PHASE   1
 RANDOM PX BULK & POISSON MODULI   95388.889       0.330
 RANDOM PX ELASTIC CTES C11, C12, C44  144073.333   71046.667   36513.333

 INSIDE SUBROUTINE DATA_CRYSTAL
 SHEAR MODULUS FOR MODE  1 IN PHASE  1 IS   35500.000
 N & B FOR MODE  1 IN PHASE  1
     0.866     0.500     0.000       -0.500     0.866     0.000
     0.000    -1.000     0.000        1.000     0.000     0.000
    -0.866     0.500     0.000       -0.500    -0.866     0.000
 SHEAR MODULUS FOR MODE  2 IN PHASE  1 IS   32100.000
 N & B FOR MODE  2 IN PHASE  1
     0.000     0.000     1.000        1.000     0.000     0.000
     0.000     0.000     1.000       -0.500     0.866     0.000
     0.000     0.000     1.000       -0.500    -0.866     0.000
 SHEAR MODULUS FOR MODE  3 IN PHASE  1 IS   40180.485
 N & B FOR MODE  3 IN PHASE  1
     0.764     0.441     0.471       -0.262    -0.454     0.852
     0.764     0.441     0.471       -0.524     0.000     0.852
     0.000    -0.882     0.471        0.262     0.454     0.852
     0.000    -0.882     0.471       -0.262     0.454     0.852
    -0.764     0.441     0.471        0.524     0.000     0.852
    -0.764     0.441     0.471        0.262    -0.454     0.852
    -0.764    -0.441     0.471        0.524     0.000     0.852
    -0.764    -0.441     0.471        0.262     0.454     0.852
     0.000     0.882     0.471       -0.262    -0.454     0.852
     0.000     0.882     0.471        0.262    -0.454     0.852
     0.764    -0.441     0.471       -0.524     0.000     0.852
     0.764    -0.441     0.471       -0.262     0.454     0.852
 SHEAR MODULUS FOR MODE  4 IN PHASE  1 IS   44349.106
 N & B FOR MODE  4 IN PHASE  1
     0.592     0.342     0.729       -0.632    -0.365     0.684
     0.000     0.684     0.729        0.000    -0.729     0.684
    -0.592     0.342     0.729        0.632    -0.365     0.684
    -0.592    -0.342     0.729        0.632     0.365     0.684
     0.000    -0.684     0.729        0.000     0.729     0.684
     0.592    -0.342     0.729       -0.632     0.365     0.684

 **** CRYST TEXTURE (FIRST FEW LINES) ****
Mg AZ31B extruded                                                                                                                 
dummy                                                                                                                             
dummy                                                                                                                             
B 820                                                                                                                             
46.77	79.47	42.35	1.1344                                                                                                          
101.51	95.75	37.35	1.004                                                                                                          
5.34	83.02	27.67	0.8152                                                                                                           
76.16	87.42	48.58	0.8136                                                                                                          
88.05	92.25	37.64	0.7876                                                                                                          
95.65	88.48	27.37	0.7616                                                                                                          
178.96	98.52	20.99	0.7156                                                                                                         
63.44	88.24	19.31	0.7108                                                                                                          
169.08	92.74	32.21	0.7068                                                                                                         
72.67	86.76	30.76	0.6696                                                                                                          
170.02	102.42	18.78	0.6288                                                                                                        
5.46	80.6	49.78	0.6268                                                                                                            
96.03	90.33	40.65	0.6176                                                                                                          
47.07	99.23	34.02	0.6064                                                                                                          
132.41	93.99	27.12	0.5756                                                                                                         
51.87	87.12	26.61	0.5732                                                                                                          
    .........................
 **** END OF CRYST TEXTURE DATA FILE ****


 UB THERMAL TENSOR (VOIGT NOTATION)
  0.0000E+00  0.0000E+00  0.0000E+00  0.0000E+00  0.0000E+00  0.0000E+00

 UB ELASTIC STIFFNESS (VOIGT NOTATION)
  0.1486E+06  0.7134E+05  0.6910E+05 -0.2319E+03  0.3412E+03 -0.5285E+03
  0.7134E+05  0.1466E+06  0.6974E+05 -0.9843E+03  0.5610E+02 -0.8590E+02
  0.6910E+05  0.6974E+05  0.1429E+06  0.5377E+03 -0.1851E+03  0.2243E+03
 -0.2319E+03 -0.9843E+03  0.5377E+03  0.3446E+05  0.1234E+03  0.1110E+03
  0.3412E+03  0.5610E+02 -0.1851E+03  0.1234E+03  0.3416E+05 -0.4075E+03
 -0.5285E+03 -0.8590E+02  0.2243E+03  0.1110E+03 -0.4075E+03  0.3795E+05

 LB THERMAL TENSOR (VOIGT NOTATION)
  0.0000E+00  0.0000E+00  0.0000E+00  0.0000E+00  0.0000E+00  0.0000E+00

 LB ELASTIC STIFFNESS (VOIGT NOTATION)
  0.1466E+06  0.7192E+05  0.6956E+05 -0.2484E+03  0.2822E+03 -0.4631E+03
  0.7192E+05  0.1450E+06  0.7008E+05 -0.7895E+03  0.5930E+02 -0.5401E+02
  0.6956E+05  0.7008E+05  0.1426E+06  0.5030E+03 -0.1712E+03  0.1882E+03
 -0.2484E+03 -0.7895E+03  0.5030E+03  0.3427E+05  0.1155E+03  0.8229E+02
  0.2822E+03  0.5930E+02 -0.1712E+03  0.1155E+03  0.3395E+05 -0.3011E+03
 -0.4631E+03 -0.5401E+02  0.1882E+03  0.8229E+02 -0.3011E+03  0.3675E+05


*** LOAD CONDITIONS FOR THIS RUN
  40   4   0.01    298.  298.    nsteps   ictrl   eqincr   temp                                                                   
* boundary conditions                                                                                                             
    0       1       1           iudot     |    flag for vel.grad.                                                                 
    1       0       1                     |    (0:unknown-1:known)                                                                
    1       1       0                     |                                                                                       
                                          |                                                                                       
    0.      0.      0.          udot      |    vel.grad                                                                           
    0.      0.      0.001                    |                                                                                    
    0.      0.      0.                    |                                                                                       
                                          |                                                                                       
    1       0       0           iscau    |    flag for Cauchy                                                                     
            1       0                    |                                                                                        
                    1                    |                                                                                        
                                          |                                                                                       
    0.      0.      0.          scauchy  |    Cauchy stress                                                                       
            0.      0.                   |                                                                                        
                    0.                   @                                                                                        
                                                                                                                                 

*******   STEP   1      *** N_EFF=NRS/2 CALCULATION            
  100   0.557E-03   0.114E-01   0.791E-03
 CONVERGENCE FAILED AT STEP   1 RELSGR,RELS,RELD =   0.557E-03   0.114E-01   0.791E-03

*******   STEP   2      *** N_EFF=NRS/2 CALCULATION            
   78   0.971E-04   0.979E-03   0.290E-03

*******   STEP   3      *** N_EFF=NRS/2 CALCULATION            
   56   0.307E-03   0.991E-03   0.201E-03

*******   STEP   4      *** N_EFF=NRS/2 CALCULATION            
   59   0.264E-03   0.952E-03   0.142E-03

*******   STEP   5      *** N_EFF=NRS/2 CALCULATION            
   50   0.174E-03   0.958E-03   0.111E-03

*******   STEP   6      *** N_EFF=NRS/2 CALCULATION            
   50   0.221E-03   0.944E-03   0.546E-03

*******   STEP   7      *** N_EFF=NRS/2 CALCULATION            
   50   0.620E-04   0.849E-03   0.356E-03

*******   STEP   8      *** N_EFF=NRS/2 CALCULATION            
   52   0.498E-04   0.984E-03   0.210E-03

*******   STEP   9      *** N_EFF=NRS/2 CALCULATION            
   55   0.533E-04   0.990E-03   0.150E-03

*******   STEP  10      *** N_EFF=NRS/2 CALCULATION            
   53   0.478E-04   0.962E-03   0.780E-04

*******   STEP  11      *** N_EFF=NRS/2 CALCULATION            
   45   0.554E-04   0.964E-03   0.164E-03

*******   STEP  12      *** N_EFF=NRS/2 CALCULATION            
   19   0.189E-03   0.908E-03   0.909E-03

*******   STEP  13      *** N_EFF=NRS/2 CALCULATION            
   28   0.168E-03   0.985E-03   0.506E-03

*******   STEP  14      *** N_EFF=NRS/2 CALCULATION            
   60   0.400E-04   0.982E-03   0.685E-04

*******   STEP  15      *** N_EFF=NRS/2 CALCULATION            
   71   0.384E-04   0.967E-03   0.661E-04

*******   STEP  16      *** N_EFF=NRS/2 CALCULATION            
   79   0.374E-04   0.983E-03   0.631E-04

*******   STEP  17      *** N_EFF=NRS/2 CALCULATION            
   88   0.356E-04   0.963E-03   0.595E-04

*******   STEP  18      *** N_EFF=NRS/2 CALCULATION            
   90   0.367E-04   0.988E-03   0.622E-04

*******   STEP  19      *** N_EFF=NRS/2 CALCULATION            
   86   0.386E-04   0.990E-03   0.689E-04

*******   STEP  20      *** N_EFF=NRS/2 CALCULATION            
   86   0.394E-04   0.989E-03   0.700E-04

*******   STEP  21      *** N_EFF=NRS/2 CALCULATION            
   88   0.389E-04   0.956E-03   0.667E-04

*******   STEP  22      *** N_EFF=NRS/2 CALCULATION            
   86   0.403E-04   0.968E-03   0.657E-04

*******   STEP  23      *** N_EFF=NRS/2 CALCULATION            
   85   0.391E-04   0.958E-03   0.628E-04

*******   STEP  24      *** N_EFF=NRS/2 CALCULATION            
   83   0.406E-04   0.955E-03   0.670E-04

*******   STEP  25      *** N_EFF=NRS/2 CALCULATION            
   77   0.444E-04   0.996E-03   0.801E-04

*******   STEP  26      *** N_EFF=NRS/2 CALCULATION            
   71   0.496E-04   0.978E-03   0.109E-03

*******   STEP  27      *** N_EFF=NRS/2 CALCULATION            
   66   0.546E-04   0.957E-03   0.134E-03

*******   STEP  28      *** N_EFF=NRS/2 CALCULATION            
   61   0.600E-04   0.990E-03   0.164E-03

*******   STEP  29      *** N_EFF=NRS/2 CALCULATION            
   62   0.596E-04   0.983E-03   0.177E-03

*******   STEP  30      *** N_EFF=NRS/2 CALCULATION            
   55   0.559E-04   0.945E-03   0.164E-03

*******   STEP  31      *** N_EFF=NRS/2 CALCULATION            
   51   0.556E-04   0.961E-03   0.158E-03

*******   STEP  32      *** N_EFF=NRS/2 CALCULATION            
   49   0.578E-04   0.989E-03   0.155E-03

*******   STEP  33      *** N_EFF=NRS/2 CALCULATION            
   45   0.608E-04   0.993E-03   0.148E-03

*******   STEP  34      *** N_EFF=NRS/2 CALCULATION            
   39   0.683E-04   0.998E-03   0.150E-03

*******   STEP  35      *** N_EFF=NRS/2 CALCULATION            
   39   0.669E-04   0.948E-03   0.138E-03

*******   STEP  36      *** N_EFF=NRS/2 CALCULATION            
   38   0.705E-04   0.949E-03   0.136E-03

*******   STEP  37      *** N_EFF=NRS/2 CALCULATION            
   35   0.767E-04   0.966E-03   0.136E-03

*******   STEP  38      *** N_EFF=NRS/2 CALCULATION            
   33   0.796E-04   0.935E-03   0.131E-03

*******   STEP  39      *** N_EFF=NRS/2 CALCULATION            
   31   0.834E-04   0.917E-03   0.128E-03

*******   STEP  40      *** N_EFF=NRS/2 CALCULATION            
   29   0.892E-04   0.930E-03   0.126E-03

*******   STEP  41      *** N_EFF=NRS/2 CALCULATION            
   27   0.941E-04   0.942E-03   0.125E-03

 CONVERGENCE FAILED IN ONE OR MORE STEPS
 CHECK RELSGR,RELS,RELD= IN FILE RUN_LOG.OUT

 TIME ELAPSED   54.08secs
