   VARIANT FREQ & VOL FRACT DISTRIB FOR TWIN MODE: 1
ISTEP STRAIN  #TWGR       1       2       3       4       5       6       1       2       3       4       5       6
   1   0.010      5  1.0000  0.0000  0.0000  0.0000  0.0000  0.0000  0.0054  0.0000  0.0000  0.0000  0.0000  0.0000
   2   0.020     17  0.9412  0.0588  0.0000  0.0000  0.0000  0.0000  0.0150  0.0003  0.0000  0.0000  0.0000  0.0000
   3   0.030     41  0.8049  0.1951  0.0000  0.0000  0.0000  0.0000  0.0232  0.0054  0.0000  0.0000  0.0000  0.0000
   4   0.040     71  0.8028  0.1972  0.0000  0.0000  0.0000  0.0000  0.0447  0.0144  0.0000  0.0000  0.0000  0.0000
   5   0.050     84  0.8214  0.1786  0.0000  0.0000  0.0000  0.0000  0.0684  0.0180  0.0000  0.0000  0.0000  0.0000
   6   0.060     89  0.8202  0.1798  0.0000  0.0000  0.0000  0.0000  0.0877  0.0209  0.0000  0.0000  0.0000  0.0000
   7   0.070     96  0.8333  0.1667  0.0000  0.0000  0.0000  0.0000  0.1027  0.0209  0.0000  0.0000  0.0000  0.0000
   8   0.080    104  0.8365  0.1635  0.0000  0.0000  0.0000  0.0000  0.1070  0.0216  0.0000  0.0000  0.0000  0.0000
   9   0.090    115  0.8435  0.1565  0.0000  0.0000  0.0000  0.0000  0.1152  0.0233  0.0000  0.0000  0.0000  0.0000
  10   0.100    120  0.8333  0.1667  0.0000  0.0000  0.0000  0.0000  0.1205  0.0257  0.0000  0.0000  0.0000  0.0000
  11   0.110    122  0.8197  0.1803  0.0000  0.0000  0.0000  0.0000  0.1205  0.0300  0.0000  0.0000  0.0000  0.0000
  12   0.120    125  0.8240  0.1760  0.0000  0.0000  0.0000  0.0000  0.1226  0.0300  0.0000  0.0000  0.0000  0.0000
  13   0.130    128  0.8203  0.1797  0.0000  0.0000  0.0000  0.0000  0.1261  0.0322  0.0000  0.0000  0.0000  0.0000
  14   0.140    131  0.8015  0.1908  0.0076  0.0000  0.0000  0.0000  0.1261  0.0349  0.0005  0.0000  0.0000  0.0000
  15   0.150    136  0.8015  0.1912  0.0074  0.0000  0.0000  0.0000  0.1312  0.0353  0.0005  0.0000  0.0000  0.0000
  16   0.160    141  0.7943  0.1915  0.0142  0.0000  0.0000  0.0000  0.1325  0.0355  0.0008  0.0000  0.0000  0.0000
  17   0.170    147  0.7891  0.1837  0.0272  0.0000  0.0000  0.0000  0.1343  0.0355  0.0030  0.0000  0.0000  0.0000
  18   0.180    150  0.7800  0.1800  0.0400  0.0000  0.0000  0.0000  0.1346  0.0355  0.0071  0.0000  0.0000  0.0000
  19   0.190    154  0.7792  0.1753  0.0390  0.0065  0.0000  0.0000  0.1382  0.0355  0.0071  0.0001  0.0000  0.0000
  20   0.200    155  0.7742  0.1742  0.0452  0.0065  0.0000  0.0000  0.1382  0.0355  0.0104  0.0001  0.0000  0.0000
  21   0.210    157  0.7707  0.1720  0.0510  0.0064  0.0000  0.0000  0.1391  0.0355  0.0138  0.0001  0.0000  0.0000
  22   0.220    157  0.7707  0.1720  0.0510  0.0064  0.0000  0.0000  0.1391  0.0355  0.0138  0.0001  0.0000  0.0000
  23   0.230    158  0.7658  0.1709  0.0570  0.0063  0.0000  0.0000  0.1391  0.0355  0.0173  0.0001  0.0000  0.0000
  24   0.240    158  0.7658  0.1709  0.0570  0.0063  0.0000  0.0000  0.1391  0.0355  0.0173  0.0001  0.0000  0.0000
  25   0.250    158  0.7658  0.1709  0.0570  0.0063  0.0000  0.0000  0.1391  0.0355  0.0173  0.0001  0.0000  0.0000
  26   0.260    158  0.7658  0.1709  0.0570  0.0063  0.0000  0.0000  0.1391  0.0355  0.0173  0.0001  0.0000  0.0000
  27   0.270    158  0.7658  0.1709  0.0570  0.0063  0.0000  0.0000  0.1391  0.0355  0.0173  0.0001  0.0000  0.0000
  28   0.280    159  0.7673  0.1698  0.0566  0.0063  0.0000  0.0000  0.1428  0.0355  0.0173  0.0001  0.0000  0.0000
  29   0.290    159  0.7673  0.1698  0.0566  0.0063  0.0000  0.0000  0.1428  0.0355  0.0173  0.0001  0.0000  0.0000
  30   0.300    159  0.7673  0.1698  0.0566  0.0063  0.0000  0.0000  0.1428  0.0355  0.0173  0.0001  0.0000  0.0000
  31   0.310    159  0.7673  0.1698  0.0566  0.0063  0.0000  0.0000  0.1428  0.0355  0.0173  0.0001  0.0000  0.0000
  32   0.320    159  0.7673  0.1698  0.0566  0.0063  0.0000  0.0000  0.1428  0.0355  0.0173  0.0001  0.0000  0.0000
  33   0.330    159  0.7673  0.1698  0.0566  0.0063  0.0000  0.0000  0.1428  0.0355  0.0173  0.0001  0.0000  0.0000
  34   0.340    159  0.7673  0.1698  0.0566  0.0063  0.0000  0.0000  0.1428  0.0355  0.0173  0.0001  0.0000  0.0000
  35   0.350    159  0.7673  0.1698  0.0566  0.0063  0.0000  0.0000  0.1428  0.0355  0.0173  0.0001  0.0000  0.0000
  36   0.360    159  0.7673  0.1698  0.0566  0.0063  0.0000  0.0000  0.1428  0.0355  0.0173  0.0001  0.0000  0.0000
  37   0.370    159  0.7673  0.1698  0.0566  0.0063  0.0000  0.0000  0.1428  0.0355  0.0173  0.0001  0.0000  0.0000
  38   0.380    159  0.7673  0.1698  0.0566  0.0063  0.0000  0.0000  0.1428  0.0355  0.0173  0.0001  0.0000  0.0000
  39   0.390    159  0.7673  0.1698  0.0566  0.0063  0.0000  0.0000  0.1428  0.0355  0.0173  0.0001  0.0000  0.0000
  40   0.400    159  0.7673  0.1698  0.0566  0.0063  0.0000  0.0000  0.1428  0.0355  0.0173  0.0001  0.0000  0.0000
