MORPHOLOGY AT STRAIN =    0.5000  FOR PHASE  1
   1.283   1.283   0.603  <-- AXES OF PHASE ELLIPSOID
   31.68    0.00    0.00  <-- EULER ANGLES OF PHASE ELLIPSOID (deg)
   1.114   1.569   0.582  <-- AVERAGE OF GRAIN AXES FOR PHASE
   0.055   0.171   0.163  <-- STANDARD DEV OF AVG GRAIN AXES FOR PHASE
B       500
 -178.91   17.82 -175.68     0.002000       1.1790    1.4834    0.5660
   13.44   17.80    5.46     0.002000       1.1281    1.6403    0.5334
  -46.00   20.91   27.11     0.002000       1.1930    1.3428    0.6201
 -111.72   13.86  173.89     0.002000       1.1546    1.7289    0.4927
 -123.03   13.43   94.82     0.002000       1.1306    1.2483    0.7058
  148.04   11.01  -73.68     0.002000       1.0233    1.3163    0.7398
  -91.64   15.85 -172.15     0.002000       1.1466    1.6623    0.5173
 -161.51    7.15 -159.31     0.002000       1.0144    1.4773    0.6629
 -160.75   13.17  179.79     0.002000       1.1611    1.7049    0.4967
  -12.53   18.41  125.11     0.002000       1.2772    1.3280    0.5846
  -59.35   22.70   14.61     0.002000       1.1930    1.2860    0.6483
   41.27   17.10  -84.35     0.002000       1.0638    1.3126    0.7133
  149.20   15.35  176.84     0.002000       1.1228    1.6899    0.5193
  -56.32   19.13  140.76     0.002000       1.1777    1.2709    0.6648
  -28.90   19.70  145.26     0.002000       1.1764    1.2908    0.6551
  170.55   11.79  -82.87     0.002000       1.1209    1.2595    0.7056
  -60.99    8.85 -177.04     0.002000       1.0044    1.3929    0.7115
  130.52    8.08  -30.70     0.002000       1.0622    1.3512    0.6934
  175.17   18.78  153.21     0.002000       1.1967    1.3297    0.6243
  124.90    2.77  -38.93     0.002000       1.0243    1.5196    0.6374
  134.52   19.21  -28.31     0.002000       1.1876    1.3245    0.6317
   41.84   17.25   -6.43     0.002000       1.1654    1.6331    0.5182
   60.05   21.53 -103.78     0.002000       1.1100    1.2559    0.7148
  -34.05   20.41   35.79     0.002000       1.2000    1.3410    0.6172
 -118.12    4.37  163.01     0.002000       1.0855    2.0790    0.4306
   42.77    7.99  -11.58     0.002000       1.0700    2.0309    0.4486
   32.22   12.64    2.84     0.002000       1.0229    1.7795    0.5388
  -32.95    7.11   12.82     0.002000       1.0556    1.3869    0.6794
 -176.72    8.74 -179.65     0.002000       1.0372    1.8889    0.4984
 -109.00   18.17  150.10     0.002000       1.2513    1.3258    0.5981
  -82.69    1.35  129.86     0.002000       1.0446    2.1030    0.4421
 -104.65   17.55 -163.74     0.002000       1.2970    1.3224    0.5778
  140.88    9.90 -179.87     0.002000       1.0991    1.9167    0.4642
   52.42    0.00    0.00     0.002000       1.0687    2.0578    0.4418
    3.87   16.78   -3.78     0.002000       1.1898    1.5778    0.5257
  171.65    8.28  179.18     0.002000       1.1049    1.9389    0.4559
   64.78   19.22  -29.03     0.002000       1.2619    1.3434    0.5849
  -85.08    6.58  159.55     0.002000       1.0568    1.3728    0.6857
  169.82    3.54  173.80     0.002000       1.0515    2.0840    0.4437
   42.81    2.43  -33.47     0.002000       1.0530    2.0577    0.4484
  -88.79   13.78  177.51     0.002000       1.1049    1.7897    0.4969
  133.05    6.99 -170.16     0.002000       1.0527    1.9182    0.4829
 -101.01   17.59  117.67     0.002000       1.1846    1.2335    0.6814
  171.98   15.40  178.20     0.002000       1.2211    1.5489    0.5217
  -37.33    6.94   -2.60     0.002000       1.0630    2.0443    0.4482
  -63.10   12.98  179.88     0.002000       1.1457    1.7999    0.4759
  -32.00    7.92  133.73     0.002000       1.0514    1.4203    0.6657
   24.26   11.28    8.40     0.002000       1.0863    1.9248    0.4680
   37.50   11.48  -60.24     0.002000       1.0707    1.3964    0.6650
   12.17    6.46  115.69     0.002000       1.0420    1.4659    0.6502
  133.16   20.71   -7.36     0.002000       1.1831    1.4312    0.5856
 -141.19   18.02  173.72     0.002000       1.2046    1.4092    0.5842
  106.85   14.32    3.64     0.002000       1.1206    1.7502    0.5014
  137.83   19.58 -125.11     0.002000       1.1072    1.3249    0.6785
 -176.63   15.17 -179.84     0.002000       1.1960    1.5829    0.5210
  166.76   14.62  -55.68     0.002000       1.1116    1.2973    0.6904
   38.15    5.43   -1.76     0.002000       1.0907    2.0233    0.4411
   87.94   13.27  -75.89     0.002000       1.0921    1.4030    0.6486
 -157.85    2.87 -108.29     0.002000       1.0033    1.3233    0.7506
  136.59    2.66  178.58     0.002000       1.0547    2.0780    0.4428
   -1.82    7.84  -29.80     0.002000       1.0047    1.3283    0.7467
  -93.64   19.26  172.05     0.002000       1.1677    1.4202    0.5983
    5.91   12.71   -8.62     0.002000       1.0928    1.8605    0.4824
  132.83   20.31  -78.15     0.002000       1.1221    1.2773    0.6949
   54.47   12.76   -7.00     0.002000       1.0977    1.8662    0.4786
  -85.05   16.41  177.24     0.002000       1.1618    1.5941    0.5330
   55.97   18.52  -64.31     0.002000       1.1635    1.3637    0.6260
  107.22   16.81    3.97     0.002000       1.1913    1.5522    0.5340
   39.31   15.29    5.49     0.002000       1.1624    1.7181    0.4925
  -24.30   18.00   -9.17     0.002000       1.1417    1.5698    0.5516
  127.66   18.72   -7.53     0.002000       1.1744    1.4721    0.5730
  -86.58   16.37   93.05     0.002000       1.1745    1.2335    0.6873
  -33.61   20.10  123.82     0.002000       1.0957    1.3094    0.6941
  143.20    7.63 -172.57     0.002000       1.1087    2.0066    0.4380
   17.63   22.77   11.47     0.002000       1.2204    1.2756    0.6387
  -19.37   11.99  121.70     0.002000       1.0193    1.3130    0.7447
   50.27   11.54  -81.87     0.002000       1.0651    1.4426    0.6465
  -60.34   17.74 -175.80     0.002000       1.2292    1.4644    0.5496
  -72.15    3.23 -164.38     0.002000       1.0695    2.1054    0.4311
   42.44   20.23  -17.19     0.002000       1.2245    1.3736    0.5897
   96.37   14.22 -121.73     0.002000       1.0999    1.2988    0.6971
 -103.85    7.90  168.37     0.002000       1.0097    1.4645    0.6720
  -80.49   20.16 -173.55     0.002000       1.1777    1.4593    0.5766
   37.74   18.33   58.82     0.002000       1.1623    1.2513    0.6846
  149.92    5.02  -61.39     0.002000       1.0061    1.3452    0.7360
 -124.80   11.43  110.47     0.002000       1.1022    1.2670    0.7134
   75.13   13.18    9.59     0.002000       1.1389    1.8179    0.4739
  134.17    2.66 -168.94     0.002000       1.0571    2.0751    0.4424
   67.84   10.84    2.82     0.002000       1.1380    1.8502    0.4649
  -90.29   10.38 -177.37     0.002000       1.0826    1.9272    0.4689
   -8.82    2.71   -1.00     0.002000       1.0231    1.5293    0.6340
 -110.35    6.67 -136.48     0.002000       1.0250    1.4920    0.6492
   -0.30   17.58   85.17     0.002000       1.1841    1.2366    0.6799
   77.34   16.20    2.07     0.002000       1.1999    1.5882    0.5175
 -124.65    5.62 -106.64     0.002000       1.0934    1.2833    0.7098
 -136.82   20.00  165.96     0.002000       1.2019    1.3741    0.6009
   79.14   16.85    4.32     0.002000       1.1526    1.6287    0.5255
  -33.03    5.31    2.22     0.002000       1.0545    2.0787    0.4438
   29.86   10.51    1.88     0.002000       1.1078    1.8962    0.4657
   13.76    1.90   95.37     0.002000       1.0422    2.1155    0.4402
  -29.06   15.82   -0.75     0.002000       1.1220    1.6941    0.5184
  133.01    9.96   -0.72     0.002000       1.0475    1.8247    0.5118
 -128.45   18.63  155.39     0.002000       1.2221    1.3240    0.6137
  126.14   16.24    3.81     0.002000       1.1186    1.6879    0.5220
 -137.44   16.98 -176.26     0.002000       1.1089    1.4725    0.6047
   36.94   10.30   -3.30     0.002000       1.1245    1.9332    0.4495
 -145.24    6.26 -153.95     0.002000       1.0172    1.4917    0.6544
 -156.02   15.82 -178.89     0.002000       1.2366    1.4991    0.5328
   54.69   10.92    2.41     0.002000       1.1407    1.8450    0.4652
   93.52    4.05  -13.30     0.002000       1.0545    2.1044    0.4378
  147.16   18.70 -173.80     0.002000       1.1395    1.5581    0.5570
   90.77    6.49    7.84     0.002000       1.0809    2.0269    0.4446
 -150.80   13.43 -177.72     0.002000       1.1583    1.7003    0.4995
  -35.04   19.51  167.30     0.002000       1.1661    1.4393    0.5907
  -26.45    0.00    0.00     0.002000       1.0658    2.0609    0.4423
   58.55   18.47   -1.93     0.002000       1.2449    1.4107    0.5638
  177.70   18.26  173.39     0.002000       1.1659    1.4746    0.5762
  150.16   16.89  177.16     0.002000       1.1825    1.5565    0.5367
  -45.96   15.56   56.79     0.002000       1.1220    1.2787    0.6940
 -131.08    2.56  173.11     0.002000       1.0376    1.4945    0.6401
 -109.12   21.88  116.17     0.002000       1.1630    1.2418    0.6897
 -168.14   13.63  179.35     0.002000       1.1013    1.6168    0.5519
   56.67    6.89    6.54     0.002000       1.0521    1.4122    0.6691
  163.20   18.39 -174.20     0.002000       1.1966    1.4342    0.5773
 -117.94   16.46  117.66     0.002000       1.1120    1.3870    0.6444
 -146.01    3.96 -145.43     0.002000       1.0398    1.4717    0.6489
  134.65   20.31 -163.88     0.002000       1.0314    1.4016    0.6866
  145.37   15.96 -178.66     0.002000       1.1844    1.5975    0.5213
  -38.53   14.59   -4.17     0.002000       1.1869    1.6511    0.5023
  -10.40   21.20   -7.44     0.002000       1.2372    1.3386    0.5993
   97.68    8.98  -85.46     0.002000       1.0992    1.2606    0.7190
  163.46    7.60  168.60     0.002000       1.0788    2.0225    0.4468
  -76.72    5.17  177.88     0.002000       1.0376    1.9869    0.4722
  124.36   11.95   -4.48     0.002000       1.0849    1.8954    0.4764
  -64.08   15.23   59.11     0.002000       1.1190    1.3518    0.6573
 -168.69   17.85  175.08     0.002000       1.1639    1.4979    0.5678
   82.77    4.57   13.48     0.002000       1.0935    2.0883    0.4251
   60.08   17.22   10.63     0.002000       1.1635    1.6080    0.5277
   24.31   19.43  -10.61     0.002000       1.2234    1.2941    0.6277
  -50.70   19.02  140.04     0.002000       1.1839    1.3168    0.6376
  -87.75   20.20 -172.44     0.002000       1.1559    1.4592    0.5878
   91.50   13.97   11.74     0.002000       1.1172    1.8163    0.4837
   11.59    2.48   -7.87     0.002000       1.0918    2.0899    0.4252
 -139.24   20.53 -169.19     0.002000       1.1837    1.4090    0.5948
  -70.00    0.97  114.53     0.002000       1.0528    2.0898    0.4414
 -142.13   15.37 -173.48     0.002000       1.1234    1.6771    0.5233
   -5.48    9.31   -5.22     0.002000       1.0794    1.9698    0.4594
  167.06    1.42 -161.85     0.002000       1.0631    2.0833    0.4381
 -151.49   12.42  -89.05     0.002000       1.0158    1.1608    0.8470
  -14.48   11.20   -1.47     0.002000       1.0873    1.9050    0.4726
 -124.58   12.42 -177.58     0.002000       1.1547    1.7544    0.4847
 -123.43   14.17  179.83     0.002000       1.1276    1.7193    0.5076
  147.97   14.67  -60.82     0.002000       1.1190    1.2689    0.7015
   -1.42    5.82   -7.42     0.002000       1.0635    2.0495    0.4467
   66.55    2.18  -65.70     0.002000       1.0545    2.1028    0.4378
   63.90    9.48 -105.46     0.002000       1.0459    1.4657    0.6479
 -143.07   13.94 -171.63     0.002000       1.1075    1.7778    0.4993
   75.77   15.51  -63.01     0.002000       1.0881    1.4081    0.6486
   50.07    6.31   -2.77     0.002000       1.0291    1.9855    0.4767
  -94.97   15.82  177.46     0.002000       1.1804    1.6032    0.5215
   53.34    8.28   -1.88     0.002000       1.0679    2.0151    0.4532
  118.27    5.78    5.39     0.002000       1.0466    1.4469    0.6561
  -40.46   17.25    2.04     0.002000       1.1304    1.6204    0.5391
  -78.91   17.10  179.32     0.002000       1.2533    1.4390    0.5485
 -164.14    7.04 -174.92     0.002000       1.0939    1.9717    0.4523
  119.79   14.67    2.56     0.002000       1.1310    1.7178    0.5065
 -177.07   19.38  145.84     0.002000       1.2008    1.3545    0.6104
  -33.30   17.26  104.64     0.002000       1.0539    1.2794    0.7394
   16.31    9.69   87.46     0.002000       1.1132    1.2940    0.6911
   20.15   19.88    8.57     0.002000       1.1882    1.4000    0.5963
   33.32    5.96   -1.66     0.002000       1.0694    2.0398    0.4464
  -78.92   13.27   47.58     0.002000       1.0458    1.4214    0.6688
   11.11    5.56   -3.80     0.002000       1.0174    1.5254    0.6393
  169.11   16.65  176.91     0.002000       1.1942    1.5296    0.5412
   -1.56   13.98   68.84     0.002000       1.0977    1.3884    0.6522
   61.73   15.20   -5.75     0.002000       1.1482    1.7184    0.4988
   90.22   13.17    2.34     0.002000       1.1091    1.8127    0.4882
  -43.08   11.86   48.85     0.002000       1.0807    1.3409    0.6867
  172.69    5.64 -177.83     0.002000       1.0670    2.0343    0.4488
  -26.00    3.22  142.24     0.002000       1.0803    2.1064    0.4263
  135.87   12.77 -169.61     0.002000       1.1245    1.8332    0.4757
 -147.90   14.13  -97.79     0.002000       1.1645    1.2698    0.6731
 -164.38    6.78 -177.04     0.002000       1.0731    2.0110    0.4518
   13.19   12.63   -0.03     0.002000       1.1449    1.7813    0.4812
   66.31    9.24    4.98     0.002000       1.1216    1.9152    0.4548
 -151.00   12.47  116.49     0.002000       1.0909    1.3817    0.6596
  -94.19   19.62  165.37     0.002000       1.1861    1.3250    0.6324
   92.61    4.00    5.08     0.002000       1.0660    2.0680    0.4410
  -84.14   17.38 -172.68     0.002000       1.1500    1.5796    0.5441
   11.53    1.71   24.56     0.002000       1.0428    2.0962    0.4444
   58.49    6.56    4.07     0.002000       1.0686    2.0413    0.4465
   15.71   14.60   -1.42     0.002000       1.1864    1.6633    0.4987
 -139.76   17.15  103.08     0.002000       1.2292    1.3321    0.6062
 -169.91   14.12 -176.99     0.002000       1.0207    1.6713    0.5769
 -155.58   16.09 -172.78     0.002000       1.1855    1.5701    0.5306
  -31.05    1.68  104.96     0.002000       1.0797    1.2838    0.7187
  154.95    7.27  166.89     0.002000       1.0132    1.4896    0.6580
   53.24   21.16  -98.30     0.002000       1.1448    1.2814    0.6786
  120.70   14.90  -74.48     0.002000       1.1093    1.4060    0.6369
  -26.20   14.23  118.78     0.002000       1.0968    1.3635    0.6650
   40.99    3.71   61.64     0.002000       1.0253    1.5142    0.6392
   92.15   18.30    9.53     0.002000       1.2188    1.4418    0.5633
   90.89   10.07    8.00     0.002000       1.0759    1.9587    0.4638
   60.17    3.49    1.07     0.002000       1.0580    2.0250    0.4538
 -116.01   13.46   90.78     0.002000       1.1338    1.2477    0.7041
  -64.86    5.55 -176.79     0.002000       1.0547    2.0795    0.4436
   48.38    3.00  -88.84     0.002000       1.0286    1.5076    0.6400
   74.71    5.24    4.93     0.002000       1.0690    1.3139    0.7090
 -131.30   20.49 -170.10     0.002000       1.2106    1.3781    0.5947
 -113.46   12.97 -179.32     0.002000       1.1676    1.7171    0.4903
   67.81    9.96   12.67     0.002000       1.0762    1.9822    0.4578
  -42.30    1.70   72.75     0.002000       1.0298    1.5105    0.6379
  -15.80   21.49  156.24     0.002000       1.1791    1.3585    0.6201
  -74.68    8.61   98.78     0.002000       1.1091    1.2747    0.7044
   39.03    3.86  -42.00     0.002000       1.0029    1.3076    0.7602
    7.83    7.36    4.74     0.002000       1.1038    2.0288    0.4348
   91.91   14.01    6.26     0.002000       1.1038    1.7924    0.4967
  146.96   18.02 -122.41     0.002000       1.1088    1.3620    0.6585
  113.50   19.92  -15.70     0.002000       1.1891    1.2962    0.6452
  122.38   12.72 -112.37     0.002000       1.1036    1.2668    0.7126
   36.27   19.78   47.95     0.002000       1.1940    1.3534    0.6145
  -62.11   18.34  172.45     0.002000       1.2284    1.3142    0.6153
  -55.39   15.42  172.29     0.002000       1.1144    1.7173    0.5146
  -76.11   16.03  179.99     0.002000       1.1624    1.6286    0.5209
 -148.49    9.93  -78.74     0.002000       1.1161    1.2788    0.6977
 -123.68   18.26  173.14     0.002000       1.1688    1.4734    0.5753
  119.78    6.10 -155.06     0.002000       1.0653    1.3234    0.7063
   78.42   20.15   -8.37     0.002000       1.1956    1.3000    0.6397
   -4.20   17.94   77.41     0.002000       1.1958    1.3575    0.6116
 -166.63   17.84  -63.50     0.002000       1.0317    1.1635    0.8318
  -76.22    5.28  164.47     0.002000       1.0525    1.9691    0.4697
   85.54   19.55   -4.77     0.002000       1.2107    1.2933    0.6349
  174.14   20.06  -94.52     0.002000       1.1424    1.2849    0.6781
  -84.99    9.69  177.44     0.002000       1.1277    1.8844    0.4602
  130.06   19.17 -126.27     0.002000       1.1877    1.3475    0.6207
  -36.90    6.01   -4.63     0.002000       1.0293    1.9793    0.4782
   29.15    0.92   13.82     0.002000       1.0526    2.0678    0.4464
  166.18   18.75  169.21     0.002000       1.2031    1.3696    0.6024
    0.51    0.00    0.00     0.002000       1.0510    2.0724    0.4461
  -39.41   14.58   86.13     0.002000       1.1680    1.2687    0.6716
  -60.25    2.11   80.63     0.002000       1.0864    1.2786    0.7171
 -138.38    9.94 -173.95     0.002000       1.1302    1.9115    0.4525
   30.88   19.20   -2.64     0.002000       1.1561    1.5364    0.5569
  -65.63   20.62 -179.43     0.002000       1.2329    1.3518    0.5954
  -29.65    8.73   -7.92     0.002000       1.0861    1.8543    0.4844
  -17.28    7.00   -4.96     0.002000       1.1016    1.9858    0.4456
  -43.77   18.91    4.12     0.002000       1.1584    1.4930    0.5727
  166.83   17.54  -76.45     0.002000       1.2796    1.3174    0.5883
  -45.74   12.10  174.28     0.002000       1.1461    1.7940    0.4770
  146.76    2.99  -40.19     0.002000       1.0764    1.2877    0.7187
   88.07    2.79   -5.37     0.002000       1.0811    2.0536    0.4370
  110.95    2.52    8.63     0.002000       1.0809    2.0557    0.4366
  -36.73    7.81  132.41     0.002000       1.0701    1.3087    0.7112
  -46.29    6.09    3.79     0.002000       1.0637    1.3371    0.6999
 -138.97   13.63 -177.66     0.002000       1.1615    1.7012    0.4978
  -82.26   17.93   59.44     0.002000       1.2131    1.3540    0.6042
   78.67    4.05   10.10     0.002000       1.0375    1.4913    0.6416
  100.18   16.60    9.17     0.002000       1.1213    1.6723    0.5260
  -25.84   16.73   -2.45     0.002000       1.2100    1.5496    0.5265
 -168.99   12.26 -172.85     0.002000       1.0975    1.8350    0.4873
  -33.93   13.60  109.26     0.002000       1.1106    1.2637    0.7098
   14.93    5.32  -17.32     0.002000       1.0454    2.0242    0.4595
   -2.21   18.45   -6.37     0.002000       1.1364    1.5891    0.5473
   -3.70   15.41  -11.55     0.002000       1.1180    1.7557    0.5011
  178.62    5.03 -104.20     0.002000       1.0322    1.4922    0.6445
 -151.96   16.06  178.51     0.002000       1.2307    1.5066    0.5327
   23.04    6.83  -55.28     0.002000       1.0275    1.4906    0.6482
  -88.12    6.51  168.17     0.002000       1.0125    1.4987    0.6543
  123.41    6.37   -3.76     0.002000       1.0958    2.0563    0.4317
   12.20    4.12  -12.53     0.002000       1.0770    2.0481    0.4409
 -117.42   12.03  179.20     0.002000       1.1038    1.8314    0.4853
 -130.83   17.77  178.43     0.002000       1.1467    1.5662    0.5505
 -177.85    8.51 -175.90     0.002000       1.1214    1.9041    0.4577
 -155.73    9.92  174.07     0.002000       1.0836    1.9289    0.4681
 -157.97   14.19 -178.21     0.002000       1.1844    1.6366    0.5081
  -28.63   12.77   -5.17     0.002000       1.1091    1.8318    0.4828
  136.12   12.02  -54.03     0.002000       1.0797    1.3780    0.6684
  -75.55   16.00   55.96     0.002000       1.1311    1.2727    0.6917
   68.68    8.31 -108.51     0.002000       1.0386    1.4755    0.6480
  114.86   14.08    1.58     0.002000       1.1522    1.7136    0.4981
 -163.15   13.33 -178.96     0.002000       1.1871    1.6701    0.4962
   44.18   14.90    2.91     0.002000       1.1228    1.7340    0.5053
  -50.14   18.25  142.11     0.002000       1.2736    1.3412    0.5804
  -47.21    1.71  126.79     0.002000       1.0816    2.1012    0.4267
  -99.41   10.04  143.45     0.002000       1.0197    1.4334    0.6803
 -173.23   13.79  179.51     0.002000       1.1251    1.7324    0.5047
   27.02    5.97   18.36     0.002000       1.0809    2.0704    0.4345
  -98.94    6.65  168.41     0.002000       1.0634    2.0464    0.4477
   43.13   19.04    9.09     0.002000       1.1472    1.5253    0.5657
  127.47   21.68 -123.02     0.002000       1.1338    1.2703    0.6915
  -37.18   13.55   -4.58     0.002000       1.1129    1.7970    0.4911
 -112.04   17.56  102.05     0.002000       1.2938    1.3122    0.5840
  163.09   19.47  167.12     0.002000       1.1733    1.3787    0.6138
  -11.65   10.02  131.97     0.002000       1.0635    1.3716    0.6820
  134.45   21.70  -66.47     0.002000       1.2173    1.2542    0.6515
 -124.51   18.14 -167.93     0.002000       1.2009    1.4164    0.5827
 -146.54   17.93 -170.11     0.002000       1.1551    1.5153    0.5656
  161.53   19.00 -172.90     0.002000       1.1622    1.4473    0.5895
  178.34   21.12 -162.62     0.002000       1.1886    1.3386    0.6245
  100.25    9.24  -48.15     0.002000       1.0592    1.4083    0.6665
  -23.89    8.56   42.45     0.002000       1.0753    1.3025    0.7111
 -114.25   17.42  178.66     0.002000       1.1459    1.5866    0.5434
  129.40   21.01 -172.61     0.002000       1.1790    1.4181    0.5933
   24.03    5.28   -0.37     0.002000       1.0720    1.3065    0.7110
   17.21   10.91   76.12     0.002000       1.0191    1.3170    0.7425
   29.40    2.89   20.35     0.002000       1.0782    2.1043    0.4277
  162.39    2.40  -33.60     0.002000       1.0895    1.2996    0.7032
  140.56   16.46  -86.72     0.002000       1.1749    1.2344    0.6866
 -112.73   19.15 -161.83     0.002000       1.1950    1.3137    0.6331
   84.96   17.52    6.49     0.002000       1.0995    1.5107    0.5940
    6.73    8.78   -5.95     0.002000       1.0938    1.9625    0.4548
 -126.39   12.50  178.01     0.002000       1.1031    1.8147    0.4904
   39.83   12.53   -0.12     0.002000       1.0946    1.8642    0.4804
  115.57   17.18  -65.34     0.002000       1.1689    1.3452    0.6319
  -44.69    7.87  116.27     0.002000       1.0513    1.4419    0.6555
  140.89   17.80  -81.84     0.002000       1.2156    1.2277    0.6669
   89.96    0.00    0.00     0.002000       1.0403    2.1042    0.4435
   30.77    5.43   -3.94     0.002000       1.0892    2.0250    0.4413
   48.98   18.47   -5.69     0.002000       1.1857    1.4970    0.5576
  -84.05   18.04 -176.06     0.002000       1.2290    1.3239    0.6103
   61.77   16.79  -65.68     0.002000       1.1125    1.3926    0.6414
   44.38    7.33   -1.21     0.002000       1.0297    1.9504    0.4855
 -137.30   18.11 -169.94     0.002000       1.2204    1.3538    0.6008
  167.74   16.99  179.75     0.002000       1.2582    1.4220    0.5530
  162.81    6.78 -174.54     0.002000       1.0123    1.4966    0.6554
 -121.69   11.44 -177.62     0.002000       1.0243    1.7788    0.5381
  -37.79   14.46   -1.50     0.002000       1.1025    1.7836    0.4999
   93.30   19.10   10.12     0.002000       1.1475    1.5117    0.5708
    6.64   10.76   99.17     0.002000       1.1121    1.2767    0.7014
  -83.17   17.87  172.19     0.002000       1.1798    1.4991    0.5597
    8.34    4.78   11.23     0.002000       1.0542    2.0859    0.4423
 -157.91   14.36  173.83     0.002000       1.0713    1.6013    0.5739
  139.73   22.29  160.26     0.002000       1.2217    1.2608    0.6457
 -120.18    3.25 -176.12     0.002000       1.0388    1.4857    0.6433
   56.76    4.64  -20.24     0.002000       1.0766    2.0857    0.4327
 -132.88    1.69 -148.43     0.002000       1.0671    2.0611    0.4413
  -29.44   20.14    1.37     0.002000       1.1597    1.4837    0.5757
  157.14   18.90 -169.46     0.002000       1.2105    1.2711    0.6463
   40.75    5.41    6.28     0.002000       1.0573    2.0662    0.4454
   95.87   16.77   -1.79     0.002000       1.1248    1.6529    0.5307
  -96.70    4.37 -135.56     0.002000       1.0244    1.5087    0.6422
  150.51   18.70 -174.24     0.002000       1.1591    1.4793    0.5778
 -124.58   13.69 -179.38     0.002000       1.1546    1.7075    0.4990
   29.26    5.83  -30.07     0.002000       1.0203    1.5039    0.6469
 -179.15   16.67 -171.52     0.002000       1.1760    1.5596    0.5388
 -105.32   15.05   72.77     0.002000       1.1344    1.3782    0.6354
  170.55    7.15  -92.49     0.002000       1.0964    1.2749    0.7126
 -118.96    9.26  121.02     0.002000       1.0397    1.4622    0.6534
  152.23   18.64  -13.54     0.002000       1.2024    1.3941    0.5916
  -68.91   16.69 -179.54     0.002000       1.1675    1.5787    0.5357
  159.31   13.37  176.60     0.002000       1.0974    1.8096    0.4946
  -29.73   10.63    4.59     0.002000       1.1159    1.9237    0.4555
  -89.13   14.61 -179.76     0.002000       1.1983    1.6212    0.5071
  -43.92    7.46  178.76     0.002000       1.0526    1.9082    0.4856
  -82.70   11.28   42.46     0.002000       1.0320    1.4409    0.6685
  177.19    4.30 -100.85     0.002000       1.0971    1.3026    0.6967
  -68.52   19.25  167.70     0.002000       1.2047    1.3040    0.6327
   45.79   11.08   -0.54     0.002000       1.1154    1.8768    0.4676
  -64.95   15.52 -174.39     0.002000       1.1337    1.7012    0.5108
   38.71   20.94   14.57     0.002000       1.1891    1.3959    0.5977
 -126.67   14.03  178.71     0.002000       1.0168    1.6635    0.5820
  159.88    5.55 -169.22     0.002000       1.0544    1.9556    0.4724
   10.17    7.14  -27.07     0.002000       1.0654    1.3254    0.7051
  148.83    7.50 -177.73     0.002000       1.1138    1.9480    0.4497
 -136.65   18.61  142.02     0.002000       1.1915    1.2826    0.6507
  155.82    2.37 -165.15     0.002000       1.0222    1.5282    0.6350
   96.79    2.93   14.91     0.002000       1.0781    2.1124    0.4260
   12.94   12.30    9.01     0.002000       1.1134    1.8734    0.4697
   -6.37   12.33  139.86     0.002000       1.0192    1.3838    0.7057
   32.06   15.96   88.02     0.002000       1.1527    1.2497    0.6913
   71.71   14.07 -102.53     0.002000       1.0884    1.4218    0.6420
   30.75   17.27   63.21     0.002000       1.1475    1.3441    0.6445
  106.48   10.96    2.98     0.002000       1.1400    1.8399    0.4669
  125.27   20.97   -5.36     0.002000       1.2103    1.3820    0.5931
    1.43    9.50    2.29     0.002000       1.1209    1.9602    0.4442
   53.81    3.95   24.65     0.002000       1.0639    2.0345    0.4488
  -67.93   22.17  165.97     0.002000       1.1783    1.3420    0.6284
 -162.38    8.56 -175.89     0.002000       1.0980    1.9381    0.4591
  -77.46   19.24  172.63     0.002000       1.1428    1.5372    0.5633
  100.49    5.54   19.75     0.002000       1.0608    2.0831    0.4401
  102.76    7.06   -9.27     0.002000       1.0838    2.0514    0.4378
  -19.50   14.78   -4.89     0.002000       1.1559    1.7013    0.5003
  141.35   15.94 -104.24     0.002000       1.1276    1.3901    0.6338
   30.22   18.99   -4.64     0.002000       1.1352    1.5772    0.5522
  179.31   17.65  -50.32     0.002000       1.1799    1.3222    0.6371
  -34.14    4.65   69.83     0.002000       1.0996    1.2996    0.6966
  -61.93   12.91  167.92     0.002000       1.1074    1.8465    0.4797
 -153.42   16.09 -179.14     0.002000       1.2394    1.4828    0.5377
  127.99   17.73    3.43     0.002000       1.1469    1.5892    0.5420
   57.96    4.33  -22.21     0.002000       1.0669    2.0964    0.4344
  108.30   18.22 -125.84     0.002000       1.0802    1.3516    0.6816
   63.24    2.80  -19.81     0.002000       1.0758    2.1040    0.4288
  -17.73    2.56    5.17     0.002000       1.0352    2.0640    0.4548
   28.67   18.67   46.40     0.002000       1.2688    1.3215    0.5916
    3.42    3.19  -14.97     0.002000       1.0565    2.0269    0.4540
 -127.99   17.27  178.71     0.002000       1.1883    1.5289    0.5441
 -117.63   14.89 -172.26     0.002000       1.1112    1.7445    0.5077
  -27.10   11.67   -6.62     0.002000       1.1177    1.8545    0.4727
 -167.98   17.34  -63.74     0.002000       1.2369    1.3290    0.6037
  -59.42    8.02  176.04     0.002000       1.1099    1.9560    0.4494
  -85.91   19.93  174.70     0.002000       1.2053    1.4261    0.5766
   61.25   14.87   -2.18     0.002000       1.1579    1.7378    0.4885
  -80.93   18.60 -173.57     0.002000       1.2115    1.3590    0.6029
   88.47   19.29  -50.76     0.002000       1.2116    1.3455    0.6090
  142.66   16.64  -52.06     0.002000       1.1324    1.2927    0.6799
  139.25   10.57   -8.89     0.002000       1.0935    1.9367    0.4618
 -166.00    6.82  176.38     0.002000       1.1118    2.0125    0.4352
  -20.52   15.87   56.73     0.002000       1.1182    1.3180    0.6751
  148.60   19.35 -150.59     0.002000       1.1925    1.2849    0.6491
   21.03   10.90  -11.99     0.002000       1.0884    1.9400    0.4632
  -87.87    9.16 -173.75     0.002000       1.0736    1.9864    0.4579
   89.01   19.70 -129.02     0.002000       1.1592    1.3557    0.6323
   73.72    3.80   12.24     0.002000       1.0792    2.0548    0.4384
  -80.00   12.96 -179.85     0.002000       1.0208    1.7331    0.5550
  130.87   17.65   -0.84     0.002000       1.1902    1.5610    0.5316
   80.64   19.54  -34.54     0.002000       1.2066    1.3099    0.6286
    8.47   19.25    7.12     0.002000       1.1672    1.4803    0.5734
   48.31   18.14   -6.14     0.002000       1.1774    1.5317    0.5484
  -81.89   17.47   95.73     0.002000       1.2286    1.3328    0.6061
   37.69   12.52   85.79     0.002000       1.0294    1.3310    0.7270
    5.36   18.48  120.65     0.002000       1.2696    1.3207    0.5915
 -158.73   12.99  -91.86     0.002000       1.1529    1.2793    0.6748
   81.15   19.22   27.94     0.002000       1.2207    1.3497    0.6023
  161.10   15.41  174.48     0.002000       1.1116    1.7216    0.5146
  112.01    8.89    4.18     0.002000       1.1185    1.9219    0.4544
  164.23   17.01  -56.57     0.002000       1.1530    1.2597    0.6855
   38.47    6.87   -6.07     0.002000       1.0520    1.4130    0.6688
  159.78    5.82  179.95     0.002000       1.0880    2.0115    0.4451
 -113.19   19.28 -132.77     0.002000       1.1394    1.3498    0.6465
  102.31   20.11  -19.17     0.002000       1.1840    1.3038    0.6441
  147.88    6.13 -163.53     0.002000       1.0984    2.0441    0.4333
  164.44   18.64  171.08     0.002000       1.1781    1.4344    0.5866
 -116.46    9.58   81.46     0.002000       1.0641    1.4448    0.6461
   83.55   13.93    5.91     0.002000       1.1495    1.7840    0.4787
   78.31   19.34   -4.67     0.002000       1.1541    1.4918    0.5754
  160.73   14.57  -87.55     0.002000       1.0418    1.2835    0.7456
  -57.96   13.52  176.00     0.002000       1.1754    1.7038    0.4908
 -171.16    4.26 -157.00     0.002000       1.0429    1.4593    0.6527
 -170.39   17.78 -127.51     0.002000       1.1776    1.3041    0.6474
  -47.84   17.69  142.68     0.002000       1.2428    1.2464    0.6419
  -23.21    1.08   95.50     0.002000       1.0499    2.0766    0.4455
  -22.07   19.97  164.24     0.002000       1.1901    1.3619    0.6127
   99.45   15.23   -5.90     0.002000       1.1273    1.7341    0.5035
  -53.10    7.16  175.82     0.002000       1.1006    1.9835    0.4465
  100.57   16.54  -84.24     0.002000       1.0497    1.2731    0.7460
 -112.81   16.41 -175.79     0.002000       1.1252    1.6534    0.5303
    0.95    8.29   18.25     0.002000       1.0152    1.4814    0.6605
   20.82    1.56    3.98     0.002000       1.0559    2.0735    0.4438
 -156.70   14.55  -79.73     0.002000       1.1410    1.2491    0.6988
  -32.87   13.70   -8.90     0.002000       1.1481    1.7909    0.4773
   36.51   18.74  -54.25     0.002000       1.0773    1.3390    0.6901
  141.97   12.70 -177.17     0.002000       1.1038    1.8181    0.4891
 -113.77   12.93   85.92     0.002000       1.0967    1.4186    0.6384
 -114.98   18.32 -169.46     0.002000       1.1729    1.4747    0.5728
  -23.19   21.49    6.25     0.002000       1.1779    1.3931    0.6049
  171.65    8.94 -178.49     0.002000       1.1321    1.8832    0.4586
  142.15   13.75  179.91     0.002000       1.1836    1.6744    0.4964
  103.05    4.61    9.54     0.002000       1.0750    2.0556    0.4402
   83.97    2.34    9.93     0.002000       1.0373    2.0701    0.4524
   30.22   20.16   -7.86     0.002000       1.1711    1.4128    0.5996
  -31.14    7.36  159.21     0.002000       1.0814    2.0525    0.4386
  -46.38    5.51  166.44     0.002000       1.0549    2.0754    0.4444
  -80.86   18.86  171.96     0.002000       1.1936    1.3968    0.5951
   35.75   18.60  -11.92     0.002000       1.2742    1.3684    0.5681
  -98.73   11.02  177.78     0.002000       1.0870    1.9013    0.4738
    4.26    2.86    4.28     0.002000       1.0921    2.0891    0.4254
  -12.24   18.98   76.87     0.002000       1.0718    1.2655    0.7350
 -150.97   14.03 -169.90     0.002000       1.1468    1.7288    0.4962
   20.73    8.21  -39.73     0.002000       1.0535    1.4058    0.6714
  -44.70   13.70   89.55     0.002000       1.1006    1.4104    0.6400
  178.62   17.43  164.72     0.002000       1.3051    1.3095    0.5800
   20.48   23.13  147.59     0.002000       1.2115    1.2475    0.6583
    4.37    6.69  -18.73     0.002000       1.0668    2.0600    0.4429
  121.34    9.69    7.85     0.002000       1.0739    1.9650    0.4631
  171.83    3.85 -172.91     0.002000       1.0900    2.0274    0.4403
  -18.61   21.73    1.54     0.002000       1.2098    1.3502    0.6078
    1.20   14.36   78.40     0.002000       1.1051    1.3991    0.6426
   26.32   20.20   -8.77     0.002000       1.1688    1.4131    0.6007
 -163.33   17.41 -115.56     0.002000       1.1735    1.3664    0.6194
  -27.53   17.80    0.21     0.002000       1.2239    1.4853    0.5439
 -102.91   16.23 -176.07     0.002000       1.1420    1.6191    0.5338
  139.28    4.68 -100.69     0.002000       1.0932    1.2800    0.7118
  -89.24    7.13  179.03     0.002000       1.0717    2.0168    0.4510
  -15.60    4.86   42.14     0.002000       1.0403    1.4713    0.6488
  -64.66   16.66   48.80     0.002000       1.0562    1.3520    0.6972
 -147.24   11.53  -99.60     0.002000       1.1291    1.2760    0.6911
  120.94   16.81   -1.45     0.002000       1.1900    1.5632    0.5308
  159.38   14.89  -75.88     0.002000       1.1681    1.2608    0.6759
   42.43    6.93   -0.20     0.002000       1.0664    2.0325    0.4496
 -165.71   22.02  -31.71     0.002000       1.2004    1.2586    0.6586
  -26.58   11.14   73.22     0.002000       1.1020    1.2594    0.7179
 -137.06    1.44  160.30     0.002000       1.0512    2.0510    0.4507
 -157.20    7.67 -164.61     0.002000       1.0944    2.0072    0.4437
  119.05   19.20 -115.26     0.002000       1.0760    1.2825    0.7221
  109.24   12.01   -3.72     0.002000       1.1309    1.8621    0.4652
  111.19    6.53   10.03     0.002000       1.0594    1.3588    0.6913
    7.55   16.21   93.94     0.002000       1.1657    1.2516    0.6824
   96.17   11.28    2.76     0.002000       1.1071    1.8735    0.4722
   59.62   13.42    1.70     0.002000       1.1401    1.7627    0.4887
 -128.28    1.09  103.10     0.002000       1.0560    2.1036    0.4369
