          Evm          Svm          E11          E22          E33          E23          E13          E12             SDEV11       SDEV22       SDEV33       SDEV23       SDEV13       SDEV12      TEMP      TIME    TAYLAV      WORKAV      WRATE1      WRATE2 
  0.00000E+00  0.38753E+01     0.00000E+00  0.00000E+00  0.00000E+00  0.00000E+00  0.00000E+00  0.00000E+00     0.13012E+01  0.12780E+01 -0.25791E+01  0.81829E-01 -0.99352E-01  0.19487E-01      298.      0.00     7.903  0.4376E-01  0.3874E+01  0.2188E+01
  0.19966E-01  0.42353E+01     0.10000E-01  0.10000E-01 -0.20000E-01  0.00000E+00  0.00000E+00  0.00000E+00     0.14231E+01  0.13952E+01 -0.28183E+01  0.95919E-01 -0.11127E+00  0.22368E-01      298.      0.02     8.632  0.9180E-01  0.4229E+01  0.2402E+01
  0.39929E-01  0.45769E+01     0.20000E-01  0.20000E-01 -0.40000E-01  0.00000E+00  0.00000E+00  0.00000E+00     0.15400E+01  0.15054E+01 -0.30454E+01  0.10731E+00 -0.12028E+00  0.25467E-01      298.      0.04     9.328  0.1437E+00  0.4570E+01  0.2593E+01
  0.59890E-01  0.49078E+01     0.30000E-01  0.30000E-01 -0.60000E-01  0.00000E+00  0.00000E+00  0.00000E+00     0.16544E+01  0.16112E+01 -0.32656E+01  0.11648E+00 -0.12675E+00  0.28613E-01      298.      0.06    10.002  0.1990E+00  0.4900E+01  0.2769E+01
  0.79851E-01  0.52347E+01     0.40000E-01  0.40000E-01 -0.80000E-01  0.00000E+00  0.00000E+00  0.00000E+00     0.17681E+01  0.17152E+01 -0.34833E+01  0.12351E+00 -0.13067E+00  0.31800E-01      298.      0.08    10.670  0.2578E+00  0.5228E+01  0.2936E+01
  0.99814E-01  0.55620E+01     0.50000E-01  0.50000E-01 -0.10000E+00  0.00000E+00  0.00000E+00  0.00000E+00     0.18824E+01  0.18191E+01 -0.37015E+01  0.12840E+00 -0.13205E+00  0.35004E-01      298.      0.10    11.339  0.3197E+00  0.5556E+01  0.3100E+01
  0.11978E+00  0.58932E+01     0.60000E-01  0.60000E-01 -0.12000E+00  0.00000E+00  0.00000E+00  0.00000E+00     0.19983E+01  0.19242E+01 -0.39225E+01  0.13119E+00 -0.13098E+00  0.38164E-01      298.      0.12    12.017  0.3850E+00  0.5889E+01  0.3263E+01
  0.13975E+00  0.62313E+01     0.70000E-01  0.70000E-01 -0.14000E+00  0.00000E+00  0.00000E+00  0.00000E+00     0.21164E+01  0.20318E+01 -0.41482E+01  0.13203E+00 -0.12770E+00  0.41187E-01      298.      0.14    12.711  0.4536E+00  0.6230E+01  0.3431E+01
  0.15972E+00  0.65789E+01     0.80000E-01  0.80000E-01 -0.16000E+00  0.00000E+00  0.00000E+00  0.00000E+00     0.22376E+01  0.21427E+01 -0.43804E+01  0.13116E+00 -0.12256E+00  0.43949E-01      298.      0.16    13.424  0.5257E+00  0.6580E+01  0.3604E+01
  0.17969E+00  0.69390E+01     0.90000E-01  0.90000E-01 -0.18000E+00  0.00000E+00  0.00000E+00  0.00000E+00     0.23628E+01  0.22581E+01 -0.46210E+01  0.12896E+00 -0.11602E+00  0.46342E-01      298.      0.18    14.157  0.6014E+00  0.6938E+01  0.3783E+01
  0.19967E+00  0.73118E+01     0.10000E+00  0.10000E+00 -0.20000E+00  0.00000E+00  0.00000E+00  0.00000E+00     0.24919E+01  0.23781E+01 -0.48700E+01  0.12586E+00 -0.10862E+00  0.48198E-01      298.      0.20    14.922  0.6809E+00  0.7313E+01  0.3975E+01
  0.21965E+00  0.77001E+01     0.11000E+00  0.11000E+00 -0.22000E+00  0.00000E+00  0.00000E+00  0.00000E+00     0.26259E+01  0.25034E+01 -0.51293E+01  0.12244E+00 -0.10093E+00  0.49478E-01      298.      0.22    15.718  0.7645E+00  0.7704E+01  0.4181E+01
  0.23964E+00  0.81234E+01     0.12000E+00  0.12000E+00 -0.24000E+00  0.00000E+00  0.00000E+00  0.00000E+00     0.27718E+01  0.26401E+01 -0.54119E+01  0.11959E+00 -0.93367E-01  0.50343E-01      298.      0.24    16.567  0.8527E+00  0.8121E+01  0.4410E+01
  0.25962E+00  0.85455E+01     0.13000E+00  0.13000E+00 -0.26000E+00  0.00000E+00  0.00000E+00  0.00000E+00     0.29166E+01  0.27771E+01 -0.56936E+01  0.11722E+00 -0.86518E-01  0.50613E-01      298.      0.26    17.432  0.9456E+00  0.8546E+01  0.4646E+01
  0.27961E+00  0.89936E+01     0.14000E+00  0.14000E+00 -0.28000E+00  0.00000E+00  0.00000E+00  0.00000E+00     0.30698E+01  0.29228E+01 -0.59926E+01  0.11613E+00 -0.80620E-01  0.50709E-01      298.      0.28    18.336  0.1044E+01  0.8985E+01  0.4900E+01
  0.29960E+00  0.94431E+01     0.15000E+00  0.15000E+00 -0.30000E+00  0.00000E+00  0.00000E+00  0.00000E+00     0.32231E+01  0.30693E+01 -0.62925E+01  0.11610E+00 -0.75614E-01  0.50850E-01      298.      0.30    19.282  0.1147E+01  0.9455E+01  0.5178E+01
  0.31959E+00  0.99303E+01     0.16000E+00  0.16000E+00 -0.32000E+00  0.00000E+00  0.00000E+00  0.00000E+00     0.33892E+01  0.32282E+01 -0.66174E+01  0.11754E+00 -0.71303E-01  0.51591E-01      298.      0.32    20.274  0.1257E+01  0.9940E+01  0.5477E+01
  0.33958E+00  0.10439E+02     0.17000E+00  0.17000E+00 -0.34000E+00  0.00000E+00  0.00000E+00  0.00000E+00     0.35623E+01  0.33946E+01 -0.69569E+01  0.11986E+00 -0.67407E-01  0.53171E-01      298.      0.34    21.310  0.1373E+01  0.1045E+02  0.5801E+01
  0.35957E+00  0.10967E+02     0.18000E+00  0.18000E+00 -0.36000E+00  0.00000E+00  0.00000E+00  0.00000E+00     0.37411E+01  0.35672E+01 -0.73083E+01  0.12240E+00 -0.63489E-01  0.55774E-01      298.      0.36    22.385  0.1496E+01  0.1097E+02  0.6148E+01
  0.37957E+00  0.11521E+02     0.19000E+00  0.19000E+00 -0.38000E+00  0.00000E+00  0.00000E+00  0.00000E+00     0.39288E+01  0.37493E+01 -0.76781E+01  0.12458E+00 -0.59201E-01  0.59366E-01      298.      0.38    23.512  0.1626E+01  0.1152E+02  0.6525E+01
  0.39956E+00  0.12100E+02     0.20000E+00  0.20000E+00 -0.40000E+00  0.00000E+00  0.00000E+00  0.00000E+00     0.41240E+01  0.39398E+01 -0.80639E+01  0.12568E+00 -0.54204E-01  0.63651E-01      298.      0.40    24.686  0.1765E+01  0.1210E+02  0.6931E+01
  0.41955E+00  0.12703E+02     0.21000E+00  0.21000E+00 -0.42000E+00  0.00000E+00  0.00000E+00  0.00000E+00     0.43271E+01  0.41390E+01 -0.84661E+01  0.12519E+00 -0.48404E-01  0.68150E-01      298.      0.42    25.909  0.1912E+01  0.1269E+02  0.7370E+01
  0.43955E+00  0.13332E+02     0.22000E+00  0.22000E+00 -0.44000E+00  0.00000E+00  0.00000E+00  0.00000E+00     0.45384E+01  0.43471E+01 -0.88855E+01  0.12293E+00 -0.41971E-01  0.72360E-01      298.      0.44    27.183  0.2069E+01  0.1331E+02  0.7844E+01
  0.45954E+00  0.13965E+02     0.23000E+00  0.23000E+00 -0.46000E+00  0.00000E+00  0.00000E+00  0.00000E+00     0.47506E+01  0.45569E+01 -0.93075E+01  0.11882E+00 -0.35332E-01  0.75760E-01      298.      0.46    28.510  0.2236E+01  0.1397E+02  0.8362E+01
  0.47954E+00  0.14645E+02     0.24000E+00  0.24000E+00 -0.48000E+00  0.00000E+00  0.00000E+00  0.00000E+00     0.49786E+01  0.47824E+01 -0.97610E+01  0.11365E+00 -0.28857E-01  0.78589E-01      298.      0.48    29.892  0.2415E+01  0.1465E+02  0.8915E+01
  0.49953E+00  0.15349E+02     0.25000E+00  0.25000E+00 -0.50000E+00  0.00000E+00  0.00000E+00  0.00000E+00     0.52149E+01  0.50159E+01 -0.10231E+02  0.10776E+00 -0.22995E-01  0.80910E-01      298.      0.50    31.326  0.2605E+01  0.1535E+02  0.9509E+01
