TEXTURE AT STRAIN =    0.5000
   1.283   1.283   0.603  <-- length of average ellipsoid axes for phase
   31.68    0.00    0.00  <-- Euler angles of average ellipsoid axes for phase
B       500
   88.31  113.27    8.99   0.0020000
  -97.45   20.23   25.63   0.0020000
 -158.41   37.24    9.06   0.0020000
  150.99   86.72   10.45   0.0020000
  146.07   81.01    3.89   0.0020000
   58.40    8.42 -164.92   0.0020000
    7.01   83.49   -9.38   0.0020000
 -141.00  132.03   -1.87   0.0020000
  -68.34   58.70  166.61   0.0020000
  -99.29  127.16 -172.85   0.0020000
   15.09  160.97  -15.93   0.0020000
   98.71  176.83  141.75   0.0020000
   57.75   70.69   10.85   0.0020000
   34.39  104.49  175.12   0.0020000
   61.94  105.40   -4.92   0.0020000
  -89.97   83.07  176.48   0.0020000
  121.77   36.06 -177.57   0.0020000
   93.31   74.04    2.68   0.0020000
   93.23   69.44 -173.35   0.0020000
  -94.50   56.28  177.72   0.0020000
 -127.12  109.75   -6.05   0.0020000
   -4.23  169.40 -128.17   0.0020000
  -37.45   20.25    8.14   0.0020000
 -146.35   40.30 -171.91   0.0020000
  133.53   86.11   18.28   0.0020000
  117.89  103.38  -15.92   0.0020000
  -60.27   96.75  -42.36   0.0020000
  -15.40   72.29  177.90   0.0020000
  -86.19   90.16 -144.43   0.0020000
  -13.60  118.57   -7.31   0.0020000
  131.14   74.51   23.24   0.0020000
  -10.08   54.34   -8.34   0.0020000
 -150.74  142.26  156.80   0.0020000
  -60.07   47.68 -148.74   0.0020000
  -71.23  137.64 -167.35   0.0020000
   60.34   41.27 -156.62   0.0020000
  -10.35  133.11 -172.21   0.0020000
 -109.93   72.47 -178.83   0.0020000
 -111.98  107.97  159.25   0.0020000
   49.27   32.49   54.69   0.0020000
 -157.66  149.17   22.62   0.0020000
   95.37   43.82  128.32   0.0020000
  168.47   78.70 -175.24   0.0020000
  -86.87   48.66  167.47   0.0020000
 -162.79   29.31 -144.47   0.0020000
 -153.13   90.11 -169.26   0.0020000
  -82.80   67.23    1.80   0.0020000
  124.78   76.20  166.77   0.0020000
  -26.32   65.97 -177.43   0.0020000
  -52.97   62.37 -178.27   0.0020000
 -112.24   12.72  -31.45   0.0020000
  -59.05   94.61  172.87   0.0020000
   20.60  114.85 -168.18   0.0020000
 -154.98  142.66   -5.98   0.0020000
   93.42   58.66 -168.44   0.0020000
  -85.79  105.49   -4.22   0.0020000
  106.99  134.98  -25.18   0.0020000
    8.35   60.85    3.62   0.0020000
  -79.49   11.10   -7.46   0.0020000
   45.91   88.78  153.94   0.0020000
  148.71   27.67   -1.11   0.0020000
   -8.15  102.98  172.76   0.0020000
  -94.01   72.78 -167.50   0.0020000
 -152.89  171.66  -24.89   0.0020000
  -44.61   77.69 -168.04   0.0020000
 -174.92   63.87 -169.74   0.0020000
  -16.40  132.56 -174.50   0.0020000
   18.54  120.64 -170.11   0.0020000
 -122.49    9.54   77.18   0.0020000
 -118.41   70.82 -171.32   0.0020000
   30.44   83.32    7.10   0.0020000
   -3.03   98.47  175.70   0.0020000
   75.39   33.04  174.14   0.0020000
 -119.17   88.60  -15.03   0.0020000
   93.05  167.54  158.57   0.0020000
  -80.78  152.35    2.87   0.0020000
  -29.87  124.74 -177.00   0.0020000
 -166.98   44.54   10.99   0.0020000
  151.04   21.88   64.72   0.0020000
  -28.61  138.84    8.74   0.0020000
  169.88   73.51  177.06   0.0020000
   62.73   45.19  178.88   0.0020000
  -16.51  166.94  147.34   0.0020000
  -54.22  101.78 -176.34   0.0020000
   65.67    4.33   22.40   0.0020000
  158.60   77.92 -176.54   0.0020000
  174.95   86.95  169.26   0.0020000
   55.26   90.45  154.02   0.0020000
   -9.81  128.79   16.45   0.0020000
    4.80   70.46  -14.56   0.0020000
  170.30   55.78    1.54   0.0020000
  113.98   51.68    3.24   0.0020000
   94.32   83.06  176.40   0.0020000
    3.13  134.64 -167.55   0.0020000
  -51.88   94.98   -2.65   0.0020000
  154.56  143.17 -168.76   0.0020000
  152.66  142.84  165.29   0.0020000
   64.23   73.35  -18.69   0.0020000
  117.06  119.15  -15.30   0.0020000
 -165.94   76.86   23.65   0.0020000
   59.80   70.85  -10.39   0.0020000
 -165.07   57.00   46.67   0.0020000
  149.89   66.20    6.96   0.0020000
 -162.49  150.17  160.11   0.0020000
   38.79  128.49   86.36   0.0020000
  123.57   90.79  -12.67   0.0020000
   59.81   50.18    2.25   0.0020000
  -61.04   54.06  168.85   0.0020000
  -22.14  130.25 -163.30   0.0020000
  -14.00   78.12 -160.56   0.0020000
   39.46   22.22 -157.37   0.0020000
   31.78  140.79   27.10   0.0020000
  -60.62  119.86  166.92   0.0020000
 -126.24   70.88 -172.83   0.0020000
   89.68  135.42 -145.87   0.0020000
  152.28  121.12   -7.93   0.0020000
   89.75   71.09    8.50   0.0020000
 -100.21   39.52  -13.97   0.0020000
 -152.88  104.62    3.77   0.0020000
   40.66  116.67   -0.90   0.0020000
   -4.69   23.39  -11.41   0.0020000
   13.45  135.53   91.15   0.0020000
   63.10   71.50  179.33   0.0020000
 -110.79   65.45  171.69   0.0020000
  174.23  133.27    5.80   0.0020000
   68.94  116.03    2.12   0.0020000
   84.81   74.01  -64.89   0.0020000
 -140.76  137.25  -13.75   0.0020000
 -137.21   53.39 -167.58   0.0020000
  -47.93  173.85 -121.15   0.0020000
    8.53   83.15    2.14   0.0020000
 -120.41   99.56  164.06   0.0020000
   26.67  117.27 -145.41   0.0020000
 -116.82   22.86  -34.07   0.0020000
 -171.40  113.20 -175.50   0.0020000
  -76.63  109.57   -8.92   0.0020000
  -79.64   17.98   85.78   0.0020000
  161.06   84.30  171.87   0.0020000
  -75.12   84.61    4.81   0.0020000
   45.63  111.76  174.56   0.0020000
  -16.58  152.32  164.15   0.0020000
  149.68  164.37  135.36   0.0020000
 -177.14   20.06   90.95   0.0020000
  111.99   15.80   26.66   0.0020000
 -179.26  149.45   50.37   0.0020000
  133.06  106.94   10.80   0.0020000
  106.07   32.51  152.24   0.0020000
   95.21   90.44  155.57   0.0020000
   29.35   95.84  -89.96   0.0020000
   76.85   69.61  166.07   0.0020000
  164.27  136.54   17.41   0.0020000
  -33.89  113.42  -12.06   0.0020000
   68.36   78.08    3.88   0.0020000
 -104.84   65.63   19.25   0.0020000
  -92.51   80.99 -157.60   0.0020000
  140.71  125.38  177.50   0.0020000
  -77.47  158.56  -32.81   0.0020000
    8.58  131.83    4.21   0.0020000
  147.46  107.92   33.49   0.0020000
  172.30   89.07 -171.26   0.0020000
   -7.20  151.22   33.41   0.0020000
  123.83   69.22 -179.70   0.0020000
 -129.15  104.80    9.08   0.0020000
 -165.41  126.10 -170.32   0.0020000
  103.56   60.40   18.87   0.0020000
   32.31  115.95   11.64   0.0020000
  -65.64   40.80  170.64   0.0020000
   67.52   23.12  174.24   0.0020000
  103.75   90.40  177.92   0.0020000
  104.67   69.53  173.33   0.0020000
  -51.50  116.27 -160.65   0.0020000
  -25.49  135.71   -4.63   0.0020000
 -172.91   51.68 -179.45   0.0020000
 -103.73   90.87   -8.09   0.0020000
 -108.29  116.37    3.54   0.0020000
  144.38   94.68   -9.41   0.0020000
 -179.08  113.85  167.34   0.0020000
 -164.73  108.08 -176.75   0.0020000
 -101.10  113.23  -19.32   0.0020000
   99.77   20.81  -74.43   0.0020000
    3.45   14.40   54.31   0.0020000
  114.17   87.54 -175.73   0.0020000
 -100.67  146.57  148.48   0.0020000
  -81.00   57.33 -166.26   0.0020000
  150.08  128.21  161.96   0.0020000
  139.48   65.53    4.32   0.0020000
  177.45   73.96 -173.72   0.0020000
   17.50  120.47   22.23   0.0020000
 -166.76   98.55 -171.51   0.0020000
  132.67   71.83  -23.02   0.0020000
 -179.57   34.23  -30.95   0.0020000
  116.70   47.48  -13.43   0.0020000
  -46.66  121.68   -7.01   0.0020000
  -77.55   88.65   46.26   0.0020000
  -58.05   87.28  171.23   0.0020000
   72.39   98.35   -0.61   0.0020000
  143.07  132.09 -177.53   0.0020000
   -4.63  174.98   37.48   0.0020000
   43.05  127.75 -175.16   0.0020000
  -99.53   66.82    3.36   0.0020000
  102.21  123.37  178.78   0.0020000
    1.77  119.74    8.15   0.0020000
   11.82  110.54 -165.13   0.0020000
  122.06   46.90 -140.71   0.0020000
  -29.53   98.32   -3.87   0.0020000
   33.18   73.09  -18.45   0.0020000
  140.45  120.99   -1.09   0.0020000
 -100.82  101.26   -0.09   0.0020000
  109.19   10.63   38.48   0.0020000
  -39.13  135.48  -16.31   0.0020000
  -47.24   22.72 -141.08   0.0020000
 -150.74   58.66    1.64   0.0020000
  -89.75  145.68 -170.56   0.0020000
   25.41   86.46  177.42   0.0020000
   -1.94  161.06 -178.68   0.0020000
  102.88   88.76  -15.16   0.0020000
    8.45  110.94 -168.21   0.0020000
   33.74   42.91 -174.45   0.0020000
   21.84   79.65 -174.76   0.0020000
 -158.77   76.85  177.10   0.0020000
  108.35  136.11   -6.70   0.0020000
 -160.43   86.95    5.55   0.0020000
 -152.22   71.01 -169.30   0.0020000
   -6.83  141.72  -15.45   0.0020000
  -44.78   86.17  176.66   0.0020000
  139.16   80.36 -172.09   0.0020000
  -31.20  103.69 -179.18   0.0020000
  -14.88   80.79    5.01   0.0020000
 -105.03   51.62 -174.19   0.0020000
 -147.66   81.56  -93.74   0.0020000
  -52.44   37.16 -123.09   0.0020000
  -10.54   83.92    4.88   0.0020000
  127.67  174.73   49.04   0.0020000
  166.27   44.89   19.75   0.0020000
 -156.55  134.89  173.13   0.0020000
 -142.84  109.40  146.37   0.0020000
  145.57  118.48 -152.02   0.0020000
 -111.87   95.28  173.57   0.0020000
   79.40   63.61 -153.49   0.0020000
 -133.65   88.99 -176.48   0.0020000
   21.74   84.12   -1.45   0.0020000
   54.29   13.40  -96.67   0.0020000
  -40.05  147.55   14.17   0.0020000
  -57.04  174.20  -82.40   0.0020000
  -32.14   35.20  -94.53   0.0020000
  -94.02  134.68   22.88   0.0020000
 -130.00  100.15 -172.63   0.0020000
   80.44  125.86 -172.15   0.0020000
 -134.94  124.11   14.53   0.0020000
  -76.14   98.57  178.04   0.0020000
  -95.34  153.79   91.71   0.0020000
  119.15   25.90  -89.39   0.0020000
  -91.22   76.40 -178.41   0.0020000
  -39.49   76.32  178.33   0.0020000
  -28.65   41.61  163.11   0.0020000
  174.31   48.70    7.43   0.0020000
  -91.47  114.72 -179.63   0.0020000
   19.01  104.57    9.56   0.0020000
   46.52  135.43  -12.17   0.0020000
  109.71  106.82 -166.93   0.0020000
 -119.61   78.20 -177.06   0.0020000
  -89.69   84.41  -29.58   0.0020000
  -75.99  150.76   16.92   0.0020000
  108.84   18.13  145.63   0.0020000
 -107.64  123.32  177.12   0.0020000
  -47.64   47.05  -12.26   0.0020000
  -31.51  126.77    1.73   0.0020000
 -101.46  131.04    0.80   0.0020000
 -150.56   90.89  -16.04   0.0020000
  -78.67  122.77 -157.24   0.0020000
  -30.37  112.77  166.35   0.0020000
  160.41  149.12 -162.41   0.0020000
  -92.60  124.40  -18.18   0.0020000
  -74.31  105.83  165.27   0.0020000
  -68.67  122.23  167.44   0.0020000
   34.41  145.96  -21.64   0.0020000
 -108.24  111.94   -3.78   0.0020000
 -177.49  103.75    4.20   0.0020000
  142.36  125.37  177.76   0.0020000
   28.47  121.29   12.44   0.0020000
  -84.76  131.72  -14.85   0.0020000
  136.32   66.90  -11.16   0.0020000
 -134.39  128.80 -172.13   0.0020000
   67.54   22.06  101.12   0.0020000
 -139.14  135.77 -177.33   0.0020000
  -83.57  112.71  -12.33   0.0020000
   75.06  160.42  118.10   0.0020000
  155.25   74.11   17.46   0.0020000
  -41.75  104.30 -172.42   0.0020000
   21.22   29.33 -172.20   0.0020000
 -109.63  145.42   20.12   0.0020000
  -15.23   53.10  171.85   0.0020000
   71.25   77.29 -173.20   0.0020000
  -65.02   70.39    1.98   0.0020000
 -160.50  171.62  -33.29   0.0020000
  -38.67   65.94  171.74   0.0020000
  130.88  101.69 -171.50   0.0020000
 -105.70   74.71  172.26   0.0020000
 -110.70  147.57  168.52   0.0020000
 -134.32  112.78  177.15   0.0020000
   24.65   77.13   -2.33   0.0020000
   -3.48   32.34  162.91   0.0020000
   22.44   15.84   24.96   0.0020000
 -155.94  101.03    0.58   0.0020000
  -80.17  170.86    7.34   0.0020000
  -40.01   91.49 -160.33   0.0020000
  -50.63   86.35  178.19   0.0020000
 -121.58   81.90  175.83   0.0020000
  163.73   98.61 -174.02   0.0020000
  -99.74  128.61   83.78   0.0020000
   68.42  142.35  155.27   0.0020000
  -40.03  110.43  166.87   0.0020000
  153.86   30.76  155.88   0.0020000
 -145.33  117.58  174.75   0.0020000
 -113.48   63.18 -177.64   0.0020000
   60.02   97.37 -175.31   0.0020000
   -5.62   77.17   24.07   0.0020000
  -83.39   44.00   25.72   0.0020000
  -48.56   85.18 -173.10   0.0020000
 -170.78   91.11    5.74   0.0020000
   -8.28  131.75    4.54   0.0020000
  120.15   69.06 -144.08   0.0020000
  -38.75   86.52  173.53   0.0020000
   80.62  125.36 -170.30   0.0020000
  -10.86   48.41 -179.75   0.0020000
  -33.57   84.48 -138.95   0.0020000
   26.05  152.44  155.91   0.0020000
   10.06  104.10    7.60   0.0020000
  107.37   85.92   -2.15   0.0020000
  177.13   83.92    7.70   0.0020000
  -65.79  105.31   19.15   0.0020000
   52.75  128.59  -67.63   0.0020000
   68.41  168.43   25.23   0.0020000
 -116.46   64.37   -1.35   0.0020000
    7.42  159.11   62.88   0.0020000
 -123.71   26.73  109.53   0.0020000
   39.02  150.12  165.43   0.0020000
   74.88   98.60 -174.47   0.0020000
  -37.33  111.66 -160.73   0.0020000
 -174.56  107.80   -9.60   0.0020000
  128.46   54.54    2.84   0.0020000
   60.97  108.55 -171.83   0.0020000
  126.13   40.21   17.34   0.0020000
   -0.53  127.98    1.34   0.0020000
  100.83   95.42    8.68   0.0020000
  158.20  119.11 -174.64   0.0020000
   73.87   84.67    2.61   0.0020000
 -178.38  128.74    3.57   0.0020000
   68.02   66.54 -172.34   0.0020000
 -162.20  115.49    9.98   0.0020000
   94.51  154.12 -152.13   0.0020000
 -113.68   93.86   12.70   0.0020000
   -6.30  127.92  167.32   0.0020000
   75.36  128.67 -135.09   0.0020000
  144.08   45.34 -175.89   0.0020000
 -104.15   90.92  177.77   0.0020000
   12.04   97.96   -5.62   0.0020000
  -64.54   39.28   20.51   0.0020000
 -147.86   97.87    9.67   0.0020000
  -69.75   35.83 -170.04   0.0020000
  149.50   81.23  132.89   0.0020000
  -74.80  125.79   38.88   0.0020000
  161.61  103.92  178.93   0.0020000
 -132.57  129.95  -20.57   0.0020000
  142.40   71.91 -174.14   0.0020000
  171.32  123.98   -0.33   0.0020000
   21.71   90.81 -160.55   0.0020000
  113.61   82.63  168.19   0.0020000
  -48.78  141.94    2.15   0.0020000
  -50.18   96.63 -176.96   0.0020000
  152.86  126.62   -3.70   0.0020000
  108.01   65.02  175.78   0.0020000
 -148.37   48.16  -17.18   0.0020000
 -107.31    8.64  -43.80   0.0020000
    8.44  166.51  -85.49   0.0020000
   53.59   29.99  -68.52   0.0020000
 -145.44  157.30 -164.78   0.0020000
  -44.81   37.51  -25.39   0.0020000
   29.18   21.86  -21.93   0.0020000
  -13.95   25.07   46.69   0.0020000
 -116.15   18.12  -62.13   0.0020000
   48.03  140.18  163.90   0.0020000
 -140.60  128.35  174.78   0.0020000
  137.81   25.12  161.12   0.0020000
  -79.29  112.84   -5.99   0.0020000
   35.60   91.52  178.19   0.0020000
   14.21  100.32  -11.84   0.0020000
  114.53   55.28 -169.24   0.0020000
 -159.99  146.05  164.45   0.0020000
  122.87   98.25  161.08   0.0020000
  173.74  140.91  175.28   0.0020000
  132.54   92.60  -19.82   0.0020000
 -110.41  106.60  -27.83   0.0020000
  116.47   58.28  173.52   0.0020000
   59.67   56.55   33.05   0.0020000
  162.31  140.60 -166.23   0.0020000
  -51.61  158.91  -31.20   0.0020000
 -143.34   38.17 -159.42   0.0020000
  106.06   59.64    7.14   0.0020000
   43.07   46.34  -21.13   0.0020000
   42.26    9.45  -46.25   0.0020000
 -131.03    9.69   99.66   0.0020000
 -164.38   93.59    6.07   0.0020000
 -164.10   45.74   -6.99   0.0020000
   66.18   73.98 -175.50   0.0020000
 -141.55   99.14  -13.42   0.0020000
 -172.80  164.15  -93.10   0.0020000
 -131.58  109.25 -176.23   0.0020000
 -127.12   72.09  174.40   0.0020000
  -83.18   77.76   13.44   0.0020000
 -168.80  104.92   15.08   0.0020000
  161.43  137.07   -6.23   0.0020000
  -19.09   52.66 -155.61   0.0020000
    7.72   87.27 -136.32   0.0020000
  126.83  172.08  -93.28   0.0020000
    1.49   67.40 -174.51   0.0020000
  -75.10   99.22    6.92   0.0020000
  -49.58   84.68 -172.72   0.0020000
 -173.35   56.19 -173.35   0.0020000
   -8.75  178.17 -132.60   0.0020000
   94.47  123.26  173.45   0.0020000
  109.38   89.58 -175.95   0.0020000
  -12.87  116.73 -173.70   0.0020000
   94.90  157.50 -151.79   0.0020000
   15.21   52.29   18.35   0.0020000
 -101.13  101.75  175.39   0.0020000
 -149.58  109.00   -1.08   0.0020000
 -132.22  137.97  -26.37   0.0020000
  -46.14  140.71  172.10   0.0020000
   17.38   75.00    5.39   0.0020000
 -178.22  162.47  106.56   0.0020000
   78.25   69.82 -171.99   0.0020000
  149.47  120.69 -175.94   0.0020000
  -81.31   10.38  -99.47   0.0020000
  164.95  101.83   -7.17   0.0020000
   64.89   16.28 -170.61   0.0020000
   36.51   52.23  166.32   0.0020000
 -147.11   65.30   -1.45   0.0020000
  -91.84   68.22  174.34   0.0020000
 -147.15   86.90    4.67   0.0020000
  120.25  146.27  133.34   0.0020000
   57.56   98.97   -5.83   0.0020000
    1.91   81.83    9.84   0.0020000
   22.38  126.06  160.20   0.0020000
   20.04  163.75 -172.43   0.0020000
  -43.53  151.29  159.29   0.0020000
 -160.26   47.13 -177.84   0.0020000
  103.88  118.60  -24.95   0.0020000
  -67.67   98.67  175.83   0.0020000
  123.23   10.90  105.22   0.0020000
  155.00   37.00   -4.43   0.0020000
   56.55  113.06   13.09   0.0020000
  152.87   56.04    4.94   0.0020000
  163.82   97.77 -172.35   0.0020000
 -134.16   30.46 -167.83   0.0020000
   96.70  131.27 -160.64   0.0020000
 -119.02   50.95  -13.75   0.0020000
 -133.55   40.86  151.03   0.0020000
  172.20   65.00   29.14   0.0020000
  -58.62   73.23 -173.49   0.0020000
   36.10   97.96  163.94   0.0020000
 -155.34   68.74   19.17   0.0020000
   -0.48   96.82   -6.67   0.0020000
  -43.63  130.78    8.23   0.0020000
   15.23   30.67  153.14   0.0020000
   10.70  160.35   91.97   0.0020000
 -116.75   20.50 -173.03   0.0020000
  -49.88   84.58  169.34   0.0020000
  -20.88   68.81    1.63   0.0020000
   41.26  123.45  175.78   0.0020000
  -95.90  125.88   -8.36   0.0020000
  119.83   16.45  165.03   0.0020000
  -60.56  156.05 -134.25   0.0020000
   42.54  109.35 -164.85   0.0020000
 -106.43  128.04  -24.49   0.0020000
   45.24  169.62  148.36   0.0020000
  -97.90  119.65    3.78   0.0020000
  -64.73   74.83    6.43   0.0020000
  -89.70  131.86   -7.06   0.0020000
 -135.62   43.95 -168.85   0.0020000
  -12.80   68.60  169.72   0.0020000
   36.71   85.76    1.78   0.0020000
 -175.07  113.65 -162.19   0.0020000
   28.07   63.78   -2.07   0.0020000
  172.19   36.35 -174.51   0.0020000
  112.02   86.56 -176.34   0.0020000
 -130.69   41.46  166.81   0.0020000
  -99.33   85.83  175.82   0.0020000
  126.69  113.41  162.02   0.0020000
  118.73  161.43 -162.92   0.0020000
 -128.01   99.24    2.59   0.0020000
 -112.02   33.82   50.54   0.0020000
   68.82   18.07   60.76   0.0020000
 -168.74  151.37   -5.83   0.0020000
 -165.01   91.82  -11.51   0.0020000
  -57.10  105.17    0.33   0.0020000
  105.19   84.87   -3.22   0.0020000
   12.33  118.34   14.55   0.0020000
  -26.73  120.20   12.79   0.0020000
 -118.13   96.99  -22.88   0.0020000
