          Evm          Svm          E11          E22          E33          E23          E13          E12             SCAU11       SCAU22       SCAU33       SCAU23       SCAU13       SCAU12      TEMP      TIME    TAYLAV      WORKAV
  0.00000E+00  0.18867E+03     0.00000E+00  0.00000E+00  0.00000E+00  0.00000E+00  0.00000E+00  0.00000E+00    -0.18867E+03  0.00000E+00  0.00000E+00  0.64127E-01 -0.28436E+00  0.73635E+00      298.      0.00     2.121  0.1658E+01
  0.99997E-02  0.22613E+03    -0.10000E-01  0.18157E-02  0.81843E-02  0.00000E+00  0.00000E+00  0.00000E+00    -0.22612E+03  0.00000E+00  0.00000E+00  0.79061E-01 -0.32802E+00  0.85938E+00      298.      0.00     2.112  0.3660E+01
  0.19999E-01  0.26051E+03    -0.20000E-01  0.36182E-02  0.16382E-01  0.00000E+00  0.00000E+00  0.00000E+00    -0.26050E+03  0.00000E+00  0.00000E+00  0.91884E-01 -0.37641E+00  0.93933E+00      298.      0.00     2.109  0.5970E+01
  0.29999E-01  0.29177E+03    -0.30000E-01  0.54190E-02  0.24581E-01  0.00000E+00  0.00000E+00  0.00000E+00    -0.29176E+03  0.00000E+00  0.00000E+00  0.10298E+00 -0.42857E+00  0.98606E+00      298.      0.00     2.104  0.8558E+01
  0.39999E-01  0.32034E+03    -0.40000E-01  0.72134E-02  0.32787E-01  0.00000E+00  0.00000E+00  0.00000E+00    -0.32034E+03  0.00000E+00  0.00000E+00  0.11181E+00 -0.48571E+00  0.10080E+01      298.      0.00     2.099  0.1140E+02
  0.49999E-01  0.34636E+03    -0.50000E-01  0.90006E-02  0.40999E-01  0.00000E+00  0.00000E+00  0.00000E+00    -0.34635E+03  0.00000E+00  0.00000E+00  0.12093E+00 -0.54980E+00  0.10103E+01      298.      0.00     2.094  0.1446E+02
  0.59999E-01  0.37030E+03    -0.60000E-01  0.10778E-01  0.49222E-01  0.00000E+00  0.00000E+00  0.00000E+00    -0.37030E+03  0.00000E+00  0.00000E+00  0.13009E+00 -0.62148E+00  0.99943E+00      298.      0.00     2.088  0.1774E+02
  0.69999E-01  0.39226E+03    -0.70000E-01  0.12548E-01  0.57452E-01  0.00000E+00  0.00000E+00  0.00000E+00    -0.39225E+03  0.00000E+00  0.00000E+00  0.14437E+00 -0.70198E+00  0.97890E+00      298.      0.00     2.083  0.2121E+02
  0.79998E-01  0.41261E+03    -0.80000E-01  0.14309E-01  0.65691E-01  0.00000E+00  0.00000E+00  0.00000E+00    -0.41260E+03  0.00000E+00  0.00000E+00  0.15469E+00 -0.78563E+00  0.95447E+00      298.      0.00     2.077  0.2485E+02
  0.89998E-01  0.43138E+03    -0.90000E-01  0.16062E-01  0.73938E-01  0.00000E+00  0.00000E+00  0.00000E+00    -0.43137E+03  0.00000E+00  0.00000E+00  0.16393E+00 -0.87182E+00  0.92920E+00      298.      0.00     2.072  0.2866E+02
  0.99998E-01  0.44857E+03    -0.10000E+00  0.17808E-01  0.82192E-01  0.00000E+00  0.00000E+00  0.00000E+00    -0.44856E+03  0.00000E+00  0.00000E+00  0.17478E+00 -0.95960E+00  0.90495E+00      298.      0.00     2.067  0.3261E+02
  0.11000E+00  0.46471E+03    -0.11000E+00  0.19546E-01  0.90454E-01  0.00000E+00  0.00000E+00  0.00000E+00    -0.46470E+03  0.00000E+00  0.00000E+00  0.18441E+00 -0.10473E+01  0.88780E+00      298.      0.00     2.062  0.3671E+02
  0.12000E+00  0.47974E+03    -0.12000E+00  0.21278E-01  0.98722E-01  0.00000E+00  0.00000E+00  0.00000E+00    -0.47973E+03  0.00000E+00  0.00000E+00  0.19484E+00 -0.11345E+01  0.87886E+00      298.      0.00     2.057  0.4093E+02
  0.13000E+00  0.49386E+03    -0.13000E+00  0.23007E-01  0.10699E+00  0.00000E+00  0.00000E+00  0.00000E+00    -0.49385E+03  0.00000E+00  0.00000E+00  0.20134E+00 -0.12193E+01  0.88233E+00      298.      0.00     2.053  0.4527E+02
  0.14000E+00  0.50703E+03    -0.14000E+00  0.24733E-01  0.11527E+00  0.00000E+00  0.00000E+00  0.00000E+00    -0.50702E+03  0.00000E+00  0.00000E+00  0.20329E+00 -0.13030E+01  0.89998E+00      298.      0.00     2.048  0.4973E+02
  0.15000E+00  0.51949E+03    -0.15000E+00  0.26457E-01  0.12354E+00  0.00000E+00  0.00000E+00  0.00000E+00    -0.51948E+03  0.00000E+00  0.00000E+00  0.20188E+00 -0.13858E+01  0.93229E+00      298.      0.00     2.045  0.5429E+02
  0.16000E+00  0.53118E+03    -0.16000E+00  0.28183E-01  0.13182E+00  0.00000E+00  0.00000E+00  0.00000E+00    -0.53117E+03  0.00000E+00  0.00000E+00  0.19947E+00 -0.14680E+01  0.97799E+00      298.      0.00     2.041  0.5894E+02
  0.17000E+00  0.54222E+03    -0.17000E+00  0.29911E-01  0.14009E+00  0.00000E+00  0.00000E+00  0.00000E+00    -0.54221E+03  0.00000E+00  0.00000E+00  0.19489E+00 -0.15462E+01  0.10364E+01      298.      0.00     2.039  0.6369E+02
  0.18000E+00  0.55274E+03    -0.18000E+00  0.31644E-01  0.14836E+00  0.00000E+00  0.00000E+00  0.00000E+00    -0.55272E+03  0.00000E+00  0.00000E+00  0.18590E+00 -0.16144E+01  0.11072E+01      298.      0.00     2.036  0.6852E+02
  0.19000E+00  0.56267E+03    -0.19000E+00  0.33382E-01  0.15662E+00  0.00000E+00  0.00000E+00  0.00000E+00    -0.56266E+03  0.00000E+00  0.00000E+00  0.17771E+00 -0.16697E+01  0.11871E+01      298.      0.00     2.034  0.7344E+02
  0.20000E+00  0.57218E+03    -0.20000E+00  0.35129E-01  0.16487E+00  0.00000E+00  0.00000E+00  0.00000E+00    -0.57216E+03  0.00000E+00  0.00000E+00  0.17438E+00 -0.17095E+01  0.12755E+01      298.      0.00     2.033  0.7843E+02
  0.21000E+00  0.58093E+03    -0.21000E+00  0.36887E-01  0.17311E+00  0.00000E+00  0.00000E+00  0.00000E+00    -0.58092E+03  0.00000E+00  0.00000E+00  0.17736E+00 -0.17322E+01  0.13705E+01      298.      0.00     2.032  0.8350E+02
  0.22000E+00  0.58973E+03    -0.22000E+00  0.38657E-01  0.18134E+00  0.00000E+00  0.00000E+00  0.00000E+00    -0.58972E+03  0.00000E+00  0.00000E+00  0.19560E+00 -0.17368E+01  0.14743E+01      298.      0.00     2.031  0.8864E+02
  0.23000E+00  0.59817E+03    -0.23000E+00  0.40440E-01  0.18956E+00  0.00000E+00  0.00000E+00  0.00000E+00    -0.59816E+03  0.00000E+00  0.00000E+00  0.20820E+00 -0.17224E+01  0.15942E+01      298.      0.00     2.031  0.9385E+02
  0.24000E+00  0.60631E+03    -0.24000E+00  0.42239E-01  0.19776E+00  0.00000E+00  0.00000E+00  0.00000E+00    -0.60630E+03  0.00000E+00  0.00000E+00  0.22952E+00 -0.16943E+01  0.17240E+01      298.      0.00     2.032  0.9912E+02
  0.25000E+00  0.61418E+03    -0.25000E+00  0.44056E-01  0.20594E+00  0.00000E+00  0.00000E+00  0.00000E+00    -0.61416E+03  0.00000E+00  0.00000E+00  0.26027E+00 -0.16547E+01  0.18606E+01      298.      0.00     2.033  0.1044E+03
  0.26000E+00  0.62184E+03    -0.26000E+00  0.45893E-01  0.21411E+00  0.00000E+00  0.00000E+00  0.00000E+00    -0.62182E+03  0.00000E+00  0.00000E+00  0.29584E+00 -0.16018E+01  0.20009E+01      298.      0.00     2.034  0.1098E+03
  0.26999E+00  0.62923E+03    -0.27000E+00  0.47749E-01  0.22225E+00  0.00000E+00  0.00000E+00  0.00000E+00    -0.62921E+03  0.00000E+00  0.00000E+00  0.34447E+00 -0.15406E+01  0.21361E+01      298.      0.00     2.036  0.1153E+03
  0.27999E+00  0.63640E+03    -0.28000E+00  0.49628E-01  0.23037E+00  0.00000E+00  0.00000E+00  0.00000E+00    -0.63639E+03  0.00000E+00  0.00000E+00  0.40124E+00 -0.14684E+01  0.22629E+01      298.      0.00     2.038  0.1208E+03
  0.28999E+00  0.64338E+03    -0.29000E+00  0.51532E-01  0.23847E+00  0.00000E+00  0.00000E+00  0.00000E+00    -0.64336E+03  0.00000E+00  0.00000E+00  0.46529E+00 -0.13851E+01  0.23769E+01      298.      0.00     2.040  0.1263E+03
  0.29999E+00  0.65017E+03    -0.30000E+00  0.53461E-01  0.24654E+00  0.00000E+00  0.00000E+00  0.00000E+00    -0.65015E+03  0.00000E+00  0.00000E+00  0.53581E+00 -0.12928E+01  0.24759E+01      298.      0.00     2.043  0.1319E+03
