     Evm         C11  C22  C33  C23  C13  C12   C44  C55  C66                                                                   A1  A2  A3
     0.00000     0.2702E+03  0.2708E+03  0.2693E+03  0.1110E+03  0.1116E+03  0.1101E+03  0.7933E+02  0.7992E+02  0.7842E+02     0.4956E-06  0.4956E-06  0.4956E-06
     0.02309     0.2703E+03  0.2708E+03  0.2692E+03  0.1111E+03  0.1116E+03  0.1100E+03  0.7936E+02  0.7992E+02  0.7840E+02     0.4953E-06  0.4956E-06  0.4960E-06
     0.04618     0.2705E+03  0.2708E+03  0.2691E+03  0.1112E+03  0.1115E+03  0.1098E+03  0.7937E+02  0.7991E+02  0.7836E+02     0.4950E-06  0.4955E-06  0.4963E-06
     0.06927     0.2706E+03  0.2709E+03  0.2691E+03  0.1112E+03  0.1115E+03  0.1097E+03  0.7937E+02  0.7989E+02  0.7832E+02     0.4947E-06  0.4954E-06  0.4967E-06
     0.09237     0.2707E+03  0.2710E+03  0.2690E+03  0.1113E+03  0.1115E+03  0.1096E+03  0.7936E+02  0.7987E+02  0.7826E+02     0.4945E-06  0.4952E-06  0.4971E-06
     0.11546     0.2709E+03  0.2711E+03  0.2690E+03  0.1113E+03  0.1115E+03  0.1094E+03  0.7933E+02  0.7984E+02  0.7819E+02     0.4942E-06  0.4950E-06  0.4976E-06
     0.13855     0.2711E+03  0.2712E+03  0.2690E+03  0.1114E+03  0.1115E+03  0.1093E+03  0.7928E+02  0.7982E+02  0.7811E+02     0.4941E-06  0.4948E-06  0.4980E-06
     0.16164     0.2713E+03  0.2714E+03  0.2690E+03  0.1114E+03  0.1115E+03  0.1091E+03  0.7922E+02  0.7979E+02  0.7802E+02     0.4939E-06  0.4945E-06  0.4985E-06
     0.18472     0.2715E+03  0.2716E+03  0.2690E+03  0.1114E+03  0.1115E+03  0.1089E+03  0.7915E+02  0.7976E+02  0.7791E+02     0.4937E-06  0.4942E-06  0.4989E-06
     0.20781     0.2717E+03  0.2718E+03  0.2690E+03  0.1114E+03  0.1115E+03  0.1087E+03  0.7907E+02  0.7972E+02  0.7780E+02     0.4936E-06  0.4938E-06  0.4994E-06
     0.23089     0.2719E+03  0.2721E+03  0.2690E+03  0.1113E+03  0.1115E+03  0.1085E+03  0.7897E+02  0.7969E+02  0.7768E+02     0.4936E-06  0.4934E-06  0.4999E-06
     0.25398     0.2722E+03  0.2723E+03  0.2691E+03  0.1113E+03  0.1115E+03  0.1082E+03  0.7887E+02  0.7966E+02  0.7755E+02     0.4935E-06  0.4929E-06  0.5004E-06
     0.27706     0.2724E+03  0.2726E+03  0.2691E+03  0.1113E+03  0.1114E+03  0.1080E+03  0.7875E+02  0.7962E+02  0.7742E+02     0.4935E-06  0.4924E-06  0.5009E-06
     0.30015     0.2727E+03  0.2729E+03  0.2692E+03  0.1112E+03  0.1114E+03  0.1077E+03  0.7863E+02  0.7959E+02  0.7727E+02     0.4935E-06  0.4919E-06  0.5014E-06
     0.32323     0.2730E+03  0.2732E+03  0.2692E+03  0.1112E+03  0.1114E+03  0.1075E+03  0.7850E+02  0.7955E+02  0.7712E+02     0.4935E-06  0.4914E-06  0.5020E-06
     0.34631     0.2732E+03  0.2736E+03  0.2693E+03  0.1111E+03  0.1114E+03  0.1072E+03  0.7836E+02  0.7952E+02  0.7696E+02     0.4936E-06  0.4908E-06  0.5025E-06
     0.36940     0.2735E+03  0.2739E+03  0.2693E+03  0.1110E+03  0.1114E+03  0.1069E+03  0.7822E+02  0.7948E+02  0.7680E+02     0.4936E-06  0.4902E-06  0.5031E-06
     0.39248     0.2738E+03  0.2743E+03  0.2694E+03  0.1110E+03  0.1114E+03  0.1067E+03  0.7807E+02  0.7945E+02  0.7663E+02     0.4937E-06  0.4895E-06  0.5036E-06
     0.41556     0.2741E+03  0.2746E+03  0.2695E+03  0.1109E+03  0.1114E+03  0.1064E+03  0.7791E+02  0.7942E+02  0.7646E+02     0.4938E-06  0.4888E-06  0.5042E-06
     0.43864     0.2743E+03  0.2750E+03  0.2696E+03  0.1108E+03  0.1114E+03  0.1061E+03  0.7775E+02  0.7939E+02  0.7629E+02     0.4940E-06  0.4881E-06  0.5048E-06
     0.46172     0.2746E+03  0.2754E+03  0.2696E+03  0.1107E+03  0.1114E+03  0.1058E+03  0.7759E+02  0.7936E+02  0.7612E+02     0.4941E-06  0.4874E-06  0.5054E-06
     0.48480     0.2749E+03  0.2758E+03  0.2697E+03  0.1106E+03  0.1114E+03  0.1055E+03  0.7743E+02  0.7934E+02  0.7595E+02     0.4943E-06  0.4866E-06  0.5060E-06
     0.50788     0.2752E+03  0.2761E+03  0.2698E+03  0.1105E+03  0.1115E+03  0.1052E+03  0.7726E+02  0.7931E+02  0.7578E+02     0.4944E-06  0.4859E-06  0.5066E-06
     0.53095     0.2754E+03  0.2765E+03  0.2699E+03  0.1104E+03  0.1115E+03  0.1050E+03  0.7709E+02  0.7929E+02  0.7561E+02     0.4946E-06  0.4851E-06  0.5072E-06
     0.55403     0.2757E+03  0.2769E+03  0.2699E+03  0.1104E+03  0.1115E+03  0.1047E+03  0.7692E+02  0.7926E+02  0.7544E+02     0.4948E-06  0.4842E-06  0.5079E-06
     0.57711     0.2760E+03  0.2773E+03  0.2700E+03  0.1103E+03  0.1115E+03  0.1044E+03  0.7675E+02  0.7924E+02  0.7527E+02     0.4950E-06  0.4834E-06  0.5085E-06
     0.60018     0.2762E+03  0.2777E+03  0.2701E+03  0.1102E+03  0.1115E+03  0.1041E+03  0.7658E+02  0.7922E+02  0.7510E+02     0.4952E-06  0.4825E-06  0.5092E-06
     0.62326     0.2765E+03  0.2781E+03  0.2702E+03  0.1101E+03  0.1115E+03  0.1038E+03  0.7641E+02  0.7920E+02  0.7493E+02     0.4954E-06  0.4817E-06  0.5099E-06
     0.64633     0.2768E+03  0.2784E+03  0.2702E+03  0.1100E+03  0.1115E+03  0.1035E+03  0.7624E+02  0.7918E+02  0.7476E+02     0.4956E-06  0.4808E-06  0.5105E-06
     0.66940     0.2770E+03  0.2788E+03  0.2703E+03  0.1099E+03  0.1115E+03  0.1033E+03  0.7608E+02  0.7916E+02  0.7459E+02     0.4958E-06  0.4799E-06  0.5112E-06
     0.69248     0.2773E+03  0.2792E+03  0.2704E+03  0.1098E+03  0.1116E+03  0.1030E+03  0.7592E+02  0.7914E+02  0.7443E+02     0.4960E-06  0.4790E-06  0.5119E-06
     0.71555     0.2775E+03  0.2795E+03  0.2704E+03  0.1097E+03  0.1116E+03  0.1027E+03  0.7576E+02  0.7913E+02  0.7426E+02     0.4962E-06  0.4781E-06  0.5126E-06
     0.73862     0.2778E+03  0.2799E+03  0.2705E+03  0.1096E+03  0.1116E+03  0.1025E+03  0.7561E+02  0.7911E+02  0.7410E+02     0.4964E-06  0.4771E-06  0.5134E-06
     0.76169     0.2780E+03  0.2802E+03  0.2706E+03  0.1096E+03  0.1116E+03  0.1022E+03  0.7546E+02  0.7910E+02  0.7393E+02     0.4966E-06  0.4762E-06  0.5141E-06
     0.78476     0.2783E+03  0.2806E+03  0.2706E+03  0.1095E+03  0.1116E+03  0.1020E+03  0.7531E+02  0.7908E+02  0.7377E+02     0.4968E-06  0.4753E-06  0.5148E-06
     0.80782     0.2785E+03  0.2809E+03  0.2707E+03  0.1094E+03  0.1116E+03  0.1017E+03  0.7517E+02  0.7907E+02  0.7361E+02     0.4970E-06  0.4743E-06  0.5156E-06
     0.83089     0.2788E+03  0.2813E+03  0.2708E+03  0.1093E+03  0.1116E+03  0.1014E+03  0.7503E+02  0.7905E+02  0.7345E+02     0.4972E-06  0.4734E-06  0.5163E-06
     0.85396     0.2790E+03  0.2816E+03  0.2708E+03  0.1092E+03  0.1116E+03  0.1012E+03  0.7489E+02  0.7904E+02  0.7329E+02     0.4974E-06  0.4724E-06  0.5170E-06
     0.87702     0.2793E+03  0.2819E+03  0.2709E+03  0.1092E+03  0.1116E+03  0.1010E+03  0.7477E+02  0.7903E+02  0.7313E+02     0.4976E-06  0.4715E-06  0.5178E-06
     0.90009     0.2795E+03  0.2822E+03  0.2710E+03  0.1091E+03  0.1116E+03  0.1007E+03  0.7464E+02  0.7901E+02  0.7298E+02     0.4978E-06  0.4705E-06  0.5185E-06
     0.92315     0.2797E+03  0.2825E+03  0.2710E+03  0.1090E+03  0.1116E+03  0.1005E+03  0.7452E+02  0.7900E+02  0.7283E+02     0.4980E-06  0.4696E-06  0.5193E-06
     0.94622     0.2800E+03  0.2828E+03  0.2711E+03  0.1090E+03  0.1116E+03  0.1003E+03  0.7440E+02  0.7898E+02  0.7267E+02     0.4981E-06  0.4687E-06  0.5200E-06
     0.96928     0.2802E+03  0.2831E+03  0.2712E+03  0.1089E+03  0.1116E+03  0.1000E+03  0.7429E+02  0.7897E+02  0.7252E+02     0.4983E-06  0.4677E-06  0.5208E-06
     0.99234     0.2804E+03  0.2833E+03  0.2711E+03  0.1089E+03  0.1116E+03  0.9980E+02  0.7412E+02  0.7888E+02  0.7234E+02     0.4984E-06  0.4664E-06  0.5221E-06
     1.01540     0.2806E+03  0.2836E+03  0.2712E+03  0.1089E+03  0.1116E+03  0.9958E+02  0.7401E+02  0.7885E+02  0.7219E+02     0.4986E-06  0.4654E-06  0.5229E-06
     1.03846     0.2809E+03  0.2839E+03  0.2712E+03  0.1089E+03  0.1116E+03  0.9937E+02  0.7391E+02  0.7883E+02  0.7205E+02     0.4987E-06  0.4645E-06  0.5237E-06
     1.06152     0.2811E+03  0.2841E+03  0.2713E+03  0.1088E+03  0.1116E+03  0.9917E+02  0.7381E+02  0.7880E+02  0.7190E+02     0.4989E-06  0.4635E-06  0.5245E-06
     1.08458     0.2813E+03  0.2844E+03  0.2713E+03  0.1088E+03  0.1115E+03  0.9897E+02  0.7372E+02  0.7878E+02  0.7176E+02     0.4990E-06  0.4625E-06  0.5253E-06
     1.10764     0.2815E+03  0.2846E+03  0.2714E+03  0.1087E+03  0.1115E+03  0.9878E+02  0.7363E+02  0.7875E+02  0.7162E+02     0.4992E-06  0.4616E-06  0.5261E-06
     1.13070     0.2817E+03  0.2848E+03  0.2714E+03  0.1087E+03  0.1115E+03  0.9859E+02  0.7355E+02  0.7873E+02  0.7148E+02     0.4993E-06  0.4607E-06  0.5269E-06
     1.15376     0.2819E+03  0.2851E+03  0.2715E+03  0.1087E+03  0.1114E+03  0.9840E+02  0.7347E+02  0.7870E+02  0.7134E+02     0.4994E-06  0.4597E-06  0.5277E-06
     1.15376     0.2819E+03  0.2851E+03  0.2715E+03  0.1087E+03  0.1114E+03  0.9840E+02  0.7347E+02  0.7870E+02  0.7134E+02     0.4994E-06  0.4597E-06  0.5277E-06
     1.15376     0.2819E+03  0.2851E+03  0.2715E+03  0.1087E+03  0.1114E+03  0.9840E+02  0.7347E+02  0.7870E+02  0.7134E+02     0.4994E-06  0.4597E-06  0.5277E-06
     1.15376     0.2800E+03  0.2828E+03  0.2715E+03  0.1088E+03  0.1113E+03  0.1005E+03  0.7372E+02  0.7845E+02  0.7343E+02     0.4989E-06  0.4603E-06  0.5277E-06
     1.15376     0.2742E+03  0.2765E+03  0.2715E+03  0.1091E+03  0.1110E+03  0.1066E+03  0.7426E+02  0.7792E+02  0.7950E+02     0.4960E-06  0.4631E-06  0.5277E-06
     1.15376     0.2675E+03  0.2688E+03  0.2715E+03  0.1095E+03  0.1106E+03  0.1138E+03  0.7501E+02  0.7716E+02  0.8672E+02     0.4912E-06  0.4680E-06  0.5277E-06
     1.15376     0.2630E+03  0.2633E+03  0.2715E+03  0.1100E+03  0.1101E+03  0.1188E+03  0.7590E+02  0.7628E+02  0.9170E+02     0.4849E-06  0.4742E-06  0.5277E-06
     1.15376     0.2631E+03  0.2623E+03  0.2715E+03  0.1104E+03  0.1097E+03  0.1192E+03  0.7681E+02  0.7537E+02  0.9212E+02     0.4781E-06  0.4811E-06  0.5277E-06
     1.15376     0.2680E+03  0.2662E+03  0.2715E+03  0.1109E+03  0.1092E+03  0.1148E+03  0.7763E+02  0.7455E+02  0.8778E+02     0.4713E-06  0.4878E-06  0.5277E-06
     1.15376     0.2754E+03  0.2729E+03  0.2715E+03  0.1112E+03  0.1089E+03  0.1078E+03  0.7826E+02  0.7391E+02  0.8071E+02     0.4656E-06  0.4935E-06  0.5277E-06
     1.15376     0.2821E+03  0.2791E+03  0.2715E+03  0.1114E+03  0.1087E+03  0.1013E+03  0.7864E+02  0.7354E+02  0.7422E+02     0.4616E-06  0.4976E-06  0.5277E-06
     1.15376     0.2851E+03  0.2819E+03  0.2715E+03  0.1114E+03  0.1087E+03  0.9840E+02  0.7870E+02  0.7347E+02  0.7134E+02     0.4597E-06  0.4994E-06  0.5277E-06
