
*******   STEP   1      *** SECANT CALCULATION                 
    8   0.210E-03   0.890E-03   0.266E-03

*******   STEP   2      *** SECANT CALCULATION                 
    2   0.650E-03   0.820E-03   0.710E-03

*******   STEP   3      *** SECANT CALCULATION                 
    5   0.559E-03   0.911E-03   0.497E-03

*******   STEP   4      *** SECANT CALCULATION                 
    7   0.220E-03   0.456E-03   0.619E-03

*******   STEP   5      *** SECANT CALCULATION                 
    7   0.211E-03   0.648E-03   0.283E-03

*******   STEP   6      *** SECANT CALCULATION                 
    3   0.749E-03   0.580E-03   0.600E-03

*******   STEP   7      *** SECANT CALCULATION                 
    6   0.266E-03   0.729E-03   0.791E-04

*******   STEP   8      *** SECANT CALCULATION                 
    3   0.563E-03   0.204E-03   0.473E-03

*******   STEP   9      *** SECANT CALCULATION                 
    6   0.301E-03   0.619E-03   0.249E-03

*******   STEP  10      *** SECANT CALCULATION                 
    3   0.442E-03   0.625E-03   0.564E-03

*******   STEP  11      *** SECANT CALCULATION                 
    3   0.348E-03   0.454E-03   0.450E-03

*******   STEP  12      *** SECANT CALCULATION                 
    2   0.931E-03   0.761E-03   0.524E-03

*******   STEP  13      *** SECANT CALCULATION                 
    5   0.219E-03   0.938E-03   0.236E-03

*******   STEP  14      *** SECANT CALCULATION                 
    2   0.797E-03   0.371E-03   0.723E-03

*******   STEP  15      *** SECANT CALCULATION                 
    2   0.974E-03   0.859E-03   0.765E-03

*******   STEP  16      *** SECANT CALCULATION                 
    6   0.198E-03   0.192E-03   0.594E-03

*******   STEP  17      *** SECANT CALCULATION                 
    3   0.415E-03   0.350E-03   0.973E-03

*******   STEP  18      *** SECANT CALCULATION                 
    5   0.279E-03   0.611E-03   0.120E-03

*******   STEP  19      *** SECANT CALCULATION                 
    3   0.359E-03   0.325E-03   0.709E-03

*******   STEP  20      *** SECANT CALCULATION                 
    2   0.916E-03   0.970E-03   0.567E-03

*******   STEP  21      *** SECANT CALCULATION                 
    2   0.935E-03   0.100E-02   0.329E-03

*******   STEP  22      *** SECANT CALCULATION                 
    2   0.968E-03   0.977E-03   0.676E-04

*******   STEP  23      *** SECANT CALCULATION                 
    3   0.421E-03   0.270E-03   0.691E-04

*******   STEP  24      *** SECANT CALCULATION                 
    3   0.421E-03   0.231E-03   0.109E-03

*******   STEP  25      *** SECANT CALCULATION                 
    3   0.448E-03   0.248E-03   0.130E-03

*******   STEP  26      *** SECANT CALCULATION                 
    3   0.419E-03   0.251E-03   0.202E-03

*******   STEP  27      *** SECANT CALCULATION                 
    3   0.389E-03   0.257E-03   0.182E-03

*******   STEP  28      *** SECANT CALCULATION                 
    3   0.370E-03   0.269E-03   0.222E-03

*******   STEP  29      *** SECANT CALCULATION                 
    3   0.362E-03   0.378E-03   0.392E-03

*******   STEP  30      *** SECANT CALCULATION                 
    3   0.376E-03   0.401E-03   0.336E-03

*******   STEP  31      *** SECANT CALCULATION                 
    3   0.429E-03   0.356E-03   0.252E-03

*******   STEP  32      *** SECANT CALCULATION                 
    3   0.456E-03   0.335E-03   0.258E-03

*******   STEP  33      *** SECANT CALCULATION                 
    3   0.438E-03   0.299E-03   0.231E-03

*******   STEP  34      *** SECANT CALCULATION                 
    3   0.383E-03   0.270E-03   0.198E-03

*******   STEP  35      *** SECANT CALCULATION                 
    3   0.327E-03   0.243E-03   0.187E-03

*******   STEP  36      *** SECANT CALCULATION                 
    3   0.316E-03   0.241E-03   0.122E-03

*******   STEP  37      *** SECANT CALCULATION                 
    3   0.333E-03   0.280E-03   0.113E-03

*******   STEP  38      *** SECANT CALCULATION                 
    3   0.341E-03   0.335E-03   0.160E-03

*******   STEP  39      *** SECANT CALCULATION                 
    3   0.326E-03   0.348E-03   0.134E-03

*******   STEP  40      *** SECANT CALCULATION                 
    3   0.319E-03   0.331E-03   0.800E-04

*******   STEP  41      *** SECANT CALCULATION                 
    3   0.318E-03   0.340E-03   0.103E-03

*******   STEP  42      *** SECANT CALCULATION                 
    3   0.290E-03   0.334E-03   0.102E-03

*******   STEP  43      *** SECANT CALCULATION                 
    3   0.268E-03   0.330E-03   0.859E-04

*******   STEP  44      *** SECANT CALCULATION                 
    3   0.225E-03   0.462E-03   0.659E-04

*******   STEP  45      *** SECANT CALCULATION                 
    3   0.211E-03   0.271E-03   0.443E-04

*******   STEP  46      *** SECANT CALCULATION                 
    3   0.176E-03   0.258E-03   0.525E-04

*******   STEP  47      *** SECANT CALCULATION                 
    3   0.159E-03   0.310E-03   0.139E-03

*******   STEP  48      *** SECANT CALCULATION                 
    3   0.171E-03   0.392E-03   0.189E-03

*******   STEP  49      *** SECANT CALCULATION                 
    3   0.178E-03   0.414E-03   0.136E-03

*******   STEP  50      *** SECANT CALCULATION                 
    3   0.189E-03   0.396E-03   0.635E-04

*******   STEP  51      *** SECANT CALCULATION                 
    3   0.189E-03   0.376E-03   0.499E-04

*******   STEP   1      *** SECANT CALCULATION                 
   10   0.140E-03   0.246E-03   0.652E-04

*******   STEP   2      *** SECANT CALCULATION                 
   11   0.130E-03   0.223E-03   0.507E-04

*******   STEP   3      *** SECANT CALCULATION                 
   11   0.138E-03   0.221E-03   0.407E-04

*******   STEP   4      *** SECANT CALCULATION                 
   11   0.149E-03   0.204E-03   0.233E-04

*******   STEP   5      *** SECANT CALCULATION                 
   11   0.170E-03   0.218E-03   0.139E-04

*******   STEP   6      *** SECANT CALCULATION                 
   11   0.224E-03   0.300E-03   0.182E-04

*******   STEP   7      *** SECANT CALCULATION                 
   11   0.292E-03   0.314E-03   0.438E-04

*******   STEP   8      *** SECANT CALCULATION                 
   16   0.330E-03   0.900E-03   0.395E-03

*******   STEP   9      *** SECANT CALCULATION                 
    7   0.406E-03   0.261E-03   0.218E-03

*******   STEP  10      *** SECANT CALCULATION                 
    7   0.466E-03   0.204E-03   0.319E-03

*******   STEP  11      *** SECANT CALCULATION                 
    7   0.500E-03   0.363E-03   0.271E-03

*******   STEP  12      *** SECANT CALCULATION                 
    8   0.182E-03   0.169E-03   0.937E-03

*******   STEP  13      *** SECANT CALCULATION                 
    8   0.347E-03   0.210E-03   0.178E-03

*******   STEP  14      *** SECANT CALCULATION                 
    7   0.469E-03   0.912E-03   0.169E-03

*******   STEP  15      *** SECANT CALCULATION                 
    8   0.436E-03   0.563E-03   0.124E-03

*******   STEP  16      *** SECANT CALCULATION                 
    9   0.295E-03   0.271E-03   0.704E-04

*******   STEP  17      *** SECANT CALCULATION                 
    6   0.701E-03   0.752E-03   0.393E-03

*******   STEP  18      *** SECANT CALCULATION                 
    9   0.428E-03   0.305E-03   0.274E-04

*******   STEP  19      *** SECANT CALCULATION                 
   10   0.317E-03   0.351E-03   0.662E-04

*******   STEP  20      *** SECANT CALCULATION                 
   11   0.305E-03   0.523E-03   0.165E-03

*******   STEP  21      *** SECANT CALCULATION                 
   11   0.301E-03   0.473E-03   0.134E-03

*******   STEP  22      *** SECANT CALCULATION                 
   11   0.308E-03   0.432E-03   0.113E-03

*******   STEP  23      *** SECANT CALCULATION                 
   11   0.297E-03   0.389E-03   0.100E-03

*******   STEP  24      *** SECANT CALCULATION                 
   11   0.243E-03   0.367E-03   0.939E-04

*******   STEP  25      *** SECANT CALCULATION                 
   11   0.220E-03   0.279E-03   0.898E-04

*******   STEP  26      *** SECANT CALCULATION                 
   11   0.231E-03   0.128E-03   0.132E-03

*******   STEP  27      *** SECANT CALCULATION                 
   11   0.611E-03   0.282E-03   0.763E-03

*******   STEP  28      *** SECANT CALCULATION                 
   11   0.592E-03   0.494E-03   0.723E-03

*******   STEP  29      *** SECANT CALCULATION                 
   12   0.166E-03   0.719E-03   0.239E-03

*******   STEP  30      *** SECANT CALCULATION                 
   19   0.764E-03   0.941E-03   0.309E-03

*******   STEP  31      *** SECANT CALCULATION                 
   18   0.664E-03   0.111E-03   0.151E-03

*******   STEP  32      *** SECANT CALCULATION                 
   16   0.631E-03   0.991E-03   0.587E-03

*******   STEP  33      *** SECANT CALCULATION                 
   17   0.649E-03   0.230E-03   0.685E-03

*******   STEP  34      *** SECANT CALCULATION                 
   12   0.261E-03   0.256E-03   0.182E-03

*******   STEP  35      *** SECANT CALCULATION                 
   12   0.392E-03   0.404E-03   0.556E-03

*******   STEP  36      *** SECANT CALCULATION                 
   11   0.142E-03   0.237E-03   0.626E-04

*******   STEP   1      *** SECANT CALCULATION                 
   34   0.597E-03   0.817E-03   0.367E-03

*******   STEP   2      *** SECANT CALCULATION                 
   16   0.360E-03   0.953E-03   0.178E-03

*******   STEP   3      *** SECANT CALCULATION                 
   15   0.523E-03   0.835E-03   0.292E-03

*******   STEP   4      *** SECANT CALCULATION                 
   31   0.842E-03   0.703E-03   0.424E-03

*******   STEP   5      *** SECANT CALCULATION                 
   33   0.981E-03   0.772E-03   0.332E-03

*******   STEP   6      *** SECANT CALCULATION                 
   27   0.973E-03   0.177E-03   0.478E-03

*******   STEP   7      *** SECANT CALCULATION                 
   15   0.886E-03   0.618E-03   0.412E-03

*******   STEP   8      *** SECANT CALCULATION                 
   41   0.811E-03   0.723E-03   0.458E-03

*******   STEP   9      *** SECANT CALCULATION                 
   33   0.890E-03   0.731E-03   0.492E-03

*******   STEP  10      *** SECANT CALCULATION                 
   13   0.733E-03   0.703E-03   0.458E-03
