          Evm          Svm          E11          E22          E33          E23          E13          E12             SDEV11       SDEV22       SDEV33       SDEV23       SDEV13       SDEV12      TEMP      TIME    TAYLAV      WORKAV      WRATE1      WRATE2 
  0.00000E+00  0.69751E+01     0.00000E+00  0.00000E+00  0.00000E+00  0.00000E+00  0.00000E+00  0.00000E+00     0.40252E+01  0.28814E-02 -0.40281E+01  0.33491E-01  0.46138E-01 -0.15298E-01      298. 0.000E+00     2.294  0.1430E+00  0.8058E+01  0.7149E+01
  0.23092E-01  0.69837E+01     0.20000E-01  0.00000E+00 -0.20000E-01  0.00000E+00  0.00000E+00  0.00000E+00     0.40349E+01 -0.66215E-02 -0.40283E+01  0.29166E-01  0.48513E-01 -0.15755E-01      298. 0.200E-01     2.295  0.2860E+00  0.8071E+01  0.7151E+01
  0.46183E-01  0.69865E+01     0.40000E-01  0.00000E+00 -0.40000E-01  0.00000E+00  0.00000E+00  0.00000E+00     0.40408E+01 -0.15125E-01 -0.40257E+01  0.27782E-01  0.46257E-01 -0.15804E-01      298. 0.400E-01     2.296  0.4288E+00  0.8065E+01  0.7140E+01
  0.69275E-01  0.69921E+01     0.60000E-01  0.00000E+00 -0.60000E-01  0.00000E+00  0.00000E+00  0.00000E+00     0.40527E+01 -0.32587E-01 -0.40202E+01  0.22978E-01  0.41729E-01 -0.15312E-01      298. 0.600E-01     2.297  0.5716E+00  0.8070E+01  0.7141E+01
  0.92366E-01  0.69965E+01     0.80000E-01  0.00000E+00 -0.80000E-01  0.00000E+00  0.00000E+00  0.00000E+00     0.40607E+01 -0.43678E-01 -0.40171E+01  0.22602E-01  0.46183E-01 -0.16838E-01      298. 0.800E-01     2.299  0.7146E+00  0.8080E+01  0.7148E+01
  0.11546E+00  0.70028E+01     0.10000E+00  0.00000E+00 -0.10000E+00  0.00000E+00  0.00000E+00  0.00000E+00     0.40704E+01 -0.56038E-01 -0.40143E+01  0.21941E-01  0.53405E-01 -0.18366E-01      298. 0.100E+00     2.300  0.8577E+00  0.8094E+01  0.7157E+01
  0.13855E+00  0.70062E+01     0.12000E+00  0.00000E+00 -0.12000E+00  0.00000E+00  0.00000E+00  0.00000E+00     0.40770E+01 -0.65731E-01 -0.40113E+01  0.20432E-01  0.59283E-01 -0.19567E-01      298. 0.120E+00     2.302  0.1001E+01  0.8095E+01  0.7159E+01
  0.16164E+00  0.70154E+01     0.14000E+00  0.00000E+00 -0.14000E+00  0.00000E+00  0.00000E+00  0.00000E+00     0.40874E+01 -0.76324E-01 -0.40110E+01  0.18532E-01  0.64575E-01 -0.23099E-01      298. 0.140E+00     2.303  0.1144E+01  0.8104E+01  0.7172E+01
  0.18472E+00  0.70162E+01     0.16000E+00  0.00000E+00 -0.16000E+00  0.00000E+00  0.00000E+00  0.00000E+00     0.40919E+01 -0.84953E-01 -0.40070E+01  0.19297E-01  0.68419E-01 -0.23886E-01      298. 0.160E+00     2.304  0.1288E+01  0.8102E+01  0.7170E+01
  0.20781E+00  0.70203E+01     0.18000E+00  0.00000E+00 -0.18000E+00  0.00000E+00  0.00000E+00  0.00000E+00     0.40981E+01 -0.92924E-01 -0.40052E+01  0.22472E-01  0.70657E-01 -0.25867E-01      298. 0.180E+00     2.306  0.1431E+01  0.8113E+01  0.7181E+01
  0.23089E+00  0.70245E+01     0.20000E+00  0.00000E+00 -0.20000E+00  0.00000E+00  0.00000E+00  0.00000E+00     0.41028E+01 -0.97782E-01 -0.40050E+01  0.24631E-01  0.73023E-01 -0.28639E-01      298. 0.200E+00     2.308  0.1575E+01  0.8115E+01  0.7185E+01
  0.25398E+00  0.70314E+01     0.22000E+00  0.00000E+00 -0.22000E+00  0.00000E+00  0.00000E+00  0.00000E+00     0.41093E+01 -0.10304E+00 -0.40062E+01  0.27286E-01  0.73380E-01 -0.32137E-01      298. 0.220E+00     2.309  0.1719E+01  0.8118E+01  0.7194E+01
  0.27706E+00  0.70257E+01     0.24000E+00  0.00000E+00 -0.24000E+00  0.00000E+00  0.00000E+00  0.00000E+00     0.41047E+01 -0.10053E+00 -0.40042E+01  0.26777E-01  0.73314E-01 -0.32598E-01      298. 0.240E+00     2.310  0.1863E+01  0.8118E+01  0.7197E+01
  0.30015E+00  0.70327E+01     0.26000E+00  0.00000E+00 -0.26000E+00  0.00000E+00  0.00000E+00  0.00000E+00     0.41095E+01 -0.10187E+00 -0.40076E+01  0.25489E-01  0.70844E-01 -0.36642E-01      298. 0.260E+00     2.311  0.2007E+01  0.8124E+01  0.7211E+01
  0.32323E+00  0.70330E+01     0.28000E+00  0.00000E+00 -0.28000E+00  0.00000E+00  0.00000E+00  0.00000E+00     0.41118E+01 -0.10647E+00 -0.40053E+01  0.23941E-01  0.71825E-01 -0.40508E-01      298. 0.280E+00     2.312  0.2151E+01  0.8127E+01  0.7218E+01
  0.34631E+00  0.70361E+01     0.30000E+00  0.00000E+00 -0.30000E+00  0.00000E+00  0.00000E+00  0.00000E+00     0.41140E+01 -0.10742E+00 -0.40066E+01  0.23020E-01  0.71695E-01 -0.41148E-01      298. 0.300E+00     2.313  0.2296E+01  0.8117E+01  0.7213E+01
  0.36940E+00  0.70378E+01     0.32000E+00  0.00000E+00 -0.32000E+00  0.00000E+00  0.00000E+00  0.00000E+00     0.41184E+01 -0.11456E+00 -0.40038E+01  0.21317E-01  0.73709E-01 -0.43855E-01      298. 0.320E+00     2.314  0.2440E+01  0.8133E+01  0.7235E+01
  0.39248E+00  0.70381E+01     0.34000E+00  0.00000E+00 -0.34000E+00  0.00000E+00  0.00000E+00  0.00000E+00     0.41203E+01 -0.11835E+00 -0.40020E+01  0.20370E-01  0.73909E-01 -0.44956E-01      298. 0.340E+00     2.314  0.2585E+01  0.8125E+01  0.7233E+01
  0.41556E+00  0.70413E+01     0.36000E+00  0.00000E+00 -0.36000E+00  0.00000E+00  0.00000E+00  0.00000E+00     0.41259E+01 -0.12603E+00 -0.39999E+01  0.18147E-01  0.71286E-01 -0.45695E-01      298. 0.360E+00     2.315  0.2730E+01  0.8134E+01  0.7250E+01
  0.43864E+00  0.70424E+01     0.38000E+00  0.00000E+00 -0.38000E+00  0.00000E+00  0.00000E+00  0.00000E+00     0.41309E+01 -0.13511E+00 -0.39958E+01  0.15918E-01  0.68040E-01 -0.44039E-01      298. 0.380E+00     2.316  0.2875E+01  0.8135E+01  0.7258E+01
  0.46172E+00  0.70459E+01     0.40000E+00  0.00000E+00 -0.40000E+00  0.00000E+00  0.00000E+00  0.00000E+00     0.41356E+01 -0.14050E+00 -0.39951E+01  0.12232E-01  0.65741E-01 -0.43302E-01      298. 0.400E+00     2.316  0.3021E+01  0.8135E+01  0.7267E+01
  0.48480E+00  0.70495E+01     0.42000E+00  0.00000E+00 -0.42000E+00  0.00000E+00  0.00000E+00  0.00000E+00     0.41399E+01 -0.14516E+00 -0.39948E+01  0.90512E-02  0.64512E-01 -0.42175E-01      298. 0.420E+00     2.316  0.3166E+01  0.8134E+01  0.7275E+01
  0.50788E+00  0.70518E+01     0.44000E+00  0.00000E+00 -0.44000E+00  0.00000E+00  0.00000E+00  0.00000E+00     0.41422E+01 -0.14723E+00 -0.39950E+01  0.68391E-02  0.66272E-01 -0.41329E-01      298. 0.440E+00     2.317  0.3312E+01  0.8136E+01  0.7286E+01
  0.53095E+00  0.70528E+01     0.46000E+00  0.00000E+00 -0.46000E+00  0.00000E+00  0.00000E+00  0.00000E+00     0.41457E+01 -0.15349E+00 -0.39922E+01  0.39089E-02  0.67617E-01 -0.40223E-01      298. 0.460E+00     2.317  0.3458E+01  0.8138E+01  0.7298E+01
  0.55403E+00  0.70537E+01     0.48000E+00  0.00000E+00 -0.48000E+00  0.00000E+00  0.00000E+00  0.00000E+00     0.41496E+01 -0.16047E+00 -0.39891E+01  0.40703E-03  0.68618E-01 -0.38754E-01      298. 0.480E+00     2.317  0.3604E+01  0.8139E+01  0.7309E+01
  0.57711E+00  0.70544E+01     0.50000E+00  0.00000E+00 -0.50000E+00  0.00000E+00  0.00000E+00  0.00000E+00     0.41527E+01 -0.16631E+00 -0.39864E+01 -0.41900E-02  0.68579E-01 -0.37294E-01      298. 0.500E+00     2.317  0.3750E+01  0.8141E+01  0.7320E+01
  0.60018E+00  0.70553E+01     0.52000E+00  0.00000E+00 -0.52000E+00  0.00000E+00  0.00000E+00  0.00000E+00     0.41557E+01 -0.17150E+00 -0.39842E+01 -0.85008E-02  0.67893E-01 -0.35463E-01      298. 0.520E+00     2.317  0.3897E+01  0.8142E+01  0.7330E+01
  0.62326E+00  0.70562E+01     0.54000E+00  0.00000E+00 -0.54000E+00  0.00000E+00  0.00000E+00  0.00000E+00     0.41586E+01 -0.17659E+00 -0.39820E+01 -0.12124E-01  0.67191E-01 -0.33649E-01      298. 0.540E+00     2.317  0.4044E+01  0.8143E+01  0.7340E+01
  0.64633E+00  0.70562E+01     0.56000E+00  0.00000E+00 -0.56000E+00  0.00000E+00  0.00000E+00  0.00000E+00     0.41610E+01 -0.18170E+00 -0.39793E+01 -0.14971E-01  0.65315E-01 -0.32135E-01      298. 0.560E+00     2.317  0.4191E+01  0.8145E+01  0.7351E+01
  0.66940E+00  0.70571E+01     0.58000E+00  0.00000E+00 -0.58000E+00  0.00000E+00  0.00000E+00  0.00000E+00     0.41637E+01 -0.18629E+00 -0.39774E+01 -0.18870E-01  0.62925E-01 -0.31319E-01      298. 0.580E+00     2.317  0.4338E+01  0.8146E+01  0.7360E+01
  0.69248E+00  0.70589E+01     0.60000E+00  0.00000E+00 -0.60000E+00  0.00000E+00  0.00000E+00  0.00000E+00     0.41672E+01 -0.19138E+00 -0.39758E+01 -0.23678E-01  0.60352E-01 -0.30221E-01      298. 0.600E+00     2.318  0.4485E+01  0.8146E+01  0.7369E+01
  0.71555E+00  0.70602E+01     0.62000E+00  0.00000E+00 -0.62000E+00  0.00000E+00  0.00000E+00  0.00000E+00     0.41703E+01 -0.19660E+00 -0.39737E+01 -0.28716E-01  0.57182E-01 -0.29344E-01      298. 0.620E+00     2.318  0.4633E+01  0.8147E+01  0.7378E+01
  0.73862E+00  0.70614E+01     0.64000E+00  0.00000E+00 -0.64000E+00  0.00000E+00  0.00000E+00  0.00000E+00     0.41733E+01 -0.20144E+00 -0.39718E+01 -0.33516E-01  0.53829E-01 -0.28836E-01      298. 0.640E+00     2.318  0.4781E+01  0.8147E+01  0.7388E+01
  0.76169E+00  0.70625E+01     0.66000E+00  0.00000E+00 -0.66000E+00  0.00000E+00  0.00000E+00  0.00000E+00     0.41758E+01 -0.20553E+00 -0.39703E+01 -0.37795E-01  0.51236E-01 -0.27939E-01      298. 0.660E+00     2.317  0.4929E+01  0.8147E+01  0.7397E+01
  0.78476E+00  0.70633E+01     0.68000E+00  0.00000E+00 -0.68000E+00  0.00000E+00  0.00000E+00  0.00000E+00     0.41777E+01 -0.20865E+00 -0.39691E+01 -0.41650E-01  0.49196E-01 -0.27101E-01      298. 0.680E+00     2.317  0.5077E+01  0.8148E+01  0.7406E+01
  0.80782E+00  0.70646E+01     0.70000E+00  0.00000E+00 -0.70000E+00  0.00000E+00  0.00000E+00  0.00000E+00     0.41797E+01 -0.21136E+00 -0.39683E+01 -0.45084E-01  0.47263E-01 -0.26218E-01      298. 0.700E+00     2.317  0.5225E+01  0.8148E+01  0.7414E+01
  0.83089E+00  0.70663E+01     0.72000E+00  0.00000E+00 -0.72000E+00  0.00000E+00  0.00000E+00  0.00000E+00     0.41820E+01 -0.21411E+00 -0.39678E+01 -0.48368E-01  0.45525E-01 -0.25386E-01      298. 0.720E+00     2.317  0.5373E+01  0.8148E+01  0.7422E+01
  0.85396E+00  0.70679E+01     0.74000E+00  0.00000E+00 -0.74000E+00  0.00000E+00  0.00000E+00  0.00000E+00     0.41840E+01 -0.21652E+00 -0.39675E+01 -0.51214E-01  0.44001E-01 -0.24748E-01      298. 0.740E+00     2.317  0.5522E+01  0.8148E+01  0.7431E+01
  0.87702E+00  0.70690E+01     0.76000E+00  0.00000E+00 -0.76000E+00  0.00000E+00  0.00000E+00  0.00000E+00     0.41858E+01 -0.21914E+00 -0.39667E+01 -0.53577E-01  0.43076E-01 -0.24261E-01      298. 0.760E+00     2.317  0.5671E+01  0.8149E+01  0.7440E+01
  0.90009E+00  0.70696E+01     0.78000E+00  0.00000E+00 -0.78000E+00  0.00000E+00  0.00000E+00  0.00000E+00     0.41879E+01 -0.22299E+00 -0.39649E+01 -0.55635E-01  0.42247E-01 -0.23969E-01      298. 0.780E+00     2.317  0.5820E+01  0.8151E+01  0.7449E+01
  0.92315E+00  0.70703E+01     0.80000E+00  0.00000E+00 -0.80000E+00  0.00000E+00  0.00000E+00  0.00000E+00     0.41901E+01 -0.22695E+00 -0.39631E+01 -0.57391E-01  0.40907E-01 -0.23279E-01      298. 0.800E+00     2.317  0.5969E+01  0.8152E+01  0.7457E+01
  0.94622E+00  0.70711E+01     0.82000E+00  0.00000E+00 -0.82000E+00  0.00000E+00  0.00000E+00  0.00000E+00     0.41923E+01 -0.23066E+00 -0.39616E+01 -0.58912E-01  0.39700E-01 -0.21793E-01      298. 0.820E+00     2.317  0.6118E+01  0.8154E+01  0.7465E+01
  0.96928E+00  0.70723E+01     0.84000E+00  0.00000E+00 -0.84000E+00  0.00000E+00  0.00000E+00  0.00000E+00     0.41945E+01 -0.23413E+00 -0.39604E+01 -0.60337E-01  0.38697E-01 -0.20030E-01      298. 0.840E+00     2.317  0.6268E+01  0.8154E+01  0.7472E+01
  0.99234E+00  0.70716E+01     0.86000E+00  0.00000E+00 -0.86000E+00  0.00000E+00  0.00000E+00  0.00000E+00     0.41950E+01 -0.23609E+00 -0.39589E+01 -0.61677E-01  0.38042E-01 -0.18847E-01      298. 0.860E+00     2.317  0.6417E+01  0.8155E+01  0.7477E+01
  0.10154E+01  0.70745E+01     0.88000E+00  0.00000E+00 -0.88000E+00  0.00000E+00  0.00000E+00  0.00000E+00     0.41975E+01 -0.23787E+00 -0.39596E+01 -0.62915E-01  0.37647E-01 -0.18595E-01      298. 0.880E+00     2.318  0.6567E+01  0.8156E+01  0.7484E+01
  0.10385E+01  0.70750E+01     0.90000E+00  0.00000E+00 -0.90000E+00  0.00000E+00  0.00000E+00  0.00000E+00     0.41981E+01 -0.23855E+00 -0.39595E+01 -0.63511E-01  0.37292E-01 -0.18988E-01      298. 0.900E+00     2.318  0.6717E+01  0.8158E+01  0.7491E+01
  0.10615E+01  0.70754E+01     0.92000E+00  0.00000E+00 -0.92000E+00  0.00000E+00  0.00000E+00  0.00000E+00     0.41990E+01 -0.24000E+00 -0.39590E+01 -0.63640E-01  0.36694E-01 -0.19690E-01      298. 0.920E+00     2.318  0.6867E+01  0.8160E+01  0.7498E+01
  0.10846E+01  0.70761E+01     0.94000E+00  0.00000E+00 -0.94000E+00  0.00000E+00  0.00000E+00  0.00000E+00     0.42005E+01 -0.24254E+00 -0.39580E+01 -0.63560E-01  0.35959E-01 -0.20236E-01      298. 0.940E+00     2.318  0.7017E+01  0.8161E+01  0.7505E+01
  0.11076E+01  0.70777E+01     0.96000E+00  0.00000E+00 -0.96000E+00  0.00000E+00  0.00000E+00  0.00000E+00     0.42028E+01 -0.24553E+00 -0.39573E+01 -0.63221E-01  0.35386E-01 -0.20649E-01      298. 0.960E+00     2.319  0.7167E+01  0.8162E+01  0.7510E+01
  0.11307E+01  0.70799E+01     0.98000E+00  0.00000E+00 -0.98000E+00  0.00000E+00  0.00000E+00  0.00000E+00     0.42055E+01 -0.24868E+00 -0.39569E+01 -0.62724E-01  0.34982E-01 -0.21065E-01      298. 0.980E+00     2.319  0.7317E+01  0.8163E+01  0.7516E+01
  0.11538E+01  0.70819E+01     0.10000E+01  0.00000E+00 -0.10000E+01  0.00000E+00  0.00000E+00  0.00000E+00     0.42082E+01 -0.25189E+00 -0.39563E+01 -0.61963E-01  0.34682E-01 -0.21199E-01      298. 0.100E+01     2.319  0.7468E+01  0.8165E+01  0.7523E+01
          Dvm          Svm          D11          D22          D33          D23          D13          D12             SDEV11       SDEV22       SDEV33       SDEV23       SDEV13       SDEV12      TEMP    TAYLAV      WORKAV      WRATE1      WRATE2 
  0.81516E+00  0.75428E+01    -0.40825E+00 -0.40825E+00  0.81650E+00  0.00000E+00  0.00000E+00  0.00000E+00    -0.22620E+01 -0.27583E+01  0.50203E+01  0.14470E-01 -0.11433E-01  0.28917E-02      298.     2.455  0.7576E+01  0.6149E+01  0.5392E+01
  0.81098E+00  0.75352E+01    -0.46832E+00 -0.34507E+00  0.81339E+00  0.00000E+00  0.00000E+00  0.00000E+00    -0.23846E+01 -0.26367E+01  0.50213E+01  0.13987E-01 -0.15143E-01  0.85242E-03      298.     2.446  0.7683E+01  0.6111E+01  0.5366E+01
  0.80436E+00  0.75153E+01    -0.52483E+00 -0.27926E+00  0.80409E+00  0.00000E+00  0.00000E+00  0.00000E+00    -0.25137E+01 -0.24964E+01  0.50101E+01  0.14153E-01 -0.19259E-01 -0.20720E-02      298.     2.425  0.7789E+01  0.6045E+01  0.5319E+01
  0.79650E+00  0.74785E+01    -0.57735E+00 -0.21132E+00  0.78868E+00  0.00000E+00  0.00000E+00  0.00000E+00    -0.26639E+01 -0.23177E+01  0.49816E+01  0.18564E-01 -0.23103E-01 -0.54804E-02      298.     2.393  0.7894E+01  0.5956E+01  0.5256E+01
  0.79064E+00  0.74032E+01    -0.62547E+00 -0.14178E+00  0.76726E+00  0.00000E+00  0.00000E+00  0.00000E+00    -0.28695E+01 -0.20426E+01  0.49121E+01  0.30786E-01 -0.26077E-01 -0.95936E-02      298.     2.354  0.7998E+01  0.5852E+01  0.5192E+01
  0.79701E+00  0.72093E+01    -0.66883E+00 -0.71162E-01  0.74000E+00  0.00000E+00  0.00000E+00  0.00000E+00    -0.32459E+01 -0.14461E+01  0.46919E+01  0.52628E-01 -0.31939E-01 -0.10782E-01      298.     2.311  0.8101E+01  0.5745E+01  0.5156E+01
  0.81518E+00  0.69621E+01    -0.70711E+00  0.00000E+00  0.70711E+00  0.00000E+00  0.00000E+00  0.00000E+00    -0.41379E+01  0.24964E+00  0.38883E+01  0.60780E-01 -0.34006E-01  0.21040E-01      298.     2.279  0.8206E+01  0.5674E+01  0.5228E+01
  0.80196E+00  0.71745E+01    -0.74000E+00  0.71162E-01  0.66883E+00  0.00000E+00  0.00000E+00  0.00000E+00    -0.46360E+01  0.13013E+01  0.33348E+01  0.53510E-01 -0.36940E-01  0.12544E-01      298.     2.314  0.8310E+01  0.5746E+01  0.5193E+01
  0.80438E+00  0.72747E+01    -0.76726E+00  0.14178E+00  0.62547E+00  0.00000E+00  0.00000E+00  0.00000E+00    -0.47732E+01  0.16459E+01  0.31273E+01  0.50539E-01 -0.40094E-01  0.90140E-02      298.     2.360  0.8414E+01  0.5853E+01  0.5212E+01
  0.80916E+00  0.73483E+01    -0.78868E+00  0.21132E+00  0.57735E+00  0.00000E+00  0.00000E+00  0.00000E+00    -0.48580E+01  0.18856E+01  0.29724E+01  0.47381E-01 -0.38644E-01  0.51014E-02      298.     2.401  0.8519E+01  0.5949E+01  0.5240E+01
  0.81350E+00  0.73995E+01    -0.80409E+00  0.27926E+00  0.52483E+00  0.00000E+00  0.00000E+00  0.00000E+00    -0.49126E+01  0.20727E+01  0.28399E+01  0.44320E-01 -0.35891E-01  0.45865E-02      298.     2.434  0.8624E+01  0.6021E+01  0.5264E+01
  0.81604E+00  0.74332E+01    -0.81339E+00  0.34507E+00  0.46832E+00  0.00000E+00  0.00000E+00  0.00000E+00    -0.49473E+01  0.22325E+01  0.27148E+01  0.43224E-01 -0.29798E-01  0.36792E-02      298.     2.456  0.8730E+01  0.6071E+01  0.5282E+01
  0.81619E+00  0.74501E+01    -0.81650E+00  0.40825E+00  0.40825E+00  0.00000E+00  0.00000E+00  0.00000E+00    -0.49649E+01  0.23763E+01  0.25887E+01  0.43068E-01 -0.23150E-01  0.28948E-03      298.     2.466  0.8835E+01  0.6082E+01  0.5280E+01
  0.81378E+00  0.74575E+01    -0.81339E+00  0.46832E+00  0.34507E+00  0.00000E+00  0.00000E+00  0.00000E+00    -0.49713E+01  0.25134E+01  0.24578E+01  0.43325E-01 -0.20121E-01 -0.41852E-02      298.     2.464  0.8941E+01  0.6065E+01  0.5269E+01
  0.80924E+00  0.74451E+01    -0.80409E+00  0.52483E+00  0.27926E+00  0.00000E+00  0.00000E+00  0.00000E+00    -0.49588E+01  0.26582E+01  0.23006E+01  0.45421E-01 -0.68141E-02 -0.18553E-01      298.     2.451  0.9046E+01  0.6025E+01  0.5262E+01
  0.80433E+00  0.74054E+01    -0.78868E+00  0.57735E+00  0.21132E+00  0.00000E+00  0.00000E+00  0.00000E+00    -0.49167E+01  0.28405E+01  0.20762E+01  0.47538E-01  0.11511E-02 -0.33987E-01      298.     2.428  0.9151E+01  0.5956E+01  0.5262E+01
  0.80910E+00  0.72787E+01    -0.76726E+00  0.62547E+00  0.14178E+00  0.00000E+00  0.00000E+00  0.00000E+00    -0.47396E+01  0.32680E+01  0.14717E+01  0.45452E-01  0.39213E-01 -0.37394E-01      298.     2.414  0.9256E+01  0.5883E+01  0.5242E+01
  0.81587E+00  0.71583E+01    -0.74000E+00  0.66883E+00  0.71162E-01  0.00000E+00  0.00000E+00  0.00000E+00    -0.43942E+01  0.38078E+01  0.58649E+00  0.37129E-01  0.37660E-01 -0.35601E-01      298.     2.412  0.9360E+01  0.5841E+01  0.5202E+01
  0.81184E+00  0.71930E+01    -0.70711E+00  0.70711E+00  0.00000E+00  0.00000E+00  0.00000E+00  0.00000E+00    -0.38748E+01  0.43836E+01 -0.50874E+00  0.34337E-01  0.24618E-01 -0.20951E-01      298.     2.418  0.9465E+01  0.5841E+01  0.5251E+01
  0.80257E+00  0.73376E+01    -0.66883E+00  0.74000E+00 -0.71162E-01  0.00000E+00  0.00000E+00  0.00000E+00    -0.34234E+01  0.47374E+01 -0.13140E+01  0.30163E-01  0.21600E-01 -0.22738E-01      298.     2.443  0.9570E+01  0.5892E+01  0.5242E+01
  0.80254E+00  0.74659E+01    -0.62547E+00  0.76726E+00 -0.14178E+00  0.00000E+00  0.00000E+00  0.00000E+00    -0.31593E+01  0.49103E+01 -0.17510E+01  0.15632E-01  0.21819E-01 -0.23531E-01      298.     2.481  0.9675E+01  0.5994E+01  0.5259E+01
  0.80599E+00  0.75754E+01    -0.57735E+00  0.78868E+00 -0.21132E+00  0.00000E+00  0.00000E+00  0.00000E+00    -0.29548E+01  0.50241E+01 -0.20693E+01  0.42459E-02  0.22171E-01 -0.27077E-01      298.     2.516  0.9781E+01  0.6107E+01  0.5275E+01
  0.81019E+00  0.76706E+01    -0.52483E+00  0.80409E+00 -0.27926E+00  0.00000E+00  0.00000E+00  0.00000E+00    -0.27770E+01  0.51070E+01 -0.23300E+01 -0.56170E-02  0.21621E-01 -0.34370E-01      298.     2.545  0.9886E+01  0.6216E+01  0.5281E+01
  0.81388E+00  0.77385E+01    -0.46832E+00  0.81339E+00 -0.34507E+00  0.00000E+00  0.00000E+00  0.00000E+00    -0.26148E+01  0.51586E+01 -0.25437E+01 -0.15706E-01  0.21785E-01 -0.39803E-01      298.     2.563  0.9992E+01  0.6299E+01  0.5275E+01
  0.81613E+00  0.77755E+01    -0.40825E+00  0.81650E+00 -0.40825E+00  0.00000E+00  0.00000E+00  0.00000E+00    -0.24667E+01  0.51814E+01 -0.27147E+01 -0.21971E-01  0.21936E-01 -0.40144E-01      298.     2.566  0.1010E+02  0.6346E+01  0.5255E+01
  0.81614E+00  0.77927E+01    -0.34507E+00  0.81339E+00 -0.46832E+00  0.00000E+00  0.00000E+00  0.00000E+00    -0.23245E+01  0.51856E+01 -0.28611E+01 -0.27612E-01  0.21144E-01 -0.33080E-01      298.     2.555  0.1020E+02  0.6359E+01  0.5227E+01
  0.81369E+00  0.77926E+01    -0.27926E+00  0.80409E+00 -0.52483E+00  0.00000E+00  0.00000E+00  0.00000E+00    -0.21723E+01  0.51728E+01 -0.30004E+01 -0.31321E-01  0.20149E-01 -0.24926E-01      298.     2.531  0.1031E+02  0.6338E+01  0.5192E+01
  0.80945E+00  0.77691E+01    -0.21132E+00  0.78868E+00 -0.57735E+00  0.00000E+00  0.00000E+00  0.00000E+00    -0.19830E+01  0.51350E+01 -0.31520E+01 -0.32210E-01  0.20197E-01 -0.14716E-01      298.     2.495  0.1041E+02  0.6285E+01  0.5142E+01
  0.80496E+00  0.77187E+01    -0.14178E+00  0.76726E+00 -0.62547E+00  0.00000E+00  0.00000E+00  0.00000E+00    -0.17287E+01  0.50616E+01 -0.33329E+01 -0.30165E-01  0.19782E-01  0.39940E-02      298.     2.452  0.1051E+02  0.6209E+01  0.5094E+01
  0.80564E+00  0.75825E+01    -0.71162E-01  0.74000E+00 -0.66883E+00  0.00000E+00  0.00000E+00  0.00000E+00    -0.12522E+01  0.48673E+01 -0.36151E+01 -0.24010E-01  0.18291E-01  0.12479E-01      298.     2.407  0.1061E+02  0.6116E+01  0.5062E+01
  0.81639E+00  0.73810E+01     0.00000E+00  0.70711E+00 -0.70711E+00  0.00000E+00  0.00000E+00  0.00000E+00     0.68063E-01  0.42269E+01 -0.42949E+01 -0.16059E-01  0.19651E-01  0.21080E-01      298.     2.370  0.1071E+02  0.6027E+01  0.5089E+01
  0.81229E+00  0.73814E+01     0.71162E-01  0.66883E+00 -0.74000E+00  0.00000E+00  0.00000E+00  0.00000E+00     0.92292E+00  0.37245E+01 -0.46474E+01 -0.13128E-01  0.20053E-01  0.77026E-02      298.     2.365  0.1082E+02  0.5993E+01  0.5165E+01
  0.81160E+00  0.74364E+01     0.14178E+00  0.62547E+00 -0.76726E+00  0.00000E+00  0.00000E+00  0.00000E+00     0.13886E+01  0.34271E+01 -0.48158E+01 -0.13824E-01  0.21708E-01 -0.15900E-02      298.     2.382  0.1092E+02  0.6032E+01  0.5294E+01
  0.81140E+00  0.75057E+01     0.21132E+00  0.57735E+00 -0.78868E+00  0.00000E+00  0.00000E+00  0.00000E+00     0.18257E+01  0.31218E+01 -0.49475E+01 -0.14115E-01  0.98217E-02 -0.58194E-02      298.     2.407  0.1103E+02  0.6092E+01  0.5366E+01
  0.81492E+00  0.75310E+01     0.27926E+00  0.52483E+00 -0.80409E+00  0.00000E+00  0.00000E+00  0.00000E+00     0.20066E+01  0.29824E+01 -0.49889E+01 -0.13473E-01  0.61707E-02 -0.57638E-02      298.     2.434  0.1114E+02  0.6139E+01  0.5385E+01
  0.81648E+00  0.75422E+01     0.34507E+00  0.46832E+00 -0.81339E+00  0.00000E+00  0.00000E+00  0.00000E+00     0.21422E+01  0.28684E+01 -0.50106E+01 -0.14452E-01  0.10105E-01 -0.43201E-02      298.     2.451  0.1125E+02  0.6158E+01  0.5398E+01
          Dvm          Svm          D11          D22          D33          D23          D13          D12             SCAU11       SCAU22       SCAU33       SCAU23       SCAU13       SCAU12      TEMP    TAYLAV      WORKAV      WRATE1      WRATE2 
  0.81645E+00  0.74559E+01     0.81650E+00 -0.45472E+00 -0.36178E+00  0.00000E+00  0.00000E+00  0.00000E+00     0.74554E+01  0.00000E+00  0.00000E+00 -0.43018E-01  0.19425E-01  0.25910E-02      298.     2.466  0.1135E+02  0.6085E+01  0.5283E+01
  0.81605E+00  0.74634E+01     0.81650E+00 -0.44588E+00 -0.37061E+00  0.00000E+00  0.00000E+00  0.00000E+00     0.74593E+01  0.00000E+00  0.00000E+00 -0.36634E-01  0.62246E-02 -0.13797E+00      298.     2.458  0.1146E+02  0.6092E+01  0.5219E+01
  0.81505E+00  0.74471E+01     0.81650E+00 -0.43889E+00 -0.37760E+00  0.00000E+00  0.00000E+00  0.00000E+00     0.74339E+01  0.00000E+00  0.00000E+00 -0.22169E-01 -0.15495E-01 -0.25428E+00      298.     2.418  0.1156E+02  0.6069E+01  0.5089E+01
  0.81387E+00  0.73123E+01     0.81650E+00 -0.47943E+00 -0.33706E+00  0.00000E+00  0.00000E+00  0.00000E+00     0.72887E+01  0.00000E+00  0.00000E+00 -0.54727E-02 -0.27979E-01 -0.33720E+00      298.     2.339  0.1166E+02  0.5951E+01  0.4986E+01
  0.81608E+00  0.70724E+01     0.81650E+00 -0.53840E+00 -0.27810E+00  0.00000E+00  0.00000E+00  0.00000E+00     0.70687E+01  0.00000E+00  0.00000E+00  0.28886E-03  0.21499E-02 -0.13097E+00      298.     2.232  0.1176E+02  0.5771E+01  0.5005E+01
  0.81527E+00  0.70183E+01     0.81650E+00 -0.56066E+00 -0.25583E+00  0.00000E+00  0.00000E+00  0.00000E+00     0.70078E+01  0.00000E+00  0.00000E+00 -0.36598E-03  0.19183E-01  0.22123E+00      298.     2.210  0.1186E+02  0.5722E+01  0.5082E+01
  0.81438E+00  0.71711E+01     0.81650E+00 -0.55268E+00 -0.26382E+00  0.00000E+00  0.00000E+00  0.00000E+00     0.71526E+01  0.00000E+00  0.00000E+00  0.10428E-01  0.15873E-01  0.29721E+00      298.     2.281  0.1196E+02  0.5842E+01  0.5185E+01
  0.81441E+00  0.73765E+01     0.81650E+00 -0.49836E+00 -0.31813E+00  0.00000E+00  0.00000E+00  0.00000E+00     0.73577E+01  0.00000E+00  0.00000E+00 -0.10537E-01  0.93452E-02  0.30365E+00      298.     2.403  0.1207E+02  0.6009E+01  0.5244E+01
  0.81500E+00  0.76409E+01     0.81650E+00 -0.46431E+00 -0.35219E+00  0.00000E+00  0.00000E+00  0.00000E+00     0.76269E+01  0.00000E+00  0.00000E+00 -0.28445E-01 -0.18308E-01  0.26477E+00      298.     2.515  0.1217E+02  0.6229E+01  0.5275E+01
  0.81645E+00  0.77493E+01     0.81650E+00 -0.45788E+00 -0.35861E+00  0.00000E+00  0.00000E+00  0.00000E+00     0.77488E+01  0.00000E+00  0.00000E+00 -0.21850E-01 -0.17373E-01  0.41064E-01      298.     2.565  0.1228E+02  0.6328E+01  0.5285E+01
