TEXTURE AT STRAIN =    1.0000
   1.008   2.905   0.334  <-- length of average ellipsoid axes for phase
   89.97    0.00    0.00  <-- Euler angles of average ellipsoid axes for phase
B       500
  125.02  104.65   24.17   0.0010000
 -134.38   33.84   74.85   0.0010000
  111.17   20.12  101.81   0.0010000
  133.99   95.51   37.80   0.0010000
  148.64   62.31  -12.81   0.0010000
  -10.16   12.11  -86.41   0.0010000
   24.17   94.83  -35.33   0.0010000
 -116.81  150.13   26.02   0.0010000
  -49.22   76.87  152.00   0.0010000
  -80.96  151.79 -130.33   0.0010000
  -78.34  151.93 -125.35   0.0010000
   86.40  152.37  132.28   0.0010000
   47.64   75.98   26.56   0.0010000
   35.53  114.65  164.18   0.0010000
   43.94  107.66  -22.08   0.0010000
  -79.77   79.68  166.59   0.0010000
   90.63   27.60 -136.02   0.0010000
  102.00   60.02   -4.07   0.0010000
   67.08   66.77 -165.58   0.0010000
  -87.59   27.77  145.43   0.0010000
 -139.76  110.94  -19.39   0.0010000
   46.72  145.56  -75.34   0.0010000
  -77.10   28.06   36.37   0.0010000
 -130.63   32.07  165.17   0.0010000
  130.54   77.36   62.28   0.0010000
  120.22   97.02  -55.56   0.0010000
  -51.11  103.43  -64.98   0.0010000
  -22.85   52.65  173.79   0.0010000
  -85.38   89.07 -117.42   0.0010000
  -25.23  139.99   -4.09   0.0010000
  129.70   77.31   62.78   0.0010000
  -21.57   50.60   -4.80   0.0010000
  152.62  122.10   99.91   0.0010000
  -61.32   77.93 -113.58   0.0010000
  -50.29  150.06 -111.43   0.0010000
   20.19   49.96  -87.16   0.0010000
  -23.25  143.19  175.32   0.0010000
 -138.36   62.79 -165.04   0.0010000
 -125.59   80.70  121.50   0.0010000
   28.16   60.58  101.07   0.0010000
 -126.50  124.90   79.29   0.0010000
  110.83   76.92   83.06   0.0010000
  174.12   57.74  178.90   0.0010000
  -60.36   30.32  115.39   0.0010000
  151.62   58.59 -100.66   0.0010000
 -135.69   84.87 -141.63   0.0010000
  -69.27   45.22    1.03   0.0010000
  128.27   81.99  145.50   0.0010000
  -37.48   39.41 -173.16   0.0010000
  -58.20   32.72 -160.24   0.0010000
  -82.11   28.18  -51.04   0.0010000
  -55.15   80.47  149.21   0.0010000
   45.62  105.21 -115.33   0.0010000
 -129.81  148.78   18.67   0.0010000
   87.73   38.49 -153.74   0.0010000
  -88.85  115.74   -0.89   0.0010000
   46.17  114.50 -105.46   0.0010000
   20.57   43.76   -0.56   0.0010000
  -21.58    5.79  -67.47   0.0010000
   46.75   75.07  114.75   0.0010000
  113.72   28.67   28.93   0.0010000
  -16.48   82.39  157.21   0.0010000
 -115.78   86.95 -139.97   0.0010000
  111.67  151.37 -120.08   0.0010000
  -53.08   80.83 -122.42   0.0010000
  162.40   80.59 -132.79   0.0010000
  -35.07  144.01  170.23   0.0010000
   46.75  106.80 -115.31   0.0010000
 -124.65   32.69   70.96   0.0010000
 -132.69   75.55 -154.33   0.0010000
   40.72   70.64   20.57   0.0010000
    4.90  115.19  176.16   0.0010000
  108.09   28.22  123.12   0.0010000
 -124.10   81.58  -57.00   0.0010000
   60.44  150.12  115.02   0.0010000
  -78.79  170.46    7.65   0.0010000
  -43.84  144.47  167.82   0.0010000
  143.45   54.13   80.05   0.0010000
  143.05   66.05   73.42   0.0010000
  -36.55  145.35   -2.54   0.0010000
  159.09   53.88  173.48   0.0010000
   89.45   27.70  136.02   0.0010000
  -84.08  151.75   53.02   0.0010000
  -41.65  109.51 -159.61   0.0010000
    4.58    9.29   84.95   0.0010000
  155.35   56.92  171.32   0.0010000
  164.91   86.43  141.15   0.0010000
   49.95   77.08  116.81   0.0010000
   35.11  115.00   74.20   0.0010000
   40.24   71.61  -67.84   0.0010000
  156.00   38.72    4.32   0.0010000
   91.98   27.89   42.72   0.0010000
  115.22   79.04  156.77   0.0010000
   39.94  117.17 -105.86   0.0010000
  -41.02  110.27   18.86   0.0010000
 -131.19  145.35  -78.06   0.0010000
  101.36  151.92  135.42   0.0010000
   61.48   83.06  -56.06   0.0010000
  119.93   99.50  -60.74   0.0010000
 -174.12   92.49   70.01   0.0010000
   63.57   86.51  -50.08   0.0010000
  177.41   73.24   86.37   0.0010000
  138.76   36.78   11.11   0.0010000
  147.20  124.59   99.26   0.0010000
   38.86  110.97   71.72   0.0010000
  124.74   94.98  -51.87   0.0010000
   80.14   28.21  -37.04   0.0010000
  -42.71   68.37  159.76   0.0010000
   31.55  117.31 -103.60   0.0010000
  -40.30   70.81 -110.59   0.0010000
  -37.81   36.89  -79.94   0.0010000
   45.67  106.90   67.24   0.0010000
  -62.45  106.46  113.09   0.0010000
 -137.18   71.77 -158.25   0.0010000
  137.83  111.22  -72.30   0.0010000
  131.40  146.93  -17.37   0.0010000
   54.65   77.74   26.83   0.0010000
  -63.68   30.20  -63.57   0.0010000
 -153.20  123.09   -9.34   0.0010000
   46.23  143.34   11.13   0.0010000
   61.59   10.36  -70.13   0.0010000
    7.94  110.33   85.22   0.0010000
   39.32   56.67 -169.41   0.0010000
 -117.44   37.37  166.33   0.0010000
  166.81  142.67   -2.09   0.0010000
   59.54  143.95   13.40   0.0010000
   89.22   89.39  -76.65   0.0010000
  154.21  124.86  -81.31   0.0010000
 -145.11   69.82 -156.56   0.0010000
  -42.86  147.30 -104.82   0.0010000
   16.36   61.49    7.60   0.0010000
 -125.51   84.17  126.81   0.0010000
   41.70  108.84 -110.65   0.0010000
  -57.48   38.14  -79.90   0.0010000
 -164.94  133.62  179.44   0.0010000
 -112.41  107.06  -16.94   0.0010000
  -52.75   68.42   72.66   0.0010000
  140.36   71.45  158.45   0.0010000
  -74.41   93.90   33.06   0.0010000
   36.98  114.03  163.31   0.0010000
  -75.12  154.13  134.69   0.0010000
  128.94  132.13   93.43   0.0010000
 -170.53   51.51   91.04   0.0010000
   79.00   28.25   53.11   0.0010000
 -147.45  116.88   76.21   0.0010000
  135.25  106.14   24.09   0.0010000
  146.98   43.20   92.08   0.0010000
  101.98   91.48  125.73   0.0010000
   26.66  108.91 -103.37   0.0010000
   89.40   89.88  132.71   0.0010000
 -147.00  118.19   76.33   0.0010000
  -50.74  101.62  -60.41   0.0010000
   44.86   72.54   22.19   0.0010000
 -122.99   96.21   54.03   0.0010000
 -102.70   91.47 -127.27   0.0010000
  118.56  149.45  155.28   0.0010000
 -117.34  148.93  -65.90   0.0010000
   26.76  144.34    7.94   0.0010000
  148.07   72.54   72.01   0.0010000
  152.73  101.46 -152.03   0.0010000
   32.86  118.01   76.56   0.0010000
  140.67   50.03  174.90   0.0010000
 -122.91   92.84   48.42   0.0010000
 -119.58  152.04 -146.83   0.0010000
   89.73   89.71   56.16   0.0010000
   50.04  102.15   61.23   0.0010000
  -78.21   17.65  174.68   0.0010000
  102.66   27.82  126.68   0.0010000
   97.95   86.06  163.44   0.0010000
  132.12   74.75  155.38   0.0010000
  -46.60   82.15 -124.24   0.0010000
  -56.26  149.49  -22.23   0.0010000
 -160.42   37.92  176.45   0.0010000
 -115.19   95.36  -36.19   0.0010000
 -118.41  143.83   13.47   0.0010000
  130.72   83.21  -36.11   0.0010000
  140.81  108.02  113.02   0.0010000
 -157.80  129.12  175.64   0.0010000
 -121.70   83.30  -54.74   0.0010000
  138.62   68.76 -108.82   0.0010000
  -29.32   52.41   83.37   0.0010000
  121.68   99.97 -152.54   0.0010000
 -148.34  129.12   84.71   0.0010000
 -106.55   35.38 -129.30   0.0010000
  132.26  104.73  115.22   0.0010000
  132.62   35.65   12.78   0.0010000
 -165.42   63.33 -171.53   0.0010000
   41.63  108.93   69.11   0.0010000
 -143.43   80.70 -147.92   0.0010000
  133.60  104.01  -64.12   0.0010000
 -144.14   65.19  -74.13   0.0010000
  122.12   28.27  -54.79   0.0010000
  -64.10  149.61  -26.08   0.0010000
  -78.21   84.36   69.07   0.0010000
  -53.06   79.56  149.83   0.0010000
   46.26  107.33  -21.51   0.0010000
  117.49  149.98  154.31   0.0010000
   79.03  152.04  126.89   0.0010000
   66.64  150.27 -151.75   0.0010000
 -122.42   56.46   10.42   0.0010000
   92.77  151.57  141.51   0.0010000
  -19.02  116.23   12.66   0.0010000
   41.70  108.05 -112.14   0.0010000
  121.73   77.67 -114.20   0.0010000
  -29.12  118.39   11.72   0.0010000
   46.85   75.29  -64.58   0.0010000
  123.56  148.15  -20.95   0.0010000
 -132.75  108.64  -20.49   0.0010000
   85.48   27.90   48.67   0.0010000
  -90.52  138.17  -75.66   0.0010000
  -78.52   55.79  -96.54   0.0010000
 -132.65   33.84  -15.66   0.0010000
  -57.63  150.33 -114.10   0.0010000
   13.92   72.09 -173.42   0.0010000
   -3.15  158.77  178.76   0.0010000
  114.99   93.21  -50.74   0.0010000
   42.02  105.75 -115.45   0.0010000
   53.66   31.69  160.42   0.0010000
   34.24   65.22 -164.56   0.0010000
 -155.62   56.38 -171.76   0.0010000
   77.75  151.69  -53.29   0.0010000
 -142.23   69.15   18.57   0.0010000
 -141.00   71.04 -158.39   0.0010000
  -45.84  126.76  -80.83   0.0010000
  -41.57   70.82  159.80   0.0010000
  128.12   98.54 -147.10   0.0010000
  -30.69  119.57 -167.92   0.0010000
  -10.18   88.82   13.38   0.0010000
 -101.35   32.22  177.02   0.0010000
 -159.77   77.92  -81.14   0.0010000
  -48.74   74.83 -113.56   0.0010000
  -10.72   93.62   16.30   0.0010000
  147.41  150.72   76.08   0.0010000
  138.06   70.58   69.15   0.0010000
 -139.17  144.55 -168.36   0.0010000
 -142.72   71.24  109.24   0.0010000
  167.04   86.07 -106.09   0.0010000
 -126.67  101.10  151.19   0.0010000
   56.23   99.31 -120.23   0.0010000
 -135.70   73.26 -157.49   0.0010000
   27.07   61.92   11.25   0.0010000
   35.84   50.91  -84.24   0.0010000
   34.15  138.23   93.10   0.0010000
  -87.83  152.23 -132.52   0.0010000
  -36.35   66.73 -106.39   0.0010000
  -40.00  131.12   93.03   0.0010000
 -124.38   82.23 -146.31   0.0010000
   97.46  151.67 -131.50   0.0010000
 -126.38  102.43   62.59   0.0010000
  -47.87  107.68 -159.19   0.0010000
 -112.06  107.06   77.22   0.0010000
  138.27   70.15 -109.79   0.0010000
 -108.04   66.51 -170.43   0.0010000
  -33.37   62.31  166.47   0.0010000
   28.82   57.76  100.62   0.0010000
  152.31   32.68   10.15   0.0010000
  -93.36  138.58 -179.10   0.0010000
   43.14   93.10   48.42   0.0010000
  -20.53  128.91  -83.46   0.0010000
  124.53   98.30 -146.32   0.0010000
 -137.66   70.91 -159.42   0.0010000
  -87.95   90.39  -59.30   0.0010000
  -35.46  145.14   79.09   0.0010000
  142.63   36.70  100.15   0.0010000
 -107.97  148.33 -157.34   0.0010000
    0.71   55.37  -56.60   0.0010000
  -51.92  147.77  -18.56   0.0010000
  -80.92  152.57   49.01   0.0010000
 -134.43   76.98  -62.25   0.0010000
  -55.93   81.86 -122.48   0.0010000
  -48.57  103.20  117.53   0.0010000
 -143.03  133.40  -92.12   0.0010000
 -121.05   94.22  -41.87   0.0010000
  -73.96   90.88  132.10   0.0010000
  -92.21  150.83  133.23   0.0010000
  -24.76  125.78  -82.11   0.0010000
 -136.77  117.77  -15.05   0.0010000
  173.41  127.59    0.76   0.0010000
  120.02  149.22  156.19   0.0010000
   48.22  104.04   63.53   0.0010000
 -117.75  149.23  -64.78   0.0010000
  137.38   72.45  -23.04   0.0010000
 -110.08  150.69 -149.41   0.0010000
   46.01   72.38  111.69   0.0010000
 -109.64  151.19 -148.88   0.0010000
 -113.42   95.18  -36.38   0.0010000
   34.65  119.10   77.19   0.0010000
  135.92   73.39   66.51   0.0010000
  -41.50  109.07 -158.96   0.0010000
   39.33   26.08  163.12   0.0010000
  -67.70  149.90   61.95   0.0010000
  -24.48   51.08  174.28   0.0010000
   49.99   76.68 -153.50   0.0010000
  -42.68   51.83   -6.38   0.0010000
  116.67  150.42 -116.52   0.0010000
  -36.36   65.53  163.67   0.0010000
  134.77  106.02 -156.09   0.0010000
  -85.89   84.49  157.96   0.0010000
 -166.32  153.01   97.93   0.0010000
 -146.40  122.10  168.94   0.0010000
   26.93   57.69    9.70   0.0010000
   44.37   46.23   92.05   0.0010000
  -55.48   31.80  110.39   0.0010000
 -151.95  120.96  -10.58   0.0010000
  -12.53  170.22   77.15   0.0010000
  -47.30   76.09 -116.12   0.0010000
  -42.20   71.03  159.78   0.0010000
 -135.06   70.31 -162.48   0.0010000
  145.68  114.12 -164.33   0.0010000
  -94.31   93.53   81.84   0.0010000
   28.60  133.63   89.17   0.0010000
  -52.20  100.67  120.62   0.0010000
 -151.79   56.64   99.73   0.0010000
 -148.72  120.85  168.20   0.0010000
 -130.65   45.10 -179.67   0.0010000
   63.85   81.83 -154.46   0.0010000
  -36.78   68.57   72.01   0.0010000
 -141.58   58.10  100.73   0.0010000
  -51.81  100.88 -150.19   0.0010000
 -148.95   71.74   18.59   0.0010000
  -20.08  141.71   -3.23   0.0010000
  125.28   78.20 -116.43   0.0010000
  -43.79   72.99  157.40   0.0010000
   99.68  151.39 -129.52   0.0010000
  -28.39   35.27 -171.45   0.0010000
  -40.81   70.80 -110.02   0.0010000
  -28.48  124.89   98.87   0.0010000
   26.37   81.11   28.54   0.0010000
  125.76   76.56  -23.65   0.0010000
  177.50   90.36   24.48   0.0010000
  -54.75   81.12   57.70   0.0010000
   38.91  111.01 -107.65   0.0010000
   99.35  151.90   51.79   0.0010000
 -124.85   36.77  -11.84   0.0010000
   30.56  119.49   78.04   0.0010000
 -135.13   72.43  111.69   0.0010000
  -41.12  143.87   79.20   0.0010000
   85.04   89.44 -153.76   0.0010000
  -40.96   77.82 -118.67   0.0010000
 -175.72   97.50  -31.29   0.0010000
  108.10   29.01   31.49   0.0010000
   70.61   89.25 -147.88   0.0010000
   83.03   28.88   51.87   0.0010000
   -1.31  141.39   -0.03   0.0010000
  115.69   95.45   35.94   0.0010000
  153.24  126.74 -172.60   0.0010000
   52.17   75.48   23.12   0.0010000
 -174.98  141.06    0.45   0.0010000
   44.90   72.55 -157.27   0.0010000
 -134.13  104.81   63.27   0.0010000
  131.70  145.86 -105.79   0.0010000
 -120.18   95.02   51.93   0.0010000
  -41.13  110.42  110.49   0.0010000
   88.02   94.48 -103.71   0.0010000
  114.47   29.37 -152.16   0.0010000
  -99.27   95.42  166.97   0.0010000
   33.09  113.92  -15.47   0.0010000
 -118.84   34.43   72.15   0.0010000
 -131.43   87.23   41.13   0.0010000
 -106.35   28.71 -123.51   0.0010000
  145.77  109.37  107.31   0.0010000
  -54.38   78.57   65.34   0.0010000
  155.96  124.70 -172.29   0.0010000
 -179.75   97.01  -72.16   0.0010000
  147.13   48.57  176.83   0.0010000
  156.76  140.73   -3.80   0.0010000
   40.97  108.04 -111.69   0.0010000
  122.86   83.02  144.43   0.0010000
  -76.99  151.88  -35.19   0.0010000
  -42.26  108.76 -159.14   0.0010000
  130.02  147.32  -17.78   0.0010000
  137.26   64.11  163.50   0.0010000
 -132.58   73.89  -66.16   0.0010000
  -87.92   27.92  -47.07   0.0010000
   11.22  133.35  -90.27   0.0010000
   45.77   73.03  -67.73   0.0010000
 -104.94  151.88 -144.66   0.0010000
   13.87   51.12  -87.86   0.0010000
   78.66   27.30  -43.15   0.0010000
  -37.09   66.05   73.47   0.0010000
 -113.63   61.87  -79.39   0.0010000
  -19.55  131.63   92.29   0.0010000
 -137.05  141.24 -172.69   0.0010000
 -143.22   37.64   81.13   0.0010000
  -65.84  134.47   -2.90   0.0010000
   37.93  110.88  162.03   0.0010000
   25.45   96.32  -37.67   0.0010000
   90.85   28.37 -135.92   0.0010000
  145.94  127.77   97.04   0.0010000
  125.93  100.09  120.34   0.0010000
  154.61  148.76  169.88   0.0010000
  130.85  102.97  -62.93   0.0010000
 -127.21   78.88  -61.63   0.0010000
  140.16   64.17  163.51   0.0010000
   43.53  105.17   67.25   0.0010000
 -146.21  125.41  -99.21   0.0010000
 -102.97  149.49  -60.71   0.0010000
  156.24   55.20  -98.00   0.0010000
   98.22   29.21   36.22   0.0010000
   50.96   75.58  -65.08   0.0010000
   92.81   24.25 -106.82   0.0010000
 -125.47   35.43   75.96   0.0010000
 -142.58   70.90   19.79   0.0010000
 -131.33   31.30  -18.78   0.0010000
   43.21   71.06 -158.96   0.0010000
 -133.24   93.08  -41.35   0.0010000
 -159.74  130.24  -92.98   0.0010000
 -143.86  129.91  175.13   0.0010000
 -142.43   50.91 -174.80   0.0010000
  -89.43   90.06   46.36   0.0010000
 -138.37  107.34   66.84   0.0010000
  127.63  149.07  -20.56   0.0010000
  -42.93   71.84 -111.62   0.0010000
    4.20   92.92  -96.66   0.0010000
  114.64  149.81 -116.70   0.0010000
   15.22   51.27 -177.33   0.0010000
  -55.56   99.81   30.39   0.0010000
  -52.74  100.15 -149.18   0.0010000
 -160.25   44.07  179.52   0.0010000
   71.38  152.39  -56.86   0.0010000
   87.52  150.99  139.20   0.0010000
  119.21   99.65 -153.14   0.0010000
  -25.11  123.34 -170.99   0.0010000
  131.15  146.42 -106.57   0.0010000
  -33.90   64.62   74.86   0.0010000
 -131.26  105.21  155.96   0.0010000
 -151.17  123.47   -9.75   0.0010000
  179.22  124.33  -89.75   0.0010000
  -79.70  151.88  142.35   0.0010000
   30.36   61.87   12.67   0.0010000
  159.25  127.27   95.67   0.0010000
   49.91   76.02 -154.15   0.0010000
  144.37  136.49  178.47   0.0010000
  -92.14   39.18  -91.86   0.0010000
  141.41   76.64  -26.84   0.0010000
    2.84   10.02  -99.35   0.0010000
   52.35   72.54  113.55   0.0010000
 -139.01   38.39   -8.31   0.0010000
  -79.52   58.69  172.11   0.0010000
 -139.26   70.78   20.25   0.0010000
  123.51  105.27  111.08   0.0010000
   47.10  104.81  -24.84   0.0010000
   -1.07   87.59   35.33   0.0010000
  -31.13  115.83  104.26   0.0010000
   52.62  154.18 -153.19   0.0010000
  -89.79  151.72  132.84   0.0010000
 -135.48   32.75  164.46   0.0010000
   93.63   90.88  -59.28   0.0010000
  -46.89  109.02 -161.11   0.0010000
  131.71   35.45  103.04   0.0010000
  128.37   30.85   19.60   0.0010000
   59.38   97.45   56.27   0.0010000
  132.70   33.47   15.85   0.0010000
  143.19  111.52 -161.82   0.0010000
  137.29   33.75  -76.31   0.0010000
  134.78  142.87 -101.79   0.0010000
  -87.54   28.87  -47.98   0.0010000
 -130.23   74.97  113.95   0.0010000
  143.03   67.80   72.41   0.0010000
  -44.04   57.10  172.22   0.0010000
   47.24   80.76  122.91   0.0010000
 -165.32   96.52   65.14   0.0010000
   23.37  105.42  -19.12   0.0010000
  -33.82  123.52   10.84   0.0010000
   40.04   66.78  107.93   0.0010000
   16.98  127.84   86.57   0.0010000
  173.25   12.20  -91.74   0.0010000
  -50.91   79.12  149.88   0.0010000
  -28.09   48.34   -2.90   0.0010000
   39.12  136.41 -178.56   0.0010000
  -99.14  151.15  -37.20   0.0010000
 -160.54   32.44   83.40   0.0010000
  -26.12  124.64  -81.44   0.0010000
   51.57  101.16 -119.54   0.0010000
 -133.34   95.33  -71.53   0.0010000
  -23.63  143.79   83.74   0.0010000
 -103.66  146.43   19.02   0.0010000
  -66.51   69.57   -4.79   0.0010000
 -108.29  152.02  -55.30   0.0010000
  156.48   48.61  -95.87   0.0010000
  -27.01   71.15  158.42   0.0010000
   37.44   67.64   17.34   0.0010000
 -140.85  110.57 -109.58   0.0010000
   43.50   35.40  -12.89   0.0010000
  153.33   28.61 -167.90   0.0010000
  103.75   95.20 -159.80   0.0010000
  -95.47   28.27  138.42   0.0010000
  -94.13   90.80  155.39   0.0010000
  123.96   99.32  121.09   0.0010000
 -167.66  146.98  -87.35   0.0010000
 -142.49  113.72  -16.51   0.0010000
 -145.55   64.04  104.44   0.0010000
   32.63   55.70   99.25   0.0010000
 -162.37  152.12    7.13   0.0010000
 -147.16   92.65  -41.75   0.0010000
  -36.95  115.68   15.58   0.0010000
  126.13   77.40  -25.53   0.0010000
   42.05  108.45   68.28   0.0010000
   -5.78  100.48   46.80   0.0010000
 -127.42   79.05  -60.98   0.0010000
