     Evm         C11  C22  C33  C23  C13  C12   C44  C55  C66                                                                   A1  A2  A3
     0.00000     0.1112E+03  0.1118E+03  0.1108E+03  0.5839E+02  0.5899E+02  0.5801E+02  0.2571E+02  0.2630E+02  0.2534E+02     0.0000E+00  0.0000E+00  0.0000E+00
     0.01000     0.1112E+03  0.1118E+03  0.1108E+03  0.5839E+02  0.5900E+02  0.5802E+02  0.2571E+02  0.2631E+02  0.2534E+02     0.0000E+00  0.0000E+00  0.0000E+00
     0.02000     0.1112E+03  0.1118E+03  0.1108E+03  0.5839E+02  0.5902E+02  0.5802E+02  0.2571E+02  0.2632E+02  0.2535E+02     0.0000E+00  0.0000E+00  0.0000E+00
     0.03000     0.1111E+03  0.1118E+03  0.1108E+03  0.5839E+02  0.5903E+02  0.5803E+02  0.2571E+02  0.2634E+02  0.2535E+02     0.0000E+00  0.0000E+00  0.0000E+00
     0.04000     0.1111E+03  0.1118E+03  0.1108E+03  0.5839E+02  0.5904E+02  0.5804E+02  0.2571E+02  0.2635E+02  0.2536E+02     0.0000E+00  0.0000E+00  0.0000E+00
     0.05000     0.1111E+03  0.1118E+03  0.1108E+03  0.5839E+02  0.5905E+02  0.5804E+02  0.2571E+02  0.2636E+02  0.2536E+02     0.0000E+00  0.0000E+00  0.0000E+00
     0.06000     0.1111E+03  0.1118E+03  0.1107E+03  0.5839E+02  0.5907E+02  0.5805E+02  0.2571E+02  0.2637E+02  0.2537E+02     0.0000E+00  0.0000E+00  0.0000E+00
     0.07000     0.1111E+03  0.1118E+03  0.1107E+03  0.5839E+02  0.5908E+02  0.5805E+02  0.2571E+02  0.2639E+02  0.2538E+02     0.0000E+00  0.0000E+00  0.0000E+00
     0.08000     0.1111E+03  0.1118E+03  0.1107E+03  0.5839E+02  0.5909E+02  0.5806E+02  0.2571E+02  0.2640E+02  0.2538E+02     0.0000E+00  0.0000E+00  0.0000E+00
     0.09000     0.1110E+03  0.1117E+03  0.1107E+03  0.5839E+02  0.5910E+02  0.5807E+02  0.2571E+02  0.2641E+02  0.2539E+02     0.0000E+00  0.0000E+00  0.0000E+00
     0.10000     0.1110E+03  0.1117E+03  0.1107E+03  0.5839E+02  0.5911E+02  0.5807E+02  0.2571E+02  0.2642E+02  0.2539E+02     0.0000E+00  0.0000E+00  0.0000E+00
     0.11000     0.1110E+03  0.1117E+03  0.1107E+03  0.5839E+02  0.5912E+02  0.5808E+02  0.2571E+02  0.2643E+02  0.2540E+02     0.0000E+00  0.0000E+00  0.0000E+00
     0.12000     0.1110E+03  0.1117E+03  0.1107E+03  0.5839E+02  0.5913E+02  0.5808E+02  0.2571E+02  0.2644E+02  0.2540E+02     0.0000E+00  0.0000E+00  0.0000E+00
     0.13000     0.1110E+03  0.1117E+03  0.1107E+03  0.5839E+02  0.5915E+02  0.5809E+02  0.2571E+02  0.2645E+02  0.2541E+02     0.0000E+00  0.0000E+00  0.0000E+00
     0.14000     0.1109E+03  0.1117E+03  0.1107E+03  0.5839E+02  0.5916E+02  0.5810E+02  0.2571E+02  0.2646E+02  0.2541E+02     0.0000E+00  0.0000E+00  0.0000E+00
     0.15000     0.1109E+03  0.1117E+03  0.1106E+03  0.5839E+02  0.5916E+02  0.5810E+02  0.2571E+02  0.2647E+02  0.2542E+02     0.0000E+00  0.0000E+00  0.0000E+00
     0.15000     0.1109E+03  0.1117E+03  0.1106E+03  0.5839E+02  0.5916E+02  0.5810E+02  0.2571E+02  0.2647E+02  0.2542E+02     0.0000E+00  0.0000E+00  0.0000E+00
     0.16000     0.1109E+03  0.1117E+03  0.1106E+03  0.5839E+02  0.5917E+02  0.5811E+02  0.2571E+02  0.2648E+02  0.2542E+02     0.0000E+00  0.0000E+00  0.0000E+00
     0.17000     0.1109E+03  0.1117E+03  0.1106E+03  0.5839E+02  0.5918E+02  0.5811E+02  0.2571E+02  0.2649E+02  0.2543E+02     0.0000E+00  0.0000E+00  0.0000E+00
     0.18000     0.1109E+03  0.1117E+03  0.1106E+03  0.5839E+02  0.5919E+02  0.5812E+02  0.2571E+02  0.2650E+02  0.2543E+02     0.0000E+00  0.0000E+00  0.0000E+00
     0.19000     0.1109E+03  0.1117E+03  0.1106E+03  0.5839E+02  0.5920E+02  0.5812E+02  0.2572E+02  0.2651E+02  0.2544E+02     0.0000E+00  0.0000E+00  0.0000E+00
     0.20000     0.1109E+03  0.1117E+03  0.1106E+03  0.5839E+02  0.5920E+02  0.5813E+02  0.2572E+02  0.2652E+02  0.2544E+02     0.0000E+00  0.0000E+00  0.0000E+00
     0.21000     0.1109E+03  0.1117E+03  0.1106E+03  0.5839E+02  0.5921E+02  0.5813E+02  0.2572E+02  0.2652E+02  0.2545E+02     0.0000E+00  0.0000E+00  0.0000E+00
     0.22000     0.1108E+03  0.1117E+03  0.1106E+03  0.5840E+02  0.5922E+02  0.5814E+02  0.2572E+02  0.2653E+02  0.2545E+02     0.0000E+00  0.0000E+00  0.0000E+00
     0.23000     0.1108E+03  0.1117E+03  0.1106E+03  0.5840E+02  0.5922E+02  0.5814E+02  0.2572E+02  0.2653E+02  0.2546E+02     0.0000E+00  0.0000E+00  0.0000E+00
     0.24000     0.1108E+03  0.1117E+03  0.1106E+03  0.5840E+02  0.5923E+02  0.5815E+02  0.2572E+02  0.2654E+02  0.2546E+02     0.0000E+00  0.0000E+00  0.0000E+00
     0.25000     0.1108E+03  0.1116E+03  0.1106E+03  0.5840E+02  0.5923E+02  0.5815E+02  0.2572E+02  0.2654E+02  0.2546E+02     0.0000E+00  0.0000E+00  0.0000E+00
     0.26000     0.1108E+03  0.1116E+03  0.1106E+03  0.5840E+02  0.5923E+02  0.5816E+02  0.2573E+02  0.2655E+02  0.2547E+02     0.0000E+00  0.0000E+00  0.0000E+00
     0.26999     0.1108E+03  0.1116E+03  0.1106E+03  0.5840E+02  0.5924E+02  0.5816E+02  0.2573E+02  0.2655E+02  0.2547E+02     0.0000E+00  0.0000E+00  0.0000E+00
     0.27999     0.1108E+03  0.1116E+03  0.1106E+03  0.5840E+02  0.5924E+02  0.5817E+02  0.2573E+02  0.2655E+02  0.2547E+02     0.0000E+00  0.0000E+00  0.0000E+00
     0.28999     0.1108E+03  0.1116E+03  0.1106E+03  0.5840E+02  0.5924E+02  0.5817E+02  0.2573E+02  0.2655E+02  0.2548E+02     0.0000E+00  0.0000E+00  0.0000E+00
     0.29999     0.1108E+03  0.1116E+03  0.1106E+03  0.5841E+02  0.5924E+02  0.5817E+02  0.2573E+02  0.2656E+02  0.2548E+02     0.0000E+00  0.0000E+00  0.0000E+00
     0.29999     0.1108E+03  0.1116E+03  0.1106E+03  0.5841E+02  0.5924E+02  0.5817E+02  0.2573E+02  0.2656E+02  0.2548E+02     0.0000E+00  0.0000E+00  0.0000E+00
