          Evm          Svm          E11          E22          E33          E23          E13          E12             SCAU11       SCAU22       SCAU33       SCAU23       SCAU13       SCAU12      TEMP      TIME    TAYLAV      WORKAV
  0.00000E+00  0.14249E+03     0.00000E+00  0.00000E+00  0.00000E+00  0.00000E+00  0.00000E+00  0.00000E+00    -0.14248E+03  0.00000E+00  0.00000E+00  0.48429E-01 -0.21475E+00  0.55610E+00      298.      0.00     2.121  0.1252E+01
  0.99997E-02  0.17441E+03    -0.10000E-01  0.18157E-02  0.81843E-02  0.00000E+00  0.00000E+00  0.00000E+00    -0.17441E+03  0.00000E+00  0.00000E+00  0.60663E-01 -0.25265E+00  0.66333E+00      298.     10.00     2.112  0.2797E+01
  0.19999E-01  0.20040E+03    -0.20000E-01  0.36189E-02  0.16381E-01  0.00000E+00  0.00000E+00  0.00000E+00    -0.20039E+03  0.00000E+00  0.00000E+00  0.70212E-01 -0.29022E+00  0.71915E+00      298.     20.00     2.108  0.4573E+01
  0.29999E-01  0.22168E+03    -0.30000E-01  0.54187E-02  0.24581E-01  0.00000E+00  0.00000E+00  0.00000E+00    -0.22167E+03  0.00000E+00  0.00000E+00  0.77959E-01 -0.32750E+00  0.74232E+00      298.     30.00     2.103  0.6536E+01
  0.39999E-01  0.23933E+03    -0.40000E-01  0.72111E-02  0.32789E-01  0.00000E+00  0.00000E+00  0.00000E+00    -0.23933E+03  0.00000E+00  0.00000E+00  0.83807E-01 -0.36598E+00  0.74330E+00      298.     40.00     2.098  0.8654E+01
  0.49999E-01  0.25424E+03    -0.50000E-01  0.89944E-02  0.41006E-01  0.00000E+00  0.00000E+00  0.00000E+00    -0.25424E+03  0.00000E+00  0.00000E+00  0.90839E-01 -0.40871E+00  0.72982E+00      298.     50.00     2.092  0.1090E+02
  0.59999E-01  0.26695E+03    -0.60000E-01  0.10769E-01  0.49231E-01  0.00000E+00  0.00000E+00  0.00000E+00    -0.26695E+03  0.00000E+00  0.00000E+00  0.95317E-01 -0.45371E+00  0.70700E+00      298.     60.00     2.086  0.1326E+02
  0.69999E-01  0.27775E+03    -0.70000E-01  0.12536E-01  0.57464E-01  0.00000E+00  0.00000E+00  0.00000E+00    -0.27775E+03  0.00000E+00  0.00000E+00  0.10084E+00 -0.50205E+00  0.67829E+00      298.     70.00     2.081  0.1571E+02
  0.79998E-01  0.28722E+03    -0.80000E-01  0.14294E-01  0.65706E-01  0.00000E+00  0.00000E+00  0.00000E+00    -0.28721E+03  0.00000E+00  0.00000E+00  0.10790E+00 -0.55340E+00  0.64823E+00      298.     80.00     2.075  0.1824E+02
  0.89998E-01  0.29552E+03    -0.90000E-01  0.16043E-01  0.73957E-01  0.00000E+00  0.00000E+00  0.00000E+00    -0.29551E+03  0.00000E+00  0.00000E+00  0.11361E+00 -0.60491E+00  0.61919E+00      298.     90.00     2.070  0.2084E+02
  0.99998E-01  0.30283E+03    -0.10000E+00  0.17786E-01  0.82214E-01  0.00000E+00  0.00000E+00  0.00000E+00    -0.30283E+03  0.00000E+00  0.00000E+00  0.11760E+00 -0.65540E+00  0.59352E+00      298.    100.00     2.065  0.2350E+02
  0.11000E+00  0.30924E+03    -0.11000E+00  0.19523E-01  0.90477E-01  0.00000E+00  0.00000E+00  0.00000E+00    -0.30923E+03  0.00000E+00  0.00000E+00  0.11876E+00 -0.70361E+00  0.57326E+00      298.    110.00     2.060  0.2622E+02
  0.12000E+00  0.31493E+03    -0.12000E+00  0.21255E-01  0.98745E-01  0.00000E+00  0.00000E+00  0.00000E+00    -0.31492E+03  0.00000E+00  0.00000E+00  0.12172E+00 -0.75119E+00  0.55952E+00      298.    120.00     2.055  0.2898E+02
  0.13000E+00  0.32006E+03    -0.13000E+00  0.22982E-01  0.10702E+00  0.00000E+00  0.00000E+00  0.00000E+00    -0.32006E+03  0.00000E+00  0.00000E+00  0.12385E+00 -0.79713E+00  0.55418E+00      298.    130.00     2.051  0.3179E+02
  0.14000E+00  0.32471E+03    -0.14000E+00  0.24708E-01  0.11529E+00  0.00000E+00  0.00000E+00  0.00000E+00    -0.32471E+03  0.00000E+00  0.00000E+00  0.12224E+00 -0.84105E+00  0.55908E+00      298.    140.00     2.047  0.3464E+02
  0.15000E+00  0.32901E+03    -0.15000E+00  0.26433E-01  0.12357E+00  0.00000E+00  0.00000E+00  0.00000E+00    -0.32901E+03  0.00000E+00  0.00000E+00  0.12588E+00 -0.88590E+00  0.57119E+00      298.    150.00     2.043  0.3752E+02
          Evm          Svm          E11          E22          E33          E23          E13          E12             SCAU11       SCAU22       SCAU33       SCAU23       SCAU13       SCAU12      TEMP      TIME    TAYLAV      WORKAV
  0.15000E+00  0.39374E+03    -0.15000E+00  0.26433E-01  0.12357E+00  0.00000E+00  0.00000E+00  0.00000E+00    -0.39374E+03  0.00000E+00  0.00000E+00  0.14257E+00 -0.10655E+01  0.68754E+00      298.    150.00     2.050  0.4096E+02
  0.16000E+00  0.41202E+03    -0.16000E+00  0.28174E-01  0.13183E+00  0.00000E+00  0.00000E+00  0.00000E+00    -0.41201E+03  0.00000E+00  0.00000E+00  0.14028E+00 -0.11442E+01  0.74299E+00      298.    150.00     2.040  0.4456E+02
  0.17000E+00  0.43007E+03    -0.17000E+00  0.29903E-01  0.14010E+00  0.00000E+00  0.00000E+00  0.00000E+00    -0.43007E+03  0.00000E+00  0.00000E+00  0.13960E+00 -0.12281E+01  0.81267E+00      298.    150.00     2.038  0.4832E+02
  0.18000E+00  0.44666E+03    -0.18000E+00  0.31638E-01  0.14836E+00  0.00000E+00  0.00000E+00  0.00000E+00    -0.44666E+03  0.00000E+00  0.00000E+00  0.13974E+00 -0.13054E+01  0.88754E+00      298.    150.00     2.036  0.5222E+02
  0.19000E+00  0.46233E+03    -0.19000E+00  0.33378E-01  0.15662E+00  0.00000E+00  0.00000E+00  0.00000E+00    -0.46232E+03  0.00000E+00  0.00000E+00  0.14320E+00 -0.13723E+01  0.96921E+00      298.    150.00     2.034  0.5626E+02
  0.20000E+00  0.47711E+03    -0.20000E+00  0.35127E-01  0.16487E+00  0.00000E+00  0.00000E+00  0.00000E+00    -0.47710E+03  0.00000E+00  0.00000E+00  0.14411E+00 -0.14236E+01  0.10602E+01      298.    150.00     2.033  0.6042E+02
  0.21000E+00  0.49110E+03    -0.21000E+00  0.36886E-01  0.17311E+00  0.00000E+00  0.00000E+00  0.00000E+00    -0.49109E+03  0.00000E+00  0.00000E+00  0.15040E+00 -0.14579E+01  0.11579E+01      298.    150.00     2.032  0.6470E+02
  0.22000E+00  0.50431E+03    -0.22000E+00  0.38658E-01  0.18134E+00  0.00000E+00  0.00000E+00  0.00000E+00    -0.50430E+03  0.00000E+00  0.00000E+00  0.15848E+00 -0.14748E+01  0.12657E+01      298.    150.00     2.031  0.6909E+02
  0.23000E+00  0.51702E+03    -0.23000E+00  0.40444E-01  0.18956E+00  0.00000E+00  0.00000E+00  0.00000E+00    -0.51701E+03  0.00000E+00  0.00000E+00  0.17637E+00 -0.14765E+01  0.13827E+01      298.    150.00     2.032  0.7358E+02
  0.24000E+00  0.52888E+03    -0.24000E+00  0.42247E-01  0.19775E+00  0.00000E+00  0.00000E+00  0.00000E+00    -0.52887E+03  0.00000E+00  0.00000E+00  0.19424E+00 -0.14620E+01  0.15093E+01      298.    150.00     2.032  0.7817E+02
  0.25000E+00  0.54030E+03    -0.25000E+00  0.44067E-01  0.20593E+00  0.00000E+00  0.00000E+00  0.00000E+00    -0.54029E+03  0.00000E+00  0.00000E+00  0.21997E+00 -0.14350E+01  0.16432E+01      298.    150.00     2.033  0.8285E+02
  0.26000E+00  0.55114E+03    -0.26000E+00  0.45905E-01  0.21410E+00  0.00000E+00  0.00000E+00  0.00000E+00    -0.55113E+03  0.00000E+00  0.00000E+00  0.25562E+00 -0.13974E+01  0.17782E+01      298.    150.00     2.034  0.8762E+02
  0.26999E+00  0.56155E+03    -0.27000E+00  0.47763E-01  0.22224E+00  0.00000E+00  0.00000E+00  0.00000E+00    -0.56154E+03  0.00000E+00  0.00000E+00  0.30275E+00 -0.13506E+01  0.19101E+01      298.    150.00     2.036  0.9247E+02
  0.27999E+00  0.57148E+03    -0.28000E+00  0.49643E-01  0.23036E+00  0.00000E+00  0.00000E+00  0.00000E+00    -0.57147E+03  0.00000E+00  0.00000E+00  0.35895E+00 -0.12913E+01  0.20333E+01      298.    150.00     2.038  0.9740E+02
  0.28999E+00  0.58109E+03    -0.29000E+00  0.51547E-01  0.23845E+00  0.00000E+00  0.00000E+00  0.00000E+00    -0.58108E+03  0.00000E+00  0.00000E+00  0.42121E+00 -0.12217E+01  0.21468E+01      298.    150.00     2.041  0.1024E+03
  0.29999E+00  0.59034E+03    -0.30000E+00  0.53477E-01  0.24652E+00  0.00000E+00  0.00000E+00  0.00000E+00    -0.59033E+03  0.00000E+00  0.00000E+00  0.49309E+00 -0.11419E+01  0.22448E+01      298.    150.00     2.043  0.1075E+03
