TEXTURE AT STRAIN =    2.0000
   1.000   4.973   0.195  <-- length of average ellipsoid axes for phase
   90.00    0.00    0.00  <-- Euler angles of average ellipsoid axes for phase
B       500
  121.82   95.68   40.94   0.0020000
 -138.85   42.40   82.43   0.0020000
 -138.48   41.83   -9.26   0.0020000
  132.78  106.10   32.31   0.0020000
  152.62   51.25  -11.86   0.0020000
  -24.42   41.76  -84.66   0.0020000
   33.36  117.61  -21.63   0.0020000
 -130.72  140.52   14.91   0.0020000
  -50.06   85.81  138.07   0.0020000
  -57.28  142.89 -113.07   0.0020000
  -82.61  146.02 -130.48   0.0020000
   82.06  145.40  129.93   0.0020000
   50.14   79.10   37.67   0.0020000
   29.82  125.95  165.73   0.0020000
   47.13  108.08  -30.35   0.0020000
  -82.62   90.02  136.90   0.0020000
   79.68   34.15 -128.42   0.0020000
  129.73   72.30  -31.67   0.0020000
   61.28   79.38 -142.76   0.0020000
  -61.90   36.60  117.74   0.0020000
 -144.28  116.49  -23.32   0.0020000
   40.62  136.56  -85.39   0.0020000
  -59.86   37.15   25.18   0.0020000
 -134.81   41.21  168.70   0.0020000
  128.59   82.00   49.88   0.0020000
  124.82   94.01  -47.79   0.0020000
  -59.07  100.98  -52.65   0.0020000
  -32.13   47.01  176.34   0.0020000
  -73.66   89.75 -133.76   0.0020000
  -34.16  135.75   -1.05   0.0020000
  125.73   80.21   51.00   0.0020000
  -33.78   45.64   -0.78   0.0020000
  149.42  131.45   96.57   0.0020000
  -66.84   88.63 -133.15   0.0020000
  -33.96  136.63  -93.16   0.0020000
   32.74   45.58  -87.99   0.0020000
  -36.02  136.40  177.35   0.0020000
 -138.32   67.95 -153.59   0.0020000
 -126.80   84.20  131.05   0.0020000
   26.46   50.02   99.85   0.0020000
 -133.61  109.27   60.02   0.0020000
  115.71   95.00  130.55   0.0020000
  152.32   46.61  176.07   0.0020000
  -43.35   41.81   99.19   0.0020000
  150.07   48.81  -98.11   0.0020000
 -134.94   71.01 -150.59   0.0020000
  -43.12   68.44  -26.86   0.0020000
  130.11   89.20  135.22   0.0020000
  -36.97   44.99 -179.33   0.0020000
  -58.43   37.85 -158.73   0.0020000
  -83.55   34.51  -48.85   0.0020000
  -54.43   83.66  139.26   0.0020000
   48.62  104.68 -123.64   0.0020000
 -137.46  139.26   10.79   0.0020000
   55.30   85.70 -137.39   0.0020000
 -119.03  105.49  -32.20   0.0020000
   60.16   86.33  -47.13   0.0020000
   33.53   44.69    0.01   0.0020000
    0.77   40.55  -89.54   0.0020000
   50.15   75.31  124.56   0.0020000
  129.10   38.20   19.57   0.0020000
  -21.15  133.90 -177.91   0.0020000
 -124.49   88.82 -136.02   0.0020000
  127.40  141.26 -109.56   0.0020000
  -51.37   87.70 -133.26   0.0020000
 -153.40   48.89 -173.31   0.0020000
  -38.34  137.27  175.06   0.0020000
   35.53  135.76 -177.41   0.0020000
 -134.02   42.06   82.01   0.0020000
 -128.97   77.65 -144.07   0.0020000
   34.45   62.53   22.53   0.0020000
  -13.93  134.14 -178.80   0.0020000
  127.48   37.80  110.99   0.0020000
 -126.77   86.49  -47.47   0.0020000
   44.48  140.09  104.90   0.0020000
   11.23  137.53   91.73   0.0020000
  -40.50  137.17  175.33   0.0020000
 -142.91   43.86   -3.55   0.0020000
  149.19   58.38   70.90   0.0020000
  -42.59  138.47   -8.42   0.0020000
  150.16   46.74  175.68   0.0020000
   99.41   34.07  129.26   0.0020000
 -100.88  145.82   38.13   0.0020000
  -42.46  111.42 -152.17   0.0020000
   -5.18   41.41   91.33   0.0020000
  150.96   48.30  172.80   0.0020000
  148.69   61.17  158.55   0.0020000
   53.65   79.48  128.39   0.0020000
   30.62  127.73   77.87   0.0020000
   32.34   60.68  -68.94   0.0020000
  145.34   43.35    3.26   0.0020000
   78.96   34.20   52.03   0.0020000
  112.70   87.45  137.13   0.0020000
   86.48  145.54  -47.83   0.0020000
  -39.69  113.28   26.08   0.0020000
 -130.26  140.57  -75.03   0.0020000
  131.02  140.90  161.64   0.0020000
   57.09   85.71  -47.39   0.0020000
  121.03   91.32  -46.19   0.0020000
  179.54   48.29   89.30   0.0020000
   55.28   89.34  -45.11   0.0020000
  173.22   46.81   88.86   0.0020000
  142.93   44.43    0.66   0.0020000
  140.66  134.21   90.98   0.0020000
   32.24  119.36   69.77   0.0020000
  127.84   91.25  -46.06   0.0020000
   83.93   33.95  -41.05   0.0020000
  -29.74   43.67   93.39   0.0020000
   29.80  129.93  -99.17   0.0020000
  -34.11   62.78 -111.93   0.0020000
  -38.17   43.77  -86.31   0.0020000
   50.84  104.64   56.10   0.0020000
  -57.70   92.00  134.08   0.0020000
 -136.70   69.12 -152.47   0.0020000
  120.20   83.07 -130.51   0.0020000
  140.53  136.61   -4.67   0.0020000
   58.61   84.48   41.71   0.0020000
  -48.00   40.51  -76.99   0.0020000
 -148.28  132.49   -5.87   0.0020000
   41.75  136.10    3.27   0.0020000
  -31.26   42.66    5.61   0.0020000
   18.90  132.20   87.36   0.0020000
   34.00   61.53 -158.28   0.0020000
 -106.20   91.40  136.62   0.0020000
  145.80  136.13   -3.41   0.0020000
   83.94  145.47   40.90   0.0020000
   84.64   89.12  -47.82   0.0020000
  145.55  133.91  -88.23   0.0020000
  150.14   46.42  -93.66   0.0020000
  -37.85  138.50  -98.11   0.0020000
   23.44   47.02    3.94   0.0020000
 -128.14   86.97  132.79   0.0020000
   39.15  113.72 -114.88   0.0020000
  -82.00   34.60  -50.20   0.0020000
 -148.21  134.92  179.08   0.0020000
 -101.36   90.55  -44.64   0.0020000
  -51.20   74.47   56.88   0.0020000
  147.91   60.77  158.89   0.0020000
  -60.00   93.85   42.74   0.0020000
   30.88  123.21  163.10   0.0020000
  -31.80  141.09  168.84   0.0020000
  101.93  145.09   53.58   0.0020000
 -152.53   45.70   90.59   0.0020000
   71.08   34.92   57.24   0.0020000
 -153.18  128.38   77.66   0.0020000
  132.06  106.66   31.84   0.0020000
  144.43   45.12   89.07   0.0020000
  116.86   90.80  133.96   0.0020000
   14.68  127.93  -97.17   0.0020000
  110.23   89.61  134.90   0.0020000
 -145.89  131.84   83.11   0.0020000
  -50.79   93.68  -47.05   0.0020000
   49.62   73.94   33.26   0.0020000
 -126.56   93.61   46.96   0.0020000
 -120.32   92.20 -133.88   0.0020000
  132.77  139.13  168.21   0.0020000
 -124.71  141.76  -72.05   0.0020000
   32.26  136.09    3.19   0.0020000
  160.77  130.79   95.36   0.0020000
  148.30  118.95 -159.45   0.0020000
   32.29  130.01   81.11   0.0020000
  147.01   55.65  163.81   0.0020000
 -126.76   88.92   44.05   0.0020000
 -145.34  136.68 -176.74   0.0020000
   58.83   91.24   46.09   0.0020000
   50.71   95.70   49.11   0.0020000
   31.02   43.63   87.81   0.0020000
  119.35   36.34  116.13   0.0020000
  109.78   87.07  138.01   0.0020000
  126.63   79.29  141.69   0.0020000
  -48.79   75.24 -123.68   0.0020000
  -43.41  140.21  -13.59   0.0020000
 -147.04   43.92  176.77   0.0020000
 -123.22   93.53  -43.09   0.0020000
  -92.45  146.14   43.17   0.0020000
  131.27   80.23  -38.46   0.0020000
  147.47  118.64  110.79   0.0020000
 -147.57  134.05  177.22   0.0020000
 -126.01   86.52  -47.45   0.0020000
  137.63   68.50 -117.75   0.0020000
  -36.30   45.79   88.88   0.0020000
  118.66   96.89 -140.43   0.0020000
 -144.81  133.56   86.25   0.0020000
 -123.99   89.11 -135.84   0.0020000
  127.79  100.64  127.57   0.0020000
  138.87   43.50    2.74   0.0020000
 -164.64   45.52  179.75   0.0020000
   39.21  113.68   65.08   0.0020000
 -142.43   65.26 -156.00   0.0020000
  131.88  106.60  -58.09   0.0020000
 -149.46   54.40  -75.46   0.0020000
  147.47   44.17  -88.78   0.0020000
  -50.92  140.67  -14.30   0.0020000
  -69.14   88.07   47.71   0.0020000
  -53.02   84.18  138.93   0.0020000
   50.17  106.30  -32.26   0.0020000
  131.18  139.97  165.15   0.0020000
   69.35  144.29  121.69   0.0020000
   49.80  139.86 -165.62   0.0020000
 -131.62   72.41   30.89   0.0020000
   66.64  143.96  120.16   0.0020000
  -27.36  134.93    0.81   0.0020000
   37.41  114.94 -113.83   0.0020000
  113.38   86.19 -131.87   0.0020000
  -25.97  129.06   11.24   0.0020000
   50.20   76.30  -54.59   0.0020000
  135.09  138.02   -8.30   0.0020000
 -129.90  106.44  -32.94   0.0020000
   88.15   33.85   46.29   0.0020000
  -56.24   98.25  -50.02   0.0020000
  -52.67   74.71 -123.38   0.0020000
 -139.36   43.23   -5.20   0.0020000
  -37.16  139.21  -99.56   0.0020000
   20.48   50.53 -171.05   0.0020000
  -14.34  136.73  179.39   0.0020000
  124.15   91.78  -46.41   0.0020000
   39.37  113.48 -115.09   0.0020000
   44.81   40.87  169.49   0.0020000
   26.15   52.69 -166.31   0.0020000
 -149.89   48.24 -174.03   0.0020000
   58.17  142.34  -66.62   0.0020000
 -150.47   57.89   18.03   0.0020000
 -148.96   59.33 -160.81   0.0020000
  -86.43  146.12 -132.54   0.0020000
  -40.13   67.25  154.24   0.0020000
  128.86   96.38 -139.44   0.0020000
  -30.93  130.90 -171.43   0.0020000
  -26.17   47.68   -4.49   0.0020000
 -140.86   36.76 -108.35   0.0020000
 -164.17   52.61  -81.50   0.0020000
  -55.77   77.78 -126.23   0.0020000
  -21.31   47.07   -2.29   0.0020000
  149.77  137.30   84.69   0.0020000
  137.13   68.86   61.90   0.0020000
 -140.20  137.41 -174.65   0.0020000
 -162.73  130.09   83.26   0.0020000
  156.09  132.55  -86.41   0.0020000
 -123.28   98.83  140.48   0.0020000
   55.78   97.36 -130.02   0.0020000
 -133.65   71.31 -150.27   0.0020000
   23.31   50.04    9.12   0.0020000
   37.68   47.27  -85.05   0.0020000
   38.47  135.95   93.04   0.0020000
 -100.15  145.86 -141.46   0.0020000
  -28.95   56.76 -106.99   0.0020000
  -31.59  127.08  103.44   0.0020000
 -126.96   85.42 -138.16   0.0020000
  122.22  142.37 -113.25   0.0020000
 -124.82   96.44   48.76   0.0020000
  -51.92  105.94 -146.43   0.0020000
  -93.98   89.12  126.56   0.0020000
  136.23   69.44 -118.68   0.0020000
 -126.71   74.13 -147.27   0.0020000
  -31.48   51.39  169.22   0.0020000
   33.98   46.61   94.11   0.0020000
  152.94   44.28    0.65   0.0020000
  -73.03  145.60 -125.91   0.0020000
   45.98   71.80   31.00   0.0020000
  -34.03  135.11  -89.59   0.0020000
  127.32   92.11 -136.59   0.0020000
 -136.09   69.53 -152.07   0.0020000
  -71.38   91.07  -45.92   0.0020000
  -35.33  136.98   85.91   0.0020000
  141.53   42.95   94.36   0.0020000
  -83.04  146.04 -130.85   0.0020000
   33.74   44.96  -89.36   0.0020000
  -43.48  138.66   -8.94   0.0020000
  -62.55  144.07   62.07   0.0020000
 -135.66   69.99  -61.61   0.0020000
  -53.64   84.65 -131.38   0.0020000
  -50.18   97.48  130.33   0.0020000
 -136.38  137.49  -84.78   0.0020000
 -125.99   88.25  -46.37   0.0020000
  -58.74   91.02  134.69   0.0020000
 -107.55   90.38  134.92   0.0020000
  -32.77  133.65  -86.46   0.0020000
 -136.38  111.05  -28.19   0.0020000
  173.61  134.56   -0.46   0.0020000
  133.74  138.86  168.95   0.0020000
   50.85   98.21   50.87   0.0020000
 -135.12  138.27  -82.57   0.0020000
  136.86   69.13  -28.37   0.0020000
 -126.29  141.65 -161.64   0.0020000
   50.62   74.19  123.58   0.0020000
 -125.53  142.02 -160.01   0.0020000
 -122.88   91.16  -44.58   0.0020000
   31.79  125.36   75.40   0.0020000
  133.69   71.44   59.28   0.0020000
  -40.09  112.99 -153.66   0.0020000
   40.32   40.55  169.25   0.0020000
  -59.78  143.06   67.33   0.0020000
  -34.97   45.49  179.54   0.0020000
   54.49   79.62 -141.48   0.0020000
  -35.69   63.69  -22.67   0.0020000
  130.86  140.34 -106.41   0.0020000
  -30.44   55.86  164.07   0.0020000
  131.15  105.95 -147.43   0.0020000
 -120.58   91.67  135.76   0.0020000
  153.00  135.66   88.17   0.0020000
 -143.80  131.65  173.16   0.0020000
   30.36   48.19    7.11   0.0020000
   65.97   35.79   62.05   0.0020000
  -45.80   41.30  100.58   0.0020000
 -151.23  130.89   -8.65   0.0020000
    3.24  137.59   90.83   0.0020000
  -49.72   75.81 -124.28   0.0020000
  -42.95   69.14  152.44   0.0020000
 -120.26   98.53  140.66   0.0020000
  155.27  126.24 -166.14   0.0020000
  -98.33   91.88   50.10   0.0020000
   34.76  134.15   88.78   0.0020000
  -51.73   93.83  132.91   0.0020000
 -146.09   47.23   94.10   0.0020000
 -144.21  133.44  176.05   0.0020000
 -105.68   35.27  146.08   0.0020000
   58.04   81.73 -140.21   0.0020000
  -28.33   57.38   72.40   0.0020000
 -147.88   59.84  109.56   0.0020000
  -52.13   96.43 -138.75   0.0020000
 -172.20   54.70    4.77   0.0020000
  -35.20  136.78   -3.60   0.0020000
  116.95   83.00 -129.88   0.0020000
  -44.45   70.22  151.37   0.0020000
  124.62  141.72 -110.61   0.0020000
  -34.40   43.22 -175.03   0.0020000
  -36.15   64.42 -113.28   0.0020000
  -35.96  134.54   91.66   0.0020000
   15.88  133.16   -0.84   0.0020000
  113.82   82.81  -38.95   0.0020000
 -178.94   65.00    1.97   0.0020000
  -52.83   85.38   48.17   0.0020000
   32.45  119.15 -110.40   0.0020000
  104.18  145.03   53.76   0.0020000
 -107.48   35.42  -33.15   0.0020000
   30.28  130.07   81.04   0.0020000
 -130.73   73.39  121.90   0.0020000
  -40.18  137.39   84.71   0.0020000
   60.26   86.60 -136.95   0.0020000
  -41.53   68.27 -116.71   0.0020000
 -158.53  127.18  -12.48   0.0020000
  114.78   35.69   28.61   0.0020000
   55.50   88.24 -135.80   0.0020000
   93.91   33.87   42.73   0.0020000
  -19.95  135.48    0.09   0.0020000
  123.08   92.95   42.84   0.0020000
  145.03  133.91 -178.24   0.0020000
   64.22   80.02   37.02   0.0020000
  177.96  135.30   -0.60   0.0020000
   49.92   74.75 -145.97   0.0020000
 -151.69  132.98   -4.81   0.0020000
  139.88  136.23  -93.64   0.0020000
 -125.73   91.30   45.52   0.0020000
  -38.53  114.08  115.36   0.0020000
   98.79   89.19 -133.41   0.0020000
  128.86   38.58 -161.98   0.0020000
 -105.17   93.08  139.25   0.0020000
   22.05  127.54  -11.08   0.0020000
 -141.78   51.65  100.12   0.0020000
 -131.41   78.05   35.94   0.0020000
 -124.46   38.33 -110.86   0.0020000
  169.92   52.46   83.69   0.0020000
  -56.79   79.98   52.09   0.0020000
  149.46  131.93 -174.32   0.0020000
 -152.41  134.33  -92.01   0.0020000
  144.95   46.50  176.22   0.0020000
  145.53  135.99   -3.06   0.0020000
   34.94  116.83 -112.26   0.0020000
  126.85   88.68  135.51   0.0020000
  -73.81  145.42  -34.83   0.0020000
  -43.97  110.39 -151.15   0.0020000
  137.25  138.23   -9.36   0.0020000
  134.87   70.29  150.46   0.0020000
 -127.23   78.89  -52.84   0.0020000
  -99.68   34.69  -38.87   0.0020000
   31.04  134.70  -89.91   0.0020000
   50.57   74.39  -56.23   0.0020000
 -126.09  142.17 -159.10   0.0020000
   26.62   45.35  -88.66   0.0020000
   51.55   37.78  -20.91   0.0020000
  -31.02   58.76   71.37   0.0020000
 -129.61   73.44  -58.00   0.0020000
  -32.70  134.99   90.69   0.0020000
 -136.52  137.73 -173.98   0.0020000
 -142.00   43.95   86.70   0.0020000
 -120.74  107.54  -29.79   0.0020000
   30.65  120.91  161.00   0.0020000
   31.73  119.05  -20.49   0.0020000
   90.40   33.84 -135.13   0.0020000
  137.37  136.29   86.49   0.0020000
  125.74   96.77  130.46   0.0020000
  152.86  135.97  177.62   0.0020000
  128.28   99.46  -51.58   0.0020000
 -124.17   80.78  -51.30   0.0020000
  142.71   64.92  155.50   0.0020000
   22.27   53.71  103.90   0.0020000
 -135.58  137.66  -84.47   0.0020000
  -75.96  145.63  -36.38   0.0020000
  148.57   46.57  -93.99   0.0020000
   78.93   34.19   51.99   0.0020000
   57.51   79.89  -51.55   0.0020000
  119.25   35.53 -150.65   0.0020000
 -116.22   36.78   63.91   0.0020000
 -149.08   60.33   20.01   0.0020000
 -143.90   42.65   -6.48   0.0020000
   46.74   71.35 -149.39   0.0020000
 -132.99   79.92  -52.77   0.0020000
 -148.60  134.02  -92.85   0.0020000
 -144.11  131.57  172.98   0.0020000
 -146.87   52.18 -168.40   0.0020000
 -102.38   90.43   45.02   0.0020000
 -144.77  116.79   66.93   0.0020000
  141.35  138.47   -9.61   0.0020000
  -44.28   70.08 -118.49   0.0020000
    2.32   50.96  -88.93   0.0020000
  122.23  142.15 -111.77   0.0020000
   28.41   45.39 -178.50   0.0020000
  -56.64   96.81   40.96   0.0020000
  -52.19   95.46 -138.11   0.0020000
 -146.22   45.03  179.33   0.0020000
   53.16  141.66  -68.64   0.0020000
   53.27  141.30  109.91   0.0020000
  116.31   95.19 -139.50   0.0020000
  -31.27  133.16 -175.49   0.0020000
  138.77  137.07  -95.92   0.0020000
  -28.31   52.58   77.33   0.0020000
 -123.20  101.92  142.91   0.0020000
 -145.03  133.79   -3.30   0.0020000
 -151.41  134.30  -92.15   0.0020000
  -69.94  145.01  147.75   0.0020000
   26.43   50.06    9.91   0.0020000
  149.27  132.82   93.98   0.0020000
   54.53   80.12 -141.11   0.0020000
  141.30  135.42  178.37   0.0020000
  -70.35   35.20 -145.46   0.0020000
  159.29  131.43    4.77   0.0020000
  -26.18   42.21  -84.85   0.0020000
   53.70   83.23  131.02   0.0020000
 -141.29   44.69   -1.43   0.0020000
  -56.62   77.10  144.53   0.0020000
 -145.26   62.98   22.10   0.0020000
  110.16   92.87  131.24   0.0020000
   51.32  103.49  -34.98   0.0020000
   26.87   58.29   19.23   0.0020000
  -24.59  129.59  100.15   0.0020000
   27.12  138.41 -173.78   0.0020000
  -67.81  144.76  149.07   0.0020000
 -140.05   41.75  170.71   0.0020000
   62.96   88.49  -45.78   0.0020000
  -63.73   85.93  138.61   0.0020000
  136.27   42.31   95.62   0.0020000
  136.67   40.14   12.65   0.0020000
   55.19   93.19   47.27   0.0020000
  138.09   41.68    7.97   0.0020000
  151.31  123.06 -162.82   0.0020000
  139.28   41.87  -82.59   0.0020000
  143.70  133.39  -87.21   0.0020000
  -97.20   34.56  -40.43   0.0020000
 -120.98   79.37  127.10   0.0020000
  151.25   56.27   72.64   0.0020000
  -55.40   93.57 -136.89   0.0020000
   47.52   72.99  122.21   0.0020000
  177.39   55.56   87.66   0.0020000
   14.68  131.08   -2.82   0.0020000
  -48.04  139.38  -10.05   0.0020000
   38.86   65.76  115.22   0.0020000
   29.68  133.48   87.49   0.0020000
  149.42   41.37  -83.38   0.0020000
  -50.51   84.56  138.86   0.0020000
  -34.84   45.82   -1.18   0.0020000
   42.18  136.14 -176.68   0.0020000
 -135.01  140.78  -74.72   0.0020000
 -146.02   42.88   84.37   0.0020000
  -32.79  133.26  -85.69   0.0020000
   52.26   96.64 -130.41   0.0020000
 -153.22  127.83 -103.10   0.0020000
  -34.60  137.24   85.36   0.0020000
  -68.11  144.84   58.58   0.0020000
  -56.25   93.33   43.26   0.0020000
 -133.46  141.40  -72.72   0.0020000
  144.18   44.31  -89.06   0.0020000
  -26.12   52.15  167.99   0.0020000
   29.36   56.44   17.57   0.0020000
 -149.11  121.21 -109.54   0.0020000
   38.71   43.61   -2.66   0.0020000
  154.26   43.54 -178.24   0.0020000
  115.73   94.86 -139.33   0.0020000
 -112.32   35.93  149.43   0.0020000
 -113.84   92.34  136.72   0.0020000
  124.29   95.94  130.96   0.0020000
 -148.64  136.77  -86.95   0.0020000
 -148.74  121.09  -19.62   0.0020000
 -150.19   53.14  103.27   0.0020000
   35.95   47.39   95.39   0.0020000
 -148.17  137.71    4.99   0.0020000
 -142.90  115.08  -24.49   0.0020000
  -32.77  118.99   21.28   0.0020000
  115.92   83.19  -39.83   0.0020000
   40.86  112.53   64.04   0.0020000
   27.80  129.85   80.88   0.0020000
 -125.72   81.56  -50.71   0.0020000
