     Evm         C11  C22  C33  C23  C13  C12   C44  C55  C66                                                                   A1  A2  A3
     0.00000     0.1417E+06  0.1419E+06  0.1495E+06  0.7058E+05  0.7061E+05  0.7126E+05  0.3600E+05  0.3600E+05  0.3522E+05     0.6272E-05  0.6349E-05  0.9126E-05
     0.00973     0.1417E+06  0.1419E+06  0.1495E+06  0.7057E+05  0.7062E+05  0.7126E+05  0.3599E+05  0.3601E+05  0.3522E+05     0.6274E-05  0.6346E-05  0.9127E-05
     0.01962     0.1417E+06  0.1419E+06  0.1496E+06  0.7059E+05  0.7058E+05  0.7126E+05  0.3602E+05  0.3596E+05  0.3522E+05     0.6259E-05  0.6354E-05  0.9133E-05
     0.02952     0.1417E+06  0.1419E+06  0.1496E+06  0.7060E+05  0.7053E+05  0.7126E+05  0.3604E+05  0.3591E+05  0.3522E+05     0.6243E-05  0.6363E-05  0.9140E-05
     0.03940     0.1417E+06  0.1419E+06  0.1497E+06  0.7062E+05  0.7047E+05  0.7126E+05  0.3607E+05  0.3585E+05  0.3521E+05     0.6227E-05  0.6372E-05  0.9147E-05
     0.04929     0.1417E+06  0.1419E+06  0.1497E+06  0.7064E+05  0.7042E+05  0.7126E+05  0.3610E+05  0.3580E+05  0.3521E+05     0.6212E-05  0.6381E-05  0.9154E-05
     0.05917     0.1417E+06  0.1419E+06  0.1498E+06  0.7065E+05  0.7037E+05  0.7127E+05  0.3612E+05  0.3574E+05  0.3521E+05     0.6196E-05  0.6389E-05  0.9160E-05
     0.06904     0.1417E+06  0.1419E+06  0.1499E+06  0.7067E+05  0.7032E+05  0.7127E+05  0.3615E+05  0.3569E+05  0.3521E+05     0.6181E-05  0.6398E-05  0.9166E-05
     0.07891     0.1417E+06  0.1419E+06  0.1499E+06  0.7069E+05  0.7027E+05  0.7126E+05  0.3618E+05  0.3564E+05  0.3520E+05     0.6166E-05  0.6407E-05  0.9172E-05
     0.08879     0.1417E+06  0.1419E+06  0.1500E+06  0.7071E+05  0.7022E+05  0.7126E+05  0.3620E+05  0.3558E+05  0.3520E+05     0.6152E-05  0.6415E-05  0.9178E-05
     0.09865     0.1418E+06  0.1419E+06  0.1500E+06  0.7073E+05  0.7016E+05  0.7126E+05  0.3623E+05  0.3553E+05  0.3519E+05     0.6137E-05  0.6424E-05  0.9184E-05
     0.10852     0.1418E+06  0.1419E+06  0.1501E+06  0.7075E+05  0.7011E+05  0.7126E+05  0.3626E+05  0.3548E+05  0.3519E+05     0.6123E-05  0.6433E-05  0.9190E-05
     0.11839     0.1418E+06  0.1419E+06  0.1501E+06  0.7076E+05  0.7006E+05  0.7126E+05  0.3629E+05  0.3542E+05  0.3518E+05     0.6109E-05  0.6441E-05  0.9195E-05
     0.12826     0.1418E+06  0.1419E+06  0.1502E+06  0.7078E+05  0.7001E+05  0.7126E+05  0.3631E+05  0.3537E+05  0.3518E+05     0.6095E-05  0.6450E-05  0.9201E-05
     0.13812     0.1418E+06  0.1419E+06  0.1502E+06  0.7080E+05  0.6995E+05  0.7125E+05  0.3634E+05  0.3532E+05  0.3517E+05     0.6081E-05  0.6458E-05  0.9206E-05
     0.14799     0.1418E+06  0.1419E+06  0.1503E+06  0.7082E+05  0.6990E+05  0.7125E+05  0.3637E+05  0.3526E+05  0.3517E+05     0.6068E-05  0.6467E-05  0.9211E-05
     0.15785     0.1419E+06  0.1419E+06  0.1503E+06  0.7084E+05  0.6985E+05  0.7125E+05  0.3640E+05  0.3521E+05  0.3516E+05     0.6054E-05  0.6475E-05  0.9216E-05
     0.16772     0.1419E+06  0.1419E+06  0.1504E+06  0.7086E+05  0.6980E+05  0.7124E+05  0.3643E+05  0.3516E+05  0.3516E+05     0.6041E-05  0.6483E-05  0.9221E-05
     0.17758     0.1419E+06  0.1419E+06  0.1504E+06  0.7088E+05  0.6975E+05  0.7124E+05  0.3645E+05  0.3511E+05  0.3515E+05     0.6028E-05  0.6491E-05  0.9225E-05
     0.18744     0.1419E+06  0.1419E+06  0.1505E+06  0.7090E+05  0.6970E+05  0.7124E+05  0.3648E+05  0.3505E+05  0.3514E+05     0.6016E-05  0.6499E-05  0.9230E-05
     0.19729     0.1420E+06  0.1419E+06  0.1505E+06  0.7091E+05  0.6965E+05  0.7123E+05  0.3650E+05  0.3501E+05  0.3514E+05     0.6005E-05  0.6507E-05  0.9234E-05
     0.20714     0.1420E+06  0.1419E+06  0.1506E+06  0.7093E+05  0.6960E+05  0.7123E+05  0.3653E+05  0.3496E+05  0.3513E+05     0.5993E-05  0.6514E-05  0.9238E-05
     0.21697     0.1420E+06  0.1420E+06  0.1506E+06  0.7094E+05  0.6957E+05  0.7122E+05  0.3655E+05  0.3493E+05  0.3512E+05     0.5984E-05  0.6519E-05  0.9241E-05
     0.22682     0.1420E+06  0.1420E+06  0.1506E+06  0.7095E+05  0.6952E+05  0.7122E+05  0.3657E+05  0.3488E+05  0.3512E+05     0.5974E-05  0.6526E-05  0.9245E-05
     0.23661     0.1420E+06  0.1420E+06  0.1507E+06  0.7096E+05  0.6950E+05  0.7121E+05  0.3658E+05  0.3486E+05  0.3511E+05     0.5967E-05  0.6530E-05  0.9248E-05
     0.24646     0.1420E+06  0.1420E+06  0.1507E+06  0.7097E+05  0.6946E+05  0.7121E+05  0.3660E+05  0.3482E+05  0.3510E+05     0.5957E-05  0.6536E-05  0.9252E-05
     0.25625     0.1421E+06  0.1420E+06  0.1508E+06  0.7097E+05  0.6943E+05  0.7120E+05  0.3661E+05  0.3480E+05  0.3510E+05     0.5952E-05  0.6538E-05  0.9255E-05
     0.26608     0.1421E+06  0.1420E+06  0.1508E+06  0.7098E+05  0.6940E+05  0.7120E+05  0.3662E+05  0.3476E+05  0.3509E+05     0.5944E-05  0.6543E-05  0.9258E-05
     0.27588     0.1421E+06  0.1420E+06  0.1508E+06  0.7098E+05  0.6938E+05  0.7119E+05  0.3663E+05  0.3474E+05  0.3509E+05     0.5939E-05  0.6545E-05  0.9261E-05
     0.28570     0.1421E+06  0.1420E+06  0.1509E+06  0.7099E+05  0.6935E+05  0.7119E+05  0.3664E+05  0.3472E+05  0.3508E+05     0.5933E-05  0.6548E-05  0.9264E-05
     0.29551     0.1421E+06  0.1420E+06  0.1509E+06  0.7098E+05  0.6933E+05  0.7119E+05  0.3664E+05  0.3470E+05  0.3508E+05     0.5928E-05  0.6550E-05  0.9268E-05
     0.29551     0.1421E+06  0.1420E+06  0.1509E+06  0.7098E+05  0.6933E+05  0.7119E+05  0.3664E+05  0.3470E+05  0.3508E+05     0.5928E-05  0.6550E-05  0.9268E-05
