
 **** INPUT FILE VPSC.IN FOR THIS RUN ****
1                          (iregime : EL=-1 ; VP=1)                                                                               
1                          number of phases (nph)                                                                                 
1.0  0.0                   relative vol. fract. of phases (wph(i))                                                                
*INFORMATION ABOUT PHASE #1                                                                                                       
0   0   25                    grain shape contrl, fragmentn, crit aspect ratio                                                    
1.0  1.0  1.0                 initial ellipsoid ratios (dummy if ishape=4)                                                        
0.0  0.0  0.0                 init Eul ang ellips axes (dummy if ishape=3,4)                                                      
* name and path of texture file (filetext)                                                                                        
ex08_Zr\zr_5678.tex                                                                                                               
* name and path of single crystal file (filecrys)                                                                                 
ex08_Zr\zr_RDC.sx                                                                                                                 
* name and path of grain shape file (dummy if ishape=0) (fileaxes)                                                                
shape1.100                                                                                                                        
* name and path of diffraction file (dummy if ishape=0)                                                                           
0                                                                                                                                 
dummy                                                                                                                             
*PRECISION SETTINGS FOR CONVERGENCE PROCEDURES (default values)                                                                   
1.e-3 1.e-3 1.e-3 0.01     errs,errd,errm,errso                                                                                   
100 100 25     itmax:   max # of iter, external, internal and SO loops                                                            
0  2  10  2   irsvar & jrsini,jrsfin,jrstep (dummy if irsvar=0)                                                                   
*INPUT/OUTPUT SETTINGS FOR THE RUN (default is zero)                                                                              
0              irecover:read grain states from POSTMORT.IN (1) or not (0)?                                                        
0              isave:   write grain states in POSTMORT.OUT at step 'isave'?                                                       
0              icubcomp:calculate fcc rolling components?                                                                         
0              nwrite (frequency of texture downloads)                                                                            
*MODELING CONDITIONS FOR THE RUN                                                                                                  
3  0           interaction (0:FC,1:affine,2:secant,3:neff=10,4:tangent,5:SO)                                                      
1  1  1        iupdate: update orient, grain shape, hardening                                                                     
0              nneigh (0 for no neighbors, 1 for pairs, etc.)                                                                     
0              iflu (0: don't calc, 1: calc fluctuations)                                                                         
*NUMBER OF PROCESSES (Lij const; Lij variable; PCYS ;LANKFORD; rigid rotatn)                                                      
1                                                                                                                                 
*IVGVAR AND PATH\NAME OF FILE FOR EACH PROCESS (dummy if ivgvar=2,3)                                                              
0                  -->                                                                                                            
ex08_Zr\IPC30.1                                                                                                                   


 **** CRYSTAL DATA FILE ****
*Material: zirconium                                                                                                              
HEXAGONAL                                crysym                                                                                   
1.  1.  1.594     90.  90.  120.         cdim(i),cang(i)                                                                          
*Elastic stiffness of single crystal [MPa]                                                                                        
  143.5e3    72.5e3    65.4e3     0.0     0.0     0.0                                                                             
   72.5e3   143.5e3    65.4e3     0.0     0.0     0.0                                                                             
   65.4e3    65.4e3   164.9e3     0.0     0.0     0.0                                                                             
    0.0     0.0     0.0    32.1e3     0.0e3     0.0e3                                                                             
    0.0     0.0     0.0     0.0e3    32.1e3     0.0e3                                                                             
    0.0     0.0     0.0     0.0e3     0.0e3    35.5e3                                                                             
*Thermal expansion coefficients of single crystal[K^(-1)]                                                                         
  5.7e-6   5.7e-6  10.3e-6   0.0e0   0.0e0   0.0e0                                                                                
SLIP AND TWINNING MODES                                                                                                           
6                               nmodesx                                                                                           
2                               nmodes                                                                                            
1  4  5  6                      mode(i)                                                                                           
PRISMATIC <a>                                                                                                                     
  1    3   1   0                       modex,nsmx,isensex,itwtypex                                                                
 1  0 -1  0    -1  2 -1  0                                                                                                        
 0 -1  1  0     2 -1 -1  0                                                                                                        
 -1  1  0  0    -1 -1  2  0                                                                                                       
BASAL <a>                                                                                                                         
  2    3   1   0                       modex,nsmx,isensex,itwtypex                                                                
 0  0  0  1     2 -1 -1  0                                                                                                        
 0  0  0  1    -1  2 -1  0                                                                                                        
 0  0  0  1    -1 -1  2  0                                                                                                        
PYRAMIDAL<a>                                                                                                                      
  3    6   1   0                       modex,nsmx,isensex,itwtypex                                                                
 1  0 -1  1    -1  2 -1  0                                                                                                        
 0 -1  1  1     2 -1 -1  0                                                                                                        
 -1  1  0  1    -1 -1  2  0                                                                                                       
 -1  0  1  1    -1  2 -1  0                                                                                                       
 0  1 -1  1     2 -1 -1  0                                                                                                        
 1 -1  0  1     1  1 -2  0                                                                                                        
PYRAMIDAL<c+a>                                                                                                                    
  4   12   1   0                       modex,nsmx,isensex,itwtypex                                                                
 1  0 -1  1    -1 -1  2  3                                                                                                        
 1  0 -1  1    -2  1  1  3                                                                                                        
 0 -1  1  1     1  1 -2  3                                                                                                        
 0 -1  1  1    -1  2 -1  3                                                                                                        
 -1  1  0  1     2 -1 -1  3                                                                                                       
 -1  1  0  1     1 -2  1  3                                                                                                       
 -1  0  1  1     2 -1 -1  3                                                                                                       
 -1  0  1  1     1  1 -2  3                                                                                                       
 0  1 -1  1    -1 -1  2  3                                                                                                        
 0  1 -1  1     1 -2  1  3                                                                                                        
 1 -1  0  1    -2  1  1  3                                                                                                        
 1 -1  0  1    -1  2 -1  3                                                                                                        
TENSILE TWIN {10-12}                                                                                                              
  5    6   0   2                       modex,nsmx,isensex,itwtypex                                                                
 0.167                                 twshx                                                                                      
 1  0 -1  2    -1  0  1  1                                                                                                        
 0  1 -1  2     0 -1  1  1                                                                                                        
 -1  1  0  2     1 -1  0  1                                                                                                       
 -1  0  1  2     1  0 -1  1                                                                                                       
 0 -1  1  2     0  1 -1  1                                                                                                        
 1 -1  0  2    -1  1  0  1                                                                                                        
COMPRESSIVE TWIN {11-22}                                                                                                          
  6    6   0   2                       modex,nsmx,isensex,itwtypex                                                                
 0.225                                 twshx                                                                                      
 2 -1 -1  2     2 -1 -1 -3                                                                                                        
 1  1 -2  2     1  1 -2 -3                                                                                                        
 -1  2 -1  2    -1  2 -1 -3                                                                                                       
 -2  1  1  2    -2  1  1 -3                                                                                                       
 -1 -1  2  2    -1 -1  2 -3                                                                                                       
 1 -2  1  2     1 -2  1 -3                                                                                                        
*Constitutive law                                                                                                                 
   0      Voce=0, MTS=1                                                                                                           
   1      iratesens (0:rate insensitive, 1:rate sensitive)                                                                        
   25     grsze --> grain size only matters if HPfactor is non-zero                                                               
 PRISMATIC <a> SLIP -------------------------------------------                                                                   
 20                               nrsx                                                                                            
   19.  16. 1289. 82.   0.        tau0x,tau1x,thet0,thet1, hpfac                                                                  
 1.0    1.0   10.0    2.0         hlatex(1,im),im=1,nmodes                                                                        
 PYRAMIDAL <c+a> SLIP -------------------------------------------                                                                 
 20                               nrsx                                                                                            
   145. 192. 1684.  5.   0.       tau0x,tau1x,thet0,thet1, hpfac                                                                  
 1.0    1.0    2.0   2.0          hlatex(1,im),im=1,nmodes                                                                        
                                                                                                                                  
 {10-12} TENSILE TWIN --------------------------------------                                                                      
 20                               nrsx                                                                                            
  102.  17.  100. 30.   0.        tau0x,tau1x,thet0,thet1, hpfac                                                                  
 1.0    1.0    10.0   16.0        hlatex(1,im),im=1,nmodes                                                                        
  1   3   0.10  0.50              isectw,itwlaw,thres1,thres2                                                                     
 {11-22} COMPRESSIVE TWIN --------------------------------------                                                                  
 20                               nrsx                                                                                            
  270.  30.  1000. 178.   0.      tau0x,tau1x,thet0,thet1, hpfac                                                                  
 1.0    1.0    10.0   5.0         hlatex(1,im),im=1,nmodes                                                                        
  1   3   0.10  0.50              isectw,itwlaw,thres1,thres2                                                                     
                                                                                                                                 
**** END OF CRYSTAL DATA FILE ****


 CHECKING THAT CELCC*SELCC-ID6=0   0.2297933E-15
 *********** PHASE   1
 RANDOM PX BULK & POISSON MODULI   95388.889       0.330
 RANDOM PX ELASTIC CTES C11, C12, C44  144073.333   71046.667   36513.333

 INSIDE SUBROUTINE DATA_CRYSTAL
 SHEAR MODULUS FOR MODE  1 IN PHASE  1 IS   35500.000
 N & B FOR MODE  1 IN PHASE  1
     0.866     0.500     0.000       -0.500     0.866     0.000
     0.000    -1.000     0.000        1.000     0.000     0.000
    -0.866     0.500     0.000       -0.500    -0.866     0.000
 SHEAR MODULUS FOR MODE  2 IN PHASE  1 IS   40331.548
 N & B FOR MODE  2 IN PHASE  1
     0.761     0.439     0.477       -0.266    -0.460     0.847
     0.761     0.439     0.477       -0.531     0.000     0.847
     0.000    -0.879     0.477        0.266     0.460     0.847
     0.000    -0.879     0.477       -0.266     0.460     0.847
    -0.761     0.439     0.477        0.531     0.000     0.847
    -0.761     0.439     0.477        0.266    -0.460     0.847
    -0.761    -0.439     0.477        0.531     0.000     0.847
    -0.761    -0.439     0.477        0.266     0.460     0.847
     0.000     0.879     0.477       -0.266    -0.460     0.847
     0.000     0.879     0.477        0.266    -0.460     0.847
     0.761    -0.439     0.477       -0.531     0.000     0.847
     0.761    -0.439     0.477       -0.266     0.460     0.847

 **** CRYST TEXTURE (FIRST FEW LINES) ****
AXES OF THE REPRESENTATIVE ELLIPSOID                                                                                              
   1.0   1.0   1.0                                                                                                                
DISCRETE TEXTURE FROM ODF FILE  5678.sod                                                                                          
B    1944                                                                                                                         
      5.00      7.07      5.00     0.00028969                                                                                     
      5.00      7.07     15.00     0.00029481                                                                                     
      5.00      7.07     25.00     0.00029881                                                                                     
      5.00      7.07     35.00     0.00030268                                                                                     
      5.00      7.07     45.00     0.00029263                                                                                     
      5.00      7.07     55.00     0.00028680                                                                                     
      5.00     15.79      5.00     0.00081995                                                                                     
      5.00     15.79     15.00     0.00080314                                                                                     
      5.00     15.79     25.00     0.00080906                                                                                     
      5.00     15.79     35.00     0.00081521                                                                                     
      5.00     15.79     45.00     0.00078358                                                                                     
      5.00     15.79     55.00     0.00079817                                                                                     
      5.00     25.46      5.00     0.00102771                                                                                     
      5.00     25.46     15.00     0.00110657                                                                                     
      5.00     25.46     25.00     0.00108154                                                                                     
      5.00     25.46     35.00     0.00108865                                                                                     
    .........................
 **** END OF CRYST TEXTURE DATA FILE ****


*** RUNNING INTERACTION NEFF=   10.00


 UB THERMAL TENSOR (VOIGT NOTATION)
  0.6193E-05  0.6284E-05  0.9318E-05  0.1405E-06  0.2533E-06  0.3489E-07

 UB ELASTIC STIFFNESS (VOIGT NOTATION)
  0.1419E+06  0.7123E+05  0.7033E+05 -0.3970E+02 -0.4075E+02  0.6534E+01
  0.7123E+05  0.1421E+06  0.7030E+05  0.1977E+02 -0.1135E+03 -0.2461E+02
  0.7033E+05  0.7030E+05  0.1508E+06  0.3858E+03  0.8229E+03  0.1084E+03
 -0.3970E+02  0.1977E+02  0.3858E+03  0.3647E+05  0.1318E+03  0.5950E+02
 -0.4075E+02 -0.1135E+03  0.8229E+03  0.1318E+03  0.3645E+05  0.5495E+02
  0.6534E+01 -0.2461E+02  0.1084E+03  0.5950E+02  0.5495E+02  0.3534E+05

 LB THERMAL TENSOR (VOIGT NOTATION)
  0.6354E-05  0.6419E-05  0.8926E-05  0.1177E-06  0.2151E-06  0.2906E-07

 LB ELASTIC STIFFNESS (VOIGT NOTATION)
  0.1415E+06  0.7128E+05  0.7090E+05 -0.1584E+02 -0.8449E+02 -0.1421E+01
  0.7128E+05  0.1416E+06  0.7088E+05 -0.1117E+02 -0.6395E+02 -0.2727E+02
  0.7090E+05  0.7088E+05  0.1482E+06  0.3219E+03  0.6940E+03  0.1025E+03
 -0.1584E+02 -0.1117E+02  0.3219E+03  0.3556E+05  0.1086E+03  0.9214E+01
 -0.8449E+02 -0.6395E+02  0.6940E+03  0.1086E+03  0.3556E+05  0.2441E+02
 -0.1421E+01 -0.2727E+02  0.1025E+03  0.9214E+01  0.2441E+02  0.3510E+05


*** LOAD CONDITIONS FOR THIS RUN
   30   1   0.01    76.   76      nsteps  ictrl  ctrlincr  temp_i  temp_f                                                         
* boundary conditions                                                                                                             
    1       1       1           iudot     |    flag for vel.grad.                                                                 
    1       0       1                     |    (0:unknown-1:known)                                                                
    1       1       0                     |                                                                                       
                                          |                                                                                       
   -0.001   0.      0.          udot      |    vel.grad                                                                           
    0.      0.0008  0.                    |                                                                                       
    0.      0.      0.0002                |                                                                                       
                                          |                                                                                       
    0       0        0           iscau    |    flag for Cauchy                                                                    
            1        0                    |                                                                                       
                     1                    |                                                                                       
                                          |                                                                                       
    0.      0.       0.          scauchy  |    Cauchy stress                                                                      
            0.       0.                   |                                                                                       
                     0.                   @                                                                                       

*******   STEP   1      *** N_EFF FROM RDC CALCULATION         
   82   0.652E-04   0.952E-03   0.424E-04
kg,NEFFGR,RC_min,RelRate    637    10.000     0.000     0.000
dg(KGMIN)   0.00000   0.00000   0.00000  -0.00000  -0.00000
kg,NEFFGR,RC_max,RelRate   1896    10.000     3.565     1.730
dg(KGMAX)   0.00237   0.00003   0.00029  -0.00006  -0.00027
nrs,avneff,RDC_min,RDCave,RDCmax,RDCdev  20  9.201  0.0000E+00  0.2026E+01  0.3565E+01  0.8856E+00

*******   STEP   2      *** N_EFF FROM RDC CALCULATION         
   23   0.712E-03   0.538E-03   0.195E-03
nrs,avneff,RDC_min,RDCave,RDCmax,RDCdev  20  3.592  0.6802E+00  0.3239E+01  0.3565E+01  0.7951E+00

*******   STEP   3      *** N_EFF FROM RDC CALCULATION         
   10   0.704E-03   0.192E-03   0.122E-03
nrs,avneff,RDC_min,RDCave,RDCmax,RDCdev  20  3.611  0.6807E+00  0.3349E+01  0.3565E+01  0.9465E+00

*******   STEP   4      *** N_EFF FROM RDC CALCULATION         
    5   0.892E-03   0.861E-03   0.421E-03
nrs,avneff,RDC_min,RDCave,RDCmax,RDCdev  20  3.294  0.6794E+00  0.3536E+01  0.3565E+01  0.1020E+01

*******   STEP   5      *** N_EFF FROM RDC CALCULATION         
    5   0.588E-03   0.853E-03   0.150E-03
nrs,avneff,RDC_min,RDCave,RDCmax,RDCdev  20  3.144  0.6783E+00  0.3636E+01  0.3565E+01  0.1056E+01

*******   STEP   6      *** N_EFF FROM RDC CALCULATION         
    5   0.887E-03   0.925E-03   0.138E-03
nrs,avneff,RDC_min,RDCave,RDCmax,RDCdev  20  3.104  0.6775E+00  0.3665E+01  0.3565E+01  0.1069E+01

*******   STEP   7      *** N_EFF FROM RDC CALCULATION         
    8   0.538E-03   0.449E-03   0.680E-03
nrs,avneff,RDC_min,RDCave,RDCmax,RDCdev  20  3.142  0.6769E+00  0.3642E+01  0.3565E+01  0.1064E+01

*******   STEP   8      *** N_EFF FROM RDC CALCULATION         
    9   0.659E-03   0.617E-03   0.443E-03
nrs,avneff,RDC_min,RDCave,RDCmax,RDCdev  20  3.218  0.6766E+00  0.3593E+01  0.3565E+01  0.1048E+01

*******   STEP   9      *** N_EFF FROM RDC CALCULATION         
    8   0.987E-03   0.910E-03   0.387E-03
nrs,avneff,RDC_min,RDCave,RDCmax,RDCdev  20  3.328  0.6764E+00  0.3525E+01  0.3565E+01  0.1026E+01

*******   STEP  10      *** N_EFF FROM RDC CALCULATION         
    8   0.639E-03   0.866E-03   0.914E-03
nrs,avneff,RDC_min,RDCave,RDCmax,RDCdev  20  3.467  0.6763E+00  0.3446E+01  0.3565E+01  0.9989E+00

*******   STEP  11      *** N_EFF FROM RDC CALCULATION         
    8   0.950E-03   0.579E-03   0.392E-03
nrs,avneff,RDC_min,RDCave,RDCmax,RDCdev  20  3.646  0.6762E+00  0.3356E+01  0.3565E+01  0.9679E+00

*******   STEP  12      *** N_EFF FROM RDC CALCULATION         
    9   0.619E-03   0.569E-03   0.122E-03
nrs,avneff,RDC_min,RDCave,RDCmax,RDCdev  20  3.856  0.6762E+00  0.3264E+01  0.3565E+01  0.9348E+00

*******   STEP  13      *** N_EFF FROM RDC CALCULATION         
    8   0.539E-03   0.459E-03   0.309E-03
nrs,avneff,RDC_min,RDCave,RDCmax,RDCdev  20  4.074  0.6762E+00  0.3175E+01  0.3565E+01  0.9021E+00

*******   STEP  14      *** N_EFF FROM RDC CALCULATION         
    8   0.408E-03   0.422E-03   0.538E-03
nrs,avneff,RDC_min,RDCave,RDCmax,RDCdev  20  4.321  0.6762E+00  0.3084E+01  0.3565E+01  0.8690E+00

*******   STEP  15      *** N_EFF FROM RDC CALCULATION         
    8   0.535E-03   0.810E-03   0.403E-03
nrs,avneff,RDC_min,RDCave,RDCmax,RDCdev  20  4.595  0.6762E+00  0.2994E+01  0.3565E+01  0.8355E+00

*******   STEP  16      *** N_EFF FROM RDC CALCULATION         
    7   0.776E-03   0.805E-03   0.641E-03
nrs,avneff,RDC_min,RDCave,RDCmax,RDCdev  20  4.877  0.6763E+00  0.2909E+01  0.3565E+01  0.8039E+00

*******   STEP  17      *** N_EFF FROM RDC CALCULATION         
    7   0.896E-03   0.950E-03   0.702E-03
nrs,avneff,RDC_min,RDCave,RDCmax,RDCdev  20  5.176  0.6763E+00  0.2826E+01  0.3565E+01  0.7731E+00

*******   STEP  18      *** N_EFF FROM RDC CALCULATION         
    7   0.823E-03   0.890E-03   0.551E-03
nrs,avneff,RDC_min,RDCave,RDCmax,RDCdev  20  5.511  0.6763E+00  0.2746E+01  0.3565E+01  0.7431E+00

*******   STEP  19      *** N_EFF FROM RDC CALCULATION         
    7   0.507E-03   0.871E-03   0.333E-03
nrs,avneff,RDC_min,RDCave,RDCmax,RDCdev  20  5.873  0.6763E+00  0.2666E+01  0.3565E+01  0.7133E+00

*******   STEP  20      *** N_EFF FROM RDC CALCULATION         
    8   0.962E-03   0.664E-03   0.123E-03
nrs,avneff,RDC_min,RDCave,RDCmax,RDCdev  20  6.065  0.6754E+00  0.2628E+01  0.3565E+01  0.7175E+00

*******   STEP  21      *** N_EFF FROM RDC CALCULATION         
    7   0.665E-03   0.773E-03   0.487E-03
nrs,avneff,RDC_min,RDCave,RDCmax,RDCdev  20  6.373  0.6754E+00  0.2562E+01  0.3565E+01  0.6916E+00

*******   STEP  22      *** N_EFF FROM RDC CALCULATION         
   11   0.712E-03   0.326E-03   0.738E-03
nrs,avneff,RDC_min,RDCave,RDCmax,RDCdev  20  6.452  0.6731E+00  0.2550E+01  0.3565E+01  0.7220E+00

*******   STEP  23      *** N_EFF FROM RDC CALCULATION         
   11   0.656E-03   0.430E-03   0.614E-04
nrs,avneff,RDC_min,RDCave,RDCmax,RDCdev  20  6.945  0.6749E+00  0.2450E+01  0.3565E+01  0.6548E+00

*******   STEP  24      *** N_EFF FROM RDC CALCULATION         
   16   0.485E-03   0.749E-03   0.559E-03
nrs,avneff,RDC_min,RDCave,RDCmax,RDCdev  20  6.885  0.6685E+00  0.2467E+01  0.3565E+01  0.7390E+00

*******   STEP  25      *** N_EFF FROM RDC CALCULATION         
   13   0.726E-03   0.517E-03   0.653E-04
nrs,avneff,RDC_min,RDCave,RDCmax,RDCdev  20  7.473  0.6744E+00  0.2351E+01  0.3565E+01  0.6193E+00

*******   STEP  26      *** N_EFF FROM RDC CALCULATION         
   22   0.745E-03   0.699E-03   0.118E-03
nrs,avneff,RDC_min,RDCave,RDCmax,RDCdev  20  7.346  0.6630E+00  0.2377E+01  0.3565E+01  0.7391E+00

*******   STEP  27      *** N_EFF FROM RDC CALCULATION         
   16   0.355E-03   0.769E-03   0.713E-03
nrs,avneff,RDC_min,RDCave,RDCmax,RDCdev  20  7.848  0.6725E+00  0.2280E+01  0.3565E+01  0.6113E+00

*******   STEP  28      *** N_EFF FROM RDC CALCULATION         
   20   0.629E-03   0.889E-03   0.264E-03
nrs,avneff,RDC_min,RDCave,RDCmax,RDCdev  20  7.836  0.6607E+00  0.2282E+01  0.3565E+01  0.7056E+00

*******   STEP  29      *** N_EFF FROM RDC CALCULATION         
   18   0.401E-03   0.550E-03   0.647E-03
nrs,avneff,RDC_min,RDCave,RDCmax,RDCdev  20  8.169  0.6682E+00  0.2220E+01  0.3565E+01  0.6243E+00

*******   STEP  30      *** N_EFF FROM RDC CALCULATION         
   20   0.789E-03   0.810E-03   0.128E-03
nrs,avneff,RDC_min,RDCave,RDCmax,RDCdev  20  8.298  0.6603E+00  0.2196E+01  0.3565E+01  0.6628E+00

*******   STEP  31      *** N_EFF FROM RDC CALCULATION         
   15   0.622E-03   0.552E-03   0.343E-03
nrs,avneff,RDC_min,RDCave,RDCmax,RDCdev  20  8.544  0.6625E+00  0.2150E+01  0.3565E+01  0.6280E+00

 TIME ELAPSED   53.28secs
