TEXTURE AT STRAIN =    0.3000
   1.069   1.262   0.740  <-- length of average ellipsoid axes for phase
   90.00   90.00   90.00  <-- Euler angles of average ellipsoid axes for phase
B      1944
   -0.93    7.59    3.56   0.0002897
   -0.72    7.55    7.09   0.0002948
   -0.28    7.28   29.46   0.0002988
   -0.16    7.49   53.59   0.0003027
   -0.20    7.52   57.45   0.0002926
   -0.59    7.54   60.53   0.0002868
    0.25   16.85    2.15   0.0008200
    0.41   17.12    5.78   0.0008031
    1.13   17.00   27.60   0.0008091
    1.34   16.88   51.90   0.0008152
    1.27   16.68   55.81   0.0007836
    0.73   16.73   59.02   0.0007982
    0.59   27.23    1.76   0.0010277
    0.65   27.73    5.62   0.0011066
    1.32   27.97   27.76   0.0010815
    1.80   27.43   51.12   0.0010887
    1.69   27.09   55.15   0.0010928
    1.12   27.10   58.49   0.0010036
    0.78   38.02    1.52   0.0009159
    0.82   38.63    5.71   0.0008998
    1.36   38.99   27.15   0.0009410
    1.79   38.37   50.34   0.0009508
    1.82   37.91   54.66   0.0009064
    1.29   37.89   58.15   0.0009199
    0.91   48.56    1.33   0.0005697
    1.00   49.22    5.97   0.0005513
    1.48   49.43   25.11   0.0005712
    1.40   49.07   48.72   0.0005717
    1.83   48.38   54.19   0.0005550
    1.35   48.39   57.84   0.0005698
    1.08   58.68    1.27   0.0002754
    1.15   59.02    6.37   0.0002823
    1.62   59.00   22.85   0.0002919
    1.21   58.94   45.74   0.0002861
    1.78   58.38   53.71   0.0002739
    1.41   58.46   57.57   0.0002721
    1.23   68.20    1.67   0.0001311
    1.26   68.27    7.11   0.0001436
    1.72   67.95   21.28   0.0001331
    1.31   68.04   42.97   0.0001306
    1.72   67.94   53.20   0.0001304
    1.46   68.02   57.57   0.0001227
    1.36   77.22    2.28   0.0000733
    1.35   77.23    8.09   0.0000899
    1.76   76.68   20.22   0.0000859
    1.47   76.87   40.96   0.0000875
    1.66   76.98   52.58   0.0000848
    1.50   77.05   57.76   0.0000659
    1.48   85.93    2.86   0.0000682
    1.49   85.99    8.71   0.0000808
    1.76   85.51   19.57   0.0000872
    1.66   85.75   39.49   0.0000937
    1.62   85.72   51.86   0.0000782
    1.53   85.77   58.08   0.0000580
    4.13    7.34    2.13   0.0002940
    4.89    7.04   23.88   0.0002990
    4.66    7.26   48.63   0.0002988
    4.47    7.28   52.62   0.0002997
    4.07    7.33   55.73   0.0002938
    3.75    7.40   58.76   0.0002902
    5.50   16.64    0.42   0.0008505
    6.45   16.27   21.43   0.0008274
    6.38   16.14   46.24   0.0008173
    6.01   16.11   50.49   0.0008139
    5.47   16.27   53.72   0.0007959
    5.12   16.50   56.74   0.0008249
    5.85   26.97    0.25   0.0010759
    6.86   26.77   20.99   0.0011586
    7.03   26.25   44.58   0.0011045
    6.53   26.11   49.35   0.0010994
    5.93   26.20   52.74   0.0011123
    5.52   26.48   55.89   0.0010395
    5.79   37.60    0.46   0.0009639
    6.77   37.57   19.73   0.0009526
    6.91   36.89   42.83   0.0009848
    6.60   36.60   48.49   0.0009637
    5.95   36.60   52.07   0.0009193
    5.51   36.91   55.37   0.0009465
    5.62   48.07    0.35   0.0006010
    6.52   47.99   17.03   0.0005925
    6.34   47.39   39.45   0.0006079
    6.36   46.93   47.66   0.0005889
    5.73   46.95   51.46   0.0005667
    5.35   47.39   54.89   0.0005893
    5.47   58.00   -0.21   0.0002940
    6.27   57.70   13.01   0.0003033
    6.01   57.20   33.64   0.0003053
    5.99   56.76   46.67   0.0002969
    5.47   57.01   50.75   0.0002812
    5.27   57.73   54.40   0.0002847
    5.38   67.55   -0.48   0.0001357
    5.95   66.88    9.21   0.0001468
    5.83   66.47   27.29   0.0001380
    5.53   66.43   45.00   0.0001335
    5.36   66.90   50.19   0.0001314
    5.30   67.58   54.48   0.0001238
    5.39   77.08    0.53   0.0000673
    5.56   76.16    7.52   0.0000800
    5.73   75.47   21.95   0.0000764
    5.36   76.28   42.78   0.0000793
    5.33   76.33   50.28   0.0000761
    5.32   76.81   55.40   0.0000595
    5.37   85.96    2.36   0.0000559
    5.39   85.97    8.41   0.0000650
    5.63   84.70   18.90   0.0000685
    5.49   86.02   40.86   0.0000718
    5.34   85.39   51.02   0.0000627
    5.35   85.70   56.89   0.0000489
   10.70    6.62   17.69   0.0002975
   10.04    6.85   43.11   0.0002989
    9.71    6.88   47.24   0.0002964
    9.31    6.96   50.37   0.0002996
    9.02    7.04   53.40   0.0002978
    9.60    6.94   56.59   0.0002975
   13.92   15.04   12.19   0.0008744
   12.95   15.04   38.95   0.0008423
   12.19   15.26   43.85   0.0008227
   11.99   15.60   46.82   0.0008227
   12.16   15.95   49.45   0.0008248
   12.90   15.81   52.85   0.0008669
   15.52   25.09    8.76   0.0011249
   14.56   24.44   35.25   0.0011918
   13.62   24.60   41.62   0.0011240
   13.43   25.12   44.83   0.0011171
   13.59   25.76   47.64   0.0011606
   14.34   26.07   51.55   0.0011064
   14.91   35.98    6.43   0.0010214
   14.60   34.77   29.77   0.0009898
   13.56   34.61   40.48   0.0009964
   13.29   35.12   44.21   0.0009709
   13.30   36.03   47.49   0.0009539
   13.82   36.73   51.87   0.0010030
   14.12   46.64    3.52   0.0006313
   14.14   45.22   23.11   0.0006089
   13.06   44.75   39.44   0.0006049
   12.67   45.32   43.87   0.0005853
   12.69   46.54   47.52   0.0005771
   13.19   47.40   51.90   0.0006148
   13.62   56.89    0.43   0.0003055
   13.74   55.26   16.34   0.0003067
   12.73   54.58   36.37   0.0003038
   12.21   55.47   43.34   0.0002941
   12.36   57.08   47.33   0.0002846
   12.94   58.03   51.70   0.0002942
   13.65   67.51   -1.23   0.0001431
   13.53   64.89   10.00   0.0001529
   12.60   64.00   28.78   0.0001437
   12.00   65.66   42.62   0.0001407
   12.32   67.58   47.17   0.0001422
   13.06   68.65   51.95   0.0001328
   13.82   77.20   -0.16   0.0000749
   13.65   75.10    8.10   0.0000898
   12.53   73.26   21.76   0.0000886
   12.00   76.02   41.79   0.0000976
   12.53   77.79   47.50   0.0000886
   13.31   78.25   53.28   0.0000705
   13.79   85.58    2.36   0.0000541
   13.36   84.12    9.74   0.0000707
   12.49   83.36   18.79   0.0000620
   12.16   86.55   41.20   0.0000685
   12.87   87.51   48.57   0.0000682
   13.58   87.04   55.47   0.0000463
   16.48    6.32   36.57   0.0002964
   16.08    6.35   40.77   0.0002978
   15.75    6.45   43.87   0.0002993
   15.56    6.54   46.83   0.0003038
   16.32    6.38   49.84   0.0003052
   17.73    6.06   70.30   0.0003033
   21.83   14.09   29.61   0.0008877
   21.19   14.65   34.72   0.0008545
   21.22   15.11   37.58   0.0008448
   21.64   15.46   40.08   0.0008514
   22.86   15.07   42.92   0.0008689
   24.06   13.72   59.79   0.0009020
   23.57   23.16   23.83   0.0011642
   22.63   23.83   32.60   0.0012196
   22.28   24.57   36.13   0.0011582
   22.31   25.40   39.18   0.0011735
   23.09   25.46   42.53   0.0012376
   24.78   23.55   55.22   0.0011719
   22.84   33.01   15.36   0.0010585
   21.49   33.47   32.59   0.0010092
   20.93   34.37   36.93   0.0010078
   20.88   35.64   40.40   0.0010157
   21.48   36.31   43.95   0.0010131
   22.91   34.52   53.10   0.0010700
   22.05   43.48    7.60   0.0006350
   20.60   43.28   31.78   0.0005992
   19.88   44.33   37.17   0.0005883
   19.82   46.02   41.11   0.0005860
   20.40   47.32   44.94   0.0005937
   21.53   45.77   51.61   0.0006324
   21.44   54.22    2.29   0.0002891
   20.26   53.04   25.27   0.0002814
   19.17   54.27   36.86   0.0002783
   19.14   56.41   41.38   0.0002814
   19.80   58.07   45.66   0.0002795
   20.94   57.49   51.66   0.0002839
   21.20   65.13    0.99   0.0001322
   20.22   62.56   15.30   0.0001393
   18.81   64.24   35.72   0.0001366
   18.76   66.76   41.42   0.0001392
   19.57   68.61   46.33   0.0001388
   20.68   68.00   52.39   0.0001268
   21.03   75.22    1.31   0.0000772
   20.28   72.41   11.11   0.0000896
   18.71   74.02   30.74   0.0000947
   18.63   77.06   41.23   0.0001070
   19.58   78.90   47.17   0.0000938
   20.66   77.88   53.78   0.0000723
   20.94   84.64    2.90   0.0000526
   20.15   82.31   10.83   0.0000642
   18.84   83.04   21.82   0.0000570
   18.69   87.28   40.68   0.0000643
   19.75   88.87   48.19   0.0000630
   20.76   87.37   55.53   0.0000449
   24.33    5.78   32.47   0.0002952
   24.16    5.88   35.46   0.0003006
   24.12    5.95   38.33   0.0003052
   25.16    5.74   41.02   0.0003102
   26.66    5.43   61.10   0.0003113
   24.58    5.73   88.42   0.0003037
   31.34   14.20   24.55   0.0009015
   31.30   14.68   27.56   0.0008761
   31.92   14.94   29.99   0.0008867
   33.84   14.35   32.12   0.0008972
   35.93   12.67   46.39   0.0009037
   32.19   13.59   79.30   0.0009241
   30.96   23.03   24.42   0.0012003
   30.40   23.98   28.21   0.0012664
   30.51   24.79   31.34   0.0012318
   31.68   24.73   34.26   0.0012516
   34.47   22.12   42.32   0.0013059
   32.49   22.32   75.27   0.0012210
   29.49   32.05   25.08   0.0010853
   28.69   33.41   29.62   0.0010449
   28.63   34.78   33.26   0.0010651
   29.55   35.20   36.68   0.0010872
   31.53   33.29   42.30   0.0010703
   31.39   31.49   66.78   0.0011060
   28.60   41.47   24.23   0.0006204
   27.54   42.93   30.19   0.0005829
   27.34   44.88   34.45   0.0005857
   28.13   45.89   38.38   0.0005958
   29.81   44.59   43.72   0.0005975
   30.65   41.33   57.18   0.0006269
   28.41   51.19   16.92   0.0002478
   26.87   52.48   29.81   0.0002441
   26.50   54.93   35.02   0.0002490
   27.18   56.70   39.55   0.0002573
   28.75   55.80   44.97   0.0002476
   29.94   52.48   53.95   0.0002486
   28.73   60.92    6.24   0.0001035
   26.76   62.30   27.15   0.0001139
   26.00   64.85   35.05   0.0001170
   26.58   67.45   40.36   0.0001172
   28.08   67.17   46.11   0.0001095
   29.34   64.02   53.68   0.0001005
   28.91   71.67    3.29   0.0000640
   27.04   71.63   17.55   0.0000757
   25.95   74.59   33.52   0.0000838
   26.23   77.94   40.85   0.0000912
   27.70   78.52   47.19   0.0000797
   28.97   75.63   54.41   0.0000609
   28.90   83.15    3.46   0.0000397
   27.58   80.79   12.37   0.0000438
   26.06   83.61   25.53   0.0000453
   26.14   87.47   39.86   0.0000460
   27.50   89.66   48.11   0.0000442
   28.82   87.12   55.62   0.0000358
   35.08    5.32   24.61   0.0002979
   35.24    5.36   27.34   0.0003059
   36.81    5.13   29.46   0.0003133
   37.90    4.84   49.81   0.0003160
   34.83    5.19   78.20   0.0003104
   35.03    5.24   81.79   0.0003027
   41.55   14.18   17.41   0.0009245
   42.76   14.23   19.47   0.0009171
   45.45   13.55   20.89   0.0009399
   47.86   12.11   34.23   0.0009301
   42.75   13.16   68.95   0.0009249
   41.53   13.75   74.36   0.0009455
   39.05   23.12   19.79   0.0012552
   39.77   23.54   22.57   0.0013516
   42.00   22.86   24.73   0.0013208
   45.02   20.77   31.39   0.0013213
   41.77   21.15   67.65   0.0013727
   39.70   22.14   75.83   0.0012775
   37.22   32.14   21.57   0.0011514
   37.49   33.18   25.11   0.0011231
   39.41   32.66   27.91   0.0011386
   41.94   30.71   32.82   0.0011472
   40.70   29.58   61.40   0.0011263
   38.26   30.59   76.78   0.0011510
   36.27   41.20   22.30   0.0006241
   36.03   43.08   26.76   0.0006001
   37.47   43.23   30.37   0.0006006
   40.00   41.09   34.93   0.0005957
   40.01   38.90   51.92   0.0005967
   37.70   39.40   75.94   0.0006244
   36.05   50.35   21.61   0.0002189
   35.28   52.88   27.56   0.0002191
   36.05   54.37   32.18   0.0002260
   38.30   52.80   37.02   0.0002227
   39.89   49.44   45.87   0.0002083
   37.80   48.99   69.94   0.0002143
   36.48   60.10   17.95   0.0000798
   35.25   62.33   26.96   0.0000860
   35.22   65.31   33.34   0.0000907
   36.92   65.45   38.77   0.0000888
   39.05   61.96   45.70   0.0000772
   38.46   59.27   59.11   0.0000720
   37.37   70.26    8.75   0.0000527
   35.76   71.91   23.44   0.0000655
   35.22   74.81   32.64   0.0000734
   35.98   77.87   40.17   0.0000779
   38.02   76.04   46.86   0.0000643
   39.10   71.31   55.32   0.0000495
   38.53   81.13    4.45   0.0000175
   36.61   81.50   15.55   0.0000195
   35.45   84.02   27.66   0.0000222
   35.69   86.92   38.48   0.0000226
   37.16   89.63   47.63   0.0000210
   38.77   86.18   55.75   0.0000169
   49.07    4.84   13.67   0.0003023
   51.23    4.62   15.19   0.0003133
   51.29    4.40   36.74   0.0003181
   47.45    4.74   65.67   0.0003133
   48.37    4.78   68.53   0.0003103
   48.69    4.84   71.13   0.0003066
   55.14   13.23    7.58   0.0009663
   58.76   12.54    8.15   0.0009671
   59.46   11.73   23.88   0.0009734
   53.20   12.66   58.70   0.0009448
   51.86   13.20   64.09   0.0009471
   52.54   13.47   66.65   0.0009770
   51.61   21.62   11.35   0.0013371
   55.45   20.52   12.11   0.0014407
   56.61   19.34   22.45   0.0013899
   52.00   20.00   58.32   0.0013840
   49.37   21.14   66.29   0.0014431
   49.25   21.85   69.87   0.0013473
   48.88   30.63   14.49   0.0012396
   52.53   29.26   15.83   0.0011978
   54.79   27.57   22.21   0.0012064
   51.42   27.67   54.48   0.0012126
   48.11   29.15   67.31   0.0012089
   47.19   30.51   72.06   0.0012342
   46.83   40.46   17.00   0.0006635
   49.82   39.34   19.31   0.0006289
   52.97   36.94   23.63   0.0006168
   50.91   36.34   47.56   0.0006085
   48.20   37.34   66.45   0.0006257
   46.34   39.37   73.10   0.0006589
   45.99   50.59   18.47   0.0002137
   47.60   50.91   22.30   0.0002165
   50.98   48.37   26.10   0.0002139
   50.83   46.57   39.94   0.0002025
   49.08   46.46   62.22   0.0001999
   46.92   48.21   72.28   0.0002090
   46.97   59.97   17.46   0.0000758
   46.61   62.68   24.45   0.0000847
   48.71   62.30   29.15   0.0000863
   51.26   58.93   36.02   0.0000778
   49.93   57.61   54.13   0.0000688
   48.41   57.90   68.74   0.0000677
   48.63   70.16   13.71   0.0000614
   47.75   72.01   23.01   0.0000790
   48.00   74.48   30.65   0.0000864
   49.61   74.92   37.91   0.0000848
   51.27   71.32   46.44   0.0000702
   50.01   70.12   60.67   0.0000539
   50.71   82.85    5.64   0.0000338
   49.07   82.75   18.43   0.0000408
   48.37   84.11   28.00   0.0000416
   48.86   85.68   36.67   0.0000424
   50.34   86.78   45.99   0.0000394
   51.66   84.31   55.33   0.0000286
   67.91    4.28   -1.32   0.0003071
   66.20    4.11   22.51   0.0003164
   62.29    4.40   50.95   0.0003163
   64.13    4.44   52.88   0.0003119
   64.76    4.47   55.21   0.0003144
   65.40    4.45   57.53   0.0003137
   73.99   11.78   -6.58   0.0010026
   71.40   11.39   14.30   0.0009941
   64.43   12.16   47.65   0.0009905
   63.65   12.57   52.44   0.0009651
   66.02   12.63   53.55   0.0009867
   70.25   12.31   53.03   0.0010264
   72.16   18.69   -3.95   0.0014159
   69.43   18.22   14.11   0.0015100
   63.37   19.05   47.50   0.0014567
   60.82   20.02   54.94   0.0014591
   62.79   20.21   56.72   0.0015313
   67.51   19.63   56.12   0.0014357
   70.06   26.14   -0.95   0.0013264
   67.60   25.63   13.76   0.0012724
   63.82   26.07   44.43   0.0012902
   59.45   27.71   56.21   0.0013164
   60.41   28.29   59.24   0.0013126
   64.89   27.56   59.20   0.0013271
   67.52   34.87    2.47   0.0007091
   66.66   34.03   13.77   0.0006673
   64.31   33.98   39.52   0.0006552
   60.12   35.64   55.34   0.0006628
   58.89   37.15   61.18   0.0006900
   62.27   36.71   62.38   0.0007152
   64.51   45.93    6.42   0.0002325
   66.25   44.24   13.72   0.0002288
   64.49   43.74   34.88   0.0002228
   62.55   44.27   51.26   0.0002146
   59.65   46.56   61.16   0.0002197
   60.38   47.47   65.37   0.0002297
   61.79   59.20   11.33   0.0000908
   64.27   57.73   15.07   0.0000985
   64.38   56.47   30.56   0.0000941
   64.28   55.38   47.03   0.0000847
   62.64   56.27   58.02   0.0000799
   61.16   58.32   66.15   0.0000808
   62.05   70.66   11.63   0.0000777
   62.11   71.59   19.29   0.0000987
   62.65   72.11   26.42   0.0001046
   63.15   71.53   39.02   0.0000971
   63.17   70.38   51.90   0.0000789
   62.54   70.09   62.60   0.0000654
   62.52   85.47    4.47   0.0000408
   62.31   84.92   16.17   0.0000536
   62.39   84.27   26.20   0.0000508
   62.52   83.71   35.81   0.0000488
   62.53   84.34   45.45   0.0000459
   62.70   84.79   54.41   0.0000318
   81.92    3.97    7.68   0.0003090
   79.08    4.20   34.31   0.0003149
   81.89    4.27   35.27   0.0003179
   82.77    4.29   37.36   0.0003146
   83.56    4.26   39.54   0.0003207
   85.89    4.14   40.87   0.0003188
   83.73   11.18    4.67   0.0010217
   77.13   11.75   35.15   0.0010096
   78.08   12.04   38.29   0.0010189
   82.42   12.07   37.64   0.0009946
   87.23   11.87   36.54   0.0010218
   89.41   11.53   38.35   0.0010609
   83.13   17.62    4.49   0.0014660
   76.27   18.36   35.04   0.0015799
   75.86   18.94   40.09   0.0015487
   80.86   18.94   39.16   0.0015453
   86.82   18.58   37.38   0.0016146
   89.23   18.06   39.33   0.0015026
   82.42   24.51    4.56   0.0013958
   77.16   25.16   32.55   0.0013619
   74.55   26.19   41.16   0.0014074
   79.53   26.19   40.52   0.0014420
   86.05   25.66   38.55   0.0014047
   88.30   24.93   41.19   0.0014050
   81.73   32.43    4.85   0.0007618
   79.34   32.72   27.72   0.0007283
   74.40   34.23   41.29   0.0007290
   78.31   34.40   41.90   0.0007442
   84.83   33.70   40.08   0.0007494
   86.61   32.80   43.97   0.0007645
   81.33   42.23    5.39   0.0002534
   80.97   42.16   23.51   0.0002491
   77.49   43.42   37.99   0.0002449
   77.56   44.26   43.32   0.0002417
   82.91   43.57   42.29   0.0002472
   83.91   42.73   47.83   0.0002515
   79.63   54.63    4.73   0.0001006
   81.29   54.09   21.03   0.0001050
   80.49   54.04   34.41   0.0000967
   77.90   54.93   43.93   0.0000925
   79.91   54.79   46.38   0.0000915
   80.63   54.62   50.69   0.0000920
   77.86   67.93    4.48   0.0000796
   77.63   69.00   16.04   0.0001005
   77.43   68.85   27.86   0.0001019
   77.29   68.47   37.85   0.0000932
   77.68   68.07   46.24   0.0000778
   78.02   67.73   54.57   0.0000700
   76.04   83.20    5.35   0.0000349
   76.22   83.08   15.34   0.0000462
   76.31   82.89   25.42   0.0000431
   76.20   82.84   35.50   0.0000390
   76.03   83.01   45.47   0.0000359
   75.95   83.17   55.41   0.0000266
   97.08    4.19   16.48   0.0003071
  100.49    4.31   16.83   0.0003165
  101.38    4.33   18.91   0.0003210
  102.08    4.29   21.18   0.0003181
  103.73    4.20   23.19   0.0003246
   97.99    3.97   52.57   0.0003204
   91.70   11.59   20.88   0.0010319
   94.95   11.93   21.85   0.0010337
   99.95   12.11   20.60   0.0010521
  103.55   12.03   20.58   0.0010199
  103.52   11.69   24.47   0.0010418
   96.23   11.17   54.91   0.0010763
   91.62   18.12   20.08   0.0015104
   94.97   18.66   21.38   0.0016631
  101.06   19.00   19.52   0.0016397
  105.31   18.92   19.21   0.0016048
  104.20   18.30   24.68   0.0016488
   97.16   17.62   54.21   0.0015339
   92.43   25.00   18.25   0.0014721
   95.50   25.75   20.38   0.0014736
  102.13   26.26   18.38   0.0015273
  106.37   26.15   18.34   0.0015122
  103.36   25.09   26.95   0.0014467
   98.04   24.51   53.79   0.0014606
   94.07   32.87   15.40   0.0008318
   96.52   33.81   18.93   0.0008247
  103.10   34.47   17.17   0.0008219
  106.28   34.16   18.38   0.0008072
  101.36   32.66   31.40   0.0007944
   98.81   32.44   53.51   0.0008181
   96.70   42.80   11.52   0.0002837
   98.09   43.67   16.93   0.0002805
  103.39   44.30   16.07   0.0002761
  103.11   43.34   21.69   0.0002701
   99.67   42.09   35.58   0.0002722
   99.13   42.24   53.31   0.0002769
   99.85   54.73    8.93   0.0001031
  100.59   54.88   13.33   0.0001040
  102.47   54.95   16.01   0.0000981
  100.02   54.01   25.31   0.0000973
   99.16   54.04   38.30   0.0000992
  100.75   54.72   54.48   0.0000996
  102.15   67.72    5.42   0.0000713
  102.46   68.04   13.91   0.0000861
  102.91   68.44   22.24   0.0000875
  102.88   68.82   32.05   0.0000819
  102.63   69.06   43.65   0.0000706
  102.40   68.00   55.22   0.0000630
  104.02   82.95    4.48   0.0000174
  103.96   82.82   14.41   0.0000227
  103.79   82.66   24.38   0.0000219
  103.67   82.66   34.44   0.0000192
  103.74   82.83   44.52   0.0000170
  103.92   82.96   54.53   0.0000140
  118.21    4.58   -0.71   0.0003071
  118.88    4.58    1.57   0.0003187
  119.31    4.53    4.08   0.0003246
  120.14    4.44    6.92   0.0003208
  113.98    4.11   37.44   0.0003248
  114.90    4.38   58.82   0.0003172
  111.93   12.45    5.38   0.0010466
  115.81   12.72    5.17   0.0010518
  117.37   12.55    6.97   0.0010723
  116.02   12.09   12.14   0.0010250
  108.68   11.36   45.19   0.0010417
  107.54   11.90   65.43   0.0010795
  114.19   19.81    2.76   0.0015696
  118.52   20.30    2.51   0.0017269
  119.78   19.95    4.87   0.0016756
  117.02   18.97   12.25   0.0015982
  110.93   18.22   44.69   0.0016476
  109.11   18.83   63.03   0.0015627
  116.48   27.76   -0.04   0.0015793
  120.59   28.34    0.30   0.0015684
  120.99   27.59    3.78   0.0015704
  116.71   26.01   14.87   0.0015096
  112.89   25.63   44.88   0.0014605
  111.02   26.30   60.14   0.0015153
  118.79   36.87   -2.96   0.0009321
  121.81   37.11   -1.35   0.0009142
  120.33   35.50    4.66   0.0008703
  116.25   33.95   19.35   0.0008196
  113.94   34.06   45.10   0.0008228
  113.41   35.02   56.79   0.0008836
  120.30   47.50   -5.58   0.0003256
  120.84   46.40   -1.11   0.0003177
  118.00   44.17    8.50   0.0003045
  115.94   43.65   24.15   0.0002895
  114.22   44.22   45.43   0.0002968
  116.16   46.02   53.09   0.0003149
  119.13   58.24   -6.05   0.0001107
  117.69   56.15    2.00   0.0001076
  116.05   55.23   12.70   0.0001044
  115.79   56.32   28.73   0.0001056
  115.91   57.66   44.64   0.0001083
  118.47   59.18   48.65   0.0001081
  117.52   69.84   -2.59   0.0000703
  116.90   70.16    8.12   0.0000865
  116.86   71.32   20.67   0.0000902
  117.31   71.96   33.53   0.0000848
  117.84   71.41   40.86   0.0000744
  117.96   70.45   48.47   0.0000657
  117.27   84.45    5.45   0.0000320
  117.41   84.04   14.40   0.0000404
  117.43   83.30   24.04   0.0000383
  117.56   83.81   33.69   0.0000331
  117.67   84.49   43.62   0.0000299
  117.50   85.14   55.28   0.0000254
  134.21    5.00  -13.63   0.0003075
  134.37    4.91  -10.89   0.0003205
  134.56    4.81   -7.38   0.0003266
  129.25    4.42   22.74   0.0003188
  131.17    4.78   42.70   0.0003205
  133.82    5.03   43.84   0.0003157
  128.72   13.52   -7.44   0.0010527
  128.88   13.15   -4.45   0.0010579
  127.25   12.59    1.09   0.0010658
  120.78   11.70   35.43   0.0010108
  122.79   12.72   50.71   0.0010343
  126.60   13.41   51.23   0.0010853
  131.56   21.86  -10.20   0.0015966
  131.09   21.03   -6.35   0.0017252
  128.43   19.93    1.37   0.0016410
  123.84   19.35   36.53   0.0015692
  125.78   20.75   47.04   0.0016540
  129.60   21.80   47.96   0.0016014
  133.41   30.46  -12.14   0.0016447
  132.29   29.02   -7.25   0.0015679
  129.05   27.63    4.64   0.0015307
  125.77   27.61   36.94   0.0014873
  128.40   29.46   43.57   0.0014965
  132.03   30.78   45.11   0.0015871
  134.13   39.26  -13.02   0.0010037
  132.23   37.22   -6.39   0.0009262
  129.54   36.29   11.45   0.0008498
  127.58   37.00   35.67   0.0008241
  130.87   39.47   40.29   0.0008827
  133.84   40.52   42.84   0.0009750
  133.52   48.08  -12.16   0.0003651
  131.35   46.34   -2.34   0.0003378
  129.54   46.43   19.18   0.0003185
  129.43   48.32   33.45   0.0003146
  132.88   50.95   37.51   0.0003381
  134.50   50.54   41.55   0.0003669
  131.95   57.71   -8.62   0.0001314
  130.37   57.36    5.52   0.0001263
  128.93   58.60   23.45   0.0001281
  131.51   62.17   30.68   0.0001305
  133.71   62.67   35.52   0.0001355
  133.38   59.86   42.65   0.0001341
  130.18   69.76   -0.85   0.0000909
  128.79   70.86   13.26   0.0001131
  130.35   74.57   22.06   0.0001173
  132.05   74.35   29.45   0.0001100
  132.39   71.87   37.08   0.0000964
  131.59   69.93   46.29   0.0000834
  128.28   83.69    4.48   0.0000681
  129.48   86.43   13.92   0.0000858
  131.00   85.40   23.47   0.0000743
  131.60   83.90   32.24   0.0000670
  131.01   82.46   41.55   0.0000592
  129.38   82.46   54.10   0.0000496
  147.02    5.41  -23.49   0.0003075
  146.73    5.29  -19.48   0.0003212
  142.89    4.91    9.30   0.0003247
  145.10    5.32   28.89   0.0003145
  146.95    5.58   30.86   0.0003185
  147.10    5.52   33.58   0.0003153
  139.15   13.70  -14.69   0.0010441
  137.77   13.10   -9.23   0.0010397
  132.53   12.09   24.77   0.0010439
  135.76   13.71   38.26   0.0009956
  138.52   14.38   39.72   0.0010331
  139.40   14.20   42.05   0.0010866
  140.78   22.05  -15.91   0.0015652
  138.72   21.11   -8.04   0.0016580
  135.49   20.76   27.70   0.0015886
  138.95   23.08   34.69   0.0015597
  141.09   23.65   37.03   0.0016759
  141.57   23.09   40.03   0.0016118
  142.16   30.50  -16.72   0.0016037
  139.75   29.57   -2.13   0.0014844
  138.60   30.79   26.51   0.0014653
  141.27   32.83   31.72   0.0015025
  143.15   33.25   34.71   0.0015554
  143.28   32.09   38.42   0.0016277
  142.70   39.33  -15.83   0.0009852
  140.36   38.84    7.37   0.0008768
  140.44   41.15   24.60   0.0008351
  143.02   43.34   29.41   0.0008775
  144.46   43.12   33.21   0.0009675
  144.16   41.14   37.80   0.0010245
  142.55   48.88  -10.12   0.0003749
  140.40   49.25   13.52   0.0003410
  141.97   52.75   22.65   0.0003417
  144.28   54.43   27.72   0.0003643
  145.09   52.90   32.48   0.0003995
  144.30   50.28   38.54   0.0004120
  141.78   59.01    0.42   0.0001502
  141.07   61.59   13.84   0.0001495
  143.18   65.33   20.99   0.0001559
  144.98   65.39   26.62   0.0001589
  145.01   62.32   33.18   0.0001650
  143.80   59.96   42.16   0.0001583
  140.98   70.73    4.28   0.0001084
  141.92   75.60   12.84   0.0001348
  143.99   77.82   19.71   0.0001397
  144.86   74.84   27.41   0.0001264
  144.40   71.83   36.66   0.0001098
  142.81   70.01   50.97   0.0000978
  141.12   85.52    3.95   0.0000778
  142.66   89.34   12.20   0.0000987
  144.20   86.85   21.55   0.0000832
  144.54   83.96   32.51   0.0000738
  143.48   81.34   44.30   0.0000659
  141.54   80.55   55.25   0.0000557
  156.57    5.87  -29.33   0.0003066
  154.14    5.55   -2.09   0.0003196
  156.29    5.97   17.76   0.0003218
  157.48    6.19   20.41   0.0003119
  157.40    6.10   23.31   0.0003180
  157.12    5.98   26.39   0.0003137
  148.40   13.55  -19.65   0.0010169
  144.64   12.74   12.24   0.0010144
  147.12   14.50   27.16   0.0010293
  149.08   15.06   29.40   0.0009919
  149.53   14.70   31.97   0.0010272
  149.35   14.18   35.09   0.0010705
  148.04   22.32  -15.69   0.0014760
  146.11   22.19   16.41   0.0015841
  149.02   24.85   25.33   0.0015595
  150.18   24.86   28.37   0.0015634
  150.19   23.97   31.60   0.0016627
  149.57   22.99   35.45   0.0015562
  149.03   31.49   -7.29   0.0014860
  148.91   33.26   17.11   0.0014076
  150.97   35.35   23.07   0.0014613
  151.89   34.85   26.63   0.0015479
  151.78   33.40   30.37   0.0015560
  150.95   32.03   34.97   0.0015549
  149.67   41.28    2.30   0.0009121
  150.50   44.62   15.89   0.0008453
  152.23   46.00   21.49   0.0008751
  153.05   44.95   25.55   0.0009585
  152.84   42.92   29.90   0.0009970
  151.76   41.43   35.90   0.0009812
  150.27   52.30    5.61   0.0003757
  151.41   55.75   14.74   0.0003637
  153.04   56.78   20.36   0.0003892
  153.78   55.01   25.02   0.0004250
  153.42   52.46   30.33   0.0004392
  151.88   51.09   43.05   0.0004179
  150.74   63.69    5.89   0.0001638
  151.94   67.00   13.58   0.0001708
  153.51   67.54   19.54   0.0001761
  154.16   64.93   25.05   0.0001793
  153.45   62.27   33.00   0.0001862
  151.45   60.70   53.51   0.0001738
  151.00   75.13    5.08   0.0001094
  152.21   78.28   12.45   0.0001360
  153.75   78.04   19.08   0.0001369
  154.13   74.66   26.55   0.0001213
  153.10   71.53   42.45   0.0001108
  151.19   71.26   56.30   0.0000992
  151.06   86.56    3.85   0.0000573
  152.33   89.44   11.56   0.0000700
  153.78   87.53   20.13   0.0000619
  153.95   83.64   34.55   0.0000534
  152.52   80.59   47.24   0.0000484
  151.13   82.54   55.95   0.0000436
  162.94    6.23  -11.21   0.0003051
  164.75    6.63    9.29   0.0003167
  165.59    6.79   12.32   0.0003190
  165.34    6.68   15.34   0.0003109
  164.90    6.57   18.54   0.0003156
  164.35    6.50   22.80   0.0003117
  156.56   13.90   -1.29   0.0009863
  157.98   15.24   16.40   0.0009898
  159.24   15.58   19.38   0.0010146
  159.59   15.17   21.94   0.0009782
  159.53   14.67   24.87   0.0009992
  158.81   14.12   29.95   0.0010321
  155.79   23.74    3.32   0.0014046
  157.54   25.57   17.00   0.0015413
  158.32   25.47   20.55   0.0015482
  158.30   24.60   23.67   0.0015306
  157.93   23.85   27.25   0.0015891
  156.99   23.20   35.62   0.0014578
  157.48   34.59    6.02   0.0013937
  158.94   36.38   15.82   0.0013839
  159.58   35.72   19.51   0.0014771
  159.51   34.41   23.05   0.0015210
  158.93   33.50   27.46   0.0014603
  157.57   33.05   44.09   0.0014238
  158.72   45.77    7.99   0.0008733
  159.88   47.43   14.95   0.0008712
  160.50   46.12   18.90   0.0009332
  160.45   44.37   22.91   0.0009735
  159.73   43.28   28.35   0.0009358
  158.24   43.45   52.05   0.0008987
  159.17   57.43    8.05   0.0003861
  160.34   58.16   14.25   0.0003995
  161.07   56.52   18.65   0.0004327
  161.06   54.30   23.27   0.0004448
  159.98   52.97   34.82   0.0004300
  158.73   54.07   57.46   0.0004049
  159.33   67.78    7.22   0.0001762
  160.45   68.64   13.49   0.0001865
  161.33   66.88   18.63   0.0001877
  161.34   64.29   24.42   0.0001869
  159.94   62.36   44.76   0.0001920
  158.88   64.88   58.69   0.0001837
  159.28   77.49    5.65   0.0001044
  160.34   78.81   12.53   0.0001232
  161.37   77.19   18.75   0.0001226
  161.37   74.06   29.34   0.0001146
  159.82   72.21   48.62   0.0001064
  159.00   74.79   58.15   0.0000976
  159.14   86.90    3.86   0.0000306
  160.11   88.69   11.41   0.0000358
  161.24   87.37   19.27   0.0000336
  161.20   83.10   38.02   0.0000305
  159.94   82.00   48.63   0.0000281
  159.08   84.09   56.39   0.0000252
  171.19    7.21    2.80   0.0003020
  171.80    7.30    6.04   0.0003129
  171.42    7.20    9.15   0.0003155
  170.91    7.10   12.38   0.0003078
  170.52    7.07   16.50   0.0003128
  169.80    6.83   41.58   0.0003077
  167.80   16.03    6.54   0.0009651
  168.58   16.10   10.09   0.0009688
  168.65   15.71   12.80   0.0009837
  168.33   15.38   15.88   0.0009458
  167.49   15.20   20.75   0.0009574
  166.59   15.30   46.51   0.0009917
  166.20   26.25    7.95   0.0013647
  166.98   25.88   12.11   0.0015120
  167.11   25.21   14.98   0.0014936
  166.86   24.70   18.24   0.0014384
  165.88   24.61   24.39   0.0014710
  164.95   25.33   49.96   0.0013724
  166.56   36.88    7.79   0.0013562
  167.12   36.15   12.43   0.0013695
  167.13   35.21   15.75   0.0014370
  166.82   34.70   19.52   0.0014042
  165.77   34.89   29.78   0.0013305
  165.44   36.11   52.69   0.0013269
  167.04   47.50    7.91   0.0008730
  167.59   46.66   12.49   0.0008970
  167.63   45.38   16.18   0.0009260
  167.23   44.76   20.66   0.0008972
  166.14   45.21   36.74   0.0008516
  166.10   46.63   56.03   0.0008538
  167.17   58.08    8.19   0.0004077
  167.80   57.20   12.70   0.0004242
  167.98   55.51   16.77   0.0004446
  167.49   54.51   23.85   0.0004335
  166.44   55.11   43.80   0.0004135
  166.50   56.80   59.36   0.0004009
  166.95   68.60    7.79   0.0001899
  167.72   67.66   12.79   0.0001995
  168.10   65.73   17.50   0.0001936
  167.56   63.86   31.44   0.0001921
  166.56   64.68   50.09   0.0002008
  166.37   67.42   60.92   0.0001923
  166.65   78.02    6.23   0.0001080
  167.44   77.77   12.29   0.0001242
  168.02   76.11   18.23   0.0001249
  167.57   73.13   38.32   0.0001200
  166.43   74.86   51.50   0.0001171
  166.20   76.84   59.55   0.0001065
  166.36   86.68    3.90   0.0000583
  167.04   87.38   11.05   0.0000704
  167.79   86.62   18.68   0.0000667
  167.57   83.35   40.89   0.0000627
  166.71   83.81   49.65   0.0000606
  166.22   85.15   56.93   0.0000529
  176.81    7.66    0.90   0.0002987
  176.39    7.58    4.02   0.0003091
  175.87    7.52    7.23   0.0003111
  175.64    7.50   11.21   0.0003063
  175.41    7.28   35.61   0.0003090
  176.43    7.62   57.47   0.0003023
  175.32   16.69    3.01   0.0009409
  174.88   16.46    6.12   0.0009322
  174.26   16.30    9.44   0.0009412
  173.84   16.36   13.66   0.0009101
  173.88   16.58   37.62   0.0009262
  174.95   16.90   59.20   0.0009642
  174.82   26.69    3.99   0.0013237
  174.36   26.41    7.20   0.0014375
  173.71   26.34   10.65   0.0013894
  173.19   26.49   15.35   0.0013323
  173.47   27.07   38.07   0.0013941
  174.50   27.23   59.41   0.0013304
  174.75   37.10    4.59   0.0013178
  174.29   36.78    7.94   0.0012994
  173.62   36.78   11.57   0.0013143
  173.31   37.06   17.14   0.0012769
  173.50   37.75   39.64   0.0012436
  174.47   37.82   59.26   0.0012891
  174.86   47.52    5.12   0.0008685
  174.48   47.05    8.60   0.0008609
  173.85   47.00   12.44   0.0008423
  173.91   47.43   20.61   0.0008236
  173.69   48.01   42.72   0.0008030
  174.56   48.18   59.48   0.0008483
  174.87   57.79    5.60   0.0004238
  174.70   57.04    9.33   0.0004273
  174.21   56.73   13.47   0.0004264
  174.18   57.11   26.61   0.0004152
  173.89   57.57   46.98   0.0004089
  174.66   57.98   60.08   0.0004174
  174.81   67.50    5.36   0.0002041
  174.77   66.85    9.83   0.0002096
  174.61   66.37   15.15   0.0002016
  174.31   66.28   32.95   0.0002004
  174.18   66.68   50.68   0.0002149
  174.72   67.43   60.25   0.0002068
  174.76   76.63    4.29   0.0001233
  174.76   76.16    9.56   0.0001392
  174.70   76.20   17.18   0.0001481
  174.37   75.26   38.10   0.0001455
  174.53   76.01   52.13   0.0001420
  174.69   76.88   59.05   0.0001294
  174.69   85.47    2.71   0.0000856
  174.71   85.18    8.72   0.0001097
  174.53   85.97   18.85   0.0001058
  174.45   84.55   40.88   0.0001005
  174.66   85.77   51.16   0.0001016
  174.67   85.72   57.18   0.0000834
 -179.19    7.79   -0.59   0.0002959
 -179.70    7.77    2.59   0.0003044
 -179.79    7.75    6.47   0.0003098
 -179.63    7.53   30.28   0.0003036
 -178.95    7.84   52.71   0.0003041
 -178.74    7.85   56.28   0.0002982
  179.44   16.94    0.96   0.0009075
  178.83   16.90    4.24   0.0008931
  178.70   17.12    8.16   0.0009076
  179.02   17.34   31.89   0.0008866
  179.85   17.40   54.05   0.0008991
  179.99   17.07   57.75   0.0009342
  179.00   27.35    1.55   0.0012484
  178.40   27.34    4.94   0.0013358
  178.27   27.69    8.96   0.0012975
  178.82   28.30   31.73   0.0012717
  179.50   28.02   54.28   0.0013511
  179.56   27.48   58.23   0.0012811
  178.82   38.09    1.92   0.0012244
  178.28   38.10    5.45   0.0011870
  178.32   38.57    9.78   0.0012070
  178.74   39.20   32.58   0.0012042
  179.27   38.88   54.19   0.0011997
  179.33   38.23   58.50   0.0012371
  178.75   48.49    2.24   0.0008072
  178.27   48.47    5.93   0.0007751
  178.73   49.15   11.53   0.0007686
  178.60   49.46   34.82   0.0007821
  179.06   49.33   53.91   0.0007850
  179.18   48.68   58.72   0.0008245
  178.68   58.48    2.49   0.0004074
  178.33   58.39    6.42   0.0004033
  178.87   58.85   14.50   0.0004028
  178.45   58.87   37.09   0.0004130
  178.89   58.99   53.47   0.0004141
  178.99   58.70   58.73   0.0004131
  178.62   67.91    2.44   0.0002107
  178.38   67.82    6.91   0.0002150
  178.75   67.86   17.12   0.0002121
  178.35   67.73   38.63   0.0002126
  178.79   68.13   52.66   0.0002275
  178.83   68.09   58.24   0.0002174
  178.58   76.85    2.19   0.0001353
  178.43   76.77    7.50   0.0001564
  178.57   76.68   19.06   0.0001680
  178.31   76.46   39.67   0.0001609
  178.70   77.03   51.67   0.0001633
  178.71   77.02   57.60   0.0001463
  178.55   85.52    1.83   0.0000944
  178.46   85.47    8.15   0.0001231
  178.37   85.60   20.48   0.0001229
  178.31   85.32   40.31   0.0001178
  178.56   85.75   51.14   0.0001157
  178.58   85.69   57.01   0.0000964
 -175.46    7.83   -1.86   0.0002926
 -175.42    7.80    1.91   0.0003043
 -174.88    7.58   25.15   0.0003083
 -174.52    7.85   48.13   0.0002992
 -174.47    7.84   51.81   0.0003007
 -174.95    7.82   54.96   0.0002942
 -177.00   17.04   -0.59   0.0008741
 -177.03   17.34    3.38   0.0008681
 -176.54   17.44   27.00   0.0008870
 -175.80   17.29   49.26   0.0008694
 -175.80   17.00   52.89   0.0008742
 -176.40   16.98   56.14   0.0008981
 -177.52   27.48   -0.28   0.0011628
 -177.56   27.99    3.94   0.0012574
 -177.17   28.40   28.23   0.0012466
 -176.28   27.83   49.34   0.0012332
 -176.36   27.44   53.03   0.0012901
 -176.93   27.40   56.37   0.0012001
 -177.83   38.22   -0.16   0.0011145
 -177.80   38.89    4.52   0.0010911
 -177.51   39.27   28.30   0.0011393
 -176.79   38.65   49.04   0.0011558
 -176.78   38.18   52.94   0.0011276
 -177.30   38.13   56.38   0.0011368
 -178.07   48.66   -0.13   0.0007282
 -177.91   49.32    5.27   0.0007059
 -177.68   49.49   26.87   0.0007312
 -177.43   49.17   48.08   0.0007527
 -177.17   48.53   52.73   0.0007431
 -177.62   48.51   56.29   0.0007478
 -178.21   58.66   -0.04   0.0003746
 -177.98   58.92    6.02   0.0003786
 -177.77   58.85   25.13   0.0003918
 -177.88   58.85   46.00   0.0004063
 -177.55   58.43   52.39   0.0003958
 -177.89   58.48   56.16   0.0003782
 -178.30   68.04    0.41   0.0002000
 -178.12   67.99    6.95   0.0002147
 -177.87   67.69   23.75   0.0002142
 -178.10   67.88   43.97   0.0002148
 -177.85   67.83   51.94   0.0002260
 -178.08   67.89   56.18   0.0002130
 -178.37   76.96    0.98   0.0001319
 -178.28   76.86    7.96   0.0001566
 -177.99   76.40   22.61   0.0001706
 -178.19   76.70   42.27   0.0001557
 -178.09   76.73   51.54   0.0001616
 -178.24   76.81   56.36   0.0001469
 -178.43   85.63    1.51   0.0000881
 -178.37   85.62    8.46   0.0001120
 -178.15   85.26   21.61   0.0001262
 -178.23   85.55   41.07   0.0001088
 -178.32   85.39   51.25   0.0001071
 -178.39   85.47   56.68   0.0001009
 -170.90    7.66   -2.76   0.0002932
 -169.99    7.42   19.87   0.0003044
 -169.97    7.66   43.41   0.0003038
 -170.06    7.65   47.20   0.0002962
 -170.59    7.66   50.40   0.0002968
 -171.11    7.70   53.60   0.0002907
 -172.53   16.96   -1.48   0.0008546
 -171.73   16.85   21.70   0.0008494
 -171.13   16.63   44.01   0.0008624
 -171.40   16.48   47.84   0.0008488
 -172.06   16.57   51.16   0.0008407
 -172.65   16.73   54.42   0.0008635
 -173.06   27.28   -0.81   0.0011053
 -172.30   27.32   22.85   0.0012153
 -171.48   26.76   43.37   0.0012067
 -171.89   26.55   47.50   0.0011800
 -172.53   26.57   50.90   0.0012128
 -173.12   26.76   54.22   0.0011194
 -173.44   37.85   -0.29   0.0010370
 -172.69   37.89   21.90   0.0010409
 -171.99   37.26   42.36   0.0010957
 -172.33   36.98   46.98   0.0010803
 -172.95   36.95   50.50   0.0010294
 -173.50   37.16   53.90   0.0010303
 -173.76   48.14   -0.32   0.0006629
 -173.05   48.04   18.94   0.0006660
 -172.98   47.51   40.25   0.0006889
 -172.89   47.14   46.35   0.0006847
 -173.47   47.15   50.02   0.0006547
 -173.93   47.52   53.53   0.0006597
 -174.07   57.84   -0.92   0.0003459
 -173.34   57.51   14.58   0.0003522
 -173.68   57.17   35.61   0.0003600
 -173.50   56.82   45.51   0.0003608
 -173.98   57.06   49.40   0.0003413
 -174.22   57.70   53.13   0.0003329
 -174.34   67.19   -1.26   0.0001853
 -173.62   66.46   10.11   0.0001990
 -173.95   66.30   29.65   0.0001924
 -174.03   66.27   44.47   0.0001913
 -174.30   66.78   48.99   0.0002028
 -174.39   67.34   53.35   0.0001935
 -174.48   76.67   -0.33   0.0001226
 -174.11   75.51    7.81   0.0001411
 -174.12   75.25   24.62   0.0001498
 -174.38   75.92   43.05   0.0001396
 -174.49   76.01   49.31   0.0001502
 -174.52   76.43   54.33   0.0001380
 -174.59   85.53    1.36   0.0000817
 -174.50   85.33    8.26   0.0000954
 -174.30   84.42   21.26   0.0001061
 -174.47   85.61   42.06   0.0000959
 -174.60   84.96   50.28   0.0000954
 -174.60   85.27   55.84   0.0000920
 -164.56    7.06   14.08   0.0002938
 -164.95    7.30   38.24   0.0002998
 -165.19    7.28   42.14   0.0002996
 -165.78    7.33   45.42   0.0002931
 -166.33    7.39   48.66   0.0002939
 -165.90    7.32   52.11   0.0002896
 -165.30   15.69   14.02   0.0008450
 -165.38   15.53   37.54   0.0008307
 -166.11   15.57   41.97   0.0008374
 -166.71   15.79   45.25   0.0008211
 -167.03   16.10   48.28   0.0008127
 -166.59   16.09   52.30   0.0008407
 -164.47   25.53   11.85   0.0010829
 -164.90   24.90   35.29   0.0011889
 -165.82   24.86   40.53   0.0011596
 -166.31   25.20   43.85   0.0011160
 -166.41   25.78   46.85   0.0011397
 -165.74   26.12   51.46   0.0010703
 -164.76   36.02    9.13   0.0009985
 -165.09   34.95   31.95   0.0010083
 -165.98   34.70   39.38   0.0010357
 -166.38   35.12   42.93   0.0009868
 -166.48   35.97   46.23   0.0009380
 -165.92   36.66   51.38   0.0009687
 -165.49   46.34    5.44   0.0006148
 -165.63   45.09   25.73   0.0006143
 -166.56   44.68   38.36   0.0006160
 -166.97   45.23   42.44   0.0005906
 -167.02   46.42   46.08   0.0005748
 -166.49   47.17   51.14   0.0005963
 -166.00   56.18    1.16   0.0003009
 -166.06   54.79   18.45   0.0002993
 -167.10   54.41   36.90   0.0003011
 -167.49   55.35   41.93   0.0002990
 -167.37   56.94   45.88   0.0002892
 -166.78   57.61   50.68   0.0002891
 -166.15   66.57   -1.49   0.0001551
 -166.31   64.10   11.30   0.0001624
 -167.34   63.83   31.34   0.0001523
 -167.79   65.60   41.37   0.0001583
 -167.43   67.38   45.87   0.0001732
 -166.71   68.15   50.97   0.0001678
 -166.09   76.28   -0.54   0.0001054
 -166.33   73.95    8.45   0.0001186
 -167.51   73.22   24.96   0.0001207
 -167.84   75.91   41.08   0.0001197
 -167.28   77.43   46.59   0.0001371
 -166.53   77.55   52.55   0.0001234
 -166.21   84.62    1.95   0.0000658
 -166.72   83.22    9.80   0.0000824
 -167.64   82.95   20.08   0.0000831
 -167.71   86.21   41.15   0.0000754
 -166.99   86.92   48.15   0.0000905
 -166.34   86.16   54.94   0.0000805
 -159.07    6.78   32.22   0.0002910
 -159.47    6.78   36.26   0.0002963
 -160.12    6.85   39.62   0.0002951
 -160.66    6.93   42.89   0.0002912
 -159.95    6.82   46.06   0.0002931
 -158.12    6.55   67.29   0.0002886
 -157.68   14.30   29.19   0.0008419
 -158.55   14.67   34.04   0.0008153
 -158.80   15.10   37.09   0.0008090
 -158.65   15.49   39.80   0.0008017
 -157.54   15.20   43.08   0.0007983
 -156.11   14.28   62.69   0.0008313
 -156.18   23.22   24.87   0.0010814
 -157.01   23.81   31.50   0.0011583
 -157.38   24.50   34.95   0.0010980
 -157.45   25.31   38.07   0.0010644
 -156.66   25.36   41.95   0.0011044
 -155.00   23.79   58.17   0.0010579
 -156.88   33.01   17.99   0.0009697
 -158.11   33.43   31.33   0.0009550
 -158.67   34.29   35.49   0.0009488
 -158.81   35.53   39.02   0.0009110
 -158.19   36.04   42.92   0.0008853
 -156.67   34.31   54.97   0.0009377
 -157.68   43.16    9.96   0.0005587
 -159.13   43.15   30.77   0.0005446
 -159.79   44.22   35.73   0.0005281
 -159.90   45.90   39.65   0.0005169
 -159.30   47.06   43.74   0.0005153
 -158.01   45.06   51.94   0.0005471
 -158.31   53.42    3.29   0.0002483
 -159.67   52.89   27.45   0.0002413
 -160.59   54.18   35.58   0.0002419
 -160.61   56.30   39.97   0.0002533
 -159.91   57.81   44.42   0.0002464
 -158.70   56.67   51.21   0.0002422
 -158.61   63.85    1.20   0.0001197
 -159.82   62.15   18.01   0.0001242
 -161.10   64.16   35.07   0.0001222
 -161.01   66.70   40.15   0.0001328
 -160.16   68.22   45.25   0.0001466
 -159.03   67.12   51.79   0.0001347
 -158.88   73.94    1.17   0.0000867
 -159.81   71.53   11.70   0.0000937
 -161.27   74.29   33.06   0.0000962
 -161.18   77.03   40.37   0.0001015
 -160.17   78.30   46.41   0.0001182
 -159.12   76.78   53.32   0.0001020
 -159.08   83.32    2.68   0.0000576
 -160.00   81.32   10.88   0.0000661
 -161.31   83.36   24.50   0.0000651
 -161.15   87.20   40.49   0.0000617
 -160.04   88.07   47.85   0.0000793
 -159.12   86.13   55.17   0.0000725
 -152.34    6.19   29.03   0.0002893
 -153.00    6.28   32.43   0.0002931
 -153.49    6.36   35.69   0.0002923
 -152.41    6.21   38.48   0.0002915
 -150.07    5.95   58.93   0.0002937
 -151.83    6.17   84.87   0.0002871
 -148.67   14.14   24.12   0.0008370
 -148.94   14.62   27.26   0.0007945
 -148.61   14.96   29.91   0.0007892
 -146.74   14.45   32.33   0.0007959
 -144.51   13.02   49.12   0.0007934
 -147.74   13.60   79.13   0.0008304
 -148.50   23.01   23.16   0.0010631
 -149.15   23.91   26.92   0.0011119
 -149.22   24.76   30.18   0.0010510
 -148.03   24.65   33.30   0.0010419
 -145.18   22.18   44.41   0.0010938
 -147.15   22.39   75.64   0.0010556
 -150.13   32.03   23.85   0.0009311
 -150.94   33.33   28.22   0.0008909
 -151.11   34.70   31.91   0.0008844
 -150.22   35.16   35.54   0.0008655
 -147.92   32.65   42.28   0.0008587
 -148.33   31.48   68.92   0.0009175
 -151.22   41.33   23.40   0.0004993
 -152.21   42.84   28.83   0.0004782
 -152.45   44.78   33.06   0.0004735
 -151.63   45.72   37.15   0.0004750
 -149.77   44.05   43.25   0.0004698
 -149.14   41.01   59.53   0.0004986
 -151.61   50.97   19.06   0.0002016
 -153.02   52.38   28.76   0.0002008
 -153.34   54.85   33.70   0.0002075
 -152.58   56.44   38.32   0.0002181
 -150.89   55.15   44.18   0.0002039
 -149.80   51.51   54.32   0.0001976
 -151.45   60.39    7.98   0.0000907
 -153.30   62.10   27.25   0.0000978
 -153.89   64.85   33.94   0.0001019
 -153.20   67.19   39.21   0.0001129
 -151.57   66.28   45.34   0.0001158
 -150.38   62.67   53.58   0.0001006
 -151.15   70.35    3.47   0.0000696
 -153.18   71.52   19.81   0.0000713
 -154.06   74.61   33.24   0.0000747
 -153.56   77.79   39.95   0.0000828
 -151.99   77.50   46.54   0.0000967
 -150.81   74.09   54.09   0.0000786
 -151.18   81.50    3.28   0.0000410
 -152.70   80.27   12.61   0.0000429
 -154.03   83.80   27.73   0.0000422
 -153.70   87.59   39.75   0.0000423
 -152.22   88.63   47.69   0.0000537
 -151.03   85.46   55.32   0.0000489
 -143.76    5.68   23.20   0.0002876
 -144.18    5.75   26.42   0.0002915
 -142.61    5.57   28.68   0.0002933
 -139.89    5.33   48.52   0.0002939
 -142.70    5.56   75.71   0.0002925
 -143.15    5.59   79.80   0.0002847
 -138.45   14.17   16.87   0.0008252
 -137.74   14.36   19.30   0.0007774
 -135.01   13.70   20.84   0.0007802
 -131.97   12.26   35.78   0.0007991
 -136.97   13.17   68.53   0.0007959
 -138.16   13.71   73.61   0.0008232
 -140.52   23.09   18.54   0.0010468
 -140.16   23.65   21.59   0.0010767
 -138.07   23.12   24.04   0.0010274
 -134.50   20.81   32.35   0.0010418
 -137.83   21.27   67.49   0.0010964
 -139.72   22.13   74.56   0.0010494
 -142.48   32.07   20.25   0.0008940
 -142.39   33.17   23.91   0.0008472
 -140.52   32.74   26.94   0.0008480
 -137.66   30.55   32.65   0.0008352
 -139.10   29.64   63.22   0.0008408
 -141.40   30.57   75.62   0.0008967
 -143.59   41.12   21.03   0.0004598
 -143.86   42.98   25.46   0.0004406
 -142.35   43.07   29.21   0.0004374
 -139.65   40.76   34.33   0.0004323
 -139.81   38.67   54.27   0.0004239
 -142.21   39.30   75.21   0.0004579
 -143.99   50.21   20.80   0.0001731
 -144.68   52.78   26.33   0.0001751
 -143.76   54.07   30.95   0.0001827
 -141.31   52.12   36.13   0.0001815
 -139.97   48.62   46.53   0.0001638
 -142.24   48.68   71.43   0.0001616
 -143.69   59.71   18.30   0.0000751
 -144.89   62.29   26.30   0.0000822
 -144.67   65.12   32.20   0.0000882
 -142.70   64.57   37.79   0.0000936
 -140.60   60.56   45.37   0.0000903
 -141.82   58.74   60.85   0.0000786
 -143.01   69.76   10.19   0.0000571
 -144.44   71.64   23.99   0.0000581
 -144.86   74.92   32.23   0.0000636
 -143.73   77.24   39.25   0.0000699
 -141.59   74.34   46.22   0.0000768
 -140.91   69.65   55.31   0.0000656
 -141.75   79.66    4.40   0.0000136
 -143.76   81.33   16.29   0.0000144
 -144.62   83.84   28.75   0.0000146
 -144.14   87.03   38.54   0.0000156
 -142.47   88.45   47.25   0.0000204
 -141.07   83.95   55.24   0.0000171
 -132.30    5.19   14.65   0.0002878
 -130.08    5.00   16.22   0.0002939
 -127.43    4.82   36.05   0.0002944
 -131.35    5.03   64.39   0.0002932
 -131.43    5.06   68.12   0.0002904
 -131.98    5.13   71.48   0.0002832
 -125.76   13.54    7.75   0.0008153
 -122.18   12.91    8.49   0.0007710
 -119.94   11.91   24.35   0.0007774
 -126.13   12.76   57.88   0.0008075
 -127.54   13.25   63.06   0.0007927
 -127.50   13.59   66.11   0.0008107
 -128.79   21.92   10.86   0.0010227
 -125.10   20.93   11.97   0.0010526
 -122.97   19.54   23.31   0.0010197
 -127.63   20.16   57.98   0.0010533
 -130.06   21.16   65.08   0.0011038
 -130.57   21.94   68.89   0.0010417
 -131.27   30.78   13.61   0.0008561
 -127.66   29.50   15.23   0.0008104
 -125.08   27.66   22.47   0.0008193
 -128.52   27.79   55.65   0.0008223
 -131.60   29.14   66.24   0.0008373
 -132.63   30.49   70.90   0.0008713
 -133.14   40.40   15.81   0.0004303
 -130.06   39.29   18.32   0.0004069
 -126.81   36.85   23.42   0.0004002
 -128.95   36.23   49.45   0.0003896
 -131.80   37.33   65.76   0.0003954
 -133.55   39.28   71.87   0.0004315
 -134.10   50.42   17.29   0.0001597
 -132.28   50.55   21.14   0.0001574
 -128.74   47.79   25.43   0.0001587
 -129.26   46.13   41.67   0.0001489
 -131.11   46.19   62.64   0.0001398
 -133.28   48.10   71.54   0.0001462
 -133.45   59.84   17.01   0.0000736
 -133.52   62.39   23.39   0.0000791
 -131.02   61.34   28.03   0.0000824
 -128.68   57.74   36.31   0.0000830
 -130.31   56.79   55.77   0.0000800
 -132.00   57.45   68.86   0.0000735
 -131.84   69.53   14.15   0.0000561
 -132.60   71.86   22.78   0.0000569
 -132.22   74.60   30.31   0.0000617
 -130.02   73.40   36.82   0.0000678
 -128.97   69.85   46.91   0.0000725
 -130.43   68.93   62.25   0.0000618
 -129.92   81.94    6.51   0.0000089
 -131.33   81.96   19.22   0.0000099
 -131.72   83.66   28.09   0.0000100
 -130.90   85.34   36.67   0.0000110
 -129.33   86.21   45.87   0.0000139
 -128.45   82.56   55.25   0.0000109
 -115.00    4.59    1.26   0.0002914
 -113.16    4.47   22.07   0.0002949
 -117.64    4.62   50.78   0.0002924
 -117.07    4.65   53.85   0.0002928
 -117.51    4.71   57.15   0.0002890
 -117.74    4.73   60.25   0.0002831
 -107.53   12.18   -5.59   0.0008110
 -108.04   11.66   14.29   0.0007712
 -114.92   12.32   46.87   0.0007795
 -116.07   12.72   51.74   0.0008115
 -114.85   12.90   53.82   0.0007845
 -111.56   12.69   54.12   0.0007954
 -108.90   19.14   -3.44   0.0010054
 -110.30   18.51   14.93   0.0010474
 -116.37   19.26   47.19   0.0010275
 -118.86   20.14   54.06   0.0010717
 -117.75   20.48   56.51   0.0011008
 -113.72   20.05   56.55   0.0010191
 -110.59   26.53   -0.84   0.0008207
 -112.17   25.82   14.77   0.0007874
 -116.40   26.28   45.17   0.0008074
 -120.30   27.76   55.26   0.0008266
 -119.85   28.46   58.61   0.0008317
 -115.87   27.92   59.08   0.0008439
 -112.82   35.08    2.28   0.0004023
 -113.49   34.12   14.40   0.0003746
 -115.92   34.09   41.08   0.0003664
 -120.01   35.70   54.76   0.0003692
 -121.20   37.15   60.24   0.0003860
 -118.12   36.86   61.82   0.0004117
 -115.58   45.68    5.81   0.0001496
 -113.97   43.99   14.18   0.0001395
 -115.68   43.44   36.41   0.0001374
 -118.09   44.18   51.74   0.0001330
 -120.86   46.43   60.63   0.0001326
 -119.92   47.26   64.49   0.0001446
 -118.06   58.64   10.02   0.0000756
 -115.36   56.95   14.49   0.0000773
 -115.57   55.55   31.90   0.0000768
 -116.08   54.74   47.75   0.0000770
 -117.94   55.98   58.09   0.0000772
 -119.39   58.23   65.78   0.0000760
 -118.00   70.13   11.61   0.0000572
 -117.78   71.30   18.66   0.0000588
 -116.93   71.28   25.65   0.0000633
 -116.35   69.97   40.88   0.0000695
 -116.65   68.87   53.29   0.0000715
 -117.50   69.05   63.32   0.0000640
 -117.55   84.66    5.16   0.0000080
 -117.66   83.68   16.73   0.0000090
 -117.52   83.23   26.26   0.0000095
 -117.37   83.17   35.55   0.0000104
 -117.32   84.01   44.79   0.0000126
 -117.30   84.57   54.05   0.0000100
  -97.93    4.30    7.38   0.0002935
 -101.86    4.38   35.14   0.0002935
 -100.49    4.42   37.42   0.0002922
 -100.82    4.45   40.62   0.0002933
 -101.00    4.46   43.69   0.0002891
  -98.21    4.38   44.63   0.0002851
  -95.99   11.52    4.68   0.0008152
 -102.65   11.97   34.81   0.0007755
 -102.63   12.27   38.58   0.0007857
  -99.61   12.36   39.08   0.0008092
  -95.33   12.20   38.49   0.0007739
  -92.30   11.89   39.64   0.0007859
  -96.92   17.96    5.47   0.0010047
 -103.75   18.61   34.96   0.0010610
 -104.70   19.18   40.16   0.0010476
 -100.80   19.27   40.16   0.0010809
  -95.16   18.97   38.74   0.0010781
  -91.88   18.45   40.10   0.0009905
  -97.72   24.79    5.90   0.0007994
 -103.22   25.42   33.07   0.0007837
 -105.82   26.40   40.97   0.0008175
 -101.79   26.53   41.14   0.0008370
  -95.55   26.06   39.57   0.0008090
  -92.47   25.33   41.69   0.0008114
  -98.51   32.59    6.21   0.0003738
 -101.51   32.90   29.11   0.0003516
 -106.04   34.33   41.16   0.0003557
 -102.78   34.61   42.29   0.0003719
  -96.45   33.99   40.88   0.0003773
  -93.89   33.08   44.23   0.0003903
  -99.01   42.08    6.52   0.0001384
  -99.81   42.00   24.94   0.0001255
 -103.47   43.33   38.62   0.0001283
 -103.27   44.19   43.43   0.0001319
  -97.92   43.58   42.70   0.0001344
  -96.25   42.65   47.71   0.0001429
 -100.28   54.25    5.74   0.0000790
  -98.91   53.57   22.14   0.0000783
 -100.12   53.85   35.05   0.0000790
 -102.60   54.95   44.04   0.0000830
 -100.14   54.79   45.88   0.0000847
  -99.39   54.54   50.42   0.0000837
 -102.31   67.52    4.15   0.0000550
 -102.27   68.56   16.63   0.0000590
 -102.20   67.89   28.98   0.0000623
 -102.46   67.44   38.75   0.0000657
 -102.17   67.08   46.76   0.0000675
 -101.73   66.84   54.23   0.0000618
 -103.80   82.19    5.27   0.0000067
 -103.63   81.95   15.35   0.0000079
 -103.64   81.86   25.40   0.0000080
 -103.81   82.07   35.32   0.0000085
 -103.94   82.28   45.23   0.0000100
 -103.93   82.31   55.20   0.0000079
  -84.84    4.33   18.29   0.0002929
  -82.81    4.41   19.92   0.0002935
  -83.07    4.41   23.06   0.0002910
  -83.29    4.40   26.16   0.0002944
  -81.03    4.37   27.61   0.0002917
  -82.52    4.30   52.64   0.0002861
  -88.96   11.83   21.41   0.0008199
  -86.98   12.14   23.38   0.0007812
  -82.87   12.31   22.93   0.0007831
  -79.16   12.28   22.83   0.0008019
  -78.16   12.02   25.84   0.0007682
  -83.91   11.53   55.14   0.0007833
  -89.13   18.38   20.73   0.0010138
  -86.84   18.88   22.77   0.0010863
  -81.33   19.21   21.42   0.0010592
  -76.66   19.20   20.81   0.0010626
  -76.80   18.68   25.47   0.0010481
  -83.36   17.96   55.37   0.0009796
  -88.34   25.25   18.99   0.0008025
  -86.18   25.95   21.68   0.0008109
  -80.04   26.46   20.13   0.0008377
  -75.24   26.44   19.71   0.0008227
  -77.28   25.50   27.38   0.0007701
  -82.74   24.79   55.42   0.0007856
  -86.83   33.00   16.42   0.0003668
  -85.10   33.87   20.28   0.0003587
  -78.82   34.54   18.81   0.0003718
  -74.76   34.41   19.29   0.0003734
  -79.13   32.98   31.64   0.0003582
  -82.08   32.59   55.25   0.0003685
  -84.39   42.58   12.90   0.0001359
  -83.36   43.46   18.34   0.0001268
  -77.98   44.14   17.45   0.0001344
  -77.13   43.46   21.65   0.0001425
  -80.89   42.07   35.93   0.0001401
  -81.58   42.07   54.84   0.0001421
  -81.18   54.43   10.14   0.0000827
  -80.72   54.64   14.88   0.0000831
  -77.98   54.93   16.24   0.0000865
  -80.46   53.90   25.24   0.0000931
  -81.73   53.61   38.58   0.0000961
  -80.22   54.19   55.24   0.0000900
  -78.75   66.74    6.05   0.0000578
  -78.26   67.01   13.33   0.0000641
  -77.96   67.38   21.23   0.0000678
  -78.33   67.84   31.12   0.0000728
  -78.28   68.50   43.70   0.0000741
  -78.21   67.39   56.19   0.0000658
  -76.35   82.41    4.91   0.0000072
  -76.34   82.39   14.85   0.0000090
  -76.48   82.17   24.76   0.0000087
  -76.65   81.96   34.70   0.0000095
  -76.63   82.09   44.76   0.0000105
  -76.47   82.30   54.87   0.0000080
  -65.65    4.61    2.95   0.0002933
  -65.92    4.60    6.08   0.0002923
  -66.23    4.56    9.26   0.0002904
  -64.84    4.56   11.57   0.0002972
  -67.53    4.45   38.26   0.0002924
  -67.90    4.49   61.52   0.0002851
  -70.74   12.54    7.72   0.0008290
  -67.11   12.81    7.73   0.0007837
  -65.10   12.74    9.14   0.0007736
  -65.66   12.39   13.58   0.0007961
  -71.99   11.70   45.67   0.0007642
  -74.14   12.06   67.00   0.0007832
  -68.18   19.85    4.85   0.0010384
  -63.74   20.39    4.53   0.0011010
  -61.86   20.21    6.35   0.0010430
  -64.06   19.35   13.15   0.0010289
  -70.08   18.51   45.82   0.0010221
  -72.56   18.97   64.64   0.0009831
  -65.69   27.70    1.96   0.0008442
  -61.30   28.40    2.06   0.0008301
  -60.22   27.89    4.90   0.0008206
  -64.11   26.36   15.39   0.0007810
  -68.32   25.81   46.28   0.0007425
  -70.64   26.35   61.83   0.0007951
  -63.14   36.67   -1.04   0.0003940
  -59.65   37.18    0.10   0.0003821
  -60.47   35.87    5.29   0.0003801
  -64.68   34.14   19.79   0.0003583
  -67.07   34.13   46.58   0.0003459
  -68.28   34.89   58.62   0.0003722
  -60.99   47.20   -4.04   0.0001422
  -59.70   46.62   -0.64   0.0001379
  -62.48   44.33    8.43   0.0001474
  -64.90   43.51   24.47   0.0001518
  -66.55   44.01   46.70   0.0001462
  -65.33   45.53   54.93   0.0001494
  -61.09   58.35   -5.78   0.0000890
  -62.57   56.15    1.87   0.0000916
  -64.44   54.88   12.43   0.0000994
  -64.82   55.69   28.74   0.0001076
  -65.05   56.96   46.14   0.0001068
  -62.47   58.60   50.31   0.0000972
  -62.68   69.24   -3.37   0.0000692
  -63.55   69.07    6.66   0.0000786
  -63.77   70.18   19.39   0.0000838
  -63.18   71.34   34.76   0.0000888
  -62.34   71.36   41.39   0.0000906
  -62.15   70.25   48.36   0.0000773
  -62.71   84.92    6.10   0.0000156
  -62.64   84.33   15.29   0.0000189
  -62.60   83.45   24.57   0.0000185
  -62.43   83.62   33.78   0.0000207
  -62.34   84.10   43.45   0.0000229
  -62.51   85.05   55.16   0.0000186
  -50.74    4.98   -8.93   0.0002923
  -51.16    4.92   -5.68   0.0002922
  -50.61    4.92   -2.54   0.0002923
  -53.54    4.77   24.67   0.0002979
  -52.43    4.85   46.19   0.0002909
  -50.44    5.02   47.91   0.0002855
  -53.89   13.54   -5.04   0.0008319
  -53.34   13.29   -2.41   0.0007731
  -54.42   12.83    2.55   0.0007644
  -60.27   11.96   35.92   0.0007910
  -59.47   12.73   52.88   0.0007623
  -56.09   13.37   53.71   0.0007892
  -50.37   21.94   -8.32   0.0010564
  -50.48   21.28   -4.82   0.0010793
  -52.84   20.25    2.38   0.0010032
  -57.51   19.54   37.36   0.0010026
  -56.31   20.68   49.15   0.0010256
  -52.59   21.73   50.09   0.0010085
  -48.08   30.55  -10.61   0.0008690
  -48.88   29.30   -6.13   0.0008081
  -52.00   27.85    4.89   0.0007775
  -55.51   27.62   38.32   0.0007534
  -53.46   29.25   45.58   0.0007596
  -49.79   30.62   47.00   0.0008484
  -47.04   39.41  -11.79   0.0004174
  -48.69   37.48   -5.75   0.0003778
  -51.57   36.28   11.23   0.0003606
  -53.85   36.77   37.39   0.0003505
  -50.81   39.10   42.26   0.0003603
  -47.68   40.33   44.54   0.0004041
  -47.24   48.28  -11.61   0.0001456
  -49.40   46.33   -2.64   0.0001414
  -51.19   46.26   18.92   0.0001494
  -51.83   47.77   35.23   0.0001553
  -48.38   50.48   39.23   0.0001549
  -46.54   50.47   42.83   0.0001558
  -48.50   57.63   -9.00   0.0000879
  -50.14   57.00    4.28   0.0000967
  -51.67   58.02   24.30   0.0001048
  -49.42   61.43   32.35   0.0001102
  -47.00   62.40   36.80   0.0001074
  -47.08   59.96   42.97   0.0000943
  -49.96   69.26   -2.33   0.0000720
  -51.28   70.30   13.35   0.0000843
  -50.17   73.74   23.44   0.0000915
  -48.10   74.65   29.82   0.0000947
  -47.77   71.96   37.21   0.0000905
  -48.56   69.75   45.77   0.0000767
  -51.70   83.16    4.97   0.0000379
  -50.70   86.62   14.27   0.0000478
  -49.18   85.57   23.27   0.0000479
  -48.44   83.86   31.72   0.0000522
  -48.92   82.23   40.71   0.0000565
  -50.37   82.40   53.69   0.0000476
  -38.72    5.41  -18.04   0.0002929
  -38.76    5.42  -14.32   0.0002938
  -41.18    5.23   12.42   0.0002916
  -39.39    5.37   33.26   0.0002974
  -37.87    5.55   35.50   0.0002913
  -38.23    5.49   38.67   0.0002843
  -42.65   13.75  -13.00   0.0008260
  -43.64   13.24   -8.04   0.0007633
  -48.50   12.28   24.96   0.0007562
  -46.30   13.54   40.29   0.0007900
  -43.66   14.21   41.79   0.0007683
  -42.63   14.14   43.97   0.0007922
  -40.85   22.23  -14.27   0.0010384
  -42.72   21.32   -7.12   0.0010369
  -46.13   20.77   28.61   0.0009721
  -43.02   22.88   36.80   0.0010130
  -40.83   23.55   39.06   0.0010554
  -40.21   23.14   41.89   0.0010232
  -39.11   30.68  -15.47   0.0008510
  -41.42   29.66   -2.88   0.0007652
  -43.01   30.45   28.16   0.0007510
  -40.32   32.53   33.64   0.0007818
  -38.38   33.10   36.48   0.0008119
  -38.12   32.14   39.97   0.0008780
  -38.28   39.39  -15.21   0.0004157
  -40.65   38.73    6.04   0.0003634
  -40.94   40.67   26.32   0.0003581
  -38.30   42.94   31.18   0.0003821
  -36.76   42.95   34.76   0.0004060
  -36.96   41.20   39.05   0.0004321
  -38.21   48.78  -11.57   0.0001456
  -40.44   48.75   13.95   0.0001434
  -39.14   52.13   24.35   0.0001567
  -36.73   54.00   29.32   0.0001675
  -35.84   52.78   33.78   0.0001677
  -36.49   50.30   39.18   0.0001608
  -38.54   58.99   -0.85   0.0000787
  -39.72   60.83   15.09   0.0000922
  -37.58   64.69   22.57   0.0001012
  -35.70   65.05   27.99   0.0001033
  -35.54   62.28   33.75   0.0000972
  -36.73   59.81   41.58   0.0000830
  -39.37   70.11    5.01   0.0000604
  -38.55   74.81   14.21   0.0000732
  -36.41   77.34   21.04   0.0000783
  -35.41   74.84   27.90   0.0000768
  -35.89   71.70   35.94   0.0000715
  -37.33   70.01   49.68   0.0000611
  -39.04   84.63    5.11   0.0000314
  -37.52   88.86   13.05   0.0000417
  -35.91   87.04   21.58   0.0000412
  -35.55   83.89   31.11   0.0000433
  -36.49   81.52   43.64   0.0000500
  -38.50   80.11   55.82   0.0000411
  -29.22    5.99  -23.85   0.0002952
  -30.90    5.79    1.99   0.0002926
  -29.09    5.98   22.99   0.0002889
  -27.98    6.13   25.70   0.0002978
  -28.39    6.06   28.88   0.0002899
  -28.92    5.98   32.16   0.0002846
  -32.96   13.64  -18.56   0.0008142
  -36.29   12.91   12.18   0.0007586
  -34.36   14.28   28.70   0.0007562
  -32.51   14.84   30.99   0.0007965
  -32.03   14.59   33.52   0.0007724
  -32.14   14.16   36.54   0.0007884
  -33.45   22.40  -15.37   0.0010002
  -35.60   22.04   17.01   0.0010172
  -32.78   24.55   27.37   0.0009813
  -31.57   24.71   30.37   0.0010414
  -31.55   23.94   33.52   0.0010757
  -32.11   23.06   37.19   0.0010037
  -32.16   31.48   -8.84   0.0008098
  -32.68   32.62   18.56   0.0007484
  -30.43   35.01   24.91   0.0007819
  -29.52   34.65   28.41   0.0008425
  -29.63   33.35   32.02   0.0008444
  -30.39   32.06   36.31   0.0008618
  -31.29   41.03    0.65   0.0004117
  -30.69   44.01   17.31   0.0003754
  -28.86   45.61   23.16   0.0004029
  -28.06   44.72   27.13   0.0004459
  -28.28   42.85   31.27   0.0004488
  -29.24   41.37   36.60   0.0004408
  -30.56   51.62    6.00   0.0001562
  -29.43   55.18   16.22   0.0001607
  -27.76   56.36   21.92   0.0001853
  -27.06   54.78   26.41   0.0001980
  -27.39   52.40   31.27   0.0001879
  -28.77   51.05   40.61   0.0001716
  -29.88   62.87    6.74   0.0000799
  -28.60   66.47   15.07   0.0000929
  -27.02   67.13   21.02   0.0001018
  -26.41   64.75   26.15   0.0001011
  -27.02   62.11   32.67   0.0000953
  -28.86   60.59   51.89   0.0000794
  -29.34   74.54    6.39   0.0000398
  -28.07   77.80   13.93   0.0000491
  -26.54   77.71   20.33   0.0000513
  -26.14   74.51   26.81   0.0000495
  -27.09   71.60   39.97   0.0000449
  -29.10   70.62   56.72   0.0000388
  -29.03   86.05    5.25   0.0000030
  -27.73   88.98   12.85   0.0000040
  -26.33   87.52   20.47   0.0000038
  -26.11   83.76   32.15   0.0000043
  -27.50   80.40   47.51   0.0000049
  -29.01   81.99   57.19   0.0000039
  -22.67    6.35   -6.53   0.0002938
  -21.15    6.57   15.04   0.0002894
  -20.35    6.69   18.08   0.0002888
  -20.79    6.61   21.25   0.0002971
  -21.31    6.55   24.50   0.0002905
  -21.62    6.56   28.49   0.0002871
  -24.67   14.04   -1.36   0.0008099
  -23.43   15.01   17.90   0.0007603
  -22.31   15.37   21.02   0.0007604
  -22.05   15.04   23.65   0.0007951
  -22.17   14.62   26.59   0.0007716
  -22.92   14.20   31.36   0.0007816
  -25.75   23.55    3.21   0.0009870
  -24.09   25.23   18.81   0.0010287
  -23.28   25.25   22.47   0.0010018
  -23.31   24.48   25.53   0.0010548
  -23.64   23.79   28.91   0.0010624
  -24.45   23.17   35.60   0.0009755
  -23.90   34.14    6.04   0.0007998
  -22.35   35.95   17.55   0.0007750
  -21.75   35.45   21.30   0.0008447
  -21.87   34.26   24.76   0.0008801
  -22.40   33.40   28.84   0.0008332
  -23.62   32.94   42.33   0.0008333
  -22.38   45.02    8.60   0.0004289
  -21.08   46.97   16.54   0.0004205
  -20.52   45.81   20.52   0.0004727
  -20.63   44.19   24.39   0.0004936
  -21.28   43.14   29.27   0.0004549
  -22.73   43.11   50.24   0.0004401
  -21.55   56.71    9.11   0.0001848
  -20.33   57.74   15.80   0.0002024
  -19.68   56.20   20.14   0.0002355
  -19.73   54.14   24.47   0.0002359
  -20.64   52.94   32.24   0.0002097
  -21.98   53.51   56.80   0.0001894
  -21.11   67.33    8.62   0.0000965
  -19.96   68.24   15.05   0.0001145
  -19.16   66.57   19.97   0.0001218
  -19.13   64.10   24.94   0.0001178
  -20.42   62.28   41.71   0.0001092
  -21.59   64.00   58.97   0.0000939
  -20.94   77.16    7.23   0.0000470
  -19.85   78.46   14.07   0.0000583
  -18.90   76.92   19.84   0.0000596
  -18.89   74.20   26.95   0.0000559
  -20.37   71.67   48.33   0.0000535
  -21.28   74.26   59.19   0.0000460
  -20.90   86.64    5.52   0.0000020
  -19.91   88.35   12.76   0.0000032
  -18.84   87.14   19.77   0.0000027
  -18.80   83.29   35.49   0.0000027
  -20.18   81.49   49.41   0.0000032
  -21.04   83.78   57.89   0.0000023
  -14.86    7.06    8.68   0.0002901
  -14.34    7.14   12.01   0.0002881
  -14.76    7.08   15.14   0.0002886
  -15.24    7.04   18.32   0.0002979
  -15.44    7.04   22.21   0.0002934
  -16.01    6.83   46.45   0.0002887
  -14.05   15.84    8.43   0.0008059
  -13.53   15.92   12.26   0.0007601
  -13.73   15.63   15.18   0.0007610
  -14.20   15.39   18.34   0.0007931
  -14.91   15.31   22.78   0.0007762
  -15.23   15.38   46.93   0.0007852
  -14.91   25.93    9.29   0.0009946
  -14.21   25.66   13.65   0.0010414
  -14.21   25.07   16.57   0.0010148
  -14.59   24.68   19.80   0.0010392
  -15.49   24.66   25.08   0.0010509
  -16.10   25.22   49.21   0.0009758
  -14.56   36.50    9.17   0.0008349
  -14.03   35.84   14.10   0.0008272
  -14.08   35.00   17.36   0.0008819
  -14.41   34.55   20.86   0.0008720
  -15.32   34.74   28.32   0.0008123
  -15.70   35.81   51.60   0.0008313
  -13.83   47.08    9.20   0.0004782
  -13.34   46.31   14.10   0.0004838
  -13.38   45.15   17.71   0.0005194
  -13.76   44.61   21.75   0.0004997
  -14.72   45.00   34.33   0.0004520
  -14.83   46.29   54.90   0.0004607
  -13.41   57.59    9.54   0.0002263
  -12.85   56.84   14.23   0.0002521
  -12.76   55.29   18.14   0.0002750
  -13.15   54.42   23.02   0.0002534
  -14.19   54.86   41.36   0.0002223
  -14.22   56.27   58.91   0.0002190
  -13.38   68.23    9.36   0.0001264
  -12.67   67.33   14.30   0.0001511
  -12.37   65.52   18.67   0.0001505
  -12.85   63.88   28.48   0.0001439
  -13.85   64.29   48.39   0.0001339
  -13.97   66.61   61.70   0.0001193
  -13.51   77.82    8.01   0.0000770
  -12.74   77.51   13.81   0.0000996
  -12.22   75.87   19.08   0.0001009
  -12.63   73.23   35.05   0.0000993
  -13.80   74.08   51.75   0.0000973
  -14.01   76.60   61.07   0.0000768
  -13.67   86.56    5.75   0.0000363
  -12.97   87.14   12.43   0.0000496
  -12.27   86.20   19.12   0.0000478
  -12.46   82.90   40.12   0.0000524
  -13.42   83.42   50.61   0.0000574
  -13.87   85.01   58.67   0.0000396
   -9.27    7.45    6.84   0.0002884
   -9.67    7.41    9.93   0.0002879
  -10.09    7.39   13.03   0.0002912
  -10.17    7.39   16.80   0.0003011
  -10.35    7.16   40.39   0.0002955
   -9.56    7.39   63.28   0.0002876
   -7.58   16.52    5.88   0.0008031
   -8.09   16.36    9.04   0.0007611
   -8.68   16.26   12.29   0.0007685
   -8.93   16.38   16.12   0.0007986
   -8.54   16.50   38.77   0.0007838
   -7.78   16.69   61.89   0.0007868
   -7.07   26.52    6.04   0.0010032
   -7.62   26.32    9.29   0.0010476
   -8.23   26.28   12.65   0.0010169
   -8.66   26.47   16.79   0.0010408
   -7.98   26.97   37.63   0.0010636
   -7.21   27.01   61.21   0.0009902
   -6.66   36.94    6.31   0.0008818
   -7.19   36.72    9.67   0.0008558
   -7.80   36.75   13.14   0.0008813
   -8.19   37.01   17.76   0.0008688
   -7.56   37.64   38.32   0.0008386
   -6.77   37.61   60.63   0.0008775
   -6.20   47.36    6.64   0.0005317
   -6.65   47.01   10.10   0.0005240
   -7.24   47.01   13.72   0.0005285
   -7.27   47.38   19.66   0.0005007
   -7.14   47.94   40.96   0.0004774
   -6.37   48.01   60.56   0.0005124
   -5.85   57.62    7.05   0.0002602
   -6.12   56.99   10.69   0.0002790
   -6.61   56.78   14.52   0.0002809
   -6.47   57.16   24.03   0.0002591
   -6.77   57.58   45.14   0.0002426
   -6.02   57.84   61.12   0.0002487
   -5.65   67.41    6.96   0.0001452
   -5.75   66.81   11.19   0.0001687
   -6.05   66.29   15.54   0.0001626
   -6.12   66.40   30.08   0.0001516
   -6.46   66.63   49.74   0.0001438
   -5.72   67.29   61.57   0.0001346
   -5.50   76.62    6.09   0.0000953
   -5.53   76.17   11.02   0.0001190
   -5.64   76.02   16.99   0.0001233
   -5.91   75.38   35.37   0.0001247
   -5.96   75.64   52.43   0.0001169
   -5.54   76.85   60.79   0.0000924
   -5.39   85.50    4.62   0.0000646
   -5.38   85.18   10.13   0.0000909
   -5.49   85.75   18.12   0.0000889
   -5.70   84.52   38.98   0.0000984
   -5.52   85.48   52.04   0.0001018
   -5.41   85.76   59.07   0.0000670
   -5.06    7.57    5.17   0.0002874
   -5.43    7.58    8.22   0.0002901
   -5.38    7.57   11.87   0.0002957
   -5.24    7.32   34.85   0.0003038
   -4.78    7.54   58.37   0.0002947
   -4.67    7.58   62.09   0.0002859
   -3.58   16.76    3.94   0.0008049
   -4.11   16.78    7.12   0.0007731
   -4.10   17.02   10.73   0.0007876
   -3.52   17.07   32.97   0.0008099
   -3.09   17.07   56.83   0.0007844
   -3.05   16.82   60.76   0.0007880
   -3.07   27.14    3.74   0.0010085
   -3.62   27.17    7.03   0.0010617
   -3.70   27.53   10.69   0.0010409
   -2.87   28.05   31.69   0.0010636
   -2.50   27.72   56.24   0.0010831
   -2.51   27.22   60.43   0.0009926
   -2.70   37.92    3.72   0.0008974
   -3.21   37.96    7.12   0.0008652
   -3.26   38.40   10.97   0.0008936
   -2.49   39.04   31.45   0.0009100
   -2.20   38.66   55.66   0.0008815
   -2.18   38.01   60.30   0.0009129
   -2.37   48.39    3.80   0.0005543
   -2.83   48.41    7.33   0.0005322
   -2.63   49.03   11.77   0.0005357
   -2.30   49.44   32.82   0.0005311
   -2.05   49.23   54.93   0.0005272
   -1.91   48.53   60.26   0.0005533
   -2.09   58.45    3.94   0.0002742
   -2.45   58.40    7.65   0.0002785
   -2.16   58.89   13.72   0.0002796
   -2.19   58.98   34.69   0.0002712
   -1.97   58.97   54.20   0.0002618
   -1.75   58.64   60.21   0.0002667
   -1.88   67.99    3.95   0.0001438
   -2.14   67.92    8.08   0.0001600
   -1.88   68.03   15.80   0.0001494
   -2.09   67.90   36.17   0.0001408
   -1.85   68.14   53.32   0.0001403
   -1.65   68.15   59.80   0.0001334
   -1.71   77.01    3.77   0.0000903
   -1.88   76.93    8.50   0.0001151
   -1.76   76.88   17.57   0.0001115
   -1.97   76.61   37.38   0.0001119
   -1.68   77.06   52.30   0.0001076
   -1.57   77.16   59.21   0.0000829
   -1.56   85.71    3.45   0.0000709
   -1.65   85.63    8.82   0.0000980
   -1.70   85.74   18.91   0.0000983
   -1.82   85.41   38.43   0.0001044
   -1.57   85.85   51.66   0.0001018
   -1.50   85.87   58.64   0.0000683
