    EPSTOT11    EPSTOT22    EPSTOT33      SBAR11      SBAR22      SBAR33   TEMP       1 1 1       2 0 0       2 2 0       3 1 1       3 3 1       4 2 0       4 2 2       5 3 1       1 1 1       2 0 0       2 2 0       3 1 1       3 3 1       4 2 0       4 2 2       5 3 1      
  0.0000E+00  0.0000E+00  0.0000E+00  0.1560E+01  0.5572E-02 -0.1565E+01   298.     -0.7505E-02 -0.1893E-01 -0.8400E-02 -0.1283E-01 -0.8445E-02 -0.1116E-01 -0.9655E-02 -0.9900E-02  0.7657E-02  0.1912E-01  0.8667E-02  0.1271E-01  0.8234E-02  0.1137E-01  0.9722E-02  0.1001E-01
  0.2000E-01  0.0000E+00 -0.2000E-01  0.1642E+01  0.1223E-01 -0.1655E+01   298.     -0.7907E-02 -0.2022E-01 -0.8901E-02 -0.1363E-01 -0.8776E-02 -0.1185E-01 -0.1029E-01 -0.1049E-01  0.8059E-02  0.2013E-01  0.9063E-02  0.1333E-01  0.8663E-02  0.1186E-01  0.1026E-01  0.1041E-01
  0.4000E-01  0.0000E+00 -0.4000E-01  0.1725E+01  0.1860E-01 -0.1743E+01   298.     -0.8286E-02 -0.2145E-01 -0.9414E-02 -0.1450E-01 -0.9244E-02 -0.1251E-01 -0.1098E-01 -0.1104E-01  0.8545E-02  0.2109E-01  0.9502E-02  0.1378E-01  0.9175E-02  0.1254E-01  0.1083E-01  0.1087E-01
  0.6000E-01  0.0000E+00 -0.6000E-01  0.1808E+01  0.2514E-01 -0.1833E+01   298.     -0.8751E-02 -0.2262E-01 -0.1004E-01 -0.1528E-01 -0.9540E-02 -0.1319E-01 -0.1162E-01 -0.1175E-01  0.8964E-02  0.2207E-01  0.9886E-02  0.1425E-01  0.9633E-02  0.1309E-01  0.1119E-01  0.1133E-01
  0.8000E-01  0.0000E+00 -0.8000E-01  0.1890E+01  0.3179E-01 -0.1922E+01   298.     -0.9100E-02 -0.2386E-01 -0.1054E-01 -0.1615E-01 -0.1000E-01 -0.1390E-01 -0.1219E-01 -0.1235E-01  0.9431E-02  0.2304E-01  0.1043E-01  0.1483E-01  0.1007E-01  0.1359E-01  0.1159E-01  0.1191E-01
  0.1000E+00  0.0000E+00 -0.1000E+00  0.1974E+01  0.3819E-01 -0.2012E+01   298.     -0.9570E-02 -0.2502E-01 -0.1100E-01 -0.1683E-01 -0.1054E-01 -0.1456E-01 -0.1292E-01 -0.1294E-01  0.9851E-02  0.2411E-01  0.1094E-01  0.1524E-01  0.1050E-01  0.1418E-01  0.1188E-01  0.1237E-01
  0.1200E+00  0.0000E+00 -0.1200E+00  0.2058E+01  0.4391E-01 -0.2101E+01   298.     -0.1018E-01 -0.2618E-01 -0.1141E-01 -0.1737E-01 -0.1113E-01 -0.1528E-01 -0.1372E-01 -0.1360E-01  0.1028E-01  0.2515E-01  0.1155E-01  0.1574E-01  0.1091E-01  0.1472E-01  0.1216E-01  0.1286E-01
  0.1400E+00  0.0000E+00 -0.1400E+00  0.2142E+01  0.4886E-01 -0.2191E+01   298.     -0.1065E-01 -0.2738E-01 -0.1184E-01 -0.1814E-01 -0.1151E-01 -0.1610E-01 -0.1455E-01 -0.1437E-01  0.1076E-01  0.2617E-01  0.1215E-01  0.1622E-01  0.1127E-01  0.1549E-01  0.1247E-01  0.1345E-01
  0.1600E+00  0.0000E+00 -0.1600E+00  0.2227E+01  0.5297E-01 -0.2280E+01   298.     -0.1108E-01 -0.2860E-01 -0.1221E-01 -0.1876E-01 -0.1207E-01 -0.1684E-01 -0.1517E-01 -0.1503E-01  0.1125E-01  0.2716E-01  0.1224E-01  0.1642E-01  0.1157E-01  0.1610E-01  0.1283E-01  0.1406E-01
  0.1800E+00  0.0000E+00 -0.1800E+00  0.2312E+01  0.5669E-01 -0.2369E+01   298.     -0.1149E-01 -0.2978E-01 -0.1261E-01 -0.1946E-01 -0.1241E-01 -0.1767E-01 -0.1583E-01 -0.1573E-01  0.1170E-01  0.2814E-01  0.1273E-01  0.1716E-01  0.1190E-01  0.1682E-01  0.1307E-01  0.1439E-01
  0.2000E+00  0.0000E+00 -0.2000E+00  0.2398E+01  0.6006E-01 -0.2458E+01   298.     -0.1207E-01 -0.3098E-01 -0.1336E-01 -0.2010E-01 -0.1299E-01 -0.1855E-01 -0.1654E-01 -0.1638E-01  0.1217E-01  0.2923E-01  0.1351E-01  0.1768E-01  0.1242E-01  0.1777E-01  0.1340E-01  0.1496E-01
  0.2200E+00  0.0000E+00 -0.2200E+00  0.2484E+01  0.6347E-01 -0.2548E+01   298.     -0.1251E-01 -0.3236E-01 -0.1395E-01 -0.2108E-01 -0.1349E-01 -0.1936E-01 -0.1715E-01 -0.1689E-01  0.1263E-01  0.3033E-01  0.1414E-01  0.1807E-01  0.1279E-01  0.1847E-01  0.1372E-01  0.1554E-01
  0.2400E+00  0.0000E+00 -0.2400E+00  0.2570E+01  0.6725E-01 -0.2638E+01   298.     -0.1295E-01 -0.3359E-01 -0.1436E-01 -0.2182E-01 -0.1380E-01 -0.1991E-01 -0.1769E-01 -0.1735E-01  0.1312E-01  0.3119E-01  0.1477E-01  0.1866E-01  0.1329E-01  0.1958E-01  0.1400E-01  0.1601E-01
  0.2600E+00  0.0000E+00 -0.2600E+00  0.2657E+01  0.7101E-01 -0.2728E+01   298.     -0.1335E-01 -0.3486E-01 -0.1491E-01 -0.2260E-01 -0.1419E-01 -0.2072E-01 -0.1833E-01 -0.1794E-01  0.1356E-01  0.3230E-01  0.1526E-01  0.1919E-01  0.1374E-01  0.2063E-01  0.1444E-01  0.1644E-01
  0.2800E+00  0.0000E+00 -0.2800E+00  0.2743E+01  0.7500E-01 -0.2818E+01   298.     -0.1379E-01 -0.3608E-01 -0.1548E-01 -0.2337E-01 -0.1458E-01 -0.2149E-01 -0.1897E-01 -0.1858E-01  0.1403E-01  0.3317E-01  0.1577E-01  0.1981E-01  0.1405E-01  0.2131E-01  0.1489E-01  0.1731E-01
  0.3000E+00  0.0000E+00 -0.3000E+00  0.2829E+01  0.7923E-01 -0.2908E+01   298.     -0.1427E-01 -0.3729E-01 -0.1598E-01 -0.2397E-01 -0.1515E-01 -0.2211E-01 -0.1975E-01 -0.1907E-01  0.1448E-01  0.3415E-01  0.1628E-01  0.2019E-01  0.1475E-01  0.2203E-01  0.1529E-01  0.1776E-01
  0.3200E+00  0.0000E+00 -0.3200E+00  0.2915E+01  0.8377E-01 -0.2998E+01   298.     -0.1477E-01 -0.3842E-01 -0.1649E-01 -0.2465E-01 -0.1542E-01 -0.2278E-01 -0.2046E-01 -0.1969E-01  0.1494E-01  0.3525E-01  0.1679E-01  0.2074E-01  0.1563E-01  0.2273E-01  0.1570E-01  0.1818E-01
  0.3400E+00  0.0000E+00 -0.3400E+00  0.3000E+01  0.8866E-01 -0.3089E+01   298.     -0.1530E-01 -0.3950E-01 -0.1709E-01 -0.2534E-01 -0.1552E-01 -0.2370E-01 -0.2109E-01 -0.2024E-01  0.1542E-01  0.3620E-01  0.1753E-01  0.2107E-01  0.1608E-01  0.2355E-01  0.1614E-01  0.1865E-01
  0.3600E+00  0.0000E+00 -0.3600E+00  0.3086E+01  0.9360E-01 -0.3180E+01   298.     -0.1548E-01 -0.4073E-01 -0.1772E-01 -0.2600E-01 -0.1548E-01 -0.2445E-01 -0.2172E-01 -0.2094E-01  0.1590E-01  0.3724E-01  0.1805E-01  0.2184E-01  0.1647E-01  0.2415E-01  0.1661E-01  0.1907E-01
  0.3800E+00  0.0000E+00 -0.3800E+00  0.3172E+01  0.9821E-01 -0.3270E+01   298.     -0.1604E-01 -0.4195E-01 -0.1834E-01 -0.2669E-01 -0.1542E-01 -0.2564E-01 -0.2245E-01 -0.2140E-01  0.1637E-01  0.3838E-01  0.1884E-01  0.2226E-01  0.1708E-01  0.2489E-01  0.1700E-01  0.1972E-01
  0.4000E+00  0.0000E+00 -0.4000E+00  0.3258E+01  0.1022E+00 -0.3360E+01   298.     -0.1664E-01 -0.4338E-01 -0.1897E-01 -0.2739E-01 -0.1573E-01 -0.2614E-01 -0.2323E-01 -0.2197E-01  0.1685E-01  0.3944E-01  0.1939E-01  0.2266E-01  0.1743E-01  0.2520E-01  0.1753E-01  0.2055E-01
  0.4200E+00  0.0000E+00 -0.4200E+00  0.3344E+01  0.1056E+00 -0.3450E+01   298.     -0.1664E-01 -0.4457E-01 -0.1956E-01 -0.2808E-01 -0.1619E-01 -0.2718E-01 -0.2390E-01 -0.2238E-01  0.1734E-01  0.4038E-01  0.1993E-01  0.2313E-01  0.1808E-01  0.2545E-01  0.1782E-01  0.2146E-01
  0.4400E+00  0.0000E+00 -0.4400E+00  0.3431E+01  0.1084E+00 -0.3539E+01   298.     -0.1664E-01 -0.4608E-01 -0.2000E-01 -0.2876E-01 -0.1697E-01 -0.2786E-01 -0.2450E-01 -0.2291E-01  0.1780E-01  0.4149E-01  0.2046E-01  0.2375E-01  0.1858E-01  0.2571E-01  0.1821E-01  0.2217E-01
  0.4600E+00  0.0000E+00 -0.4600E+00  0.3518E+01  0.1108E+00 -0.3629E+01   298.     -0.1664E-01 -0.4698E-01 -0.2044E-01 -0.2944E-01 -0.1682E-01 -0.2870E-01 -0.2518E-01 -0.2359E-01  0.1827E-01  0.4249E-01  0.2099E-01  0.2421E-01  0.1907E-01  0.2675E-01  0.1858E-01  0.2311E-01
  0.4800E+00  0.0000E+00 -0.4800E+00  0.3605E+01  0.1129E+00 -0.3718E+01   298.     -0.1664E-01 -0.4859E-01 -0.2094E-01 -0.3005E-01 -0.1687E-01 -0.2924E-01 -0.2581E-01 -0.2414E-01  0.1875E-01  0.4370E-01  0.2145E-01  0.2474E-01  0.1943E-01  0.2739E-01  0.1894E-01  0.2427E-01
  0.5000E+00  0.0000E+00 -0.5000E+00  0.3692E+01  0.1148E+00 -0.3807E+01   298.     -0.1664E-01 -0.4933E-01 -0.2135E-01 -0.3069E-01 -0.1734E-01 -0.2988E-01 -0.2647E-01 -0.2470E-01  0.1923E-01  0.4484E-01  0.2202E-01  0.2536E-01  0.1975E-01  0.2734E-01  0.1934E-01  0.2523E-01
  0.5200E+00  0.0000E+00 -0.5200E+00  0.3779E+01  0.1166E+00 -0.3896E+01   298.     -0.1664E-01 -0.5058E-01 -0.2189E-01 -0.3125E-01 -0.1781E-01 -0.3097E-01 -0.2707E-01 -0.2522E-01  0.1971E-01  0.4588E-01  0.2288E-01  0.2572E-01  0.2087E-01  0.2830E-01  0.1968E-01  0.2573E-01
  0.5400E+00  0.0000E+00 -0.5400E+00  0.3866E+01  0.1187E+00 -0.3985E+01   298.     -0.1664E-01 -0.5232E-01 -0.2246E-01 -0.3184E-01 -0.1930E-01 -0.3164E-01 -0.2773E-01 -0.2572E-01  0.2018E-01  0.4688E-01  0.2347E-01  0.2622E-01  0.2124E-01  0.2953E-01  0.2002E-01  0.2699E-01
  0.5600E+00  0.0000E+00 -0.5600E+00  0.3954E+01  0.1206E+00 -0.4074E+01   298.     -0.1664E-01 -0.5358E-01 -0.2295E-01 -0.3274E-01 -0.2035E-01 -0.3242E-01 -0.2840E-01 -0.2630E-01  0.2065E-01  0.4794E-01  0.2405E-01  0.2672E-01  0.2161E-01  0.3004E-01  0.2035E-01  0.2781E-01
  0.5800E+00  0.0000E+00 -0.5800E+00  0.4041E+01  0.1229E+00 -0.4164E+01   298.     -0.1664E-01 -0.5483E-01 -0.2350E-01 -0.3344E-01 -0.2127E-01 -0.3327E-01 -0.2897E-01 -0.2682E-01  0.2113E-01  0.4910E-01  0.2463E-01  0.2718E-01  0.2196E-01  0.3109E-01  0.2076E-01  0.2813E-01
  0.6000E+00  0.0000E+00 -0.6000E+00  0.4128E+01  0.1256E+00 -0.4254E+01   298.     -0.1664E-01 -0.5606E-01 -0.2416E-01 -0.3423E-01 -0.2247E-01 -0.3422E-01 -0.2961E-01 -0.2739E-01  0.2161E-01  0.5003E-01  0.2383E-01  0.2756E-01  0.2281E-01  0.3335E-01  0.2114E-01  0.2916E-01
  0.6200E+00  0.0000E+00 -0.6200E+00  0.4215E+01  0.1289E+00 -0.4344E+01   298.     -0.1664E-01 -0.5800E-01 -0.2475E-01 -0.3474E-01 -0.2325E-01 -0.3476E-01 -0.3021E-01 -0.2781E-01  0.2208E-01  0.5103E-01  0.2434E-01  0.2789E-01  0.2314E-01  0.3701E-01  0.2153E-01  0.2978E-01
  0.6400E+00  0.0000E+00 -0.6400E+00  0.4302E+01  0.1329E+00 -0.4435E+01   298.     -0.1664E-01 -0.5924E-01 -0.2533E-01 -0.3565E-01 -0.2400E-01 -0.3556E-01 -0.3079E-01 -0.2834E-01  0.2256E-01  0.5193E-01  0.2482E-01  0.2827E-01  0.2368E-01  0.3713E-01  0.2192E-01  0.3046E-01
  0.6600E+00  0.0000E+00 -0.6600E+00  0.4389E+01  0.1375E+00 -0.4527E+01   298.     -0.1664E-01 -0.6046E-01 -0.2598E-01 -0.3641E-01 -0.2687E-01 -0.3650E-01 -0.3133E-01 -0.2886E-01  0.2302E-01  0.5292E-01  0.2595E-01  0.2874E-01  0.2392E-01  0.3805E-01  0.2232E-01  0.3176E-01
  0.6800E+00  0.0000E+00 -0.6800E+00  0.4476E+01  0.1429E+00 -0.4619E+01   298.     -0.1664E-01 -0.6165E-01 -0.2652E-01 -0.3711E-01 -0.2775E-01 -0.3732E-01 -0.3199E-01 -0.2934E-01  0.2349E-01  0.5405E-01  0.2652E-01  0.2920E-01  0.2486E-01  0.3897E-01  0.2271E-01  0.3202E-01
  0.7000E+00  0.0000E+00 -0.7000E+00  0.4563E+01  0.1488E+00 -0.4712E+01   298.     -0.1664E-01 -0.6171E-01 -0.2714E-01 -0.3804E-01 -0.2775E-01 -0.3834E-01 -0.3258E-01 -0.2989E-01  0.2397E-01  0.5514E-01  0.2708E-01  0.2961E-01  0.2481E-01  0.4043E-01  0.2320E-01  0.3307E-01
  0.7200E+00  0.0000E+00 -0.7200E+00  0.4649E+01  0.1552E+00 -0.4804E+01   298.     -0.1664E-01 -0.6294E-01 -0.2767E-01 -0.3897E-01 -0.2775E-01 -0.3920E-01 -0.3318E-01 -0.3050E-01  0.2443E-01  0.5596E-01  0.2764E-01  0.2996E-01  0.2470E-01  0.4137E-01  0.2360E-01  0.3516E-01
  0.7400E+00  0.0000E+00 -0.7400E+00  0.4735E+01  0.1627E+00 -0.4898E+01   298.     -0.1664E-01 -0.6416E-01 -0.2825E-01 -0.3993E-01 -0.2775E-01 -0.4017E-01 -0.3379E-01 -0.3097E-01  0.2490E-01  0.5711E-01  0.2819E-01  0.3017E-01  0.2461E-01  0.4207E-01  0.2394E-01  0.3595E-01
  0.7600E+00  0.0000E+00 -0.7600E+00  0.4822E+01  0.1709E+00 -0.4993E+01   298.     -0.1664E-01 -0.6538E-01 -0.2887E-01 -0.4155E-01 -0.2775E-01 -0.4121E-01 -0.3443E-01 -0.3161E-01  0.2536E-01  0.5807E-01  0.2873E-01  0.3060E-01  0.2457E-01  0.4301E-01  0.2436E-01  0.3619E-01
  0.7800E+00  0.0000E+00 -0.7800E+00  0.4908E+01  0.1804E+00 -0.5088E+01   298.     -0.1664E-01 -0.6707E-01 -0.2947E-01 -0.4228E-01 -0.2775E-01 -0.4195E-01 -0.3500E-01 -0.3229E-01  0.2584E-01  0.5916E-01  0.2925E-01  0.3112E-01  0.2459E-01  0.4395E-01  0.2467E-01  0.3624E-01
  0.8000E+00  0.0000E+00 -0.8000E+00  0.4994E+01  0.1904E+00 -0.5184E+01   298.     -0.1664E-01 -0.6833E-01 -0.2994E-01 -0.4375E-01 -0.2775E-01 -0.4226E-01 -0.3563E-01 -0.3287E-01  0.2630E-01  0.6009E-01  0.2978E-01  0.3162E-01  0.2449E-01  0.4489E-01  0.2502E-01  0.3703E-01
  0.8200E+00  0.0000E+00 -0.8200E+00  0.5079E+01  0.2017E+00 -0.5281E+01   298.     -0.1664E-01 -0.7036E-01 -0.3040E-01 -0.4474E-01 -0.2775E-01 -0.4308E-01 -0.3615E-01 -0.3352E-01  0.2676E-01  0.6100E-01  0.3032E-01  0.3190E-01  0.2464E-01  0.4290E-01  0.2541E-01  0.3839E-01
  0.8400E+00  0.0000E+00 -0.8400E+00  0.5164E+01  0.2141E+00 -0.5378E+01   298.     -0.1664E-01 -0.7170E-01 -0.3090E-01 -0.4547E-01 -0.2775E-01 -0.4379E-01 -0.3673E-01 -0.3402E-01  0.2723E-01  0.6205E-01  0.3091E-01  0.3222E-01  0.2464E-01  0.4389E-01  0.2584E-01  0.3894E-01
  0.8600E+00  0.0000E+00 -0.8600E+00  0.5249E+01  0.2276E+00 -0.5477E+01   298.     -0.1664E-01 -0.7303E-01 -0.3151E-01 -0.4602E-01 -0.2775E-01 -0.4447E-01 -0.3742E-01 -0.3464E-01  0.2770E-01  0.6300E-01  0.3091E-01  0.3246E-01  0.2464E-01  0.4338E-01  0.2619E-01  0.4008E-01
  0.8800E+00  0.0000E+00 -0.8800E+00  0.5334E+01  0.2423E+00 -0.5576E+01   298.     -0.1664E-01 -0.7434E-01 -0.3205E-01 -0.4693E-01 -0.2775E-01 -0.4548E-01 -0.3805E-01 -0.3529E-01  0.2813E-01  0.6404E-01  0.3091E-01  0.3278E-01  0.2464E-01  0.4439E-01  0.2661E-01  0.4057E-01
  0.9000E+00  0.0000E+00 -0.9000E+00  0.5418E+01  0.2583E+00 -0.5676E+01   298.     -0.1664E-01 -0.7539E-01 -0.3267E-01 -0.4753E-01 -0.2775E-01 -0.4622E-01 -0.3867E-01 -0.3580E-01  0.2858E-01  0.6503E-01  0.3091E-01  0.3302E-01  0.2464E-01  0.4541E-01  0.2691E-01  0.3971E-01
  0.9200E+00  0.0000E+00 -0.9200E+00  0.5502E+01  0.2754E+00 -0.5778E+01   298.     -0.1664E-01 -0.7670E-01 -0.3321E-01 -0.4846E-01 -0.2775E-01 -0.4694E-01 -0.3929E-01 -0.3640E-01  0.2903E-01  0.6584E-01  0.3091E-01  0.3333E-01  0.2464E-01  0.4644E-01  0.2731E-01  0.4302E-01
  0.9400E+00  0.0000E+00 -0.9400E+00  0.5589E+01  0.2813E+00 -0.5870E+01   298.     -0.1664E-01 -0.7794E-01 -0.3380E-01 -0.4944E-01 -0.2775E-01 -0.4835E-01 -0.3986E-01 -0.3677E-01  0.2950E-01  0.6687E-01  0.3091E-01  0.3352E-01  0.2464E-01  0.4746E-01  0.2763E-01  0.4478E-01
  0.9600E+00  0.0000E+00 -0.9600E+00  0.5672E+01  0.3005E+00 -0.5973E+01   298.     -0.1664E-01 -0.7920E-01 -0.3433E-01 -0.5026E-01 -0.2775E-01 -0.4932E-01 -0.4046E-01 -0.3743E-01  0.2995E-01  0.6770E-01  0.3091E-01  0.3380E-01  0.2464E-01  0.4851E-01  0.2797E-01  0.4217E-01
  0.9800E+00  0.0000E+00 -0.9800E+00  0.5755E+01  0.3207E+00 -0.6076E+01   298.     -0.1664E-01 -0.8042E-01 -0.3488E-01 -0.5099E-01 -0.2775E-01 -0.5002E-01 -0.4110E-01 -0.3800E-01  0.3040E-01  0.6860E-01  0.3091E-01  0.3404E-01  0.2464E-01  0.4956E-01  0.2825E-01  0.4677E-01
  0.1000E+01  0.0000E+00 -0.1000E+01  0.5838E+01  0.3422E+00 -0.6180E+01   298.     -0.1664E-01 -0.8048E-01 -0.3549E-01 -0.5238E-01 -0.2775E-01 -0.5070E-01 -0.4183E-01 -0.3851E-01  0.3083E-01  0.6977E-01  0.3091E-01  0.3418E-01  0.2464E-01  0.5064E-01  0.2868E-01  0.4771E-01
