    EPSTOT11    EPSTOT22    EPSTOT33      SBAR11      SBAR22      SBAR33   TEMP       1 1 1       2 0 0       2 2 0       3 1 1       3 3 1       4 2 0       4 2 2       5 3 1       1 1 1       2 0 0       2 2 0       3 1 1       3 3 1       4 2 0       4 2 2       5 3 1      
  0.0000E+00  0.0000E+00  0.0000E+00  0.1560E+01  0.5572E-02 -0.1565E+01   298.      0.2300E-01  0.2200E-01  0.4100E-01  0.6900E-01  0.7100E-01  0.8600E-01  0.8300E-01  0.1580E+00  0.2600E-01  0.1800E-01  0.2500E-01  0.8200E-01  0.9000E-01  0.9500E-01  0.8200E-01  0.1570E+00
  0.2000E-01  0.0000E+00 -0.2000E-01  0.1642E+01  0.1223E-01 -0.1655E+01   298.      0.2300E-01  0.1800E-01  0.4700E-01  0.6800E-01  0.7100E-01  0.8800E-01  0.7800E-01  0.1620E+00  0.2900E-01  0.1900E-01  0.2200E-01  0.8300E-01  0.8300E-01  0.9100E-01  0.8400E-01  0.1590E+00
  0.4000E-01  0.0000E+00 -0.4000E-01  0.1725E+01  0.1860E-01 -0.1743E+01   298.      0.2100E-01  0.1600E-01  0.5400E-01  0.6600E-01  0.6700E-01  0.8400E-01  0.7500E-01  0.1740E+00  0.3200E-01  0.2100E-01  0.1900E-01  0.8500E-01  0.8000E-01  0.8000E-01  0.8600E-01  0.1510E+00
  0.6000E-01  0.0000E+00 -0.6000E-01  0.1808E+01  0.2514E-01 -0.1833E+01   298.      0.1600E-01  0.1600E-01  0.6000E-01  0.6600E-01  0.6400E-01  0.8600E-01  0.7100E-01  0.1740E+00  0.3800E-01  0.2300E-01  0.1800E-01  0.7800E-01  0.8300E-01  0.7200E-01  0.9000E-01  0.1370E+00
  0.8000E-01  0.0000E+00 -0.8000E-01  0.1890E+01  0.3179E-01 -0.1922E+01   298.      0.1300E-01  0.1400E-01  0.6500E-01  0.6900E-01  0.6900E-01  0.8600E-01  0.7300E-01  0.1840E+00  0.4100E-01  0.2400E-01  0.1700E-01  0.8100E-01  0.7500E-01  0.6700E-01  0.9900E-01  0.1350E+00
  0.1000E+00  0.0000E+00 -0.1000E+00  0.1974E+01  0.3819E-01 -0.2012E+01   298.      0.1200E-01  0.1200E-01  0.7400E-01  0.7000E-01  0.7000E-01  0.8800E-01  0.7100E-01  0.1950E+00  0.4300E-01  0.2500E-01  0.1500E-01  0.8000E-01  0.7100E-01  0.6300E-01  0.1030E+00  0.1330E+00
  0.1200E+00  0.0000E+00 -0.1200E+00  0.2058E+01  0.4391E-01 -0.2101E+01   298.      0.9000E-02  0.1100E-01  0.7500E-01  0.7300E-01  0.7200E-01  0.9100E-01  0.7000E-01  0.1990E+00  0.4800E-01  0.2600E-01  0.1300E-01  0.8400E-01  0.6400E-01  0.5600E-01  0.1100E+00  0.1230E+00
  0.1400E+00  0.0000E+00 -0.1400E+00  0.2142E+01  0.4886E-01 -0.2191E+01   298.      0.8000E-02  0.1100E-01  0.7500E-01  0.7600E-01  0.7200E-01  0.9400E-01  0.7400E-01  0.2070E+00  0.5200E-01  0.2800E-01  0.1100E-01  0.8500E-01  0.5900E-01  0.5500E-01  0.1150E+00  0.1150E+00
  0.1600E+00  0.0000E+00 -0.1600E+00  0.2227E+01  0.5297E-01 -0.2280E+01   298.      0.6000E-02  0.1200E-01  0.7800E-01  0.7700E-01  0.7000E-01  0.9400E-01  0.7600E-01  0.2100E+00  0.5800E-01  0.3000E-01  0.1100E-01  0.9000E-01  0.4700E-01  0.5500E-01  0.1190E+00  0.1090E+00
  0.1800E+00  0.0000E+00 -0.1800E+00  0.2312E+01  0.5669E-01 -0.2369E+01   298.      0.6000E-02  0.1200E-01  0.8400E-01  0.8600E-01  0.6100E-01  0.9100E-01  0.7700E-01  0.2200E+00  0.6600E-01  0.3300E-01  0.1100E-01  0.9200E-01  0.4000E-01  0.4900E-01  0.1220E+00  0.1040E+00
  0.2000E+00  0.0000E+00 -0.2000E+00  0.2398E+01  0.6006E-01 -0.2458E+01   298.      0.5000E-02  0.1200E-01  0.9300E-01  0.8700E-01  0.5600E-01  0.8800E-01  0.7700E-01  0.2230E+00  0.6900E-01  0.3500E-01  0.1000E-01  0.9600E-01  0.3700E-01  0.4600E-01  0.1350E+00  0.1000E+00
  0.2200E+00  0.0000E+00 -0.2200E+00  0.2484E+01  0.6347E-01 -0.2548E+01   298.      0.5000E-02  0.1100E-01  0.9900E-01  0.9600E-01  0.5100E-01  0.8600E-01  0.7900E-01  0.2260E+00  0.7400E-01  0.3600E-01  0.9000E-02  0.1020E+00  0.3200E-01  0.4300E-01  0.1410E+00  0.8900E-01
  0.2400E+00  0.0000E+00 -0.2400E+00  0.2570E+01  0.6725E-01 -0.2638E+01   298.      0.5000E-02  0.1100E-01  0.1040E+00  0.1000E+00  0.4000E-01  0.7300E-01  0.8000E-01  0.2340E+00  0.7800E-01  0.3800E-01  0.8000E-02  0.1060E+00  0.2800E-01  0.4000E-01  0.1410E+00  0.8500E-01
  0.2600E+00  0.0000E+00 -0.2600E+00  0.2657E+01  0.7101E-01 -0.2728E+01   298.      0.4000E-02  0.1000E-01  0.1060E+00  0.9900E-01  0.3700E-01  0.7300E-01  0.8500E-01  0.2410E+00  0.8400E-01  0.4200E-01  0.7000E-02  0.1090E+00  0.2500E-01  0.3600E-01  0.1540E+00  0.7500E-01
  0.2800E+00  0.0000E+00 -0.2800E+00  0.2743E+01  0.7500E-01 -0.2818E+01   298.      0.3000E-02  0.1000E-01  0.1090E+00  0.1000E+00  0.3100E-01  0.7000E-01  0.8800E-01  0.2470E+00  0.8900E-01  0.4700E-01  0.7000E-02  0.1100E+00  0.2300E-01  0.3200E-01  0.1630E+00  0.6800E-01
  0.3000E+00  0.0000E+00 -0.3000E+00  0.2829E+01  0.7923E-01 -0.2908E+01   298.      0.3000E-02  0.1000E-01  0.1150E+00  0.1010E+00  0.2800E-01  0.7000E-01  0.9100E-01  0.2630E+00  0.9300E-01  0.5100E-01  0.7000E-02  0.1150E+00  0.1800E-01  0.3100E-01  0.1660E+00  0.6100E-01
  0.3200E+00  0.0000E+00 -0.3200E+00  0.2915E+01  0.8377E-01 -0.2998E+01   298.      0.3000E-02  0.8000E-02  0.1220E+00  0.1010E+00  0.2600E-01  0.6900E-01  0.9500E-01  0.2630E+00  0.9900E-01  0.5200E-01  0.7000E-02  0.1260E+00  0.1500E-01  0.2700E-01  0.1750E+00  0.5600E-01
  0.3400E+00  0.0000E+00 -0.3400E+00  0.3000E+01  0.8866E-01 -0.3089E+01   298.      0.3000E-02  0.9000E-02  0.1260E+00  0.1060E+00  0.2300E-01  0.6300E-01  0.9700E-01  0.2640E+00  0.1060E+00  0.5600E-01  0.8000E-02  0.1290E+00  0.1400E-01  0.2700E-01  0.1850E+00  0.5500E-01
  0.3600E+00  0.0000E+00 -0.3600E+00  0.3086E+01  0.9360E-01 -0.3180E+01   298.      0.1000E-02  0.9000E-02  0.1270E+00  0.1050E+00  0.1700E-01  0.6400E-01  0.1060E+00  0.2740E+00  0.1110E+00  0.5800E-01  0.8000E-02  0.1280E+00  0.1200E-01  0.2600E-01  0.1910E+00  0.5500E-01
  0.3800E+00  0.0000E+00 -0.3800E+00  0.3172E+01  0.9821E-01 -0.3270E+01   298.      0.1000E-02  0.9000E-02  0.1310E+00  0.1010E+00  0.1500E-01  0.6000E-01  0.1140E+00  0.2880E+00  0.1160E+00  0.5800E-01  0.6000E-02  0.1290E+00  0.1100E-01  0.2200E-01  0.1940E+00  0.5000E-01
  0.4000E+00  0.0000E+00 -0.4000E+00  0.3258E+01  0.1022E+00 -0.3360E+01   298.      0.1000E-02  0.8000E-02  0.1320E+00  0.1030E+00  0.1300E-01  0.6100E-01  0.1220E+00  0.2900E+00  0.1190E+00  0.5700E-01  0.6000E-02  0.1270E+00  0.1100E-01  0.2200E-01  0.2030E+00  0.4400E-01
  0.4200E+00  0.0000E+00 -0.4200E+00  0.3344E+01  0.1056E+00 -0.3450E+01   298.      0.0000E+00  0.8000E-02  0.1340E+00  0.1020E+00  0.1200E-01  0.6200E-01  0.1260E+00  0.2960E+00  0.1240E+00  0.5800E-01  0.6000E-02  0.1280E+00  0.1100E-01  0.2100E-01  0.2040E+00  0.4200E-01
  0.4400E+00  0.0000E+00 -0.4400E+00  0.3431E+01  0.1084E+00 -0.3539E+01   298.      0.0000E+00  0.7000E-02  0.1370E+00  0.1070E+00  0.1200E-01  0.6300E-01  0.1320E+00  0.2970E+00  0.1330E+00  0.6000E-01  0.6000E-02  0.1310E+00  0.9000E-02  0.1900E-01  0.2040E+00  0.3800E-01
  0.4600E+00  0.0000E+00 -0.4600E+00  0.3518E+01  0.1108E+00 -0.3629E+01   298.      0.0000E+00  0.6000E-02  0.1380E+00  0.1070E+00  0.1100E-01  0.5700E-01  0.1370E+00  0.2990E+00  0.1350E+00  0.6000E-01  0.6000E-02  0.1300E+00  0.8000E-02  0.1800E-01  0.2030E+00  0.3500E-01
  0.4800E+00  0.0000E+00 -0.4800E+00  0.3605E+01  0.1129E+00 -0.3718E+01   298.      0.0000E+00  0.7000E-02  0.1400E+00  0.1090E+00  0.7000E-02  0.5100E-01  0.1460E+00  0.2940E+00  0.1460E+00  0.5900E-01  0.4000E-02  0.1340E+00  0.8000E-02  0.1700E-01  0.2050E+00  0.3200E-01
  0.5000E+00  0.0000E+00 -0.5000E+00  0.3692E+01  0.1148E+00 -0.3807E+01   298.      0.0000E+00  0.6000E-02  0.1460E+00  0.1100E+00  0.7000E-02  0.4900E-01  0.1520E+00  0.2980E+00  0.1530E+00  0.5900E-01  0.4000E-02  0.1360E+00  0.7000E-02  0.1600E-01  0.2030E+00  0.3000E-01
  0.5200E+00  0.0000E+00 -0.5200E+00  0.3779E+01  0.1166E+00 -0.3896E+01   298.      0.0000E+00  0.6000E-02  0.1430E+00  0.1070E+00  0.7000E-02  0.4700E-01  0.1590E+00  0.2940E+00  0.1570E+00  0.6100E-01  0.3000E-02  0.1360E+00  0.5000E-02  0.1300E-01  0.2010E+00  0.2700E-01
  0.5400E+00  0.0000E+00 -0.5400E+00  0.3866E+01  0.1187E+00 -0.3985E+01   298.      0.0000E+00  0.5000E-02  0.1440E+00  0.1030E+00  0.9000E-02  0.4600E-01  0.1610E+00  0.2940E+00  0.1610E+00  0.6200E-01  0.3000E-02  0.1440E+00  0.5000E-02  0.1200E-01  0.2090E+00  0.2500E-01
  0.5600E+00  0.0000E+00 -0.5600E+00  0.3954E+01  0.1206E+00 -0.4074E+01   298.      0.0000E+00  0.5000E-02  0.1430E+00  0.9900E-01  0.6000E-02  0.4100E-01  0.1670E+00  0.2950E+00  0.1640E+00  0.6300E-01  0.3000E-02  0.1460E+00  0.5000E-02  0.1000E-01  0.2130E+00  0.2400E-01
  0.5800E+00  0.0000E+00 -0.5800E+00  0.4041E+01  0.1229E+00 -0.4164E+01   298.      0.0000E+00  0.5000E-02  0.1430E+00  0.9500E-01  0.5000E-02  0.4300E-01  0.1710E+00  0.2970E+00  0.1660E+00  0.6300E-01  0.3000E-02  0.1430E+00  0.5000E-02  0.8000E-02  0.2140E+00  0.2400E-01
  0.6000E+00  0.0000E+00 -0.6000E+00  0.4128E+01  0.1256E+00 -0.4254E+01   298.      0.0000E+00  0.5000E-02  0.1460E+00  0.8700E-01  0.4000E-02  0.4700E-01  0.1760E+00  0.3020E+00  0.1680E+00  0.6600E-01  0.2000E-02  0.1420E+00  0.4000E-02  0.7000E-02  0.2170E+00  0.2300E-01
  0.6200E+00  0.0000E+00 -0.6200E+00  0.4215E+01  0.1289E+00 -0.4344E+01   298.      0.0000E+00  0.4000E-02  0.1460E+00  0.8600E-01  0.4000E-02  0.4700E-01  0.1780E+00  0.3000E+00  0.1720E+00  0.6600E-01  0.2000E-02  0.1430E+00  0.4000E-02  0.5000E-02  0.2200E+00  0.2000E-01
  0.6400E+00  0.0000E+00 -0.6400E+00  0.4302E+01  0.1329E+00 -0.4435E+01   298.      0.0000E+00  0.4000E-02  0.1470E+00  0.8100E-01  0.4000E-02  0.4700E-01  0.1860E+00  0.3060E+00  0.1750E+00  0.6500E-01  0.2000E-02  0.1420E+00  0.3000E-02  0.6000E-02  0.2230E+00  0.2000E-01
  0.6600E+00  0.0000E+00 -0.6600E+00  0.4389E+01  0.1375E+00 -0.4527E+01   298.      0.0000E+00  0.4000E-02  0.1470E+00  0.7800E-01  0.3000E-02  0.4500E-01  0.1900E+00  0.3020E+00  0.1770E+00  0.6400E-01  0.1000E-02  0.1450E+00  0.3000E-02  0.6000E-02  0.2240E+00  0.1800E-01
  0.6800E+00  0.0000E+00 -0.6800E+00  0.4476E+01  0.1429E+00 -0.4619E+01   298.      0.0000E+00  0.4000E-02  0.1490E+00  0.7400E-01  0.3000E-02  0.4500E-01  0.1960E+00  0.3090E+00  0.1780E+00  0.6300E-01  0.1000E-02  0.1470E+00  0.2000E-02  0.6000E-02  0.2300E+00  0.1600E-01
  0.7000E+00  0.0000E+00 -0.7000E+00  0.4563E+01  0.1488E+00 -0.4712E+01   298.      0.0000E+00  0.3000E-02  0.1510E+00  0.7000E-01  0.0000E+00  0.4400E-01  0.1980E+00  0.3140E+00  0.1800E+00  0.6200E-01  0.1000E-02  0.1470E+00  0.2000E-02  0.5000E-02  0.2330E+00  0.1600E-01
  0.7200E+00  0.0000E+00 -0.7200E+00  0.4649E+01  0.1552E+00 -0.4804E+01   298.      0.0000E+00  0.3000E-02  0.1510E+00  0.6400E-01  0.0000E+00  0.4000E-01  0.2000E+00  0.3100E+00  0.1850E+00  0.6400E-01  0.1000E-02  0.1450E+00  0.2000E-02  0.5000E-02  0.2350E+00  0.1300E-01
  0.7400E+00  0.0000E+00 -0.7400E+00  0.4735E+01  0.1627E+00 -0.4898E+01   298.      0.0000E+00  0.3000E-02  0.1540E+00  0.6100E-01  0.0000E+00  0.4000E-01  0.2030E+00  0.3050E+00  0.1860E+00  0.6100E-01  0.1000E-02  0.1460E+00  0.2000E-02  0.3000E-02  0.2350E+00  0.1500E-01
  0.7600E+00  0.0000E+00 -0.7600E+00  0.4822E+01  0.1709E+00 -0.4993E+01   298.      0.0000E+00  0.3000E-02  0.1560E+00  0.5300E-01  0.0000E+00  0.4100E-01  0.2050E+00  0.3020E+00  0.1880E+00  0.6100E-01  0.1000E-02  0.1410E+00  0.2000E-02  0.3000E-02  0.2360E+00  0.1400E-01
  0.7800E+00  0.0000E+00 -0.7800E+00  0.4908E+01  0.1804E+00 -0.5088E+01   298.      0.0000E+00  0.4000E-02  0.1580E+00  0.4900E-01  0.0000E+00  0.4100E-01  0.2090E+00  0.2990E+00  0.1930E+00  0.6000E-01  0.1000E-02  0.1430E+00  0.2000E-02  0.3000E-02  0.2310E+00  0.1300E-01
  0.8000E+00  0.0000E+00 -0.8000E+00  0.4994E+01  0.1904E+00 -0.5184E+01   298.      0.0000E+00  0.4000E-02  0.1590E+00  0.4200E-01  0.0000E+00  0.3800E-01  0.2120E+00  0.3050E+00  0.1970E+00  0.6000E-01  0.1000E-02  0.1460E+00  0.1000E-02  0.3000E-02  0.2330E+00  0.1200E-01
  0.8200E+00  0.0000E+00 -0.8200E+00  0.5079E+01  0.2017E+00 -0.5281E+01   298.      0.0000E+00  0.5000E-02  0.1600E+00  0.4100E-01  0.0000E+00  0.3500E-01  0.2150E+00  0.3010E+00  0.1970E+00  0.6000E-01  0.1000E-02  0.1440E+00  0.1000E-02  0.4000E-02  0.2340E+00  0.1000E-01
  0.8400E+00  0.0000E+00 -0.8400E+00  0.5164E+01  0.2141E+00 -0.5378E+01   298.      0.0000E+00  0.5000E-02  0.1610E+00  0.3900E-01  0.0000E+00  0.3400E-01  0.2190E+00  0.3010E+00  0.1980E+00  0.5900E-01  0.1000E-02  0.1450E+00  0.0000E+00  0.4000E-02  0.2360E+00  0.1000E-01
  0.8600E+00  0.0000E+00 -0.8600E+00  0.5249E+01  0.2276E+00 -0.5477E+01   298.      0.0000E+00  0.5000E-02  0.1650E+00  0.3900E-01  0.0000E+00  0.3000E-01  0.2230E+00  0.3000E+00  0.1990E+00  0.5800E-01  0.0000E+00  0.1450E+00  0.0000E+00  0.3000E-02  0.2380E+00  0.9000E-02
  0.8800E+00  0.0000E+00 -0.8800E+00  0.5334E+01  0.2423E+00 -0.5576E+01   298.      0.0000E+00  0.5000E-02  0.1630E+00  0.3700E-01  0.0000E+00  0.2900E-01  0.2250E+00  0.2990E+00  0.1970E+00  0.5700E-01  0.0000E+00  0.1420E+00  0.0000E+00  0.3000E-02  0.2450E+00  0.9000E-02
  0.9000E+00  0.0000E+00 -0.9000E+00  0.5418E+01  0.2583E+00 -0.5676E+01   298.      0.0000E+00  0.6000E-02  0.1650E+00  0.3700E-01  0.0000E+00  0.2700E-01  0.2250E+00  0.3010E+00  0.1990E+00  0.5600E-01  0.0000E+00  0.1430E+00  0.0000E+00  0.3000E-02  0.2450E+00  0.8000E-02
  0.9200E+00  0.0000E+00 -0.9200E+00  0.5502E+01  0.2754E+00 -0.5778E+01   298.      0.0000E+00  0.6000E-02  0.1680E+00  0.3600E-01  0.0000E+00  0.2800E-01  0.2270E+00  0.3010E+00  0.2000E+00  0.5700E-01  0.0000E+00  0.1450E+00  0.0000E+00  0.3000E-02  0.2480E+00  0.6000E-02
  0.9400E+00  0.0000E+00 -0.9400E+00  0.5589E+01  0.2813E+00 -0.5870E+01   298.      0.0000E+00  0.6000E-02  0.1700E+00  0.3300E-01  0.0000E+00  0.2600E-01  0.2300E+00  0.3040E+00  0.1970E+00  0.5700E-01  0.0000E+00  0.1450E+00  0.0000E+00  0.3000E-02  0.2470E+00  0.5000E-02
  0.9600E+00  0.0000E+00 -0.9600E+00  0.5672E+01  0.3005E+00 -0.5973E+01   298.      0.0000E+00  0.6000E-02  0.1720E+00  0.2900E-01  0.0000E+00  0.2700E-01  0.2320E+00  0.3030E+00  0.1970E+00  0.5600E-01  0.0000E+00  0.1440E+00  0.0000E+00  0.3000E-02  0.2480E+00  0.3000E-02
  0.9800E+00  0.0000E+00 -0.9800E+00  0.5755E+01  0.3207E+00 -0.6076E+01   298.      0.0000E+00  0.6000E-02  0.1730E+00  0.2800E-01  0.0000E+00  0.2600E-01  0.2330E+00  0.3050E+00  0.1960E+00  0.5700E-01  0.0000E+00  0.1410E+00  0.0000E+00  0.3000E-02  0.2440E+00  0.2000E-02
  0.1000E+01  0.0000E+00 -0.1000E+01  0.5838E+01  0.3422E+00 -0.6180E+01   298.      0.0000E+00  0.6000E-02  0.1740E+00  0.2300E-01  0.0000E+00  0.2700E-01  0.2350E+00  0.3020E+00  0.1990E+00  0.5500E-01  0.0000E+00  0.1410E+00  0.0000E+00  0.3000E-02  0.2490E+00  0.2000E-02
