
 **** INPUT FILE VPSC.IN FOR THIS RUN ****
1                          number of elements (nelem)                                                                             
1                          number of phases (nph)                                                                                 
1.0  0.0                   relative vol. fract. of phases (wph(i))                                                                
*INFORMATION ABOUT PHASE #1                                                                                                       
0   0   25                    grain shape contrl, fragmentn, crit aspect ratio                                                    
1.0  1.0  1.0                 initial ellipsoid ratios (dummy if ishape=4)                                                        
0.0  0.0  0.0                 init Eul ang ellips axes (dummy if ishape=3,4)                                                      
* name and path of texture file (filetext)                                                                                        
ex01_elast\rand1000.tex                                                                                                           
* name and path of single crystal file (filecrys)                                                                                 
ex01_elast\fcc.sx                                                                                                                 
* name and path of grain shape file (dummy if ishape=0) (fileaxes)                                                                
shape1.100                                                                                                                        
* name and path of diffraction file (dummy if idiff=0)                                                                            
1                                                                                                                                 
ex01_elast\fcc.dif                                                                                                                
*PRECISION SETTINGS FOR CONVERGENCE PROCEDURES (default values)                                                                   
1.e-3  1.e-3  1.e-3   0.01     errs,errd,errm,errso                                                                               
100 100 25     itmax:   max # of iter, external, internal and SO loops                                                            
0  2  10  2    irsvar & jrsini,jrsfin,jrstep (dummy if irsvar=0)                                                                  
*INPUT/OUTPUT SETTINGS FOR THE RUN (default is zero)                                                                              
0              irecover:read grain states from POSTMORT.IN (1) or not (0)?                                                        
0              isave:   write grain states in POSTMORT.OUT at step 'isave'?                                                       
0              icubcomp:calculate fcc rolling components?                                                                         
0              nwrite (frequency of texture downloads)                                                                            
*MODELING CONDITIONS FOR THE RUN                                                                                                  
1              interaction (0:FC,1:affine,2:secant,3:neff=10,4:tangent,5:SO)                                                      
1  1  1        iupdate: update orient, grain shape, hardening                                                                     
0              nneigh (0 for no neighbors, 1 for pairs, etc.)                                                                     
0              iflu (0: don't calc, 1: calc fluctuations)                                                                         
*NUMBER OF PROCESSES (Lij const; Lij variable; PCYS ;LANKFORD; rigid rotatn)                                                      
1                                                                                                                                 
*IVGVAR AND PATH\NAME OF FILE FOR EACH PROCESS (dummy if ivgvar=2,3)                                                              
0                                                                                                                                 
ex01_elast\rolling                                                                                                                


 **** CRYSTAL DATA FILE ****
*Material: AUSTENITIC STEEL                                                                                                       
CUBIC           crysym                                                                                                            
   1.0   1.0   1.0   90.   90.   90.   unit cell axes and angles                                                                  
Elastic stiffness (single crystal [GPa]; scaled=0.85xINTERPOLATED)                                                                
 205.0   138.0   138.0   000.0   000.0   000.0                                                                                    
 138.0   205.0   138.0   000.0   000.0   000.0                                                                                    
 138.0   138.0   205.0   000.0   000.0   000.0                                                                                    
 000.0   000.0   000.0   126.0   000.0   000.0                                                                                    
 000.0   000.0   000.0   000.0   126.0   000.0                                                                                    
 000.0   000.0   000.0   000.0   000.0   126.0                                                                                    
*Thermal expansion coefficients (single crystal in crystal axis):                                                                 
  0.0e-6   0.0e-6  0.0e-6   0.0e0   0.0e0   0.0e0                                                                                 
*Info about slip & twinning modes in this file:                                                                                   
  2          nmodesx    (total # of modes listed in file)                                                                         
  1          nmodes     (# of modes to be used in the calculation)                                                                
  1          mode(i)    (label of the modes to be used)                                                                           
  {111}<110> SLIP                                                                                                                 
 1  12  1   0                       modex,nsmx,isensex,itwtypex                                                                   
   1  1  1        0  1 -1           slip (n & b)                                                                                  
   1  1  1        1  0 -1                                                                                                         
   1  1  1        1 -1  0                                                                                                         
  -1  1  1        0  1 -1                                                                                                         
  -1  1  1        1  0  1                                                                                                         
  -1  1  1        1  1  0                                                                                                         
  -1 -1  1        0  1  1                                                                                                         
  -1 -1  1        1  0  1                                                                                                         
  -1 -1  1        1 -1  0                                                                                                         
   1 -1  1        0  1  1                                                                                                         
   1 -1  1        1  0 -1                                                                                                         
   1 -1  1        1  1  0                                                                                                         
 {111}<112> TWIN                                                                                                                  
 2  12  0   2                        modex,nsmx,isensex,itwtypex                                                                  
 0.707                               twshx                                                                                        
   1  1  1       -2  1  1                                                                                                         
   1  1  1        1 -2  1                                                                                                         
   1  1  1        1  1 -2                                                                                                         
  -1  1  1        2  1  1                                                                                                         
  -1  1  1       -1 -2  1                                                                                                         
  -1  1  1       -1  1 -2                                                                                                         
  -1 -1  1        2 -1  1                                                                                                         
  -1 -1  1       -1  2  1                                                                                                         
  -1 -1  1       -1 -1 -2                                                                                                         
   1 -1  1       -2 -1  1                                                                                                         
   1 -1  1        1  2  1                                                                                                         
   1 -1  1        1 -1 -2                                                                                                         
*Constitutive law                                                                                                                 
   0      Voce=0, MTS=1                                                                                                           
   1      iratesens (0:rate insensitive, 1:rate sensitive)                                                                        
   50     grsze --> grain size only matters if HPfactor is non-zero                                                               
  {111}<110> SLIP -------------------------------------------                                                                     
 20                               nrsx                                                                                            
 1.0   0.0   1.0   1.0   0.       tau0x,tau1x,thet0,thet1, hpfac                                                                  
 1.0    1.0                       hlatex(1,im),im=1,nmodes                                                                        
  {111}<112> TWIN --------------------------------------                                                                          
 20                               nrsx                                                                                            
 1.0   0.0    0.   0.   0.        tau0x,tau1x,thet0,thet1, hpfac                                                                  
 1.0    1.0                       hlatex(1,im),im=1,nmodes                                                                        
 0     0.05   0.50                isectw, thres1,thres2                                                                           
**** END OF CRYSTAL DATA FILE ****


 CHECKING THAT CELCC*SELCC-ID6=0   0.2134069E-31
 *********** PHASE   1
 RANDOM PX BULK & POISSON MODULI     160.333       0.266
 RANDOM PX ELASTIC CTES C11, C12, C44     279.000     101.000      89.000

 INSIDE SUBROUTINE DATA_CRYSTAL
 SHEAR MODULUS FOR MODE  1 IN PHASE  1 IS      64.333
 N & B FOR MODE  1 IN PHASE  1
     0.577     0.577     0.577        0.000     0.707    -0.707
     0.577     0.577     0.577        0.707     0.000    -0.707
     0.577     0.577     0.577        0.707    -0.707     0.000
    -0.577     0.577     0.577        0.000     0.707    -0.707
    -0.577     0.577     0.577        0.707     0.000     0.707
    -0.577     0.577     0.577        0.707     0.707     0.000
    -0.577    -0.577     0.577        0.000     0.707     0.707
    -0.577    -0.577     0.577        0.707     0.000     0.707
    -0.577    -0.577     0.577        0.707    -0.707     0.000
     0.577    -0.577     0.577        0.000     0.707     0.707
     0.577    -0.577     0.577        0.707     0.000    -0.707
     0.577    -0.577     0.577        0.707     0.707     0.000

 **** CRYST TEXTURE (FIRST FEW LINES) ****
axes of the ellipsoid                                                                                                             
  1.0  1.0  1.0                                                                                                                   
random texture generated by RANDTEXT.FOR (23/01/97)                                                                               
B  1000   0                                                                                                                       
    102.74    119.56     33.65  1.0                                                                                               
    219.06     36.21     70.51  1.0                                                                                               
    166.66     28.59     45.80  1.0                                                                                               
    149.74     86.13     38.68  1.0                                                                                               
    143.88     72.50      9.75  1.0                                                                                               
     27.71      7.88    225.69  1.0                                                                                               
     10.26     81.59    324.82  1.0                                                                                               
    213.21    156.91    352.41  1.0                                                                                               
    313.75     60.06    131.59  1.0                                                                                               
    283.74    137.64    213.65  1.0                                                                                               
    329.59    158.18    298.33  1.0                                                                                               
     61.37    171.68    104.65  1.0                                                                                               
     44.90     68.33     40.28  1.0                                                                                               
     29.40    114.77    163.14  1.0                                                                                               
     56.39    115.89    341.90  1.0                                                                                               
    271.21     76.66    171.67  1.0                                                                                               
    .........................
 **** END OF CRYST TEXTURE DATA FILE ****


 **** DIFFRACTION FILE ****
*DIFFRACTING PLANES AND DIRECTION FOR FCC                                                                                         
*Number of diffraction directions and diffracting angle spread: 0,0 is 3, 90,90 is 2, 90,0 is 1                                   
    16   6.5    "ndif"  "Spread"                                                                                                  
*Plane type and direction angle:                                                                                                  
*"n3" or "n4"   "theta"        "phi"	                                                                                             
 1 1 1            0.00         0.00     		                                                                                        
 2 0 0            0.00         0.00	                                                                                              
 2 2 0            0.00         0.00	                                                                                              
 3 1 1            0.00         0.00	                                                                                              
 3 3 1            0.00         0.00	                                                                                              
 4 2 0            0.00         0.00	                                                                                              
 4 2 2            0.00         0.00	                                                                                              
 5 3 1            0.00         0.00	                                                                                              
 1 1 1           90.00         0.00        			                                                                                    
 2 0 0           90.00         0.00	                                                                                              
 2 2 0           90.00         0.00	                                                                                              
 3 1 1           90.00         0.00	                                                                                              
 3 3 1           90.00         0.00	                                                                                              
 4 2 0           90.00         0.00		                                                                                             
 4 2 2           90.00         0.00	                                                                                              
 5 3 1           90.00         0.00	                                                                                              
                                                                                                                                  
                                                                                                                                  
                                                                                                                                  
                                                                                                                                  
                                                                                                                                  
                                                                                                                                  
 **** END OF DIFFRACTION FILE ****


*** RUNNING INTERACTION NEFF=    0.00


 UB THERMAL TENSOR (VOIGT NOTATION)
  0.0000E+00  0.0000E+00  0.0000E+00  0.0000E+00  0.0000E+00  0.0000E+00

 UB ELASTIC STIFFNESS (VOIGT NOTATION)
  0.2794E+03  0.1004E+03  0.1013E+03  0.5617E+00  0.6083E+00 -0.2714E+00
  0.1004E+03  0.2798E+03  0.1008E+03 -0.1177E+01 -0.1841E+00 -0.3393E-01
  0.1013E+03  0.1008E+03  0.2789E+03  0.6149E+00 -0.4242E+00  0.3053E+00
  0.5617E+00 -0.1177E+01  0.6149E+00  0.8880E+02  0.3053E+00 -0.1841E+00
  0.6083E+00 -0.1841E+00 -0.4242E+00  0.3053E+00  0.8926E+02  0.5617E+00
 -0.2714E+00 -0.3393E-01  0.3053E+00 -0.1841E+00  0.5617E+00  0.8836E+02

 LB THERMAL TENSOR (VOIGT NOTATION)
  0.0000E+00  0.0000E+00  0.0000E+00  0.0000E+00  0.0000E+00  0.0000E+00

 LB ELASTIC STIFFNESS (VOIGT NOTATION)
  0.2405E+03  0.1199E+03  0.1206E+03  0.4854E+00  0.5203E+00 -0.2256E+00
  0.1199E+03  0.2409E+03  0.1202E+03 -0.1006E+01 -0.1644E+00 -0.2675E-01
  0.1206E+03  0.1202E+03  0.2401E+03  0.5207E+00 -0.3560E+00  0.2523E+00
  0.4854E+00 -0.1006E+01  0.5207E+00  0.5972E+02  0.2602E+00 -0.1520E+00
  0.5203E+00 -0.1644E+00 -0.3560E+00  0.2602E+00  0.6010E+02  0.4721E+00
 -0.2256E+00 -0.2675E-01  0.2523E+00 -0.1520E+00  0.4721E+00  0.5934E+02


*** LOAD CONDITIONS FOR THIS RUN
  50   3   0.02    298.  298.       nsteps  ictrl  eqincr  tempi   tempf                                                          
* boundary conditions                                                                                                             
    1       1       1           iudot    |    flag for vel.grad.                                                                  
    1       1       1                    |    (0:unknown-1:known)                                                                 
    1       1       1                    |                                                                                        
                                         |                                                                                        
    1.0     0.      0.          udot     |    vel.grad                                                                            
    0.      0.00    0.                   |                                                                                        
    0.      0.     -1.0                  |                                                                                        
                                         |                                                                                        
    0       0       0           iscau    |    flag for Cauchy                                                                     
            0       0                    |                                                                                        
                    0                    |                                                                                        
                                         |                                                                                        
    0.      0.      0.          scauchy  |    Cauchy stress                                                                       
            0.      0.                   |                                                                                        
                    0.                   @                                                                                        

*******   STEP   1      *** AFFINE CALCULATION                 
   13   0.103E-03   0.837E-04   0.888E-03

*******   STEP   2      *** AFFINE CALCULATION                 
    6   0.409E-03   0.100E-03   0.877E-03

*******   STEP   3      *** AFFINE CALCULATION                 
    6   0.370E-03   0.999E-04   0.800E-03

*******   STEP   4      *** AFFINE CALCULATION                 
    6   0.358E-03   0.108E-03   0.775E-03

*******   STEP   5      *** AFFINE CALCULATION                 
    6   0.226E-03   0.109E-03   0.646E-03

*******   STEP   6      *** AFFINE CALCULATION                 
    6   0.213E-03   0.112E-03   0.605E-03

*******   STEP   7      *** AFFINE CALCULATION                 
    6   0.201E-03   0.112E-03   0.513E-03

*******   STEP   8      *** AFFINE CALCULATION                 
    6   0.189E-03   0.112E-03   0.403E-03

*******   STEP   9      *** AFFINE CALCULATION                 
   11   0.830E-04   0.246E-04   0.115E-03

*******   STEP  10      *** AFFINE CALCULATION                 
   11   0.832E-04   0.275E-04   0.142E-03

*******   STEP  11      *** AFFINE CALCULATION                 
   11   0.839E-04   0.307E-04   0.172E-03

*******   STEP  12      *** AFFINE CALCULATION                 
   11   0.809E-04   0.321E-04   0.189E-03

*******   STEP  13      *** AFFINE CALCULATION                 
    6   0.250E-03   0.176E-03   0.935E-03

*******   STEP  14      *** AFFINE CALCULATION                 
    6   0.244E-03   0.175E-03   0.821E-03

*******   STEP  15      *** AFFINE CALCULATION                 
    6   0.244E-03   0.178E-03   0.764E-03

*******   STEP  16      *** AFFINE CALCULATION                 
    6   0.243E-03   0.180E-03   0.709E-03

*******   STEP  17      *** AFFINE CALCULATION                 
    6   0.241E-03   0.180E-03   0.646E-03

*******   STEP  18      *** AFFINE CALCULATION                 
    6   0.246E-03   0.186E-03   0.584E-03

*******   STEP  19      *** AFFINE CALCULATION                 
    6   0.252E-03   0.192E-03   0.518E-03

*******   STEP  20      *** AFFINE CALCULATION                 
    6   0.253E-03   0.195E-03   0.456E-03

*******   STEP  21      *** AFFINE CALCULATION                 
    6   0.247E-03   0.188E-03   0.577E-03

*******   STEP  22      *** AFFINE CALCULATION                 
    6   0.244E-03   0.187E-03   0.521E-03

*******   STEP  23      *** AFFINE CALCULATION                 
    6   0.239E-03   0.184E-03   0.471E-03

*******   STEP  24      *** AFFINE CALCULATION                 
    6   0.247E-03   0.190E-03   0.445E-03

*******   STEP  25      *** AFFINE CALCULATION                 
    6   0.241E-03   0.186E-03   0.422E-03

*******   STEP  26      *** AFFINE CALCULATION                 
    6   0.236E-03   0.182E-03   0.402E-03

*******   STEP  27      *** AFFINE CALCULATION                 
    6   0.229E-03   0.177E-03   0.378E-03

*******   STEP  28      *** AFFINE CALCULATION                 
    5   0.580E-03   0.273E-03   0.426E-03

*******   STEP  29      *** AFFINE CALCULATION                 
    5   0.554E-03   0.263E-03   0.434E-03

*******   STEP  30      *** AFFINE CALCULATION                 
    5   0.538E-03   0.255E-03   0.438E-03

*******   STEP  31      *** AFFINE CALCULATION                 
    5   0.525E-03   0.248E-03   0.440E-03

*******   STEP  32      *** AFFINE CALCULATION                 
    5   0.513E-03   0.241E-03   0.443E-03

*******   STEP  33      *** AFFINE CALCULATION                 
    5   0.500E-03   0.232E-03   0.442E-03

*******   STEP  34      *** AFFINE CALCULATION                 
    5   0.486E-03   0.222E-03   0.428E-03

*******   STEP  35      *** AFFINE CALCULATION                 
    5   0.469E-03   0.209E-03   0.402E-03

*******   STEP  36      *** AFFINE CALCULATION                 
    5   0.452E-03   0.195E-03   0.372E-03

*******   STEP  37      *** AFFINE CALCULATION                 
    5   0.514E-03   0.192E-03   0.569E-03

*******   STEP  38      *** AFFINE CALCULATION                 
    5   0.496E-03   0.179E-03   0.570E-03

*******   STEP  39      *** AFFINE CALCULATION                 
    5   0.478E-03   0.167E-03   0.561E-03

*******   STEP  40      *** AFFINE CALCULATION                 
    5   0.239E-03   0.159E-03   0.834E-03

*******   STEP  41      *** AFFINE CALCULATION                 
    5   0.212E-03   0.135E-03   0.855E-03

*******   STEP  42      *** AFFINE CALCULATION                 
    5   0.216E-03   0.132E-03   0.647E-03

*******   STEP  43      *** AFFINE CALCULATION                 
    5   0.206E-03   0.120E-03   0.655E-03

*******   STEP  44      *** AFFINE CALCULATION                 
    5   0.199E-03   0.112E-03   0.665E-03

*******   STEP  45      *** AFFINE CALCULATION                 
    5   0.193E-03   0.103E-03   0.682E-03

*******   STEP  46      *** AFFINE CALCULATION                 
    5   0.188E-03   0.956E-04   0.703E-03

*******   STEP  47      *** AFFINE CALCULATION                 
    5   0.184E-03   0.894E-04   0.730E-03

*******   STEP  48      *** AFFINE CALCULATION                 
    5   0.159E-03   0.719E-04   0.767E-03

*******   STEP  49      *** AFFINE CALCULATION                 
    5   0.179E-03   0.824E-04   0.820E-03

*******   STEP  50      *** AFFINE CALCULATION                 
    5   0.179E-03   0.819E-04   0.858E-03

*******   STEP  51      *** AFFINE CALCULATION                 
    5   0.181E-03   0.831E-04   0.885E-03

 TIME ELAPSED   26.33secs
