TEXTURE AT STRAIN =    1.0000
   1.000   2.692   0.364  <-- length of average ellipsoid axes for phase
   90.00    0.00    0.00  <-- Euler angles of average ellipsoid axes for phase
B      1000
  120.30  103.89   31.57   0.0010000
 -135.85   38.87   75.48   0.0010000
 -134.78   36.65  -18.75   0.0010000
  137.13  103.17   33.16   0.0010000
  152.74   58.17  -16.15   0.0010000
  -20.16   25.86  -77.21   0.0010000
   31.20  110.52  -24.45   0.0010000
 -116.83  145.15   26.25   0.0010000
  -48.96   77.35  145.88   0.0010000
  -73.45  146.76 -124.84   0.0010000
  -83.63  147.52 -128.33   0.0010000
   86.78  147.46  132.61   0.0010000
   46.85   74.63   31.17   0.0010000
   33.48  119.12  161.43   0.0010000
   43.70  109.80  -26.79   0.0010000
  -86.36   87.56  152.50   0.0010000
   87.40   32.56 -133.68   0.0010000
  115.71   66.14  -13.39   0.0010000
   55.53   72.06 -153.69   0.0010000
  -76.67   32.08  130.47   0.0010000
 -141.03  113.99  -22.93   0.0010000
   46.10  140.33  -78.27   0.0010000
  -74.02   33.15   34.74   0.0010000
 -123.35   35.39  157.03   0.0010000
  131.37   75.79   57.64   0.0010000
  120.12   97.17  -50.63   0.0010000
  -56.08  106.49  -61.92   0.0010000
  -25.51   48.85  173.78   0.0010000
  -83.97   88.56 -124.71   0.0010000
  -25.33  135.63   -0.85   0.0010000
  129.27   75.55   57.84   0.0010000
  -27.78   45.09   -0.23   0.0010000
  155.87  127.46  101.20   0.0010000
  -76.96   83.73 -122.23   0.0010000
  -26.23  140.50  -97.11   0.0010000
   24.16   47.51  -86.53   0.0010000
  -30.57  138.44  174.25   0.0010000
 -138.22   66.38 -156.74   0.0010000
 -126.53   79.02  125.88   0.0010000
   20.80   57.43  104.56   0.0010000
 -134.60  112.94   66.15   0.0010000
  105.62   99.50  117.58   0.0010000
  165.10   51.02  175.47   0.0010000
  -55.14   36.06  112.21   0.0010000
  154.31   53.88 -102.75   0.0010000
 -138.46   76.38 -147.29   0.0010000
  -57.64   49.27   -6.29   0.0010000
  131.92   83.69  140.52   0.0010000
  -36.39   44.34 -178.61   0.0010000
  -64.77   35.20 -155.92   0.0010000
  -83.91   32.71  -49.67   0.0010000
  -56.15   78.60  144.36   0.0010000
   44.65  106.81 -119.80   0.0010000
 -131.79  143.88   20.94   0.0010000
   59.64   78.01 -145.26   0.0010000
 -107.75  112.04  -10.89   0.0010000
   80.18   86.83  -62.28   0.0010000
   24.94   44.51   -0.71   0.0010000
   -0.51   13.89  -88.56   0.0010000
   45.60   72.59  119.01   0.0010000
  115.49   33.77   30.09   0.0010000
    0.03  118.80  178.58   0.0010000
 -118.90   88.55 -136.13   0.0010000
  112.90  146.22 -120.38   0.0010000
  -50.57   82.87 -129.17   0.0010000
 -159.25   62.18 -162.70   0.0010000
  -37.23  139.69  170.18   0.0010000
   30.21  138.96 -172.49   0.0010000
 -122.73   36.70   70.91   0.0010000
 -132.99   73.64 -149.77   0.0010000
   38.46   66.65   23.44   0.0010000
    1.28  126.71  179.68   0.0010000
  112.71   33.50  121.82   0.0010000
 -125.91   82.52  -50.81   0.0010000
   56.79  145.00  115.15   0.0010000
    2.60  158.47   90.41   0.0010000
  -44.84  139.91  169.28   0.0010000
 -145.78   39.52   -8.64   0.0010000
  144.23   62.66   70.04   0.0010000
  -49.52  143.00  -18.50   0.0010000
  159.70   49.91  173.88   0.0010000
   92.62   32.57  134.05   0.0010000
  -93.78  147.55   44.52   0.0010000
  -40.81  112.05 -155.38   0.0010000
   -0.67   17.30   90.15   0.0010000
  158.76   53.29  168.96   0.0010000
  149.17   69.37  154.65   0.0010000
   50.05   75.06  121.57   0.0010000
   32.60  119.84   71.98   0.0010000
   36.89   66.16  -66.98   0.0010000
  153.47   41.11    5.18   0.0010000
   87.36   32.62   46.35   0.0010000
  101.68   84.11  148.81   0.0010000
   41.47  118.48 -109.29   0.0010000
  -40.74  113.21   23.25   0.0010000
  127.39  154.58  159.36   0.0010000
  112.55  146.64  147.53   0.0010000
   64.82   83.37  -51.41   0.0010000
  109.41   93.13  -49.63   0.0010000
 -178.63   78.91   84.70   0.0010000
   60.39   89.55  -45.25   0.0010000
  178.72   60.75   88.87   0.0010000
  143.38   44.33    1.43   0.0010000
  142.38  130.63   96.33   0.0010000
   36.59  115.10   68.21   0.0010000
  128.55   93.56  -47.84   0.0010000
   83.63   32.78  -39.48   0.0010000
  -44.38   67.17  155.35   0.0010000
   27.84  122.92 -105.56   0.0010000
  -37.35   66.15 -113.03   0.0010000
  -38.47   41.40  -82.02   0.0010000
   46.36  108.15   61.64   0.0010000
  -68.60   93.77  130.30   0.0010000
 -138.10   68.98 -154.33   0.0010000
  112.22   78.39 -120.15   0.0010000
  136.41  140.32  -12.60   0.0010000
   62.89   77.29   32.26   0.0010000
  -61.88   35.06  -64.68   0.0010000
 -153.81  127.96  -10.76   0.0010000
   49.93  140.71   11.61   0.0010000
  -23.19   34.20   10.28   0.0010000
    6.20  118.24   84.26   0.0010000
   39.05   61.05 -161.45   0.0010000
 -102.07   63.99 -177.57   0.0010000
  156.94  139.11   -4.27   0.0010000
   79.04  146.56   33.22   0.0010000
   89.35   89.29  -68.37   0.0010000
  149.78  133.13  -86.37   0.0010000
  163.66   55.13 -101.45   0.0010000
  -36.14  143.34 -105.01   0.0010000
   10.74   55.26    5.97   0.0010000
 -128.80   82.90  129.13   0.0010000
   40.23  112.35 -114.36   0.0010000
  -75.49   34.06  -60.72   0.0010000
 -160.68  134.16  179.40   0.0010000
  -99.61   91.32  -39.19   0.0010000
  -49.42   69.75   64.76   0.0010000
  143.50   65.78  157.36   0.0010000
  -70.30   95.79   37.01   0.0010000
   35.55  118.08  160.53   0.0010000
  -66.85  150.57  140.01   0.0010000
  134.81  124.01  103.84   0.0010000
 -167.68   48.78   91.65   0.0010000
   79.37   33.01   52.87   0.0010000
 -151.16  121.46   73.43   0.0010000
  136.64  108.31   28.31   0.0010000
  146.98   46.16   87.82   0.0010000
  103.81   92.12  129.29   0.0010000
   10.88  105.64 -100.82   0.0010000
   93.03   90.07  134.11   0.0010000
 -148.61  123.23   74.94   0.0010000
  -50.08  101.30  -54.65   0.0010000
   45.13   71.06   27.51   0.0010000
 -125.35   97.60   50.91   0.0010000
 -107.63   92.69 -130.16   0.0010000
  119.71  144.55  156.26   0.0010000
 -115.16  144.83  -65.34   0.0010000
   21.19  140.00    4.36   0.0010000
  172.21  112.68   96.53   0.0010000
  147.23  113.04 -156.89   0.0010000
   31.33  122.93   74.61   0.0010000
  140.35   53.81  168.63   0.0010000
 -126.04   87.81   43.32   0.0010000
 -148.64  141.85 -168.95   0.0010000
   74.70   91.38   48.47   0.0010000
   49.73  102.50   55.81   0.0010000
   12.27   37.56   87.14   0.0010000
  106.20   33.05  125.36   0.0010000
   97.42   85.11  155.14   0.0010000
  131.15   73.76  149.73   0.0010000
  -43.40   74.44 -120.75   0.0010000
  -52.67  144.48  -23.24   0.0010000
 -157.77   40.37  175.65   0.0010000
 -115.59   95.55  -39.76   0.0010000
  -97.42  146.84   35.88   0.0010000
  134.33   78.93  -35.13   0.0010000
  143.92  114.09  112.88   0.0010000
 -154.86  132.12  175.60   0.0010000
 -123.91   82.98  -50.30   0.0010000
  138.72   67.07 -113.73   0.0010000
  -35.37   46.27   87.75   0.0010000
  113.25  102.63 -149.81   0.0010000
 -147.37  129.19   81.32   0.0010000
 -116.18   89.01 -135.74   0.0010000
  132.01  106.03  120.60   0.0010000
  133.08   40.61    8.48   0.0010000
 -171.97   50.52 -178.57   0.0010000
   40.23  112.32   65.55   0.0010000
 -143.76   68.79 -154.93   0.0010000
  136.23  107.41  -60.97   0.0010000
 -145.84   60.88  -71.42   0.0010000
  158.92   42.62  -87.83   0.0010000
  -62.47  144.76  -24.60   0.0010000
  -80.94   84.95   61.14   0.0010000
  -52.61   78.57  144.50   0.0010000
   48.35  109.80  -25.97   0.0010000
  117.59  145.15  154.05   0.0010000
   79.91  147.17  127.65   0.0010000
   65.22  145.44 -152.66   0.0010000
 -133.71   68.31   24.84   0.0010000
   81.12  147.40  130.71   0.0010000
  -12.87  133.30    0.72   0.0010000
   39.10  112.46 -114.36   0.0010000
  105.30   80.50 -118.80   0.0010000
  -22.76  121.69   15.59   0.0010000
   45.86   73.28  -60.23   0.0010000
  123.95  143.39  -19.72   0.0010000
 -132.33  109.86  -26.10   0.0010000
   87.42   32.65   47.38   0.0010000
  -79.15  146.27  -52.09   0.0010000
  -51.06   69.26 -114.61   0.0010000
 -134.29   39.49  -12.48   0.0010000
  -46.78  145.75 -113.32   0.0010000
   11.56   63.59 -167.39   0.0010000
   -5.42  149.58  177.51   0.0010000
  117.77   93.25  -47.68   0.0010000
   39.05  111.17 -115.59   0.0010000
   55.04   36.31  158.70   0.0010000
   30.08   60.23 -162.11   0.0010000
 -157.99   52.33 -169.86   0.0010000
   74.28  146.74  -55.53   0.0010000
 -145.92   64.29   21.21   0.0010000
 -144.13   65.11 -157.84   0.0010000
  -46.53  124.07  -76.03   0.0010000
  -40.04   67.72  155.61   0.0010000
  130.79  101.92 -145.36   0.0010000
  -28.89  124.29 -165.78   0.0010000
  -12.19   54.69   -6.40   0.0010000
 -100.54   25.00 -152.39   0.0010000
 -167.63   76.31  -80.29   0.0010000
  -52.27   72.44 -117.90   0.0010000
   -4.82   61.23   -2.44   0.0010000
  156.38  145.49   79.33   0.0010000
  138.71   68.25   65.05   0.0010000
 -137.50  140.16 -167.95   0.0010000
 -170.27  106.63   85.81   0.0010000
  171.46  122.44  -84.93   0.0010000
 -123.90  103.01  146.40   0.0010000
   59.30  102.11 -124.27   0.0010000
 -136.69   70.23 -153.29   0.0010000
   16.29   59.43   13.95   0.0010000
   37.99   51.45  -81.22   0.0010000
   39.48  138.10   96.58   0.0010000
  -91.55  147.43 -135.31   0.0010000
  -33.18   62.58 -109.81   0.0010000
  -38.00  121.02  105.42   0.0010000
 -126.35   80.68 -142.55   0.0010000
  105.18  146.87 -125.57   0.0010000
 -123.89  102.61   55.82   0.0010000
  -52.06  110.41 -156.67   0.0010000
  -93.71   95.48   86.65   0.0010000
  138.47   67.80 -114.37   0.0010000
 -121.42   68.75 -160.90   0.0010000
  -31.89   58.10  163.83   0.0010000
   29.44   51.11   99.62   0.0010000
  166.04   40.97    1.89   0.0010000
  -88.57  149.67 -157.72   0.0010000
   39.77   90.08   44.98   0.0010000
  -28.31  135.57  -90.73   0.0010000
  126.98   95.47 -139.13   0.0010000
 -138.04   68.52 -154.83   0.0010000
  -84.20   90.90  -52.82   0.0010000
  -27.94  139.61   83.38   0.0010000
  142.26   41.32   98.08   0.0010000
  -88.00  147.46 -136.18   0.0010000
   26.81   44.26  -91.00   0.0010000
  -51.56  142.78  -18.60   0.0010000
  -75.88  147.66   51.03   0.0010000
 -137.63   71.73  -61.71   0.0010000
  -55.16   79.18 -126.18   0.0010000
  -47.93  104.09  122.50   0.0010000
 -132.20  139.18  -82.25   0.0010000
 -123.83   86.18  -47.96   0.0010000
  -72.60   90.65  133.49   0.0010000
  -92.60   90.14  134.30   0.0010000
  -27.42  131.59  -84.00   0.0010000
 -137.18  112.98  -23.80   0.0010000
  176.04  130.98    0.50   0.0010000
  121.24  144.27  157.20   0.0010000
   48.64  104.85   58.18   0.0010000
 -121.51  143.93  -68.00   0.0010000
  139.34   69.36  -26.04   0.0010000
 -111.61  145.84 -150.46   0.0010000
   47.12   70.75  116.92   0.0010000
 -110.70  146.10 -149.40   0.0010000
 -113.36   91.29  -43.52   0.0010000
   34.92  120.92   73.05   0.0010000
  137.37   70.65   62.80   0.0010000
  -40.07  112.15 -155.43   0.0010000
   44.87   34.43  157.92   0.0010000
  -67.89  145.48   62.51   0.0010000
  -31.32   44.97  179.94   0.0010000
   50.84   75.32 -148.10   0.0010000
  -39.77   59.52  -17.18   0.0010000
  117.52  145.39 -116.89   0.0010000
  -34.30   61.59  160.83   0.0010000
  135.84  108.25 -151.66   0.0010000
 -102.33   91.29  139.40   0.0010000
  175.63  140.79   89.31   0.0010000
 -144.61  125.34  167.40   0.0010000
   24.06   53.30   11.90   0.0010000
   58.63   38.57   77.37   0.0010000
  -57.40   36.02  111.68   0.0010000
 -157.15  124.99  -13.34   0.0010000
    0.73  158.05   89.85   0.0010000
  -45.40   73.40 -119.94   0.0010000
  -41.44   68.37  155.07   0.0010000
 -114.53  103.62  151.46   0.0010000
  151.34  118.87 -161.59   0.0010000
  -92.25   91.98   78.37   0.0010000
   30.00  133.19   86.62   0.0010000
  -51.45  100.38  126.33   0.0010000
 -149.88   50.14   98.50   0.0010000
 -147.73  127.24  169.00   0.0010000
 -127.60   44.75  179.64   0.0010000
   62.72   77.00 -148.39   0.0010000
  -32.25   63.97   69.21   0.0010000
 -138.89   62.23  108.23   0.0010000
  -50.55  102.53 -145.89   0.0010000
 -167.43   77.22   16.25   0.0010000
  -26.58  139.10   -5.41   0.0010000
  114.48   76.37 -119.00   0.0010000
  -42.11   69.97  153.44   0.0010000
  106.86  146.65 -124.09   0.0010000
  -27.01   38.61 -171.61   0.0010000
  -38.15   66.94 -113.61   0.0010000
  -34.16  132.70   94.00   0.0010000
   20.59   79.34   23.56   0.0010000
  109.73   75.98  -24.14   0.0010000
 -179.76   88.80   20.30   0.0010000
  -53.10   80.09   53.03   0.0010000
   36.83  115.05 -111.68   0.0010000
   98.74  147.21   51.27   0.0010000
 -109.02   34.57  -26.62   0.0010000
   28.13  124.23   75.55   0.0010000
 -134.23   70.45  116.83   0.0010000
  -43.40  140.02   78.61   0.0010000
   72.40   85.37 -142.45   0.0010000
  -38.29   70.19 -116.43   0.0010000
 -153.38  114.98  -20.18   0.0010000
  106.40   33.51   33.00   0.0010000
   62.25   85.79 -138.66   0.0010000
   91.01   32.68   45.72   0.0010000
   -3.76  138.74   -0.44   0.0010000
  115.07   95.05   40.10   0.0010000
  147.70  133.40 -176.95   0.0010000
   62.50   73.10   23.78   0.0010000
 -176.63  138.43    0.34   0.0010000
   45.20   71.39 -152.09   0.0010000
 -135.95  103.76   57.16   0.0010000
  134.89  139.72 -100.11   0.0010000
 -123.21   92.57   46.81   0.0010000
  -40.07  113.18  113.76   0.0010000
   91.31   89.80 -120.57   0.0010000
  115.59   34.44 -152.09   0.0010000
  -95.06   94.02  163.08   0.0010000
   24.95  117.74  -18.19   0.0010000
 -109.31   34.87   64.55   0.0010000
 -134.96   81.33   37.23   0.0010000
 -108.43   33.59 -122.31   0.0010000
  169.54   90.00   94.28   0.0010000
  -56.00   74.33   60.61   0.0010000
  157.02  128.53 -170.66   0.0010000
 -174.02  129.84  -90.82   0.0010000
  147.57   50.71  171.45   0.0010000
  154.21  138.44   -4.46   0.0010000
   38.27  113.00 -113.77   0.0010000
  126.21   87.22  137.08   0.0010000
  -79.46  147.09  -37.23   0.0010000
  -41.48  111.37 -154.80   0.0010000
  131.15  142.31  -17.60   0.0010000
  136.93   67.62  155.67   0.0010000
 -131.60   73.17  -60.28   0.0010000
  -91.17   32.56  -44.73   0.0010000
   14.96  134.15  -90.48   0.0010000
   46.68   71.08  -62.67   0.0010000
 -110.30  146.43 -147.73   0.0010000
   11.58   47.50  -89.12   0.0010000
   70.06   32.74  -35.20   0.0010000
  -35.53   62.56   70.04   0.0010000
 -130.10   69.30  -65.19   0.0010000
  -23.71  134.86   90.21   0.0010000
 -128.35  141.59 -165.75   0.0010000
 -142.11   41.67   82.86   0.0010000
  -65.70  117.10   10.79   0.0010000
   34.38  115.13  158.49   0.0010000
   34.03  111.69  -24.92   0.0010000
   90.63   32.71 -135.63   0.0010000
  137.56  135.19   89.79   0.0010000
  125.49  101.67  125.37   0.0010000
  164.02  142.14  175.73   0.0010000
  131.76  104.79  -58.17   0.0010000
 -124.94   76.25  -57.25   0.0010000
  139.50   64.86  158.03   0.0010000
   24.65   83.56   89.03   0.0010000
 -137.58  134.40  -90.97   0.0010000
  -85.66  147.38  -44.21   0.0010000
  156.17   49.07  -96.28   0.0010000
   86.99   32.67   45.67   0.0010000
   53.09   74.60  -59.13   0.0010000
   98.95   25.14 -119.76   0.0010000
 -113.06   35.07   65.56   0.0010000
 -147.70   67.70   22.86   0.0010000
 -146.44   36.91  -13.30   0.0010000
   43.31   69.70 -153.75   0.0010000
 -137.37   94.82  -40.63   0.0010000
 -157.31  132.23  -93.51   0.0010000
 -143.39  127.41  169.80   0.0010000
 -144.28   56.17 -165.94   0.0010000
  -91.11   89.99   45.68   0.0010000
 -141.76  112.59   65.85   0.0010000
  137.03  144.33  -19.74   0.0010000
  -41.71   69.24 -115.89   0.0010000
    1.85   83.62  -90.99   0.0010000
  111.99  145.73 -118.40   0.0010000
   13.80   47.27 -178.98   0.0010000
  -60.11  101.21   35.20   0.0010000
  -51.29  101.51 -144.82   0.0010000
 -156.10   44.16  179.14   0.0010000
   69.42  147.35  -55.53   0.0010000
   74.44  147.02  126.37   0.0010000
  107.69   99.95 -149.72   0.0010000
  -23.58  129.96 -172.32   0.0010000
  132.92  141.03 -103.80   0.0010000
  -30.48   59.58   72.52   0.0010000
 -128.24  106.79  150.82   0.0010000
 -147.78  130.29   -7.49   0.0010000
 -168.50  131.22  -91.37   0.0010000
  -78.93  147.04  142.55   0.0010000
   23.72   56.94   15.00   0.0010000
  158.08  130.50   96.09   0.0010000
   50.99   75.01 -148.42   0.0010000
  138.60  137.50  175.26   0.0010000
  -86.30   29.69 -117.45   0.0010000
  145.49   70.79  -25.44   0.0010000
  -20.42   29.35  -78.48   0.0010000
   52.52   75.29  121.92   0.0010000
 -138.65   42.76   -4.15   0.0010000
  -52.52   70.68  154.32   0.0010000
 -141.58   66.56   23.34   0.0010000
  105.41  102.27  113.87   0.0010000
   46.84  106.97  -29.55   0.0010000
   25.98   71.27   23.67   0.0010000
  -23.92  120.65  106.51   0.0010000
   26.41  151.61 -163.47   0.0010000
  -80.02  147.21  140.51   0.0010000
 -139.61   36.69  163.14   0.0010000
   82.59   89.12  -50.64   0.0010000
  -75.73   82.47  151.88   0.0010000
  128.89   38.82  102.86   0.0010000
  130.24   35.35   22.68   0.0010000
   60.18   95.90   49.61   0.0010000
  133.46   38.48   15.56   0.0010000
  146.83  116.85 -159.66   0.0010000
  136.60   38.51  -74.90   0.0010000
  143.71  132.24  -85.89   0.0010000
  -91.72   32.72  -45.02   0.0010000
 -126.84   73.34  119.14   0.0010000
  146.32   63.10   69.76   0.0010000
  -61.63   97.03 -141.32   0.0010000
   43.97   74.93  121.31   0.0010000
 -165.53   98.04   67.25   0.0010000
    7.04  107.51  -12.21   0.0010000
  -42.73  134.18    1.40   0.0010000
   40.65   66.24  113.15   0.0010000
   18.07  130.51   85.65   0.0010000
  151.92   31.23  -74.51   0.0010000
  -48.98   78.59  144.81   0.0010000
  -31.25   46.38   -2.53   0.0010000
   47.56  139.15 -172.43   0.0010000
 -114.61  146.62  -58.14   0.0010000
 -152.96   37.29   80.47   0.0010000
  -27.88  129.95  -81.62   0.0010000
   51.13  102.24 -124.51   0.0010000
 -150.22  118.46 -105.47   0.0010000
  -27.14  141.00   82.09   0.0010000
  -82.01  147.44   47.27   0.0010000
  -65.42   95.57   39.09   0.0010000
 -115.29  146.41  -59.12   0.0010000
  146.95   43.28  -86.92   0.0010000
  -28.32   61.52  161.28   0.0010000
   34.68   63.45   20.53   0.0010000
 -143.66  115.21 -111.81   0.0010000
   40.56   42.18   -6.16   0.0010000
  164.29   36.37 -174.88   0.0010000
  105.97   99.32 -150.77   0.0010000
  -99.42   32.84  141.14   0.0010000
 -100.49   93.37  145.65   0.0010000
  121.04  100.44  126.47   0.0010000
 -158.00  141.53  -83.83   0.0010000
 -143.31  116.75  -20.39   0.0010000
 -147.10   60.12  107.85   0.0010000
   34.06   53.85  101.87   0.0010000
 -152.95  144.40   11.33   0.0010000
 -144.00  105.39  -31.01   0.0010000
  -37.13  117.27   20.03   0.0010000
  115.21   75.63  -27.94   0.0010000
   40.59  111.61   64.85   0.0010000
   25.32  118.19   71.51   0.0010000
 -126.79   76.89  -56.35   0.0010000
 -150.12   62.34  -70.83   0.0010000
   30.06  125.17  166.57   0.0010000
 -126.84   33.98  -25.86   0.0010000
   41.23  103.85 -122.47   0.0010000
   87.72   89.19 -153.35   0.0010000
  128.43   97.39 -140.90   0.0010000
  -47.36   71.89 -118.30   0.0010000
   64.81   87.27  132.36   0.0010000
  110.12   34.58  -63.16   0.0010000
  126.94  146.99   62.57   0.0010000
  165.47  135.15   89.95   0.0010000
  152.63   61.03 -108.19   0.0010000
  -46.63   73.42 -120.04   0.0010000
  -38.11  123.72   14.04   0.0010000
  156.35  133.60   91.82   0.0010000
  -49.84   25.94  124.72   0.0010000
  -33.77   64.40   68.50   0.0010000
   21.51   49.22   95.29   0.0010000
   40.86  115.53   68.41   0.0010000
  115.75  145.75 -118.49   0.0010000
   -1.59  124.26 -179.52   0.0010000
   -4.76   35.90   91.30   0.0010000
  -23.27   50.99   81.04   0.0010000
   28.79  135.89    1.59   0.0010000
  123.75   89.98  135.40   0.0010000
  -86.67   89.23  158.88   0.0010000
 -142.42  116.90  159.59   0.0010000
  -43.29   66.38 -112.76   0.0010000
   90.15   32.64  -44.61   0.0010000
  137.37   43.22 -176.97   0.0010000
  -30.19  125.66   12.85   0.0010000
   51.71  141.75 -165.24   0.0010000
 -147.66  157.29  -72.63   0.0010000
   34.95   61.77  -70.67   0.0010000
 -102.25   32.99 -126.70   0.0010000
 -130.00  148.47  119.49   0.0010000
  -36.69   63.22 -110.46   0.0010000
 -138.20  111.46  154.88   0.0010000
  132.82  107.69   28.76   0.0010000
 -141.37  113.37   66.54   0.0010000
 -144.63   41.14  -97.72   0.0010000
  -27.58   48.62   -6.36   0.0010000
   30.04  124.11 -104.45   0.0010000
  -28.11   67.44   66.75   0.0010000
   92.65  150.82  118.49   0.0010000
  -44.63   71.69 -118.22   0.0010000
  114.55   96.47 -141.81   0.0010000
   43.91   77.88   33.92   0.0010000
  -13.54   61.83  166.28   0.0010000
 -127.23   37.18  161.46   0.0010000
   73.39   33.68 -122.08   0.0010000
   46.10   70.68   27.16   0.0010000
   25.72  137.36 -177.07   0.0010000
  -47.73   81.22  -37.42   0.0010000
    5.94  120.30  176.04   0.0010000
 -149.04  141.29  -79.99   0.0010000
 -145.74  115.74   68.62   0.0010000
   -6.83  117.22  -82.35   0.0010000
   -7.58   74.49  -98.84   0.0010000
   84.35   96.55   72.46   0.0010000
 -136.40   37.62  163.21   0.0010000
  -32.02  125.97 -167.74   0.0010000
  -69.69   33.87   30.39   0.0010000
 -102.08   33.02  145.31   0.0010000
   81.08  147.06 -142.56   0.0010000
 -129.40   93.04  137.63   0.0010000
  -53.54  103.88  122.76   0.0010000
  -53.16   96.82   39.53   0.0010000
 -137.02  105.23   59.73   0.0010000
  156.15   73.03  158.48   0.0010000
 -130.04  134.17   -1.28   0.0010000
  162.36  140.33   -3.59   0.0010000
  126.47   65.57   70.76   0.0010000
   48.38  145.23   23.03   0.0010000
  -14.69  102.36 -174.26   0.0010000
  -89.29   88.57   20.22   0.0010000
  137.76  110.29  -63.72   0.0010000
   32.19   68.79  -66.64   0.0010000
 -101.15   99.94 -110.10   0.0010000
  -55.69   36.43   20.54   0.0010000
  105.27   87.46   50.83   0.0010000
  -32.93   37.13 -167.03   0.0010000
   43.46   69.55   26.14   0.0010000
  143.33  117.63  109.86   0.0010000
  134.06   73.43  150.16   0.0010000
   22.47   41.57  176.59   0.0010000
  -32.01   57.99 -106.13   0.0010000
   52.55   98.96  -37.72   0.0010000
   27.94   49.78  -82.13   0.0010000
  -99.07   92.66  -34.44   0.0010000
 -148.63   57.96   16.23   0.0010000
   45.11   72.28   28.81   0.0010000
  -98.02   89.94   44.78   0.0010000
  -54.15   89.28  -44.55   0.0010000
   65.48   99.43   54.63   0.0010000
  179.50   89.51  -89.65   0.0010000
  -72.58    5.02  167.63   0.0010000
 -149.74  129.28  171.00   0.0010000
 -153.42   51.65   10.58   0.0010000
   99.26  146.94  -36.27   0.0010000
 -161.24   40.35   86.82   0.0010000
   41.55  111.42  -25.12   0.0010000
   11.11  129.10  -92.52   0.0010000
  130.35   81.90   51.91   0.0010000
 -115.45   76.99   30.36   0.0010000
 -158.55  108.75  159.30   0.0010000
 -159.72  125.27  167.93   0.0010000
 -101.01  151.43 -130.24   0.0010000
  -28.92   42.81    3.68   0.0010000
 -124.00   76.27  122.70   0.0010000
  144.25   65.23   67.86   0.0010000
  114.61   84.54  140.64   0.0010000
  146.75  116.61  110.55   0.0010000
  -69.77   33.32 -146.62   0.0010000
  149.97   44.57   90.72   0.0010000
 -168.88   44.70   89.94   0.0010000
 -167.07  136.64 -179.29   0.0010000
  -34.50   62.16   70.35   0.0010000
  128.52  142.66 -108.13   0.0010000
 -138.79   68.09  114.71   0.0010000
 -146.33   60.86  108.58   0.0010000
  134.78  139.92  -10.70   0.0010000
   67.00   93.22   48.68   0.0010000
  -27.39  119.39 -162.31   0.0010000
   39.17   67.40  114.12   0.0010000
 -118.72   35.48  156.30   0.0010000
  -43.77  110.22   26.36   0.0010000
  140.02   68.95  -25.42   0.0010000
 -140.61   68.18   24.81   0.0010000
  149.04   60.66  161.80   0.0010000
  132.29  108.46  118.00   0.0010000
   40.38  118.33 -108.67   0.0010000
  -97.90  147.16   39.62   0.0010000
 -152.79  130.74   82.84   0.0010000
  -57.79  143.07  161.85   0.0010000
  128.62   73.81  149.92   0.0010000
   89.49   91.49   74.97   0.0010000
  -46.12   78.46 -124.85   0.0010000
  172.94   54.19   87.40   0.0010000
 -163.07  128.09  -96.78   0.0010000
  170.68   46.64  179.56   0.0010000
  -34.74   67.67  -24.13   0.0010000
  -47.61  106.56  -60.16   0.0010000
  150.93   42.33 -175.65   0.0010000
   98.04   32.82  -50.76   0.0010000
 -134.42  124.97 -102.75   0.0010000
 -172.17  135.88 -179.77   0.0010000
   51.99   72.01  117.73   0.0010000
  -49.58   73.79  149.69   0.0010000
 -149.01  111.13 -115.27   0.0010000
   22.35   55.19   13.39   0.0010000
 -164.74  122.38  168.02   0.0010000
  154.92   49.51   82.82   0.0010000
   46.20   74.53 -148.93   0.0010000
   53.67   97.28 -129.34   0.0010000
  150.25  132.09   95.47   0.0010000
 -112.38  145.75 -150.95   0.0010000
 -167.83   74.17    8.94   0.0010000
   87.26   89.89 -137.32   0.0010000
  120.59   96.91  129.63   0.0010000
   96.14   89.94  135.77   0.0010000
 -130.88   75.65 -147.73   0.0010000
  -69.43  146.21  149.44   0.0010000
 -143.74  116.77  159.48   0.0010000
  -21.60  134.73  -89.73   0.0010000
  -90.55   90.02  106.71   0.0010000
 -143.38  115.42  -21.51   0.0010000
   21.17   61.20  106.59   0.0010000
 -137.15   70.74  117.29   0.0010000
  131.99   92.56  133.17   0.0010000
   30.74  116.49  -20.38   0.0010000
  -71.34   33.55   32.29   0.0010000
 -156.32   46.58   92.19   0.0010000
 -144.50   51.08 -171.33   0.0010000
 -178.24  142.04  -89.64   0.0010000
 -157.67   52.73 -169.12   0.0010000
  103.33   33.13 -144.71   0.0010000
  -45.20   72.34  -28.89   0.0010000
 -140.71   59.27  107.19   0.0010000
  -13.06  117.60 -166.32   0.0010000
  149.38  136.57   87.03   0.0010000
  -35.32  116.28   20.85   0.0010000
   82.77  147.12  -50.57   0.0010000
  -34.94   62.97 -110.34   0.0010000
 -135.31  143.01  -71.39   0.0010000
 -133.15  105.50   59.01   0.0010000
  -19.41   52.83  170.55   0.0010000
   55.82  143.53 -159.99   0.0010000
 -146.64   60.25  -71.97   0.0010000
  141.89   65.43  157.60   0.0010000
 -136.81  109.82  153.31   0.0010000
  -38.31   84.17 -129.82   0.0010000
   91.64  173.18  -80.06   0.0010000
  136.78   41.34 -172.42   0.0010000
   80.47   32.63   48.91   0.0010000
  178.33  119.67   91.56   0.0010000
 -131.33  138.66 -173.54   0.0010000
  132.68   72.19  -28.54   0.0010000
  -31.23  138.13   84.44   0.0010000
  126.79  101.35  125.65   0.0010000
  -92.03   34.55   93.27   0.0010000
   33.68   77.05   33.46   0.0010000
  -34.09   59.65   72.58   0.0010000
  158.83   56.76   75.62   0.0010000
   18.85   63.69  106.64   0.0010000
  -30.40  127.42   11.02   0.0010000
  129.23   75.00  -31.69   0.0010000
   82.99   33.01  -37.61   0.0010000
   71.36   87.32   40.57   0.0010000
 -108.77  101.91 -118.23   0.0010000
 -138.39   35.00  -15.89   0.0010000
  -37.01  123.39   14.43   0.0010000
  146.30   65.65  157.62   0.0010000
   36.88   37.95  -13.48   0.0010000
   82.49  147.23  -50.32   0.0010000
  142.61   48.94  174.51   0.0010000
  -49.13   75.26  -31.91   0.0010000
  -79.92   94.54  121.07   0.0010000
  -49.06   75.18   58.23   0.0010000
 -129.79   77.14  123.77   0.0010000
   -3.84  148.59   87.84   0.0010000
  159.17  117.02  -72.62   0.0010000
  140.32  129.45 -172.33   0.0010000
  132.42  106.10 -149.49   0.0010000
   56.31   90.04  135.04   0.0010000
   38.89   64.58   21.45   0.0010000
  -93.63   89.94  134.48   0.0010000
 -127.03   79.14 -143.95   0.0010000
  -80.52   96.66 -157.55   0.0010000
 -164.91   54.94 -170.59   0.0010000
   36.13  137.44  -84.70   0.0010000
  142.56  138.52  -96.55   0.0010000
 -131.28  144.04  -68.71   0.0010000
  128.05   70.78   64.92   0.0010000
  149.05   55.19  166.44   0.0010000
  170.40   83.27  -22.96   0.0010000
 -143.67  116.18   69.00   0.0010000
 -147.39   59.15  -72.83   0.0010000
  -51.22  102.03  -55.40   0.0010000
  -22.66   41.65    3.40   0.0010000
   19.80   48.68   93.78   0.0010000
 -145.24   56.83   14.94   0.0010000
  150.65  129.59   98.78   0.0010000
   -3.67  116.33   95.45   0.0010000
 -125.80   80.74 -142.49   0.0010000
  117.63   79.66  -34.51   0.0010000
  -18.28  133.83   90.86   0.0010000
   19.90   57.59 -165.45   0.0010000
  177.64  122.68   91.13   0.0010000
  -20.74  127.90   99.37   0.0010000
 -133.32   93.40  138.09   0.0010000
 -116.83   74.82 -151.13   0.0010000
  -71.24  143.09   71.13   0.0010000
   62.85   35.37 -114.12   0.0010000
  -87.01   32.62  -48.39   0.0010000
  -51.58   73.67  -30.06   0.0010000
  169.94  146.97  175.75   0.0010000
  -44.74   71.57 -118.09   0.0010000
  169.74   54.03   85.10   0.0010000
   54.43  142.94  108.46   0.0010000
   41.59   69.03 -154.36   0.0010000
  134.99  108.41   28.24   0.0010000
  -37.59   66.62   66.60   0.0010000
  -46.12  141.18   75.52   0.0010000
 -118.40   36.35  -19.55   0.0010000
  -37.53   67.14   66.19   0.0010000
  -42.05   69.90 -116.48   0.0010000
 -147.62  111.14  155.64   0.0010000
  125.95   88.60  -43.93   0.0010000
    1.27  126.29   -0.27   0.0010000
  162.15  128.39  -82.80   0.0010000
  -11.16  113.93 -168.74   0.0010000
  -86.17   90.57   36.82   0.0010000
  110.28  103.72  115.54   0.0010000
 -163.74   54.38  -80.61   0.0010000
 -116.55  145.22  -63.18   0.0010000
   96.63   90.24  -46.65   0.0010000
  110.82  100.95  119.29   0.0010000
  144.22   64.21  158.70   0.0010000
  -56.45  105.53  119.72   0.0010000
   39.28  139.13  -81.03   0.0010000
   71.63   33.28  146.02   0.0010000
 -178.91  128.11  -90.13   0.0010000
   16.95   51.40    6.12   0.0010000
  146.76  114.17  112.50   0.0010000
  138.85   68.75  154.79   0.0010000
  -27.95   48.17  -95.49   0.0010000
   68.91   86.02   39.99   0.0010000
   66.32   34.47   62.55   0.0010000
  -54.77  142.38 -106.13   0.0010000
  -66.11   15.51  141.45   0.0010000
    2.73  145.86    0.94   0.0010000
  -45.92   72.64  -29.21   0.0010000
   72.25   92.47   49.37   0.0010000
  -82.48   33.03 -146.25   0.0010000
  150.64   54.41  167.07   0.0010000
 -129.82  101.92 -124.71   0.0010000
 -145.01  120.20 -107.55   0.0010000
 -141.07   63.08 -159.65   0.0010000
   29.15   61.14 -161.61   0.0010000
  135.51  107.97  -61.44   0.0010000
   27.64  116.96  -19.16   0.0010000
   35.71  115.55  158.49   0.0010000
 -142.83   63.97   21.19   0.0010000
   47.40   38.15  -16.64   0.0010000
 -150.31  113.48  158.36   0.0010000
  171.56   46.30  -90.29   0.0010000
  125.29  144.12  157.36   0.0010000
 -179.73  140.29  -89.95   0.0010000
  -43.92  138.76  -97.36   0.0010000
  174.47   49.02   -0.63   0.0010000
  -73.74  147.26 -127.06   0.0010000
  -28.47   56.90 -105.33   0.0010000
  133.37  109.37   26.72   0.0010000
  148.79  127.73  -79.42   0.0010000
  161.64   55.55   77.81   0.0010000
 -138.09  111.41  154.71   0.0010000
 -100.17   33.00   52.61   0.0010000
   17.62   42.71  -91.50   0.0010000
   98.13   32.74  130.42   0.0010000
 -118.89  144.55 -155.99   0.0010000
 -113.42  144.87   24.34   0.0010000
 -117.17   84.03   39.62   0.0010000
 -141.26  137.41 -174.66   0.0010000
  139.86  107.74 -151.47   0.0010000
  131.02  119.00 -161.83   0.0010000
  114.19   35.30 -156.37   0.0010000
  129.99  103.72 -146.97   0.0010000
   35.41  116.17 -110.95   0.0010000
 -105.23  146.60  123.79   0.0010000
   87.12   89.48 -143.33   0.0010000
  -46.43   91.57 -136.48   0.0010000
  -35.46   63.64  -20.80   0.0010000
 -135.38   91.61 -133.55   0.0010000
  -19.49   46.85  178.38   0.0010000
 -166.63   18.03  -10.96   0.0010000
 -148.42   63.10   20.25   0.0010000
  163.08   45.42  -90.25   0.0010000
  -54.60   95.66   40.76   0.0010000
  -79.43   32.99  -53.81   0.0010000
 -157.50  132.30  176.71   0.0010000
 -146.79  121.02  163.09   0.0010000
 -126.71   36.91  160.51   0.0010000
   99.68  147.33 -129.41   0.0010000
  -28.67  134.62    0.70   0.0010000
  107.36   87.91 -130.71   0.0010000
   42.65  138.15  -83.79   0.0010000
 -161.61  125.98  -99.16   0.0010000
  144.21  119.63 -162.00   0.0010000
  -44.70   73.22 -119.80   0.0010000
  -32.85   44.05 -178.02   0.0010000
 -129.33  142.74  108.91   0.0010000
  -38.91   57.35  164.82   0.0010000
  -80.96   89.39  138.09   0.0010000
  109.65  104.89   20.54   0.0010000
  175.40  141.03  -90.78   0.0010000
  102.33   33.05   36.71   0.0010000
 -179.43   52.12    0.01   0.0010000
  138.87   67.85  155.47   0.0010000
  145.67   64.83  158.19   0.0010000
   41.36  109.65  -26.99   0.0010000
 -177.90   40.56  -90.19   0.0010000
   48.74  107.60  -28.72   0.0010000
   36.92   66.87  -66.68   0.0010000
  -90.82  150.42 -175.89   0.0010000
  -92.98   32.62   47.10   0.0010000
   64.38   34.58 -117.37   0.0010000
  -59.89   29.67 -144.49   0.0010000
  121.33  107.32  115.37   0.0010000
  -59.39   97.66  -51.09   0.0010000
  152.31   43.18 -177.43   0.0010000
  102.28   33.09   36.51   0.0010000
 -147.01  148.71  108.84   0.0010000
 -119.90   81.70  -51.77   0.0010000
 -162.86   55.85  -78.27   0.0010000
 -151.92  121.21   73.31   0.0010000
   45.05   71.84  -61.66   0.0010000
  105.22   99.98  -61.58   0.0010000
   64.33   37.10 -106.97   0.0010000
 -155.83  122.88  164.82   0.0010000
   20.06   67.53 -161.32   0.0010000
  110.44   81.72  -34.37   0.0010000
   72.21  146.53   32.85   0.0010000
 -148.56  105.81   61.81   0.0010000
 -134.63  113.84 -112.83   0.0010000
  130.83   98.40  -52.10   0.0010000
  -85.38   33.90   30.21   0.0010000
 -134.68   80.99 -143.06   0.0010000
 -167.37   49.30   92.02   0.0010000
 -133.38  108.59  152.21   0.0010000
   86.30  147.51  -51.72   0.0010000
   42.49   43.52   -2.56   0.0010000
  175.03   81.48   80.19   0.0010000
  178.18   35.36   90.66   0.0010000
   86.58  150.78  113.28   0.0010000
 -124.81   86.67   42.62   0.0010000
  -58.28   89.51   45.31   0.0010000
  140.96   60.75 -108.31   0.0010000
 -150.92   26.59 -109.12   0.0010000
   26.44   72.23  -65.45   0.0010000
  150.18   63.15 -109.80   0.0010000
  -53.46  144.06  157.49   0.0010000
   41.77   68.98  -64.37   0.0010000
  -37.91   65.50  157.47   0.0010000
  142.83   66.39  -23.18   0.0010000
 -143.48   62.18  109.69   0.0010000
  -12.37   56.41   -8.78   0.0010000
  106.31   88.29 -131.04   0.0010000
  -70.37  101.12 -150.10   0.0010000
  -32.98   56.77  165.15   0.0010000
  160.68   57.60   75.50   0.0010000
  155.32   65.36   70.68   0.0010000
  -93.60  147.40  132.87   0.0010000
   99.69   89.74  -43.55   0.0010000
  128.26  103.62 -146.86   0.0010000
  -30.46   42.34    4.12   0.0010000
 -103.77   88.04  129.62   0.0010000
   -0.56    4.45   86.87   0.0010000
  -56.88   76.69  -33.06   0.0010000
   44.37   73.68 -149.78   0.0010000
   41.10   70.31  -63.10   0.0010000
   53.09  142.58   17.52   0.0010000
 -163.28   35.08  174.20   0.0010000
   53.03   74.79 -149.03   0.0010000
 -131.62  104.11  147.58   0.0010000
  138.30   72.36   61.11   0.0010000
  -50.33  108.15  117.62   0.0010000
  145.04   45.07   89.75   0.0010000
   41.58  125.52 -102.12   0.0010000
  -48.42  141.09   76.43   0.0010000
  -39.07   66.50   66.62   0.0010000
  -98.25   32.66  -40.83   0.0010000
   35.46  117.16  -20.22   0.0010000
 -119.08   96.04  -40.10   0.0010000
  -27.66   33.35 -165.86   0.0010000
 -162.97   65.90   16.79   0.0010000
  -42.47  109.09   27.60   0.0010000
  130.87   75.52  147.91   0.0010000
  119.85   93.60   42.38   0.0010000
 -145.01  116.99  -20.32   0.0010000
  -24.90  124.24   14.30   0.0010000
  -37.24  113.29  113.45   0.0010000
 -130.53   77.52   34.16   0.0010000
  -93.88  147.36   42.07   0.0010000
  -28.49   68.47 -112.45   0.0010000
   11.88   67.08 -165.29   0.0010000
  141.36  113.35   23.51   0.0010000
  -39.22  119.76  -72.21   0.0010000
 -136.84  112.91  -23.90   0.0010000
 -104.56   33.44  -33.46   0.0010000
 -104.21  151.65   47.84   0.0010000
 -133.23   66.61  -66.68   0.0010000
 -145.88   60.41  108.15   0.0010000
  -33.28  118.99   18.58   0.0010000
  -97.86   91.44   52.88   0.0010000
  -40.34   41.48    7.78   0.0010000
  118.86  100.34  126.10   0.0010000
   45.91  139.02 -172.70   0.0010000
  154.46  127.65  -78.82   0.0010000
   78.01   97.58  -28.07   0.0010000
    0.94  166.92  -91.13   0.0010000
  -28.75  107.43  118.62   0.0010000
   51.94   91.42 -133.64   0.0010000
  -60.50   97.09  -50.86   0.0010000
  -47.64  104.56   32.02   0.0010000
  -73.42   33.09 -145.13   0.0010000
  -37.59  117.59 -160.10   0.0010000
   65.57   95.42  -39.48   0.0010000
  124.91   98.70  -51.67   0.0010000
   30.60   38.18  168.30   0.0010000
  -33.50  114.44  -67.64   0.0010000
  115.04  145.49 -117.55   0.0010000
 -123.69   69.05  110.73   0.0010000
    4.61  145.10    2.04   0.0010000
 -118.35   85.62   41.37   0.0010000
  130.55   46.21  -91.96   0.0010000
  -72.69   88.95 -132.79   0.0010000
 -130.73   85.58  131.12   0.0010000
   28.26  142.07    9.55   0.0010000
  -51.38  109.18   25.85   0.0010000
   43.69  145.14 -159.10   0.0010000
  175.54  104.53  -83.53   0.0010000
  -35.69   64.07 -111.11   0.0010000
  -59.68   86.74  137.48   0.0010000
  -45.77  120.34 -163.10   0.0010000
   26.25   56.44   14.94   0.0010000
  106.51   33.44 -145.94   0.0010000
 -140.21   55.65 -166.56   0.0010000
   53.53   11.75  127.59   0.0010000
 -138.05  111.22   64.68   0.0010000
 -125.13  139.94  -80.75   0.0010000
 -174.71  109.60  175.72   0.0010000
   63.90   76.30  119.89   0.0010000
   97.78  146.97  -35.08   0.0010000
  138.90   68.68 -115.32   0.0010000
  121.43  148.66  163.23   0.0010000
   28.28  129.54   -9.06   0.0010000
  -38.92  112.85  113.93   0.0010000
  119.17   35.39 -155.87   0.0010000
   69.22   95.27  141.75   0.0010000
