MORPHOLOGY AT STRAIN =    0.5000  FOR PHASE  1
   1.283   1.283   0.603  <-- AXES OF PHASE ELLIPSOID
   80.35    0.00    0.00  <-- EULER ANGLES OF PHASE ELLIPSOID (deg)
   1.081   1.692   0.561  <-- AVERAGE OF GRAIN AXES FOR PHASE
   0.081   0.189   0.216  <-- STANDARD DEV OF AVG GRAIN AXES FOR PHASE
B       500
 -168.04   19.08 -176.16     0.002000       1.2031    1.5539    0.5282
   28.85   19.47   -3.10     0.002000       1.0744    1.7875    0.5126
  -40.80   19.53   37.43     0.002000       1.2210    1.4648    0.5533
 -116.22   18.02  177.74     0.002000       1.0006    1.9377    0.5063
 -165.24   30.90  169.47     0.002000       1.0411    1.2595    0.7609
 -141.39   30.98 -167.37     0.002000       1.0207    1.2223    0.7995
  -82.37   20.03 -178.48     0.002000       1.0101    1.8414    0.5293
 -163.52    5.83 -156.71     0.002000       1.0033    1.6712    0.5890
 -156.08   13.71  178.46     0.002000       1.2226    1.7783    0.4503
   -8.43   17.59   91.13     0.002000       1.2988    1.4352    0.5301
  -34.40   25.67    5.27     0.002000       1.1119    1.4391    0.6205
   47.99   38.59    4.02     0.002000       0.9999    1.1690    0.8548
  138.42   16.96 -177.73     0.002000       1.1155    1.7953    0.4905
  -82.17   25.50  163.59     0.002000       1.0783    1.3914    0.6630
  -52.71   24.80  162.41     0.002000       1.0863    1.4126    0.6478
 -138.56   33.23 -173.47     0.002000       1.0214    1.2144    0.8050
  -59.73   11.85 -178.88     0.002000       1.0005    1.6193    0.6099
  111.11   18.16   -9.82     0.002000       1.0067    1.4724    0.6706
  161.11   21.12  -23.67     0.002000       1.1668    1.4386    0.5907
 -168.78    2.10 -105.63     0.002000       1.0035    1.6977    0.5797
  119.99   21.72  -23.94     0.002000       1.1449    1.4388    0.6023
   35.12   20.77   -1.76     0.002000       1.0035    1.8351    0.5348
   97.96   24.15   22.89     0.002000       1.0562    1.3960    0.6741
  -31.69   18.80   48.26     0.002000       1.2252    1.4656    0.5509
 -129.70    7.10  174.88     0.002000       1.0004    2.3398    0.4120
   28.18   10.02    2.09     0.002000       1.0257    2.2322    0.4231
   34.45    7.55    1.31     0.002000       1.0018    2.0739    0.4644
  -25.14   15.58    4.34     0.002000       1.0014    1.5276    0.6489
 -177.47    4.38 -178.94     0.002000       1.0000    2.1707    0.4433
 -116.31   18.75  137.39     0.002000       1.2619    1.4244    0.5505
 -141.02    3.69 -171.76     0.002000       1.0246    2.3423    0.4005
 -100.32   17.08   66.25     0.002000       1.3231    1.4234    0.5245
  145.70   10.74  176.01     0.002000       1.1567    2.0251    0.4150
   47.90    2.94    4.62     0.002000       1.1124    2.2469    0.3843
    3.04   16.18   -7.01     0.002000       1.2861    1.6215    0.4713
  174.12    9.23  176.97     0.002000       1.1693    2.0490    0.4049
   66.84   17.87  -66.12     0.002000       1.3069    1.4292    0.5290
 -100.44   15.99  175.04     0.002000       1.0006    1.5151    0.6551
  152.84    5.89 -170.23     0.002000       1.0441    2.2868    0.4037
 -146.07    0.87  154.91     0.002000       1.0354    2.3093    0.4016
  -97.91   14.52 -176.87     0.002000       1.1360    1.9096    0.4508
  144.66    3.37  179.13     0.002000       1.0633    2.1814    0.4140
 -132.59   28.54  170.15     0.002000       1.0677    1.3256    0.7039
  174.49   15.01  175.42     0.002000       1.3234    1.5827    0.4692
  -26.47    8.82  -12.94     0.002000       1.0748    2.2209    0.4050
  -62.67   16.88  179.31     0.002000       1.0000    2.0165    0.4855
  -52.09   12.01  154.11     0.002000       1.0109    1.5728    0.6235
   36.06   13.27   -0.88     0.002000       1.0363    2.1001    0.4476
   21.31   14.16  -43.09     0.002000       1.0361    1.5384    0.6222
   -9.15    8.47  137.25     0.002000       1.0126    1.6246    0.6017
  117.33   24.76   -0.36     0.002000       1.0281    1.5975    0.6034
 -151.74   26.25  179.37     0.002000       1.0065    1.5549    0.6342
  115.28   15.36   -1.38     0.002000       1.1467    1.8415    0.4639
  148.71   17.84 -133.42     0.002000       1.0999    1.4950    0.6025
  178.71   15.46  179.81     0.002000       1.2655    1.6371    0.4743
  140.07   22.22  -23.40     0.002000       1.0504    1.4051    0.6740
   37.36    6.86   -0.60     0.002000       1.1470    2.1641    0.3889
   76.35   13.73  -62.57     0.002000       1.0684    1.5449    0.6002
  100.43   24.83   -1.82     0.002000       1.0011    1.3464    0.7380
  -33.32    0.91  167.90     0.002000       1.0000    2.3597    0.4063
  -21.47   15.99   -9.47     0.002000       1.0022    1.5317    0.6450
 -113.26   24.24 -179.65     0.002000       1.0779    1.5354    0.5991
   -6.63   14.38    0.84     0.002000       1.0654    2.0073    0.4566
  164.22   33.35 -179.81     0.002000       1.0285    1.2593    0.7703
   41.72   15.08    3.51     0.002000       1.0328    2.0359    0.4646
  -92.52   17.29  178.59     0.002000       1.1992    1.6700    0.4912
   58.61   16.67  -72.98     0.002000       1.1629    1.5048    0.5655
  112.72   17.09    4.72     0.002000       1.2534    1.6012    0.4904
   40.26   18.72    4.91     0.002000       1.0000    1.9394    0.5061
  -37.37   19.75   -4.20     0.002000       1.1218    1.6710    0.5261
  115.32   25.04   -1.48     0.002000       1.0157    1.6061    0.6075
 -122.27   31.40  174.48     0.002000       1.0387    1.2813    0.7495
  -51.72   18.77  141.62     0.002000       1.0779    1.4967    0.6143
  146.20   10.53 -175.83     0.002000       1.0000    2.2476    0.4313
   41.66   28.43    2.04     0.002000       1.0446    1.4338    0.6640
  -56.30   16.74  160.69     0.002000       1.0121    1.5084    0.6490
   62.07   10.61  -95.38     0.002000       1.0476    1.5982    0.5910
  -61.37   16.97   11.88     0.002000       1.3333    1.4990    0.4930
  -53.34    5.72  176.35     0.002000       1.0060    2.3697    0.4035
   40.59   18.78  -38.39     0.002000       1.2878    1.4485    0.5297
  126.61   21.22 -155.45     0.002000       1.0339    1.4122    0.6814
 -103.09    7.27  167.68     0.002000       1.0010    1.6716    0.5900
  -64.84   24.09  178.33     0.002000       1.0298    1.6359    0.5877
   69.19   27.80   14.66     0.002000       1.0503    1.3417    0.7069
 -123.09   37.09 -174.43     0.002000       1.0060    1.1093    0.8954
 -163.27   26.16  162.06     0.002000       1.0344    1.3261    0.7266
   77.93   16.80    7.35     0.002000       1.0002    2.0243    0.4833
   -4.79    1.07  -30.16     0.002000       1.0000    2.3557    0.4071
   70.03   11.51    2.09     0.002000       1.2035    1.9400    0.4169
  -80.16   12.13  174.59     0.002000       1.0787    2.0817    0.4332
   -9.80    0.00    0.00     0.002000       1.0005    1.7072    0.5780
 -125.73    5.39 -120.72     0.002000       1.0130    1.6713    0.5835
   30.67   32.96    3.27     0.002000       1.0301    1.2771    0.7583
   78.53   15.80    0.50     0.002000       1.2958    1.6257    0.4663
  163.44   36.23  174.62     0.002000       1.0095    1.1444    0.8650
 -143.04   18.97  154.41     0.002000       1.2533    1.4706    0.5364
   83.09   16.48    5.79     0.002000       1.2231    1.6961    0.4736
  -18.89    7.67  -11.49     0.002000       1.0387    2.2834    0.4069
   24.16   11.61    6.44     0.002000       1.1523    2.0048    0.4211
  -58.52    3.28  167.03     0.002000       1.0123    2.3734    0.3995
  -17.97   17.73   -7.47     0.002000       1.1193    1.7980    0.4881
  127.11    5.72    2.45     0.002000       1.0663    2.0981    0.4299
 -139.38   20.31  150.82     0.002000       1.2176    1.4233    0.5717
  137.04   16.70   -2.21     0.002000       1.1493    1.7871    0.4781
 -128.63   13.09  179.26     0.002000       1.0026    1.7802    0.5458
   35.61   13.42   -1.77     0.002000       1.0000    2.1632    0.4499
 -152.51    4.65 -146.14     0.002000       1.0045    1.6808    0.5849
 -152.44   15.62 -174.76     0.002000       1.3280    1.5374    0.4820
   56.34   11.54    2.18     0.002000       1.2098    1.9318    0.4165
   74.91    6.50    4.96     0.002000       1.0143    2.3377    0.4063
  165.05   20.18  176.82     0.002000       1.1017    1.6884    0.5304
   89.47    7.91    8.76     0.002000       1.1304    2.1693    0.3940
 -156.07   14.15 -174.93     0.002000       1.2161    1.7756    0.4535
  -49.77   21.69  170.07     0.002000       1.1365    1.5389    0.5659
  137.94    2.50 -164.31     0.002000       1.1095    2.2493    0.3849
   53.30   18.51  -13.87     0.002000       1.3181    1.4470    0.5176
  164.11   20.45  176.99     0.002000       1.1507    1.5652    0.5489
  148.49   16.20  171.79     0.002000       1.2688    1.6117    0.4811
  -20.21   24.20   23.84     0.002000       1.0593    1.3792    0.6812
 -133.79    6.37  176.07     0.002000       1.0001    1.6632    0.5946
 -136.92   23.89  157.17     0.002000       1.1161    1.4003    0.6355
 -169.95    9.78  179.48     0.002000       1.0001    1.9292    0.5024
   58.28   14.45    4.98     0.002000       1.0004    1.5584    0.6363
  173.45   19.49 -171.43     0.002000       1.2286    1.4964    0.5376
 -115.89   14.84  112.64     0.002000       1.1129    1.5422    0.5766
 -131.32    7.70 -160.33     0.002000       1.0041    1.6353    0.6027
  144.13   15.43 -173.03     0.002000       1.0256    1.7056    0.5583
  146.37   15.53 -177.62     0.002000       1.2800    1.6399    0.4680
  -41.56   14.74  175.09     0.002000       1.2634    1.7105    0.4535
  -12.39   28.50   -5.86     0.002000       1.0000    1.5204    0.6534
   40.10   32.80   -7.31     0.002000       1.0092    1.2121    0.8164
  151.67    9.90  179.03     0.002000       1.0125    2.2374    0.4278
  -87.48    1.69 -170.71     0.002000       1.0567    2.2344    0.4064
  112.13   13.50    4.69     0.002000       1.0579    2.0600    0.4474
  -50.94   17.73   44.49     0.002000       1.0878    1.4820    0.6154
  178.24   19.90  179.10     0.002000       1.1581    1.5855    0.5380
   87.56    7.16    8.65     0.002000       1.0000    2.3593    0.4083
   67.17   22.15    6.46     0.002000       1.0043    1.7727    0.5542
    7.72   30.83   -2.60     0.002000       1.0104    1.3997    0.7040
  -65.22   21.08  147.49     0.002000       1.1418    1.4421    0.6025
  -74.12   20.44 -174.41     0.002000       1.1654    1.5782    0.5373
  101.45   16.16    3.96     0.002000       1.0119    2.0177    0.4792
    7.20    5.16   -3.49     0.002000       1.0000    2.3705    0.4057
 -118.55   23.72 -178.55     0.002000       1.0543    1.5811    0.5945
 -151.10    3.10 -163.71     0.002000       1.0389    2.3305    0.3968
 -128.83   17.37  178.97     0.002000       1.0905    1.8044    0.4996
  -14.54   10.39    2.00     0.002000       1.1127    2.1096    0.4134
   17.56    2.01  -12.34     0.002000       1.0000    2.3572    0.4072
 -151.18   37.08  179.95     0.002000       1.0000    1.1187    0.8928
   -4.69   12.92   -9.36     0.002000       1.0909    2.0426    0.4371
 -124.83   12.71 -177.36     0.002000       1.2362    1.8295    0.4319
 -132.70   15.52 -174.34     0.002000       1.1501    1.8188    0.4686
  113.10   25.76  -15.03     0.002000       1.0317    1.3499    0.7154
  -12.93    7.58    2.82     0.002000       1.0813    2.2204    0.4023
   14.58    3.94  -13.99     0.002000       1.0050    2.3585    0.4055
   49.57    8.63  -90.18     0.002000       1.0303    1.6295    0.5891
 -128.53   15.47  178.39     0.002000       1.0586    1.9504    0.4743
   79.93   13.53  -69.62     0.002000       1.0802    1.5659    0.5850
   34.94    2.52   13.28     0.002000       1.0282    2.2505    0.4149
  -96.05   21.50  178.42     0.002000       1.0000    1.7937    0.5499
   41.42    9.87    9.17     0.002000       1.0783    2.1798    0.4122
  121.89   11.84    1.75     0.002000       1.0000    1.6013    0.6188
  -26.38   20.19   -6.23     0.002000       1.0851    1.7369    0.5229
  -75.34   16.87 -174.89     0.002000       1.3490    1.4706    0.4968
 -169.20    8.55 -170.57     0.002000       1.1361    2.1060    0.4048
  127.78   15.61   -1.95     0.002000       1.1655    1.7994    0.4675
 -179.64   17.72  -46.79     0.002000       1.2286    1.4795    0.5440
  -76.60   20.48  156.16     0.002000       1.0300    1.4411    0.6687
   14.18   40.63   -0.90     0.002000       1.0000    1.1134    0.8978
   32.65   21.86   10.30     0.002000       1.1794    1.4843    0.5656
   40.22    7.71   -7.23     0.002000       1.0956    2.2013    0.4006
  -78.67   11.82   48.40     0.002000       1.0415    1.6017    0.5929
   10.43    3.27   -3.13     0.002000       1.0000    1.7158    0.5750
  168.37   23.29  177.38     0.002000       1.0000    1.6988    0.5822
   10.30   15.49   55.37     0.002000       1.0736    1.5257    0.6052
   55.14   19.26   -0.61     0.002000       1.0030    1.9035    0.5147
   82.91   14.43    6.81     0.002000       1.1332    1.9162    0.4501
  -23.11   18.47   26.56     0.002000       1.0318    1.4669    0.6565
  163.33    7.58 -169.63     0.002000       1.0839    2.2001    0.4054
  -46.88    5.54  163.01     0.002000       1.0006    2.3873    0.4024
  144.26   15.24 -176.83     0.002000       1.0047    2.0502    0.4745
 -161.94   35.38  178.66     0.002000       1.0020    1.2303    0.8100
 -154.24    8.21  174.15     0.002000       1.1058    2.1643    0.4044
    8.91   13.23    2.38     0.002000       1.2064    1.8604    0.4351
   64.64   10.21    6.51     0.002000       1.1830    2.0209    0.4060
 -165.11   15.24  132.31     0.002000       1.0637    1.5160    0.6150
 -114.30   24.31  170.90     0.002000       1.1225    1.4330    0.6173
  101.06    5.93   -2.70     0.002000       1.0994    2.2407    0.3911
  -71.09   21.88  179.26     0.002000       1.0255    1.7333    0.5555
   44.18    4.13   -7.14     0.002000       1.0359    2.3188    0.4004
   51.20    8.17   11.13     0.002000       1.1032    2.1988    0.3984
   16.87   14.48   -2.03     0.002000       1.2781    1.7117    0.4478
 -146.55   17.19  111.39     0.002000       1.2279    1.4537    0.5544
 -170.55    9.08 -175.96     0.002000       1.0000    1.9613    0.4936
 -152.43   21.94 -174.61     0.002000       1.0004    1.7539    0.5628
 -104.02   29.51  179.99     0.002000       0.9998    1.2625    0.7908
  160.63    5.94  160.84     0.002000       1.0032    1.6854    0.5839
   41.44   34.91    1.18     0.002000       1.0040    1.2794    0.7768
  128.41   13.60  -84.63     0.002000       1.0997    1.5555    0.5785
  -43.53   16.54  137.28     0.002000       1.0578    1.5040    0.6237
   -3.84    3.31  106.62     0.002000       1.0043    1.6901    0.5819
   98.28   18.47   17.04     0.002000       1.2693    1.4948    0.5203
  102.05   11.62   -1.27     0.002000       1.0725    2.1100    0.4295
   60.93    0.00    0.00     0.002000       1.0920    2.2545    0.3895
 -158.78   31.86  171.50     0.002000       1.0385    1.2464    0.7710
  -51.35    7.88  170.23     0.002000       1.0401    2.2848    0.4061
    5.95    4.21  -46.34     0.002000       1.0034    1.6774    0.5872
   77.69   23.96    1.99     0.002000       1.0000    1.3864    0.7184
 -118.20   25.78 -176.40     0.002000       1.0121    1.5656    0.6262
 -114.33   13.13 -176.98     0.002000       1.2508    1.7873    0.4374
   81.00   11.50    1.48     0.002000       1.0376    2.1731    0.4307
 -110.57    3.16  141.54     0.002000       1.0024    1.6812    0.5864
  -25.64   20.11  150.29     0.002000       1.1956    1.4880    0.5562
  -28.23   38.04    2.39     0.002000       1.0068    1.1373    0.8728
    2.46   19.92   -4.07     0.002000       1.0008    1.4524    0.6825
    9.82   10.20    2.87     0.002000       1.0000    2.2746    0.4256
  102.49   15.39   -0.77     0.002000       1.1027    1.9066    0.4656
  150.21   15.94 -122.01     0.002000       1.1061    1.5242    0.5873
   89.92   28.02   -3.90     0.002000       1.0582    1.3998    0.6716
  163.19   24.82 -161.68     0.002000       1.0279    1.3434    0.7216
   35.97   17.79   59.28     0.002000       1.2053    1.4900    0.5507
  -68.01   30.29  174.84     0.002000       1.0006    1.4365    0.6924
  -67.23   17.07  179.03     0.002000       1.0958    1.8393    0.4871
  -73.67   15.82 -178.58     0.002000       1.2423    1.6957    0.4661
 -106.71   36.27 -175.86     0.002000       1.0003    1.1641    0.8581
 -141.22   23.77 -177.20     0.002000       1.0403    1.6093    0.5916
  141.99   20.89 -177.37     0.002000       1.0001    1.4231    0.6992
   54.69   29.22    0.53     0.002000       1.0539    1.3960    0.6763
   -9.30   16.63   88.16     0.002000       1.1936    1.4954    0.5542
  152.39   28.65  179.83     0.002000       1.0104    1.3109    0.7500
 -100.39    1.82 -172.52     0.002000       1.0386    2.2422    0.4121
   65.94   30.76    1.56     0.002000       1.0220    1.3892    0.7013
  166.40   33.82  176.06     0.002000       1.0003    1.2877    0.7745
  -85.81   10.53  178.34     0.002000       1.1957    1.9882    0.4087
  129.99   17.35 -115.60     0.002000       1.1979    1.4796    0.5582
  -14.35    2.58  -27.93     0.002000       1.0343    2.2340    0.4156
 -114.15    1.95  158.24     0.002000       1.0809    2.2792    0.3898
  153.69   27.57  176.29     0.002000       1.0087    1.4970    0.6581
  151.44    2.76 -151.46     0.002000       1.0767    2.2743    0.3925
  -41.29   36.68  176.48     0.002000       1.0000    1.2251    0.8151
   10.72   33.61    2.02     0.002000       1.0010    1.1938    0.8359
 -137.20   12.75 -174.89     0.002000       1.0000    2.1650    0.4495
   22.12   18.92   -2.29     0.002000       1.2138    1.6110    0.5041
  -64.73   27.65  179.97     0.002000       1.0000    1.5422    0.6438
  -27.35    5.00  -11.54     0.002000       1.0001    2.1714    0.4430
  -18.20    8.21   -4.56     0.002000       1.1624    2.1128    0.3939
  -27.26   24.09   -4.57     0.002000       1.0500    1.6175    0.5829
  172.11   16.85  -97.98     0.002000       1.2850    1.4384    0.5348
  -42.96   12.84  172.35     0.002000       1.2104    1.8791    0.4289
  112.10   28.65   -0.94     0.002000       1.0009    1.2823    0.7774
   82.51    0.00    0.00     0.002000       1.0000    2.3665    0.4050
  119.33    0.00    0.00     0.002000       1.0000    2.3654    0.4052
  -73.42   21.67  171.39     0.002000       1.0040    1.4073    0.7046
  -42.99   20.49   -0.55     0.002000       1.0000    1.4481    0.6869
 -140.11   13.69 -177.40     0.002000       1.2476    1.7672    0.4440
  -85.87   16.77   73.93     0.002000       1.2294    1.4775    0.5444
   82.71    8.09    6.04     0.002000       1.0002    1.6549    0.5977
  114.60   19.11   -0.08     0.002000       1.0608    1.7983    0.5159
  -26.80   16.20   -0.96     0.002000       1.3136    1.5850    0.4722
 -155.64   14.07  177.18     0.002000       1.0676    1.9834    0.4615
  -77.86   26.17  165.54     0.002000       1.0189    1.3347    0.7329
   35.54    1.63  -38.14     0.002000       1.0008    2.2996    0.4171
  -13.93   18.53   -2.79     0.002000       1.1638    1.6906    0.5005
  -17.07   17.19   -2.38     0.002000       1.0344    1.9378    0.4892
  149.51    4.85  -74.33     0.002000       1.0125    1.6614    0.5876
 -150.32   15.50  176.51     0.002000       1.3393    1.5378    0.4777
   40.61    5.37  -73.73     0.002000       1.0108    1.6636    0.5877
  -83.62    5.04  163.57     0.002000       1.0008    1.6973    0.5810
  121.98    9.23   -2.56     0.002000       1.0000    2.3032    0.4197
   12.74    5.97  -12.66     0.002000       1.1205    2.2090    0.3894
 -127.03   13.52 -173.50     0.002000       1.1185    1.9546    0.4466
 -141.32   18.02 -178.39     0.002000       1.1900    1.6604    0.4985
  179.27    9.58 -173.99     0.002000       1.1799    2.0115    0.4091
 -169.15   11.91 -174.39     0.002000       1.0525    2.0978    0.4408
 -162.35   14.60 -176.78     0.002000       1.2551    1.6968    0.4605
  -23.38   13.47   -8.76     0.002000       1.1656    1.9322    0.4333
  118.36   15.30  -34.83     0.002000       1.0394    1.5162    0.6296
  -47.58   24.79   19.88     0.002000       1.0551    1.3745    0.6864
   52.17    7.47  -91.21     0.002000       1.0224    1.6422    0.5889
  119.87   14.63   -0.82     0.002000       1.2098    1.7828    0.4541
 -165.00   13.35 -177.16     0.002000       1.2776    1.7244    0.4444
   52.58   16.01   -0.90     0.002000       1.1388    1.8314    0.4700
  -46.50   17.45  103.13     0.002000       1.3168    1.4301    0.5246
  -85.90    4.06  165.99     0.002000       1.0002    2.3936    0.4010
 -101.48    9.28  145.40     0.002000       1.0126    1.6290    0.5993
  177.51   15.08 -174.99     0.002000       1.1445    1.8315    0.4675
   39.32    8.09    6.74     0.002000       1.0052    2.3187    0.4142
 -114.91    8.76 -176.49     0.002000       1.0348    2.2533    0.4147
   58.69   22.22    2.26     0.002000       1.0762    1.6381    0.5607
  149.34   21.30 -145.82     0.002000       1.1082    1.4367    0.6231
  -43.18   13.90  177.88     0.002000       1.1650    1.8992    0.4417
 -107.81   16.90   79.52     0.002000       1.3024    1.4338    0.5291
  143.24   24.54  176.00     0.002000       1.0779    1.4911    0.6175
  -33.59   15.87  154.72     0.002000       1.0172    1.5110    0.6460
  152.05   31.01  179.26     0.002000       1.0137    1.3709    0.7168
 -115.13   19.17 -163.84     0.002000       1.2116    1.5056    0.5420
 -129.68   21.94 -178.86     0.002000       1.0528    1.6526    0.5684
 -179.53   22.75  179.49     0.002000       1.1062    1.5462    0.5790
 -169.23   20.29 -156.39     0.002000       1.2061    1.4629    0.5610
   82.15   12.72  -29.00     0.002000       1.0184    1.5545    0.6264
    2.78   22.85   12.02     0.002000       1.0103    1.3912    0.7084
 -123.05   17.54 -179.07     0.002000       1.1967    1.6766    0.4906
  150.18   24.41  178.19     0.002000       1.0576    1.5680    0.5976
   22.95   24.37    0.39     0.002000       1.0001    1.3784    0.7226
  -59.89   28.57  169.87     0.002000       1.0082    1.2627    0.7828
   39.80    5.75   10.25     0.002000       1.0000    2.3694    0.4061
  -67.33   37.85  179.15     0.002000       0.9995    1.1055    0.9047
  178.22   32.09 -175.89     0.002000       1.0401    1.2646    0.7585
  -90.81   27.73 -176.01     0.002000       1.0335    1.4368    0.6699
   93.20   12.80    1.96     0.002000       1.0046    1.8402    0.5259
    9.63    9.82   -8.22     0.002000       1.1509    2.0824    0.4046
 -137.68   14.19 -173.34     0.002000       1.1033    1.9433    0.4559
   30.79   13.42    6.80     0.002000       1.1298    1.9803    0.4360
  106.63   17.60  -55.54     0.002000       1.1447    1.4753    0.5868
  -65.22    9.88  137.61     0.002000       1.0182    1.5988    0.6084
  171.44   31.78 -179.58     0.002000       1.0329    1.3026    0.7411
   78.19    2.98   11.61     0.002000       1.0139    2.3549    0.4021
   30.05    6.86   -2.95     0.002000       1.1455    2.1658    0.3891
   39.89   25.10   -0.46     0.002000       1.0058    1.6434    0.5991
  -82.07   29.85 -177.68     0.002000       1.0001    1.4510    0.6856
   65.45   14.85  -72.73     0.002000       1.1063    1.5442    0.5793
   58.89    3.49  -15.59     0.002000       1.0378    2.2136    0.4181
 -129.89   28.16 -174.30     0.002000       1.0014    1.4931    0.6648
  172.22   16.65 -171.38     0.002000       1.3563    1.4468    0.5025
  160.94    5.33 -172.56     0.002000       1.0001    1.6948    0.5822
 -119.06    6.63 -179.47     0.002000       1.0010    2.0681    0.4659
  -27.30   15.54   -8.64     0.002000       1.1227    1.9051    0.4576
  110.24   22.57    1.81     0.002000       1.0730    1.6198    0.5691
   50.97   37.47    4.20     0.002000       1.0040    1.1486    0.8665
  -93.88   24.16  178.07     0.002000       1.0085    1.6574    0.5923
   25.36    7.00   -4.78     0.002000       1.0296    2.2984    0.4076
 -176.15   10.22 -172.56     0.002000       1.0552    1.8882    0.4861
  116.01   28.49   -2.42     0.002000       1.0349    1.4207    0.6767
 -120.35    7.36 -175.83     0.002000       1.0004    1.6538    0.5980
   39.32    6.78   -2.53     0.002000       1.0058    2.3392    0.4097
   71.54    1.53    8.19     0.002000       1.0050    2.3485    0.4065
  -18.83   20.19    1.34     0.002000       1.2026    1.5731    0.5219
 -176.01   29.34 -179.94     0.002000       1.0424    1.3737    0.6954
   52.75    7.35   -4.28     0.002000       1.0631    2.2507    0.4034
   83.95   18.84    4.31     0.002000       1.1070    1.7543    0.5067
 -130.35    3.55 -101.68     0.002000       1.0078    1.6832    0.5823
  166.23   21.23 -179.67     0.002000       1.1420    1.5629    0.5541
 -123.26   13.71 -177.57     0.002000       1.2337    1.7825    0.4452
   43.22    3.82  -44.35     0.002000       1.0035    1.6841    0.5844
 -170.31   22.11 -176.79     0.002000       1.0054    1.7296    0.5682
  -95.96   15.55   61.58     0.002000       1.1167    1.5150    0.5855
  106.99   34.31   -2.67     0.002000       1.0006    1.1766    0.8486
 -108.24    8.27  109.36     0.002000       1.0298    1.6315    0.5885
  142.40   19.75  -18.23     0.002000       1.2067    1.4807    0.5538
  -61.85   17.64  179.29     0.002000       1.2078    1.6503    0.4938
  147.20   14.47 -175.41     0.002000       1.0978    1.9458    0.4579
  -24.48   13.64   -0.32     0.002000       1.0012    2.1482    0.4528
  -91.86   14.76 -179.15     0.002000       1.2813    1.6761    0.4567
  -36.92    3.81   -7.10     0.002000       1.0792    2.1580    0.4123
  -83.91    9.98   44.30     0.002000       1.0261    1.6262    0.5925
  154.52   41.20  175.49     0.002000       0.9988    1.0611    0.9435
  -90.16   28.98  177.42     0.002000       1.0264    1.4198    0.6829
   47.68   11.63   -0.69     0.002000       1.1808    1.9736    0.4177
  -54.09   19.25  177.78     0.002000       1.0169    1.8742    0.5159
   45.01   19.60   25.19     0.002000       1.2304    1.4970    0.5367
 -125.72    9.01  178.60     0.002000       1.0040    1.9554    0.4930
  148.97    2.31 -157.69     0.002000       1.0865    2.1892    0.4036
   -7.97   20.76   -8.08     0.002000       1.0027    1.4333    0.6923
  148.03    8.61 -177.90     0.002000       1.1761    2.0613    0.3997
 -155.29   23.04  156.71     0.002000       1.1415    1.3968    0.6229
   -9.25    0.00    0.00     0.002000       1.0002    1.7084    0.5778
  104.72    5.85    6.85     0.002000       1.0000    2.3758    0.4049
   21.29   15.08    2.51     0.002000       1.0078    2.0742    0.4671
  -18.52   12.70  151.57     0.002000       1.0144    1.5885    0.6139
   68.66   33.34    7.16     0.002000       1.0116    1.2458    0.7920
   63.49   12.90  -92.19     0.002000       1.0773    1.5737    0.5837
   42.25   18.46   50.19     0.002000       1.1182    1.4738    0.6017
  108.61   11.55    1.06     0.002000       1.2105    1.9244    0.4180
  116.77   26.81   -2.41     0.002000       1.0052    1.5558    0.6346
    2.43   12.15    1.28     0.002000       1.0000    2.2090    0.4397
   79.65    0.00    0.00     0.002000       1.0075    2.3350    0.4076
  -89.58   23.42  171.36     0.002000       1.1226    1.4918    0.5920
 -166.46    9.60 -172.46     0.002000       1.1559    2.0563    0.4083
  -94.65   20.72 -179.39     0.002000       1.0952    1.6819    0.5359
  120.38    7.35    0.25     0.002000       1.0280    2.3020    0.4077
   93.24    9.34   -0.18     0.002000       1.0047    2.2929    0.4197
  -18.15   14.76   -4.97     0.002000       1.2412    1.7639    0.4473
  136.03   14.49  -95.02     0.002000       1.1209    1.5367    0.5746
   15.20   19.83    2.21     0.002000       1.1335    1.6896    0.5147
  166.58   19.57  -39.45     0.002000       1.1513    1.4433    0.5968
  -63.12   41.82  175.37     0.002000       0.9994    1.0598    0.9441
  -72.99   15.47  176.38     0.002000       1.0171    2.0391    0.4713
 -157.57   16.02  178.89     0.002000       1.3306    1.5185    0.4873
  135.70   17.52 -178.04     0.002000       1.2072    1.6618    0.4906
   39.10    6.69   -3.34     0.002000       1.0049    2.3414    0.4096
  117.60   16.26 -133.07     0.002000       1.0719    1.5281    0.6047
   49.12    5.58   -5.25     0.002000       1.0001    2.3674    0.4064
  110.04    1.12 -123.05     0.002000       1.0280    2.3062    0.4050
   34.26   18.34   57.17     0.002000       1.2672    1.4364    0.5433
   69.03    0.96  -81.45     0.002000       1.0921    2.2399    0.3924
 -130.80   16.73  175.58     0.002000       1.2779    1.5844    0.4862
 -103.37   16.45  178.33     0.002000       1.0614    1.9143    0.4826
  -24.85   12.30   -8.28     0.002000       1.1856    1.9491    0.4215
 -175.07   17.41  -60.00     0.002000       1.2324    1.4497    0.5539
  -59.44    9.15  175.62     0.002000       1.1714    2.0774    0.3981
  -93.98   25.23  177.85     0.002000       1.0043    1.6207    0.6089
   59.50   18.19   -0.39     0.002000       1.0000    1.9599    0.5005
  -71.94   28.57 -178.35     0.002000       1.0040    1.4908    0.6641
   90.38   17.57  -65.36     0.002000       1.2237    1.4707    0.5496
  118.66   22.57  -24.19     0.002000       1.0646    1.4088    0.6630
  129.42   12.99   -1.00     0.002000       1.0136    2.1345    0.4500
 -167.33    9.45  177.81     0.002000       1.0000    2.2722    0.4261
   -3.22   20.61   36.32     0.002000       1.0771    1.4383    0.6413
  169.00   23.60 -159.45     0.002000       1.1382    1.3932    0.6265
    8.28   12.95   -1.12     0.002000       1.0250    2.1286    0.4461
  -75.69   11.25  175.63     0.002000       1.0404    2.1747    0.4290
   90.58   17.63 -122.80     0.002000       1.1631    1.4998    0.5673
   75.55    5.65   10.18     0.002000       1.1254    2.2186    0.3857
  -79.22    7.88  179.62     0.002000       1.0001    2.0293    0.4757
  130.74   22.09   -0.78     0.002000       1.0000    1.7662    0.5588
   69.10   21.29  -33.69     0.002000       1.1798    1.4200    0.5919
   24.11   24.64   -0.50     0.002000       1.0352    1.6089    0.5947
   38.82   24.10   -0.40     0.002000       1.0071    1.6829    0.5837
  -87.84   17.21  105.65     0.002000       1.2266    1.4575    0.5534
   31.13   40.80    1.09     0.002000       1.0002    1.1083    0.9017
   -0.49   17.95  114.79     0.002000       1.2682    1.4409    0.5411
 -160.19   36.36  179.12     0.002000       1.0000    1.2085    0.8264
   89.73   19.72   35.67     0.002000       1.2181    1.4464    0.5619
  146.84   16.75 -176.70     0.002000       1.0810    1.8670    0.4863
  110.84    9.89    4.33     0.002000       1.1784    2.0292    0.4058
  133.23   26.68  -13.86     0.002000       1.0505    1.3516    0.7014
   33.75   13.96   -1.41     0.002000       1.0002    1.5616    0.6351
  162.92    7.19  176.63     0.002000       1.1443    2.1461    0.3935
 -107.89   17.45 -133.07     0.002000       1.1397    1.5139    0.5737
   82.14   25.20  -11.83     0.002000       1.1094    1.4095    0.6355
  156.39    8.52 -172.22     0.002000       1.0004    2.3002    0.4200
  151.85   20.54  171.89     0.002000       1.1686    1.5227    0.5560
 -101.70   10.23   65.13     0.002000       1.0440    1.5976    0.5934
   84.40   17.07    5.16     0.002000       1.0000    2.0104    0.4870
   61.20   23.91    3.52     0.002000       1.0650    1.6009    0.5806
 -142.21   24.14 -159.67     0.002000       1.0326    1.3565    0.7099
  -55.67   13.88  174.42     0.002000       1.2535    1.7697    0.4410
 -159.35    8.59 -168.59     0.002000       1.0018    1.6206    0.6099
 -155.09   20.30 -142.36     0.002000       1.1408    1.4297    0.6085
  -55.78   32.88  173.76     0.002000       1.0003    1.3440    0.7415
   79.02    2.44   -6.66     0.002000       1.0514    2.3109    0.3952
  -41.58   27.34  174.13     0.002000       1.0267    1.4855    0.6515
   89.10   18.65    1.28     0.002000       1.0161    1.9016    0.5083
  -56.66    8.51  178.11     0.002000       1.1514    2.1184    0.3966
   49.24   24.83  -18.18     0.002000       1.0287    1.3631    0.7093
 -101.92   16.88  179.83     0.002000       1.1467    1.7712    0.4838
   -4.89    6.88   24.57     0.002000       1.0048    1.6730    0.5875
   11.60    3.92   12.93     0.002000       1.0865    2.2647    0.3908
  164.03   30.50  171.34     0.002000       1.0357    1.2752    0.7553
  -34.33   16.82   -7.88     0.002000       1.0000    2.0258    0.4831
   25.45   17.22  -44.32     0.002000       1.0701    1.5187    0.6095
  152.16   14.03  175.19     0.002000       1.1202    1.9272    0.4527
 -123.77   12.88   97.90     0.002000       1.0874    1.5630    0.5824
 -100.84   24.13 -177.26     0.002000       1.0210    1.6232    0.5977
  -11.93   21.19   10.84     0.002000       1.2130    1.4935    0.5460
  173.86    9.75  179.52     0.002000       1.2026    1.9787    0.4083
  145.11   13.87  177.54     0.002000       1.2674    1.7273    0.4473
  103.50    6.28    8.78     0.002000       1.1225    2.2127    0.3881
 -109.48    0.91 -157.20     0.002000       1.0525    2.3116    0.3941
   12.98   23.48   -3.35     0.002000       1.1335    1.5007    0.5825
  -42.43    9.69  169.46     0.002000       1.0042    2.2916    0.4202
  -60.83    7.42  179.49     0.002000       1.0564    2.2698    0.4024
  -95.94   26.80  178.84     0.002000       1.0156    1.5322    0.6381
   38.25   17.56  -69.53     0.002000       1.3659    1.4052    0.5143
 -108.37   12.17 -174.67     0.002000       1.1117    2.0417    0.4289
    6.24    5.52    2.20     0.002000       1.0000    2.3672    0.4065
   26.38   23.77   25.43     0.002000       1.0535    1.4011    0.6732
 -144.03   17.82 -174.66     0.002000       1.0038    1.9294    0.5070
    4.22   13.34  -22.75     0.002000       1.0096    1.5520    0.6331
  -54.61   13.38  101.82     0.002000       1.0852    1.5579    0.5856
  174.03   16.74  -74.08     0.002000       1.3123    1.4287    0.5269
   -9.09   27.04   -7.90     0.002000       1.0853    1.4049    0.6519
  -12.91    8.37   -2.66     0.002000       1.0295    2.2758    0.4124
  134.13   11.37   -3.40     0.002000       1.0641    2.1219    0.4304
  171.79    5.56 -173.42     0.002000       1.1433    2.1753    0.3878
   -2.35   27.65   -3.03     0.002000       1.0233    1.5143    0.6409
   11.40   14.79   66.28     0.002000       1.0872    1.5395    0.5918
    7.58   24.10   -2.35     0.002000       1.1105    1.5084    0.5918
 -166.29   15.74 -106.60     0.002000       1.1775    1.5102    0.5562
  -28.26   17.02    4.91     0.002000       1.3320    1.5155    0.4878
  -93.03   17.64 -179.73     0.002000       1.1493    1.7170    0.4986
   59.96   36.56   -1.03     0.002000       0.9998    1.1344    0.8812
  -81.28    8.96  172.31     0.002000       1.0891    2.1823    0.4071
   -1.45    8.15   27.78     0.002000       1.0070    1.6285    0.6036
  -52.51   15.95   37.00     0.002000       1.0505    1.5415    0.6116
 -177.66   36.58  178.52     0.002000       1.0054    1.1752    0.8456
  120.79   16.17   -6.84     0.002000       1.2810    1.6095    0.4770
 -174.90   34.92  179.91     0.002000       1.0092    1.2329    0.8024
   32.32    8.75    9.27     0.002000       1.0829    2.1950    0.4070
  165.45   25.23  171.41     0.002000       1.1003    1.4231    0.6344
   15.88   29.90   14.04     0.002000       1.0262    1.2748    0.7625
   61.65    1.65  -38.82     0.002000       1.0485    2.2912    0.3997
 -146.71    9.87 -174.05     0.002000       1.0052    2.2516    0.4281
  147.64   19.71 -147.51     0.002000       1.0561    1.4564    0.6450
  107.26   15.42   -2.17     0.002000       1.0001    2.0748    0.4707
  119.65   18.52    1.80     0.002000       1.0000    1.4805    0.6713
   36.68   34.88    3.24     0.002000       1.0123    1.2384    0.7963
  102.35   12.31   -1.49     0.002000       1.1443    1.9812    0.4297
   64.11   14.06    0.52     0.002000       1.1893    1.8459    0.4454
  158.99    3.30  175.46     0.002000       1.0032    2.3616    0.4056
