TEXTURE AT STRAIN =    0.5000
   1.283   1.283   0.603  <-- length of average ellipsoid axes for phase
   80.35    0.00    0.00  <-- Euler angles of average ellipsoid axes for phase
B       500
   86.78  112.69    6.89   0.0020000
  -89.61   24.25   16.86   0.0020000
 -156.01   43.73    5.79   0.0020000
  151.45   85.67    8.48   0.0020000
  146.77   80.14    2.86   0.0020000
   67.70   21.56 -174.62   0.0020000
    6.51   82.12   -7.44   0.0020000
 -140.89  125.43   -1.31   0.0020000
  -70.62   60.58  169.91   0.0020000
 -101.14  123.20 -175.03   0.0020000
   21.37  152.22   -8.64   0.0020000
  107.33  176.56  150.28   0.0020000
   58.91   70.45    8.50   0.0020000
   34.74  105.09  176.52   0.0020000
   62.29  105.86   -3.51   0.0020000
  -90.33   82.35  177.36   0.0020000
  122.77   47.37 -178.45   0.0020000
   93.51   74.16    1.94   0.0020000
   94.17   69.85 -174.95   0.0020000
  -94.99   60.80  178.32   0.0020000
 -126.62  109.39   -4.55   0.0020000
  -11.59  169.91 -136.27   0.0020000
  -33.45   32.98    4.03   0.0020000
 -144.40   46.39 -174.75   0.0020000
  134.23   85.05   14.85   0.0020000
  119.60  104.85  -12.76   0.0020000
  -58.75   98.16  -31.85   0.0020000
  -15.38   72.85  178.59   0.0020000
  -86.21   90.29 -152.55   0.0020000
  -12.17  116.59   -5.28   0.0020000
  133.50   72.92   18.34   0.0020000
  -11.61   57.94   -5.90   0.0020000
 -145.59  139.39  163.46   0.0020000
  -53.90   48.56 -156.90   0.0020000
  -74.46  133.22 -171.28   0.0020000
   65.41   43.95 -163.10   0.0020000
  -12.00  128.35 -174.63   0.0020000
 -110.06   72.96 -179.45   0.0020000
 -109.99  108.81  163.60   0.0020000
   59.13   31.29   41.93   0.0020000
 -163.65  145.73   15.47   0.0020000
   85.90   42.62  141.74   0.0020000
  169.23   77.75 -176.51   0.0020000
  -89.84   52.44  170.95   0.0020000
 -154.91   30.85 -154.52   0.0020000
 -153.27   90.27 -171.38   0.0020000
  -82.66   68.83    1.06   0.0020000
  123.70   75.01  169.44   0.0020000
  -25.75   67.72 -178.28   0.0020000
  -52.51   65.23 -178.92   0.0020000
 -122.78   15.97  -20.58   0.0020000
  -58.57   95.93  174.26   0.0020000
   18.73  114.49 -170.98   0.0020000
 -153.49  134.65   -3.85   0.0020000
   95.56   60.79 -171.32   0.0020000
  -85.31  105.70   -3.15   0.0020000
  112.50  133.17  -18.42   0.0020000
    8.85   63.77    2.54   0.0020000
  -84.36   29.44   -2.64   0.0020000
   45.36   88.11  159.43   0.0020000
  148.50   42.06   -0.55   0.0020000
   -7.12  104.20  174.46   0.0020000
  -92.55   71.92 -170.18   0.0020000
 -141.06  165.46  -12.46   0.0020000
  -43.12   76.16 -170.43   0.0020000
 -173.30   64.77 -172.39   0.0020000
  -17.44  127.31 -176.27   0.0020000
   16.72  118.74 -172.68   0.0020000
 -120.82    8.05   75.58   0.0020000
 -117.48   70.57 -173.44   0.0020000
   30.64   82.03    5.64   0.0020000
   -2.50   99.49  176.89   0.0020000
   73.10   42.76  176.60   0.0020000
 -119.47   88.21  -12.35   0.0020000
  102.55  161.07  168.43   0.0020000
  -82.01  138.40    1.45   0.0020000
  -30.07  120.48 -178.00   0.0020000
 -164.36   49.00    7.52   0.0020000
  159.26   19.39   54.57   0.0020000
  -30.60  133.28    5.85   0.0020000
  169.77   73.43  178.02   0.0020000
   62.12   52.85  179.35   0.0020000
   -6.02  164.11  158.63   0.0020000
  -54.39  102.56 -177.45   0.0020000
   80.13   11.66    7.84   0.0020000
  159.26   77.30 -177.54   0.0020000
  175.01   86.20  171.28   0.0020000
   55.11   90.37  159.43   0.0020000
  -12.86  126.34   12.03   0.0020000
    2.98   69.90  -11.27   0.0020000
  170.71   60.31    1.08   0.0020000
  114.84   57.12    2.29   0.0020000
   93.98   82.07  177.49   0.0020000
    0.29  130.74 -171.24   0.0020000
  -51.54   95.54   -1.92   0.0020000
  151.73  136.95 -172.61   0.0020000
  156.80  138.47  169.95   0.0020000
   61.92   71.99  -14.74   0.0020000
  119.89  118.27  -11.61   0.0020000
 -164.55   75.75   18.49   0.0020000
   57.95   70.29   -7.98   0.0020000
 -158.86   57.30   33.62   0.0020000
  151.28   67.09    5.13   0.0020000
 -157.33  145.75  166.54   0.0020000
   33.96  138.20   76.89   0.0020000
  123.77   91.06  -10.37   0.0020000
   59.94   56.20    1.60   0.0020000
  -63.13   57.32  171.84   0.0020000
  -25.28  127.59 -167.85   0.0020000
  -12.39   76.62 -164.52   0.0020000
   46.14   27.51 -165.37   0.0020000
   25.76  138.82   19.56   0.0020000
  -58.05  118.47  170.11   0.0020000
 -125.54   70.78 -174.70   0.0020000
   82.89  134.44 -154.84   0.0020000
  154.07  118.71   -5.76   0.0020000
   90.91   70.90    6.60   0.0020000
 -104.08   44.23   -9.70   0.0020000
 -153.55  104.95    2.60   0.0020000
   40.53  114.00   -0.47   0.0020000
   -8.99   34.16   -6.20   0.0020000
   15.56  144.45   94.97   0.0020000
   62.82   72.23  179.69   0.0020000
 -112.39   66.32  173.69   0.0020000
  172.96  127.62    3.88   0.0020000
   68.46  113.56    1.56   0.0020000
   79.29   70.74  -46.23   0.0020000
 -137.70  133.03   -9.68   0.0020000
 -135.00   56.27 -171.06   0.0020000
  -53.30  174.43 -126.47   0.0020000
    8.64   82.60    1.40   0.0020000
 -119.65  100.81  167.06   0.0020000
   22.47  117.47 -154.08   0.0020000
 -125.36   24.66  -24.52   0.0020000
 -172.03  111.85 -176.86   0.0020000
  -75.23  109.75   -6.93   0.0020000
  -78.61   14.66   84.66   0.0020000
  161.02   82.99  173.50   0.0020000
  -74.77   83.38    3.58   0.0020000
   46.08  111.05  176.16   0.0020000
  -11.42  145.90  170.10   0.0020000
  158.16  164.41  144.73   0.0020000
 -177.23   16.38   91.00   0.0020000
  122.17   21.33   16.03   0.0020000
  171.27  149.92   37.94   0.0020000
  131.99  107.59    8.49   0.0020000
   99.21   34.92  160.31   0.0020000
   95.22   90.47  160.44   0.0020000
   29.39  101.92  -89.81   0.0020000
   74.68   69.01  169.16   0.0020000
  160.44  133.14   12.32   0.0020000
  -31.75  113.39   -9.24   0.0020000
   68.51   77.52    2.88   0.0020000
 -102.43   65.67   14.85   0.0020000
  -91.49   79.80 -162.08   0.0020000
  141.49  120.81  178.34   0.0020000
  -68.53  156.08  -23.03   0.0020000
    7.66  126.37    2.86   0.0020000
  144.93  108.52   25.52   0.0020000
  172.40   88.79 -173.03   0.0020000
  -14.69  149.34   23.91   0.0020000
  124.00   70.42 -179.56   0.0020000
 -130.67  105.92    7.02   0.0020000
 -167.54  122.85 -173.12   0.0020000
  106.77   61.09   14.45   0.0020000
   30.30  115.36    8.87   0.0020000
  -68.00   46.92  173.66   0.0020000
   64.53   37.38  177.25   0.0020000
  103.76   90.59  178.80   0.0020000
  103.71   69.73  175.07   0.0020000
  -54.01  115.95 -165.14   0.0020000
  -24.00  129.01   -3.06   0.0020000
 -172.77   57.32 -179.59   0.0020000
 -103.88   91.27   -6.61   0.0020000
 -109.09  114.16    2.38   0.0020000
  145.02   96.01   -7.61   0.0020000
 -177.17  113.62  170.29   0.0020000
 -165.18  107.69 -177.81   0.0020000
  -98.65  113.40  -15.09   0.0020000
   95.01   17.21  -69.05   0.0020000
   10.76   13.54   45.96   0.0020000
  114.32   86.73 -176.73   0.0020000
  -93.39  144.61  157.22   0.0020000
  -78.34   59.19 -169.78   0.0020000
  153.93  126.30  166.69   0.0020000
  140.40   67.14    3.10   0.0020000
  178.41   73.31 -175.34   0.0020000
   14.17  119.91   16.84   0.0020000
 -167.51   99.98 -173.35   0.0020000
  130.68   71.04  -18.03   0.0020000
  173.71   36.20  -22.17   0.0020000
  113.69   51.03   -9.56   0.0020000
  -45.04  118.75   -5.07   0.0020000
  -77.24   88.31   34.32   0.0020000
  -57.88   86.40  172.83   0.0020000
   72.31   98.66   -0.12   0.0020000
  142.82  125.45 -178.31   0.0020000
  -15.76  173.95   25.96   0.0020000
   41.78  123.14 -176.58   0.0020000
  -99.29   68.26    2.22   0.0020000
  102.43  118.93  179.29   0.0020000
    0.46  117.71    5.97   0.0020000
    9.98  111.11 -168.41   0.0020000
  129.47   46.98 -151.08   0.0020000
  -28.86   99.21   -2.84   0.0020000
   30.95   71.84  -14.44   0.0020000
  140.86  117.19   -0.66   0.0020000
 -100.90  101.51   -0.23   0.0020000
  121.30   12.72   26.22   0.0020000
  -34.93  132.21  -11.59   0.0020000
  -38.48   23.42 -150.97   0.0020000
 -150.72   62.44    1.02   0.0020000
  -92.83  138.46 -174.09   0.0020000
   25.19   85.93  178.34   0.0020000
   -2.55  143.42 -179.41   0.0020000
  102.87   88.41  -12.39   0.0020000
    6.90  111.28 -170.88   0.0020000
   34.87   49.49 -176.26   0.0020000
   22.23   78.63 -176.02   0.0020000
 -159.18   76.35  177.99   0.0020000
  110.31  130.37   -4.45   0.0020000
 -160.54   85.93    4.18   0.0020000
 -151.06   70.51 -171.81   0.0020000
   -2.74  137.48  -10.52   0.0020000
  -44.75   85.59  177.57   0.0020000
  140.23   78.82 -173.72   0.0020000
  -31.12  103.87 -179.71   0.0020000
  -14.12   79.61    3.77   0.0020000
 -103.94   56.21 -176.07   0.0020000
 -144.61   76.33 -112.53   0.0020000
  -42.32   35.36 -136.92   0.0020000
  -10.01   82.71    3.68   0.0020000
  117.79  174.32   39.22   0.0020000
  170.77   47.44   14.14   0.0020000
 -155.05  129.40  175.29   0.0020000
 -139.94  110.09  154.37   0.0020000
  142.05  118.06 -158.83   0.0020000
 -111.82   96.45  174.86   0.0020000
   82.88   63.52 -159.62   0.0020000
 -133.81   88.59 -177.59   0.0020000
   21.60   83.79   -0.86   0.0020000
   55.07   11.14  -97.38   0.0020000
  -43.80  141.89    9.27   0.0020000
  -58.20  175.11  -83.38   0.0020000
  -29.28   28.31  -98.98   0.0020000
  -99.24  132.69   16.65   0.0020000
 -131.12  101.57 -174.31   0.0020000
   78.62  122.09 -174.30   0.0020000
 -138.09  122.29   10.69   0.0020000
  -75.99   98.98  178.56   0.0020000
  -94.40  159.10   93.00   0.0020000
  119.41   20.67  -89.96   0.0020000
  -91.21   76.26 -179.14   0.0020000
  -39.48   76.31  178.85   0.0020000
  -32.45   45.43  168.14   0.0020000
  176.17   53.38    5.09   0.0020000
  -91.56  112.46 -179.89   0.0020000
   17.82  105.82    7.53   0.0020000
   49.21  131.16   -8.39   0.0020000
  108.26  107.73 -169.58   0.0020000
 -119.61   77.67 -178.11   0.0020000
  -90.45   83.45  -23.36   0.0020000
  -81.11  145.24   10.96   0.0020000
   99.65   20.05  155.60   0.0020000
 -107.45  119.02  177.93   0.0020000
  -50.25   51.23   -8.70   0.0020000
  -31.50  121.79    1.09   0.0020000
 -101.86  124.51    0.45   0.0020000
 -150.69   91.12  -13.05   0.0020000
  -82.54  121.95 -162.82   0.0020000
  -28.11  113.04  169.48   0.0020000
  155.73  143.82 -168.40   0.0020000
  -89.27  122.71  -13.69   0.0020000
  -72.53  107.04  168.20   0.0020000
  -66.10  120.20  170.60   0.0020000
   39.62  142.43  -14.90   0.0020000
 -108.06  110.69   -2.76   0.0020000
 -177.94  104.19    2.97   0.0020000
  143.08  120.75  178.53   0.0020000
   26.12  119.68    9.30   0.0020000
  -81.32  128.39  -10.78   0.0020000
  134.96   67.20   -8.53   0.0020000
 -136.56  124.75 -174.56   0.0020000
   63.30   18.08  106.40   0.0020000
 -140.17  128.37 -178.35   0.0020000
  -81.69  112.58   -9.60   0.0020000
   82.65  162.57  126.60   0.0020000
  157.24   72.70   13.78   0.0020000
  -42.38  105.28 -174.15   0.0020000
   23.66   39.31 -175.36   0.0020000
 -115.25  141.91   13.86   0.0020000
  -16.73   57.00  174.25   0.0020000
   71.82   76.36 -174.67   0.0020000
  -64.65   71.18    1.21   0.0020000
 -149.00  168.75  -21.16   0.0020000
  -39.61   67.03  173.82   0.0020000
  130.26  102.86 -173.26   0.0020000
 -106.99   73.78  173.92   0.0020000
 -107.47  139.96  172.65   0.0020000
 -134.35  111.21  177.98   0.0020000
   24.28   76.85   -1.49   0.0020000
   -8.04   37.32  168.66   0.0020000
   30.86   21.04   15.44   0.0020000
 -156.05  101.26    0.35   0.0020000
  -85.26  155.69    2.27   0.0020000
  -39.82   91.65 -164.11   0.0020000
  -50.61   86.07  178.70   0.0020000
 -122.29   80.88  176.85   0.0020000
  163.43   99.71 -175.45   0.0020000
 -105.90  138.48   72.83   0.0020000
   74.09  139.64  162.43   0.0020000
  -37.91  111.06  169.77   0.0020000
  148.02   34.11  163.30   0.0020000
 -144.81  115.24  176.20   0.0020000
 -113.50   65.74 -178.54   0.0020000
   59.31   98.53 -176.40   0.0020000
   -3.82   75.76   18.94   0.0020000
  -77.79   45.92   18.76   0.0020000
  -47.98   83.81 -174.55   0.0020000
 -170.71   91.68    4.35   0.0020000
   -9.12  126.42    3.07   0.0020000
  123.97   67.77 -152.71   0.0020000
  -38.58   85.50  174.89   0.0020000
   78.44  122.11 -172.88   0.0020000
  -10.68   55.02 -179.89   0.0020000
  -32.25   83.19 -149.09   0.0020000
   32.30  148.77  163.72   0.0020000
    9.16  105.24    5.89   0.0020000
  107.38   85.26   -1.28   0.0020000
  177.60   82.44    6.05   0.0020000
  -67.46  106.46   15.21   0.0020000
   63.23  131.14  -48.96   0.0020000
   57.29  162.36   13.95   0.0020000
 -116.85   66.81   -1.04   0.0020000
   -0.51  161.21   53.17   0.0020000
 -131.71   23.18  119.95   0.0020000
   43.13  143.96  170.77   0.0020000
   74.10   99.84 -175.67   0.0020000
  -39.32  111.97 -165.01   0.0020000
 -173.28  108.40   -7.44   0.0020000
  129.27   59.30    2.01   0.0020000
   59.49  109.04 -173.66   0.0020000
  130.82   43.89   12.16   0.0020000
   -0.66  122.65    0.88   0.0020000
  100.53   96.79    7.11   0.0020000
  157.62  116.31 -176.20   0.0020000
   73.89   84.16    1.88   0.0020000
 -179.06  123.49    2.38   0.0020000
   68.92   67.54 -174.20   0.0020000
 -163.95  114.57    7.41   0.0020000
   86.99  150.92 -160.60   0.0020000
 -114.31   94.99   10.31   0.0020000
   -3.56  125.03  170.89   0.0020000
   67.91  128.84 -147.07   0.0020000
  145.45   52.04 -177.25   0.0020000
 -104.24   91.31  178.41   0.0020000
   12.44   99.25   -4.20   0.0020000
  -59.30   42.25   14.55   0.0020000
 -148.81   99.40    7.67   0.0020000
  -66.63   42.20 -173.56   0.0020000
  148.12   80.77  145.31   0.0020000
  -81.08  125.78   28.84   0.0020000
  161.85  103.98  179.42   0.0020000
 -128.75  127.75  -15.20   0.0020000
  143.56   71.73 -175.63   0.0020000
  171.46  119.37   -0.16   0.0020000
   21.61   90.93 -164.32   0.0020000
  113.12   81.27  170.41   0.0020000
  -49.12  132.45    1.28   0.0020000
  -50.16   97.53 -177.96   0.0020000
  153.91  122.08   -2.52   0.0020000
  107.49   66.72  177.08   0.0020000
 -152.17   50.74  -12.51   0.0020000
 -117.03    9.21  -33.97   0.0020000
    9.49  168.81  -84.24   0.0020000
   44.89   26.17  -57.05   0.0020000
 -151.29  149.17 -171.26   0.0020000
  -50.50   40.28  -18.14   0.0020000
   22.02   27.00  -13.83   0.0020000
   -5.03   24.77   35.80   0.0020000
 -123.65   16.15  -53.47   0.0020000
   51.80  136.14  168.91   0.0020000
 -139.81  123.59  176.32   0.0020000
  132.25   30.70  167.94   0.0020000
  -78.35  111.80   -4.48   0.0020000
   35.51   92.05  178.97   0.0020000
   14.94  101.78   -9.40   0.0020000
  116.95   58.17 -172.10   0.0020000
 -156.01  141.07  169.51   0.0020000
  124.10   99.73  164.74   0.0020000
  175.19  133.16  176.98   0.0020000
  133.11   93.38  -16.03   0.0020000
 -108.10  107.64  -21.76   0.0020000
  115.43   61.25  175.40   0.0020000
   64.61   57.05   24.75   0.0020000
  158.99  135.81 -170.62   0.0020000
  -42.75  156.20  -21.51   0.0020000
 -138.62   41.49 -165.64   0.0020000
  107.47   62.35    5.25   0.0020000
   38.20   48.36  -15.30   0.0020000
   33.40    9.54  -36.90   0.0020000
 -132.72    8.17  101.77   0.0020000
 -164.62   94.68    4.63   0.0020000
 -165.85   50.91   -4.80   0.0020000
   66.44   73.85 -176.65   0.0020000
 -140.95  100.42  -10.88   0.0020000
 -173.47  166.83  -93.97   0.0020000
 -132.41  108.81 -177.42   0.0020000
 -128.23   71.86  175.78   0.0020000
  -81.94   76.35   10.80   0.0020000
 -170.39  106.11   11.84   0.0020000
  163.30  131.12   -4.15   0.0020000
  -14.58   53.75 -161.84   0.0020000
    8.28   86.62 -147.62   0.0020000
  127.84  173.23  -92.23   0.0020000
    2.33   68.31 -176.00   0.0020000
  -75.69  100.61    5.39   0.0020000
  -48.95   83.26 -174.23   0.0020000
 -172.10   59.57 -175.36   0.0020000
  -16.55  178.18 -140.53   0.0020000
   95.78  119.91  175.40   0.0020000
  109.37   89.31 -176.92   0.0020000
  -13.63  115.06 -175.44   0.0020000
   86.86  153.99 -160.68   0.0020000
   18.60   54.32   13.57   0.0020000
 -100.79  102.46  176.50   0.0020000
 -149.64  108.15   -0.69   0.0020000
 -126.79  135.80  -19.18   0.0020000
  -43.56  133.78  174.83   0.0020000
   17.94   74.46    4.03   0.0020000
 -173.70  165.07  111.97   0.0020000
   79.23   70.00 -173.83   0.0020000
  149.15  117.23 -177.16   0.0020000
  -79.70    8.71 -101.07   0.0020000
  166.01  103.11   -5.57   0.0020000
   69.54   32.08 -175.85   0.0020000
   33.32   54.83  170.13   0.0020000
 -147.40   67.36   -1.01   0.0020000
  -92.78   69.03  175.76   0.0020000
 -147.34   85.90    3.40   0.0020000
  129.59  146.67  145.08   0.0020000
   57.76  100.21   -4.38   0.0020000
    2.63   80.35    7.91   0.0020000
   25.71  124.36  165.40   0.0020000
   16.07  148.93 -176.62   0.0020000
  -37.30  146.72  166.24   0.0020000
 -159.88   53.70 -178.62   0.0020000
  107.61  118.46  -19.04   0.0020000
  -67.12   99.54  176.84   0.0020000
  120.57    9.14  107.75   0.0020000
  154.01   45.47   -2.75   0.0020000
   54.36  113.21   10.19   0.0020000
  154.09   59.89    3.46   0.0020000
  163.51   99.06 -174.00   0.0020000
 -130.68   37.46 -172.46   0.0020000
   92.56  128.80 -165.73   0.0020000
 -122.24   53.87  -10.07   0.0020000
 -139.85   42.46  158.91   0.0020000
  175.58   64.59   22.05   0.0020000
  -57.38   72.66 -175.10   0.0020000
   36.49   99.07  167.13   0.0020000
 -153.39   68.33   14.80   0.0020000
    0.01   98.27   -5.15   0.0020000
  -45.24  126.41    5.73   0.0020000
    8.63   33.29  161.21   0.0020000
   11.64  163.93   93.14   0.0020000
 -113.76   34.30 -176.72   0.0020000
  -49.97   83.36  171.28   0.0020000
  -20.53   70.01    1.03   0.0020000
   41.71  119.61  177.18   0.0020000
  -94.28  122.12   -6.08   0.0020000
  113.21   26.19  172.39   0.0020000
  -69.87  156.20 -144.96   0.0020000
   40.46  110.26 -168.06   0.0020000
 -101.99  126.54  -18.30   0.0020000
   55.92  166.79  159.76   0.0020000
  -98.73  116.64    2.55   0.0020000
  -63.59   74.01    4.85   0.0020000
  -88.06  126.64   -4.96   0.0020000
 -133.12   48.54 -172.40   0.0020000
  -14.07   68.78  172.20   0.0020000
   36.70   85.37    1.15   0.0020000
 -177.46  113.74 -166.36   0.0020000
   27.64   66.28   -1.33   0.0020000
  174.02   45.19 -176.63   0.0020000
  112.22   85.81 -177.24   0.0020000
 -134.31   45.82  170.80   0.0020000
  -99.66   84.86  176.80   0.0020000
  129.45  113.80  166.05   0.0020000
  111.73  151.69 -170.72   0.0020000
 -128.57   99.89    1.66   0.0020000
 -102.24   33.36   37.81   0.0020000
   76.14   16.20   52.71   0.0020000
 -166.72  139.95   -3.34   0.0020000
 -165.00   92.40   -9.38   0.0020000
  -57.02  105.10   -0.06   0.0020000
  105.09   83.96   -2.19   0.0020000
   10.05  117.52   11.03   0.0020000
  -28.59  118.64    9.56   0.0020000
 -117.44   98.04  -18.36   0.0020000
