          Evm          Svm          E11          E22          E33          E23          E13          E12             SCAU11       SCAU22       SCAU33       SCAU23       SCAU13       SCAU12      TEMP      TIME    TAYLAV      WORKAV
  0.00000E+00  0.64309E+02     0.00000E+00  0.00000E+00  0.00000E+00  0.00000E+00  0.00000E+00  0.00000E+00    -0.64307E+02  0.00000E+00  0.00000E+00  0.21858E-01 -0.96924E-01  0.25098E+00      598.      0.00     2.121  0.5651E+00
  0.99997E-02  0.74251E+02    -0.10000E-01  0.18157E-02  0.81843E-02  0.00000E+00  0.00000E+00  0.00000E+00    -0.74249E+02  0.00000E+00  0.00000E+00  0.25482E-01 -0.10921E+00  0.27577E+00      598.     10.00     2.110  0.1220E+01
  0.19999E-01  0.77874E+02    -0.20000E-01  0.36119E-02  0.16388E-01  0.00000E+00  0.00000E+00  0.00000E+00    -0.77873E+02  0.00000E+00  0.00000E+00  0.27516E-01 -0.11585E+00  0.26937E+00      598.     20.00     2.104  0.1905E+01
  0.29999E-01  0.79639E+02    -0.30000E-01  0.54006E-02  0.24599E-01  0.00000E+00  0.00000E+00  0.00000E+00    -0.79637E+02  0.00000E+00  0.00000E+00  0.28225E-01 -0.12116E+00  0.25532E+00      598.     30.00     2.098  0.2606E+01
  0.39999E-01  0.80699E+02    -0.40000E-01  0.71788E-02  0.32821E-01  0.00000E+00  0.00000E+00  0.00000E+00    -0.80698E+02  0.00000E+00  0.00000E+00  0.29417E-01 -0.12779E+00  0.23936E+00      598.     40.00     2.093  0.3315E+01
  0.49999E-01  0.81308E+02    -0.50000E-01  0.89496E-02  0.41050E-01  0.00000E+00  0.00000E+00  0.00000E+00    -0.81307E+02  0.00000E+00  0.00000E+00  0.31255E-01 -0.13574E+00  0.22296E+00      598.     50.00     2.087  0.4029E+01
  0.59999E-01  0.81698E+02    -0.60000E-01  0.10712E-01  0.49288E-01  0.00000E+00  0.00000E+00  0.00000E+00    -0.81697E+02  0.00000E+00  0.00000E+00  0.27639E-01 -0.14252E+00  0.19937E+00      598.     60.00     2.081  0.4745E+01
  0.69999E-01  0.81963E+02    -0.70000E-01  0.12466E-01  0.57534E-01  0.00000E+00  0.00000E+00  0.00000E+00    -0.81962E+02  0.00000E+00  0.00000E+00  0.26870E-01 -0.15145E+00  0.18411E+00      598.     70.00     2.076  0.5463E+01
  0.79998E-01  0.82092E+02    -0.80000E-01  0.14214E-01  0.65786E-01  0.00000E+00  0.00000E+00  0.00000E+00    -0.82091E+02  0.00000E+00  0.00000E+00  0.34860E-01 -0.17234E+00  0.15815E+00      598.     80.00     2.071  0.6183E+01
  0.89998E-01  0.82222E+02    -0.90000E-01  0.15956E-01  0.74044E-01  0.00000E+00  0.00000E+00  0.00000E+00    -0.82221E+02  0.00000E+00  0.00000E+00  0.35184E-01 -0.18310E+00  0.14515E+00      598.     90.00     2.066  0.6903E+01
  0.99998E-01  0.82286E+02    -0.10000E+00  0.17693E-01  0.82307E-01  0.00000E+00  0.00000E+00  0.00000E+00    -0.82285E+02  0.00000E+00  0.00000E+00  0.35449E-01 -0.19310E+00  0.13686E+00      598.    100.00     2.061  0.7623E+01
  0.11000E+00  0.82312E+02    -0.11000E+00  0.19427E-01  0.90573E-01  0.00000E+00  0.00000E+00  0.00000E+00    -0.82311E+02  0.00000E+00  0.00000E+00  0.35388E-01 -0.20247E+00  0.13176E+00      598.    110.00     2.056  0.8343E+01
  0.12000E+00  0.82312E+02    -0.12000E+00  0.21158E-01  0.98842E-01  0.00000E+00  0.00000E+00  0.00000E+00    -0.82311E+02  0.00000E+00  0.00000E+00  0.34896E-01 -0.21114E+00  0.12979E+00      598.    120.00     2.052  0.9062E+01
  0.13000E+00  0.82296E+02    -0.13000E+00  0.22887E-01  0.10711E+00  0.00000E+00  0.00000E+00  0.00000E+00    -0.82294E+02  0.00000E+00  0.00000E+00  0.33958E-01 -0.21922E+00  0.13094E+00      598.    130.00     2.048  0.9780E+01
  0.14000E+00  0.82268E+02    -0.14000E+00  0.24615E-01  0.11539E+00  0.00000E+00  0.00000E+00  0.00000E+00    -0.82266E+02  0.00000E+00  0.00000E+00  0.32621E-01 -0.22699E+00  0.13495E+00      598.    140.00     2.044  0.1050E+02
  0.15000E+00  0.82233E+02    -0.15000E+00  0.26343E-01  0.12366E+00  0.00000E+00  0.00000E+00  0.00000E+00    -0.82232E+02  0.00000E+00  0.00000E+00  0.30953E-01 -0.23453E+00  0.14144E+00      598.    150.00     2.041  0.1121E+02
  0.16000E+00  0.82195E+02    -0.16000E+00  0.28074E-01  0.13193E+00  0.00000E+00  0.00000E+00  0.00000E+00    -0.82194E+02  0.00000E+00  0.00000E+00  0.29041E-01 -0.24153E+00  0.14984E+00      598.    160.00     2.038  0.1193E+02
  0.17000E+00  0.82158E+02    -0.17000E+00  0.29807E-01  0.14019E+00  0.00000E+00  0.00000E+00  0.00000E+00    -0.82156E+02  0.00000E+00  0.00000E+00  0.26975E-01 -0.24723E+00  0.15958E+00      598.    170.00     2.035  0.1265E+02
  0.18000E+00  0.82122E+02    -0.18000E+00  0.31544E-01  0.14846E+00  0.00000E+00  0.00000E+00  0.00000E+00    -0.82120E+02  0.00000E+00  0.00000E+00  0.24875E-01 -0.25068E+00  0.17020E+00      598.    180.00     2.033  0.1336E+02
  0.19000E+00  0.82071E+02    -0.19000E+00  0.33287E-01  0.15671E+00  0.00000E+00  0.00000E+00  0.00000E+00    -0.82069E+02  0.00000E+00  0.00000E+00  0.20679E-01 -0.24836E+00  0.17791E+00      598.    190.00     2.031  0.1407E+02
  0.20000E+00  0.82071E+02    -0.20000E+00  0.35038E-01  0.16496E+00  0.00000E+00  0.00000E+00  0.00000E+00    -0.82070E+02  0.00000E+00  0.00000E+00  0.17849E-01 -0.24472E+00  0.18200E+00      598.    200.00     2.030  0.1478E+02
  0.21000E+00  0.82062E+02    -0.21000E+00  0.36800E-01  0.17320E+00  0.00000E+00  0.00000E+00  0.00000E+00    -0.82060E+02  0.00000E+00  0.00000E+00  0.18714E-01 -0.24243E+00  0.19105E+00      598.    210.00     2.029  0.1549E+02
  0.22000E+00  0.82009E+02    -0.22000E+00  0.38577E-01  0.18142E+00  0.00000E+00  0.00000E+00  0.00000E+00    -0.82008E+02  0.00000E+00  0.00000E+00  0.14687E-01 -0.23703E+00  0.20525E+00      598.    220.00     2.028  0.1620E+02
  0.23000E+00  0.82014E+02    -0.23000E+00  0.40366E-01  0.18963E+00  0.00000E+00  0.00000E+00  0.00000E+00    -0.82012E+02  0.00000E+00  0.00000E+00  0.14892E-01 -0.23014E+00  0.21750E+00      598.    230.00     2.028  0.1691E+02
  0.24000E+00  0.82057E+02    -0.24000E+00  0.42172E-01  0.19783E+00  0.00000E+00  0.00000E+00  0.00000E+00    -0.82055E+02  0.00000E+00  0.00000E+00  0.23612E-01 -0.22208E+00  0.23121E+00      598.    240.00     2.029  0.1762E+02
  0.25000E+00  0.82081E+02    -0.25000E+00  0.43996E-01  0.20600E+00  0.00000E+00  0.00000E+00  0.00000E+00    -0.82079E+02  0.00000E+00  0.00000E+00  0.27152E-01 -0.21202E+00  0.24669E+00      598.    250.00     2.030  0.1833E+02
  0.26000E+00  0.82102E+02    -0.26000E+00  0.45840E-01  0.21416E+00  0.00000E+00  0.00000E+00  0.00000E+00    -0.82100E+02  0.00000E+00  0.00000E+00  0.30915E-01 -0.20094E+00  0.26232E+00      598.    260.00     2.032  0.1904E+02
  0.27000E+00  0.82073E+02    -0.27000E+00  0.47705E-01  0.22230E+00  0.00000E+00  0.00000E+00  0.00000E+00    -0.82071E+02  0.00000E+00  0.00000E+00  0.31030E-01 -0.18856E+00  0.27679E+00      598.    270.00     2.033  0.1974E+02
  0.27999E+00  0.82179E+02    -0.28000E+00  0.49589E-01  0.23041E+00  0.00000E+00  0.00000E+00  0.00000E+00    -0.82177E+02  0.00000E+00  0.00000E+00  0.41639E-01 -0.17573E+00  0.29099E+00      598.    280.00     2.035  0.2045E+02
  0.28999E+00  0.82241E+02    -0.29000E+00  0.51500E-01  0.23850E+00  0.00000E+00  0.00000E+00  0.00000E+00    -0.82239E+02  0.00000E+00  0.00000E+00  0.48182E-01 -0.16191E+00  0.30267E+00      598.    290.00     2.038  0.2115E+02
  0.29999E+00  0.82287E+02    -0.30000E+00  0.53436E-01  0.24656E+00  0.00000E+00  0.00000E+00  0.00000E+00    -0.82285E+02  0.00000E+00  0.00000E+00  0.57885E-01 -0.14815E+00  0.31159E+00      598.    300.00     2.041  0.2186E+02
