    EPSACU     EPSVM   EPSctrl    RHOforest     RHOreverse      RHOtotal       RHOmod1       RHOmod2
    0.0010    0.0010    0.0010    0.9958E+09    0.3094E+12    0.3104E+12    0.1663E+12    0.1441E+12
    0.0020    0.0020    0.0020    0.1767E+10    0.6216E+12    0.6234E+12    0.3257E+12    0.2977E+12
    0.0030    0.0030    0.0030    0.2545E+10    0.9344E+12    0.9369E+12    0.4823E+12    0.4546E+12
    0.0040    0.0040    0.0040    0.3329E+10    0.1247E+13    0.1251E+13    0.6373E+12    0.6134E+12
    0.0050    0.0050    0.0050    0.4119E+10    0.1560E+13    0.1564E+13    0.7908E+12    0.7737E+12
    0.0060    0.0060    0.0060    0.4914E+10    0.1873E+13    0.1878E+13    0.9431E+12    0.9349E+12
    0.0070    0.0070    0.0070    0.5714E+10    0.2186E+13    0.2191E+13    0.1094E+13    0.1097E+13
    0.0080    0.0080    0.0080    0.6519E+10    0.2498E+13    0.2504E+13    0.1245E+13    0.1259E+13
    0.0090    0.0090    0.0090    0.7328E+10    0.2809E+13    0.2816E+13    0.1394E+13    0.1422E+13
    0.0100    0.0100    0.0100    0.8142E+10    0.3120E+13    0.3128E+13    0.1543E+13    0.1585E+13
    0.0110    0.0110    0.0110    0.8960E+10    0.3431E+13    0.3440E+13    0.1691E+13    0.1748E+13
    0.0120    0.0120    0.0120    0.9783E+10    0.3741E+13    0.3750E+13    0.1839E+13    0.1912E+13
    0.0130    0.0130    0.0130    0.1061E+11    0.4050E+13    0.4061E+13    0.1986E+13    0.2075E+13
    0.0140    0.0140    0.0140    0.1144E+11    0.4359E+13    0.4370E+13    0.2132E+13    0.2239E+13
    0.0150    0.0150    0.0150    0.1228E+11    0.4667E+13    0.4679E+13    0.2278E+13    0.2402E+13
    0.0160    0.0160    0.0160    0.1312E+11    0.4975E+13    0.4988E+13    0.2423E+13    0.2565E+13
    0.0170    0.0170    0.0170    0.1396E+11    0.5282E+13    0.5296E+13    0.2567E+13    0.2728E+13
    0.0180    0.0180    0.0180    0.1481E+11    0.5588E+13    0.5603E+13    0.2711E+13    0.2891E+13
    0.0190    0.0190    0.0190    0.1567E+11    0.5893E+13    0.5909E+13    0.2855E+13    0.3054E+13
    0.0200    0.0200    0.0200    0.1653E+11    0.6198E+13    0.6215E+13    0.2998E+13    0.3217E+13
    0.0210    0.0210    0.0210    0.1739E+11    0.6502E+13    0.6520E+13    0.3141E+13    0.3379E+13
    0.0220    0.0220    0.0220    0.1825E+11    0.6806E+13    0.6824E+13    0.3283E+13    0.3541E+13
    0.0230    0.0230    0.0230    0.1913E+11    0.7108E+13    0.7128E+13    0.3424E+13    0.3703E+13
    0.0240    0.0240    0.0240    0.2000E+11    0.7410E+13    0.7430E+13    0.3565E+13    0.3865E+13
    0.0250    0.0250    0.0250    0.2088E+11    0.7711E+13    0.7732E+13    0.3706E+13    0.4026E+13
    0.0260    0.0260    0.0260    0.2176E+11    0.8012E+13    0.8033E+13    0.3846E+13    0.4187E+13
    0.0270    0.0270    0.0270    0.2265E+11    0.8311E+13    0.8334E+13    0.3986E+13    0.4348E+13
    0.0280    0.0280    0.0280    0.2354E+11    0.8610E+13    0.8633E+13    0.4125E+13    0.4508E+13
    0.0290    0.0290    0.0290    0.2444E+11    0.8907E+13    0.8932E+13    0.4264E+13    0.4668E+13
    0.0300    0.0300    0.0300    0.2534E+11    0.9204E+13    0.9230E+13    0.4403E+13    0.4827E+13
    0.0310    0.0310    0.0310    0.2625E+11    0.9501E+13    0.9527E+13    0.4541E+13    0.4986E+13
    0.0320    0.0320    0.0320    0.2716E+11    0.9796E+13    0.9823E+13    0.4678E+13    0.5145E+13
    0.0330    0.0330    0.0330    0.2807E+11    0.1009E+14    0.1012E+14    0.4816E+13    0.5303E+13
    0.0340    0.0340    0.0340    0.2899E+11    0.1038E+14    0.1041E+14    0.4953E+13    0.5461E+13
    0.0350    0.0350    0.0350    0.2991E+11    0.1068E+14    0.1071E+14    0.5089E+13    0.5618E+13
    0.0360    0.0360    0.0360    0.3084E+11    0.1097E+14    0.1100E+14    0.5225E+13    0.5775E+13
    0.0370    0.0370    0.0370    0.3177E+11    0.1126E+14    0.1129E+14    0.5361E+13    0.5932E+13
    0.0380    0.0380    0.0380    0.3270E+11    0.1155E+14    0.1158E+14    0.5496E+13    0.6088E+13
    0.0390    0.0390    0.0390    0.3364E+11    0.1184E+14    0.1187E+14    0.5631E+13    0.6243E+13
    0.0400    0.0400    0.0400    0.3459E+11    0.1213E+14    0.1216E+14    0.5765E+13    0.6398E+13
    0.0410    0.0410    0.0410    0.3554E+11    0.1242E+14    0.1245E+14    0.5899E+13    0.6553E+13
    0.0420    0.0420    0.0420    0.3649E+11    0.1270E+14    0.1274E+14    0.6033E+13    0.6708E+13
    0.0430    0.0430    0.0430    0.3745E+11    0.1299E+14    0.1303E+14    0.6166E+13    0.6861E+13
    0.0440    0.0440    0.0440    0.3841E+11    0.1328E+14    0.1331E+14    0.6299E+13    0.7014E+13
    0.0450    0.0450    0.0450    0.3938E+11    0.1356E+14    0.1360E+14    0.6432E+13    0.7167E+13
    0.0460    0.0460    0.0460    0.4035E+11    0.1384E+14    0.1388E+14    0.6564E+13    0.7320E+13
    0.0470    0.0470    0.0470    0.4132E+11    0.1413E+14    0.1417E+14    0.6696E+13    0.7471E+13
    0.0480    0.0480    0.0480    0.4230E+11    0.1441E+14    0.1445E+14    0.6827E+13    0.7623E+13
    0.0490    0.0490    0.0490    0.4329E+11    0.1469E+14    0.1473E+14    0.6959E+13    0.7774E+13
    0.0500    0.0500    0.0500    0.4428E+11    0.1497E+14    0.1501E+14    0.7089E+13    0.7924E+13
    0.0510    0.0510    0.0510    0.4527E+11    0.1525E+14    0.1529E+14    0.7220E+13    0.8074E+13
    0.0520    0.0520    0.0520    0.4627E+11    0.1553E+14    0.1557E+14    0.7350E+13    0.8223E+13
    0.0530    0.0530    0.0530    0.4727E+11    0.1580E+14    0.1585E+14    0.7480E+13    0.8373E+13
    0.0540    0.0540    0.0540    0.4828E+11    0.1608E+14    0.1613E+14    0.7609E+13    0.8521E+13
    0.0550    0.0550    0.0550    0.4929E+11    0.1636E+14    0.1641E+14    0.7738E+13    0.8669E+13
    0.0560    0.0560    0.0560    0.5031E+11    0.1663E+14    0.1668E+14    0.7866E+13    0.8816E+13
    0.0570    0.0570    0.0570    0.5133E+11    0.1691E+14    0.1696E+14    0.7995E+13    0.8963E+13
    0.0580    0.0580    0.0580    0.5236E+11    0.1718E+14    0.1723E+14    0.8122E+13    0.9109E+13
    0.0590    0.0590    0.0590    0.5339E+11    0.1745E+14    0.1751E+14    0.8250E+13    0.9255E+13
    0.0600    0.0600    0.0600    0.5443E+11    0.1772E+14    0.1778E+14    0.8377E+13    0.9401E+13
    0.0610    0.0610    0.0610    0.5547E+11    0.1799E+14    0.1805E+14    0.8504E+13    0.9546E+13
    0.0620    0.0620    0.0620    0.5651E+11    0.1826E+14    0.1832E+14    0.8631E+13    0.9690E+13
    0.0630    0.0630    0.0630    0.5756E+11    0.1853E+14    0.1859E+14    0.8757E+13    0.9834E+13
    0.0640    0.0640    0.0640    0.5862E+11    0.1880E+14    0.1886E+14    0.8883E+13    0.9977E+13
    0.0650    0.0650    0.0650    0.5968E+11    0.1907E+14    0.1913E+14    0.9008E+13    0.1012E+14
    0.0660    0.0660    0.0660    0.6074E+11    0.1934E+14    0.1940E+14    0.9134E+13    0.1026E+14
    0.0670    0.0670    0.0670    0.6181E+11    0.1960E+14    0.1966E+14    0.9259E+13    0.1040E+14
    0.0680    0.0680    0.0680    0.6289E+11    0.1987E+14    0.1993E+14    0.9383E+13    0.1055E+14
    0.0690    0.0690    0.0690    0.6397E+11    0.2013E+14    0.2019E+14    0.9507E+13    0.1069E+14
    0.0700    0.0700    0.0700    0.6505E+11    0.2039E+14    0.2046E+14    0.9631E+13    0.1083E+14
    0.0710    0.0710    0.0710    0.6615E+11    0.2066E+14    0.2072E+14    0.9755E+13    0.1097E+14
    0.0720    0.0720    0.0720    0.6724E+11    0.2092E+14    0.2098E+14    0.9878E+13    0.1111E+14
    0.0730    0.0730    0.0730    0.6834E+11    0.2118E+14    0.2125E+14    0.1000E+14    0.1125E+14
    0.0740    0.0740    0.0740    0.6945E+11    0.2144E+14    0.2151E+14    0.1012E+14    0.1138E+14
    0.0750    0.0750    0.0750    0.7056E+11    0.2170E+14    0.2177E+14    0.1025E+14    0.1152E+14
    0.0760    0.0760    0.0760    0.7167E+11    0.2195E+14    0.2203E+14    0.1037E+14    0.1166E+14
    0.0770    0.0770    0.0770    0.7279E+11    0.2221E+14    0.2229E+14    0.1049E+14    0.1180E+14
    0.0780    0.0780    0.0780    0.7392E+11    0.2247E+14    0.2254E+14    0.1061E+14    0.1193E+14
    0.0790    0.0790    0.0790    0.7505E+11    0.2272E+14    0.2280E+14    0.1073E+14    0.1207E+14
    0.0800    0.0800    0.0800    0.7619E+11    0.2298E+14    0.2306E+14    0.1085E+14    0.1220E+14
    0.0810    0.0810    0.0810    0.7733E+11    0.2323E+14    0.2331E+14    0.1097E+14    0.1234E+14
    0.0820    0.0820    0.0820    0.7847E+11    0.2349E+14    0.2357E+14    0.1109E+14    0.1247E+14
    0.0830    0.0830    0.0830    0.7963E+11    0.2374E+14    0.2382E+14    0.1121E+14    0.1261E+14
    0.0840    0.0840    0.0840    0.8078E+11    0.2399E+14    0.2407E+14    0.1133E+14    0.1274E+14
    0.0850    0.0850    0.0850    0.8195E+11    0.2424E+14    0.2432E+14    0.1145E+14    0.1287E+14
    0.0860    0.0860    0.0860    0.8312E+11    0.2449E+14    0.2458E+14    0.1157E+14    0.1301E+14
    0.0870    0.0870    0.0870    0.8429E+11    0.2474E+14    0.2483E+14    0.1169E+14    0.1314E+14
    0.0880    0.0880    0.0880    0.8547E+11    0.2499E+14    0.2508E+14    0.1181E+14    0.1327E+14
    0.0890    0.0890    0.0890    0.8665E+11    0.2524E+14    0.2532E+14    0.1193E+14    0.1340E+14
    0.0900    0.0900    0.0900    0.8784E+11    0.2548E+14    0.2557E+14    0.1204E+14    0.1353E+14
    0.0910    0.0910    0.0910    0.8904E+11    0.2573E+14    0.2582E+14    0.1216E+14    0.1366E+14
    0.0920    0.0920    0.0920    0.9024E+11    0.2598E+14    0.2607E+14    0.1228E+14    0.1379E+14
    0.0930    0.0930    0.0930    0.9144E+11    0.2622E+14    0.2631E+14    0.1239E+14    0.1392E+14
    0.0940    0.0940    0.0940    0.9266E+11    0.2646E+14    0.2656E+14    0.1251E+14    0.1405E+14
    0.0950    0.0950    0.0950    0.9387E+11    0.2671E+14    0.2680E+14    0.1263E+14    0.1417E+14
    0.0960    0.0960    0.0960    0.9510E+11    0.2695E+14    0.2704E+14    0.1274E+14    0.1430E+14
    0.0970    0.0970    0.0970    0.9632E+11    0.2719E+14    0.2729E+14    0.1286E+14    0.1443E+14
    0.0980    0.0980    0.0980    0.9756E+11    0.2743E+14    0.2753E+14    0.1297E+14    0.1455E+14
    0.0990    0.0990    0.0990    0.9880E+11    0.2767E+14    0.2777E+14    0.1309E+14    0.1468E+14
    0.1000    0.1000    0.1000    0.1000E+12    0.2791E+14    0.2801E+14    0.1320E+14    0.1481E+14
    0.1010    0.1011   -0.0010    0.1006E+12    0.2817E+14    0.2827E+14    0.1342E+14    0.1485E+14
    0.1020    0.1022   -0.0020    0.1014E+12    0.2837E+14    0.2847E+14    0.1358E+14    0.1490E+14
    0.1030    0.1034   -0.0030    0.1022E+12    0.2862E+14    0.2872E+14    0.1378E+14    0.1494E+14
    0.1040    0.1045   -0.0040    0.1031E+12    0.2886E+14    0.2897E+14    0.1398E+14    0.1498E+14
    0.1050    0.1057   -0.0050    0.1040E+12    0.2912E+14    0.2922E+14    0.1419E+14    0.1503E+14
    0.1060    0.1068   -0.0060    0.1050E+12    0.2937E+14    0.2947E+14    0.1440E+14    0.1507E+14
    0.1070    0.1080   -0.0070    0.1061E+12    0.2962E+14    0.2973E+14    0.1462E+14    0.1511E+14
    0.1080    0.1092   -0.0080    0.1072E+12    0.2987E+14    0.2998E+14    0.1483E+14    0.1515E+14
    0.1090    0.1103   -0.0090    0.1084E+12    0.3013E+14    0.3024E+14    0.1504E+14    0.1519E+14
    0.1100    0.1115   -0.0100    0.1096E+12    0.3038E+14    0.3049E+14    0.1526E+14    0.1523E+14
    0.1110    0.1126   -0.0110    0.1108E+12    0.3063E+14    0.3074E+14    0.1547E+14    0.1527E+14
    0.1120    0.1138   -0.0120    0.1122E+12    0.3088E+14    0.3100E+14    0.1568E+14    0.1531E+14
    0.1130    0.1149   -0.0130    0.1135E+12    0.3114E+14    0.3125E+14    0.1590E+14    0.1535E+14
    0.1140    0.1161   -0.0140    0.1149E+12    0.3139E+14    0.3150E+14    0.1611E+14    0.1539E+14
    0.1150    0.1172   -0.0150    0.1164E+12    0.3164E+14    0.3176E+14    0.1633E+14    0.1543E+14
    0.1160    0.1184   -0.0160    0.1179E+12    0.3189E+14    0.3201E+14    0.1654E+14    0.1547E+14
    0.1170    0.1195   -0.0170    0.1195E+12    0.3214E+14    0.3226E+14    0.1675E+14    0.1550E+14
    0.1180    0.1207   -0.0180    0.1211E+12    0.3239E+14    0.3251E+14    0.1697E+14    0.1554E+14
    0.1190    0.1218   -0.0190    0.1227E+12    0.3264E+14    0.3276E+14    0.1718E+14    0.1558E+14
    0.1200    0.1230   -0.0200    0.1244E+12    0.3288E+14    0.3301E+14    0.1739E+14    0.1562E+14
    0.1210    0.1242   -0.0210    0.1262E+12    0.3313E+14    0.3325E+14    0.1760E+14    0.1565E+14
    0.1220    0.1253   -0.0220    0.1279E+12    0.3337E+14    0.3350E+14    0.1781E+14    0.1569E+14
    0.1230    0.1265   -0.0230    0.1298E+12    0.3362E+14    0.3375E+14    0.1802E+14    0.1572E+14
    0.1240    0.1276   -0.0240    0.1316E+12    0.3386E+14    0.3399E+14    0.1823E+14    0.1576E+14
    0.1250    0.1288   -0.0250    0.1336E+12    0.3411E+14    0.3424E+14    0.1844E+14    0.1579E+14
    0.1260    0.1299   -0.0260    0.1355E+12    0.3435E+14    0.3448E+14    0.1865E+14    0.1583E+14
    0.1270    0.1311   -0.0270    0.1375E+12    0.3459E+14    0.3473E+14    0.1886E+14    0.1586E+14
    0.1280    0.1322   -0.0280    0.1396E+12    0.3483E+14    0.3497E+14    0.1907E+14    0.1590E+14
    0.1290    0.1334   -0.0290    0.1417E+12    0.3507E+14    0.3521E+14    0.1928E+14    0.1593E+14
    0.1300    0.1345   -0.0300    0.1438E+12    0.3531E+14    0.3545E+14    0.1949E+14    0.1596E+14
    0.1310    0.1357   -0.0310    0.1460E+12    0.3555E+14    0.3569E+14    0.1970E+14    0.1600E+14
    0.1320    0.1369   -0.0320    0.1482E+12    0.3578E+14    0.3593E+14    0.1990E+14    0.1603E+14
    0.1330    0.1380   -0.0330    0.1505E+12    0.3602E+14    0.3617E+14    0.2011E+14    0.1606E+14
    0.1340    0.1392   -0.0340    0.1528E+12    0.3626E+14    0.3641E+14    0.2032E+14    0.1609E+14
    0.1350    0.1403   -0.0350    0.1551E+12    0.3649E+14    0.3665E+14    0.2052E+14    0.1613E+14
    0.1360    0.1415   -0.0360    0.1575E+12    0.3673E+14    0.3688E+14    0.2073E+14    0.1616E+14
    0.1370    0.1426   -0.0370    0.1600E+12    0.3696E+14    0.3712E+14    0.2093E+14    0.1619E+14
    0.1380    0.1438   -0.0380    0.1625E+12    0.3719E+14    0.3735E+14    0.2114E+14    0.1622E+14
    0.1390    0.1449   -0.0390    0.1650E+12    0.3742E+14    0.3759E+14    0.2134E+14    0.1625E+14
    0.1400    0.1461   -0.0400    0.1675E+12    0.3765E+14    0.3782E+14    0.2154E+14    0.1628E+14
    0.1410    0.1473   -0.0410    0.1701E+12    0.3788E+14    0.3805E+14    0.2174E+14    0.1631E+14
    0.1420    0.1484   -0.0420    0.1728E+12    0.3811E+14    0.3829E+14    0.2195E+14    0.1634E+14
    0.1430    0.1496   -0.0430    0.1755E+12    0.3834E+14    0.3852E+14    0.2215E+14    0.1637E+14
    0.1440    0.1507   -0.0440    0.1782E+12    0.3857E+14    0.3875E+14    0.2235E+14    0.1640E+14
    0.1450    0.1519   -0.0450    0.1810E+12    0.3880E+14    0.3898E+14    0.2255E+14    0.1643E+14
    0.1460    0.1530   -0.0460    0.1838E+12    0.3902E+14    0.3921E+14    0.2275E+14    0.1646E+14
    0.1470    0.1542   -0.0470    0.1867E+12    0.3925E+14    0.3943E+14    0.2295E+14    0.1648E+14
    0.1480    0.1553   -0.0480    0.1896E+12    0.3947E+14    0.3966E+14    0.2315E+14    0.1651E+14
    0.1490    0.1565   -0.0490    0.1925E+12    0.3969E+14    0.3989E+14    0.2334E+14    0.1654E+14
    0.1500    0.1576   -0.0500    0.1955E+12    0.3992E+14    0.4011E+14    0.2354E+14    0.1657E+14
    0.1510    0.1588   -0.0510    0.1985E+12    0.4014E+14    0.4034E+14    0.2374E+14    0.1660E+14
    0.1520    0.1599   -0.0520    0.2015E+12    0.4036E+14    0.4056E+14    0.2394E+14    0.1662E+14
    0.1530    0.1611   -0.0530    0.2046E+12    0.4058E+14    0.4078E+14    0.2413E+14    0.1665E+14
    0.1540    0.1623   -0.0540    0.2078E+12    0.4080E+14    0.4100E+14    0.2433E+14    0.1668E+14
    0.1550    0.1634   -0.0550    0.2109E+12    0.4101E+14    0.4122E+14    0.2452E+14    0.1670E+14
    0.1560    0.1646   -0.0560    0.2142E+12    0.4123E+14    0.4145E+14    0.2472E+14    0.1673E+14
    0.1570    0.1657   -0.0570    0.2174E+12    0.4145E+14    0.4166E+14    0.2491E+14    0.1676E+14
    0.1580    0.1669   -0.0580    0.2207E+12    0.4166E+14    0.4188E+14    0.2510E+14    0.1678E+14
    0.1590    0.1680   -0.0590    0.2240E+12    0.4188E+14    0.4210E+14    0.2529E+14    0.1681E+14
    0.1600    0.1692   -0.0600    0.2274E+12    0.4209E+14    0.4232E+14    0.2549E+14    0.1683E+14
    0.1610    0.1703   -0.0610    0.2308E+12    0.4230E+14    0.4253E+14    0.2568E+14    0.1686E+14
    0.1620    0.1715   -0.0620    0.2343E+12    0.4252E+14    0.4275E+14    0.2587E+14    0.1688E+14
    0.1630    0.1726   -0.0630    0.2377E+12    0.4273E+14    0.4296E+14    0.2606E+14    0.1691E+14
    0.1640    0.1738   -0.0640    0.2413E+12    0.4294E+14    0.4318E+14    0.2625E+14    0.1693E+14
    0.1650    0.1749   -0.0650    0.2448E+12    0.4315E+14    0.4339E+14    0.2643E+14    0.1696E+14
    0.1660    0.1761   -0.0660    0.2484E+12    0.4335E+14    0.4360E+14    0.2662E+14    0.1698E+14
    0.1670    0.1773   -0.0670    0.2521E+12    0.4356E+14    0.4381E+14    0.2681E+14    0.1701E+14
    0.1680    0.1784   -0.0680    0.2557E+12    0.4377E+14    0.4403E+14    0.2700E+14    0.1703E+14
    0.1690    0.1796   -0.0690    0.2594E+12    0.4398E+14    0.4424E+14    0.2718E+14    0.1705E+14
    0.1700    0.1807   -0.0700    0.2632E+12    0.4418E+14    0.4444E+14    0.2737E+14    0.1708E+14
    0.1710    0.1819   -0.0710    0.2670E+12    0.4439E+14    0.4465E+14    0.2755E+14    0.1710E+14
    0.1720    0.1830   -0.0720    0.2708E+12    0.4459E+14    0.4486E+14    0.2774E+14    0.1712E+14
    0.1730    0.1842   -0.0730    0.2747E+12    0.4479E+14    0.4507E+14    0.2792E+14    0.1715E+14
    0.1740    0.1853   -0.0740    0.2785E+12    0.4500E+14    0.4527E+14    0.2810E+14    0.1717E+14
    0.1750    0.1865   -0.0750    0.2825E+12    0.4520E+14    0.4548E+14    0.2829E+14    0.1719E+14
    0.1760    0.1876   -0.0760    0.2864E+12    0.4540E+14    0.4568E+14    0.2847E+14    0.1722E+14
    0.1770    0.1888   -0.0770    0.2904E+12    0.4560E+14    0.4589E+14    0.2865E+14    0.1724E+14
    0.1780    0.1899   -0.0780    0.2945E+12    0.4580E+14    0.4609E+14    0.2883E+14    0.1726E+14
    0.1790    0.1911   -0.0790    0.2985E+12    0.4599E+14    0.4629E+14    0.2901E+14    0.1728E+14
    0.1800    0.1922   -0.0800    0.3026E+12    0.4619E+14    0.4649E+14    0.2919E+14    0.1731E+14
    0.1810    0.1934   -0.0810    0.3068E+12    0.4639E+14    0.4670E+14    0.2937E+14    0.1733E+14
    0.1820    0.1946   -0.0820    0.3110E+12    0.4658E+14    0.4689E+14    0.2954E+14    0.1735E+14
    0.1830    0.1957   -0.0830    0.3152E+12    0.4678E+14    0.4709E+14    0.2972E+14    0.1737E+14
    0.1840    0.1969   -0.0840    0.3194E+12    0.4697E+14    0.4729E+14    0.2990E+14    0.1739E+14
    0.1850    0.1980   -0.0850    0.3237E+12    0.4717E+14    0.4749E+14    0.3007E+14    0.1742E+14
    0.1860    0.1992   -0.0860    0.3280E+12    0.4736E+14    0.4769E+14    0.3025E+14    0.1744E+14
    0.1870    0.2003   -0.0870    0.3323E+12    0.4755E+14    0.4788E+14    0.3042E+14    0.1746E+14
    0.1880    0.2015   -0.0880    0.3367E+12    0.4774E+14    0.4808E+14    0.3060E+14    0.1748E+14
    0.1890    0.2026   -0.0890    0.3411E+12    0.4793E+14    0.4827E+14    0.3077E+14    0.1750E+14
    0.1900    0.2038   -0.0900    0.3455E+12    0.4812E+14    0.4847E+14    0.3095E+14    0.1752E+14
    0.1910    0.2049   -0.0910    0.3500E+12    0.4831E+14    0.4866E+14    0.3112E+14    0.1754E+14
    0.1920    0.2061   -0.0920    0.3545E+12    0.4850E+14    0.4885E+14    0.3129E+14    0.1756E+14
    0.1930    0.2072   -0.0930    0.3591E+12    0.4869E+14    0.4904E+14    0.3146E+14    0.1758E+14
    0.1940    0.2084   -0.0940    0.3636E+12    0.4887E+14    0.4924E+14    0.3163E+14    0.1760E+14
    0.1950    0.2095   -0.0950    0.3682E+12    0.4906E+14    0.4943E+14    0.3180E+14    0.1763E+14
    0.1960    0.2107   -0.0960    0.3728E+12    0.4924E+14    0.4962E+14    0.3197E+14    0.1765E+14
    0.1970    0.2118   -0.0970    0.3775E+12    0.4943E+14    0.4980E+14    0.3214E+14    0.1767E+14
    0.1980    0.2130   -0.0980    0.3822E+12    0.4961E+14    0.4999E+14    0.3231E+14    0.1769E+14
    0.1990    0.2141   -0.0990    0.3869E+12    0.4979E+14    0.5018E+14    0.3247E+14    0.1771E+14
    0.2000    0.2153   -0.1000    0.3917E+12    0.4997E+14    0.5037E+14    0.3264E+14    0.1773E+14
    0.2010    0.2164   -0.1010    0.3965E+12    0.5016E+14    0.5055E+14    0.3281E+14    0.1775E+14
    0.2020    0.2176   -0.1020    0.4013E+12    0.5034E+14    0.5074E+14    0.3297E+14    0.1777E+14
    0.2030    0.2187   -0.1030    0.4061E+12    0.5052E+14    0.5092E+14    0.3314E+14    0.1779E+14
    0.2040    0.2199   -0.1040    0.4110E+12    0.5069E+14    0.5111E+14    0.3330E+14    0.1781E+14
    0.2050    0.2210   -0.1050    0.4159E+12    0.5087E+14    0.5129E+14    0.3346E+14    0.1782E+14
    0.2060    0.2222   -0.1060    0.4208E+12    0.5105E+14    0.5147E+14    0.3363E+14    0.1784E+14
    0.2070    0.2233   -0.1070    0.4258E+12    0.5123E+14    0.5165E+14    0.3379E+14    0.1786E+14
    0.2080    0.2245   -0.1080    0.4308E+12    0.5140E+14    0.5183E+14    0.3395E+14    0.1788E+14
    0.2090    0.2256   -0.1090    0.4358E+12    0.5158E+14    0.5201E+14    0.3411E+14    0.1790E+14
    0.2100    0.2268   -0.1100    0.4408E+12    0.5175E+14    0.5219E+14    0.3427E+14    0.1792E+14
    0.2110    0.2279   -0.1110    0.4459E+12    0.5193E+14    0.5237E+14    0.3443E+14    0.1794E+14
    0.2120    0.2291   -0.1120    0.4510E+12    0.5210E+14    0.5255E+14    0.3459E+14    0.1796E+14
    0.2130    0.2302   -0.1130    0.4561E+12    0.5227E+14    0.5273E+14    0.3475E+14    0.1798E+14
    0.2140    0.2314   -0.1140    0.4613E+12    0.5244E+14    0.5291E+14    0.3491E+14    0.1800E+14
    0.2150    0.2325   -0.1150    0.4665E+12    0.5262E+14    0.5308E+14    0.3507E+14    0.1802E+14
    0.2160    0.2337   -0.1160    0.4717E+12    0.5279E+14    0.5326E+14    0.3522E+14    0.1804E+14
    0.2170    0.2348   -0.1170    0.4769E+12    0.5296E+14    0.5343E+14    0.3538E+14    0.1805E+14
    0.2180    0.2360   -0.1180    0.4822E+12    0.5312E+14    0.5361E+14    0.3553E+14    0.1807E+14
    0.2190    0.2371   -0.1190    0.4875E+12    0.5329E+14    0.5378E+14    0.3569E+14    0.1809E+14
    0.2200    0.2383   -0.1200    0.4928E+12    0.5346E+14    0.5395E+14    0.3584E+14    0.1811E+14
    0.2210    0.2394   -0.1210    0.4982E+12    0.5363E+14    0.5413E+14    0.3600E+14    0.1813E+14
    0.2220    0.2406   -0.1220    0.5035E+12    0.5380E+14    0.5430E+14    0.3615E+14    0.1815E+14
    0.2230    0.2417   -0.1230    0.5089E+12    0.5396E+14    0.5447E+14    0.3630E+14    0.1817E+14
    0.2240    0.2429   -0.1240    0.5143E+12    0.5413E+14    0.5464E+14    0.3646E+14    0.1818E+14
    0.2250    0.2440   -0.1250    0.5198E+12    0.5429E+14    0.5481E+14    0.3661E+14    0.1820E+14
    0.2260    0.2452   -0.1260    0.5252E+12    0.5445E+14    0.5498E+14    0.3676E+14    0.1822E+14
    0.2270    0.2463   -0.1270    0.5307E+12    0.5462E+14    0.5515E+14    0.3691E+14    0.1824E+14
    0.2280    0.2475   -0.1280    0.5362E+12    0.5478E+14    0.5532E+14    0.3706E+14    0.1826E+14
    0.2290    0.2486   -0.1290    0.5418E+12    0.5494E+14    0.5548E+14    0.3721E+14    0.1828E+14
    0.2300    0.2497   -0.1300    0.5474E+12    0.5510E+14    0.5565E+14    0.3736E+14    0.1829E+14
    0.2310    0.2509   -0.1310    0.5529E+12    0.5526E+14    0.5582E+14    0.3751E+14    0.1831E+14
    0.2320    0.2520   -0.1320    0.5586E+12    0.5542E+14    0.5598E+14    0.3765E+14    0.1833E+14
    0.2330    0.2532   -0.1330    0.5642E+12    0.5558E+14    0.5615E+14    0.3780E+14    0.1835E+14
    0.2340    0.2543   -0.1340    0.5699E+12    0.5574E+14    0.5631E+14    0.3795E+14    0.1837E+14
    0.2350    0.2555   -0.1350    0.5755E+12    0.5590E+14    0.5648E+14    0.3809E+14    0.1838E+14
    0.2360    0.2566   -0.1360    0.5813E+12    0.5606E+14    0.5664E+14    0.3824E+14    0.1840E+14
    0.2370    0.2578   -0.1370    0.5870E+12    0.5621E+14    0.5680E+14    0.3838E+14    0.1842E+14
    0.2380    0.2589   -0.1380    0.5927E+12    0.5637E+14    0.5696E+14    0.3853E+14    0.1844E+14
    0.2390    0.2601   -0.1390    0.5985E+12    0.5653E+14    0.5712E+14    0.3867E+14    0.1845E+14
    0.2400    0.2612   -0.1400    0.6043E+12    0.5668E+14    0.5728E+14    0.3881E+14    0.1847E+14
    0.2410    0.2624   -0.1410    0.6101E+12    0.5683E+14    0.5744E+14    0.3896E+14    0.1849E+14
    0.2420    0.2635   -0.1420    0.6159E+12    0.5699E+14    0.5760E+14    0.3910E+14    0.1851E+14
    0.2430    0.2646   -0.1430    0.6218E+12    0.5714E+14    0.5776E+14    0.3924E+14    0.1852E+14
    0.2440    0.2658   -0.1440    0.6276E+12    0.5729E+14    0.5792E+14    0.3938E+14    0.1854E+14
    0.2450    0.2669   -0.1450    0.6335E+12    0.5745E+14    0.5808E+14    0.3952E+14    0.1856E+14
    0.2460    0.2681   -0.1460    0.6395E+12    0.5760E+14    0.5824E+14    0.3966E+14    0.1858E+14
    0.2470    0.2692   -0.1470    0.6454E+12    0.5775E+14    0.5839E+14    0.3980E+14    0.1860E+14
    0.2480    0.2704   -0.1480    0.6513E+12    0.5790E+14    0.5855E+14    0.3994E+14    0.1861E+14
    0.2490    0.2715   -0.1490    0.6573E+12    0.5805E+14    0.5870E+14    0.4007E+14    0.1863E+14
    0.2500    0.2727   -0.1500    0.6633E+12    0.5820E+14    0.5886E+14    0.4021E+14    0.1865E+14
    0.2510    0.2738   -0.1510    0.6693E+12    0.5834E+14    0.5901E+14    0.4035E+14    0.1867E+14
    0.2520    0.2749   -0.1520    0.6754E+12    0.5849E+14    0.5917E+14    0.4048E+14    0.1868E+14
    0.2530    0.2761   -0.1530    0.6814E+12    0.5864E+14    0.5932E+14    0.4062E+14    0.1870E+14
    0.2540    0.2772   -0.1540    0.6875E+12    0.5879E+14    0.5947E+14    0.4075E+14    0.1872E+14
    0.2550    0.2784   -0.1550    0.6935E+12    0.5893E+14    0.5963E+14    0.4089E+14    0.1874E+14
    0.2560    0.2795   -0.1560    0.6997E+12    0.5908E+14    0.5978E+14    0.4102E+14    0.1875E+14
    0.2570    0.2807   -0.1570    0.7058E+12    0.5922E+14    0.5993E+14    0.4116E+14    0.1877E+14
    0.2580    0.2818   -0.1580    0.7119E+12    0.5937E+14    0.6008E+14    0.4129E+14    0.1879E+14
    0.2590    0.2829   -0.1590    0.7181E+12    0.5951E+14    0.6023E+14    0.4142E+14    0.1881E+14
    0.2600    0.2841   -0.1600    0.7242E+12    0.5965E+14    0.6038E+14    0.4155E+14    0.1882E+14
    0.2610    0.2852   -0.1610    0.7304E+12    0.5979E+14    0.6053E+14    0.4168E+14    0.1884E+14
    0.2620    0.2864   -0.1620    0.7366E+12    0.5994E+14    0.6067E+14    0.4181E+14    0.1886E+14
    0.2630    0.2875   -0.1630    0.7429E+12    0.6008E+14    0.6082E+14    0.4194E+14    0.1888E+14
    0.2640    0.2886   -0.1640    0.7491E+12    0.6022E+14    0.6097E+14    0.4207E+14    0.1889E+14
    0.2650    0.2898   -0.1650    0.7554E+12    0.6036E+14    0.6112E+14    0.4220E+14    0.1891E+14
    0.2660    0.2909   -0.1660    0.7616E+12    0.6050E+14    0.6126E+14    0.4233E+14    0.1893E+14
    0.2670    0.2921   -0.1670    0.7679E+12    0.6064E+14    0.6141E+14    0.4246E+14    0.1895E+14
    0.2680    0.2932   -0.1680    0.7742E+12    0.6078E+14    0.6155E+14    0.4259E+14    0.1896E+14
    0.2690    0.2943   -0.1690    0.7806E+12    0.6092E+14    0.6170E+14    0.4271E+14    0.1898E+14
    0.2700    0.2955   -0.1700    0.7869E+12    0.6105E+14    0.6184E+14    0.4284E+14    0.1900E+14
    0.2710    0.2966   -0.1710    0.7932E+12    0.6119E+14    0.6198E+14    0.4297E+14    0.1902E+14
    0.2720    0.2978   -0.1720    0.7996E+12    0.6133E+14    0.6213E+14    0.4309E+14    0.1903E+14
    0.2730    0.2989   -0.1730    0.8060E+12    0.6146E+14    0.6227E+14    0.4322E+14    0.1905E+14
    0.2740    0.3000   -0.1740    0.8124E+12    0.6160E+14    0.6241E+14    0.4334E+14    0.1907E+14
    0.2750    0.3012   -0.1750    0.8188E+12    0.6173E+14    0.6255E+14    0.4346E+14    0.1909E+14
    0.2760    0.3023   -0.1760    0.8252E+12    0.6187E+14    0.6269E+14    0.4359E+14    0.1910E+14
    0.2770    0.3035   -0.1770    0.8316E+12    0.6200E+14    0.6283E+14    0.4371E+14    0.1912E+14
    0.2780    0.3046   -0.1780    0.8381E+12    0.6213E+14    0.6297E+14    0.4383E+14    0.1914E+14
    0.2790    0.3057   -0.1790    0.8445E+12    0.6227E+14    0.6311E+14    0.4395E+14    0.1916E+14
    0.2800    0.3069   -0.1800    0.8510E+12    0.6240E+14    0.6325E+14    0.4407E+14    0.1917E+14
    0.2810    0.3080   -0.1810    0.8575E+12    0.6253E+14    0.6339E+14    0.4419E+14    0.1919E+14
    0.2820    0.3091   -0.1820    0.8640E+12    0.6266E+14    0.6352E+14    0.4431E+14    0.1921E+14
    0.2830    0.3103   -0.1830    0.8705E+12    0.6279E+14    0.6366E+14    0.4443E+14    0.1923E+14
    0.2840    0.3114   -0.1840    0.8771E+12    0.6292E+14    0.6380E+14    0.4455E+14    0.1925E+14
    0.2850    0.3126   -0.1850    0.8836E+12    0.6305E+14    0.6393E+14    0.4467E+14    0.1926E+14
    0.2860    0.3137   -0.1860    0.8902E+12    0.6318E+14    0.6407E+14    0.4479E+14    0.1928E+14
    0.2870    0.3148   -0.1870    0.8967E+12    0.6331E+14    0.6420E+14    0.4491E+14    0.1930E+14
    0.2880    0.3160   -0.1880    0.9033E+12    0.6344E+14    0.6434E+14    0.4502E+14    0.1932E+14
    0.2890    0.3171   -0.1890    0.9099E+12    0.6356E+14    0.6447E+14    0.4514E+14    0.1933E+14
    0.2900    0.3182   -0.1900    0.9165E+12    0.6369E+14    0.6461E+14    0.4525E+14    0.1935E+14
    0.2910    0.3194   -0.1910    0.9231E+12    0.6382E+14    0.6474E+14    0.4537E+14    0.1937E+14
    0.2920    0.3205   -0.1920    0.9297E+12    0.6394E+14    0.6487E+14    0.4548E+14    0.1939E+14
    0.2930    0.3216   -0.1930    0.9363E+12    0.6407E+14    0.6500E+14    0.4560E+14    0.1941E+14
    0.2940    0.3228   -0.1940    0.9430E+12    0.6419E+14    0.6513E+14    0.4571E+14    0.1942E+14
    0.2950    0.3239   -0.1950    0.9496E+12    0.6432E+14    0.6527E+14    0.4582E+14    0.1944E+14
    0.2960    0.3250   -0.1960    0.9563E+12    0.6444E+14    0.6540E+14    0.4594E+14    0.1946E+14
    0.2970    0.3262   -0.1970    0.9630E+12    0.6456E+14    0.6553E+14    0.4605E+14    0.1948E+14
    0.2980    0.3273   -0.1980    0.9696E+12    0.6469E+14    0.6566E+14    0.4616E+14    0.1950E+14
    0.2990    0.3284   -0.1990    0.9763E+12    0.6481E+14    0.6579E+14    0.4627E+14    0.1951E+14
    0.3000    0.3296   -0.2000    0.9830E+12    0.6493E+14    0.6591E+14    0.4638E+14    0.1953E+14
    0.3010    0.3307   -0.2010    0.9898E+12    0.6505E+14    0.6604E+14    0.4649E+14    0.1955E+14
    0.3020    0.3318   -0.2020    0.9965E+12    0.6517E+14    0.6617E+14    0.4660E+14    0.1957E+14
    0.3030    0.3330   -0.2030    0.1003E+13    0.6529E+14    0.6630E+14    0.4671E+14    0.1959E+14
    0.3040    0.3341   -0.2040    0.1010E+13    0.6541E+14    0.6642E+14    0.4682E+14    0.1961E+14
    0.3050    0.3352   -0.2050    0.1017E+13    0.6553E+14    0.6655E+14    0.4693E+14    0.1962E+14
    0.3060    0.3364   -0.2060    0.1023E+13    0.6565E+14    0.6668E+14    0.4703E+14    0.1964E+14
    0.3070    0.3375   -0.2070    0.1030E+13    0.6577E+14    0.6680E+14    0.4714E+14    0.1966E+14
    0.3080    0.3386   -0.2080    0.1037E+13    0.6589E+14    0.6693E+14    0.4725E+14    0.1968E+14
    0.3090    0.3398   -0.2090    0.1044E+13    0.6601E+14    0.6705E+14    0.4735E+14    0.1970E+14
    0.3100    0.3409   -0.2100    0.1051E+13    0.6612E+14    0.6717E+14    0.4746E+14    0.1972E+14
    0.3110    0.3420   -0.2110    0.1057E+13    0.6624E+14    0.6730E+14    0.4756E+14    0.1973E+14
    0.3120    0.3432   -0.2120    0.1064E+13    0.6636E+14    0.6742E+14    0.4767E+14    0.1975E+14
    0.3130    0.3443   -0.2130    0.1071E+13    0.6647E+14    0.6754E+14    0.4777E+14    0.1977E+14
    0.3140    0.3454   -0.2140    0.1078E+13    0.6659E+14    0.6767E+14    0.4788E+14    0.1979E+14
    0.3150    0.3465   -0.2150    0.1085E+13    0.6670E+14    0.6779E+14    0.4798E+14    0.1981E+14
    0.3160    0.3477   -0.2160    0.1092E+13    0.6682E+14    0.6791E+14    0.4808E+14    0.1983E+14
    0.3170    0.3488   -0.2170    0.1098E+13    0.6693E+14    0.6803E+14    0.4819E+14    0.1984E+14
    0.3180    0.3499   -0.2180    0.1105E+13    0.6704E+14    0.6815E+14    0.4829E+14    0.1986E+14
    0.3190    0.3511   -0.2190    0.1112E+13    0.6716E+14    0.6827E+14    0.4839E+14    0.1988E+14
    0.3200    0.3522   -0.2200    0.1119E+13    0.6727E+14    0.6839E+14    0.4849E+14    0.1990E+14
    0.3210    0.3533   -0.2210    0.1126E+13    0.6738E+14    0.6851E+14    0.4859E+14    0.1992E+14
    0.3220    0.3544   -0.2220    0.1133E+13    0.6749E+14    0.6863E+14    0.4869E+14    0.1994E+14
    0.3230    0.3556   -0.2230    0.1140E+13    0.6760E+14    0.6874E+14    0.4879E+14    0.1996E+14
    0.3240    0.3567   -0.2240    0.1147E+13    0.6772E+14    0.6886E+14    0.4889E+14    0.1997E+14
    0.3250    0.3578   -0.2250    0.1154E+13    0.6783E+14    0.6898E+14    0.4899E+14    0.1999E+14
    0.3260    0.3589   -0.2260    0.1160E+13    0.6794E+14    0.6910E+14    0.4908E+14    0.2001E+14
    0.3270    0.3601   -0.2270    0.1167E+13    0.6804E+14    0.6921E+14    0.4918E+14    0.2003E+14
    0.3280    0.3612   -0.2280    0.1174E+13    0.6815E+14    0.6933E+14    0.4928E+14    0.2005E+14
    0.3290    0.3623   -0.2290    0.1181E+13    0.6826E+14    0.6944E+14    0.4938E+14    0.2007E+14
    0.3300    0.3634   -0.2300    0.1188E+13    0.6837E+14    0.6956E+14    0.4947E+14    0.2008E+14
    0.3310    0.3646   -0.2310    0.1195E+13    0.6847E+14    0.6967E+14    0.4957E+14    0.2010E+14
    0.3320    0.3657   -0.2320    0.1202E+13    0.6858E+14    0.6978E+14    0.4966E+14    0.2012E+14
    0.3330    0.3668   -0.2330    0.1209E+13    0.6869E+14    0.6990E+14    0.4976E+14    0.2014E+14
    0.3340    0.3679   -0.2340    0.1216E+13    0.6879E+14    0.7001E+14    0.4985E+14    0.2016E+14
    0.3350    0.3691   -0.2350    0.1223E+13    0.6890E+14    0.7012E+14    0.4994E+14    0.2018E+14
    0.3360    0.3702   -0.2360    0.1230E+13    0.6900E+14    0.7023E+14    0.5004E+14    0.2020E+14
    0.3370    0.3713   -0.2370    0.1237E+13    0.6911E+14    0.7034E+14    0.5013E+14    0.2022E+14
    0.3380    0.3724   -0.2380    0.1244E+13    0.6921E+14    0.7046E+14    0.5022E+14    0.2023E+14
    0.3390    0.3736   -0.2390    0.1251E+13    0.6932E+14    0.7057E+14    0.5031E+14    0.2025E+14
    0.3400    0.3747   -0.2400    0.1258E+13    0.6942E+14    0.7068E+14    0.5040E+14    0.2027E+14
    0.3410    0.3758   -0.2410    0.1265E+13    0.6952E+14    0.7079E+14    0.5050E+14    0.2029E+14
    0.3420    0.3769   -0.2420    0.1272E+13    0.6962E+14    0.7090E+14    0.5059E+14    0.2031E+14
    0.3430    0.3781   -0.2430    0.1279E+13    0.6973E+14    0.7101E+14    0.5068E+14    0.2033E+14
    0.3440    0.3792   -0.2440    0.1286E+13    0.6983E+14    0.7112E+14    0.5077E+14    0.2035E+14
    0.3450    0.3803   -0.2450    0.1293E+13    0.6993E+14    0.7122E+14    0.5086E+14    0.2037E+14
    0.3460    0.3814   -0.2460    0.1300E+13    0.7003E+14    0.7133E+14    0.5095E+14    0.2039E+14
    0.3470    0.3825   -0.2470    0.1307E+13    0.7013E+14    0.7144E+14    0.5103E+14    0.2040E+14
    0.3480    0.3837   -0.2480    0.1314E+13    0.7023E+14    0.7155E+14    0.5112E+14    0.2042E+14
    0.3490    0.3848   -0.2490    0.1321E+13    0.7033E+14    0.7165E+14    0.5121E+14    0.2044E+14
    0.3500    0.3859   -0.2500    0.1328E+13    0.7043E+14    0.7176E+14    0.5130E+14    0.2046E+14
    0.3510    0.3870   -0.2510    0.1335E+13    0.7053E+14    0.7187E+14    0.5139E+14    0.2048E+14
    0.3520    0.3881   -0.2520    0.1342E+13    0.7063E+14    0.7197E+14    0.5147E+14    0.2050E+14
    0.3530    0.3892   -0.2530    0.1350E+13    0.7073E+14    0.7208E+14    0.5156E+14    0.2052E+14
    0.3540    0.3904   -0.2540    0.1357E+13    0.7083E+14    0.7218E+14    0.5164E+14    0.2054E+14
    0.3550    0.3915   -0.2550    0.1364E+13    0.7092E+14    0.7229E+14    0.5173E+14    0.2056E+14
    0.3560    0.3926   -0.2560    0.1371E+13    0.7102E+14    0.7239E+14    0.5181E+14    0.2058E+14
    0.3570    0.3937   -0.2570    0.1378E+13    0.7112E+14    0.7249E+14    0.5190E+14    0.2060E+14
    0.3580    0.3948   -0.2580    0.1385E+13    0.7121E+14    0.7260E+14    0.5198E+14    0.2061E+14
    0.3590    0.3960   -0.2590    0.1392E+13    0.7131E+14    0.7270E+14    0.5207E+14    0.2063E+14
    0.3600    0.3971   -0.2600    0.1399E+13    0.7140E+14    0.7280E+14    0.5215E+14    0.2065E+14
    0.3610    0.3982   -0.2610    0.1406E+13    0.7150E+14    0.7290E+14    0.5223E+14    0.2067E+14
    0.3620    0.3993   -0.2620    0.1413E+13    0.7159E+14    0.7301E+14    0.5232E+14    0.2069E+14
    0.3630    0.4004   -0.2630    0.1421E+13    0.7169E+14    0.7311E+14    0.5240E+14    0.2071E+14
    0.3640    0.4015   -0.2640    0.1428E+13    0.7178E+14    0.7321E+14    0.5248E+14    0.2073E+14
    0.3650    0.4026   -0.2650    0.1435E+13    0.7187E+14    0.7331E+14    0.5256E+14    0.2075E+14
    0.3660    0.4038   -0.2660    0.1442E+13    0.7197E+14    0.7341E+14    0.5264E+14    0.2077E+14
    0.3670    0.4049   -0.2670    0.1449E+13    0.7206E+14    0.7351E+14    0.5272E+14    0.2079E+14
    0.3680    0.4060   -0.2680    0.1456E+13    0.7215E+14    0.7361E+14    0.5280E+14    0.2081E+14
    0.3690    0.4071   -0.2690    0.1463E+13    0.7224E+14    0.7371E+14    0.5288E+14    0.2083E+14
    0.3700    0.4082   -0.2700    0.1470E+13    0.7233E+14    0.7381E+14    0.5296E+14    0.2085E+14
    0.3710    0.4093   -0.2710    0.1478E+13    0.7243E+14    0.7390E+14    0.5304E+14    0.2086E+14
    0.3720    0.4104   -0.2720    0.1485E+13    0.7252E+14    0.7400E+14    0.5312E+14    0.2088E+14
    0.3730    0.4115   -0.2730    0.1492E+13    0.7261E+14    0.7410E+14    0.5319E+14    0.2090E+14
    0.3740    0.4127   -0.2740    0.1499E+13    0.7270E+14    0.7419E+14    0.5327E+14    0.2092E+14
    0.3750    0.4138   -0.2750    0.1506E+13    0.7278E+14    0.7429E+14    0.5335E+14    0.2094E+14
    0.3760    0.4149   -0.2760    0.1513E+13    0.7287E+14    0.7439E+14    0.5343E+14    0.2096E+14
    0.3770    0.4160   -0.2770    0.1521E+13    0.7296E+14    0.7448E+14    0.5350E+14    0.2098E+14
    0.3780    0.4171   -0.2780    0.1528E+13    0.7305E+14    0.7458E+14    0.5358E+14    0.2100E+14
    0.3790    0.4182   -0.2790    0.1535E+13    0.7314E+14    0.7467E+14    0.5365E+14    0.2102E+14
    0.3800    0.4193   -0.2800    0.1542E+13    0.7323E+14    0.7477E+14    0.5373E+14    0.2104E+14
    0.3810    0.4204   -0.2810    0.1549E+13    0.7331E+14    0.7486E+14    0.5380E+14    0.2106E+14
    0.3820    0.4215   -0.2820    0.1556E+13    0.7340E+14    0.7496E+14    0.5388E+14    0.2108E+14
    0.3830    0.4226   -0.2830    0.1564E+13    0.7349E+14    0.7505E+14    0.5395E+14    0.2110E+14
    0.3840    0.4238   -0.2840    0.1571E+13    0.7357E+14    0.7514E+14    0.5403E+14    0.2112E+14
    0.3850    0.4249   -0.2850    0.1578E+13    0.7366E+14    0.7524E+14    0.5410E+14    0.2114E+14
    0.3860    0.4260   -0.2860    0.1585E+13    0.7375E+14    0.7533E+14    0.5418E+14    0.2116E+14
    0.3870    0.4271   -0.2870    0.1592E+13    0.7383E+14    0.7542E+14    0.5425E+14    0.2117E+14
    0.3880    0.4282   -0.2880    0.1600E+13    0.7392E+14    0.7551E+14    0.5432E+14    0.2119E+14
    0.3890    0.4293   -0.2890    0.1607E+13    0.7400E+14    0.7561E+14    0.5439E+14    0.2121E+14
    0.3900    0.4304   -0.2900    0.1614E+13    0.7408E+14    0.7570E+14    0.5447E+14    0.2123E+14
    0.3910    0.4315   -0.2910    0.1621E+13    0.7417E+14    0.7579E+14    0.5454E+14    0.2125E+14
    0.3920    0.4326   -0.2920    0.1628E+13    0.7425E+14    0.7588E+14    0.5461E+14    0.2127E+14
    0.3930    0.4337   -0.2930    0.1636E+13    0.7433E+14    0.7597E+14    0.5468E+14    0.2129E+14
    0.3940    0.4348   -0.2940    0.1643E+13    0.7442E+14    0.7606E+14    0.5475E+14    0.2131E+14
    0.3950    0.4359   -0.2950    0.1650E+13    0.7450E+14    0.7615E+14    0.5482E+14    0.2133E+14
    0.3960    0.4370   -0.2960    0.1657E+13    0.7458E+14    0.7624E+14    0.5489E+14    0.2135E+14
    0.3970    0.4381   -0.2970    0.1664E+13    0.7466E+14    0.7633E+14    0.5496E+14    0.2137E+14
    0.3980    0.4392   -0.2980    0.1672E+13    0.7474E+14    0.7642E+14    0.5503E+14    0.2139E+14
    0.3990    0.4403   -0.2990    0.1679E+13    0.7483E+14    0.7650E+14    0.5510E+14    0.2141E+14
    0.4000    0.4414   -0.3000    0.1686E+13    0.7491E+14    0.7659E+14    0.5517E+14    0.2143E+14
    0.4010    0.4425   -0.3010    0.1693E+13    0.7499E+14    0.7668E+14    0.5523E+14    0.2145E+14
    0.4020    0.4436   -0.3020    0.1701E+13    0.7507E+14    0.7677E+14    0.5530E+14    0.2147E+14
    0.4030    0.4447   -0.3030    0.1708E+13    0.7515E+14    0.7685E+14    0.5537E+14    0.2148E+14
    0.4040    0.4458   -0.3040    0.1715E+13    0.7523E+14    0.7694E+14    0.5544E+14    0.2150E+14
    0.4050    0.4469   -0.3050    0.1722E+13    0.7530E+14    0.7703E+14    0.5550E+14    0.2152E+14
    0.4060    0.4480   -0.3060    0.1730E+13    0.7538E+14    0.7711E+14    0.5557E+14    0.2154E+14
    0.4070    0.4491   -0.3070    0.1737E+13    0.7546E+14    0.7720E+14    0.5564E+14    0.2156E+14
    0.4080    0.4502   -0.3080    0.1744E+13    0.7554E+14    0.7728E+14    0.5570E+14    0.2158E+14
    0.4090    0.4513   -0.3090    0.1751E+13    0.7562E+14    0.7737E+14    0.5577E+14    0.2160E+14
    0.4100    0.4524   -0.3100    0.1758E+13    0.7569E+14    0.7745E+14    0.5583E+14    0.2162E+14
    0.4110    0.4535   -0.3110    0.1766E+13    0.7577E+14    0.7754E+14    0.5590E+14    0.2164E+14
    0.4120    0.4546   -0.3120    0.1773E+13    0.7585E+14    0.7762E+14    0.5596E+14    0.2166E+14
    0.4130    0.4557   -0.3130    0.1780E+13    0.7592E+14    0.7770E+14    0.5603E+14    0.2168E+14
    0.4140    0.4568   -0.3140    0.1787E+13    0.7600E+14    0.7779E+14    0.5609E+14    0.2170E+14
    0.4150    0.4579   -0.3150    0.1795E+13    0.7608E+14    0.7787E+14    0.5615E+14    0.2172E+14
    0.4160    0.4590   -0.3160    0.1802E+13    0.7615E+14    0.7795E+14    0.5622E+14    0.2174E+14
    0.4170    0.4601   -0.3170    0.1809E+13    0.7623E+14    0.7804E+14    0.5628E+14    0.2176E+14
    0.4180    0.4612   -0.3180    0.1816E+13    0.7630E+14    0.7812E+14    0.5634E+14    0.2178E+14
    0.4190    0.4623   -0.3190    0.1824E+13    0.7638E+14    0.7820E+14    0.5640E+14    0.2180E+14
    0.4200    0.4634   -0.3200    0.1831E+13    0.7645E+14    0.7828E+14    0.5647E+14    0.2182E+14
    0.4210    0.4645   -0.3210    0.1838E+13    0.7652E+14    0.7836E+14    0.5653E+14    0.2183E+14
    0.4220    0.4656   -0.3220    0.1846E+13    0.7660E+14    0.7844E+14    0.5659E+14    0.2185E+14
    0.4230    0.4667   -0.3230    0.1853E+13    0.7667E+14    0.7852E+14    0.5665E+14    0.2187E+14
    0.4240    0.4678   -0.3240    0.1860E+13    0.7674E+14    0.7860E+14    0.5671E+14    0.2189E+14
    0.4250    0.4689   -0.3250    0.1867E+13    0.7682E+14    0.7868E+14    0.5677E+14    0.2191E+14
    0.4260    0.4700   -0.3260    0.1875E+13    0.7689E+14    0.7876E+14    0.5683E+14    0.2193E+14
    0.4270    0.4711   -0.3270    0.1882E+13    0.7696E+14    0.7884E+14    0.5689E+14    0.2195E+14
    0.4280    0.4722   -0.3280    0.1889E+13    0.7703E+14    0.7892E+14    0.5695E+14    0.2197E+14
    0.4290    0.4733   -0.3290    0.1896E+13    0.7710E+14    0.7900E+14    0.5701E+14    0.2199E+14
    0.4300    0.4744   -0.3300    0.1904E+13    0.7717E+14    0.7908E+14    0.5707E+14    0.2201E+14
    0.4310    0.4755   -0.3310    0.1911E+13    0.7724E+14    0.7915E+14    0.5713E+14    0.2203E+14
    0.4320    0.4765   -0.3320    0.1918E+13    0.7731E+14    0.7923E+14    0.5718E+14    0.2205E+14
    0.4330    0.4776   -0.3330    0.1925E+13    0.7738E+14    0.7931E+14    0.5724E+14    0.2207E+14
    0.4340    0.4787   -0.3340    0.1933E+13    0.7745E+14    0.7939E+14    0.5730E+14    0.2209E+14
    0.4350    0.4798   -0.3350    0.1940E+13    0.7752E+14    0.7946E+14    0.5736E+14    0.2211E+14
    0.4360    0.4809   -0.3360    0.1947E+13    0.7759E+14    0.7954E+14    0.5741E+14    0.2212E+14
    0.4370    0.4820   -0.3370    0.1955E+13    0.7766E+14    0.7961E+14    0.5747E+14    0.2214E+14
    0.4380    0.4831   -0.3380    0.1962E+13    0.7773E+14    0.7969E+14    0.5752E+14    0.2216E+14
    0.4390    0.4842   -0.3390    0.1969E+13    0.7779E+14    0.7976E+14    0.5758E+14    0.2218E+14
    0.4400    0.4853   -0.3400    0.1976E+13    0.7786E+14    0.7984E+14    0.5764E+14    0.2220E+14
    0.4410    0.4864   -0.3410    0.1984E+13    0.7793E+14    0.7991E+14    0.5769E+14    0.2222E+14
    0.4420    0.4875   -0.3420    0.1991E+13    0.7800E+14    0.7999E+14    0.5775E+14    0.2224E+14
    0.4430    0.4885   -0.3430    0.1998E+13    0.7806E+14    0.8006E+14    0.5780E+14    0.2226E+14
    0.4440    0.4896   -0.3440    0.2005E+13    0.7813E+14    0.8014E+14    0.5786E+14    0.2228E+14
    0.4450    0.4907   -0.3450    0.2013E+13    0.7820E+14    0.8021E+14    0.5791E+14    0.2230E+14
    0.4460    0.4918   -0.3460    0.2020E+13    0.7826E+14    0.8028E+14    0.5796E+14    0.2232E+14
    0.4470    0.4929   -0.3470    0.2027E+13    0.7833E+14    0.8035E+14    0.5802E+14    0.2234E+14
    0.4480    0.4940   -0.3480    0.2035E+13    0.7839E+14    0.8043E+14    0.5807E+14    0.2236E+14
    0.4490    0.4951   -0.3490    0.2042E+13    0.7846E+14    0.8050E+14    0.5812E+14    0.2238E+14
    0.4500    0.4961   -0.3500    0.2049E+13    0.7852E+14    0.8057E+14    0.5818E+14    0.2240E+14
    0.4510    0.4972   -0.3510    0.2057E+13    0.7859E+14    0.8064E+14    0.5823E+14    0.2241E+14
    0.4520    0.4983   -0.3520    0.2064E+13    0.7865E+14    0.8072E+14    0.5828E+14    0.2243E+14
    0.4530    0.4994   -0.3530    0.2071E+13    0.7872E+14    0.8079E+14    0.5833E+14    0.2245E+14
    0.4540    0.5005   -0.3540    0.2078E+13    0.7878E+14    0.8086E+14    0.5838E+14    0.2247E+14
    0.4550    0.5016   -0.3550    0.2086E+13    0.7884E+14    0.8093E+14    0.5844E+14    0.2249E+14
    0.4560    0.5027   -0.3560    0.2093E+13    0.7891E+14    0.8100E+14    0.5849E+14    0.2251E+14
    0.4570    0.5037   -0.3570    0.2100E+13    0.7897E+14    0.8107E+14    0.5854E+14    0.2253E+14
    0.4580    0.5048   -0.3580    0.2108E+13    0.7903E+14    0.8114E+14    0.5859E+14    0.2255E+14
    0.4590    0.5059   -0.3590    0.2115E+13    0.7909E+14    0.8121E+14    0.5864E+14    0.2257E+14
    0.4600    0.5070   -0.3600    0.2122E+13    0.7915E+14    0.8128E+14    0.5869E+14    0.2259E+14
    0.4610    0.5081   -0.3610    0.2130E+13    0.7922E+14    0.8135E+14    0.5874E+14    0.2261E+14
    0.4620    0.5091   -0.3620    0.2137E+13    0.7928E+14    0.8141E+14    0.5878E+14    0.2263E+14
    0.4630    0.5102   -0.3630    0.2144E+13    0.7934E+14    0.8148E+14    0.5883E+14    0.2265E+14
    0.4640    0.5113   -0.3640    0.2151E+13    0.7940E+14    0.8155E+14    0.5888E+14    0.2267E+14
    0.4650    0.5124   -0.3650    0.2159E+13    0.7946E+14    0.8162E+14    0.5893E+14    0.2269E+14
    0.4660    0.5135   -0.3660    0.2166E+13    0.7952E+14    0.8169E+14    0.5898E+14    0.2271E+14
    0.4670    0.5145   -0.3670    0.2173E+13    0.7958E+14    0.8175E+14    0.5903E+14    0.2273E+14
    0.4680    0.5156   -0.3680    0.2181E+13    0.7964E+14    0.8182E+14    0.5907E+14    0.2275E+14
    0.4690    0.5167   -0.3690    0.2188E+13    0.7970E+14    0.8189E+14    0.5912E+14    0.2277E+14
    0.4700    0.5178   -0.3700    0.2195E+13    0.7976E+14    0.8195E+14    0.5917E+14    0.2279E+14
    0.4710    0.5189   -0.3710    0.2203E+13    0.7982E+14    0.8202E+14    0.5921E+14    0.2281E+14
    0.4720    0.5199   -0.3720    0.2210E+13    0.7988E+14    0.8209E+14    0.5926E+14    0.2283E+14
    0.4730    0.5210   -0.3730    0.2217E+13    0.7994E+14    0.8215E+14    0.5931E+14    0.2285E+14
    0.4740    0.5221   -0.3740    0.2225E+13    0.7999E+14    0.8222E+14    0.5935E+14    0.2287E+14
    0.4750    0.5232   -0.3750    0.2232E+13    0.8005E+14    0.8228E+14    0.5940E+14    0.2289E+14
    0.4760    0.5242   -0.3760    0.2239E+13    0.8011E+14    0.8235E+14    0.5944E+14    0.2290E+14
    0.4770    0.5253   -0.3770    0.2247E+13    0.8017E+14    0.8241E+14    0.5949E+14    0.2292E+14
    0.4780    0.5264   -0.3780    0.2254E+13    0.8022E+14    0.8248E+14    0.5953E+14    0.2294E+14
    0.4790    0.5275   -0.3790    0.2261E+13    0.8028E+14    0.8254E+14    0.5958E+14    0.2296E+14
    0.4800    0.5285   -0.3800    0.2269E+13    0.8034E+14    0.8261E+14    0.5962E+14    0.2298E+14
    0.4810    0.5296   -0.3810    0.2276E+13    0.8040E+14    0.8267E+14    0.5967E+14    0.2300E+14
    0.4820    0.5307   -0.3820    0.2283E+13    0.8045E+14    0.8274E+14    0.5971E+14    0.2302E+14
    0.4830    0.5318   -0.3830    0.2291E+13    0.8051E+14    0.8280E+14    0.5976E+14    0.2304E+14
    0.4840    0.5328   -0.3840    0.2298E+13    0.8056E+14    0.8286E+14    0.5980E+14    0.2306E+14
    0.4850    0.5339   -0.3850    0.2306E+13    0.8062E+14    0.8292E+14    0.5984E+14    0.2308E+14
    0.4860    0.5350   -0.3860    0.2313E+13    0.8067E+14    0.8299E+14    0.5989E+14    0.2310E+14
    0.4870    0.5361   -0.3870    0.2320E+13    0.8073E+14    0.8305E+14    0.5993E+14    0.2312E+14
    0.4880    0.5371   -0.3880    0.2328E+13    0.8078E+14    0.8311E+14    0.5997E+14    0.2314E+14
    0.4890    0.5382   -0.3890    0.2335E+13    0.8084E+14    0.8317E+14    0.6001E+14    0.2316E+14
    0.4900    0.5393   -0.3900    0.2342E+13    0.8089E+14    0.8323E+14    0.6005E+14    0.2318E+14
    0.4910    0.5403   -0.3910    0.2350E+13    0.8094E+14    0.8329E+14    0.6009E+14    0.2320E+14
    0.4920    0.5414   -0.3920    0.2357E+13    0.8100E+14    0.8336E+14    0.6014E+14    0.2322E+14
    0.4930    0.5425   -0.3930    0.2364E+13    0.8105E+14    0.8342E+14    0.6018E+14    0.2324E+14
    0.4940    0.5436   -0.3940    0.2372E+13    0.8110E+14    0.8348E+14    0.6022E+14    0.2326E+14
    0.4950    0.5446   -0.3950    0.2379E+13    0.8116E+14    0.8354E+14    0.6026E+14    0.2328E+14
    0.4960    0.5457   -0.3960    0.2387E+13    0.8121E+14    0.8360E+14    0.6030E+14    0.2330E+14
    0.4970    0.5468   -0.3970    0.2394E+13    0.8126E+14    0.8366E+14    0.6034E+14    0.2332E+14
    0.4980    0.5478   -0.3980    0.2401E+13    0.8131E+14    0.8371E+14    0.6038E+14    0.2334E+14
    0.4990    0.5489   -0.3990    0.2409E+13    0.8137E+14    0.8377E+14    0.6042E+14    0.2336E+14
    0.5000    0.5500   -0.4000    0.2416E+13    0.8142E+14    0.8383E+14    0.6046E+14    0.2338E+14
    0.5010    0.5510   -0.4010    0.2423E+13    0.8147E+14    0.8389E+14    0.6050E+14    0.2340E+14
    0.5020    0.5521   -0.4020    0.2431E+13    0.8152E+14    0.8395E+14    0.6054E+14    0.2342E+14
    0.5030    0.5532   -0.4030    0.2438E+13    0.8157E+14    0.8401E+14    0.6057E+14    0.2344E+14
    0.5040    0.5542   -0.4040    0.2446E+13    0.8162E+14    0.8407E+14    0.6061E+14    0.2346E+14
    0.5050    0.5553   -0.4050    0.2453E+13    0.8167E+14    0.8413E+14    0.6065E+14    0.2348E+14
    0.5060    0.5564   -0.4060    0.2460E+13    0.8172E+14    0.8419E+14    0.6069E+14    0.2350E+14
    0.5070    0.5574   -0.4070    0.2468E+13    0.8177E+14    0.8424E+14    0.6073E+14    0.2351E+14
    0.5080    0.5585   -0.4080    0.2475E+13    0.8182E+14    0.8430E+14    0.6076E+14    0.2353E+14
    0.5090    0.5596   -0.4090    0.2483E+13    0.8187E+14    0.8436E+14    0.6080E+14    0.2355E+14
    0.5100    0.5606   -0.4100    0.2490E+13    0.8192E+14    0.8441E+14    0.6084E+14    0.2357E+14
    0.5110    0.5617   -0.4110    0.2497E+13    0.8197E+14    0.8447E+14    0.6088E+14    0.2359E+14
    0.5120    0.5628   -0.4120    0.2505E+13    0.8202E+14    0.8453E+14    0.6091E+14    0.2361E+14
    0.5130    0.5638   -0.4130    0.2512E+13    0.8207E+14    0.8458E+14    0.6095E+14    0.2363E+14
    0.5140    0.5649   -0.4140    0.2520E+13    0.8212E+14    0.8464E+14    0.6099E+14    0.2365E+14
    0.5150    0.5659   -0.4150    0.2527E+13    0.8217E+14    0.8470E+14    0.6102E+14    0.2367E+14
    0.5160    0.5670   -0.4160    0.2534E+13    0.8222E+14    0.8475E+14    0.6106E+14    0.2369E+14
    0.5170    0.5681   -0.4170    0.2542E+13    0.8226E+14    0.8481E+14    0.6109E+14    0.2371E+14
    0.5180    0.5691   -0.4180    0.2549E+13    0.8231E+14    0.8486E+14    0.6113E+14    0.2373E+14
    0.5190    0.5702   -0.4190    0.2557E+13    0.8236E+14    0.8492E+14    0.6116E+14    0.2375E+14
    0.5200    0.5712   -0.4200    0.2564E+13    0.8241E+14    0.8497E+14    0.6120E+14    0.2377E+14
    0.5210    0.5723   -0.4210    0.2572E+13    0.8246E+14    0.8503E+14    0.6123E+14    0.2379E+14
    0.5220    0.5734   -0.4220    0.2579E+13    0.8250E+14    0.8508E+14    0.6127E+14    0.2381E+14
    0.5230    0.5744   -0.4230    0.2586E+13    0.8255E+14    0.8514E+14    0.6130E+14    0.2383E+14
    0.5240    0.5755   -0.4240    0.2594E+13    0.8260E+14    0.8519E+14    0.6134E+14    0.2385E+14
    0.5250    0.5765   -0.4250    0.2601E+13    0.8264E+14    0.8524E+14    0.6137E+14    0.2387E+14
    0.5260    0.5776   -0.4260    0.2609E+13    0.8269E+14    0.8530E+14    0.6140E+14    0.2389E+14
    0.5270    0.5787   -0.4270    0.2616E+13    0.8273E+14    0.8535E+14    0.6144E+14    0.2391E+14
    0.5280    0.5797   -0.4280    0.2623E+13    0.8278E+14    0.8540E+14    0.6147E+14    0.2393E+14
    0.5290    0.5808   -0.4290    0.2631E+13    0.8283E+14    0.8546E+14    0.6150E+14    0.2395E+14
    0.5300    0.5818   -0.4300    0.2638E+13    0.8287E+14    0.8551E+14    0.6154E+14    0.2397E+14
    0.5310    0.5829   -0.4310    0.2646E+13    0.8292E+14    0.8556E+14    0.6157E+14    0.2399E+14
    0.5320    0.5839   -0.4320    0.2653E+13    0.8296E+14    0.8561E+14    0.6160E+14    0.2401E+14
    0.5330    0.5850   -0.4330    0.2661E+13    0.8301E+14    0.8567E+14    0.6163E+14    0.2403E+14
    0.5340    0.5860   -0.4340    0.2668E+13    0.8305E+14    0.8572E+14    0.6167E+14    0.2405E+14
    0.5350    0.5871   -0.4350    0.2675E+13    0.8309E+14    0.8577E+14    0.6170E+14    0.2407E+14
    0.5360    0.5882   -0.4360    0.2683E+13    0.8314E+14    0.8582E+14    0.6173E+14    0.2409E+14
    0.5370    0.5892   -0.4370    0.2690E+13    0.8318E+14    0.8587E+14    0.6176E+14    0.2411E+14
    0.5380    0.5903   -0.4380    0.2698E+13    0.8323E+14    0.8592E+14    0.6179E+14    0.2413E+14
    0.5390    0.5913   -0.4390    0.2705E+13    0.8327E+14    0.8597E+14    0.6182E+14    0.2415E+14
    0.5400    0.5924   -0.4400    0.2713E+13    0.8331E+14    0.8602E+14    0.6185E+14    0.2417E+14
    0.5410    0.5934   -0.4410    0.2720E+13    0.8335E+14    0.8607E+14    0.6188E+14    0.2419E+14
    0.5420    0.5945   -0.4420    0.2727E+13    0.8340E+14    0.8612E+14    0.6191E+14    0.2421E+14
    0.5430    0.5955   -0.4430    0.2735E+13    0.8344E+14    0.8617E+14    0.6194E+14    0.2423E+14
    0.5440    0.5966   -0.4440    0.2742E+13    0.8348E+14    0.8622E+14    0.6197E+14    0.2425E+14
    0.5450    0.5976   -0.4450    0.2750E+13    0.8352E+14    0.8627E+14    0.6200E+14    0.2427E+14
    0.5460    0.5987   -0.4460    0.2757E+13    0.8357E+14    0.8632E+14    0.6203E+14    0.2429E+14
    0.5470    0.5997   -0.4470    0.2765E+13    0.8361E+14    0.8637E+14    0.6206E+14    0.2431E+14
    0.5480    0.6008   -0.4480    0.2772E+13    0.8365E+14    0.8642E+14    0.6209E+14    0.2433E+14
    0.5490    0.6018   -0.4490    0.2779E+13    0.8369E+14    0.8647E+14    0.6212E+14    0.2435E+14
    0.5500    0.6029   -0.4500    0.2787E+13    0.8373E+14    0.8652E+14    0.6215E+14    0.2437E+14
    0.5510    0.6039   -0.4510    0.2794E+13    0.8377E+14    0.8657E+14    0.6218E+14    0.2439E+14
    0.5520    0.6050   -0.4520    0.2802E+13    0.8381E+14    0.8662E+14    0.6220E+14    0.2441E+14
    0.5530    0.6060   -0.4530    0.2809E+13    0.8385E+14    0.8666E+14    0.6223E+14    0.2443E+14
    0.5540    0.6071   -0.4540    0.2817E+13    0.8390E+14    0.8671E+14    0.6226E+14    0.2445E+14
    0.5550    0.6081   -0.4550    0.2824E+13    0.8394E+14    0.8676E+14    0.6229E+14    0.2447E+14
    0.5560    0.6092   -0.4560    0.2831E+13    0.8398E+14    0.8681E+14    0.6232E+14    0.2449E+14
    0.5570    0.6102   -0.4570    0.2839E+13    0.8402E+14    0.8685E+14    0.6234E+14    0.2451E+14
    0.5580    0.6113   -0.4580    0.2846E+13    0.8406E+14    0.8690E+14    0.6237E+14    0.2453E+14
    0.5590    0.6123   -0.4590    0.2854E+13    0.8410E+14    0.8695E+14    0.6240E+14    0.2455E+14
    0.5600    0.6134   -0.4600    0.2861E+13    0.8413E+14    0.8700E+14    0.6242E+14    0.2457E+14
    0.5610    0.6144   -0.4610    0.2869E+13    0.8417E+14    0.8704E+14    0.6245E+14    0.2459E+14
    0.5620    0.6155   -0.4620    0.2876E+13    0.8421E+14    0.8709E+14    0.6248E+14    0.2461E+14
    0.5630    0.6165   -0.4630    0.2883E+13    0.8425E+14    0.8714E+14    0.6250E+14    0.2463E+14
    0.5640    0.6175   -0.4640    0.2891E+13    0.8429E+14    0.8718E+14    0.6253E+14    0.2465E+14
    0.5650    0.6186   -0.4650    0.2898E+13    0.8433E+14    0.8723E+14    0.6255E+14    0.2467E+14
    0.5660    0.6196   -0.4660    0.2906E+13    0.8437E+14    0.8727E+14    0.6258E+14    0.2469E+14
    0.5670    0.6207   -0.4670    0.2913E+13    0.8441E+14    0.8732E+14    0.6260E+14    0.2471E+14
    0.5680    0.6217   -0.4680    0.2921E+13    0.8444E+14    0.8736E+14    0.6263E+14    0.2473E+14
    0.5690    0.6228   -0.4690    0.2928E+13    0.8448E+14    0.8741E+14    0.6265E+14    0.2475E+14
    0.5700    0.6238   -0.4700    0.2935E+13    0.8452E+14    0.8745E+14    0.6268E+14    0.2477E+14
    0.5710    0.6248   -0.4710    0.2943E+13    0.8456E+14    0.8750E+14    0.6270E+14    0.2479E+14
    0.5720    0.6259   -0.4720    0.2950E+13    0.8459E+14    0.8754E+14    0.6273E+14    0.2482E+14
    0.5730    0.6269   -0.4730    0.2958E+13    0.8463E+14    0.8759E+14    0.6275E+14    0.2484E+14
    0.5740    0.6280   -0.4740    0.2965E+13    0.8467E+14    0.8763E+14    0.6278E+14    0.2485E+14
    0.5750    0.6290   -0.4750    0.2972E+13    0.8470E+14    0.8767E+14    0.6280E+14    0.2488E+14
    0.5760    0.6301   -0.4760    0.2980E+13    0.8474E+14    0.8772E+14    0.6282E+14    0.2490E+14
    0.5770    0.6311   -0.4770    0.2987E+13    0.8478E+14    0.8776E+14    0.6285E+14    0.2492E+14
    0.5780    0.6321   -0.4780    0.2995E+13    0.8481E+14    0.8781E+14    0.6287E+14    0.2494E+14
    0.5790    0.6332   -0.4790    0.3002E+13    0.8485E+14    0.8785E+14    0.6289E+14    0.2496E+14
    0.5800    0.6342   -0.4800    0.3010E+13    0.8488E+14    0.8789E+14    0.6292E+14    0.2498E+14
    0.5810    0.6353   -0.4810    0.3017E+13    0.8492E+14    0.8794E+14    0.6294E+14    0.2500E+14
    0.5820    0.6363   -0.4820    0.3024E+13    0.8495E+14    0.8798E+14    0.6296E+14    0.2502E+14
    0.5830    0.6373   -0.4830    0.3032E+13    0.8499E+14    0.8802E+14    0.6298E+14    0.2504E+14
    0.5840    0.6384   -0.4840    0.3039E+13    0.8502E+14    0.8806E+14    0.6301E+14    0.2506E+14
    0.5850    0.6394   -0.4850    0.3047E+13    0.8506E+14    0.8811E+14    0.6303E+14    0.2508E+14
    0.5860    0.6404   -0.4860    0.3054E+13    0.8509E+14    0.8815E+14    0.6305E+14    0.2510E+14
    0.5870    0.6415   -0.4870    0.3061E+13    0.8513E+14    0.8819E+14    0.6307E+14    0.2512E+14
    0.5880    0.6425   -0.4880    0.3069E+13    0.8516E+14    0.8823E+14    0.6309E+14    0.2514E+14
    0.5890    0.6436   -0.4890    0.3076E+13    0.8519E+14    0.8827E+14    0.6311E+14    0.2516E+14
    0.5900    0.6446   -0.4900    0.3084E+13    0.8523E+14    0.8831E+14    0.6313E+14    0.2518E+14
    0.5910    0.6456   -0.4910    0.3091E+13    0.8526E+14    0.8835E+14    0.6315E+14    0.2520E+14
    0.5920    0.6467   -0.4920    0.3098E+13    0.8530E+14    0.8839E+14    0.6318E+14    0.2522E+14
    0.5930    0.6477   -0.4930    0.3106E+13    0.8533E+14    0.8844E+14    0.6320E+14    0.2524E+14
    0.5940    0.6487   -0.4940    0.3113E+13    0.8536E+14    0.8848E+14    0.6322E+14    0.2526E+14
    0.5950    0.6498   -0.4950    0.3121E+13    0.8540E+14    0.8852E+14    0.6324E+14    0.2528E+14
    0.5960    0.6508   -0.4960    0.3128E+13    0.8543E+14    0.8856E+14    0.6326E+14    0.2530E+14
    0.5970    0.6518   -0.4970    0.3136E+13    0.8546E+14    0.8860E+14    0.6328E+14    0.2532E+14
    0.5980    0.6529   -0.4980    0.3143E+13    0.8549E+14    0.8864E+14    0.6330E+14    0.2534E+14
    0.5990    0.6539   -0.4990    0.3150E+13    0.8553E+14    0.8868E+14    0.6332E+14    0.2536E+14
    0.6000    0.6549   -0.5000    0.3158E+13    0.8556E+14    0.8872E+14    0.6334E+14    0.2538E+14
    0.6010    0.6560   -0.5010    0.3165E+13    0.8559E+14    0.8875E+14    0.6335E+14    0.2540E+14
    0.6020    0.6570   -0.5020    0.3173E+13    0.8562E+14    0.8879E+14    0.6337E+14    0.2542E+14
    0.6030    0.6580   -0.5030    0.3180E+13    0.8565E+14    0.8883E+14    0.6339E+14    0.2544E+14
    0.6040    0.6591   -0.5040    0.3187E+13    0.8568E+14    0.8887E+14    0.6341E+14    0.2546E+14
    0.6050    0.6601   -0.5050    0.3195E+13    0.8572E+14    0.8891E+14    0.6343E+14    0.2548E+14
    0.6060    0.6611   -0.5060    0.3202E+13    0.8575E+14    0.8895E+14    0.6345E+14    0.2550E+14
    0.6070    0.6622   -0.5070    0.3209E+13    0.8578E+14    0.8899E+14    0.6346E+14    0.2552E+14
    0.6080    0.6632   -0.5080    0.3217E+13    0.8581E+14    0.8903E+14    0.6348E+14    0.2554E+14
    0.6090    0.6642   -0.5090    0.3224E+13    0.8584E+14    0.8906E+14    0.6350E+14    0.2556E+14
    0.6100    0.6653   -0.5100    0.3232E+13    0.8587E+14    0.8910E+14    0.6352E+14    0.2558E+14
    0.6110    0.6663   -0.5110    0.3239E+13    0.8590E+14    0.8914E+14    0.6354E+14    0.2560E+14
    0.6120    0.6673   -0.5120    0.3246E+13    0.8593E+14    0.8918E+14    0.6355E+14    0.2562E+14
    0.6130    0.6683   -0.5130    0.3254E+13    0.8596E+14    0.8922E+14    0.6357E+14    0.2565E+14
    0.6140    0.6694   -0.5140    0.3261E+13    0.8599E+14    0.8925E+14    0.6359E+14    0.2567E+14
    0.6150    0.6704   -0.5150    0.3269E+13    0.8602E+14    0.8929E+14    0.6361E+14    0.2569E+14
    0.6160    0.6714   -0.5160    0.3276E+13    0.8605E+14    0.8933E+14    0.6362E+14    0.2571E+14
    0.6170    0.6725   -0.5170    0.3283E+13    0.8608E+14    0.8937E+14    0.6364E+14    0.2573E+14
    0.6180    0.6735   -0.5180    0.3291E+13    0.8611E+14    0.8940E+14    0.6366E+14    0.2575E+14
    0.6190    0.6745   -0.5190    0.3298E+13    0.8614E+14    0.8944E+14    0.6367E+14    0.2577E+14
    0.6200    0.6755   -0.5200    0.3305E+13    0.8617E+14    0.8948E+14    0.6369E+14    0.2579E+14
    0.6210    0.6766   -0.5210    0.3313E+13    0.8620E+14    0.8952E+14    0.6371E+14    0.2581E+14
    0.6220    0.6776   -0.5220    0.3320E+13    0.8623E+14    0.8955E+14    0.6372E+14    0.2583E+14
    0.6230    0.6786   -0.5230    0.3328E+13    0.8626E+14    0.8959E+14    0.6374E+14    0.2585E+14
    0.6240    0.6796   -0.5240    0.3335E+13    0.8629E+14    0.8962E+14    0.6375E+14    0.2587E+14
    0.6250    0.6807   -0.5250    0.3342E+13    0.8632E+14    0.8966E+14    0.6377E+14    0.2589E+14
    0.6260    0.6817   -0.5260    0.3350E+13    0.8635E+14    0.8970E+14    0.6379E+14    0.2591E+14
    0.6270    0.6827   -0.5270    0.3357E+13    0.8638E+14    0.8973E+14    0.6380E+14    0.2593E+14
    0.6280    0.6837   -0.5280    0.3364E+13    0.8640E+14    0.8977E+14    0.6382E+14    0.2595E+14
    0.6290    0.6847   -0.5290    0.3372E+13    0.8643E+14    0.8980E+14    0.6383E+14    0.2597E+14
    0.6300    0.6858   -0.5300    0.3379E+13    0.8646E+14    0.8984E+14    0.6385E+14    0.2599E+14
    0.6310    0.6868   -0.5310    0.3386E+13    0.8649E+14    0.8987E+14    0.6386E+14    0.2601E+14
    0.6320    0.6878   -0.5320    0.3394E+13    0.8652E+14    0.8991E+14    0.6387E+14    0.2604E+14
    0.6330    0.6888   -0.5330    0.3401E+13    0.8654E+14    0.8995E+14    0.6389E+14    0.2606E+14
    0.6340    0.6898   -0.5340    0.3408E+13    0.8657E+14    0.8998E+14    0.6390E+14    0.2608E+14
    0.6350    0.6909   -0.5350    0.3416E+13    0.8660E+14    0.9001E+14    0.6392E+14    0.2610E+14
    0.6360    0.6919   -0.5360    0.3423E+13    0.8663E+14    0.9005E+14    0.6393E+14    0.2612E+14
    0.6370    0.6929   -0.5370    0.3430E+13    0.8665E+14    0.9008E+14    0.6395E+14    0.2614E+14
    0.6380    0.6939   -0.5380    0.3438E+13    0.8668E+14    0.9012E+14    0.6396E+14    0.2616E+14
    0.6390    0.6949   -0.5390    0.3445E+13    0.8671E+14    0.9015E+14    0.6397E+14    0.2618E+14
    0.6400    0.6960   -0.5400    0.3452E+13    0.8673E+14    0.9019E+14    0.6399E+14    0.2620E+14
    0.6410    0.6970   -0.5410    0.3460E+13    0.8676E+14    0.9022E+14    0.6400E+14    0.2622E+14
    0.6420    0.6980   -0.5420    0.3467E+13    0.8679E+14    0.9025E+14    0.6401E+14    0.2624E+14
    0.6430    0.6990   -0.5430    0.3474E+13    0.8681E+14    0.9029E+14    0.6403E+14    0.2626E+14
    0.6440    0.7000   -0.5440    0.3482E+13    0.8684E+14    0.9032E+14    0.6404E+14    0.2628E+14
    0.6450    0.7011   -0.5450    0.3489E+13    0.8687E+14    0.9036E+14    0.6405E+14    0.2630E+14
    0.6460    0.7021   -0.5460    0.3496E+13    0.8689E+14    0.9039E+14    0.6407E+14    0.2632E+14
    0.6470    0.7031   -0.5470    0.3504E+13    0.8692E+14    0.9042E+14    0.6408E+14    0.2634E+14
    0.6480    0.7041   -0.5480    0.3511E+13    0.8694E+14    0.9046E+14    0.6409E+14    0.2636E+14
    0.6490    0.7051   -0.5490    0.3518E+13    0.8697E+14    0.9049E+14    0.6410E+14    0.2639E+14
    0.6500    0.7061   -0.5500    0.3526E+13    0.8700E+14    0.9052E+14    0.6411E+14    0.2641E+14
    0.6510    0.7071   -0.5510    0.3533E+13    0.8702E+14    0.9055E+14    0.6413E+14    0.2643E+14
    0.6520    0.7082   -0.5520    0.3540E+13    0.8705E+14    0.9059E+14    0.6414E+14    0.2645E+14
    0.6530    0.7092   -0.5530    0.3548E+13    0.8707E+14    0.9062E+14    0.6415E+14    0.2647E+14
    0.6540    0.7102   -0.5540    0.3555E+13    0.8710E+14    0.9065E+14    0.6416E+14    0.2649E+14
    0.6550    0.7112   -0.5550    0.3562E+13    0.8712E+14    0.9068E+14    0.6417E+14    0.2651E+14
    0.6560    0.7122   -0.5560    0.3570E+13    0.8715E+14    0.9072E+14    0.6419E+14    0.2653E+14
    0.6570    0.7132   -0.5570    0.3577E+13    0.8717E+14    0.9075E+14    0.6420E+14    0.2655E+14
    0.6580    0.7142   -0.5580    0.3584E+13    0.8719E+14    0.9078E+14    0.6421E+14    0.2657E+14
    0.6590    0.7153   -0.5590    0.3591E+13    0.8722E+14    0.9081E+14    0.6422E+14    0.2659E+14
    0.6600    0.7163   -0.5600    0.3599E+13    0.8724E+14    0.9084E+14    0.6423E+14    0.2661E+14
    0.6610    0.7173   -0.5610    0.3606E+13    0.8727E+14    0.9087E+14    0.6424E+14    0.2663E+14
    0.6620    0.7183   -0.5620    0.3613E+13    0.8729E+14    0.9090E+14    0.6425E+14    0.2665E+14
    0.6630    0.7193   -0.5630    0.3621E+13    0.8732E+14    0.9094E+14    0.6426E+14    0.2667E+14
    0.6640    0.7203   -0.5640    0.3628E+13    0.8734E+14    0.9097E+14    0.6427E+14    0.2670E+14
    0.6650    0.7213   -0.5650    0.3635E+13    0.8736E+14    0.9100E+14    0.6428E+14    0.2672E+14
    0.6660    0.7223   -0.5660    0.3642E+13    0.8739E+14    0.9103E+14    0.6429E+14    0.2674E+14
    0.6670    0.7233   -0.5670    0.3650E+13    0.8741E+14    0.9106E+14    0.6430E+14    0.2676E+14
    0.6680    0.7243   -0.5680    0.3657E+13    0.8743E+14    0.9109E+14    0.6431E+14    0.2678E+14
    0.6690    0.7254   -0.5690    0.3664E+13    0.8746E+14    0.9112E+14    0.6432E+14    0.2680E+14
    0.6700    0.7264   -0.5700    0.3671E+13    0.8748E+14    0.9115E+14    0.6433E+14    0.2682E+14
    0.6710    0.7274   -0.5710    0.3679E+13    0.8750E+14    0.9118E+14    0.6434E+14    0.2684E+14
    0.6720    0.7284   -0.5720    0.3686E+13    0.8753E+14    0.9121E+14    0.6435E+14    0.2686E+14
    0.6730    0.7294   -0.5730    0.3693E+13    0.8755E+14    0.9124E+14    0.6436E+14    0.2688E+14
    0.6740    0.7304   -0.5740    0.3700E+13    0.8757E+14    0.9127E+14    0.6437E+14    0.2690E+14
    0.6750    0.7314   -0.5750    0.3708E+13    0.8759E+14    0.9130E+14    0.6438E+14    0.2692E+14
    0.6760    0.7324   -0.5760    0.3715E+13    0.8761E+14    0.9133E+14    0.6439E+14    0.2694E+14
    0.6770    0.7334   -0.5770    0.3722E+13    0.8764E+14    0.9136E+14    0.6439E+14    0.2696E+14
    0.6780    0.7344   -0.5780    0.3729E+13    0.8766E+14    0.9139E+14    0.6440E+14    0.2698E+14
    0.6790    0.7354   -0.5790    0.3737E+13    0.8768E+14    0.9142E+14    0.6441E+14    0.2701E+14
    0.6800    0.7364   -0.5800    0.3744E+13    0.8770E+14    0.9145E+14    0.6442E+14    0.2703E+14
    0.6810    0.7374   -0.5810    0.3751E+13    0.8772E+14    0.9148E+14    0.6443E+14    0.2705E+14
    0.6820    0.7384   -0.5820    0.3758E+13    0.8775E+14    0.9150E+14    0.6444E+14    0.2707E+14
    0.6830    0.7394   -0.5830    0.3766E+13    0.8777E+14    0.9153E+14    0.6444E+14    0.2709E+14
    0.6840    0.7405   -0.5840    0.3773E+13    0.8779E+14    0.9156E+14    0.6445E+14    0.2711E+14
    0.6850    0.7415   -0.5850    0.3780E+13    0.8781E+14    0.9159E+14    0.6446E+14    0.2713E+14
    0.6860    0.7425   -0.5860    0.3787E+13    0.8783E+14    0.9162E+14    0.6447E+14    0.2715E+14
    0.6870    0.7435   -0.5870    0.3794E+13    0.8785E+14    0.9165E+14    0.6448E+14    0.2717E+14
    0.6880    0.7445   -0.5880    0.3802E+13    0.8787E+14    0.9167E+14    0.6448E+14    0.2719E+14
    0.6890    0.7455   -0.5890    0.3809E+13    0.8789E+14    0.9170E+14    0.6449E+14    0.2721E+14
    0.6900    0.7465   -0.5900    0.3816E+13    0.8791E+14    0.9173E+14    0.6450E+14    0.2723E+14
    0.6910    0.7475   -0.5910    0.3823E+13    0.8793E+14    0.9176E+14    0.6451E+14    0.2725E+14
    0.6920    0.7485   -0.5920    0.3830E+13    0.8796E+14    0.9179E+14    0.6451E+14    0.2727E+14
    0.6930    0.7495   -0.5930    0.3838E+13    0.8798E+14    0.9181E+14    0.6452E+14    0.2729E+14
    0.6940    0.7505   -0.5940    0.3845E+13    0.8800E+14    0.9184E+14    0.6453E+14    0.2731E+14
    0.6950    0.7515   -0.5950    0.3852E+13    0.8802E+14    0.9187E+14    0.6453E+14    0.2734E+14
    0.6960    0.7525   -0.5960    0.3859E+13    0.8804E+14    0.9190E+14    0.6454E+14    0.2736E+14
    0.6970    0.7535   -0.5970    0.3866E+13    0.8806E+14    0.9192E+14    0.6455E+14    0.2738E+14
    0.6980    0.7545   -0.5980    0.3874E+13    0.8808E+14    0.9195E+14    0.6455E+14    0.2740E+14
    0.6990    0.7555   -0.5990    0.3881E+13    0.8810E+14    0.9198E+14    0.6456E+14    0.2742E+14
    0.7000    0.7565   -0.6000    0.3888E+13    0.8812E+14    0.9200E+14    0.6456E+14    0.2744E+14
