     Evm         C11  C22  C33  C23  C13  C12   C44  C55  C66                                                                   A1  A2  A3
     0.00000     0.2617E+03  0.2623E+03  0.2606E+03  0.1099E+03  0.1105E+03  0.1088E+03  0.7556E+02  0.7623E+02  0.7452E+02     0.1000E-05  0.1000E-05  0.1000E-05
     0.02309     0.2616E+03  0.2623E+03  0.2606E+03  0.1098E+03  0.1106E+03  0.1089E+03  0.7554E+02  0.7629E+02  0.7456E+02     0.1000E-05  0.1000E-05  0.1000E-05
     0.04618     0.2614E+03  0.2623E+03  0.2606E+03  0.1098E+03  0.1106E+03  0.1089E+03  0.7551E+02  0.7632E+02  0.7463E+02     0.1000E-05  0.1000E-05  0.1000E-05
     0.06927     0.2614E+03  0.2622E+03  0.2606E+03  0.1097E+03  0.1106E+03  0.1090E+03  0.7545E+02  0.7632E+02  0.7470E+02     0.1000E-05  0.1000E-05  0.1000E-05
     0.09236     0.2613E+03  0.2622E+03  0.2608E+03  0.1097E+03  0.1106E+03  0.1091E+03  0.7538E+02  0.7630E+02  0.7478E+02     0.1000E-05  0.1000E-05  0.1000E-05
     0.11545     0.2613E+03  0.2622E+03  0.2609E+03  0.1096E+03  0.1105E+03  0.1092E+03  0.7529E+02  0.7624E+02  0.7485E+02     0.1000E-05  0.1000E-05  0.1000E-05
     0.13854     0.2613E+03  0.2623E+03  0.2611E+03  0.1095E+03  0.1104E+03  0.1093E+03  0.7518E+02  0.7616E+02  0.7492E+02     0.1000E-05  0.1000E-05  0.1000E-05
     0.16163     0.2614E+03  0.2623E+03  0.2613E+03  0.1094E+03  0.1103E+03  0.1093E+03  0.7507E+02  0.7605E+02  0.7499E+02     0.1000E-05  0.1000E-05  0.1000E-05
     0.18472     0.2614E+03  0.2623E+03  0.2616E+03  0.1092E+03  0.1101E+03  0.1094E+03  0.7494E+02  0.7593E+02  0.7506E+02     0.1000E-05  0.1000E-05  0.1000E-05
     0.20781     0.2615E+03  0.2624E+03  0.2619E+03  0.1091E+03  0.1100E+03  0.1095E+03  0.7482E+02  0.7579E+02  0.7513E+02     0.1000E-05  0.1000E-05  0.1000E-05
     0.23090     0.2616E+03  0.2624E+03  0.2622E+03  0.1090E+03  0.1098E+03  0.1096E+03  0.7469E+02  0.7564E+02  0.7521E+02     0.1000E-05  0.1000E-05  0.1000E-05
     0.25399     0.2617E+03  0.2624E+03  0.2625E+03  0.1089E+03  0.1096E+03  0.1097E+03  0.7456E+02  0.7548E+02  0.7530E+02     0.1000E-05  0.1000E-05  0.1000E-05
     0.27708     0.2618E+03  0.2624E+03  0.2628E+03  0.1088E+03  0.1094E+03  0.1098E+03  0.7443E+02  0.7532E+02  0.7539E+02     0.1000E-05  0.1000E-05  0.1000E-05
     0.30017     0.2619E+03  0.2624E+03  0.2631E+03  0.1087E+03  0.1092E+03  0.1099E+03  0.7430E+02  0.7514E+02  0.7548E+02     0.1000E-05  0.1000E-05  0.1000E-05
     0.32326     0.2620E+03  0.2624E+03  0.2635E+03  0.1085E+03  0.1090E+03  0.1100E+03  0.7416E+02  0.7496E+02  0.7557E+02     0.1000E-05  0.1000E-05  0.1000E-05
     0.34635     0.2621E+03  0.2625E+03  0.2638E+03  0.1084E+03  0.1088E+03  0.1101E+03  0.7402E+02  0.7477E+02  0.7566E+02     0.1000E-05  0.1000E-05  0.1000E-05
     0.36943     0.2622E+03  0.2625E+03  0.2642E+03  0.1083E+03  0.1085E+03  0.1103E+03  0.7388E+02  0.7458E+02  0.7575E+02     0.1000E-05  0.1000E-05  0.1000E-05
     0.39252     0.2623E+03  0.2625E+03  0.2646E+03  0.1081E+03  0.1083E+03  0.1104E+03  0.7373E+02  0.7440E+02  0.7584E+02     0.1000E-05  0.1000E-05  0.1000E-05
     0.41561     0.2625E+03  0.2625E+03  0.2649E+03  0.1080E+03  0.1081E+03  0.1105E+03  0.7358E+02  0.7421E+02  0.7592E+02     0.1000E-05  0.1000E-05  0.1000E-05
     0.43870     0.2626E+03  0.2626E+03  0.2653E+03  0.1079E+03  0.1079E+03  0.1106E+03  0.7343E+02  0.7403E+02  0.7599E+02     0.1000E-05  0.1000E-05  0.1000E-05
     0.46178     0.2627E+03  0.2626E+03  0.2656E+03  0.1077E+03  0.1076E+03  0.1106E+03  0.7327E+02  0.7386E+02  0.7606E+02     0.1000E-05  0.1000E-05  0.1000E-05
     0.48487     0.2628E+03  0.2627E+03  0.2660E+03  0.1076E+03  0.1074E+03  0.1107E+03  0.7312E+02  0.7368E+02  0.7612E+02     0.1000E-05  0.1000E-05  0.1000E-05
     0.50795     0.2630E+03  0.2628E+03  0.2663E+03  0.1074E+03  0.1072E+03  0.1108E+03  0.7297E+02  0.7352E+02  0.7617E+02     0.1000E-05  0.1000E-05  0.1000E-05
     0.53103     0.2631E+03  0.2628E+03  0.2667E+03  0.1073E+03  0.1070E+03  0.1109E+03  0.7282E+02  0.7336E+02  0.7622E+02     0.1000E-05  0.1000E-05  0.1000E-05
     0.55412     0.2632E+03  0.2629E+03  0.2670E+03  0.1072E+03  0.1068E+03  0.1109E+03  0.7267E+02  0.7320E+02  0.7627E+02     0.1000E-05  0.1000E-05  0.1000E-05
     0.57720     0.2633E+03  0.2630E+03  0.2673E+03  0.1070E+03  0.1067E+03  0.1110E+03  0.7252E+02  0.7305E+02  0.7631E+02     0.1000E-05  0.1000E-05  0.1000E-05
     0.60028     0.2635E+03  0.2631E+03  0.2676E+03  0.1069E+03  0.1065E+03  0.1110E+03  0.7238E+02  0.7291E+02  0.7634E+02     0.1000E-05  0.1000E-05  0.1000E-05
     0.62336     0.2636E+03  0.2631E+03  0.2679E+03  0.1068E+03  0.1063E+03  0.1111E+03  0.7225E+02  0.7277E+02  0.7636E+02     0.1000E-05  0.1000E-05  0.1000E-05
     0.64645     0.2637E+03  0.2632E+03  0.2682E+03  0.1066E+03  0.1062E+03  0.1111E+03  0.7211E+02  0.7263E+02  0.7638E+02     0.1000E-05  0.1000E-05  0.1000E-05
     0.66953     0.2638E+03  0.2633E+03  0.2685E+03  0.1065E+03  0.1060E+03  0.1112E+03  0.7199E+02  0.7251E+02  0.7639E+02     0.1000E-05  0.1000E-05  0.1000E-05
     0.69261     0.2639E+03  0.2634E+03  0.2688E+03  0.1064E+03  0.1059E+03  0.1112E+03  0.7187E+02  0.7238E+02  0.7639E+02     0.1000E-05  0.1000E-05  0.1000E-05
     0.71570     0.2641E+03  0.2636E+03  0.2690E+03  0.1063E+03  0.1057E+03  0.1112E+03  0.7175E+02  0.7226E+02  0.7638E+02     0.1000E-05  0.1000E-05  0.1000E-05
     0.73878     0.2642E+03  0.2637E+03  0.2693E+03  0.1061E+03  0.1056E+03  0.1112E+03  0.7164E+02  0.7215E+02  0.7637E+02     0.1000E-05  0.1000E-05  0.1000E-05
     0.76186     0.2643E+03  0.2638E+03  0.2695E+03  0.1060E+03  0.1055E+03  0.1112E+03  0.7153E+02  0.7204E+02  0.7635E+02     0.1000E-05  0.1000E-05  0.1000E-05
     0.78495     0.2644E+03  0.2639E+03  0.2697E+03  0.1059E+03  0.1054E+03  0.1112E+03  0.7143E+02  0.7193E+02  0.7632E+02     0.1000E-05  0.1000E-05  0.1000E-05
     0.80803     0.2645E+03  0.2640E+03  0.2699E+03  0.1058E+03  0.1053E+03  0.1112E+03  0.7133E+02  0.7183E+02  0.7629E+02     0.1000E-05  0.1000E-05  0.1000E-05
     0.83112     0.2646E+03  0.2642E+03  0.2702E+03  0.1057E+03  0.1052E+03  0.1112E+03  0.7124E+02  0.7172E+02  0.7626E+02     0.1000E-05  0.1000E-05  0.1000E-05
     0.85420     0.2648E+03  0.2643E+03  0.2704E+03  0.1055E+03  0.1051E+03  0.1112E+03  0.7115E+02  0.7162E+02  0.7623E+02     0.1000E-05  0.1000E-05  0.1000E-05
     0.87729     0.2649E+03  0.2644E+03  0.2706E+03  0.1054E+03  0.1050E+03  0.1111E+03  0.7106E+02  0.7151E+02  0.7620E+02     0.1000E-05  0.1000E-05  0.1000E-05
     0.90038     0.2650E+03  0.2646E+03  0.2708E+03  0.1053E+03  0.1049E+03  0.1111E+03  0.7098E+02  0.7140E+02  0.7617E+02     0.1000E-05  0.1000E-05  0.1000E-05
     0.92346     0.2651E+03  0.2647E+03  0.2710E+03  0.1052E+03  0.1048E+03  0.1111E+03  0.7090E+02  0.7129E+02  0.7615E+02     0.1000E-05  0.1000E-05  0.1000E-05
     0.94655     0.2652E+03  0.2648E+03  0.2712E+03  0.1051E+03  0.1047E+03  0.1111E+03  0.7083E+02  0.7118E+02  0.7612E+02     0.1000E-05  0.1000E-05  0.1000E-05
     0.96963     0.2653E+03  0.2649E+03  0.2714E+03  0.1050E+03  0.1046E+03  0.1111E+03  0.7076E+02  0.7106E+02  0.7610E+02     0.1000E-05  0.1000E-05  0.1000E-05
     0.99272     0.2654E+03  0.2650E+03  0.2716E+03  0.1049E+03  0.1045E+03  0.1111E+03  0.7071E+02  0.7094E+02  0.7609E+02     0.1000E-05  0.1000E-05  0.1000E-05
     1.01581     0.2656E+03  0.2651E+03  0.2718E+03  0.1048E+03  0.1044E+03  0.1111E+03  0.7065E+02  0.7082E+02  0.7608E+02     0.1000E-05  0.1000E-05  0.1000E-05
     1.03889     0.2657E+03  0.2652E+03  0.2720E+03  0.1047E+03  0.1043E+03  0.1111E+03  0.7061E+02  0.7070E+02  0.7607E+02     0.1000E-05  0.1000E-05  0.1000E-05
     1.06198     0.2658E+03  0.2653E+03  0.2722E+03  0.1047E+03  0.1041E+03  0.1111E+03  0.7057E+02  0.7057E+02  0.7607E+02     0.1000E-05  0.1000E-05  0.1000E-05
     1.08506     0.2659E+03  0.2653E+03  0.2724E+03  0.1046E+03  0.1040E+03  0.1111E+03  0.7053E+02  0.7045E+02  0.7607E+02     0.1000E-05  0.1000E-05  0.1000E-05
     1.10815     0.2660E+03  0.2654E+03  0.2726E+03  0.1045E+03  0.1039E+03  0.1111E+03  0.7050E+02  0.7032E+02  0.7607E+02     0.1000E-05  0.1000E-05  0.1000E-05
     1.13124     0.2661E+03  0.2654E+03  0.2727E+03  0.1045E+03  0.1038E+03  0.1111E+03  0.7048E+02  0.7020E+02  0.7607E+02     0.1000E-05  0.1000E-05  0.1000E-05
     1.15432     0.2662E+03  0.2655E+03  0.2729E+03  0.1044E+03  0.1037E+03  0.1111E+03  0.7047E+02  0.7007E+02  0.7608E+02     0.1000E-05  0.1000E-05  0.1000E-05
     1.15432     0.2662E+03  0.2655E+03  0.2729E+03  0.1044E+03  0.1037E+03  0.1111E+03  0.7047E+02  0.7007E+02  0.7608E+02     0.1000E-05  0.1000E-05  0.1000E-05
