TEXTURE AT STRAIN =    1.0000
   0.993   2.401   0.419  <-- length of average ellipsoid axes for phase
 -153.15   90.00   90.00  <-- Euler angles of average ellipsoid axes for phase
B       500
   64.77  115.62   38.16   0.0020000
 -106.80   31.92   25.48   0.0020000
  111.07   36.77   67.20   0.0020000
  130.75   82.39   41.58   0.0020000
  122.40   81.47   20.10   0.0020000
    1.45   10.25 -154.30   0.0020000
    0.85   73.56  -36.53   0.0020000
 -140.78  145.30    5.54   0.0020000
  -45.54   56.16  121.66   0.0020000
 -113.47  133.74 -133.58   0.0020000
  -78.21  143.75  -79.15   0.0020000
   84.44  160.29  165.12   0.0020000
    5.84   71.55   43.60   0.0020000
    7.73  109.03  144.30   0.0020000
   11.26  116.26  -32.61   0.0020000
 -137.44   75.72  168.10   0.0020000
   90.95   34.82 -176.27   0.0020000
   72.44   63.53   20.42   0.0020000
   65.01   70.96 -137.67   0.0020000
 -139.02   30.33  173.98   0.0020000
 -170.51  121.37  -37.27   0.0020000
   34.13  140.74  -97.36   0.0020000
 -104.21   26.47   29.49   0.0020000
 -168.20   35.29 -142.13   0.0020000
  125.10   78.24   50.98   0.0020000
   66.15  105.02  -53.61   0.0020000
 -108.90   94.94  -90.57   0.0020000
  -26.55   47.89 -178.80   0.0020000
 -126.92   83.83 -114.35   0.0020000
  -37.84  127.49  -19.36   0.0020000
  101.61   59.72   79.18   0.0020000
   -4.13   40.49  -28.25   0.0020000
  163.32  135.20  103.23   0.0020000
 -122.05   72.82 -114.75   0.0020000
  -37.94  130.74 -108.57   0.0020000
  -11.87   46.30 -107.99   0.0020000
    0.65  143.58 -145.65   0.0020000
 -145.70   48.51 -173.77   0.0020000
 -133.09  109.17  107.33   0.0020000
  -12.40   68.21   76.21   0.0020000
 -169.62  131.25   50.50   0.0020000
   80.15   65.18  105.39   0.0020000
  141.55   63.28 -162.10   0.0020000
  -42.66   48.78  111.79   0.0020000
  152.91   51.58  -92.53   0.0020000
 -175.54   89.83 -135.91   0.0020000
  -93.21   47.67    8.91   0.0020000
  129.47   66.28  130.16   0.0020000
  -31.22   49.07 -172.78   0.0020000
  -90.13   44.37 -172.94   0.0020000
  -94.45   41.27  -77.28   0.0020000
  -90.05  101.71  172.55   0.0020000
    4.87  113.02 -136.65   0.0020000
  111.15  148.76  -66.74   0.0020000
   63.91   68.57 -130.40   0.0020000
 -113.89  108.76  -34.39   0.0020000
   59.55  114.60  -62.35   0.0020000
  -30.48   47.52    8.59   0.0020000
  -79.18    5.83  -64.63   0.0020000
    6.13   86.38  124.08   0.0020000
  104.24   12.04   -0.72   0.0020000
  -41.13  115.16  155.39   0.0020000
 -115.78   78.16 -129.93   0.0020000
  112.44  166.33  -79.06   0.0020000
  -51.81   67.76 -137.86   0.0020000
  133.06   54.70 -144.47   0.0020000
   -1.58  147.15 -147.80   0.0020000
    2.49  125.33 -142.63   0.0020000
 -132.90   44.14   78.38   0.0020000
 -173.14   68.73 -138.78   0.0020000
    5.01   80.05   40.93   0.0020000
  -39.39  114.76  164.60   0.0020000
   71.91   25.54  126.76   0.0020000
 -118.68   93.39  -54.89   0.0020000
   88.56  152.01  175.26   0.0020000
  -61.87  164.93   74.47   0.0020000
  -10.30  149.97 -155.18   0.0020000
  121.68   43.69   52.25   0.0020000
  101.43   50.09   80.71   0.0020000
    8.54  144.87   46.12   0.0020000
  155.23   47.16  178.52   0.0020000
   42.49   34.13  169.51   0.0020000
  -71.36  142.45  111.33   0.0020000
  -75.26  128.23 -165.53   0.0020000
  -13.72    6.02   47.03   0.0020000
  140.11   64.91 -164.50   0.0020000
  129.25   84.37  139.30   0.0020000
   10.30   87.46  115.99   0.0020000
    5.40  121.04   45.35   0.0020000
    4.34   72.38  -44.55   0.0020000
  158.14   39.93   -5.26   0.0020000
   87.81   40.98    8.74   0.0020000
   50.96   76.01  161.88   0.0020000
    4.16  135.08 -140.16   0.0020000
  -87.13  119.32   -1.89   0.0020000
 -169.30  143.20 -130.48   0.0020000
  132.21  136.48  153.71   0.0020000
   63.84   88.32  -47.89   0.0020000
   64.40  108.69  -52.39   0.0020000
  145.34   66.59   81.72   0.0020000
   63.54   74.23  -36.70   0.0020000
  129.03   74.32   90.78   0.0020000
  141.30   58.83   19.84   0.0020000
  105.16  135.39  103.39   0.0020000
    3.95   91.52   73.60   0.0020000
  129.71   93.51  -45.56   0.0020000
   33.93   37.25    6.17   0.0020000
  -47.13   50.51  124.32   0.0020000
    3.38  120.90 -134.37   0.0020000
  -57.33   75.41 -125.87   0.0020000
   -7.21   34.20 -115.20   0.0020000
   12.80  116.93   59.37   0.0020000
 -115.07  111.58  130.05   0.0020000
 -172.59   64.07 -139.90   0.0020000
   83.80  122.94 -104.19   0.0020000
  140.07  126.08  -21.71   0.0020000
   63.87   77.63   46.12   0.0020000
 -102.49   43.90  -63.67   0.0020000
  174.45  112.55   19.04   0.0020000
   41.47  136.69    1.76   0.0020000
   10.60   28.34  -55.64   0.0020000
  -44.42  101.10   87.76   0.0020000
   41.25   47.56  178.75   0.0020000
 -116.78   64.66  144.11   0.0020000
  173.30  144.79   25.24   0.0020000
   47.47  134.75   11.39   0.0020000
   34.18   91.26  -82.74   0.0020000
  177.26  140.44  -59.69   0.0020000
  177.70   45.15 -121.40   0.0020000
  -20.64  148.67  -78.18   0.0020000
  -37.04   64.91    9.29   0.0020000
 -125.82  101.32  117.20   0.0020000
    6.15   97.79 -122.94   0.0020000
  -96.66   48.10  -74.28   0.0020000
  163.11  136.24 -169.14   0.0020000
 -115.32  105.41  -46.39   0.0020000
 -106.07   65.77  100.75   0.0020000
  124.67   76.81  141.81   0.0020000
 -116.13   86.26   36.85   0.0020000
    9.81  124.01  142.85   0.0020000
  -40.93  138.66  161.39   0.0020000
  103.24  136.02  102.87   0.0020000
  150.44   51.19   95.92   0.0020000
   61.84   37.24   49.09   0.0020000
 -175.30   96.21   59.94   0.0020000
  124.48  121.63   42.89   0.0020000
  142.98   58.09  106.80   0.0020000
   63.14   95.37  125.75   0.0020000
  -17.30   91.23  -90.32   0.0020000
   64.81   79.33  138.47   0.0020000
 -173.95  128.64   45.06   0.0020000
  -49.38  122.57  -37.63   0.0020000
   19.02   62.30   20.10   0.0020000
 -123.69   69.88   66.22   0.0020000
 -117.50   80.30 -124.00   0.0020000
   86.70  138.97  167.02   0.0020000
 -122.40  129.76  -59.67   0.0020000
  -10.88  143.12   19.03   0.0020000
  125.31   95.23   64.45   0.0020000
  129.23   84.52 -146.14   0.0020000
   12.80  124.21   58.10   0.0020000
   94.97   45.49  179.66   0.0020000
 -119.37  106.62   29.44   0.0020000
  179.17  135.54 -147.72   0.0020000
   62.71   72.33   56.74   0.0020000
    6.29  107.99   45.80   0.0020000
  -40.76   43.89  111.93   0.0020000
   71.06   22.66  126.07   0.0020000
   46.29   88.38  171.35   0.0020000
  114.83   50.57  149.87   0.0020000
  -45.63  114.43 -121.82   0.0020000
  -83.46  157.62  -15.71   0.0020000
  159.22   38.31  173.57   0.0020000
 -116.38   85.78  -39.04   0.0020000
 -123.21  129.13   27.99   0.0020000
  130.88  101.07  -40.01   0.0020000
  126.60  122.58  135.35   0.0020000
  158.25  133.49 -176.14   0.0020000
 -121.68  107.88  -64.43   0.0020000
   89.60   51.60  -84.02   0.0020000
  -22.06   42.88   83.25   0.0020000
   66.30   85.94 -161.20   0.0020000
 -124.16  122.56  114.19   0.0020000
 -116.28   68.77 -127.44   0.0020000
  118.40  127.82  124.50   0.0020000
   91.43   45.26    6.97   0.0020000
  141.81   58.75 -159.66   0.0020000
    6.42  106.54   50.64   0.0020000
 -178.54  107.17 -143.57   0.0020000
  131.29   77.22  -55.28   0.0020000
 -169.25   61.10  -56.25   0.0020000
  139.45   52.33  -66.43   0.0020000
  -99.99  133.99  -22.10   0.0020000
 -134.72   86.39   79.33   0.0020000
  -57.83   75.48  144.11   0.0020000
   30.83  115.27   -2.01   0.0020000
   95.05  148.15  176.40   0.0020000
   48.81  162.60  118.18   0.0020000
   62.23  136.36 -139.51   0.0020000
 -159.08   50.60   22.97   0.0020000
   93.79  140.23 -179.17   0.0020000
   -6.19  136.82   25.78   0.0020000
    4.94  107.30 -134.30   0.0020000
   48.29   76.18 -103.26   0.0020000
  -54.55   99.81  -22.62   0.0020000
    6.01   78.14  -49.08   0.0020000
   90.54  138.26   -7.71   0.0020000
 -141.91  119.60    2.88   0.0020000
   52.68   36.80   63.88   0.0020000
 -111.70  131.35  -43.35   0.0020000
 -121.17   55.65 -112.72   0.0020000
 -141.17   39.32   -0.86   0.0020000
  -34.16  141.83  -96.96   0.0020000
  -18.67   74.68  171.91   0.0020000
  -25.48  164.84 -154.68   0.0020000
   65.58   92.05  -47.21   0.0020000
    3.86  112.57 -138.15   0.0020000
   20.42   35.06 -156.08   0.0020000
    4.13   82.90 -145.05   0.0020000
  158.82   51.86  175.05   0.0020000
   77.22  136.54  -24.55   0.0020000
 -177.40   90.76   34.85   0.0020000
 -175.97   67.42 -133.22   0.0020000
  -58.06  135.41  -50.71   0.0020000
  -80.52   62.49  173.66   0.0020000
  132.56   70.56 -145.65   0.0020000
  -71.99  116.38 -176.54   0.0020000
  -43.41   69.55   24.22   0.0020000
 -171.44   39.09 -135.16   0.0020000
  169.33   86.57  -94.46   0.0020000
  -96.87   64.90  -84.51   0.0020000
  -47.35   74.38   23.40   0.0020000
  151.24  158.86  108.24   0.0020000
  115.58   50.07   60.22   0.0020000
  116.09  144.14  118.32   0.0020000
 -179.47   98.84  120.78   0.0020000
  134.13  107.47 -114.46   0.0020000
 -160.87   96.36  156.70   0.0020000
   48.52   66.48 -106.90   0.0020000
 -173.74   86.93 -152.29   0.0020000
  -28.81   71.29    0.30   0.0020000
   42.62   46.85  -92.99   0.0020000
    3.18  142.87   49.88   0.0020000
  -85.55  141.74  -88.88   0.0020000
  -78.58   68.62  -94.17   0.0020000
  -98.04  127.35   70.85   0.0020000
 -126.29  110.09 -158.45   0.0020000
   66.07  131.95 -134.48   0.0020000
 -116.56  105.77   41.91   0.0020000
 -108.19  109.14  162.85   0.0020000
 -146.50  107.33   91.67   0.0020000
   93.66   53.51  -89.90   0.0020000
 -145.56   69.40 -171.23   0.0020000
  -78.83   50.44  172.46   0.0020000
    4.30   48.20  135.40   0.0020000
  145.35   45.83   13.04   0.0020000
 -136.70  142.06  179.31   0.0020000
    3.59  107.42   40.53   0.0020000
   -1.22  139.98  -57.97   0.0020000
  128.33  116.45 -130.80   0.0020000
 -161.58   61.16 -159.25   0.0020000
 -118.79   93.94  -57.40   0.0020000
  -32.68  134.23   79.85   0.0020000
  149.37   45.58   96.89   0.0020000
 -155.13  141.93  159.09   0.0020000
  -46.25   48.13  -56.22   0.0020000
  -25.21  161.81   30.01   0.0020000
 -144.50  153.28    2.38   0.0020000
 -175.61   89.67  -47.62   0.0020000
  -47.77  110.03 -119.98   0.0020000
  -53.25  122.34  136.36   0.0020000
 -169.52  137.73 -130.34   0.0020000
 -119.30  111.83  -60.57   0.0020000
 -115.22  101.08  129.37   0.0020000
 -115.10  113.60  130.89   0.0020000
  -13.47  138.55  -73.47   0.0020000
 -159.61  131.50  -24.40   0.0020000
  157.03  131.79    4.00   0.0020000
   87.53  139.92  167.68   0.0020000
    6.44  113.43   46.16   0.0020000
 -116.29  118.82  -50.35   0.0020000
  127.94   56.26  -47.58   0.0020000
 -113.53  129.46 -132.94   0.0020000
   31.91   61.59   93.45   0.0020000
 -105.79  150.39 -118.55   0.0020000
 -115.78  105.19  -50.77   0.0020000
   47.49  128.56  100.64   0.0020000
  122.84   66.78   51.18   0.0020000
  -61.18  122.07 -146.08   0.0020000
  -68.78   32.74 -114.15   0.0020000
 -100.92  132.07   66.92   0.0020000
   -3.21   38.60  150.42   0.0020000
   11.56   73.73 -147.96   0.0020000
  -90.11   47.31    6.31   0.0020000
  109.71  161.80  -82.93   0.0020000
  -64.38   51.40  150.88   0.0020000
  118.30  120.79 -146.79   0.0020000
 -117.77   71.06  147.94   0.0020000
  177.73  146.22  120.92   0.0020000
 -156.53  134.07  158.76   0.0020000
  -19.01   60.71   -3.57   0.0020000
    9.16   42.66  132.67   0.0020000
  -69.59   25.41   82.77   0.0020000
  158.85  109.19   -1.38   0.0020000
  -56.63  170.52   85.86   0.0020000
  -52.51   87.85 -128.78   0.0020000
  -84.85   62.01  178.25   0.0020000
 -135.38   60.48  168.30   0.0020000
  112.80  112.71 -164.03   0.0020000
 -151.13   92.76   86.67   0.0020000
   -7.58  129.71  111.57   0.0020000
  -52.31  120.53  137.97   0.0020000
 -169.81   50.34  126.62   0.0020000
 -168.48  131.50  143.27   0.0020000
 -155.24   43.27 -159.50   0.0020000
   44.59  116.85 -167.06   0.0020000
  -61.87   79.85   67.22   0.0020000
 -121.25   62.85   62.52   0.0020000
  -50.67   84.96 -143.19   0.0020000
  145.55  103.85    9.78   0.0020000
   -7.73  144.71   23.84   0.0020000
   55.83   82.74  -98.30   0.0020000
  -63.14   71.89  152.37   0.0020000
   68.25  128.23 -131.59   0.0020000
  -18.55   35.49  168.95   0.0020000
  -74.18   75.18  -99.80   0.0020000
  -14.77  140.15  106.41   0.0020000
   -4.57  124.05   28.49   0.0020000
   56.20   82.73   -0.23   0.0020000
  133.60   73.56   28.13   0.0020000
  -49.60  101.10   54.18   0.0020000
    5.97   92.31  -85.90   0.0020000
   86.03  143.02   77.69   0.0020000
 -135.37   44.54   -6.53   0.0020000
    7.59  102.39   62.44   0.0020000
 -153.65   63.04   98.66   0.0020000
    3.24  149.29  129.99   0.0020000
   56.20  108.61 -156.46   0.0020000
  -45.77  113.04 -121.78   0.0020000
  133.84  120.10  -34.69   0.0020000
   87.51   41.90   10.21   0.0020000
   61.58  111.34 -148.94   0.0020000
   64.15   55.06   49.04   0.0020000
  -18.10  141.93   10.14   0.0020000
   64.95   99.30   38.52   0.0020000
  166.14  139.80 -163.66   0.0020000
   22.48   78.53    8.26   0.0020000
  165.30  141.76   14.46   0.0020000
    8.23   59.88 -139.96   0.0020000
 -177.71  120.91   37.39   0.0020000
  144.86  133.72 -100.65   0.0020000
 -115.85   91.46   44.84   0.0020000
  -51.17  129.86  138.99   0.0020000
   49.00   89.64 -112.21   0.0020000
   84.67   34.46 -163.28   0.0020000
 -155.79   91.16  175.70   0.0020000
  -35.04  102.55  -15.63   0.0020000
 -117.85   59.66   54.60   0.0020000
 -175.47   96.78   42.73   0.0020000
 -106.21   42.45 -149.86   0.0020000
  111.63   92.69  101.79   0.0020000
  -90.32  117.08   83.81   0.0020000
  147.82  124.92  171.63   0.0020000
  169.09  132.54  -69.67   0.0020000
  137.97   66.63 -159.51   0.0020000
  158.87  139.50    6.21   0.0020000
    3.72   90.33 -129.62   0.0020000
  128.03   75.92  133.69   0.0020000
  -85.63  145.50    0.02   0.0020000
  -79.50  123.36 -171.54   0.0020000
  144.32  146.66   -0.52   0.0020000
  108.72   45.71  159.34   0.0020000
 -170.76   64.23  -51.87   0.0020000
  -91.35   40.03  -82.36   0.0020000
  -25.50  134.33  -91.01   0.0020000
   23.65   67.28  -79.35   0.0020000
  -94.46  142.76 -100.26   0.0020000
  -36.43   54.08  -72.23   0.0020000
   20.96   32.40  -55.40   0.0020000
  -74.98   49.65   75.66   0.0020000
 -148.62   61.04  -81.02   0.0020000
   -7.29  139.22  114.01   0.0020000
 -164.79  139.33  146.17   0.0020000
  142.91   41.31  110.45   0.0020000
 -105.79  123.61  -29.03   0.0020000
   -0.17   88.16  162.51   0.0020000
    3.03  102.78  -46.88   0.0020000
   68.95   56.40 -139.77   0.0020000
  106.66  136.30  105.32   0.0020000
  101.11  117.05  100.97   0.0020000
  152.79  141.55  179.59   0.0020000
  123.06  101.31  -54.14   0.0020000
 -147.66  105.45  -81.94   0.0020000
  117.59   45.91  147.33   0.0020000
    4.31   86.99   59.47   0.0020000
 -172.76  138.68 -135.72   0.0020000
 -123.12  132.60  -60.54   0.0020000
  166.81   42.16 -106.79   0.0020000
   75.21   51.13   28.39   0.0020000
   61.26   78.22  -48.34   0.0020000
   20.16   28.80  -67.30   0.0020000
 -141.57   42.47   92.84   0.0020000
  176.44  107.87   28.60   0.0020000
  178.04   37.72  -29.73   0.0020000
   16.03   57.32 -153.09   0.0020000
 -175.46   97.57  -46.28   0.0020000
  152.42  131.43  -94.27   0.0020000
 -124.37  125.20 -155.81   0.0020000
 -120.96   60.83  151.09   0.0020000
 -115.18   80.93   48.95   0.0020000
 -175.43  102.85   45.68   0.0020000
  147.99  140.19   -5.59   0.0020000
  -68.67   54.75 -113.36   0.0020000
  -50.94   85.14  -94.75   0.0020000
   91.43  137.81  -94.87   0.0020000
  -36.60   53.72 -161.87   0.0020000
 -111.88  105.34   23.11   0.0020000
  -50.10   83.62 -142.90   0.0020000
  144.19   48.79 -163.52   0.0020000
   -9.30  178.84  -93.11   0.0020000
   72.42  127.17  148.65   0.0020000
   56.09   91.80 -165.87   0.0020000
  -11.95  137.87 -161.48   0.0020000
  146.54  139.10  -96.61   0.0020000
  -66.13   56.35   66.86   0.0020000
 -160.46  106.73  159.75   0.0020000
 -146.37  132.39   -7.30   0.0020000
  163.72  133.19  -76.90   0.0020000
 -102.55  140.86  154.60   0.0020000
   -2.20   79.42   29.46   0.0020000
  152.88  131.11   88.00   0.0020000
   15.12   73.36 -146.88   0.0020000
  164.98  144.93 -163.09   0.0020000
 -133.55   34.87  -91.36   0.0020000
  136.07  114.08  -29.05   0.0020000
    8.86   16.87 -156.13   0.0020000
   62.33   69.91  136.47   0.0020000
 -134.90   45.15   -7.52   0.0020000
 -118.95   59.22  149.11   0.0020000
 -175.68   86.10   35.63   0.0020000
   47.90  108.93  104.27   0.0020000
    8.27  104.35  -35.17   0.0020000
  -46.71   70.89   35.62   0.0020000
  -17.75  132.51  103.57   0.0020000
    6.80  169.30 -129.51   0.0020000
 -118.79  134.03  127.74   0.0020000
  154.44   31.97 -179.29   0.0020000
   61.01  104.98  -60.29   0.0020000
  -99.82  119.62  161.51   0.0020000
   92.27   44.15   94.70   0.0020000
 -166.96   26.57  -61.92   0.0020000
   64.12  103.43   40.49   0.0020000
  148.41   40.02    5.28   0.0020000
  117.05  109.39 -153.92   0.0020000
 -173.44   31.16 -134.53   0.0020000
  137.45  116.67 -113.81   0.0020000
 -112.29   61.26  -47.83   0.0020000
 -150.60   78.34  114.88   0.0020000
  112.84   70.83   70.66   0.0020000
 -105.00   59.99 -150.96   0.0020000
    4.34   95.04  132.14   0.0020000
  171.64   55.39   65.37   0.0020000
  -45.61  106.79  -23.52   0.0020000
  -65.72  136.06   26.66   0.0020000
   11.69   51.63  125.80   0.0020000
  -28.59  129.31   85.18   0.0020000
 -164.74   21.98 -158.97   0.0020000
  -52.96   73.90  135.69   0.0020000
  -29.55   48.95    5.42   0.0020000
   17.07  137.80  149.13   0.0020000
 -167.58  126.08  -40.79   0.0020000
  147.68   37.21   97.85   0.0020000
  -36.37  120.20 -104.31   0.0020000
    7.38  102.15 -130.95   0.0020000
 -125.11  116.05  -66.99   0.0020000
  -11.56  147.19  110.09   0.0020000
 -123.60  134.31   28.53   0.0020000
 -110.99   68.41   37.64   0.0020000
 -134.81  148.17  -30.03   0.0020000
 -178.27   37.72 -125.92   0.0020000
   -8.75   48.58  154.34   0.0020000
    4.55   87.71   24.41   0.0020000
 -174.94  106.52 -132.85   0.0020000
   46.44   44.44  -12.36   0.0020000
  153.87   35.18  177.63   0.0020000
   65.84   83.84 -159.86   0.0020000
 -107.26   49.96  122.39   0.0020000
 -135.46   76.95  163.49   0.0020000
   87.60  114.20  109.20   0.0020000
  149.27  141.31  -95.68   0.0020000
 -138.69  124.28    5.34   0.0020000
 -141.16   57.87   85.09   0.0020000
   47.82   50.67   79.26   0.0020000
  144.63  146.37  -10.61   0.0020000
 -176.22   92.30  -45.13   0.0020000
  -83.26  132.37    3.07   0.0020000
   53.64   80.12   -7.85   0.0020000
    5.42  113.33   45.59   0.0020000
  -53.92  125.62   42.99   0.0020000
 -157.36   94.46  -77.03   0.0020000
