 -0.4437E+00  0.4526E+01
 -0.4433E+00  0.5094E+01
 -0.4437E+00  0.4526E+01
 -0.3692E+00  0.4529E+01
 -0.3200E+00  0.5095E+01
 -0.3692E+00  0.4529E+01
 -0.2850E+00  0.4528E+01
 -0.1867E+00  0.5087E+01
 -0.2850E+00  0.4528E+01
 -0.1816E+00  0.4522E+01
 -0.3535E-01  0.5068E+01
 -0.1816E+00  0.4522E+01
 -0.3184E-01  0.4503E+01
  0.1607E+00  0.5032E+01
 -0.3184E-01  0.4503E+01
  0.2874E+00  0.4440E+01
  0.5225E+00  0.4945E+01
  0.2874E+00  0.4440E+01
  0.1872E+01  0.3700E+01
  0.2131E+01  0.4149E+01
  0.1872E+01  0.3700E+01
  0.2553E+01  0.3186E+01
  0.2846E+01  0.3604E+01
  0.2553E+01  0.3186E+01
  0.2760E+01  0.3011E+01
  0.3088E+01  0.3402E+01
  0.2760E+01  0.3011E+01
  0.2916E+01  0.2877E+01
  0.3278E+01  0.3239E+01
  0.2916E+01  0.2877E+01
  0.3057E+01  0.2753E+01
  0.3451E+01  0.3084E+01
  0.3057E+01  0.2753E+01
  0.3200E+01  0.2626E+01
  0.3623E+01  0.2923E+01
  0.3200E+01  0.2626E+01
  0.3356E+01  0.2484E+01
  0.3808E+01  0.2745E+01
  0.3356E+01  0.2484E+01
  0.3516E+01  0.2325E+01
  0.3993E+01  0.2548E+01
  0.3516E+01  0.2325E+01
  0.3667E+01  0.2148E+01
  0.4166E+01  0.2330E+01
  0.3667E+01  0.2148E+01
  0.3845E+01  0.1922E+01
  0.4364E+01  0.2061E+01
  0.3845E+01  0.1922E+01
  0.4057E+01  0.1534E+01
  0.4591E+01  0.1628E+01
  0.4057E+01  0.1534E+01
  0.4240E+01  0.1052E+01
  0.4782E+01  0.1120E+01
  0.4240E+01  0.1052E+01
  0.4107E+01 -0.1013E+01
  0.4636E+01 -0.1013E+01
  0.4107E+01 -0.1013E+01
  0.4031E+01 -0.1425E+01
  0.4563E+01 -0.1471E+01
  0.4031E+01 -0.1425E+01
  0.3976E+01 -0.1663E+01
  0.4506E+01 -0.1756E+01
  0.3976E+01 -0.1663E+01
  0.3928E+01 -0.1843E+01
  0.4452E+01 -0.1983E+01
  0.3928E+01 -0.1843E+01
  0.3882E+01 -0.2002E+01
  0.4396E+01 -0.2188E+01
  0.3882E+01 -0.2002E+01
  0.3832E+01 -0.2150E+01
  0.4330E+01 -0.2382E+01
  0.3832E+01 -0.2150E+01
  0.3772E+01 -0.2300E+01
  0.4250E+01 -0.2576E+01
  0.3772E+01 -0.2300E+01
  0.3695E+01 -0.2460E+01
  0.4150E+01 -0.2779E+01
  0.3695E+01 -0.2460E+01
  0.3588E+01 -0.2645E+01
  0.4015E+01 -0.3003E+01
  0.3588E+01 -0.2645E+01
  0.3405E+01 -0.2872E+01
  0.3799E+01 -0.3266E+01
  0.3405E+01 -0.2872E+01
  0.3118E+01 -0.3131E+01
  0.3473E+01 -0.3554E+01
  0.3118E+01 -0.3131E+01
  0.2599E+01 -0.3510E+01
  0.2912E+01 -0.3957E+01
  0.2599E+01 -0.3510E+01
  0.1125E+01 -0.4326E+01
  0.1404E+01 -0.4809E+01
  0.1125E+01 -0.4326E+01
  0.8923E+00 -0.4419E+01
  0.1131E+01 -0.4930E+01
  0.8923E+00 -0.4419E+01
  0.7698E+00 -0.4461E+01
  0.9639E+00 -0.4993E+01
  0.7698E+00 -0.4461E+01
  0.6747E+00 -0.4488E+01
  0.8219E+00 -0.5035E+01
  0.6747E+00 -0.4488E+01
  0.5930E+00 -0.4506E+01
  0.6921E+00 -0.5065E+01
  0.5930E+00 -0.4506E+01
  0.5175E+00 -0.4518E+01
  0.5674E+00 -0.5084E+01
  0.5175E+00 -0.4518E+01
  0.4437E+00 -0.4526E+01
  0.4433E+00 -0.5094E+01
  0.4437E+00 -0.4526E+01
  0.3692E+00 -0.4529E+01
  0.3200E+00 -0.5095E+01
  0.3692E+00 -0.4529E+01
  0.2850E+00 -0.4528E+01
  0.1867E+00 -0.5087E+01
  0.2850E+00 -0.4528E+01
  0.1816E+00 -0.4522E+01
  0.3535E-01 -0.5068E+01
  0.1816E+00 -0.4522E+01
  0.3184E-01 -0.4503E+01
 -0.1607E+00 -0.5032E+01
  0.3184E-01 -0.4503E+01
 -0.2874E+00 -0.4440E+01
 -0.5225E+00 -0.4945E+01
 -0.2874E+00 -0.4440E+01
 -0.1872E+01 -0.3700E+01
 -0.2131E+01 -0.4149E+01
 -0.1872E+01 -0.3700E+01
 -0.2553E+01 -0.3186E+01
 -0.2846E+01 -0.3604E+01
 -0.2553E+01 -0.3186E+01
 -0.2760E+01 -0.3011E+01
 -0.3088E+01 -0.3402E+01
 -0.2760E+01 -0.3011E+01
 -0.2916E+01 -0.2877E+01
 -0.3278E+01 -0.3239E+01
 -0.2916E+01 -0.2877E+01
 -0.3057E+01 -0.2753E+01
 -0.3451E+01 -0.3084E+01
 -0.3057E+01 -0.2753E+01
 -0.3200E+01 -0.2626E+01
 -0.3623E+01 -0.2923E+01
 -0.3200E+01 -0.2626E+01
 -0.3356E+01 -0.2484E+01
 -0.3808E+01 -0.2745E+01
 -0.3356E+01 -0.2484E+01
 -0.3516E+01 -0.2325E+01
 -0.3993E+01 -0.2548E+01
 -0.3516E+01 -0.2325E+01
 -0.3667E+01 -0.2148E+01
 -0.4166E+01 -0.2330E+01
 -0.3667E+01 -0.2148E+01
 -0.3845E+01 -0.1922E+01
 -0.4364E+01 -0.2061E+01
 -0.3845E+01 -0.1922E+01
 -0.4057E+01 -0.1534E+01
 -0.4591E+01 -0.1628E+01
 -0.4057E+01 -0.1534E+01
 -0.4240E+01 -0.1052E+01
 -0.4782E+01 -0.1120E+01
 -0.4240E+01 -0.1052E+01
 -0.4107E+01  0.1013E+01
 -0.4636E+01  0.1013E+01
 -0.4107E+01  0.1013E+01
 -0.4031E+01  0.1425E+01
 -0.4563E+01  0.1471E+01
 -0.4031E+01  0.1425E+01
 -0.3976E+01  0.1663E+01
 -0.4506E+01  0.1756E+01
 -0.3976E+01  0.1663E+01
 -0.3928E+01  0.1843E+01
 -0.4452E+01  0.1983E+01
 -0.3928E+01  0.1843E+01
 -0.3882E+01  0.2002E+01
 -0.4396E+01  0.2188E+01
 -0.3882E+01  0.2002E+01
 -0.3832E+01  0.2150E+01
 -0.4330E+01  0.2382E+01
 -0.3832E+01  0.2150E+01
 -0.3772E+01  0.2300E+01
 -0.4250E+01  0.2576E+01
 -0.3772E+01  0.2300E+01
 -0.3695E+01  0.2460E+01
 -0.4150E+01  0.2779E+01
 -0.3695E+01  0.2460E+01
 -0.3588E+01  0.2645E+01
 -0.4015E+01  0.3003E+01
 -0.3588E+01  0.2645E+01
 -0.3405E+01  0.2872E+01
 -0.3799E+01  0.3266E+01
 -0.3405E+01  0.2872E+01
 -0.3118E+01  0.3131E+01
 -0.3473E+01  0.3554E+01
 -0.3118E+01  0.3131E+01
 -0.2599E+01  0.3510E+01
 -0.2912E+01  0.3957E+01
 -0.2599E+01  0.3510E+01
 -0.1125E+01  0.4326E+01
 -0.1404E+01  0.4809E+01
 -0.1125E+01  0.4326E+01
 -0.8923E+00  0.4419E+01
 -0.1131E+01  0.4930E+01
 -0.8923E+00  0.4419E+01
 -0.7698E+00  0.4461E+01
 -0.9639E+00  0.4993E+01
 -0.7698E+00  0.4461E+01
 -0.6747E+00  0.4488E+01
 -0.8219E+00  0.5035E+01
 -0.6747E+00  0.4488E+01
 -0.5930E+00  0.4506E+01
 -0.6921E+00  0.5065E+01
 -0.5930E+00  0.4506E+01
 -0.5175E+00  0.4518E+01
 -0.5674E+00  0.5084E+01
 -0.5175E+00  0.4518E+01
 -0.4437E+00  0.4526E+01
   -   -   
