          Evm          Svm          E11          E22          E33          E23          E13          E12             SDEV11       SDEV22       SDEV33       SDEV23       SDEV13       SDEV12      TEMP      TIME    TAYLAV      WORKAV      WRATE1      WRATE2 
  0.00000E+00  0.53991E+01     0.00000E+00  0.00000E+00  0.00000E+00  0.00000E+00  0.00000E+00  0.00000E+00     0.31141E+01  0.52868E-02 -0.31194E+01  0.21628E-01  0.19262E-01 -0.41650E-01      298. 0.000E+00     2.204  0.1101E+00  0.6240E+01  0.5506E+01
  0.23091E-01  0.54025E+01     0.20000E-01  0.00000E+00 -0.20000E-01  0.00000E+00  0.00000E+00  0.00000E+00     0.31156E+01  0.60756E-02 -0.31217E+01  0.18492E-01  0.23199E-01 -0.47714E-01      298. 0.200E-01     2.205  0.2201E+00  0.6237E+01  0.5498E+01
  0.46181E-01  0.54065E+01     0.40000E-01  0.00000E+00 -0.40000E-01  0.00000E+00  0.00000E+00  0.00000E+00     0.31184E+01  0.48252E-02 -0.31232E+01  0.15494E-01  0.28039E-01 -0.52814E-01      298. 0.400E-01     2.207  0.3302E+00  0.6243E+01  0.5503E+01
  0.69271E-01  0.54110E+01     0.60000E-01  0.00000E+00 -0.60000E-01  0.00000E+00  0.00000E+00  0.00000E+00     0.31216E+01  0.34238E-02 -0.31250E+01  0.12500E-01  0.32474E-01 -0.57549E-01      298. 0.600E-01     2.209  0.4404E+00  0.6250E+01  0.5510E+01
  0.92359E-01  0.54160E+01     0.80000E-01  0.00000E+00 -0.80000E-01  0.00000E+00  0.00000E+00  0.00000E+00     0.31246E+01  0.28993E-02 -0.31275E+01  0.94380E-02  0.36809E-01 -0.62180E-01      298. 0.800E-01     2.211  0.5507E+00  0.6258E+01  0.5517E+01
  0.11545E+00  0.54198E+01     0.10000E+00  0.00000E+00 -0.10000E+00  0.00000E+00  0.00000E+00  0.00000E+00     0.31265E+01  0.32327E-02 -0.31297E+01  0.71398E-02  0.41693E-01 -0.66512E-01      298. 0.100E+00     2.212  0.6611E+00  0.6260E+01  0.5519E+01
  0.13853E+00  0.54232E+01     0.12000E+00  0.00000E+00 -0.12000E+00  0.00000E+00  0.00000E+00  0.00000E+00     0.31276E+01  0.46972E-02 -0.31323E+01  0.65298E-02  0.47242E-01 -0.69716E-01      298. 0.120E+00     2.213  0.7715E+00  0.6264E+01  0.5523E+01
  0.16162E+00  0.54261E+01     0.14000E+00  0.00000E+00 -0.14000E+00  0.00000E+00  0.00000E+00  0.00000E+00     0.31276E+01  0.78326E-02 -0.31354E+01  0.74943E-02  0.52571E-01 -0.71784E-01      298. 0.140E+00     2.214  0.8821E+00  0.6266E+01  0.5526E+01
  0.18470E+00  0.54285E+01     0.16000E+00  0.00000E+00 -0.16000E+00  0.00000E+00  0.00000E+00  0.00000E+00     0.31267E+01  0.12194E-01 -0.31389E+01  0.90690E-02  0.56907E-01 -0.73092E-01      298. 0.160E+00     2.215  0.9927E+00  0.6270E+01  0.5531E+01
  0.20779E+00  0.54308E+01     0.18000E+00  0.00000E+00 -0.18000E+00  0.00000E+00  0.00000E+00  0.00000E+00     0.31256E+01  0.16853E-01 -0.31424E+01  0.10775E-01  0.59421E-01 -0.73333E-01      298. 0.180E+00     2.216  0.1103E+01  0.6272E+01  0.5536E+01
  0.23087E+00  0.54340E+01     0.20000E+00  0.00000E+00 -0.20000E+00  0.00000E+00  0.00000E+00  0.00000E+00     0.31252E+01  0.21253E-01 -0.31464E+01  0.12633E-01  0.60394E-01 -0.72409E-01      298. 0.200E+00     2.217  0.1214E+01  0.6276E+01  0.5543E+01
  0.25395E+00  0.54377E+01     0.22000E+00  0.00000E+00 -0.22000E+00  0.00000E+00  0.00000E+00  0.00000E+00     0.31252E+01  0.25411E-01 -0.31507E+01  0.14609E-01  0.60962E-01 -0.70671E-01      298. 0.220E+00     2.219  0.1325E+01  0.6278E+01  0.5550E+01
  0.27704E+00  0.54425E+01     0.24000E+00  0.00000E+00 -0.24000E+00  0.00000E+00  0.00000E+00  0.00000E+00     0.31264E+01  0.28678E-01 -0.31551E+01  0.16405E-01  0.61366E-01 -0.68463E-01      298. 0.240E+00     2.221  0.1436E+01  0.6276E+01  0.5555E+01
  0.30012E+00  0.54459E+01     0.26000E+00  0.00000E+00 -0.26000E+00  0.00000E+00  0.00000E+00  0.00000E+00     0.31269E+01  0.31550E-01 -0.31585E+01  0.17782E-01  0.61131E-01 -0.66338E-01      298. 0.260E+00     2.222  0.1548E+01  0.6287E+01  0.5570E+01
  0.32320E+00  0.54493E+01     0.28000E+00  0.00000E+00 -0.28000E+00  0.00000E+00  0.00000E+00  0.00000E+00     0.31279E+01  0.33785E-01 -0.31616E+01  0.18554E-01  0.60106E-01 -0.64358E-01      298. 0.280E+00     2.224  0.1659E+01  0.6291E+01  0.5580E+01
  0.34629E+00  0.54525E+01     0.30000E+00  0.00000E+00 -0.30000E+00  0.00000E+00  0.00000E+00  0.00000E+00     0.31290E+01  0.35301E-01 -0.31643E+01  0.18684E-01  0.58474E-01 -0.62622E-01      298. 0.300E+00     2.225  0.1771E+01  0.6295E+01  0.5588E+01
  0.36937E+00  0.54554E+01     0.32000E+00  0.00000E+00 -0.32000E+00  0.00000E+00  0.00000E+00  0.00000E+00     0.31303E+01  0.36084E-01 -0.31664E+01  0.18241E-01  0.56698E-01 -0.61282E-01      298. 0.320E+00     2.226  0.1883E+01  0.6298E+01  0.5596E+01
  0.39245E+00  0.54581E+01     0.34000E+00  0.00000E+00 -0.34000E+00  0.00000E+00  0.00000E+00  0.00000E+00     0.31317E+01  0.36517E-01 -0.31682E+01  0.17251E-01  0.55099E-01 -0.60241E-01      298. 0.340E+00     2.227  0.1995E+01  0.6301E+01  0.5604E+01
  0.41554E+00  0.54608E+01     0.36000E+00  0.00000E+00 -0.36000E+00  0.00000E+00  0.00000E+00  0.00000E+00     0.31331E+01  0.36853E-01 -0.31700E+01  0.15648E-01  0.53618E-01 -0.59255E-01      298. 0.360E+00     2.228  0.2107E+01  0.6301E+01  0.5609E+01
  0.43862E+00  0.54630E+01     0.38000E+00  0.00000E+00 -0.38000E+00  0.00000E+00  0.00000E+00  0.00000E+00     0.31341E+01  0.37648E-01 -0.31717E+01  0.13488E-01  0.51996E-01 -0.58230E-01      298. 0.380E+00     2.229  0.2220E+01  0.6304E+01  0.5617E+01
  0.46171E+00  0.54650E+01     0.40000E+00  0.00000E+00 -0.40000E+00  0.00000E+00  0.00000E+00  0.00000E+00     0.31346E+01  0.39048E-01 -0.31736E+01  0.10899E-01  0.50295E-01 -0.57067E-01      298. 0.400E+00     2.230  0.2332E+01  0.6306E+01  0.5624E+01
  0.48480E+00  0.54668E+01     0.42000E+00  0.00000E+00 -0.42000E+00  0.00000E+00  0.00000E+00  0.00000E+00     0.31347E+01  0.40983E-01 -0.31757E+01  0.79850E-02  0.48726E-01 -0.55753E-01      298. 0.420E+00     2.231  0.2445E+01  0.6308E+01  0.5631E+01
  0.50788E+00  0.54674E+01     0.44000E+00  0.00000E+00 -0.44000E+00  0.00000E+00  0.00000E+00  0.00000E+00     0.31336E+01  0.43969E-01 -0.31776E+01  0.48495E-02  0.47082E-01 -0.54454E-01      298. 0.440E+00     2.231  0.2558E+01  0.6314E+01  0.5641E+01
  0.53097E+00  0.54702E+01     0.46000E+00  0.00000E+00 -0.46000E+00  0.00000E+00  0.00000E+00  0.00000E+00     0.31339E+01  0.46651E-01 -0.31805E+01  0.13785E-02  0.45266E-01 -0.52905E-01      298. 0.460E+00     2.233  0.2671E+01  0.6316E+01  0.5647E+01
  0.55406E+00  0.54713E+01     0.48000E+00  0.00000E+00 -0.48000E+00  0.00000E+00  0.00000E+00  0.00000E+00     0.31326E+01  0.50554E-01 -0.31831E+01 -0.20550E-02  0.43212E-01 -0.51426E-01      298. 0.480E+00     2.233  0.2783E+01  0.6312E+01  0.5648E+01
  0.57714E+00  0.54726E+01     0.50000E+00  0.00000E+00 -0.50000E+00  0.00000E+00  0.00000E+00  0.00000E+00     0.31312E+01  0.54776E-01 -0.31860E+01 -0.54351E-02  0.41059E-01 -0.50043E-01      298. 0.500E+00     2.234  0.2897E+01  0.6324E+01  0.5662E+01
  0.60023E+00  0.54764E+01     0.52000E+00  0.00000E+00 -0.52000E+00  0.00000E+00  0.00000E+00  0.00000E+00     0.31317E+01  0.58199E-01 -0.31899E+01 -0.89067E-02  0.38906E-01 -0.48572E-01      298. 0.520E+00     2.235  0.3010E+01  0.6318E+01  0.5662E+01
  0.62331E+00  0.54780E+01     0.54000E+00  0.00000E+00 -0.54000E+00  0.00000E+00  0.00000E+00  0.00000E+00     0.31301E+01  0.63083E-01 -0.31932E+01 -0.11963E-01  0.36751E-01 -0.47460E-01      298. 0.540E+00     2.235  0.3123E+01  0.6318E+01  0.5665E+01
  0.64640E+00  0.54801E+01     0.56000E+00  0.00000E+00 -0.56000E+00  0.00000E+00  0.00000E+00  0.00000E+00     0.31288E+01  0.68097E-01 -0.31969E+01 -0.14800E-01  0.34797E-01 -0.46450E-01      298. 0.560E+00     2.237  0.3237E+01  0.6331E+01  0.5681E+01
  0.66949E+00  0.54829E+01     0.58000E+00  0.00000E+00 -0.58000E+00  0.00000E+00  0.00000E+00  0.00000E+00     0.31277E+01  0.73260E-01 -0.32010E+01 -0.17417E-01  0.33103E-01 -0.45472E-01      298. 0.580E+00     2.237  0.3350E+01  0.6326E+01  0.5680E+01
  0.69257E+00  0.54852E+01     0.60000E+00  0.00000E+00 -0.60000E+00  0.00000E+00  0.00000E+00  0.00000E+00     0.31261E+01  0.79042E-01 -0.32051E+01 -0.19678E-01  0.31598E-01 -0.44605E-01      298. 0.600E+00     2.238  0.3464E+01  0.6332E+01  0.5689E+01
  0.71566E+00  0.54878E+01     0.62000E+00  0.00000E+00 -0.62000E+00  0.00000E+00  0.00000E+00  0.00000E+00     0.31245E+01  0.85109E-01 -0.32096E+01 -0.21642E-01  0.30150E-01 -0.43807E-01      298. 0.620E+00     2.239  0.3578E+01  0.6333E+01  0.5693E+01
  0.73874E+00  0.54903E+01     0.64000E+00  0.00000E+00 -0.64000E+00  0.00000E+00  0.00000E+00  0.00000E+00     0.31226E+01  0.91502E-01 -0.32141E+01 -0.23301E-01  0.28760E-01 -0.43111E-01      298. 0.640E+00     2.240  0.3692E+01  0.6336E+01  0.5700E+01
  0.76182E+00  0.54929E+01     0.66000E+00  0.00000E+00 -0.66000E+00  0.00000E+00  0.00000E+00  0.00000E+00     0.31207E+01  0.97927E-01 -0.32186E+01 -0.24758E-01  0.27476E-01 -0.42469E-01      298. 0.660E+00     2.241  0.3806E+01  0.6339E+01  0.5706E+01
  0.78491E+00  0.54956E+01     0.68000E+00  0.00000E+00 -0.68000E+00  0.00000E+00  0.00000E+00  0.00000E+00     0.31189E+01  0.10435E+00 -0.32233E+01 -0.26027E-01  0.26330E-01 -0.41871E-01      298. 0.680E+00     2.242  0.3920E+01  0.6342E+01  0.5712E+01
  0.80799E+00  0.54984E+01     0.70000E+00  0.00000E+00 -0.70000E+00  0.00000E+00  0.00000E+00  0.00000E+00     0.31172E+01  0.11082E+00 -0.32280E+01 -0.27102E-01  0.25337E-01 -0.41315E-01      298. 0.700E+00     2.243  0.4035E+01  0.6348E+01  0.5721E+01
  0.83107E+00  0.55015E+01     0.72000E+00  0.00000E+00 -0.72000E+00  0.00000E+00  0.00000E+00  0.00000E+00     0.31156E+01  0.11721E+00 -0.32328E+01 -0.28036E-01  0.24487E-01 -0.40768E-01      298. 0.720E+00     2.245  0.4149E+01  0.6350E+01  0.5726E+01
  0.85415E+00  0.55047E+01     0.74000E+00  0.00000E+00 -0.74000E+00  0.00000E+00  0.00000E+00  0.00000E+00     0.31141E+01  0.12359E+00 -0.32376E+01 -0.28828E-01  0.23753E-01 -0.40229E-01      298. 0.740E+00     2.246  0.4264E+01  0.6354E+01  0.5733E+01
  0.87722E+00  0.55081E+01     0.76000E+00  0.00000E+00 -0.76000E+00  0.00000E+00  0.00000E+00  0.00000E+00     0.31127E+01  0.12997E+00 -0.32426E+01 -0.29502E-01  0.23084E-01 -0.39682E-01      298. 0.760E+00     2.247  0.4379E+01  0.6356E+01  0.5739E+01
  0.90030E+00  0.55118E+01     0.78000E+00  0.00000E+00 -0.78000E+00  0.00000E+00  0.00000E+00  0.00000E+00     0.31113E+01  0.13646E+00 -0.32478E+01 -0.30069E-01  0.22432E-01 -0.39121E-01      298. 0.780E+00     2.248  0.4494E+01  0.6359E+01  0.5745E+01
  0.92337E+00  0.55156E+01     0.80000E+00  0.00000E+00 -0.80000E+00  0.00000E+00  0.00000E+00  0.00000E+00     0.31100E+01  0.14315E+00 -0.32531E+01 -0.30538E-01  0.21794E-01 -0.38558E-01      298. 0.800E+00     2.250  0.4609E+01  0.6363E+01  0.5751E+01
  0.94645E+00  0.55195E+01     0.82000E+00  0.00000E+00 -0.82000E+00  0.00000E+00  0.00000E+00  0.00000E+00     0.31086E+01  0.14996E+00 -0.32586E+01 -0.30947E-01  0.21210E-01 -0.38019E-01      298. 0.820E+00     2.251  0.4724E+01  0.6366E+01  0.5758E+01
  0.96952E+00  0.55237E+01     0.84000E+00  0.00000E+00 -0.84000E+00  0.00000E+00  0.00000E+00  0.00000E+00     0.31074E+01  0.15671E+00 -0.32641E+01 -0.31336E-01  0.20702E-01 -0.37525E-01      298. 0.840E+00     2.253  0.4839E+01  0.6370E+01  0.5765E+01
  0.99259E+00  0.55279E+01     0.86000E+00  0.00000E+00 -0.86000E+00  0.00000E+00  0.00000E+00  0.00000E+00     0.31063E+01  0.16330E+00 -0.32696E+01 -0.31730E-01  0.20261E-01 -0.37097E-01      298. 0.860E+00     2.254  0.4955E+01  0.6374E+01  0.5772E+01
  0.10157E+01  0.55321E+01     0.88000E+00  0.00000E+00 -0.88000E+00  0.00000E+00  0.00000E+00  0.00000E+00     0.31053E+01  0.16965E+00 -0.32750E+01 -0.32143E-01  0.19863E-01 -0.36756E-01      298. 0.880E+00     2.256  0.5070E+01  0.6378E+01  0.5780E+01
  0.10387E+01  0.55364E+01     0.90000E+00  0.00000E+00 -0.90000E+00  0.00000E+00  0.00000E+00  0.00000E+00     0.31045E+01  0.17566E+00 -0.32802E+01 -0.32568E-01  0.19479E-01 -0.36512E-01      298. 0.900E+00     2.257  0.5186E+01  0.6383E+01  0.5787E+01
  0.10618E+01  0.55406E+01     0.92000E+00  0.00000E+00 -0.92000E+00  0.00000E+00  0.00000E+00  0.00000E+00     0.31039E+01  0.18133E+00 -0.32852E+01 -0.32990E-01  0.19089E-01 -0.36360E-01      298. 0.920E+00     2.259  0.5302E+01  0.6388E+01  0.5795E+01
  0.10849E+01  0.55380E+01     0.94000E+00  0.00000E+00 -0.94000E+00  0.00000E+00  0.00000E+00  0.00000E+00     0.30970E+01  0.19132E+00 -0.32883E+01 -0.32309E-01  0.18640E-01 -0.36868E-01      298. 0.940E+00     2.257  0.5418E+01  0.6381E+01  0.5792E+01
  0.11079E+01  0.55412E+01     0.96000E+00  0.00000E+00 -0.96000E+00  0.00000E+00  0.00000E+00  0.00000E+00     0.30963E+01  0.19600E+00 -0.32923E+01 -0.32528E-01  0.18196E-01 -0.36926E-01      298. 0.960E+00     2.259  0.5534E+01  0.6390E+01  0.5804E+01
  0.11310E+01  0.55447E+01     0.98000E+00  0.00000E+00 -0.98000E+00  0.00000E+00  0.00000E+00  0.00000E+00     0.30960E+01  0.20025E+00 -0.32962E+01 -0.32718E-01  0.17743E-01 -0.36960E-01      298. 0.980E+00     2.260  0.5650E+01  0.6393E+01  0.5810E+01
  0.11540E+01  0.55481E+01     0.10000E+01  0.00000E+00 -0.10000E+01  0.00000E+00  0.00000E+00  0.00000E+00     0.30958E+01  0.20414E+00 -0.33000E+01 -0.32821E-01  0.17275E-01 -0.36983E-01      298. 0.100E+01     2.261  0.5766E+01  0.6397E+01  0.5818E+01
          Dvm          Svm          D11          D22          D33          D23          D13          D12             SDEV11       SDEV22       SDEV33       SDEV23       SDEV13       SDEV12      TEMP    TAYLAV      WORKAV      WRATE1      WRATE2 
  0.81257E+00  0.60062E+01    -0.40825E+00 -0.40825E+00  0.81650E+00  0.00000E+00  0.00000E+00  0.00000E+00    -0.16537E+01 -0.23312E+01  0.39849E+01  0.14877E-01  0.42582E-02  0.17949E-01      298.     2.440  0.5856E+01  0.4883E+01  0.4505E+01
  0.80491E+00  0.59990E+01    -0.46832E+00 -0.34507E+00  0.81339E+00  0.00000E+00  0.00000E+00  0.00000E+00    -0.17120E+01 -0.22740E+01  0.39860E+01  0.15192E-01  0.30414E-02  0.17624E-01      298.     2.414  0.5946E+01  0.4826E+01  0.4454E+01
  0.79360E+00  0.59852E+01    -0.52483E+00 -0.27926E+00  0.80409E+00  0.00000E+00  0.00000E+00  0.00000E+00    -0.17744E+01 -0.22078E+01  0.39822E+01  0.15769E-01  0.16579E-02  0.17185E-01      298.     2.375  0.6033E+01  0.4748E+01  0.4383E+01
  0.77956E+00  0.59633E+01    -0.57735E+00 -0.21132E+00  0.78868E+00  0.00000E+00  0.00000E+00  0.00000E+00    -0.18483E+01 -0.21240E+01  0.39722E+01  0.16758E-01 -0.14118E-04  0.16570E-01      298.     2.324  0.6119E+01  0.4646E+01  0.4290E+01
  0.76525E+00  0.59276E+01    -0.62547E+00 -0.14178E+00  0.76726E+00  0.00000E+00  0.00000E+00  0.00000E+00    -0.19517E+01 -0.19998E+01  0.39515E+01  0.18619E-01 -0.23798E-02  0.15579E-01      298.     2.268  0.6203E+01  0.4536E+01  0.4184E+01
  0.76072E+00  0.58516E+01    -0.66883E+00 -0.71162E-01  0.74000E+00  0.00000E+00  0.00000E+00  0.00000E+00    -0.21647E+01 -0.17281E+01  0.38928E+01  0.22641E-01 -0.73696E-02  0.13562E-01      298.     2.226  0.6284E+01  0.4450E+01  0.4079E+01
  0.81514E+00  0.54529E+01    -0.70711E+00  0.00000E+00  0.70711E+00  0.00000E+00  0.00000E+00  0.00000E+00    -0.30427E+01 -0.20062E+00  0.32433E+01  0.32264E-01 -0.16978E-01  0.36341E-01      298.     2.223  0.6365E+01  0.4448E+01  0.4045E+01
  0.81461E+00  0.53649E+01    -0.74000E+00  0.71162E-01  0.66883E+00  0.00000E+00  0.00000E+00  0.00000E+00    -0.33317E+01  0.54110E+00  0.27906E+01  0.20800E-01 -0.17383E-01  0.58740E-01      298.     2.185  0.6445E+01  0.4371E+01  0.3974E+01
  0.81554E+00  0.53683E+01    -0.76726E+00  0.14178E+00  0.62547E+00  0.00000E+00  0.00000E+00  0.00000E+00    -0.34128E+01  0.77528E+00  0.26375E+01  0.19889E-01 -0.16696E-01  0.57921E-01      298.     2.189  0.6524E+01  0.4375E+01  0.3968E+01
  0.81632E+00  0.53852E+01    -0.78868E+00  0.21132E+00  0.57735E+00  0.00000E+00  0.00000E+00  0.00000E+00    -0.34733E+01  0.95235E+00  0.25209E+01  0.20414E-01 -0.15714E-01  0.56049E-01      298.     2.198  0.6603E+01  0.4395E+01  0.3962E+01
  0.81584E+00  0.54082E+01    -0.80409E+00  0.27926E+00  0.52483E+00  0.00000E+00  0.00000E+00  0.00000E+00    -0.35259E+01  0.11134E+01  0.24125E+01  0.21755E-01 -0.14653E-01  0.53720E-01      298.     2.206  0.6682E+01  0.4416E+01  0.3943E+01
  0.81398E+00  0.54429E+01    -0.81339E+00  0.34507E+00  0.46832E+00  0.00000E+00  0.00000E+00  0.00000E+00    -0.35795E+01  0.12782E+01  0.23014E+01  0.23915E-01 -0.13709E-01  0.51647E-01      298.     2.215  0.6760E+01  0.4434E+01  0.3904E+01
  0.81109E+00  0.54919E+01    -0.81650E+00  0.40825E+00  0.40825E+00  0.00000E+00  0.00000E+00  0.00000E+00    -0.36371E+01  0.14590E+01  0.21780E+01  0.26960E-01 -0.12836E-01  0.50879E-01      298.     2.227  0.6837E+01  0.4456E+01  0.3847E+01
  0.80744E+00  0.55449E+01    -0.81339E+00  0.46832E+00  0.34507E+00  0.00000E+00  0.00000E+00  0.00000E+00    -0.36891E+01  0.16510E+01  0.20382E+01  0.30920E-01 -0.11694E-01  0.52780E-01      298.     2.239  0.6913E+01  0.4479E+01  0.3778E+01
  0.80304E+00  0.55917E+01    -0.80409E+00  0.52483E+00  0.27926E+00  0.00000E+00  0.00000E+00  0.00000E+00    -0.37269E+01  0.18439E+01  0.18830E+01  0.37772E-01 -0.99938E-02  0.55613E-01      298.     2.245  0.6987E+01  0.4489E+01  0.3715E+01
  0.79979E+00  0.56585E+01    -0.78868E+00  0.57735E+00  0.21132E+00  0.00000E+00  0.00000E+00  0.00000E+00    -0.37645E+01  0.20794E+01  0.16851E+01  0.47692E-01 -0.87886E-02  0.56354E-01      298.     2.263  0.7061E+01  0.4525E+01  0.3703E+01
  0.80219E+00  0.57124E+01    -0.76726E+00  0.62547E+00  0.14178E+00  0.00000E+00  0.00000E+00  0.00000E+00    -0.37573E+01  0.24125E+01  0.13448E+01  0.42745E-01 -0.61278E-02  0.49104E-01      298.     2.291  0.7137E+01  0.4578E+01  0.3783E+01
  0.63620E+00  0.10951E+02    -0.74000E+00  0.66883E+00  0.71162E-01  0.00000E+00  0.00000E+00  0.00000E+00    -0.62367E+01  0.31926E+01  0.30441E+01 -0.32849E+01 -0.85129E-01  0.89251E-02      298.     2.223  0.7170E+01  0.1858E+01  0.1667E+01
  0.79266E+00  0.55608E+01    -0.70711E+00  0.70711E+00  0.00000E+00  0.00000E+00  0.00000E+00  0.00000E+00    -0.26727E+01  0.35609E+01 -0.88814E+00 -0.27659E-02 -0.17161E-01  0.33526E-01      298.     2.204  0.7249E+01  0.4408E+01  0.3954E+01
  0.79047E+00  0.56226E+01    -0.66883E+00  0.74000E+00 -0.71162E-01  0.00000E+00  0.00000E+00  0.00000E+00    -0.24346E+01  0.36853E+01 -0.12507E+01 -0.14082E-01 -0.16175E-01  0.25502E-01      298.     2.222  0.7330E+01  0.4442E+01  0.4019E+01
  0.79643E+00  0.56714E+01    -0.62547E+00  0.76726E+00 -0.14178E+00  0.00000E+00  0.00000E+00  0.00000E+00    -0.22901E+01  0.37503E+01 -0.14602E+01 -0.16955E-01 -0.14721E-01  0.14802E-01      298.     2.259  0.7411E+01  0.4519E+01  0.4089E+01
  0.80370E+00  0.57145E+01    -0.57735E+00  0.78868E+00 -0.21132E+00  0.00000E+00  0.00000E+00  0.00000E+00    -0.21769E+01  0.37959E+01 -0.16191E+01 -0.17234E-01 -0.13876E-01  0.33831E-02      298.     2.296  0.7494E+01  0.4592E+01  0.4138E+01
  0.80988E+00  0.57572E+01    -0.52483E+00  0.80409E+00 -0.27926E+00  0.00000E+00  0.00000E+00  0.00000E+00    -0.20741E+01  0.38337E+01 -0.17596E+01 -0.16996E-01 -0.13142E-01 -0.10530E-01      298.     2.331  0.7578E+01  0.4661E+01  0.4177E+01
  0.81413E+00  0.57949E+01    -0.46832E+00  0.81339E+00 -0.34507E+00  0.00000E+00  0.00000E+00  0.00000E+00    -0.19711E+01  0.38628E+01 -0.18917E+01 -0.16414E-01 -0.12369E-01 -0.27247E-01      298.     2.359  0.7662E+01  0.4715E+01  0.4197E+01
  0.81617E+00  0.58285E+01    -0.40825E+00  0.81650E+00 -0.40825E+00  0.00000E+00  0.00000E+00  0.00000E+00    -0.18605E+01  0.38842E+01 -0.20237E+01 -0.15629E-01 -0.11652E-01 -0.44217E-01      298.     2.378  0.7746E+01  0.4756E+01  0.4205E+01
  0.81614E+00  0.58592E+01    -0.34507E+00  0.81339E+00 -0.46832E+00  0.00000E+00  0.00000E+00  0.00000E+00    -0.17324E+01  0.38975E+01 -0.21651E+01 -0.14860E-01 -0.11245E-01 -0.59923E-01      298.     2.391  0.7830E+01  0.4780E+01  0.4201E+01
  0.81473E+00  0.58839E+01    -0.27926E+00  0.80409E+00 -0.52483E+00  0.00000E+00  0.00000E+00  0.00000E+00    -0.15689E+01  0.38972E+01 -0.23283E+01 -0.13989E-01 -0.10969E-01 -0.68428E-01      298.     2.397  0.7914E+01  0.4792E+01  0.4193E+01
  0.81344E+00  0.58792E+01    -0.21132E+00  0.78868E+00 -0.57735E+00  0.00000E+00  0.00000E+00  0.00000E+00    -0.13291E+01  0.38571E+01 -0.25280E+01 -0.12895E-01 -0.11852E-01 -0.64226E-01      298.     2.391  0.7997E+01  0.4781E+01  0.4182E+01
  0.81348E+00  0.58281E+01    -0.14178E+00  0.76726E+00 -0.62547E+00  0.00000E+00  0.00000E+00  0.00000E+00    -0.99570E+00  0.37500E+01 -0.27543E+01 -0.13529E-01 -0.14008E-01 -0.45566E-01      298.     2.370  0.8081E+01  0.4737E+01  0.4172E+01
  0.81619E+00  0.57576E+01    -0.71162E-01  0.74000E+00 -0.66883E+00  0.00000E+00  0.00000E+00  0.00000E+00    -0.43326E+00  0.35194E+01 -0.30862E+01 -0.16113E-01 -0.16861E-01 -0.15987E-01      298.     2.350  0.8165E+01  0.4697E+01  0.4214E+01
  0.78699E+00  0.58892E+01     0.00000E+00  0.70711E+00 -0.70711E+00  0.00000E+00  0.00000E+00  0.00000E+00     0.10454E+01  0.27546E+01 -0.38000E+01 -0.17221E-01 -0.12195E-01 -0.16775E-01      298.     2.318  0.8250E+01  0.4638E+01  0.4266E+01
  0.79357E+00  0.59458E+01     0.71162E-01  0.66883E+00 -0.74000E+00  0.00000E+00  0.00000E+00  0.00000E+00     0.12644E+01  0.26212E+01 -0.38856E+01 -0.16652E-01 -0.97468E-02 -0.18244E-01      298.     2.359  0.8337E+01  0.4720E+01  0.4347E+01
  0.80351E+00  0.59748E+01     0.14178E+00  0.62547E+00 -0.76726E+00  0.00000E+00  0.00000E+00  0.00000E+00     0.13769E+01  0.25483E+01 -0.39252E+01 -0.16129E-01 -0.86098E-02 -0.18310E-01      298.     2.400  0.8426E+01  0.4801E+01  0.4425E+01
  0.81129E+00  0.59929E+01     0.21132E+00  0.57735E+00 -0.78868E+00  0.00000E+00  0.00000E+00  0.00000E+00     0.14616E+01  0.24893E+01 -0.39509E+01 -0.15473E-01 -0.75558E-02 -0.18357E-01      298.     2.431  0.8515E+01  0.4861E+01  0.4483E+01
  0.81569E+00  0.60037E+01     0.27926E+00  0.52483E+00 -0.80409E+00  0.00000E+00  0.00000E+00  0.00000E+00     0.15325E+01  0.24358E+01 -0.39683E+01 -0.14977E-01 -0.64599E-02 -0.18354E-01      298.     2.449  0.8606E+01  0.4896E+01  0.4516E+01
  0.81619E+00  0.60080E+01     0.34507E+00  0.46832E+00 -0.81339E+00  0.00000E+00  0.00000E+00  0.00000E+00     0.15954E+01  0.23839E+01 -0.39793E+01 -0.14787E-01 -0.53629E-02 -0.18200E-01      298.     2.452  0.8696E+01  0.4902E+01  0.4522E+01
          Dvm          Svm          D11          D22          D33          D23          D13          D12             SCAU11       SCAU22       SCAU33       SCAU23       SCAU13       SCAU12      TEMP    TAYLAV      WORKAV      WRATE1      WRATE2 
  0.81631E+00  0.56009E+01     0.81650E+00 -0.53955E+00 -0.27694E+00  0.00000E+00  0.00000E+00  0.00000E+00     0.55996E+01  0.00000E+00  0.00000E+00 -0.38814E-01  0.97884E-02 -0.55808E-01      298.     2.248  0.8772E+01  0.4573E+01  0.3778E+01
  0.81511E+00  0.55335E+01     0.81650E+00 -0.53697E+00 -0.27953E+00  0.00000E+00  0.00000E+00  0.00000E+00     0.55241E+01  0.00000E+00  0.00000E+00 -0.34448E-01  0.33528E-03 -0.18291E+00      298.     2.219  0.8846E+01  0.4513E+01  0.3742E+01
  0.81447E+00  0.53947E+01     0.81650E+00 -0.53352E+00 -0.28297E+00  0.00000E+00  0.00000E+00  0.00000E+00     0.53813E+01  0.00000E+00  0.00000E+00 -0.36182E-01 -0.16319E-01 -0.21584E+00      298.     2.163  0.8920E+01  0.4396E+01  0.3702E+01
  0.81485E+00  0.52666E+01     0.81650E+00 -0.55641E+00 -0.26008E+00  0.00000E+00  0.00000E+00  0.00000E+00     0.52560E+01  0.00000E+00  0.00000E+00 -0.34336E-01 -0.30473E-01 -0.18760E+00      298.     2.100  0.8994E+01  0.4287E+01  0.3681E+01
  0.81640E+00  0.52068E+01     0.81650E+00 -0.61275E+00 -0.20375E+00  0.00000E+00  0.00000E+00  0.00000E+00     0.52063E+01  0.00000E+00  0.00000E+00 -0.27064E-01 -0.31503E-01  0.17844E-01      298.     2.042  0.9069E+01  0.4249E+01  0.3723E+01
  0.81036E+00  0.52679E+01     0.81650E+00 -0.63671E+00 -0.17978E+00  0.00000E+00  0.00000E+00  0.00000E+00     0.52283E+01  0.00000E+00  0.00000E+00  0.23367E-02 -0.76587E-02  0.37222E+00      298.     2.031  0.9145E+01  0.4266E+01  0.3835E+01
  0.81092E+00  0.54382E+01     0.81650E+00 -0.61444E+00 -0.20206E+00  0.00000E+00  0.00000E+00  0.00000E+00     0.54011E+01  0.00000E+00  0.00000E+00  0.19806E-01 -0.97074E-02  0.36550E+00      298.     2.117  0.9225E+01  0.4412E+01  0.3990E+01
  0.81412E+00  0.56066E+01     0.81650E+00 -0.54579E+00 -0.27070E+00  0.00000E+00  0.00000E+00  0.00000E+00     0.55903E+01  0.00000E+00  0.00000E+00  0.12321E-01 -0.16360E-01  0.24581E+00      298.     2.240  0.9307E+01  0.4567E+01  0.4102E+01
  0.81551E+00  0.57558E+01     0.81650E+00 -0.47642E+00 -0.34007E+00  0.00000E+00  0.00000E+00  0.00000E+00     0.57489E+01  0.00000E+00  0.00000E+00  0.87786E-02 -0.35031E-01  0.15891E+00      298.     2.336  0.9391E+01  0.4691E+01  0.4177E+01
  0.81644E+00  0.58069E+01     0.81650E+00 -0.44937E+00 -0.36713E+00  0.00000E+00  0.00000E+00  0.00000E+00     0.58065E+01  0.00000E+00  0.00000E+00  0.12108E-01 -0.16153E-01  0.32957E-01      298.     2.366  0.9475E+01  0.4738E+01  0.4208E+01
