TEXTURE AT STRAIN =    1.0000
   1.000   2.692   0.364  <-- length of average ellipsoid axes for phase
   90.00    0.00    0.00  <-- Euler angles of average ellipsoid axes for phase
B       500
   93.61  122.48   46.35   0.0020000
 -147.83   54.03   48.51   0.0020000
  168.68   42.49   46.88   0.0020000
  142.84   62.77   34.82   0.0020000
  134.11   66.59   29.01   0.0020000
   16.79   16.30 -142.44   0.0020000
   30.40   58.95  -37.93   0.0020000
  176.80  143.28  -46.13   0.0020000
  -37.27   58.30  128.81   0.0020000
  -81.54  123.57 -136.63   0.0020000
  -10.84  143.29  -48.72   0.0020000
    1.00  161.75   45.75   0.0020000
   37.10   57.96   51.28   0.0020000
   39.60  102.63 -164.16   0.0020000
   80.30  113.21   13.94   0.0020000
  -94.99   86.20  177.86   0.0020000
  173.20   24.28  137.88   0.0020000
   98.32   58.59   34.69   0.0020000
   92.08   57.39 -137.76   0.0020000
  -77.44   24.82  169.21   0.0020000
 -154.13  129.76  -45.85   0.0020000
  -10.40  137.24 -136.58   0.0020000
    2.88    5.16  -43.95   0.0020000
  179.35   44.21 -135.20   0.0020000
  126.46  115.43   62.27   0.0020000
   94.02  122.34  -44.06   0.0020000
  -51.86   76.73  -77.62   0.0020000
  -28.32   70.34 -152.85   0.0020000
  -71.34   93.95  -92.68   0.0020000
  -31.94  123.49  -39.82   0.0020000
  124.63  111.59   70.73   0.0020000
   22.53   48.52  -45.07   0.0020000
 -156.78  129.86  134.10   0.0020000
 -100.86   59.36 -123.30   0.0020000
  -29.40  126.09 -131.63   0.0020000
   35.01   59.18 -127.68   0.0020000
   20.56  133.27 -133.66   0.0020000
 -103.31   59.46  148.08   0.0020000
 -120.92  119.19  121.47   0.0020000
   41.61   69.11   62.49   0.0020000
 -150.74  129.43   43.98   0.0020000
  123.52   68.48  107.78   0.0020000
  144.66   64.72 -146.81   0.0020000
  -39.98   56.33  130.62   0.0020000
 -157.98   56.55 -128.67   0.0020000
 -145.80  116.83 -145.43   0.0020000
  -85.31   58.24   33.91   0.0020000
  133.42   59.68  126.63   0.0020000
  -37.91   59.84 -142.60   0.0020000
   -8.71   38.48  138.34   0.0020000
  -11.61   29.29 -129.46   0.0020000
  -60.18  118.05  151.90   0.0020000
   33.55  122.05 -140.97   0.0020000
  168.75  141.39  -48.56   0.0020000
   80.27   57.46 -130.60   0.0020000
  -81.74  121.97  -37.31   0.0020000
   74.34  121.31  -54.99   0.0020000
  -24.88   49.45   44.73   0.0020000
  -50.57    2.12  -22.26   0.0020000
   50.31  112.07  113.33   0.0020000
 -171.10   26.77  -49.65   0.0020000
  -33.00  120.83  142.20   0.0020000
  -99.87   57.88 -129.32   0.0020000
 -174.90  148.14  -42.61   0.0020000
  -60.19   58.42 -141.69   0.0020000
  153.91   52.45 -137.37   0.0020000
   17.60  136.03 -132.39   0.0020000
   32.44  122.98 -140.27   0.0020000
  178.61   41.21  134.88   0.0020000
 -143.17   56.28 -130.52   0.0020000
   33.52  104.00   22.46   0.0020000
  -25.95  104.49  157.02   0.0020000
    9.72    2.08 -134.44   0.0020000
 -115.12  119.23  -61.23   0.0020000
  -14.29  154.87   38.61   0.0020000
  -32.10  170.37   31.79   0.0020000
   11.44  136.65 -132.90   0.0020000
  161.19   46.53   45.95   0.0020000
  128.03   66.57  114.30   0.0020000
    7.40  134.65   45.90   0.0020000
 -155.04   60.69  144.26   0.0020000
   14.82   25.52 -142.24   0.0020000
  -21.82  137.46  131.81   0.0020000
  -51.28  105.54  165.85   0.0020000
   49.81    1.11   32.17   0.0020000
  140.50   66.84 -149.04   0.0020000
 -168.87   73.57  147.37   0.0020000
   54.15  113.63  112.70   0.0020000
   18.76  128.68   44.07   0.0020000
   26.77   56.03  -40.36   0.0020000
 -144.84   21.05  -58.93   0.0020000
  155.48   31.64  -36.24   0.0020000
  102.77   89.43  177.69   0.0020000
   25.04  129.52 -135.82   0.0020000
  -51.56  111.00  -20.71   0.0020000
 -172.25  135.84 -134.04   0.0020000
  147.27  127.23  137.04   0.0020000
   94.48   59.08  -54.27   0.0020000
   90.78  122.46  -44.82   0.0020000
 -151.61   67.34   59.30   0.0020000
   77.54   57.84  -38.12   0.0020000
 -176.33   88.57   88.19   0.0020000
  139.77   59.66   37.19   0.0020000
  169.80  133.52  134.35   0.0020000
   44.47  100.03  100.53   0.0020000
  111.39   60.32  -58.98   0.0020000
   16.67   34.90   38.54   0.0020000
  -28.98   53.27  132.37   0.0020000
  -19.91  128.98 -133.75   0.0020000
  -28.49  110.56 -118.64   0.0020000
   16.97   44.14 -137.14   0.0020000
   91.13  121.84   53.06   0.0020000
  -86.13  122.62  137.47   0.0020000
 -150.42   53.94 -132.01   0.0020000
  119.29  117.65 -117.16   0.0020000
  142.48  121.84  -38.92   0.0020000
   87.88   57.31   45.31   0.0020000
  -65.64   56.53  -47.39   0.0020000
 -137.95  116.85   33.52   0.0020000
   -5.74  136.77  -45.54   0.0020000
   22.32   32.20  -53.52   0.0020000
   34.27   97.57  100.06   0.0020000
   72.20   59.28  148.23   0.0020000
  -96.98   57.73  139.48   0.0020000
 -158.41  135.63   47.33   0.0020000
   30.37  138.60  -40.15   0.0020000
   86.36   89.90  -89.23   0.0020000
 -160.41  132.59  -44.35   0.0020000
 -154.74   51.45 -133.58   0.0020000
   22.81  154.89  -34.32   0.0020000
   28.53   84.12   -8.00   0.0020000
 -118.84  120.27  123.99   0.0020000
   44.75   82.59  -97.30   0.0020000
  -80.64   58.14  -52.33   0.0020000
 -148.62  123.41 -140.31   0.0020000
  -85.33  122.53  -41.45   0.0020000
  -81.39   62.36  116.20   0.0020000
  155.91  112.54  149.65   0.0020000
  -63.57   64.94   20.33   0.0020000
   20.92  131.48  135.46   0.0020000
  -26.34  131.05  135.31   0.0020000
  153.61  132.65  133.91   0.0020000
 -163.14   83.74   81.12   0.0020000
    5.46   28.54  132.14   0.0020000
 -139.28  106.78  111.87   0.0020000
  146.43  122.38   50.65   0.0020000
  140.42   60.49  126.48   0.0020000
  111.10   81.06   95.52   0.0020000
   41.00   94.80  -84.87   0.0020000
   93.02   57.40  132.63   0.0020000
 -165.76  130.53   44.69   0.0020000
  -41.80  121.90  -38.62   0.0020000
   67.02   75.59   -7.26   0.0020000
 -116.28   59.79   56.41   0.0020000
 -111.49   63.50 -112.60   0.0020000
 -172.04  144.40 -131.99   0.0020000
 -109.38  121.44  -54.98   0.0020000
   27.10  134.12   46.37   0.0020000
  141.10  104.12   70.21   0.0020000
  152.84   62.88 -145.50   0.0020000
  -15.23  129.66   46.14   0.0020000
  113.94   60.25 -149.83   0.0020000
 -112.11  121.29   35.33   0.0020000
 -149.44  124.95 -139.15   0.0020000
   79.09   57.85   51.87   0.0020000
   39.79  122.00   38.96   0.0020000
  -22.64   46.02  136.69   0.0020000
    3.87    5.26 -134.14   0.0020000
  123.94   98.50  172.54   0.0020000
  100.67   56.39  136.03   0.0020000
  -40.54  117.98 -125.05   0.0020000
   18.20  155.82   53.76   0.0020000
  148.66   24.40 -122.18   0.0020000
 -113.47   64.23  -21.22   0.0020000
  -97.80  122.20   38.09   0.0020000
  136.19  117.05  -34.08   0.0020000
  152.58  125.67  138.28   0.0020000
 -144.57  119.45 -143.48   0.0020000
 -114.39  120.49  -57.11   0.0020000
  114.35   61.91  -64.65   0.0020000
   17.56   46.08   43.85   0.0020000
  124.12   69.33 -162.88   0.0020000
 -131.22  120.04  125.72   0.0020000
 -100.00   57.87 -129.28   0.0020000
  137.23  125.56  137.14   0.0020000
  127.65   58.81   37.27   0.0020000
  148.81   57.37 -140.85   0.0020000
   43.23   78.69   78.13   0.0020000
 -146.36  119.94 -142.98   0.0020000
  134.70   65.38  -59.18   0.0020000
 -139.72   74.18 -109.21   0.0020000
  149.90   54.84  -49.00   0.0020000
  -73.05  122.03  -37.91   0.0020000
  -57.57   98.76   83.17   0.0020000
  -59.57  117.28  153.49   0.0020000
   58.23  105.86   11.12   0.0020000
 -175.61  143.49 -133.30   0.0020000
    2.59  149.69   46.59   0.0020000
  -10.82  150.95  130.90   0.0020000
 -130.17   46.67   35.95   0.0020000
  150.58  139.22 -139.18   0.0020000
   27.52  126.68   42.32   0.0020000
   29.00  123.52 -139.79   0.0020000
  111.91   90.35  -91.44   0.0020000
  -43.25  111.33  -27.75   0.0020000
   50.87  111.83  -67.15   0.0020000
 -173.67  140.19   46.75   0.0020000
 -105.03  117.31   24.72   0.0020000
   14.61   26.96  127.87   0.0020000
  -83.25  123.02  -44.73   0.0020000
  -93.24   57.74 -128.11   0.0020000
  167.50   41.56   47.40   0.0020000
  -28.42  130.21 -134.06   0.0020000
   40.73   74.88  160.83   0.0020000
   35.08  177.64 -131.13   0.0020000
  106.30   59.27  -57.64   0.0020000
   29.66  123.89 -139.60   0.0020000
   -4.39   41.71 -134.06   0.0020000
   28.77   87.44  177.98   0.0020000
 -140.88   65.86  148.04   0.0020000
   51.98  148.33  -32.80   0.0020000
 -144.47  100.46   14.56   0.0020000
 -153.99   54.61 -131.61   0.0020000
  -25.19  130.32  -44.33   0.0020000
  -45.21   89.40 -179.21   0.0020000
  128.80   60.99 -145.73   0.0020000
  -43.92  113.45  150.08   0.0020000
  -36.79   65.87   32.41   0.0020000
 -154.24   49.75 -134.60   0.0020000
 -137.91   81.55  -99.05   0.0020000
  -54.14   84.87  -84.94   0.0020000
  -32.39   70.55   28.00   0.0020000
 -156.02  166.99  145.13   0.0020000
  151.73   52.35   42.72   0.0020000
  166.40  136.25  133.00   0.0020000
 -139.63  106.68  112.09   0.0020000
  145.10  111.00 -119.53   0.0020000
 -122.74   69.91  164.25   0.0020000
   59.59   62.28 -116.57   0.0020000
 -132.12  106.77 -163.09   0.0020000
   39.18   74.59  -20.73   0.0020000
   57.36   60.62 -122.57   0.0020000
  -14.01  134.99   43.74   0.0020000
  -18.98  149.88  -53.07   0.0020000
  -44.34   75.09  -72.72   0.0020000
  -67.53  120.81   55.88   0.0020000
 -119.14  120.03 -146.73   0.0020000
   96.12  122.99 -136.16   0.0020000
  -98.78  122.63   41.45   0.0020000
  -62.85  110.76  166.18   0.0020000
 -110.75   96.86   93.14   0.0020000
  125.34   69.07  -71.84   0.0020000
  -81.98   61.37 -151.22   0.0020000
  -48.78   65.20 -150.40   0.0020000
  -17.38   48.39  135.31   0.0020000
  153.64   50.60   43.72   0.0020000
  -86.34  149.17 -176.65   0.0020000
   34.77  120.23   37.55   0.0020000
   21.92  131.64  -44.54   0.0020000
  109.52  121.67 -127.81   0.0020000
 -123.54   71.99  166.27   0.0020000
  -71.47   84.23  -86.16   0.0020000
  -29.12  126.84   47.92   0.0020000
  146.87   56.56  129.73   0.0020000
 -155.91  134.77  136.93   0.0020000
  -23.01   48.50  -44.67   0.0020000
    9.72  140.02   48.00   0.0020000
 -146.27  151.24  -34.65   0.0020000
 -142.11  115.77  -56.70   0.0020000
  -60.74  119.79 -123.30   0.0020000
  -38.57  121.58  141.59   0.0020000
 -171.08  134.61 -134.25   0.0020000
 -110.94  121.40  -54.56   0.0020000
  -90.39  122.65  134.73   0.0020000
  -91.41  122.68  134.44   0.0020000
   21.96  131.02  -44.90   0.0020000
 -146.27  133.84  -42.05   0.0020000
 -148.17  119.65   36.69   0.0020000
 -171.22  144.01 -131.70   0.0020000
   36.38  122.77   39.65   0.0020000
 -105.80  122.30  -51.25   0.0020000
  149.73   55.69  -49.57   0.0020000
 -102.16  122.56 -139.78   0.0020000
   68.02   70.20   77.98   0.0020000
  175.00  149.85  132.75   0.0020000
  -95.71  122.59  -48.04   0.0020000
   60.03  118.88  120.72   0.0020000
  141.88  107.82   63.81   0.0020000
  -28.75  123.82 -130.36   0.0020000
  -13.00   36.15 -130.12   0.0020000
  -75.79  121.89   53.04   0.0020000
   20.09   47.11  134.18   0.0020000
   89.16   57.58 -138.22   0.0020000
  -73.88   59.08   33.62   0.0020000
 -174.03  145.13  -42.50   0.0020000
  -22.08   50.04  134.53   0.0020000
  140.98  122.22 -129.86   0.0020000
 -100.94   58.11  142.18   0.0020000
 -156.58  134.13  136.52   0.0020000
 -173.26  135.03  135.75   0.0020000
   40.80   65.69  -31.43   0.0020000
   20.21   46.01  133.57   0.0020000
    2.26   41.66   44.53   0.0020000
 -140.00  111.05   28.38   0.0020000
  -44.20  177.48   29.79   0.0020000
  -47.64  114.00 -118.90   0.0020000
  -47.92   78.30 -168.08   0.0020000
 -122.81   64.33  155.99   0.0020000
  178.96   96.60 -170.69   0.0020000
 -115.20   89.98   89.78   0.0020000
   37.74  119.56  126.82   0.0020000
  -55.64  122.76  140.11   0.0020000
  161.80   48.02  135.18   0.0020000
  178.33  131.13  134.98   0.0020000
 -155.77   46.09 -136.81   0.0020000
   58.01  115.92 -156.10   0.0020000
  -23.75   94.48   80.14   0.0020000
 -112.39   59.54   57.04   0.0020000
  -55.19   62.23 -148.66   0.0020000
 -153.04  100.96   19.33   0.0020000
   20.98  135.67   47.63   0.0020000
  125.21  102.04 -100.32   0.0020000
  -45.95  108.26  158.74   0.0020000
   96.29  122.55 -133.14   0.0020000
   28.17   22.07  122.11   0.0020000
  -44.54  103.93 -105.29   0.0020000
   15.88  133.11  136.05   0.0020000
   32.68  121.12   38.28   0.0020000
  126.31   89.84   -0.07   0.0020000
  149.72   60.27   36.82   0.0020000
  -60.04  119.37   57.61   0.0020000
   47.46  107.94  -70.82   0.0020000
  179.08  154.08  134.61   0.0020000
 -155.99   42.17   40.94   0.0020000
   41.11  110.85  118.01   0.0020000
 -122.87   75.05   79.16   0.0020000
   12.37  136.14  137.05   0.0020000
   67.77  118.63 -153.20   0.0020000
  -36.06  118.64 -126.00   0.0020000
  151.98  125.13  -41.30   0.0020000
  173.56   35.23  -42.62   0.0020000
   74.16  121.51 -143.99   0.0020000
   87.05   57.35   47.29   0.0020000
   39.70  166.89   55.81   0.0020000
  102.47   84.36    9.86   0.0020000
 -161.01  133.05 -134.15   0.0020000
   55.12   85.79   -3.84   0.0020000
 -154.25  137.27   47.91   0.0020000
   33.08   53.71 -132.07   0.0020000
 -146.36  122.28   38.89   0.0020000
  139.03  121.10 -128.15   0.0020000
  -98.29  122.12   41.39   0.0020000
  -27.48  127.48  137.44   0.0020000
  110.98   96.49  -93.73   0.0020000
 -169.77   28.84  129.86   0.0020000
 -124.48   86.13  176.23   0.0020000
    8.05   93.46   -4.30   0.0020000
 -100.07   57.96   51.43   0.0020000
 -137.85  118.12   34.76   0.0020000
 -126.72    1.35 -114.52   0.0020000
  138.59   76.67  106.29   0.0020000
  -54.72  114.51   65.91   0.0020000
  142.40  113.30  148.40   0.0020000
 -147.42  122.07  -51.30   0.0020000
  131.79   59.96 -143.95   0.0020000
 -151.36  148.73   53.72   0.0020000
   33.62   68.31 -119.82   0.0020000
  105.97   58.30  126.68   0.0020000
   -4.40  146.93   43.40   0.0020000
  -46.95   96.14  174.07   0.0020000
 -152.44  155.76   55.34   0.0020000
  151.07   49.53  134.61   0.0020000
 -132.75   53.70  -44.38   0.0020000
  -17.69   27.16 -126.61   0.0020000
   30.10  120.85  -52.30   0.0020000
   53.41   78.37  -99.89   0.0020000
  -86.10  171.93  -96.78   0.0020000
  -29.87   55.12  -48.95   0.0020000
   28.48   48.70  -44.95   0.0020000
  -51.16   67.55  113.59   0.0020000
  -84.25   60.03  -58.93   0.0020000
   24.47  129.63  134.24   0.0020000
 -177.51  134.93  135.19   0.0020000
  163.26   44.60  136.71   0.0020000
  -84.90  122.45  -40.35   0.0020000
   42.48   88.14  178.33   0.0020000
   25.02  121.26  -50.90   0.0020000
   90.95   57.32 -135.97   0.0020000
  168.57  134.04  134.08   0.0020000
  119.90   64.15  112.58   0.0020000
  134.54  164.46  119.88   0.0020000
  126.93   65.02  -63.40   0.0020000
 -123.43  115.61  -66.08   0.0020000
  154.21   50.21  134.02   0.0020000
   47.62   66.02   61.86   0.0020000
 -165.45  134.23 -133.82   0.0020000
  -92.94  122.63  -52.26   0.0020000
 -155.96   50.54 -134.14   0.0020000
   92.42   57.37   42.15   0.0020000
   87.94   57.28  -45.57   0.0020000
   27.53   42.87  -47.76   0.0020000
 -161.73   42.07  131.26   0.0020000
 -146.04  110.20   28.42   0.0020000
 -151.61   52.38  -42.87   0.0020000
   78.18   64.05  158.58   0.0020000
 -142.07  118.58  -54.29   0.0020000
 -148.71  114.24  -58.19   0.0020000
 -118.22  120.27 -146.45   0.0020000
 -114.66   59.62  146.49   0.0020000
  -92.70   57.60   46.87   0.0020000
 -153.55  120.69   38.35   0.0020000
  150.56  130.18  -44.32   0.0020000
  -47.11   92.61  -92.41   0.0020000
   25.33   87.73  -93.05   0.0020000
  173.87  140.87  -47.01   0.0020000
  -29.23   54.38 -138.43   0.0020000
  -82.13   93.61   10.66   0.0020000
  -56.65   61.58 -147.89   0.0020000
  155.92   49.43 -135.54   0.0020000
   -4.73  160.54 -136.43   0.0020000
   82.83  123.24  137.01   0.0020000
  124.49   73.42 -166.91   0.0020000
   23.63  129.73 -135.68   0.0020000
  142.89  122.19 -129.09   0.0020000
   19.55   52.49   46.90   0.0020000
  -83.13  120.23  147.54   0.0020000
 -139.84  116.18   33.08   0.0020000
 -146.81  121.07  -52.10   0.0020000
    4.21  167.69 -133.65   0.0020000
  -26.67   54.69   41.21   0.0020000
  156.28  101.00   72.78   0.0020000
   82.39   57.12 -133.76   0.0020000
 -167.74  135.17 -133.71   0.0020000
  -50.90   35.87 -121.34   0.0020000
  144.04  119.07  -36.65   0.0020000
   19.76   19.22 -144.38   0.0020000
   74.74   56.76  137.11   0.0020000
  160.66   40.51   43.78   0.0020000
  -92.60   57.61  138.91   0.0020000
 -136.79  104.51   16.36   0.0020000
   78.94  116.90  115.10   0.0020000
   51.79   75.40  -12.98   0.0020000
  -27.80   58.64   38.66   0.0020000
   26.46  126.18  131.99   0.0020000
  -11.95  174.33  134.71   0.0020000
  -88.14  123.31  129.63   0.0020000
  161.90   33.08 -127.96   0.0020000
   74.37  120.53  -57.87   0.0020000
  -61.37  115.98  158.06   0.0020000
 -165.38   38.88   41.81   0.0020000
 -167.43   35.53  -50.22   0.0020000
   80.24  122.19   39.74   0.0020000
  146.29   55.82   40.21   0.0020000
 -158.89  116.40 -146.90   0.0020000
 -166.29   42.31 -137.92   0.0020000
  120.58  121.51 -128.12   0.0020000
  -89.12   57.53  -45.79   0.0020000
  -86.15   57.86  130.27   0.0020000
  141.50   94.75   84.91   0.0020000
  -70.06   59.13 -145.53   0.0020000
   40.06  116.92  124.29   0.0020000
 -148.32   59.16   51.95   0.0020000
  -29.73  118.42  -35.61   0.0020000
  -16.38  133.75   44.06   0.0020000
   26.68   49.53  135.45   0.0020000
   30.43  106.38  115.21   0.0020000
 -161.87   23.72 -143.89   0.0020000
  -63.83  113.13  155.13   0.0020000
  -36.36   60.36   37.01   0.0020000
    5.49  134.78  135.76   0.0020000
 -147.13  126.72  -47.66   0.0020000
  157.83   32.40  143.13   0.0020000
  -40.47  117.45 -124.57   0.0020000
   70.57  122.47 -139.51   0.0020000
 -126.90  119.66  -55.48   0.0020000
   23.79  146.70  143.29   0.0020000
  -87.41  124.14   35.33   0.0020000
  -72.15   58.97   34.60   0.0020000
 -150.95  129.26  -46.28   0.0020000
 -160.81   46.80 -136.27   0.0020000
   23.68   52.94  137.51   0.0020000
   44.14   76.67  -14.13   0.0020000
  175.38  101.44 -119.59   0.0020000
  -15.00   33.59   32.70   0.0020000
  146.07    4.39 -146.67   0.0020000
  124.15   70.83 -164.59   0.0020000
  -92.10   57.45  135.00   0.0020000
 -118.87   77.47  171.99   0.0020000
   94.56  122.41  136.44   0.0020000
  155.77  146.22 -143.14   0.0020000
 -125.52  115.41   25.22   0.0020000
 -129.08   64.71   61.53   0.0020000
   54.78   60.47   56.11   0.0020000
  157.84  151.82  -54.97   0.0020000
 -170.25   99.86  -51.01   0.0020000
  -63.50  118.72  -28.03   0.0020000
  124.48   95.73   -5.53   0.0020000
   29.54  124.64   40.95   0.0020000
  -23.12  127.87   47.00   0.0020000
 -122.93  116.66  -64.14   0.0020000
