  0.2050E+01 -0.1467E+03
  0.2050E+01 -0.1651E+03
  0.2050E+01 -0.1467E+03
 -0.1941E+01 -0.1466E+03
 -0.3543E+01 -0.1649E+03
 -0.1941E+01 -0.1466E+03
 -0.6195E+01 -0.1462E+03
 -0.9373E+01 -0.1642E+03
 -0.6195E+01 -0.1462E+03
 -0.1093E+02 -0.1454E+03
 -0.1565E+02 -0.1630E+03
 -0.1093E+02 -0.1454E+03
 -0.1653E+02 -0.1441E+03
 -0.2273E+02 -0.1611E+03
 -0.1653E+02 -0.1441E+03
 -0.2337E+02 -0.1415E+03
 -0.3095E+02 -0.1577E+03
 -0.2337E+02 -0.1415E+03
 -0.3031E+02 -0.1376E+03
 -0.3912E+02 -0.1529E+03
 -0.3031E+02 -0.1376E+03
 -0.3600E+02 -0.1335E+03
 -0.4591E+02 -0.1477E+03
 -0.3600E+02 -0.1335E+03
 -0.4045E+02 -0.1296E+03
 -0.5137E+02 -0.1426E+03
 -0.4045E+02 -0.1296E+03
 -0.4410E+02 -0.1260E+03
 -0.5590E+02 -0.1378E+03
 -0.4410E+02 -0.1260E+03
 -0.4718E+02 -0.1225E+03
 -0.5975E+02 -0.1330E+03
 -0.4718E+02 -0.1225E+03
 -0.4998E+02 -0.1190E+03
 -0.6319E+02 -0.1282E+03
 -0.4998E+02 -0.1190E+03
 -0.5265E+02 -0.1152E+03
 -0.6636E+02 -0.1232E+03
 -0.5265E+02 -0.1152E+03
 -0.5529E+02 -0.1111E+03
 -0.6935E+02 -0.1177E+03
 -0.5529E+02 -0.1111E+03
 -0.5820E+02 -0.1061E+03
 -0.7242E+02 -0.1113E+03
 -0.5820E+02 -0.1061E+03
 -0.6166E+02 -0.9926E+02
 -0.7577E+02 -0.1030E+03
 -0.6166E+02 -0.9926E+02
 -0.6611E+02 -0.8820E+02
 -0.7968E+02 -0.9060E+02
 -0.6611E+02 -0.8820E+02
 -0.7205E+02 -0.6157E+02
 -0.8385E+02 -0.6261E+02
 -0.7205E+02 -0.6157E+02
 -0.7516E+02  0.5547E+01
 -0.8459E+02  0.5547E+01
 -0.7516E+02  0.5547E+01
 -0.7286E+02  0.6851E+02
 -0.8532E+02  0.6960E+02
 -0.7286E+02  0.6851E+02
 -0.6702E+02  0.9111E+02
 -0.8094E+02  0.9356E+02
 -0.6702E+02  0.9111E+02
 -0.6272E+02  0.1015E+03
 -0.7713E+02  0.1053E+03
 -0.6272E+02  0.1015E+03
 -0.5931E+02  0.1080E+03
 -0.7379E+02  0.1133E+03
 -0.5931E+02  0.1080E+03
 -0.5644E+02  0.1128E+03
 -0.7073E+02  0.1195E+03
 -0.5644E+02  0.1128E+03
 -0.5381E+02  0.1168E+03
 -0.6773E+02  0.1248E+03
 -0.5381E+02  0.1168E+03
 -0.5118E+02  0.1204E+03
 -0.6457E+02  0.1297E+03
 -0.5118E+02  0.1204E+03
 -0.4842E+02  0.1237E+03
 -0.6114E+02  0.1344E+03
 -0.4842E+02  0.1237E+03
 -0.4544E+02  0.1269E+03
 -0.5735E+02  0.1389E+03
 -0.4544E+02  0.1269E+03
 -0.4199E+02  0.1303E+03
 -0.5298E+02  0.1434E+03
 -0.4199E+02  0.1303E+03
 -0.3789E+02  0.1338E+03
 -0.4786E+02  0.1481E+03
 -0.3789E+02  0.1338E+03
 -0.3282E+02  0.1375E+03
 -0.4166E+02  0.1528E+03
 -0.3282E+02  0.1375E+03
 -0.2671E+02  0.1410E+03
 -0.3429E+02  0.1573E+03
 -0.2671E+02  0.1410E+03
 -0.2033E+02  0.1436E+03
 -0.2652E+02  0.1607E+03
 -0.2033E+02  0.1436E+03
 -0.1489E+02  0.1451E+03
 -0.1961E+02  0.1628E+03
 -0.1489E+02  0.1451E+03
 -0.1026E+02  0.1460E+03
 -0.1343E+02  0.1640E+03
 -0.1026E+02  0.1460E+03
 -0.6045E+01  0.1465E+03
 -0.7642E+01  0.1647E+03
 -0.6045E+01  0.1465E+03
 -0.2040E+01  0.1467E+03
 -0.2036E+01  0.1651E+03
 -0.2040E+01  0.1467E+03
  0.1941E+01  0.1466E+03
  0.3543E+01  0.1649E+03
  0.1941E+01  0.1466E+03
  0.6195E+01  0.1462E+03
  0.9373E+01  0.1642E+03
  0.6195E+01  0.1462E+03
  0.1093E+02  0.1454E+03
  0.1565E+02  0.1630E+03
  0.1093E+02  0.1454E+03
  0.1653E+02  0.1441E+03
  0.2273E+02  0.1611E+03
  0.1653E+02  0.1441E+03
  0.2337E+02  0.1415E+03
  0.3095E+02  0.1577E+03
  0.2337E+02  0.1415E+03
  0.3031E+02  0.1376E+03
  0.3912E+02  0.1529E+03
  0.3031E+02  0.1376E+03
  0.3600E+02  0.1335E+03
  0.4591E+02  0.1477E+03
  0.3600E+02  0.1335E+03
  0.4046E+02  0.1296E+03
  0.5137E+02  0.1426E+03
  0.4046E+02  0.1296E+03
  0.4410E+02  0.1260E+03
  0.5590E+02  0.1377E+03
  0.4410E+02  0.1260E+03
  0.4718E+02  0.1225E+03
  0.5975E+02  0.1330E+03
  0.4718E+02  0.1225E+03
  0.4998E+02  0.1190E+03
  0.6319E+02  0.1282E+03
  0.4998E+02  0.1190E+03
  0.5265E+02  0.1152E+03
  0.6636E+02  0.1232E+03
  0.5265E+02  0.1152E+03
  0.5530E+02  0.1111E+03
  0.6935E+02  0.1177E+03
  0.5530E+02  0.1111E+03
  0.5820E+02  0.1061E+03
  0.7242E+02  0.1113E+03
  0.5820E+02  0.1061E+03
  0.6166E+02  0.9926E+02
  0.7577E+02  0.1030E+03
  0.6166E+02  0.9926E+02
  0.6611E+02  0.8820E+02
  0.7968E+02  0.9060E+02
  0.6611E+02  0.8820E+02
  0.7205E+02  0.6157E+02
  0.8385E+02  0.6261E+02
  0.7205E+02  0.6157E+02
  0.7516E+02 -0.5547E+01
  0.8459E+02 -0.5547E+01
  0.7516E+02 -0.5547E+01
  0.7286E+02 -0.6851E+02
  0.8532E+02 -0.6960E+02
  0.7286E+02 -0.6851E+02
  0.6702E+02 -0.9111E+02
  0.8094E+02 -0.9356E+02
  0.6702E+02 -0.9111E+02
  0.6272E+02 -0.1015E+03
  0.7713E+02 -0.1053E+03
  0.6272E+02 -0.1015E+03
  0.5931E+02 -0.1080E+03
  0.7379E+02 -0.1133E+03
  0.5931E+02 -0.1080E+03
  0.5644E+02 -0.1128E+03
  0.7073E+02 -0.1195E+03
  0.5644E+02 -0.1128E+03
  0.5381E+02 -0.1168E+03
  0.6773E+02 -0.1249E+03
  0.5381E+02 -0.1168E+03
  0.5118E+02 -0.1204E+03
  0.6457E+02 -0.1297E+03
  0.5118E+02 -0.1204E+03
  0.4842E+02 -0.1237E+03
  0.6114E+02 -0.1344E+03
  0.4842E+02 -0.1237E+03
  0.4544E+02 -0.1269E+03
  0.5735E+02 -0.1389E+03
  0.4544E+02 -0.1269E+03
  0.4199E+02 -0.1303E+03
  0.5298E+02 -0.1434E+03
  0.4199E+02 -0.1303E+03
  0.3789E+02 -0.1338E+03
  0.4786E+02 -0.1481E+03
  0.3789E+02 -0.1338E+03
  0.3282E+02 -0.1375E+03
  0.4165E+02 -0.1528E+03
  0.3282E+02 -0.1375E+03
  0.2671E+02 -0.1410E+03
  0.3428E+02 -0.1573E+03
  0.2671E+02 -0.1410E+03
  0.2033E+02 -0.1436E+03
  0.2652E+02 -0.1607E+03
  0.2033E+02 -0.1436E+03
  0.1489E+02 -0.1451E+03
  0.1961E+02 -0.1628E+03
  0.1489E+02 -0.1451E+03
  0.1026E+02 -0.1460E+03
  0.1343E+02 -0.1640E+03
  0.1026E+02 -0.1460E+03
  0.6046E+01 -0.1465E+03
  0.7642E+01 -0.1647E+03
  0.6046E+01 -0.1465E+03
  0.2050E+01 -0.1467E+03
   -   -   
 -0.4468E+01 -0.1394E+03
 -0.4468E+01 -0.1568E+03
 -0.4468E+01 -0.1394E+03
 -0.9184E+01 -0.1393E+03
 -0.1070E+02 -0.1567E+03
 -0.9184E+01 -0.1393E+03
 -0.1442E+02 -0.1389E+03
 -0.1745E+02 -0.1561E+03
 -0.1442E+02 -0.1389E+03
 -0.2081E+02 -0.1378E+03
 -0.2532E+02 -0.1547E+03
 -0.2081E+02 -0.1378E+03
 -0.2940E+02 -0.1356E+03
 -0.3534E+02 -0.1519E+03
 -0.2940E+02 -0.1356E+03
 -0.4037E+02 -0.1313E+03
 -0.4763E+02 -0.1469E+03
 -0.4037E+02 -0.1313E+03
 -0.5003E+02 -0.1259E+03
 -0.5850E+02 -0.1406E+03
 -0.5003E+02 -0.1259E+03
 -0.5713E+02 -0.1208E+03
 -0.6671E+02 -0.1345E+03
 -0.5713E+02 -0.1208E+03
 -0.6249E+02 -0.1164E+03
 -0.7310E+02 -0.1291E+03
 -0.6249E+02 -0.1164E+03
 -0.6680E+02 -0.1124E+03
 -0.7835E+02 -0.1239E+03
 -0.6680E+02 -0.1124E+03
 -0.7047E+02 -0.1083E+03
 -0.8284E+02 -0.1187E+03
 -0.7047E+02 -0.1083E+03
 -0.7355E+02 -0.1044E+03
 -0.8663E+02 -0.1135E+03
 -0.7355E+02 -0.1044E+03
 -0.7618E+02 -0.1006E+03
 -0.8984E+02 -0.1085E+03
 -0.7618E+02 -0.1006E+03
 -0.7857E+02 -0.9670E+02
 -0.9268E+02 -0.1033E+03
 -0.7857E+02 -0.9670E+02
 -0.8097E+02 -0.9225E+02
 -0.9539E+02 -0.9750E+02
 -0.8097E+02 -0.9225E+02
 -0.8360E+02 -0.8666E+02
 -0.9813E+02 -0.9056E+02
 -0.8360E+02 -0.8666E+02
 -0.8674E+02 -0.7859E+02
 -0.1011E+03 -0.8113E+02
 -0.8674E+02 -0.7859E+02
 -0.9091E+02 -0.6391E+02
 -0.1047E+03 -0.6512E+02
 -0.9091E+02 -0.6391E+02
 -0.9333E+02 -0.2426E+02
 -0.1054E+03 -0.2426E+02
 -0.9333E+02 -0.2426E+02
 -0.8624E+02  0.1152E+02
 -0.9708E+02  0.1247E+02
 -0.8624E+02  0.1152E+02
 -0.8089E+02  0.2554E+02
 -0.9133E+02  0.2738E+02
 -0.8089E+02  0.2554E+02
 -0.7746E+02  0.3447E+02
 -0.8769E+02  0.3721E+02
 -0.7746E+02  0.3447E+02
 -0.7475E+02  0.4135E+02
 -0.8478E+02  0.4501E+02
 -0.7475E+02  0.4135E+02
 -0.7231E+02  0.4734E+02
 -0.8210E+02  0.5191E+02
 -0.7231E+02  0.4734E+02
 -0.6990E+02  0.5299E+02
 -0.7940E+02  0.5847E+02
 -0.6990E+02  0.5299E+02
 -0.6735E+02  0.5867E+02
 -0.7650E+02  0.6507E+02
 -0.6735E+02  0.5867E+02
 -0.6446E+02  0.6482E+02
 -0.7321E+02  0.7216E+02
 -0.6446E+02  0.6482E+02
 -0.6079E+02  0.7214E+02
 -0.6913E+02  0.8048E+02
 -0.6079E+02  0.7214E+02
 -0.5494E+02  0.8257E+02
 -0.6291E+02  0.9207E+02
 -0.5494E+02  0.8257E+02
 -0.3969E+02  0.1011E+03
 -0.4748E+02  0.1122E+03
 -0.3969E+02  0.1011E+03
 -0.2089E+02  0.1115E+03
 -0.2798E+02  0.1238E+03
 -0.2089E+02  0.1115E+03
 -0.1045E+02  0.1136E+03
 -0.1648E+02  0.1266E+03
 -0.1045E+02  0.1136E+03
 -0.4119E+01  0.1143E+03
 -0.9006E+01  0.1277E+03
 -0.4119E+01  0.1143E+03
  0.7043E+00  0.1147E+03
 -0.3004E+01  0.1285E+03
  0.7043E+00  0.1147E+03
  0.4886E+01  0.1151E+03
  0.2386E+01  0.1293E+03
  0.4886E+01  0.1151E+03
  0.8841E+01  0.1155E+03
  0.7578E+01  0.1300E+03
  0.8841E+01  0.1155E+03
  0.1284E+02  0.1160E+03
  0.1284E+02  0.1306E+03
  0.1284E+02  0.1160E+03
  0.1715E+02  0.1166E+03
  0.1843E+02  0.1312E+03
  0.1715E+02  0.1166E+03
  0.2219E+02  0.1171E+03
  0.2478E+02  0.1318E+03
  0.2219E+02  0.1171E+03
  0.2965E+02  0.1168E+03
  0.3355E+02  0.1314E+03
  0.2965E+02  0.1168E+03
  0.4177E+02  0.1126E+03
  0.4690E+02  0.1268E+03
  0.4177E+02  0.1126E+03
  0.5258E+02  0.1056E+03
  0.5881E+02  0.1190E+03
  0.5258E+02  0.1056E+03
  0.5998E+02  0.9853E+02
  0.6719E+02  0.1110E+03
  0.5998E+02  0.9853E+02
  0.6485E+02  0.9287E+02
  0.7297E+02  0.1045E+03
  0.6485E+02  0.9287E+02
  0.6843E+02  0.8829E+02
  0.7740E+02  0.9899E+02
  0.6843E+02  0.8829E+02
  0.7142E+02  0.8418E+02
  0.8118E+02  0.9393E+02
  0.7142E+02  0.8418E+02
  0.7411E+02  0.8023E+02
  0.8457E+02  0.8901E+02
  0.7411E+02  0.8023E+02
  0.7666E+02  0.7633E+02
  0.8774E+02  0.8409E+02
  0.7666E+02  0.7633E+02
  0.7914E+02  0.7235E+02
  0.9075E+02  0.7905E+02
  0.7914E+02  0.7235E+02
  0.8166E+02  0.6818E+02
  0.9372E+02  0.7380E+02
  0.8166E+02  0.6818E+02
  0.8429E+02  0.6362E+02
  0.9669E+02  0.6814E+02
  0.8429E+02  0.6362E+02
  0.8712E+02  0.5829E+02
  0.9978E+02  0.6168E+02
  0.8712E+02  0.5829E+02
  0.9031E+02  0.5154E+02
  0.1031E+03  0.5380E+02
  0.9031E+02  0.5154E+02
  0.9431E+02  0.4181E+02
  0.1072E+03  0.4293E+02
  0.9431E+02  0.4181E+02
  0.9864E+02  0.2402E+02
  0.1113E+03  0.2402E+02
  0.9864E+02  0.2402E+02
  0.9738E+02 -0.9722E+01
  0.1096E+03 -0.1079E+02
  0.9738E+02 -0.9722E+01
  0.9200E+02 -0.4312E+02
  0.1045E+03 -0.4532E+02
  0.9200E+02 -0.4312E+02
  0.8561E+02 -0.6412E+02
  0.9853E+02 -0.6758E+02
  0.8561E+02 -0.6412E+02
  0.8005E+02 -0.7655E+02
  0.9306E+02 -0.8128E+02
  0.8005E+02 -0.7655E+02
  0.7528E+02 -0.8516E+02
  0.8816E+02 -0.9117E+02
  0.7528E+02 -0.8516E+02
  0.7095E+02 -0.9195E+02
  0.8352E+02 -0.9921E+02
  0.7095E+02 -0.9195E+02
  0.6678E+02 -0.9781E+02
  0.7891E+02 -0.1063E+03
  0.6678E+02 -0.9781E+02
  0.6250E+02 -0.1032E+03
  0.7406E+02 -0.1129E+03
  0.6250E+02 -0.1032E+03
  0.5773E+02 -0.1086E+03
  0.6860E+02 -0.1195E+03
  0.5773E+02 -0.1086E+03
  0.5196E+02 -0.1144E+03
  0.6206E+02 -0.1265E+03
  0.5196E+02 -0.1144E+03
  0.4428E+02 -0.1211E+03
  0.5353E+02 -0.1343E+03
  0.4428E+02 -0.1211E+03
  0.3415E+02 -0.1281E+03
  0.4244E+02 -0.1425E+03
  0.3415E+02 -0.1281E+03
  0.2368E+02 -0.1334E+03
  0.3083E+02 -0.1487E+03
  0.2368E+02 -0.1334E+03
  0.1583E+02 -0.1362E+03
  0.2169E+02 -0.1523E+03
  0.1583E+02 -0.1362E+03
  0.9798E+01 -0.1377E+03
  0.1426E+02 -0.1544E+03
  0.9798E+01 -0.1377E+03
  0.4743E+01 -0.1387E+03
  0.7753E+01 -0.1557E+03
  0.4743E+01 -0.1387E+03
  0.9373E-01 -0.1392E+03
  0.1609E+01 -0.1565E+03
  0.9373E-01 -0.1392E+03
 -0.4468E+01 -0.1394E+03
   -   -   
 -0.4670E+02 -0.1981E+03
 -0.4670E+02 -0.2236E+03
 -0.4670E+02 -0.1981E+03
 -0.6303E+02 -0.1971E+03
 -0.6528E+02 -0.2228E+03
 -0.6303E+02 -0.1971E+03
 -0.7929E+02 -0.1951E+03
 -0.8387E+02 -0.2210E+03
 -0.7929E+02 -0.1951E+03
 -0.9477E+02 -0.1921E+03
 -0.1017E+03 -0.2179E+03
 -0.9477E+02 -0.1921E+03
 -0.1085E+03 -0.1883E+03
 -0.1178E+03 -0.2138E+03
 -0.1085E+03 -0.1883E+03
 -0.1208E+03 -0.1840E+03
 -0.1324E+03 -0.2090E+03
 -0.1208E+03 -0.1840E+03
 -0.1325E+03 -0.1793E+03
 -0.1464E+03 -0.2034E+03
 -0.1325E+03 -0.1793E+03
 -0.1436E+03 -0.1735E+03
 -0.1597E+03 -0.1966E+03
 -0.1436E+03 -0.1735E+03
 -0.1535E+03 -0.1665E+03
 -0.1716E+03 -0.1882E+03
 -0.1535E+03 -0.1665E+03
 -0.1610E+03 -0.1570E+03
 -0.1809E+03 -0.1768E+03
 -0.1610E+03 -0.1570E+03
 -0.1654E+03 -0.1457E+03
 -0.1866E+03 -0.1634E+03
 -0.1654E+03 -0.1457E+03
 -0.1678E+03 -0.1341E+03
 -0.1898E+03 -0.1495E+03
 -0.1678E+03 -0.1341E+03
 -0.1691E+03 -0.1232E+03
 -0.1918E+03 -0.1363E+03
 -0.1691E+03 -0.1232E+03
 -0.1701E+03 -0.1133E+03
 -0.1933E+03 -0.1241E+03
 -0.1701E+03 -0.1133E+03
 -0.1711E+03 -0.1042E+03
 -0.1946E+03 -0.1128E+03
 -0.1711E+03 -0.1042E+03
 -0.1724E+03 -0.9567E+02
 -0.1962E+03 -0.1020E+03
 -0.1724E+03 -0.9567E+02
 -0.1746E+03 -0.8714E+02
 -0.1986E+03 -0.9137E+02
 -0.1746E+03 -0.8714E+02
 -0.1781E+03 -0.7705E+02
 -0.2023E+03 -0.7916E+02
 -0.1781E+03 -0.7705E+02
 -0.1796E+03 -0.5509E+02
 -0.2031E+03 -0.5509E+02
 -0.1796E+03 -0.5509E+02
 -0.1735E+03 -0.2931E+02
 -0.1954E+03 -0.2740E+02
 -0.1735E+03 -0.2931E+02
 -0.1660E+03 -0.1213E+02
 -0.1865E+03 -0.8514E+01
 -0.1660E+03 -0.1213E+02
 -0.1597E+03 -0.5820E+00
 -0.1790E+03  0.4584E+01
 -0.1597E+03 -0.5820E+00
 -0.1543E+03  0.8453E+01
 -0.1724E+03  0.1506E+02
 -0.1543E+03  0.8453E+01
 -0.1493E+03  0.1637E+02
 -0.1664E+03  0.2431E+02
 -0.1493E+03  0.1637E+02
 -0.1445E+03  0.2388E+02
 -0.1604E+03  0.3303E+02
 -0.1445E+03  0.2388E+02
 -0.1395E+03  0.3148E+02
 -0.1541E+03  0.4173E+02
 -0.1395E+03  0.3148E+02
 -0.1338E+03  0.3975E+02
 -0.1471E+03  0.5097E+02
 -0.1338E+03  0.3975E+02
 -0.1269E+03  0.4953E+02
 -0.1389E+03  0.6157E+02
 -0.1269E+03  0.4953E+02
 -0.1176E+03  0.6258E+02
 -0.1283E+03  0.7533E+02
 -0.1176E+03  0.6258E+02
 -0.9973E+02  0.8638E+02
 -0.1092E+03  0.9989E+02
 -0.9973E+02  0.8638E+02
 -0.3456E+02  0.1365E+03
 -0.4337E+02  0.1518E+03
 -0.3456E+02  0.1365E+03
  0.1033E+02  0.1541E+03
  0.2175E+01  0.1716E+03
  0.1033E+02  0.1541E+03
  0.3862E+02  0.1648E+03
  0.3138E+02  0.1847E+03
  0.3862E+02  0.1648E+03
  0.6396E+02  0.1755E+03
  0.5791E+02  0.1981E+03
  0.6396E+02  0.1755E+03
  0.9517E+02  0.1892E+03
  0.9057E+02  0.2153E+03
  0.9517E+02  0.1892E+03
  0.1294E+03  0.1956E+03
  0.1269E+03  0.2248E+03
  0.1294E+03  0.1956E+03
  0.1521E+03  0.1949E+03
  0.1521E+03  0.2258E+03
  0.1521E+03  0.1949E+03
  0.1671E+03  0.1919E+03
  0.1699E+03  0.2235E+03
  0.1671E+03  0.1919E+03
  0.1778E+03  0.1880E+03
  0.1834E+03  0.2199E+03
  0.1778E+03  0.1880E+03
  0.1859E+03  0.1843E+03
  0.1944E+03  0.2159E+03
  0.1859E+03  0.1843E+03
  0.1927E+03  0.1808E+03
  0.2040E+03  0.2119E+03
  0.1927E+03  0.1808E+03
  0.1988E+03  0.1777E+03
  0.2129E+03  0.2079E+03
  0.1988E+03  0.1777E+03
  0.2044E+03  0.1746E+03
  0.2212E+03  0.2037E+03
  0.2044E+03  0.1746E+03
  0.2099E+03  0.1715E+03
  0.2293E+03  0.1992E+03
  0.2099E+03  0.1715E+03
  0.2155E+03  0.1680E+03
  0.2374E+03  0.1942E+03
  0.2155E+03  0.1680E+03
  0.2210E+03  0.1642E+03
  0.2453E+03  0.1885E+03
  0.2210E+03  0.1642E+03
  0.2265E+03  0.1601E+03
  0.2530E+03  0.1824E+03
  0.2265E+03  0.1601E+03
  0.2318E+03  0.1557E+03
  0.2604E+03  0.1757E+03
  0.2318E+03  0.1557E+03
  0.2369E+03  0.1509E+03
  0.2673E+03  0.1684E+03
  0.2369E+03  0.1509E+03
  0.2417E+03  0.1456E+03
  0.2737E+03  0.1605E+03
  0.2417E+03  0.1456E+03
  0.2464E+03  0.1395E+03
  0.2797E+03  0.1516E+03
  0.2464E+03  0.1395E+03
  0.2513E+03  0.1318E+03
  0.2855E+03  0.1410E+03
  0.2513E+03  0.1318E+03
  0.2559E+03  0.1211E+03
  0.2907E+03  0.1273E+03
  0.2559E+03  0.1211E+03
  0.2591E+03  0.1056E+03
  0.2940E+03  0.1087E+03
  0.2591E+03  0.1056E+03
  0.2598E+03  0.8697E+02
  0.2941E+03  0.8697E+02
  0.2598E+03  0.8697E+02
  0.2584E+03  0.6825E+02
  0.2916E+03  0.6534E+02
  0.2584E+03  0.6825E+02
  0.2546E+03  0.5200E+02
  0.2866E+03  0.4636E+02
  0.2546E+03  0.5200E+02
  0.2500E+03  0.3756E+02
  0.2805E+03  0.2938E+02
  0.2500E+03  0.3756E+02
  0.2442E+03  0.2316E+02
  0.2731E+03  0.1267E+02
  0.2442E+03  0.2316E+02
  0.2372E+03  0.7671E+01
  0.2641E+03 -0.4864E+01
  0.2372E+03  0.7671E+01
  0.2280E+03 -0.9892E+01
  0.2527E+03 -0.2416E+02
  0.2280E+03 -0.9892E+01
  0.2158E+03 -0.3038E+02
  0.2382E+03 -0.4601E+02
  0.2158E+03 -0.3038E+02
  0.1993E+03 -0.5427E+02
  0.2191E+03 -0.7087E+02
  0.1993E+03 -0.5427E+02
  0.1774E+03 -0.8169E+02
  0.1947E+03 -0.9895E+02
  0.1774E+03 -0.8169E+02
  0.1492E+03 -0.1118E+03
  0.1642E+03 -0.1297E+03
  0.1492E+03 -0.1118E+03
  0.1163E+03 -0.1406E+03
  0.1294E+03 -0.1593E+03
  0.1163E+03 -0.1406E+03
  0.8431E+02 -0.1619E+03
  0.9572E+02 -0.1817E+03
  0.8431E+02 -0.1619E+03
  0.5571E+02 -0.1769E+03
  0.6551E+02 -0.1979E+03
  0.5571E+02 -0.1769E+03
  0.2846E+02 -0.1876E+03
  0.3657E+02 -0.2099E+03
  0.2846E+02 -0.1876E+03
  0.5195E+01 -0.1940E+03
  0.1147E+02 -0.2175E+03
  0.5195E+01 -0.1940E+03
 -0.1359E+02 -0.1970E+03
 -0.9300E+01 -0.2213E+03
 -0.1359E+02 -0.1970E+03
 -0.3040E+02 -0.1981E+03
 -0.2822E+02 -0.2231E+03
 -0.3040E+02 -0.1981E+03
 -0.4670E+02 -0.1981E+03
   -   -   
