          S1          S2          D1          D2      angS      angD      angN
 -0.4494E+01 -0.1394E+03 -0.8831E-07 -0.7175E-02    -91.85    -90.00    -89.14
 -0.9210E+01 -0.1393E+03 -0.6240E-03 -0.7138E-02    -93.78    -95.00    -92.83
 -0.1445E+02 -0.1388E+03 -0.1247E-02 -0.7073E-02    -95.94   -100.00    -96.84
 -0.2084E+02 -0.1378E+03 -0.1869E-02 -0.6974E-02    -98.60   -105.00   -101.43
 -0.2943E+02 -0.1356E+03 -0.2488E-02 -0.6835E-02   -102.24   -110.01   -107.42
 -0.4039E+02 -0.1313E+03 -0.3107E-02 -0.6661E-02   -107.10   -115.00   -115.53
 -0.5003E+02 -0.1259E+03 -0.3732E-02 -0.6462E-02   -111.68   -120.01   -122.78
 -0.5713E+02 -0.1208E+03 -0.4355E-02 -0.6218E-02   -115.31   -125.01   -127.73
 -0.6248E+02 -0.1164E+03 -0.4971E-02 -0.5923E-02   -118.23   -130.01   -131.52
 -0.6679E+02 -0.1123E+03 -0.5583E-02 -0.5583E-02   -120.73   -135.00   -135.62
 -0.7045E+02 -0.1083E+03 -0.6199E-02 -0.5202E-02   -123.05   -140.00   -139.95
 -0.7354E+02 -0.1044E+03 -0.6821E-02 -0.4776E-02   -125.17   -145.00   -143.60
 -0.7616E+02 -0.1006E+03 -0.7450E-02 -0.4301E-02   -127.13   -150.00   -146.83
 -0.7855E+02 -0.9669E+02 -0.8088E-02 -0.3771E-02   -129.09   -155.00   -149.97
 -0.8095E+02 -0.9225E+02 -0.8732E-02 -0.3178E-02   -131.27   -160.00   -153.06
 -0.8357E+02 -0.8666E+02 -0.9364E-02 -0.2509E-02   -133.96   -165.00   -156.44
 -0.8671E+02 -0.7860E+02 -0.9943E-02 -0.1753E-02   -137.81   -170.00   -160.65
 -0.9088E+02 -0.6393E+02 -0.1037E-01 -0.9068E-03   -144.87   -175.00   -167.45
 -0.9330E+02 -0.2430E+02 -0.1072E-01 -0.3964E-06   -165.40   -180.00    170.17
 -0.8621E+02  0.1150E+02 -0.1147E-01  0.1003E-02    172.40    175.00    163.85
 -0.8086E+02  0.2552E+02 -0.1172E-01  0.2066E-02    162.48    170.00    158.96
 -0.7743E+02  0.3445E+02 -0.1154E-01  0.3092E-02    156.01    165.00    158.73
 -0.7472E+02  0.4134E+02 -0.1114E-01  0.4056E-02    151.05    160.00    158.19
 -0.7228E+02  0.4732E+02 -0.1060E-01  0.4943E-02    146.79    155.00    157.40
 -0.6987E+02  0.5297E+02 -0.9954E-02  0.5748E-02    142.84    149.99    156.41
 -0.6733E+02  0.5864E+02 -0.9225E-02  0.6461E-02    138.94    145.00    155.37
 -0.6443E+02  0.6479E+02 -0.8417E-02  0.7064E-02    134.84    140.00    154.22
 -0.6077E+02  0.7211E+02 -0.7525E-02  0.7526E-02    130.12    135.00    152.37
 -0.5491E+02  0.8254E+02 -0.6525E-02  0.7775E-02    123.64    130.00    147.22
 -0.3967E+02  0.1011E+03 -0.5434E-02  0.7760E-02    111.42    125.00    128.99
 -0.2086E+02  0.1115E+03 -0.4673E-02  0.8096E-02    100.60    120.00    107.26
 -0.1041E+02  0.1136E+03 -0.3936E-02  0.8441E-02     95.24    115.00     97.86
 -0.4085E+01  0.1142E+03 -0.3144E-02  0.8641E-02     92.05    109.99     95.28
  0.7390E+00  0.1147E+03 -0.2339E-02  0.8737E-02     89.63    104.99     95.28
  0.4921E+01  0.1151E+03 -0.1544E-02  0.8757E-02     87.55    100.00     96.01
  0.8876E+01  0.1155E+03 -0.7632E-03  0.8716E-02     85.61     95.00     96.82
  0.1288E+02  0.1160E+03 -0.4503E-06  0.8620E-02     83.67     90.00     97.06
  0.1718E+02  0.1165E+03  0.7413E-03  0.8472E-02     81.61     85.00     96.66
  0.2222E+02  0.1171E+03  0.1457E-02  0.8263E-02     79.25     80.00     92.90
  0.2970E+02  0.1168E+03  0.2149E-02  0.8015E-02     75.74     74.99     81.59
  0.4180E+02  0.1126E+03  0.2847E-02  0.7823E-02     69.63     70.00     63.98
  0.5259E+02  0.1056E+03  0.3583E-02  0.7684E-02     63.53     65.00     51.01
  0.5998E+02  0.9852E+02  0.4337E-02  0.7510E-02     58.66     60.00     43.05
  0.6485E+02  0.9287E+02  0.5064E-02  0.7232E-02     55.07     55.00     39.21
  0.6842E+02  0.8830E+02  0.5760E-02  0.6862E-02     52.23     49.99     36.98
  0.7142E+02  0.8418E+02  0.6428E-02  0.6426E-02     49.69     44.99     35.16
  0.7411E+02  0.8024E+02  0.7071E-02  0.5932E-02     47.28     39.99     33.72
  0.7665E+02  0.7635E+02  0.7687E-02  0.5381E-02     44.89     34.99     32.56
  0.7914E+02  0.7236E+02  0.8271E-02  0.4774E-02     42.44     30.00     31.58
  0.8166E+02  0.6820E+02  0.8814E-02  0.4110E-02     39.87     25.00     30.58
  0.8428E+02  0.6364E+02  0.9307E-02  0.3387E-02     37.06     20.00     29.04
  0.8712E+02  0.5831E+02  0.9733E-02  0.2608E-02     33.80     15.00     26.80
  0.9031E+02  0.5157E+02  0.1006E-01  0.1774E-02     29.73     10.00     24.06
  0.9430E+02  0.4184E+02  0.1021E-01  0.8931E-03     23.93      5.00     19.18
  0.9862E+02  0.2407E+02  0.1014E-01  0.2318E-06     13.71      0.00      8.20
  0.9737E+02 -0.9651E+01  0.1018E-01 -0.8902E-03     -5.66     -5.00     -5.64
  0.9198E+02 -0.4304E+02  0.1004E-01 -0.1770E-02    -25.07    -10.00    -13.70
  0.8560E+02 -0.6405E+02  0.9732E-02 -0.2607E-02    -36.81    -15.00    -21.36
  0.8003E+02 -0.7649E+02  0.9270E-02 -0.3374E-02    -43.71    -20.00    -26.93
  0.7526E+02 -0.8512E+02  0.8699E-02 -0.4056E-02    -48.52    -25.00    -30.93
  0.7093E+02 -0.9191E+02  0.8065E-02 -0.4656E-02    -52.34    -30.00    -34.08
  0.6676E+02 -0.9776E+02  0.7395E-02 -0.5178E-02    -55.67    -35.00    -36.91
  0.6248E+02 -0.1032E+03  0.6708E-02 -0.5629E-02    -58.80    -40.00    -39.88
  0.5770E+02 -0.1086E+03  0.6013E-02 -0.6014E-02    -62.01    -45.00    -43.06
  0.5194E+02 -0.1144E+03  0.5311E-02 -0.6331E-02    -65.58    -50.00    -46.66
  0.4425E+02 -0.1211E+03  0.4604E-02 -0.6576E-02    -69.92    -55.00    -51.90
  0.3412E+02 -0.1281E+03  0.3907E-02 -0.6768E-02    -75.08    -60.00    -59.52
  0.2365E+02 -0.1333E+03  0.3230E-02 -0.6928E-02    -79.94    -65.00    -67.44
  0.1580E+02 -0.1361E+03  0.2565E-02 -0.7048E-02    -83.38    -70.00    -73.28
  0.9769E+01 -0.1377E+03  0.1909E-02 -0.7127E-02    -85.94    -75.01    -77.72
  0.4716E+01 -0.1386E+03  0.1264E-02 -0.7171E-02    -88.05    -80.00    -81.57
  0.6730E-01 -0.1392E+03  0.6283E-03 -0.7186E-02    -89.97    -85.00    -85.40
 -0.4494E+01 -0.1394E+03 -0.8831E-07 -0.7175E-02    -91.85    -90.00    -89.14
