  0.2050E+01 -0.1467E+03
  0.2377E+01 -0.1651E+03
  0.2050E+01 -0.1467E+03
 -0.1941E+01 -0.1466E+03
 -0.3139E+01 -0.1649E+03
 -0.1941E+01 -0.1466E+03
 -0.6195E+01 -0.1462E+03
 -0.8555E+01 -0.1643E+03
 -0.6195E+01 -0.1462E+03
 -0.1093E+02 -0.1454E+03
 -0.1443E+02 -0.1633E+03
 -0.1093E+02 -0.1454E+03
 -0.1653E+02 -0.1441E+03
 -0.2180E+02 -0.1614E+03
 -0.1653E+02 -0.1441E+03
 -0.2337E+02 -0.1415E+03
 -0.3088E+02 -0.1577E+03
 -0.2337E+02 -0.1415E+03
 -0.3031E+02 -0.1376E+03
 -0.3982E+02 -0.1525E+03
 -0.3031E+02 -0.1376E+03
 -0.3600E+02 -0.1335E+03
 -0.4683E+02 -0.1470E+03
 -0.3600E+02 -0.1335E+03
 -0.4045E+02 -0.1296E+03
 -0.5207E+02 -0.1420E+03
 -0.4045E+02 -0.1296E+03
 -0.4410E+02 -0.1260E+03
 -0.5627E+02 -0.1374E+03
 -0.4410E+02 -0.1260E+03
 -0.4718E+02 -0.1225E+03
 -0.5975E+02 -0.1330E+03
 -0.4718E+02 -0.1225E+03
 -0.4998E+02 -0.1190E+03
 -0.6284E+02 -0.1287E+03
 -0.4998E+02 -0.1190E+03
 -0.5265E+02 -0.1152E+03
 -0.6575E+02 -0.1241E+03
 -0.5265E+02 -0.1152E+03
 -0.5529E+02 -0.1111E+03
 -0.6852E+02 -0.1192E+03
 -0.5529E+02 -0.1111E+03
 -0.5820E+02 -0.1061E+03
 -0.7147E+02 -0.1134E+03
 -0.5820E+02 -0.1061E+03
 -0.6166E+02 -0.9926E+02
 -0.7491E+02 -0.1054E+03
 -0.6166E+02 -0.9926E+02
 -0.6611E+02 -0.8820E+02
 -0.7912E+02 -0.9273E+02
 -0.6611E+02 -0.8820E+02
 -0.7205E+02 -0.6157E+02
 -0.8388E+02 -0.6216E+02
 -0.7205E+02 -0.6157E+02
 -0.7516E+02  0.5547E+01
 -0.8376E+02  0.1684E+01
 -0.7516E+02  0.5547E+01
 -0.7286E+02  0.6851E+02
 -0.8516E+02  0.7078E+02
 -0.7286E+02  0.6851E+02
 -0.6702E+02  0.9111E+02
 -0.8030E+02  0.9594E+02
 -0.6702E+02  0.9111E+02
 -0.6272E+02  0.1015E+03
 -0.7617E+02  0.1079E+03
 -0.6272E+02  0.1015E+03
 -0.5931E+02  0.1080E+03
 -0.7273E+02  0.1155E+03
 -0.5931E+02  0.1080E+03
 -0.5644E+02  0.1128E+03
 -0.6978E+02  0.1212E+03
 -0.5644E+02  0.1128E+03
 -0.5381E+02  0.1168E+03
 -0.6697E+02  0.1260E+03
 -0.5381E+02  0.1168E+03
 -0.5118E+02  0.1204E+03
 -0.6404E+02  0.1305E+03
 -0.5118E+02  0.1204E+03
 -0.4842E+02  0.1237E+03
 -0.6094E+02  0.1346E+03
 -0.4842E+02  0.1237E+03
 -0.4544E+02  0.1269E+03
 -0.5754E+02  0.1387E+03
 -0.4544E+02  0.1269E+03
 -0.4199E+02  0.1303E+03
 -0.5355E+02  0.1429E+03
 -0.4199E+02  0.1303E+03
 -0.3789E+02  0.1338E+03
 -0.4871E+02  0.1474E+03
 -0.3789E+02  0.1338E+03
 -0.3282E+02  0.1375E+03
 -0.4247E+02  0.1523E+03
 -0.3282E+02  0.1375E+03
 -0.2671E+02  0.1410E+03
 -0.3459E+02  0.1571E+03
 -0.2671E+02  0.1410E+03
 -0.2033E+02  0.1436E+03
 -0.2611E+02  0.1608E+03
 -0.2033E+02  0.1436E+03
 -0.1489E+02  0.1451E+03
 -0.1887E+02  0.1629E+03
 -0.1489E+02  0.1451E+03
 -0.1026E+02  0.1460E+03
 -0.1297E+02  0.1641E+03
 -0.1026E+02  0.1460E+03
 -0.6045E+01  0.1465E+03
 -0.7736E+01  0.1647E+03
 -0.6045E+01  0.1465E+03
 -0.2040E+01  0.1467E+03
 -0.2363E+01  0.1651E+03
 -0.2040E+01  0.1467E+03
  0.1941E+01  0.1466E+03
  0.3131E+01  0.1649E+03
  0.1941E+01  0.1466E+03
  0.6195E+01  0.1462E+03
  0.8555E+01  0.1643E+03
  0.6195E+01  0.1462E+03
  0.1093E+02  0.1454E+03
  0.1443E+02  0.1633E+03
  0.1093E+02  0.1454E+03
  0.1653E+02  0.1441E+03
  0.2180E+02  0.1614E+03
  0.1653E+02  0.1441E+03
  0.2337E+02  0.1415E+03
  0.3088E+02  0.1577E+03
  0.2337E+02  0.1415E+03
  0.3031E+02  0.1376E+03
  0.3982E+02  0.1525E+03
  0.3031E+02  0.1376E+03
  0.3600E+02  0.1335E+03
  0.4683E+02  0.1470E+03
  0.3600E+02  0.1335E+03
  0.4046E+02  0.1296E+03
  0.5208E+02  0.1420E+03
  0.4046E+02  0.1296E+03
  0.4410E+02  0.1260E+03
  0.5627E+02  0.1374E+03
  0.4410E+02  0.1260E+03
  0.4718E+02  0.1225E+03
  0.5975E+02  0.1330E+03
  0.4718E+02  0.1225E+03
  0.4998E+02  0.1190E+03
  0.6284E+02  0.1287E+03
  0.4998E+02  0.1190E+03
  0.5265E+02  0.1152E+03
  0.6575E+02  0.1241E+03
  0.5265E+02  0.1152E+03
  0.5530E+02  0.1111E+03
  0.6852E+02  0.1192E+03
  0.5530E+02  0.1111E+03
  0.5820E+02  0.1061E+03
  0.7147E+02  0.1134E+03
  0.5820E+02  0.1061E+03
  0.6166E+02  0.9926E+02
  0.7491E+02  0.1054E+03
  0.6166E+02  0.9926E+02
  0.6611E+02  0.8820E+02
  0.7912E+02  0.9273E+02
  0.6611E+02  0.8820E+02
  0.7205E+02  0.6157E+02
  0.8378E+02  0.6325E+02
  0.7205E+02  0.6157E+02
  0.7516E+02 -0.5547E+01
  0.8458E+02 -0.5276E+01
  0.7516E+02 -0.5547E+01
  0.7286E+02 -0.6851E+02
  0.8516E+02 -0.7078E+02
  0.7286E+02 -0.6851E+02
  0.6702E+02 -0.9111E+02
  0.8030E+02 -0.9594E+02
  0.6702E+02 -0.9111E+02
  0.6272E+02 -0.1015E+03
  0.7617E+02 -0.1079E+03
  0.6272E+02 -0.1015E+03
  0.5931E+02 -0.1080E+03
  0.7273E+02 -0.1156E+03
  0.5931E+02 -0.1080E+03
  0.5644E+02 -0.1128E+03
  0.6978E+02 -0.1212E+03
  0.5644E+02 -0.1128E+03
  0.5381E+02 -0.1168E+03
  0.6697E+02 -0.1260E+03
  0.5381E+02 -0.1168E+03
  0.5118E+02 -0.1204E+03
  0.6404E+02 -0.1305E+03
  0.5118E+02 -0.1204E+03
  0.4842E+02 -0.1237E+03
  0.6094E+02 -0.1346E+03
  0.4842E+02 -0.1237E+03
  0.4544E+02 -0.1269E+03
  0.5754E+02 -0.1387E+03
  0.4544E+02 -0.1269E+03
  0.4199E+02 -0.1303E+03
  0.5355E+02 -0.1429E+03
  0.4199E+02 -0.1303E+03
  0.3789E+02 -0.1338E+03
  0.4871E+02 -0.1474E+03
  0.3789E+02 -0.1338E+03
  0.3282E+02 -0.1375E+03
  0.4247E+02 -0.1523E+03
  0.3282E+02 -0.1375E+03
  0.2671E+02 -0.1410E+03
  0.3459E+02 -0.1571E+03
  0.2671E+02 -0.1410E+03
  0.2033E+02 -0.1436E+03
  0.2611E+02 -0.1608E+03
  0.2033E+02 -0.1436E+03
  0.1489E+02 -0.1451E+03
  0.1887E+02 -0.1629E+03
  0.1489E+02 -0.1451E+03
  0.1026E+02 -0.1460E+03
  0.1297E+02 -0.1641E+03
  0.1026E+02 -0.1460E+03
  0.6046E+01 -0.1465E+03
  0.7745E+01 -0.1647E+03
  0.6046E+01 -0.1465E+03
  0.2050E+01 -0.1467E+03
   -   -   
 -0.4468E+01 -0.1394E+03
 -0.4204E+01 -0.1568E+03
 -0.4468E+01 -0.1394E+03
 -0.9184E+01 -0.1393E+03
 -0.1004E+02 -0.1568E+03
 -0.9184E+01 -0.1393E+03
 -0.1442E+02 -0.1389E+03
 -0.1650E+02 -0.1562E+03
 -0.1442E+02 -0.1389E+03
 -0.2081E+02 -0.1378E+03
 -0.2427E+02 -0.1549E+03
 -0.2081E+02 -0.1378E+03
 -0.2940E+02 -0.1356E+03
 -0.3459E+02 -0.1522E+03
 -0.2940E+02 -0.1356E+03
 -0.4037E+02 -0.1313E+03
 -0.4777E+02 -0.1468E+03
 -0.4037E+02 -0.1313E+03
 -0.5003E+02 -0.1259E+03
 -0.5920E+02 -0.1401E+03
 -0.5003E+02 -0.1259E+03
 -0.5713E+02 -0.1208E+03
 -0.6735E+02 -0.1340E+03
 -0.5713E+02 -0.1208E+03
 -0.6249E+02 -0.1164E+03
 -0.7343E+02 -0.1288E+03
 -0.6249E+02 -0.1164E+03
 -0.6680E+02 -0.1124E+03
 -0.7847E+02 -0.1238E+03
 -0.6680E+02 -0.1124E+03
 -0.7047E+02 -0.1083E+03
 -0.8283E+02 -0.1187E+03
 -0.7047E+02 -0.1083E+03
 -0.7355E+02 -0.1044E+03
 -0.8640E+02 -0.1138E+03
 -0.7355E+02 -0.1044E+03
 -0.7618E+02 -0.1006E+03
 -0.8938E+02 -0.1092E+03
 -0.7618E+02 -0.1006E+03
 -0.7857E+02 -0.9670E+02
 -0.9205E+02 -0.1045E+03
 -0.7857E+02 -0.9670E+02
 -0.8097E+02 -0.9225E+02
 -0.9465E+02 -0.9921E+02
 -0.8097E+02 -0.9225E+02
 -0.8360E+02 -0.8666E+02
 -0.9739E+02 -0.9268E+02
 -0.8360E+02 -0.8666E+02
 -0.8674E+02 -0.7859E+02
 -0.1005E+03 -0.8344E+02
 -0.8674E+02 -0.7859E+02
 -0.9091E+02 -0.6391E+02
 -0.1045E+03 -0.6692E+02
 -0.9091E+02 -0.6391E+02
 -0.9333E+02 -0.2426E+02
 -0.1052E+03 -0.2220E+02
 -0.9333E+02 -0.2426E+02
 -0.8624E+02  0.1152E+02
 -0.9669E+02  0.1455E+02
 -0.8624E+02  0.1152E+02
 -0.8089E+02  0.2554E+02
 -0.9078E+02  0.2935E+02
 -0.8089E+02  0.2554E+02
 -0.7746E+02  0.3447E+02
 -0.8733E+02  0.3832E+02
 -0.7746E+02  0.3447E+02
 -0.7475E+02  0.4135E+02
 -0.8466E+02  0.4532E+02
 -0.7475E+02  0.4135E+02
 -0.7231E+02  0.4734E+02
 -0.8228E+02  0.5150E+02
 -0.7231E+02  0.4734E+02
 -0.6990E+02  0.5299E+02
 -0.7995E+02  0.5738E+02
 -0.6990E+02  0.5299E+02
 -0.6735E+02  0.5867E+02
 -0.7750E+02  0.6332E+02
 -0.6735E+02  0.5867E+02
 -0.6446E+02  0.6482E+02
 -0.7474E+02  0.6979E+02
 -0.6446E+02  0.6482E+02
 -0.6079E+02  0.7214E+02
 -0.7124E+02  0.7761E+02
 -0.6079E+02  0.7214E+02
 -0.5494E+02  0.8257E+02
 -0.6536E+02  0.8928E+02
 -0.5494E+02  0.8257E+02
 -0.3969E+02  0.1011E+03
 -0.4824E+02  0.1117E+03
 -0.3969E+02  0.1011E+03
 -0.2089E+02  0.1115E+03
 -0.2510E+02  0.1250E+03
 -0.2089E+02  0.1115E+03
 -0.1045E+02  0.1136E+03
 -0.1240E+02  0.1278E+03
 -0.1045E+02  0.1136E+03
 -0.4119E+01  0.1143E+03
 -0.5431E+01  0.1285E+03
 -0.4119E+01  0.1143E+03
  0.7043E+00  0.1147E+03
 -0.6124E+00  0.1290E+03
  0.7043E+00  0.1147E+03
  0.4886E+01  0.1151E+03
  0.3382E+01  0.1294E+03
  0.4886E+01  0.1151E+03
  0.8841E+01  0.1155E+03
  0.7122E+01  0.1299E+03
  0.8841E+01  0.1155E+03
  0.1284E+02  0.1160E+03
  0.1105E+02  0.1305E+03
  0.1284E+02  0.1160E+03
  0.1715E+02  0.1166E+03
  0.1544E+02  0.1312E+03
  0.1715E+02  0.1166E+03
  0.2219E+02  0.1171E+03
  0.2143E+02  0.1320E+03
  0.2219E+02  0.1171E+03
  0.2965E+02  0.1168E+03
  0.3184E+02  0.1317E+03
  0.2965E+02  0.1168E+03
  0.4177E+02  0.1126E+03
  0.4835E+02  0.1261E+03
  0.4177E+02  0.1126E+03
  0.5258E+02  0.1056E+03
  0.6185E+02  0.1171E+03
  0.5258E+02  0.1056E+03
  0.5998E+02  0.9853E+02
  0.7052E+02  0.1084E+03
  0.5998E+02  0.9853E+02
  0.6485E+02  0.9287E+02
  0.7582E+02  0.1018E+03
  0.6485E+02  0.9287E+02
  0.6843E+02  0.8829E+02
  0.7958E+02  0.9669E+02
  0.6843E+02  0.8829E+02
  0.7142E+02  0.8418E+02
  0.8271E+02  0.9212E+02
  0.7142E+02  0.8418E+02
  0.7411E+02  0.8023E+02
  0.8547E+02  0.8781E+02
  0.7411E+02  0.8023E+02
  0.7666E+02  0.7633E+02
  0.8806E+02  0.8361E+02
  0.7666E+02  0.7633E+02
  0.7914E+02  0.7235E+02
  0.9056E+02  0.7936E+02
  0.7914E+02  0.7235E+02
  0.8166E+02  0.6818E+02
  0.9311E+02  0.7495E+02
  0.8166E+02  0.6818E+02
  0.8429E+02  0.6362E+02
  0.9583E+02  0.7003E+02
  0.8429E+02  0.6362E+02
  0.8712E+02  0.5829E+02
  0.9882E+02  0.6420E+02
  0.8712E+02  0.5829E+02
  0.9031E+02  0.5154E+02
  0.1022E+03  0.5684E+02
  0.9031E+02  0.5154E+02
  0.9431E+02  0.4181E+02
  0.1065E+03  0.4604E+02
  0.9431E+02  0.4181E+02
  0.9864E+02  0.2402E+02
  0.1112E+03  0.2582E+02
  0.9864E+02  0.2402E+02
  0.9738E+02 -0.9722E+01
  0.1096E+03 -0.1092E+02
  0.9738E+02 -0.9722E+01
  0.9200E+02 -0.4312E+02
  0.1043E+03 -0.4613E+02
  0.9200E+02 -0.4312E+02
  0.8561E+02 -0.6412E+02
  0.9806E+02 -0.6899E+02
  0.8561E+02 -0.6412E+02
  0.8005E+02 -0.7655E+02
  0.9239E+02 -0.8282E+02
  0.8005E+02 -0.7655E+02
  0.7528E+02 -0.8516E+02
  0.8747E+02 -0.9247E+02
  0.7528E+02 -0.8516E+02
  0.7095E+02 -0.9195E+02
  0.8297E+02 -0.1001E+03
  0.7095E+02 -0.9195E+02
  0.6678E+02 -0.9781E+02
  0.7862E+02 -0.1067E+03
  0.6678E+02 -0.9781E+02
  0.6250E+02 -0.1032E+03
  0.7408E+02 -0.1129E+03
  0.6250E+02 -0.1032E+03
  0.5773E+02 -0.1086E+03
  0.6896E+02 -0.1191E+03
  0.5773E+02 -0.1086E+03
  0.5196E+02 -0.1144E+03
  0.6274E+02 -0.1258E+03
  0.5196E+02 -0.1144E+03
  0.4428E+02 -0.1211E+03
  0.5423E+02 -0.1338E+03
  0.4428E+02 -0.1211E+03
  0.3415E+02 -0.1281E+03
  0.4256E+02 -0.1424E+03
  0.3415E+02 -0.1281E+03
  0.2368E+02 -0.1334E+03
  0.3018E+02 -0.1490E+03
  0.2368E+02 -0.1334E+03
  0.1583E+02 -0.1362E+03
  0.2076E+02 -0.1526E+03
  0.1583E+02 -0.1362E+03
  0.9798E+01 -0.1377E+03
  0.1347E+02 -0.1546E+03
  0.9798E+01 -0.1377E+03
  0.4743E+01 -0.1387E+03
  0.7287E+01 -0.1558E+03
  0.4743E+01 -0.1387E+03
  0.9373E-01 -0.1392E+03
  0.1493E+01 -0.1565E+03
  0.9373E-01 -0.1392E+03
 -0.4468E+01 -0.1394E+03
   -   -   
 -0.4670E+02 -0.1981E+03
 -0.4753E+02 -0.2236E+03
 -0.4670E+02 -0.1981E+03
 -0.6303E+02 -0.1971E+03
 -0.6542E+02 -0.2228E+03
 -0.6303E+02 -0.1971E+03
 -0.7929E+02 -0.1951E+03
 -0.8344E+02 -0.2211E+03
 -0.7929E+02 -0.1951E+03
 -0.9477E+02 -0.1921E+03
 -0.1010E+03 -0.2181E+03
 -0.9477E+02 -0.1921E+03
 -0.1085E+03 -0.1883E+03
 -0.1166E+03 -0.2142E+03
 -0.1085E+03 -0.1883E+03
 -0.1208E+03 -0.1840E+03
 -0.1304E+03 -0.2098E+03
 -0.1208E+03 -0.1840E+03
 -0.1325E+03 -0.1793E+03
 -0.1441E+03 -0.2046E+03
 -0.1325E+03 -0.1793E+03
 -0.1436E+03 -0.1735E+03
 -0.1583E+03 -0.1975E+03
 -0.1436E+03 -0.1735E+03
 -0.1535E+03 -0.1665E+03
 -0.1730E+03 -0.1870E+03
 -0.1535E+03 -0.1665E+03
 -0.1610E+03 -0.1570E+03
 -0.1854E+03 -0.1708E+03
 -0.1610E+03 -0.1570E+03
 -0.1654E+03 -0.1457E+03
 -0.1919E+03 -0.1534E+03
 -0.1654E+03 -0.1457E+03
 -0.1678E+03 -0.1341E+03
 -0.1943E+03 -0.1384E+03
 -0.1678E+03 -0.1341E+03
 -0.1691E+03 -0.1232E+03
 -0.1951E+03 -0.1261E+03
 -0.1691E+03 -0.1232E+03
 -0.1701E+03 -0.1133E+03
 -0.1955E+03 -0.1160E+03
 -0.1701E+03 -0.1133E+03
 -0.1711E+03 -0.1042E+03
 -0.1960E+03 -0.1074E+03
 -0.1711E+03 -0.1042E+03
 -0.1724E+03 -0.9567E+02
 -0.1966E+03 -0.1004E+03
 -0.1724E+03 -0.9567E+02
 -0.1746E+03 -0.8714E+02
 -0.1980E+03 -0.9402E+02
 -0.1746E+03 -0.8714E+02
 -0.1781E+03 -0.7705E+02
 -0.2016E+03 -0.8304E+02
 -0.1781E+03 -0.7705E+02
 -0.1796E+03 -0.5509E+02
 -0.2031E+03 -0.5347E+02
 -0.1796E+03 -0.5509E+02
 -0.1735E+03 -0.2931E+02
 -0.1943E+03 -0.2206E+02
 -0.1735E+03 -0.2931E+02
 -0.1660E+03 -0.1213E+02
 -0.1846E+03 -0.2804E+01
 -0.1660E+03 -0.1213E+02
 -0.1597E+03 -0.5820E+00
 -0.1767E+03  0.9888E+01
 -0.1597E+03 -0.5820E+00
 -0.1543E+03  0.8453E+01
 -0.1710E+03  0.1821E+02
 -0.1543E+03  0.8453E+01
 -0.1493E+03  0.1637E+02
 -0.1652E+03  0.2645E+02
 -0.1493E+03  0.1637E+02
 -0.1445E+03  0.2388E+02
 -0.1598E+03  0.3391E+02
 -0.1445E+03  0.2388E+02
 -0.1395E+03  0.3148E+02
 -0.1543E+03  0.4148E+02
 -0.1395E+03  0.3148E+02
 -0.1338E+03  0.3975E+02
 -0.1481E+03  0.4972E+02
 -0.1338E+03  0.3975E+02
 -0.1269E+03  0.4953E+02
 -0.1408E+03  0.5939E+02
 -0.1269E+03  0.4953E+02
 -0.1176E+03  0.6258E+02
 -0.1311E+03  0.7238E+02
 -0.1176E+03  0.6258E+02
 -0.9973E+02  0.8638E+02
 -0.1122E+03  0.9720E+02
 -0.9973E+02  0.8638E+02
 -0.3456E+02  0.1365E+03
 -0.4271E+02  0.1521E+03
 -0.3456E+02  0.1365E+03
  0.1033E+02  0.1541E+03
  0.3101E+01  0.1720E+03
  0.1033E+02  0.1541E+03
  0.3862E+02  0.1648E+03
  0.3040E+02  0.1843E+03
  0.3862E+02  0.1648E+03
  0.6396E+02  0.1755E+03
  0.5444E+02  0.1968E+03
  0.6396E+02  0.1755E+03
  0.9517E+02  0.1892E+03
  0.8740E+02  0.2145E+03
  0.9517E+02  0.1892E+03
  0.1294E+03  0.1956E+03
  0.1279E+03  0.2248E+03
  0.1294E+03  0.1956E+03
  0.1521E+03  0.1949E+03
  0.1561E+03  0.2255E+03
  0.1521E+03  0.1949E+03
  0.1671E+03  0.1919E+03
  0.1759E+03  0.2224E+03
  0.1671E+03  0.1919E+03
  0.1778E+03  0.1880E+03
  0.1902E+03  0.2179E+03
  0.1778E+03  0.1880E+03
  0.1859E+03  0.1843E+03
  0.2002E+03  0.2137E+03
  0.1859E+03  0.1843E+03
  0.1927E+03  0.1808E+03
  0.2079E+03  0.2102E+03
  0.1927E+03  0.1808E+03
  0.1988E+03  0.1777E+03
  0.2144E+03  0.2071E+03
  0.1988E+03  0.1777E+03
  0.2044E+03  0.1746E+03
  0.2208E+03  0.2040E+03
  0.2044E+03  0.1746E+03
  0.2099E+03  0.1715E+03
  0.2273E+03  0.2005E+03
  0.2099E+03  0.1715E+03
  0.2155E+03  0.1680E+03
  0.2342E+03  0.1966E+03
  0.2155E+03  0.1680E+03
  0.2210E+03  0.1642E+03
  0.2411E+03  0.1921E+03
  0.2210E+03  0.1642E+03
  0.2265E+03  0.1601E+03
  0.2479E+03  0.1873E+03
  0.2265E+03  0.1601E+03
  0.2318E+03  0.1557E+03
  0.2549E+03  0.1818E+03
  0.2318E+03  0.1557E+03
  0.2369E+03  0.1509E+03
  0.2619E+03  0.1755E+03
  0.2369E+03  0.1509E+03
  0.2417E+03  0.1456E+03
  0.2686E+03  0.1683E+03
  0.2417E+03  0.1456E+03
  0.2464E+03  0.1395E+03
  0.2753E+03  0.1599E+03
  0.2464E+03  0.1395E+03
  0.2513E+03  0.1318E+03
  0.2825E+03  0.1487E+03
  0.2513E+03  0.1318E+03
  0.2559E+03  0.1211E+03
  0.2895E+03  0.1323E+03
  0.2559E+03  0.1211E+03
  0.2591E+03  0.1056E+03
  0.2938E+03  0.1101E+03
  0.2591E+03  0.1056E+03
  0.2598E+03  0.8697E+02
  0.2941E+03  0.8630E+02
  0.2598E+03  0.8697E+02
  0.2584E+03  0.6825E+02
  0.2914E+03  0.6304E+02
  0.2584E+03  0.6825E+02
  0.2546E+03  0.5200E+02
  0.2859E+03  0.4329E+02
  0.2546E+03  0.5200E+02
  0.2500E+03  0.3756E+02
  0.2797E+03  0.2688E+02
  0.2500E+03  0.3756E+02
  0.2442E+03  0.2316E+02
  0.2725E+03  0.1118E+02
  0.2442E+03  0.2316E+02
  0.2372E+03  0.7671E+01
  0.2639E+03 -0.5290E+01
  0.2372E+03  0.7671E+01
  0.2280E+03 -0.9892E+01
  0.2530E+03 -0.2373E+02
  0.2280E+03 -0.9892E+01
  0.2158E+03 -0.3038E+02
  0.2388E+03 -0.4504E+02
  0.2158E+03 -0.3038E+02
  0.1993E+03 -0.5427E+02
  0.2201E+03 -0.6966E+02
  0.1993E+03 -0.5427E+02
  0.1774E+03 -0.8169E+02
  0.1958E+03 -0.9767E+02
  0.1774E+03 -0.8169E+02
  0.1492E+03 -0.1118E+03
  0.1654E+03 -0.1286E+03
  0.1492E+03 -0.1118E+03
  0.1163E+03 -0.1406E+03
  0.1301E+03 -0.1588E+03
  0.1163E+03 -0.1406E+03
  0.8431E+02 -0.1619E+03
  0.9585E+02 -0.1816E+03
  0.8431E+02 -0.1619E+03
  0.5571E+02 -0.1769E+03
  0.6530E+02 -0.1980E+03
  0.5571E+02 -0.1769E+03
  0.2846E+02 -0.1876E+03
  0.3585E+02 -0.2102E+03
  0.2846E+02 -0.1876E+03
  0.5195E+01 -0.1940E+03
  0.1017E+02 -0.2178E+03
  0.5195E+01 -0.1940E+03
 -0.1359E+02 -0.1970E+03
 -0.1090E+02 -0.2216E+03
 -0.1359E+02 -0.1970E+03
 -0.3040E+02 -0.1981E+03
 -0.2959E+02 -0.2232E+03
 -0.3040E+02 -0.1981E+03
 -0.4670E+02 -0.1981E+03
   -   -   
