
 **** INPUT FILE VPSC.IN FOR THIS RUN ****
1                          (iregime : -1=EL ; 1=VP)                                                                               
1                          number of phases (nph)                                                                                 
1.0  0.0                   relative vol. fract. of phases (wph(i))                                                                
*INFORMATION ABOUT PHASE #1                                                                                                       
0   0   25                    grain shape contrl, fragmentn, crit aspect ratio                                                    
1.0  1.0  1.0                 initial ellipsoid ratios (dummy if ishape=4)                                                        
0.0  0.0  0.0                 init Eul ang ellips axes (dummy if ishape=3,4)                                                      
* name and path of texture file (filetext)                                                                                        
ex12_DD\Zr_5678.tex                                                                                                               
* name and path of single crystal file (filecrys)                                                                                 
ex12_DD\Zr_DD.sx                                                                                                                  
* name and path of grain shape file (dummy if ishape=0) (fileaxes)                                                                
dummy                                                                                                                             
* name and path of diffraction file (dummy if idiff=0)                                                                            
0                                                                                                                                 
dummy                                                                                                                             
*PRECISION SETTINGS FOR CONVERGENCE PROCEDURES (default values)                                                                   
1.e-3 1.e-3 1.e-3 0.01     errs,errd,errm,errso                                                                                   
200 100 25     itmax:   max # of iter, external, internal and SO loops                                                            
0  2  10  2   irsvar & jrsini,jrsfin,jrstep (dummy if irsvar=0)                                                                   
*INPUT/OUTPUT SETTINGS FOR THE RUN (default is zero)                                                                              
0              irecover:read grain states from POSTMORT.IN (1) or not (0)?                                                        
0              isave:   write grain states in POSTMORT.OUT at step 'isave'?                                                       
0              icubcomp:calculate fcc rolling components?                                                                         
0              nwrite (frequency of texture downloads)                                                                            
*MODELING CONDITIONS FOR THE RUN                                                                                                  
3  10.         interaction (0:FC,1:affine,2:secant,3:neff=xx,4:tangent,5:SO)                                                      
1  1  1        iupdate: update orient, grain shape, hardening                                                                     
0              nneigh (0 for no neighbors, 1 for pairs, etc.)                                                                     
0              iflu (0: don't calc, 1: calc fluctuations)                                                                         
*NUMBER OF PROCESSES (Lij const; Lij variable; PCYS ;LANKFORD; rigid rotatn)                                                      
2                                                                                                                                 
*IVGVAR AND PATH\NAME OF FILE FOR EACH PROCESS (dummy if ivgvar=2,3)                                                              
0                  -->   15% in-plane tension                                                                                     
ex12_DD\IPC10_300K.1                                                                                                              
0                  -->   15% in-plane tension                                                                                     
ex12_DD\IPC10_76K.1                                                                                                               


 **** CRYSTAL DATA FILE ****
*Material: zirconium                                                                                                              
HEXAGONAL                                crysym                                                                                   
1.  1.  1.594     90.  90.  120.         cdim(i),cang(i)                                                                          
*Elastic stiffness of single crystal [MPa]                                                                                        
  143.5e3    72.5e3    65.4e3     0.0     0.0     0.0                                                                             
   72.5e3   143.5e3    65.4e3     0.0     0.0     0.0                                                                             
   65.4e3    65.4e3   164.9e3     0.0     0.0     0.0                                                                             
    0.0     0.0     0.0    32.1e3     0.0e3     0.0e3                                                                             
    0.0     0.0     0.0     0.0e3    32.1e3     0.0e3                                                                             
    0.0     0.0     0.0     0.0e3     0.0e3    35.5e3                                                                             
*Thermal expansion coefficients of single crystal[K^(-1)]                                                                         
  5.7e-6   5.7e-6  10.3e-6   0.0e0   0.0e0   0.0e0                                                                                
SLIP AND TWINNING MODES                                                                                                           
6                               nmodesx                                                                                           
4                               nmodes                                                                                            
1  4  5  6                      mode(i)                                                                                           
PRISMATIC <a>                                                                                                                     
  1    3   1   0                       modex,nsmx,isensex,itwtypex                                                                
 1  0 -1  0    -1  2 -1  0                                                                                                        
 0 -1  1  0     2 -1 -1  0                                                                                                        
 -1  1  0  0    -1 -1  2  0                                                                                                       
BASAL <a>                                                                                                                         
  2    3   1   0                       modex,nsmx,isensex,itwtypex                                                                
 0  0  0  1     2 -1 -1  0                                                                                                        
 0  0  0  1    -1  2 -1  0                                                                                                        
 0  0  0  1    -1 -1  2  0                                                                                                        
PYRAMIDAL<a>                                                                                                                      
  3    6   1   0                       modex,nsmx,isensex,itwtypex                                                                
 1  0 -1  1    -1  2 -1  0                                                                                                        
 0 -1  1  1     2 -1 -1  0                                                                                                        
 -1  1  0  1    -1 -1  2  0                                                                                                       
 -1  0  1  1    -1  2 -1  0                                                                                                       
 0  1 -1  1     2 -1 -1  0                                                                                                        
 1 -1  0  1     1  1 -2  0                                                                                                        
PYRAMIDAL<c+a>                                                                                                                    
  4   12   1   0                       modex,nsmx,isensex,itwtypex                                                                
 1  0 -1  1    -1 -1  2  3                                                                                                        
 1  0 -1  1    -2  1  1  3                                                                                                        
 0 -1  1  1     1  1 -2  3                                                                                                        
 0 -1  1  1    -1  2 -1  3                                                                                                        
 -1  1  0  1     2 -1 -1  3                                                                                                       
 -1  1  0  1     1 -2  1  3                                                                                                       
 -1  0  1  1     2 -1 -1  3                                                                                                       
 -1  0  1  1     1  1 -2  3                                                                                                       
 0  1 -1  1    -1 -1  2  3                                                                                                        
 0  1 -1  1     1 -2  1  3                                                                                                        
 1 -1  0  1    -2  1  1  3                                                                                                        
 1 -1  0  1    -1  2 -1  3                                                                                                        
TENSILE TWIN {10-12}                                                                                                              
  5    6   0   2                       modex,nsmx,isensex,itwtypex                                                                
 0.167                                 twshx                                                                                      
 1  0 -1  2    -1  0  1  1                                                                                                        
 0  1 -1  2     0 -1  1  1                                                                                                        
 -1  1  0  2     1 -1  0  1                                                                                                       
 -1  0  1  2     1  0 -1  1                                                                                                       
 0 -1  1  2     0  1 -1  1                                                                                                        
 1 -1  0  2    -1  1  0  1                                                                                                        
COMPRESSIVE TWIN {11-22}                                                                                                          
  6    6   0   2                       modex,nsmx,isensex,itwtypex                                                                
 0.225                                 twshx                                                                                      
 2 -1 -1  2     2 -1 -1 -3                                                                                                        
 1  1 -2  2     1  1 -2 -3                                                                                                        
 -1  2 -1  2    -1  2 -1 -3                                                                                                       
 -2  1  1  2    -2  1  1 -3                                                                                                       
 -1 -1  2  2    -1 -1  2 -3                                                                                                       
 1 -2  1  2     1 -2  1 -3                                                                                                        
*Constitutive law                                                                                                                 
  20      ihardlaw  (Voce=0, MTS=1, DD=20)                                                                                        
   0      iratesens (0:rate insensitive, 1:rate sensitive)                                                                        
  40.e+3   30.e-6          !SHEAR_MOD (MPa), GRAIN SIZE (micron)                                                                  
  0.9   0.086              !CHIfor, CHIsub                                                                                        
  1.0E+11   298   0.001    !RHO_DEB INITIAL IN EVERY GRAIN (1/m^2), TEMPref, EDOTref                                              
 PRISMATIC <a> SLIP -------------------------------------------                                                                   
 0.323e-9   3.75E-3        !BURG (m), NORM ACTENER g IN EQ. (3.12) (0.00375)                                                      
 1.25E+8    330.           !KGENER=K1 IN EQ.(3.8) (1/m), DRAG STRESS=D IN EQ.(3.12) (MPa)                                         
 1.E+07                    !EDOT_0 IN EQ.(3.12) (1/s)                                                                             
 5.0E+09                   !INITIAL RHO_S FOR EACH SLIP SYSTEM (1/m^2)                                                            
 0.0   40.   300.          !tau0,tau1,tau2 (MPa & K) in Eq.(3-17) TAU0=Atau0+Atau1*EXP(-T/Atau2)                                  
  0.  3.872  222.7         !deb0,deb1,deb2 (K) FOR A IN deb0+deb1*exp((Tref-T)/deb2)                                              
 0.10                      !HPFAC COEF FOR THIS SLIP MODE                                                                         
 PYRAMIDAL <c+a> SLIP -------------------------------------------                                                                 
 0.607e-9   3.2E-2         !BURG (m), NORM ACTENER g IN EQ. (3.12) (0.00375)                                                      
 2.25E+8    100.           !KGENER=K1 IN EQ.(3.8) (1/m), DRAG STRESS=D IN EQ.(3.12) (MPa)                                         
 1.E+07                    !EDOT_0 IN EQ.(3.12) (1/s)                                                                             
 5.0E+09                   !INITIAL RHO_S FOR EACH SLIP SYSTEM (1/m^2)                                                            
 0.   300.   200.          !tau0,tau1,tau2 (MPa & K) in Eq.(3-17) TAU0=Atau0+Atau1*EXP(-TEMP/Atau2)                               
 4.002e-3   0.  1.e6       !deb0,deb1,deb2 (K) FOR A IN deb0+deb1*exp((Tref-T)/deb2)                                              
 0.17                      !HPFAC COEF FOR THIS SLIP MODE                                                                         
 {10-12} TENSILE TWIN -------------------------------------------                                                                 
 0.0623e-9                 !BURG (m)                                                                                              
  165.   0.   1.e6         !T0crit,T1crit,T2crit (MPa & K) TCRIT=T0+T1*EXP(-TEMP/T2)                                              
   20.   0.   1.e6         !T0prop,T1prop,T2prop (MPa & K)                                                                        
  0.    600.               !TTwSl coupling  im=1,nslmodes (adim)                                                                  
  1   2   0.1   0.5        !isectw,itwlaw,thres1,thres2                                                                           
  {11-22} COMPRESSIVE TWIN --------------------------------------                                                                 
 0.0923e-9                 !BURG (m)                                                                                              
  300.   569.   28.6       !T0crit,T1crit,T2crit (MPa & K) TCRIT=T0+T1*EXP(-TEMP/T2)                                              
  300.   569.   28.6       !T0prop,T1prop,T2prop (MPa & K)                                                                        
  8000.    600.            !TTwSl coupling  im=1,nslmodes (adim)                                                                  
  1   2   0.1   0.5        !isectw,itwlaw,thres1,thres2                                                                           
                                                                                                                                  
**** END OF CRYSTAL DATA FILE ****


 CHECKING THAT CELCC*SELCC-ID6=0   0.2297933E-15
 *********** PHASE   1
 RANDOM PX BULK & POISSON MODULI   95388.889       0.330
 RANDOM PX ELASTIC CTES C11, C12, C44  144073.333   71046.667   36513.333

 INSIDE SUBROUTINE DATA_CRYSTAL
 SHEAR MODULUS FOR MODE  1 IN PHASE  1 IS   35500.000
 N & B FOR MODE  1 IN PHASE  1
     0.866     0.500     0.000       -0.500     0.866     0.000
     0.000    -1.000     0.000        1.000     0.000     0.000
    -0.866     0.500     0.000       -0.500    -0.866     0.000
 SHEAR MODULUS FOR MODE  2 IN PHASE  1 IS   40331.548
 N & B FOR MODE  2 IN PHASE  1
     0.761     0.439     0.477       -0.266    -0.460     0.847
     0.761     0.439     0.477       -0.531     0.000     0.847
     0.000    -0.879     0.477        0.266     0.460     0.847
     0.000    -0.879     0.477       -0.266     0.460     0.847
    -0.761     0.439     0.477        0.531     0.000     0.847
    -0.761     0.439     0.477        0.266    -0.460     0.847
    -0.761    -0.439     0.477        0.531     0.000     0.847
    -0.761    -0.439     0.477        0.266     0.460     0.847
     0.000     0.879     0.477       -0.266    -0.460     0.847
     0.000     0.879     0.477        0.266    -0.460     0.847
     0.761    -0.439     0.477       -0.531     0.000     0.847
     0.761    -0.439     0.477       -0.266     0.460     0.847
 SHEAR MODULUS FOR MODE  3 IN PHASE  1 IS   44315.532
 N & B FOR MODE  3 IN PHASE  1
     0.586     0.339     0.736       -0.637    -0.368     0.677
     0.000     0.677     0.736        0.000    -0.736     0.677
    -0.586     0.339     0.736        0.637    -0.368     0.677
    -0.586    -0.339     0.736        0.637     0.368     0.677
     0.000    -0.677     0.736        0.000     0.736     0.677
     0.586    -0.339     0.736       -0.637     0.368     0.677
 SHEAR MODULUS FOR MODE  4 IN PHASE  1 IS   42070.802
 N & B FOR MODE  4 IN PHASE  1
     0.847     0.000     0.531        0.531     0.000    -0.847
     0.424     0.734     0.531        0.266     0.460    -0.847
    -0.424     0.734     0.531       -0.266     0.460    -0.847
    -0.847     0.000     0.531       -0.531     0.000    -0.847
    -0.424    -0.734     0.531       -0.266    -0.460    -0.847
     0.424    -0.734     0.531        0.266    -0.460    -0.847

 **** CRYST TEXTURE (FIRST FEW LINES) ****
AXES OF THE REPRESENTATIVE ELLIPSOID                                                                                              
   1.0   1.0   1.0                                                                                                                
DISCRETE TEXTURE FROM ODF FILE  5678.sod                                                                                          
B    1944                                                                                                                         
      5.00      7.07      5.00     0.00028969                                                                                     
      5.00      7.07     15.00     0.00029481                                                                                     
      5.00      7.07     25.00     0.00029881                                                                                     
      5.00      7.07     35.00     0.00030268                                                                                     
      5.00      7.07     45.00     0.00029263                                                                                     
      5.00      7.07     55.00     0.00028680                                                                                     
      5.00     15.79      5.00     0.00081995                                                                                     
      5.00     15.79     15.00     0.00080314                                                                                     
      5.00     15.79     25.00     0.00080906                                                                                     
      5.00     15.79     35.00     0.00081521                                                                                     
      5.00     15.79     45.00     0.00078358                                                                                     
      5.00     15.79     55.00     0.00079817                                                                                     
      5.00     25.46      5.00     0.00102771                                                                                     
      5.00     25.46     15.00     0.00110657                                                                                     
      5.00     25.46     25.00     0.00108154                                                                                     
      5.00     25.46     35.00     0.00108865                                                                                     
    .........................
 **** END OF CRYST TEXTURE DATA FILE ****


*** RUNNING INTERACTION NEFF=   10.00


 UB THERMAL TENSOR (VOIGT NOTATION)
  0.6193E-05  0.6284E-05  0.9318E-05  0.1405E-06  0.2533E-06  0.3489E-07

 UB ELASTIC STIFFNESS (VOIGT NOTATION)
  0.1419E+06  0.7123E+05  0.7033E+05 -0.3970E+02 -0.4075E+02  0.6534E+01
  0.7123E+05  0.1421E+06  0.7030E+05  0.1977E+02 -0.1135E+03 -0.2461E+02
  0.7033E+05  0.7030E+05  0.1508E+06  0.3858E+03  0.8229E+03  0.1084E+03
 -0.3970E+02  0.1977E+02  0.3858E+03  0.3647E+05  0.1318E+03  0.5950E+02
 -0.4075E+02 -0.1135E+03  0.8229E+03  0.1318E+03  0.3645E+05  0.5495E+02
  0.6534E+01 -0.2461E+02  0.1084E+03  0.5950E+02  0.5495E+02  0.3534E+05

 LB THERMAL TENSOR (VOIGT NOTATION)
  0.6354E-05  0.6419E-05  0.8926E-05  0.1177E-06  0.2151E-06  0.2906E-07

 LB ELASTIC STIFFNESS (VOIGT NOTATION)
  0.1415E+06  0.7128E+05  0.7090E+05 -0.1584E+02 -0.8449E+02 -0.1421E+01
  0.7128E+05  0.1416E+06  0.7088E+05 -0.1117E+02 -0.6395E+02 -0.2727E+02
  0.7090E+05  0.7088E+05  0.1482E+06  0.3219E+03  0.6940E+03  0.1025E+03
 -0.1584E+02 -0.1117E+02  0.3219E+03  0.3556E+05  0.1086E+03  0.9214E+01
 -0.8449E+02 -0.6395E+02  0.6940E+03  0.1086E+03  0.3556E+05  0.2441E+02
 -0.1421E+01 -0.2727E+02  0.1025E+03  0.9214E+01  0.2441E+02  0.3510E+05


*** LOAD CONDITIONS FOR THIS RUN
   50   1   0.002    300.   300.      nsteps  ictrl  ctrlincr  temp_i  temp_f                                                     
* boundary conditions                                                                                                             
    1       1       1           iudot     |    flag for vel.grad.                                                                 
    1       0       1                     |    (0:unknown-1:known)                                                                
    1       1       0                     |                                                                                       
                                          |                                                                                       
   -0.001   0.      0.          udot      |    vel.grad                                                                           
    0.      0.0008  0.                    |                                                                                       
    0.      0.      0.0002                |                                                                                       
                                          |                                                                                       
    0       0        0           iscau    |    flag for Cauchy                                                                    
            1        0                    |                                                                                       
                     1                    |                                                                                       
                                          |                                                                                       
    0.      0.       0.          scauchy  |    Cauchy stress                                                                      
            0.       0.                   |                                                                                       
                     0.                   @                                                                                       

*******   STEP   1      *** N_EFF=cte CALCULATION              
   74   0.683E-04   0.980E-03   0.435E-04

*******   STEP   2      *** N_EFF=cte CALCULATION              
   43   0.684E-04   0.983E-03   0.568E-04

*******   STEP   3      *** N_EFF=cte CALCULATION              
   36   0.729E-04   0.963E-03   0.438E-04

*******   STEP   4      *** N_EFF=cte CALCULATION              
   40   0.736E-04   0.988E-03   0.458E-04

*******   STEP   5      *** N_EFF=cte CALCULATION              
   39   0.750E-04   0.977E-03   0.534E-04

*******   STEP   6      *** N_EFF=cte CALCULATION              
   37   0.674E-04   0.958E-03   0.686E-04

*******   STEP   7      *** N_EFF=cte CALCULATION              
   34   0.928E-04   0.952E-03   0.766E-04

*******   STEP   8      *** N_EFF=cte CALCULATION              
   32   0.105E-03   0.948E-03   0.141E-03

*******   STEP   9      *** N_EFF=cte CALCULATION              
   30   0.910E-04   0.984E-03   0.130E-03

*******   STEP  10      *** N_EFF=cte CALCULATION              
   28   0.115E-03   0.987E-03   0.220E-03

*******   STEP  11      *** N_EFF=cte CALCULATION              
   27   0.124E-03   0.892E-03   0.231E-03

*******   STEP  12      *** N_EFF=cte CALCULATION              
   25   0.105E-03   0.950E-03   0.899E-04

*******   STEP  13      *** N_EFF=cte CALCULATION              
   23   0.104E-03   0.991E-03   0.265E-03

*******   STEP  14      *** N_EFF=cte CALCULATION              
   21   0.148E-03   0.978E-03   0.120E-03

*******   STEP  15      *** N_EFF=cte CALCULATION              
   19   0.249E-03   0.912E-03   0.504E-03

*******   STEP  16      *** N_EFF=cte CALCULATION              
   18   0.130E-03   0.862E-03   0.365E-03

*******   STEP  17      *** N_EFF=cte CALCULATION              
   17   0.128E-03   0.904E-03   0.158E-03

*******   STEP  18      *** N_EFF=cte CALCULATION              
   17   0.171E-03   0.871E-03   0.120E-03

*******   STEP  19      *** N_EFF=cte CALCULATION              
   16   0.178E-03   0.939E-03   0.306E-03

*******   STEP  20      *** N_EFF=cte CALCULATION              
   12   0.344E-03   0.986E-03   0.564E-03

*******   STEP  21      *** N_EFF=cte CALCULATION              
   12   0.329E-03   0.977E-03   0.459E-03

*******   STEP  22      *** N_EFF=cte CALCULATION              
   10   0.148E-03   0.987E-03   0.526E-03

*******   STEP  23      *** N_EFF=cte CALCULATION              
   10   0.152E-03   0.966E-03   0.377E-03

*******   STEP  24      *** N_EFF=cte CALCULATION              
   10   0.157E-03   0.929E-03   0.307E-03

*******   STEP  25      *** N_EFF=cte CALCULATION              
   10   0.122E-03   0.792E-03   0.513E-03

*******   STEP  26      *** N_EFF=cte CALCULATION              
    7   0.284E-03   0.952E-03   0.340E-03

*******   STEP  27      *** N_EFF=cte CALCULATION              
   11   0.153E-03   0.726E-03   0.235E-03

*******   STEP  28      *** N_EFF=cte CALCULATION              
    7   0.467E-03   0.985E-03   0.105E-03

*******   STEP  29      *** N_EFF=cte CALCULATION              
   10   0.268E-03   0.978E-03   0.232E-03

*******   STEP  30      *** N_EFF=cte CALCULATION              
    7   0.403E-03   0.875E-03   0.930E-04

*******   STEP  31      *** N_EFF=cte CALCULATION              
    7   0.393E-03   0.845E-03   0.648E-04

*******   STEP  32      *** N_EFF=cte CALCULATION              
   11   0.239E-03   0.953E-03   0.144E-03

*******   STEP  33      *** N_EFF=cte CALCULATION              
    7   0.324E-03   0.597E-03   0.284E-03

*******   STEP  34      *** N_EFF=cte CALCULATION              
   11   0.263E-03   0.854E-03   0.110E-03

*******   STEP  35      *** N_EFF=cte CALCULATION              
    7   0.327E-03   0.585E-03   0.327E-03

*******   STEP  36      *** N_EFF=cte CALCULATION              
    7   0.469E-03   0.671E-03   0.252E-03

*******   STEP  37      *** N_EFF=cte CALCULATION              
    7   0.387E-03   0.713E-03   0.268E-03

*******   STEP  38      *** N_EFF=cte CALCULATION              
    7   0.489E-03   0.707E-03   0.280E-03

*******   STEP  39      *** N_EFF=cte CALCULATION              
    7   0.521E-03   0.988E-03   0.156E-03

*******   STEP  40      *** N_EFF=cte CALCULATION              
    8   0.352E-03   0.788E-03   0.675E-03

*******   STEP  41      *** N_EFF=cte CALCULATION              
    7   0.640E-03   0.974E-03   0.169E-03

*******   STEP  42      *** N_EFF=cte CALCULATION              
   12   0.157E-03   0.705E-03   0.205E-03

*******   STEP  43      *** N_EFF=cte CALCULATION              
    7   0.619E-03   0.974E-03   0.137E-03

*******   STEP  44      *** N_EFF=cte CALCULATION              
   12   0.157E-03   0.812E-03   0.117E-03

*******   STEP  45      *** N_EFF=cte CALCULATION              
    8   0.257E-03   0.800E-03   0.603E-03

*******   STEP  46      *** N_EFF=cte CALCULATION              
    8   0.176E-03   0.467E-03   0.476E-03

*******   STEP  47      *** N_EFF=cte CALCULATION              
    7   0.568E-03   0.811E-03   0.206E-03

*******   STEP  48      *** N_EFF=cte CALCULATION              
    8   0.309E-03   0.837E-03   0.415E-03

*******   STEP  49      *** N_EFF=cte CALCULATION              
    8   0.175E-03   0.919E-03   0.489E-03

*******   STEP  50      *** N_EFF=cte CALCULATION              
    8   0.202E-03   0.443E-03   0.518E-03

*******   STEP  51      *** N_EFF=cte CALCULATION              
   12   0.153E-03   0.976E-03   0.173E-03

*** LOAD CONDITIONS FOR THIS RUN
   50   1   0.002    76.   76.      nsteps  ictrl  ctrlincr  temp_i  temp_f                                                       
* boundary conditions                                                                                                             
    1       1       1           iudot     |    flag for vel.grad.                                                                 
    1       0       1                     |    (0:unknown-1:known)                                                                
    1       1       0                     |                                                                                       
                                          |                                                                                       
   -0.001   0.      0.          udot      |    vel.grad                                                                           
    0.      0.0008  0.                    |                                                                                       
    0.      0.      0.0002                |                                                                                       
                                          |                                                                                       
    0       0        0           iscau    |    flag for Cauchy                                                                    
            1        0                    |                                                                                       
                     1                    |                                                                                       
                                          |                                                                                       
    0.      0.       0.          scauchy  |    Cauchy stress                                                                      
            0.       0.                   |                                                                                       
                     0.                   @                                                                                       

*******   STEP   1      *** N_EFF=cte CALCULATION              
   28   0.197E-03   0.959E-03   0.176E-03

*******   STEP   2      *** N_EFF=cte CALCULATION              
   65   0.783E-04   0.990E-03   0.537E-04

*******   STEP   3      *** N_EFF=cte CALCULATION              
   25   0.231E-03   0.990E-03   0.210E-03

*******   STEP   4      *** N_EFF=cte CALCULATION              
   26   0.150E-03   0.989E-03   0.866E-04

*******   STEP   5      *** N_EFF=cte CALCULATION              
   26   0.192E-03   0.982E-03   0.143E-03

*******   STEP   6      *** N_EFF=cte CALCULATION              
   25   0.209E-03   0.942E-03   0.219E-03

*******   STEP   7      *** N_EFF=cte CALCULATION              
   23   0.209E-03   0.994E-03   0.457E-03

*******   STEP   8      *** N_EFF=cte CALCULATION              
   23   0.209E-03   0.938E-03   0.499E-03

*******   STEP   9      *** N_EFF=cte CALCULATION              
   21   0.109E-03   0.923E-03   0.277E-03

*******   STEP  10      *** N_EFF=cte CALCULATION              
   21   0.122E-03   0.979E-03   0.132E-03

*******   STEP  11      *** N_EFF=cte CALCULATION              
   21   0.135E-03   0.980E-03   0.143E-03

*******   STEP  12      *** N_EFF=cte CALCULATION              
   21   0.122E-03   0.810E-03   0.116E-03

*******   STEP  13      *** N_EFF=cte CALCULATION              
   20   0.134E-03   0.997E-03   0.288E-03

*******   STEP  14      *** N_EFF=cte CALCULATION              
   20   0.111E-03   0.965E-03   0.269E-03

*******   STEP  15      *** N_EFF=cte CALCULATION              
   19   0.134E-03   0.998E-03   0.186E-03

*******   STEP  16      *** N_EFF=cte CALCULATION              
   20   0.117E-03   0.900E-03   0.184E-03

*******   STEP  17      *** N_EFF=cte CALCULATION              
   20   0.118E-03   0.941E-03   0.294E-03

*******   STEP  18      *** N_EFF=cte CALCULATION              
   17   0.233E-03   0.973E-03   0.359E-03

*******   STEP  19      *** N_EFF=cte CALCULATION              
   19   0.183E-03   0.889E-03   0.172E-03

*******   STEP  20      *** N_EFF=cte CALCULATION              
   19   0.200E-03   0.907E-03   0.193E-03

*******   STEP  21      *** N_EFF=cte CALCULATION              
   20   0.123E-03   0.825E-03   0.272E-03

*******   STEP  22      *** N_EFF=cte CALCULATION              
   15   0.219E-03   0.821E-03   0.856E-03

*******   STEP  23      *** N_EFF=cte CALCULATION              
   14   0.182E-03   0.910E-03   0.472E-03

*******   STEP  24      *** N_EFF=cte CALCULATION              
   14   0.186E-03   0.866E-03   0.227E-03

*******   STEP  25      *** N_EFF=cte CALCULATION              
   14   0.166E-03   0.837E-03   0.362E-03

*******   STEP  26      *** N_EFF=cte CALCULATION              
   15   0.135E-03   0.697E-03   0.508E-03

*******   STEP  27      *** N_EFF=cte CALCULATION              
   15   0.156E-03   0.940E-03   0.452E-03

*******   STEP  28      *** N_EFF=cte CALCULATION              
   15   0.148E-03   0.877E-03   0.375E-03

*******   STEP  29      *** N_EFF=cte CALCULATION              
   15   0.142E-03   0.779E-03   0.336E-03

*******   STEP  30      *** N_EFF=cte CALCULATION              
   15   0.153E-03   0.875E-03   0.365E-03

*******   STEP  31      *** N_EFF=cte CALCULATION              
   15   0.167E-03   0.892E-03   0.298E-03

*******   STEP  32      *** N_EFF=cte CALCULATION              
   16   0.112E-03   0.631E-03   0.442E-03

*******   STEP  33      *** N_EFF=cte CALCULATION              
   15   0.170E-03   0.982E-03   0.304E-03

*******   STEP  34      *** N_EFF=cte CALCULATION              
   15   0.163E-03   0.925E-03   0.284E-03

*******   STEP  35      *** N_EFF=cte CALCULATION              
   16   0.116E-03   0.661E-03   0.455E-03

*******   STEP  36      *** N_EFF=cte CALCULATION              
   15   0.143E-03   0.761E-03   0.238E-03

*******   STEP  37      *** N_EFF=cte CALCULATION              
   16   0.116E-03   0.635E-03   0.486E-03

*******   STEP  38      *** N_EFF=cte CALCULATION              
   14   0.147E-03   0.793E-03   0.244E-03

*******   STEP  39      *** N_EFF=cte CALCULATION              
   15   0.140E-03   0.848E-03   0.330E-03

*******   STEP  40      *** N_EFF=cte CALCULATION              
   14   0.158E-03   0.951E-03   0.255E-03

*******   STEP  41      *** N_EFF=cte CALCULATION              
   14   0.148E-03   0.919E-03   0.228E-03

*******   STEP  42      *** N_EFF=cte CALCULATION              
   15   0.115E-03   0.666E-03   0.375E-03

*******   STEP  43      *** N_EFF=cte CALCULATION              
   14   0.155E-03   0.973E-03   0.238E-03

*******   STEP  44      *** N_EFF=cte CALCULATION              
   14   0.138E-03   0.823E-03   0.206E-03

*******   STEP  45      *** N_EFF=cte CALCULATION              
   13   0.151E-03   0.945E-03   0.281E-03

*******   STEP  46      *** N_EFF=cte CALCULATION              
   14   0.168E-03   0.999E-03   0.302E-03

*******   STEP  47      *** N_EFF=cte CALCULATION              
   13   0.167E-03   0.853E-03   0.189E-03

*******   STEP  48      *** N_EFF=cte CALCULATION              
   13   0.137E-03   0.818E-03   0.256E-03

*******   STEP  49      *** N_EFF=cte CALCULATION              
   13   0.145E-03   0.933E-03   0.187E-03

*******   STEP  50      *** N_EFF=cte CALCULATION              
   14   0.163E-03   0.894E-03   0.342E-03

*******   STEP  51      *** N_EFF=cte CALCULATION              
   13   0.159E-03   0.890E-03   0.205E-03

 TIME ELAPSED  230.27secs
