   SCHMID FACTOR DISTRIBUTION FOR TWIN MODE: 1
ISTEP STRAIN  #TWGR  -0.275  -0.225  -0.175  -0.125  -0.075  -0.025   0.025   0.075   0.125   0.175   0.225   0.275   0.325   0.375   0.425   0.475   0.525   0.575   0.625   0.675   0.725
   1   0.002      0  0.0000  0.0000  0.0000  0.0000  0.0000  0.0000  0.0000  0.0000  0.0000  0.0000  0.0000  0.0000  0.0000  0.0000  0.0000  0.0000  0.0000  0.0000  0.0000  0.0000  0.0000
   2   0.004      0  0.0000  0.0000  0.0000  0.0000  0.0000  0.0000  0.0000  0.0000  0.0000  0.0000  0.0000  0.0000  0.0000  0.0000  0.0000  0.0000  0.0000  0.0000  0.0000  0.0000  0.0000
   3   0.006      0  0.0000  0.0000  0.0000  0.0000  0.0000  0.0000  0.0000  0.0000  0.0000  0.0000  0.0000  0.0000  0.0000  0.0000  0.0000  0.0000  0.0000  0.0000  0.0000  0.0000  0.0000
   4   0.008      0  0.0000  0.0000  0.0000  0.0000  0.0000  0.0000  0.0000  0.0000  0.0000  0.0000  0.0000  0.0000  0.0000  0.0000  0.0000  0.0000  0.0000  0.0000  0.0000  0.0000  0.0000
   5   0.010      0  0.0000  0.0000  0.0000  0.0000  0.0000  0.0000  0.0000  0.0000  0.0000  0.0000  0.0000  0.0000  0.0000  0.0000  0.0000  0.0000  0.0000  0.0000  0.0000  0.0000  0.0000
   6   0.012      0  0.0000  0.0000  0.0000  0.0000  0.0000  0.0000  0.0000  0.0000  0.0000  0.0000  0.0000  0.0000  0.0000  0.0000  0.0000  0.0000  0.0000  0.0000  0.0000  0.0000  0.0000
   7   0.014      0  0.0000  0.0000  0.0000  0.0000  0.0000  0.0000  0.0000  0.0000  0.0000  0.0000  0.0000  0.0000  0.0000  0.0000  0.0000  0.0000  0.0000  0.0000  0.0000  0.0000  0.0000
   8   0.016      0  0.0000  0.0000  0.0000  0.0000  0.0000  0.0000  0.0000  0.0000  0.0000  0.0000  0.0000  0.0000  0.0000  0.0000  0.0000  0.0000  0.0000  0.0000  0.0000  0.0000  0.0000
   9   0.018      0  0.0000  0.0000  0.0000  0.0000  0.0000  0.0000  0.0000  0.0000  0.0000  0.0000  0.0000  0.0000  0.0000  0.0000  0.0000  0.0000  0.0000  0.0000  0.0000  0.0000  0.0000
  10   0.020      0  0.0000  0.0000  0.0000  0.0000  0.0000  0.0000  0.0000  0.0000  0.0000  0.0000  0.0000  0.0000  0.0000  0.0000  0.0000  0.0000  0.0000  0.0000  0.0000  0.0000  0.0000
  11   0.022      0  0.0000  0.0000  0.0000  0.0000  0.0000  0.0000  0.0000  0.0000  0.0000  0.0000  0.0000  0.0000  0.0000  0.0000  0.0000  0.0000  0.0000  0.0000  0.0000  0.0000  0.0000
  12   0.024      0  0.0000  0.0000  0.0000  0.0000  0.0000  0.0000  0.0000  0.0000  0.0000  0.0000  0.0000  0.0000  0.0000  0.0000  0.0000  0.0000  0.0000  0.0000  0.0000  0.0000  0.0000
  13   0.026      0  0.0000  0.0000  0.0000  0.0000  0.0000  0.0000  0.0000  0.0000  0.0000  0.0000  0.0000  0.0000  0.0000  0.0000  0.0000  0.0000  0.0000  0.0000  0.0000  0.0000  0.0000
  14   0.028      0  0.0000  0.0000  0.0000  0.0000  0.0000  0.0000  0.0000  0.0000  0.0000  0.0000  0.0000  0.0000  0.0000  0.0000  0.0000  0.0000  0.0000  0.0000  0.0000  0.0000  0.0000
  15   0.030      0  0.0000  0.0000  0.0000  0.0000  0.0000  0.0000  0.0000  0.0000  0.0000  0.0000  0.0000  0.0000  0.0000  0.0000  0.0000  0.0000  0.0000  0.0000  0.0000  0.0000  0.0000
  16   0.032      0  0.0000  0.0000  0.0000  0.0000  0.0000  0.0000  0.0000  0.0000  0.0000  0.0000  0.0000  0.0000  0.0000  0.0000  0.0000  0.0000  0.0000  0.0000  0.0000  0.0000  0.0000
  17   0.034      2  0.0000  0.0000  0.0000  0.0000  0.0000  0.0000  0.0000  0.0000  0.0000  0.0000  0.0000  0.0000  0.0000  0.0000  0.0000  0.0000  1.0000  0.0000  0.0000  0.0000  0.0000
  18   0.036      4  0.0000  0.0000  0.0000  0.0000  0.0000  0.0000  0.0000  0.0000  0.0000  0.0000  0.0000  0.0000  0.0000  0.0000  0.0000  0.0000  1.0000  0.0000  0.0000  0.0000  0.0000
  19   0.038      6  0.0000  0.0000  0.0000  0.0000  0.0000  0.0000  0.0000  0.0000  0.0000  0.0000  0.0000  0.0000  0.0000  0.0000  0.0000  0.0000  1.0000  0.0000  0.0000  0.0000  0.0000
  20   0.040      7  0.0000  0.0000  0.0000  0.0000  0.0000  0.0000  0.0000  0.0000  0.0000  0.0000  0.0000  0.0000  0.0000  0.0000  0.0000  0.0000  1.0000  0.0000  0.0000  0.0000  0.0000
  21   0.042      8  0.0000  0.0000  0.0000  0.0000  0.0000  0.0000  0.0000  0.0000  0.0000  0.0000  0.0000  0.0000  0.0000  0.0000  0.0000  0.0000  1.0000  0.0000  0.0000  0.0000  0.0000
  22   0.044     14  0.0000  0.0000  0.0000  0.0000  0.0000  0.0000  0.0000  0.0000  0.0000  0.0000  0.0000  0.0000  0.0000  0.1429  0.0000  0.2143  0.6429  0.0000  0.0000  0.0000  0.0000
  23   0.046     19  0.0000  0.0000  0.0000  0.0000  0.0000  0.0000  0.0000  0.0000  0.0000  0.0000  0.0000  0.0000  0.0000  0.1579  0.0000  0.2632  0.5789  0.0000  0.0000  0.0000  0.0000
  24   0.048     24  0.0000  0.0000  0.0000  0.0000  0.0000  0.0000  0.0000  0.0000  0.0000  0.0000  0.0000  0.0000  0.0000  0.1667  0.0000  0.3333  0.5000  0.0000  0.0000  0.0000  0.0000
  25   0.050     28  0.0000  0.0000  0.0000  0.0000  0.0000  0.0000  0.0000  0.0000  0.0000  0.0000  0.0000  0.0000  0.0000  0.1786  0.0000  0.3214  0.5000  0.0000  0.0000  0.0000  0.0000
  26   0.052     34  0.0000  0.0000  0.0000  0.0000  0.0000  0.0000  0.0000  0.0000  0.0000  0.0000  0.0000  0.0000  0.0000  0.2059  0.0000  0.2647  0.5294  0.0000  0.0000  0.0000  0.0000
  27   0.054     40  0.0000  0.0000  0.0000  0.0000  0.0000  0.0000  0.0000  0.0000  0.0000  0.0000  0.0000  0.0000  0.0000  0.2000  0.0000  0.2250  0.5750  0.0000  0.0000  0.0000  0.0000
  28   0.056     46  0.0000  0.0000  0.0000  0.0000  0.0000  0.0000  0.0000  0.0000  0.0000  0.0000  0.0000  0.0000  0.0000  0.2391  0.0000  0.2391  0.5217  0.0000  0.0000  0.0000  0.0000
  29   0.058     51  0.0000  0.0000  0.0000  0.0000  0.0000  0.0000  0.0000  0.0000  0.0000  0.0000  0.0000  0.0000  0.0000  0.2157  0.0000  0.2745  0.5098  0.0000  0.0000  0.0000  0.0000
  30   0.060     58  0.0000  0.0000  0.0000  0.0000  0.0000  0.0000  0.0000  0.0000  0.0000  0.0000  0.0000  0.0000  0.0172  0.2069  0.0000  0.2931  0.4828  0.0000  0.0000  0.0000  0.0000
  31   0.062     63  0.0000  0.0000  0.0000  0.0000  0.0000  0.0000  0.0000  0.0000  0.0000  0.0000  0.0000  0.0000  0.0159  0.2222  0.0000  0.3016  0.4603  0.0000  0.0000  0.0000  0.0000
  32   0.064     73  0.0000  0.0000  0.0000  0.0000  0.0000  0.0000  0.0000  0.0000  0.0000  0.0000  0.0000  0.0000  0.0137  0.2055  0.0411  0.3014  0.4384  0.0000  0.0000  0.0000  0.0000
  33   0.066     80  0.0000  0.0000  0.0000  0.0000  0.0000  0.0000  0.0000  0.0000  0.0000  0.0000  0.0000  0.0000  0.0250  0.2000  0.0500  0.3125  0.4125  0.0000  0.0000  0.0000  0.0000
  34   0.068     97  0.0000  0.0000  0.0000  0.0000  0.0000  0.0000  0.0000  0.0000  0.0000  0.0000  0.0000  0.0000  0.0309  0.1753  0.0722  0.3505  0.3711  0.0000  0.0000  0.0000  0.0000
  35   0.070    109  0.0000  0.0000  0.0000  0.0000  0.0000  0.0000  0.0000  0.0000  0.0000  0.0000  0.0000  0.0000  0.0275  0.1560  0.0734  0.4037  0.3394  0.0000  0.0000  0.0000  0.0000
  36   0.072    118  0.0000  0.0000  0.0000  0.0000  0.0000  0.0000  0.0000  0.0000  0.0000  0.0000  0.0000  0.0000  0.0254  0.1441  0.0847  0.4322  0.3136  0.0000  0.0000  0.0000  0.0000
  37   0.074    132  0.0000  0.0000  0.0000  0.0000  0.0000  0.0000  0.0000  0.0000  0.0000  0.0000  0.0000  0.0000  0.0379  0.1439  0.1061  0.4318  0.2803  0.0000  0.0000  0.0000  0.0000
  38   0.076    139  0.0000  0.0000  0.0000  0.0000  0.0000  0.0000  0.0000  0.0000  0.0000  0.0000  0.0000  0.0000  0.0360  0.1439  0.1151  0.4388  0.2662  0.0000  0.0000  0.0000  0.0000
  39   0.078    152  0.0000  0.0000  0.0000  0.0000  0.0000  0.0000  0.0000  0.0000  0.0000  0.0000  0.0000  0.0000  0.0395  0.1447  0.1447  0.4276  0.2434  0.0000  0.0000  0.0000  0.0000
  40   0.080    165  0.0000  0.0000  0.0000  0.0000  0.0000  0.0000  0.0000  0.0000  0.0000  0.0000  0.0000  0.0000  0.0424  0.1515  0.1455  0.4364  0.2242  0.0000  0.0000  0.0000  0.0000
  41   0.082    176  0.0000  0.0000  0.0000  0.0000  0.0000  0.0000  0.0000  0.0000  0.0000  0.0000  0.0000  0.0000  0.0398  0.1534  0.1420  0.4545  0.2102  0.0000  0.0000  0.0000  0.0000
  42   0.084    187  0.0000  0.0000  0.0000  0.0000  0.0000  0.0000  0.0000  0.0000  0.0000  0.0000  0.0000  0.0000  0.0428  0.1551  0.1444  0.4599  0.1979  0.0000  0.0000  0.0000  0.0000
  43   0.086    202  0.0000  0.0000  0.0000  0.0000  0.0000  0.0000  0.0000  0.0000  0.0000  0.0000  0.0000  0.0000  0.0545  0.1535  0.1386  0.4703  0.1832  0.0000  0.0000  0.0000  0.0000
  44   0.088    211  0.0000  0.0000  0.0000  0.0000  0.0000  0.0000  0.0000  0.0000  0.0000  0.0000  0.0000  0.0047  0.0569  0.1611  0.1422  0.4597  0.1754  0.0000  0.0000  0.0000  0.0000
  45   0.090    223  0.0000  0.0000  0.0000  0.0000  0.0000  0.0000  0.0000  0.0000  0.0000  0.0000  0.0000  0.0045  0.0628  0.1704  0.1570  0.4395  0.1659  0.0000  0.0000  0.0000  0.0000
  46   0.092    233  0.0000  0.0000  0.0000  0.0000  0.0000  0.0000  0.0000  0.0000  0.0000  0.0000  0.0000  0.0043  0.0644  0.1803  0.1674  0.4249  0.1588  0.0000  0.0000  0.0000  0.0000
  47   0.094    245  0.0000  0.0000  0.0000  0.0000  0.0000  0.0000  0.0000  0.0000  0.0000  0.0000  0.0000  0.0041  0.0776  0.1878  0.1673  0.4122  0.1510  0.0000  0.0000  0.0000  0.0000
  48   0.096    259  0.0000  0.0000  0.0000  0.0000  0.0000  0.0000  0.0000  0.0000  0.0000  0.0000  0.0000  0.0039  0.0772  0.2085  0.1699  0.3977  0.1429  0.0000  0.0000  0.0000  0.0000
  49   0.098    266  0.0000  0.0000  0.0000  0.0000  0.0000  0.0000  0.0000  0.0000  0.0000  0.0000  0.0000  0.0075  0.0789  0.2105  0.1654  0.3985  0.1391  0.0000  0.0000  0.0000  0.0000
  50   0.100    276  0.0000  0.0000  0.0000  0.0000  0.0000  0.0000  0.0000  0.0000  0.0000  0.0000  0.0000  0.0072  0.0797  0.2210  0.1739  0.3841  0.1341  0.0000  0.0000  0.0000  0.0000
   SCHMID FACTOR DISTRIBUTION FOR TWIN MODE: 1
ISTEP STRAIN  #TWGR  -0.275  -0.225  -0.175  -0.125  -0.075  -0.025   0.025   0.075   0.125   0.175   0.225   0.275   0.325   0.375   0.425   0.475   0.525   0.575   0.625   0.675   0.725
   1   0.102    288  0.0000  0.0000  0.0000  0.0000  0.0000  0.0000  0.0000  0.0000  0.0000  0.0000  0.0000  0.0069  0.0833  0.2292  0.1806  0.3715  0.1285  0.0000  0.0000  0.0000  0.0000
   2   0.104    291  0.0000  0.0000  0.0000  0.0000  0.0000  0.0000  0.0000  0.0000  0.0000  0.0000  0.0000  0.0069  0.0825  0.2302  0.1856  0.3677  0.1271  0.0000  0.0000  0.0000  0.0000
   3   0.106    295  0.0000  0.0000  0.0000  0.0000  0.0000  0.0000  0.0000  0.0000  0.0000  0.0000  0.0000  0.0068  0.0847  0.2305  0.1864  0.3661  0.1254  0.0000  0.0000  0.0000  0.0000
   4   0.108    302  0.0000  0.0000  0.0000  0.0000  0.0000  0.0000  0.0000  0.0000  0.0000  0.0000  0.0000  0.0066  0.0828  0.2417  0.1821  0.3642  0.1225  0.0000  0.0000  0.0000  0.0000
   5   0.110    307  0.0000  0.0000  0.0000  0.0000  0.0000  0.0000  0.0000  0.0000  0.0000  0.0000  0.0000  0.0065  0.0814  0.2476  0.1824  0.3616  0.1205  0.0000  0.0000  0.0000  0.0000
   6   0.112    312  0.0000  0.0000  0.0000  0.0000  0.0000  0.0000  0.0000  0.0000  0.0000  0.0000  0.0000  0.0064  0.0833  0.2500  0.1827  0.3590  0.1186  0.0000  0.0000  0.0000  0.0000
   7   0.114    318  0.0000  0.0000  0.0000  0.0000  0.0000  0.0000  0.0000  0.0000  0.0000  0.0000  0.0000  0.0063  0.0818  0.2610  0.1824  0.3522  0.1164  0.0000  0.0000  0.0000  0.0000
   8   0.116    321  0.0000  0.0000  0.0000  0.0000  0.0000  0.0000  0.0000  0.0000  0.0000  0.0000  0.0000  0.0062  0.0841  0.2648  0.1807  0.3489  0.1153  0.0000  0.0000  0.0000  0.0000
   9   0.118    328  0.0000  0.0000  0.0000  0.0000  0.0000  0.0000  0.0000  0.0000  0.0000  0.0000  0.0000  0.0061  0.0854  0.2622  0.1890  0.3445  0.1128  0.0000  0.0000  0.0000  0.0000
  10   0.120    340  0.0000  0.0000  0.0000  0.0000  0.0000  0.0000  0.0000  0.0000  0.0000  0.0000  0.0000  0.0059  0.0824  0.2765  0.1941  0.3324  0.1088  0.0000  0.0000  0.0000  0.0000
  11   0.122    348  0.0000  0.0000  0.0000  0.0000  0.0000  0.0000  0.0000  0.0000  0.0000  0.0000  0.0000  0.0057  0.0833  0.2787  0.1954  0.3305  0.1063  0.0000  0.0000  0.0000  0.0000
  12   0.124    356  0.0000  0.0000  0.0000  0.0000  0.0000  0.0000  0.0000  0.0000  0.0000  0.0000  0.0000  0.0056  0.0871  0.2725  0.2079  0.3230  0.1039  0.0000  0.0000  0.0000  0.0000
  13   0.126    367  0.0000  0.0000  0.0000  0.0000  0.0000  0.0000  0.0000  0.0000  0.0000  0.0000  0.0000  0.0054  0.0872  0.2752  0.2125  0.3188  0.1008  0.0000  0.0000  0.0000  0.0000
  14   0.128    376  0.0000  0.0000  0.0000  0.0000  0.0000  0.0000  0.0000  0.0000  0.0000  0.0000  0.0000  0.0053  0.0904  0.2766  0.2181  0.3112  0.0984  0.0000  0.0000  0.0000  0.0000
  15   0.130    390  0.0000  0.0000  0.0000  0.0000  0.0000  0.0000  0.0000  0.0000  0.0000  0.0000  0.0000  0.0051  0.0949  0.2846  0.2205  0.3000  0.0949  0.0000  0.0000  0.0000  0.0000
  16   0.132    405  0.0000  0.0000  0.0000  0.0000  0.0000  0.0000  0.0000  0.0000  0.0000  0.0000  0.0000  0.0049  0.0914  0.2938  0.2272  0.2914  0.0914  0.0000  0.0000  0.0000  0.0000
  17   0.134    415  0.0000  0.0000  0.0000  0.0000  0.0000  0.0000  0.0000  0.0000  0.0000  0.0000  0.0000  0.0048  0.0916  0.2940  0.2361  0.2843  0.0892  0.0000  0.0000  0.0000  0.0000
  18   0.136    438  0.0000  0.0000  0.0000  0.0000  0.0000  0.0000  0.0000  0.0000  0.0000  0.0000  0.0000  0.0046  0.0936  0.2968  0.2511  0.2694  0.0845  0.0000  0.0000  0.0000  0.0000
  19   0.138    458  0.0000  0.0000  0.0000  0.0000  0.0000  0.0000  0.0000  0.0000  0.0000  0.0000  0.0000  0.0044  0.0961  0.2969  0.2620  0.2598  0.0808  0.0000  0.0000  0.0000  0.0000
  20   0.140    485  0.0000  0.0000  0.0000  0.0000  0.0000  0.0000  0.0000  0.0000  0.0000  0.0000  0.0000  0.0041  0.0969  0.3010  0.2742  0.2474  0.0763  0.0000  0.0000  0.0000  0.0000
  21   0.142    499  0.0000  0.0000  0.0000  0.0000  0.0000  0.0000  0.0000  0.0000  0.0000  0.0000  0.0000  0.0040  0.1002  0.3046  0.2725  0.2445  0.0741  0.0000  0.0000  0.0000  0.0000
  22   0.144    512  0.0000  0.0000  0.0000  0.0000  0.0000  0.0000  0.0000  0.0000  0.0000  0.0000  0.0000  0.0039  0.1055  0.3066  0.2734  0.2383  0.0723  0.0000  0.0000  0.0000  0.0000
  23   0.146    524  0.0000  0.0000  0.0000  0.0000  0.0000  0.0000  0.0000  0.0000  0.0000  0.0000  0.0000  0.0057  0.1050  0.3149  0.2691  0.2347  0.0706  0.0000  0.0000  0.0000  0.0000
  24   0.148    537  0.0000  0.0000  0.0000  0.0000  0.0000  0.0000  0.0000  0.0000  0.0000  0.0000  0.0000  0.0056  0.1043  0.3240  0.2682  0.2291  0.0689  0.0000  0.0000  0.0000  0.0000
  25   0.150    547  0.0000  0.0000  0.0000  0.0000  0.0000  0.0000  0.0000  0.0000  0.0000  0.0000  0.0000  0.0055  0.1097  0.3236  0.2687  0.2249  0.0676  0.0000  0.0000  0.0000  0.0000
  26   0.152    557  0.0000  0.0000  0.0000  0.0000  0.0000  0.0000  0.0000  0.0000  0.0000  0.0000  0.0000  0.0054  0.1113  0.3250  0.2711  0.2208  0.0664  0.0000  0.0000  0.0000  0.0000
  27   0.154    567  0.0000  0.0000  0.0000  0.0000  0.0000  0.0000  0.0000  0.0000  0.0000  0.0000  0.0000  0.0053  0.1111  0.3245  0.2769  0.2169  0.0653  0.0000  0.0000  0.0000  0.0000
  28   0.156    579  0.0000  0.0000  0.0000  0.0000  0.0000  0.0000  0.0000  0.0000  0.0000  0.0000  0.0000  0.0069  0.1123  0.3195  0.2850  0.2124  0.0639  0.0000  0.0000  0.0000  0.0000
  29   0.158    598  0.0000  0.0000  0.0000  0.0000  0.0000  0.0000  0.0000  0.0000  0.0000  0.0000  0.0000  0.0067  0.1104  0.3127  0.3027  0.2057  0.0619  0.0000  0.0000  0.0000  0.0000
  30   0.160    616  0.0000  0.0000  0.0000  0.0000  0.0000  0.0000  0.0000  0.0000  0.0000  0.0000  0.0016  0.0081  0.1104  0.3084  0.3117  0.1997  0.0601  0.0000  0.0000  0.0000  0.0000
  31   0.162    627  0.0000  0.0000  0.0000  0.0000  0.0000  0.0000  0.0000  0.0000  0.0000  0.0000  0.0016  0.0080  0.1148  0.3078  0.3126  0.1962  0.0590  0.0000  0.0000  0.0000  0.0000
  32   0.164    643  0.0000  0.0000  0.0000  0.0000  0.0000  0.0000  0.0000  0.0000  0.0000  0.0000  0.0016  0.0093  0.1151  0.3126  0.3126  0.1913  0.0575  0.0000  0.0000  0.0000  0.0000
  33   0.166    654  0.0000  0.0000  0.0000  0.0000  0.0000  0.0000  0.0000  0.0000  0.0000  0.0000  0.0015  0.0138  0.1147  0.3104  0.3150  0.1881  0.0566  0.0000  0.0000  0.0000  0.0000
  34   0.168    669  0.0000  0.0000  0.0000  0.0000  0.0000  0.0000  0.0000  0.0000  0.0000  0.0000  0.0015  0.0149  0.1181  0.3094  0.3169  0.1839  0.0553  0.0000  0.0000  0.0000  0.0000
  35   0.170    682  0.0000  0.0000  0.0000  0.0000  0.0000  0.0000  0.0000  0.0000  0.0000  0.0000  0.0029  0.0220  0.1217  0.3050  0.3138  0.1804  0.0543  0.0000  0.0000  0.0000  0.0000
  36   0.172    694  0.0000  0.0000  0.0000  0.0000  0.0000  0.0000  0.0000  0.0000  0.0000  0.0000  0.0029  0.0216  0.1254  0.3069  0.3127  0.1772  0.0533  0.0000  0.0000  0.0000  0.0000
  37   0.174    703  0.0000  0.0000  0.0000  0.0000  0.0000  0.0000  0.0000  0.0000  0.0000  0.0000  0.0043  0.0256  0.1280  0.3044  0.3101  0.1750  0.0526  0.0000  0.0000  0.0000  0.0000
  38   0.176    716  0.0000  0.0000  0.0000  0.0000  0.0000  0.0000  0.0000  0.0000  0.0000  0.0000  0.0042  0.0265  0.1313  0.3073  0.3073  0.1718  0.0517  0.0000  0.0000  0.0000  0.0000
  39   0.178    727  0.0000  0.0000  0.0000  0.0000  0.0000  0.0000  0.0000  0.0000  0.0000  0.0000  0.0055  0.0289  0.1376  0.3040  0.3040  0.1692  0.0509  0.0000  0.0000  0.0000  0.0000
  40   0.180    741  0.0000  0.0000  0.0000  0.0000  0.0000  0.0000  0.0000  0.0000  0.0000  0.0027  0.0081  0.0324  0.1430  0.2982  0.2996  0.1660  0.0499  0.0000  0.0000  0.0000  0.0000
  41   0.182    755  0.0000  0.0000  0.0000  0.0000  0.0000  0.0000  0.0000  0.0000  0.0000  0.0040  0.0079  0.0358  0.1444  0.3020  0.2940  0.1629  0.0490  0.0000  0.0000  0.0000  0.0000
  42   0.184    764  0.0000  0.0000  0.0000  0.0000  0.0000  0.0000  0.0000  0.0000  0.0000  0.0039  0.0105  0.0366  0.1440  0.3037  0.2919  0.1610  0.0484  0.0000  0.0000  0.0000  0.0000
  43   0.186    774  0.0000  0.0000  0.0000  0.0000  0.0000  0.0000  0.0000  0.0000  0.0000  0.0065  0.0116  0.0388  0.1434  0.3049  0.2881  0.1589  0.0478  0.0000  0.0000  0.0000  0.0000
  44   0.188    785  0.0000  0.0000  0.0000  0.0000  0.0000  0.0000  0.0000  0.0000  0.0000  0.0064  0.0127  0.0420  0.1478  0.3032  0.2841  0.1567  0.0471  0.0000  0.0000  0.0000  0.0000
  45   0.190    796  0.0000  0.0000  0.0000  0.0000  0.0000  0.0000  0.0000  0.0000  0.0000  0.0063  0.0138  0.0452  0.1482  0.3053  0.2802  0.1545  0.0465  0.0000  0.0000  0.0000  0.0000
  46   0.192    813  0.0000  0.0000  0.0000  0.0000  0.0000  0.0000  0.0000  0.0000  0.0000  0.0086  0.0185  0.0480  0.1513  0.2989  0.2780  0.1513  0.0455  0.0000  0.0000  0.0000  0.0000
  47   0.194    823  0.0000  0.0000  0.0000  0.0000  0.0000  0.0000  0.0000  0.0000  0.0000  0.0097  0.0194  0.0522  0.1507  0.2977  0.2758  0.1495  0.0450  0.0000  0.0000  0.0000  0.0000
  48   0.196    838  0.0000  0.0000  0.0000  0.0000  0.0000  0.0000  0.0000  0.0000  0.0000  0.0095  0.0227  0.0525  0.1551  0.2947  0.2745  0.1468  0.0442  0.0000  0.0000  0.0000  0.0000
  49   0.198    847  0.0000  0.0000  0.0000  0.0000  0.0000  0.0000  0.0000  0.0000  0.0000  0.0094  0.0224  0.0531  0.1582  0.2952  0.2727  0.1452  0.0437  0.0000  0.0000  0.0000  0.0000
  50   0.200    856  0.0000  0.0000  0.0000  0.0000  0.0000  0.0000  0.0000  0.0000  0.0000  0.0105  0.0245  0.0572  0.1589  0.2921  0.2699  0.1437  0.0432  0.0000  0.0000  0.0000  0.0000
