   VARIANT FREQ & VOL FRACT DISTRIB FOR TWIN MODE: 1
ISTEP STRAIN  #TWGR       1       2       3       4       5       6       1       2       3       4       5       6
   1   0.002      0  0.0000  0.0000  0.0000  0.0000  0.0000  0.0000  0.0000  0.0000  0.0000  0.0000  0.0000  0.0000
   2   0.004      0  0.0000  0.0000  0.0000  0.0000  0.0000  0.0000  0.0000  0.0000  0.0000  0.0000  0.0000  0.0000
   3   0.006      0  0.0000  0.0000  0.0000  0.0000  0.0000  0.0000  0.0000  0.0000  0.0000  0.0000  0.0000  0.0000
   4   0.008      0  0.0000  0.0000  0.0000  0.0000  0.0000  0.0000  0.0000  0.0000  0.0000  0.0000  0.0000  0.0000
   5   0.010      0  0.0000  0.0000  0.0000  0.0000  0.0000  0.0000  0.0000  0.0000  0.0000  0.0000  0.0000  0.0000
   6   0.012      0  0.0000  0.0000  0.0000  0.0000  0.0000  0.0000  0.0000  0.0000  0.0000  0.0000  0.0000  0.0000
   7   0.014      0  0.0000  0.0000  0.0000  0.0000  0.0000  0.0000  0.0000  0.0000  0.0000  0.0000  0.0000  0.0000
   8   0.016      0  0.0000  0.0000  0.0000  0.0000  0.0000  0.0000  0.0000  0.0000  0.0000  0.0000  0.0000  0.0000
   9   0.018      0  0.0000  0.0000  0.0000  0.0000  0.0000  0.0000  0.0000  0.0000  0.0000  0.0000  0.0000  0.0000
  10   0.020      0  0.0000  0.0000  0.0000  0.0000  0.0000  0.0000  0.0000  0.0000  0.0000  0.0000  0.0000  0.0000
  11   0.022      0  0.0000  0.0000  0.0000  0.0000  0.0000  0.0000  0.0000  0.0000  0.0000  0.0000  0.0000  0.0000
  12   0.024      0  0.0000  0.0000  0.0000  0.0000  0.0000  0.0000  0.0000  0.0000  0.0000  0.0000  0.0000  0.0000
  13   0.026      0  0.0000  0.0000  0.0000  0.0000  0.0000  0.0000  0.0000  0.0000  0.0000  0.0000  0.0000  0.0000
  14   0.028      0  0.0000  0.0000  0.0000  0.0000  0.0000  0.0000  0.0000  0.0000  0.0000  0.0000  0.0000  0.0000
  15   0.030      0  0.0000  0.0000  0.0000  0.0000  0.0000  0.0000  0.0000  0.0000  0.0000  0.0000  0.0000  0.0000
  16   0.032      0  0.0000  0.0000  0.0000  0.0000  0.0000  0.0000  0.0000  0.0000  0.0000  0.0000  0.0000  0.0000
  17   0.034      2  1.0000  0.0000  0.0000  0.0000  0.0000  0.0000  0.0006  0.0000  0.0000  0.0000  0.0000  0.0000
  18   0.036      4  1.0000  0.0000  0.0000  0.0000  0.0000  0.0000  0.0009  0.0000  0.0000  0.0000  0.0000  0.0000
  19   0.038      6  1.0000  0.0000  0.0000  0.0000  0.0000  0.0000  0.0023  0.0000  0.0000  0.0000  0.0000  0.0000
  20   0.040      7  1.0000  0.0000  0.0000  0.0000  0.0000  0.0000  0.0033  0.0000  0.0000  0.0000  0.0000  0.0000
  21   0.042      8  1.0000  0.0000  0.0000  0.0000  0.0000  0.0000  0.0046  0.0000  0.0000  0.0000  0.0000  0.0000
  22   0.044     14  0.7857  0.0714  0.1429  0.0000  0.0000  0.0000  0.0049  0.0011  0.0004  0.0000  0.0000  0.0000
  23   0.046     19  0.7368  0.1579  0.1053  0.0000  0.0000  0.0000  0.0053  0.0025  0.0004  0.0000  0.0000  0.0000
  24   0.048     24  0.7083  0.1667  0.1250  0.0000  0.0000  0.0000  0.0059  0.0028  0.0007  0.0000  0.0000  0.0000
  25   0.050     28  0.7143  0.1786  0.1071  0.0000  0.0000  0.0000  0.0080  0.0033  0.0007  0.0000  0.0000  0.0000
  26   0.052     34  0.7059  0.2059  0.0882  0.0000  0.0000  0.0000  0.0094  0.0044  0.0007  0.0000  0.0000  0.0000
  27   0.054     40  0.7000  0.2000  0.1000  0.0000  0.0000  0.0000  0.0120  0.0053  0.0015  0.0000  0.0000  0.0000
  28   0.056     46  0.7391  0.1739  0.0870  0.0000  0.0000  0.0000  0.0142  0.0053  0.0015  0.0000  0.0000  0.0000
  29   0.058     51  0.7647  0.1569  0.0784  0.0000  0.0000  0.0000  0.0178  0.0053  0.0015  0.0000  0.0000  0.0000
  30   0.060     58  0.7414  0.1724  0.0862  0.0000  0.0000  0.0000  0.0197  0.0059  0.0016  0.0000  0.0000  0.0000
  31   0.062     63  0.7460  0.1587  0.0794  0.0159  0.0000  0.0000  0.0228  0.0059  0.0016  0.0011  0.0000  0.0000
  32   0.064     73  0.7808  0.1370  0.0685  0.0137  0.0000  0.0000  0.0265  0.0059  0.0016  0.0011  0.0000  0.0000
  33   0.066     80  0.7875  0.1250  0.0750  0.0125  0.0000  0.0000  0.0305  0.0059  0.0019  0.0011  0.0000  0.0000
  34   0.068     97  0.8144  0.1031  0.0722  0.0103  0.0000  0.0000  0.0361  0.0059  0.0020  0.0011  0.0000  0.0000
  35   0.070    109  0.8257  0.1009  0.0642  0.0092  0.0000  0.0000  0.0416  0.0062  0.0020  0.0011  0.0000  0.0000
  36   0.072    118  0.8390  0.0932  0.0593  0.0085  0.0000  0.0000  0.0465  0.0062  0.0020  0.0011  0.0000  0.0000
  37   0.074    132  0.8409  0.0833  0.0606  0.0152  0.0000  0.0000  0.0508  0.0062  0.0021  0.0017  0.0000  0.0000
  38   0.076    139  0.8417  0.0863  0.0576  0.0144  0.0000  0.0000  0.0531  0.0074  0.0021  0.0017  0.0000  0.0000
  39   0.078    152  0.8355  0.0855  0.0658  0.0132  0.0000  0.0000  0.0566  0.0081  0.0035  0.0017  0.0000  0.0000
  40   0.080    165  0.8424  0.0848  0.0606  0.0121  0.0000  0.0000  0.0628  0.0082  0.0035  0.0017  0.0000  0.0000
  41   0.082    176  0.8523  0.0795  0.0568  0.0114  0.0000  0.0000  0.0673  0.0082  0.0035  0.0017  0.0000  0.0000
  42   0.084    187  0.8556  0.0749  0.0588  0.0107  0.0000  0.0000  0.0733  0.0082  0.0037  0.0017  0.0000  0.0000
  43   0.086    202  0.8564  0.0743  0.0545  0.0149  0.0000  0.0000  0.0783  0.0083  0.0037  0.0026  0.0000  0.0000
  44   0.088    211  0.8436  0.0806  0.0569  0.0190  0.0000  0.0000  0.0817  0.0099  0.0039  0.0034  0.0000  0.0000
  45   0.090    223  0.8341  0.0897  0.0583  0.0179  0.0000  0.0000  0.0845  0.0116  0.0048  0.0034  0.0000  0.0000
  46   0.092    233  0.8326  0.0901  0.0601  0.0172  0.0000  0.0000  0.0882  0.0121  0.0051  0.0034  0.0000  0.0000
  47   0.094    245  0.8367  0.0898  0.0571  0.0163  0.0000  0.0000  0.0927  0.0130  0.0051  0.0034  0.0000  0.0000
  48   0.096    259  0.8263  0.0888  0.0656  0.0193  0.0000  0.0000  0.0987  0.0133  0.0060  0.0044  0.0000  0.0000
  49   0.098    266  0.8120  0.0977  0.0677  0.0226  0.0000  0.0000  0.0998  0.0144  0.0067  0.0046  0.0000  0.0000
  50   0.100    276  0.8152  0.0978  0.0652  0.0217  0.0000  0.0000  0.1058  0.0157  0.0067  0.0046  0.0000  0.0000
   VARIANT FREQ & VOL FRACT DISTRIB FOR TWIN MODE: 1
ISTEP STRAIN  #TWGR       1       2       3       4       5       6       1       2       3       4       5       6
   1   0.102    288  0.8125  0.1007  0.0660  0.0208  0.0000  0.0000  0.1115  0.0168  0.0074  0.0046  0.0000  0.0000
   2   0.104    291  0.8144  0.0997  0.0653  0.0206  0.0000  0.0000  0.1120  0.0168  0.0074  0.0046  0.0000  0.0000
   3   0.106    295  0.8169  0.0983  0.0644  0.0203  0.0000  0.0000  0.1127  0.0168  0.0074  0.0046  0.0000  0.0000
   4   0.108    302  0.8113  0.1026  0.0662  0.0199  0.0000  0.0000  0.1141  0.0179  0.0077  0.0046  0.0000  0.0000
   5   0.110    307  0.8078  0.1042  0.0684  0.0195  0.0000  0.0000  0.1146  0.0187  0.0080  0.0046  0.0000  0.0000
   6   0.112    312  0.8045  0.1090  0.0673  0.0192  0.0000  0.0000  0.1169  0.0203  0.0080  0.0046  0.0000  0.0000
   7   0.114    318  0.8019  0.1101  0.0692  0.0189  0.0000  0.0000  0.1188  0.0206  0.0083  0.0046  0.0000  0.0000
   8   0.116    321  0.7975  0.1090  0.0748  0.0187  0.0000  0.0000  0.1189  0.0206  0.0096  0.0046  0.0000  0.0000
   9   0.118    328  0.7988  0.1098  0.0732  0.0183  0.0000  0.0000  0.1231  0.0209  0.0096  0.0046  0.0000  0.0000
  10   0.120    340  0.8029  0.1088  0.0706  0.0176  0.0000  0.0000  0.1280  0.0212  0.0096  0.0046  0.0000  0.0000
  11   0.122    348  0.8017  0.1121  0.0690  0.0172  0.0000  0.0000  0.1305  0.0231  0.0096  0.0046  0.0000  0.0000
  12   0.124    356  0.8006  0.1124  0.0674  0.0197  0.0000  0.0000  0.1333  0.0239  0.0096  0.0054  0.0000  0.0000
  13   0.126    367  0.8011  0.1117  0.0654  0.0218  0.0000  0.0000  0.1392  0.0242  0.0096  0.0065  0.0000  0.0000
  14   0.128    376  0.8005  0.1090  0.0691  0.0213  0.0000  0.0000  0.1438  0.0242  0.0111  0.0065  0.0000  0.0000
  15   0.130    390  0.8000  0.1103  0.0692  0.0205  0.0000  0.0000  0.1511  0.0249  0.0122  0.0065  0.0000  0.0000
  16   0.132    405  0.8025  0.1111  0.0667  0.0198  0.0000  0.0000  0.1620  0.0260  0.0122  0.0065  0.0000  0.0000
  17   0.134    415  0.7976  0.1157  0.0651  0.0217  0.0000  0.0000  0.1646  0.0277  0.0122  0.0068  0.0000  0.0000
  18   0.136    438  0.7945  0.1210  0.0616  0.0228  0.0000  0.0000  0.1744  0.0291  0.0122  0.0076  0.0000  0.0000
  19   0.138    458  0.7969  0.1179  0.0611  0.0240  0.0000  0.0000  0.1846  0.0303  0.0125  0.0079  0.0000  0.0000
  20   0.140    485  0.7959  0.1196  0.0598  0.0247  0.0000  0.0000  0.1960  0.0315  0.0133  0.0081  0.0000  0.0000
  21   0.142    499  0.7936  0.1222  0.0601  0.0240  0.0000  0.0000  0.2046  0.0324  0.0144  0.0081  0.0000  0.0000
  22   0.144    512  0.7969  0.1211  0.0586  0.0234  0.0000  0.0000  0.2133  0.0327  0.0144  0.0081  0.0000  0.0000
  23   0.146    524  0.7977  0.1202  0.0592  0.0229  0.0000  0.0000  0.2199  0.0329  0.0152  0.0081  0.0000  0.0000
  24   0.148    537  0.8026  0.1173  0.0577  0.0223  0.0000  0.0000  0.2284  0.0329  0.0152  0.0081  0.0000  0.0000
  25   0.150    547  0.8007  0.1170  0.0603  0.0219  0.0000  0.0000  0.2342  0.0341  0.0169  0.0081  0.0000  0.0000
  26   0.152    557  0.8007  0.1167  0.0610  0.0215  0.0000  0.0000  0.2421  0.0350  0.0179  0.0081  0.0000  0.0000
  27   0.154    567  0.8007  0.1182  0.0600  0.0212  0.0000  0.0000  0.2489  0.0367  0.0179  0.0081  0.0000  0.0000
  28   0.156    579  0.7979  0.1226  0.0587  0.0207  0.0000  0.0000  0.2563  0.0389  0.0179  0.0081  0.0000  0.0000
  29   0.158    598  0.7893  0.1338  0.0569  0.0201  0.0000  0.0000  0.2635  0.0415  0.0179  0.0081  0.0000  0.0000
  30   0.160    616  0.7906  0.1347  0.0552  0.0195  0.0000  0.0000  0.2727  0.0429  0.0179  0.0081  0.0000  0.0000
  31   0.162    627  0.7927  0.1324  0.0558  0.0191  0.0000  0.0000  0.2808  0.0429  0.0190  0.0081  0.0000  0.0000
  32   0.164    643  0.7947  0.1322  0.0544  0.0187  0.0000  0.0000  0.2892  0.0437  0.0190  0.0081  0.0000  0.0000
  33   0.166    654  0.7966  0.1315  0.0535  0.0183  0.0000  0.0000  0.2974  0.0452  0.0190  0.0081  0.0000  0.0000
  34   0.168    669  0.7997  0.1300  0.0523  0.0179  0.0000  0.0000  0.3065  0.0461  0.0190  0.0081  0.0000  0.0000
  35   0.170    682  0.7962  0.1320  0.0543  0.0176  0.0000  0.0000  0.3136  0.0485  0.0201  0.0081  0.0000  0.0000
  36   0.172    694  0.7968  0.1326  0.0533  0.0173  0.0000  0.0000  0.3219  0.0499  0.0201  0.0081  0.0000  0.0000
  37   0.174    703  0.7980  0.1323  0.0526  0.0171  0.0000  0.0000  0.3303  0.0510  0.0201  0.0081  0.0000  0.0000
  38   0.176    716  0.7975  0.1341  0.0517  0.0168  0.0000  0.0000  0.3382  0.0526  0.0201  0.0081  0.0000  0.0000
  39   0.178    727  0.7992  0.1334  0.0509  0.0165  0.0000  0.0000  0.3475  0.0536  0.0201  0.0081  0.0000  0.0000
  40   0.180    741  0.7976  0.1350  0.0513  0.0162  0.0000  0.0000  0.3563  0.0540  0.0203  0.0081  0.0000  0.0000
  41   0.182    755  0.8000  0.1338  0.0503  0.0159  0.0000  0.0000  0.3651  0.0544  0.0203  0.0081  0.0000  0.0000
  42   0.184    764  0.7997  0.1348  0.0497  0.0157  0.0000  0.0000  0.3719  0.0563  0.0203  0.0081  0.0000  0.0000
  43   0.186    774  0.7984  0.1370  0.0491  0.0155  0.0000  0.0000  0.3776  0.0602  0.0203  0.0081  0.0000  0.0000
  44   0.188    785  0.8013  0.1350  0.0484  0.0153  0.0000  0.0000  0.3859  0.0602  0.0203  0.0081  0.0000  0.0000
  45   0.190    796  0.8028  0.1344  0.0477  0.0151  0.0000  0.0000  0.3945  0.0611  0.0203  0.0081  0.0000  0.0000
  46   0.192    813  0.8007  0.1378  0.0467  0.0148  0.0000  0.0000  0.4002  0.0633  0.0203  0.0081  0.0000  0.0000
  47   0.194    823  0.8019  0.1373  0.0462  0.0146  0.0000  0.0000  0.4080  0.0644  0.0203  0.0081  0.0000  0.0000
  48   0.196    838  0.8031  0.1372  0.0453  0.0143  0.0000  0.0000  0.4151  0.0655  0.0203  0.0081  0.0000  0.0000
  49   0.198    847  0.8052  0.1358  0.0449  0.0142  0.0000  0.0000  0.4225  0.0655  0.0203  0.0081  0.0000  0.0000
  50   0.200    856  0.8037  0.1379  0.0444  0.0140  0.0000  0.0000  0.4284  0.0674  0.0203  0.0081  0.0000  0.0000
