tatat

  # of symmetry operations=  12
  symmetry matrices
  1  1.000  0.000  0.000  0.000  1.000  0.000  0.000  0.000  1.000
  2  0.500  0.866  0.000  0.866 -0.500  0.000  0.000  0.000  1.000
  3  0.500 -0.866  0.000  0.866  0.500  0.000  0.000  0.000  1.000
  4 -0.500  0.866  0.000  0.866  0.500  0.000  0.000  0.000  1.000
  5 -0.500 -0.866  0.000  0.866 -0.500  0.000  0.000  0.000  1.000
  6 -1.000 -0.000  0.000 -0.000  1.000  0.000  0.000  0.000  1.000
  7 -1.000  0.000  0.000 -0.000 -1.000  0.000  0.000  0.000  1.000
  8 -0.500 -0.866  0.000 -0.866  0.500  0.000  0.000  0.000  1.000
  9 -0.500  0.866  0.000 -0.866 -0.500  0.000  0.000  0.000  1.000
 10  0.500 -0.866  0.000 -0.866 -0.500  0.000  0.000  0.000  1.000
 11  0.500  0.866  0.000 -0.866  0.500  0.000  0.000  0.000  1.000
 12  1.000  0.000  0.000  0.000 -1.000  0.000  0.000  0.000  1.000
   8   next lines in POLE8.OUT is text
2022/11/17  15:36
h190m_1816.tex                                     1816
* HEXAGONAL crystal
 * PF not symmetrized
 * equal area projectn
* 36x 9 [phi,th] grid
*  5.0 degrees spread
* center smoothing= 0
 0 (line representation)
  1.00 (pole figure radious)
 0 (pole figure symmetrization)
 0 (direct pole figure)

    2    1  npoles,ntextures
  0  0  0  1     poles
  366   points in the circular section
    0.0000    0.0000    1.0400    0.0000    1.0000    0.9998    0.9994    0.9986
    0.9976    0.9962    0.9945    0.9925    0.9903    0.9877    0.9848    0.9816
    0.9781    0.9744    0.9703    0.9659    0.9613    0.9563    0.9511    0.9455
    0.9397    0.9336    0.9272    0.9205    0.9135    0.9063    0.8988    0.8910
    0.8829    0.8746    0.8660    0.8572    0.8480    0.8387    0.8290    0.8192
    0.8090    0.7986    0.7880    0.7771    0.7660    0.7547    0.7431    0.7314
    0.7193    0.7071    0.6947    0.6820    0.6691    0.6561    0.6428    0.6293
    0.6157    0.6018    0.5878    0.5736    0.5592    0.5446    0.5299    0.5150
    0.5000    0.4848    0.4695    0.4540    0.4384    0.4226    0.4067    0.3907
    0.3746    0.3584    0.3420    0.3256    0.3090    0.2924    0.2756    0.2588
    0.2419    0.2250    0.2079    0.1908    0.1736    0.1564    0.1392    0.1219
    0.1045    0.0872    0.0698    0.0523    0.0349    0.0175   -0.0000   -0.0175
   -0.0349   -0.0523   -0.0698   -0.0872   -0.1045   -0.1219   -0.1392   -0.1564
   -0.1736   -0.1908   -0.2079   -0.2250   -0.2419   -0.2588   -0.2756   -0.2924
   -0.3090   -0.3256   -0.3420   -0.3584   -0.3746   -0.3907   -0.4067   -0.4226
   -0.4384   -0.4540   -0.4695   -0.4848   -0.5000   -0.5150   -0.5299   -0.5446
   -0.5592   -0.5736   -0.5878   -0.6018   -0.6157   -0.6293   -0.6428   -0.6561
   -0.6691   -0.6820   -0.6947   -0.7071   -0.7193   -0.7314   -0.7431   -0.7547
   -0.7660   -0.7771   -0.7880   -0.7986   -0.8090   -0.8192   -0.8290   -0.8387
   -0.8480   -0.8572   -0.8660   -0.8746   -0.8829   -0.8910   -0.8988   -0.9063
   -0.9135   -0.9205   -0.9272   -0.9336   -0.9397   -0.9455   -0.9511   -0.9563
   -0.9613   -0.9659   -0.9703   -0.9744   -0.9781   -0.9816   -0.9848   -0.9877
   -0.9903   -0.9925   -0.9945   -0.9962   -0.9976   -0.9986   -0.9994   -0.9998
   -1.0000   -0.9998   -0.9994   -0.9986   -0.9976   -0.9962   -0.9945   -0.9925
   -0.9903   -0.9877   -0.9848   -0.9816   -0.9781   -0.9744   -0.9703   -0.9659
   -0.9613   -0.9563   -0.9511   -0.9455   -0.9397   -0.9336   -0.9272   -0.9205
   -0.9135   -0.9063   -0.8988   -0.8910   -0.8829   -0.8746   -0.8660   -0.8572
   -0.8480   -0.8387   -0.8290   -0.8192   -0.8090   -0.7986   -0.7880   -0.7771
   -0.7660   -0.7547   -0.7431   -0.7314   -0.7193   -0.7071   -0.6947   -0.6820
   -0.6691   -0.6561   -0.6428   -0.6293   -0.6157   -0.6018   -0.5878   -0.5736
   -0.5592   -0.5446   -0.5299   -0.5150   -0.5000   -0.4848   -0.4695   -0.4540
   -0.4384   -0.4226   -0.4067   -0.3907   -0.3746   -0.3584   -0.3420   -0.3256
   -0.3090   -0.2924   -0.2756   -0.2588   -0.2419   -0.2250   -0.2079   -0.1908
   -0.1736   -0.1564   -0.1392   -0.1219   -0.1045   -0.0872   -0.0698   -0.0523
   -0.0349   -0.0175    0.0000    0.0175    0.0349    0.0523    0.0698    0.0872
    0.1045    0.1219    0.1392    0.1564    0.1736    0.1908    0.2079    0.2250
    0.2419    0.2588    0.2756    0.2924    0.3090    0.3256    0.3420    0.3584
    0.3746    0.3907    0.4067    0.4226    0.4384    0.4540    0.4695    0.4848
    0.5000    0.5150    0.5299    0.5446    0.5592    0.5736    0.5878    0.6018
    0.6157    0.6293    0.6428    0.6561    0.6691    0.6820    0.6947    0.7071
    0.7193    0.7314    0.7431    0.7547    0.7660    0.7771    0.7880    0.7986
    0.8090    0.8192    0.8290    0.8387    0.8480    0.8572    0.8660    0.8746
    0.8829    0.8910    0.8988    0.9063    0.9135    0.9205    0.9272    0.9336
    0.9397    0.9455    0.9511    0.9563    0.9613    0.9659    0.9703    0.9744
    0.9781    0.9816    0.9848    0.9877    0.9903    0.9925    0.9945    0.9962
    0.9976    0.9986    0.9994    0.9998    1.0000    0.0000
    1.0400    0.0000    0.0000    0.0000    0.0000    0.0175    0.0349    0.0523
    0.0698    0.0872    0.1045    0.1219    0.1392    0.1564    0.1736    0.1908
    0.2079    0.2250    0.2419    0.2588    0.2756    0.2924    0.3090    0.3256
    0.3420    0.3584    0.3746    0.3907    0.4067    0.4226    0.4384    0.4540
    0.4695    0.4848    0.5000    0.5150    0.5299    0.5446    0.5592    0.5736
    0.5878    0.6018    0.6157    0.6293    0.6428    0.6561    0.6691    0.6820
    0.6947    0.7071    0.7193    0.7314    0.7431    0.7547    0.7660    0.7771
    0.7880    0.7986    0.8090    0.8192    0.8290    0.8387    0.8480    0.8572
    0.8660    0.8746    0.8829    0.8910    0.8988    0.9063    0.9135    0.9205
    0.9272    0.9336    0.9397    0.9455    0.9511    0.9563    0.9613    0.9659
    0.9703    0.9744    0.9781    0.9816    0.9848    0.9877    0.9903    0.9925
    0.9945    0.9962    0.9976    0.9986    0.9994    0.9998    1.0000    0.9998
    0.9994    0.9986    0.9976    0.9962    0.9945    0.9925    0.9903    0.9877
    0.9848    0.9816    0.9781    0.9744    0.9703    0.9659    0.9613    0.9563
    0.9511    0.9455    0.9397    0.9336    0.9272    0.9205    0.9135    0.9063
    0.8988    0.8910    0.8829    0.8746    0.8660    0.8572    0.8480    0.8387
    0.8290    0.8192    0.8090    0.7986    0.7880    0.7771    0.7660    0.7547
    0.7431    0.7314    0.7193    0.7071    0.6947    0.6820    0.6691    0.6561
    0.6428    0.6293    0.6157    0.6018    0.5878    0.5736    0.5592    0.5446
    0.5299    0.5150    0.5000    0.4848    0.4695    0.4540    0.4384    0.4226
    0.4067    0.3907    0.3746    0.3584    0.3420    0.3256    0.3090    0.2924
    0.2756    0.2588    0.2419    0.2250    0.2079    0.1908    0.1736    0.1564
    0.1392    0.1219    0.1045    0.0872    0.0698    0.0523    0.0349    0.0175
   -0.0000   -0.0175   -0.0349   -0.0523   -0.0698   -0.0872   -0.1045   -0.1219
   -0.1392   -0.1564   -0.1736   -0.1908   -0.2079   -0.2250   -0.2419   -0.2588
   -0.2756   -0.2924   -0.3090   -0.3256   -0.3420   -0.3584   -0.3746   -0.3907
   -0.4067   -0.4226   -0.4384   -0.4540   -0.4695   -0.4848   -0.5000   -0.5150
   -0.5299   -0.5446   -0.5592   -0.5736   -0.5878   -0.6018   -0.6157   -0.6293
   -0.6428   -0.6561   -0.6691   -0.6820   -0.6947   -0.7071   -0.7193   -0.7314
   -0.7431   -0.7547   -0.7660   -0.7771   -0.7880   -0.7986   -0.8090   -0.8192
   -0.8290   -0.8387   -0.8480   -0.8572   -0.8660   -0.8746   -0.8829   -0.8910
   -0.8988   -0.9063   -0.9135   -0.9205   -0.9272   -0.9336   -0.9397   -0.9455
   -0.9511   -0.9563   -0.9613   -0.9659   -0.9703   -0.9744   -0.9781   -0.9816
   -0.9848   -0.9877   -0.9903   -0.9925   -0.9945   -0.9962   -0.9976   -0.9986
   -0.9994   -0.9998   -1.0000   -0.9998   -0.9994   -0.9986   -0.9976   -0.9962
   -0.9945   -0.9925   -0.9903   -0.9877   -0.9848   -0.9816   -0.9781   -0.9744
   -0.9703   -0.9659   -0.9613   -0.9563   -0.9511   -0.9455   -0.9397   -0.9336
   -0.9272   -0.9205   -0.9135   -0.9063   -0.8988   -0.8910   -0.8829   -0.8746
   -0.8660   -0.8572   -0.8480   -0.8387   -0.8290   -0.8192   -0.8090   -0.7986
   -0.7880   -0.7771   -0.7660   -0.7547   -0.7431   -0.7314   -0.7193   -0.7071
   -0.6947   -0.6820   -0.6691   -0.6561   -0.6428   -0.6293   -0.6157   -0.6018
   -0.5878   -0.5736   -0.5592   -0.5446   -0.5299   -0.5150   -0.5000   -0.4848
   -0.4695   -0.4540   -0.4384   -0.4226   -0.4067   -0.3907   -0.3746   -0.3584
   -0.3420   -0.3256   -0.3090   -0.2924   -0.2756   -0.2588   -0.2419   -0.2250
   -0.2079   -0.1908   -0.1736   -0.1564   -0.1392   -0.1219   -0.1045   -0.0872
   -0.0698   -0.0523   -0.0349   -0.0175    0.0000    0.0000
    0  156   crosses
   -0.0915   -0.0308    0.0308    0.0915    0.0915    0.0308   -0.0308   -0.0915
   -0.2661   -0.1961   -0.1201   -0.0404    0.0404    0.1201    0.1961    0.2661
    0.2661    0.1961    0.1201    0.0404   -0.0404   -0.1201   -0.1961   -0.2661
   -0.4682   -0.4042   -0.3278   -0.2416   -0.1479   -0.0498    0.0498    0.1479
    0.2416    0.3278    0.4042    0.4682    0.4682    0.4042    0.3278    0.2416
    0.1479    0.0498   -0.0498   -0.1479   -0.2416   -0.3278   -0.4042   -0.4682
   -0.5534   -0.4777   -0.3875   -0.2855   -0.1749   -0.0589    0.0589    0.1749
    0.2855    0.3875    0.4777    0.5534    0.5534    0.4777    0.3875    0.2855
    0.1749    0.0589   -0.0589   -0.1749   -0.2855   -0.3875   -0.4777   -0.5534
   -0.7025   -0.6350   -0.5481   -0.4446   -0.3276   -0.2006   -0.0676    0.0676
    0.2006    0.3276    0.4446    0.5481    0.6350    0.7025    0.7025    0.6350
    0.5481    0.4446    0.3276    0.2006    0.0676   -0.0676   -0.2006   -0.3276
   -0.4446   -0.5481   -0.6350   -0.7025   -0.7881   -0.7123   -0.6149   -0.4987
   -0.3675   -0.2251   -0.0758    0.0758    0.2251    0.3675    0.4987    0.6149
    0.7123    0.7881    0.7881    0.7123    0.6149    0.4987    0.3675    0.2251
    0.0758   -0.0758   -0.2251   -0.3675   -0.4987   -0.6149   -0.7123   -0.7881
   -0.8683   -0.7848   -0.6775   -0.5495   -0.4049   -0.2480   -0.0835    0.0835
    0.2480    0.4049    0.5495    0.6775    0.7848    0.8683    0.8683    0.7848
    0.6775    0.5495    0.4049    0.2480    0.0835   -0.0835   -0.2480   -0.4049
   -0.5495   -0.6775   -0.7848   -0.8683
   -0.3416   -0.3523   -0.3523   -0.3416    0.3416    0.3523    0.3523    0.3416
   -0.3801   -0.4205   -0.4482   -0.4622   -0.4622   -0.4482   -0.4205   -0.3801
    0.3801    0.4205    0.4482    0.4622    0.4622    0.4482    0.4205    0.3801
   -0.3278   -0.4042   -0.4682   -0.5180   -0.5521   -0.5694   -0.5694   -0.5521
   -0.5180   -0.4682   -0.4042   -0.3278    0.3278    0.4042    0.4682    0.5180
    0.5521    0.5694    0.5694    0.5521    0.5180    0.4682    0.4042    0.3278
   -0.3875   -0.4777   -0.5534   -0.6123   -0.6526   -0.6730   -0.6730   -0.6526
   -0.6123   -0.5534   -0.4777   -0.3875    0.3875    0.4777    0.5534    0.6123
    0.6526    0.6730    0.6730    0.6526    0.6123    0.5534    0.4777    0.3875
   -0.3276   -0.4446   -0.5481   -0.6350   -0.7025   -0.7487   -0.7722   -0.7722
   -0.7487   -0.7025   -0.6350   -0.5481   -0.4446   -0.3276    0.3276    0.4446
    0.5481    0.6350    0.7025    0.7487    0.7722    0.7722    0.7487    0.7025
    0.6350    0.5481    0.4446    0.3276   -0.3675   -0.4987   -0.6149   -0.7123
   -0.7881   -0.8399   -0.8662   -0.8662   -0.8399   -0.7881   -0.7123   -0.6149
   -0.4987   -0.3675    0.3675    0.4987    0.6149    0.7123    0.7881    0.8399
    0.8662    0.8662    0.8399    0.7881    0.7123    0.6149    0.4987    0.3675
   -0.4049   -0.5495   -0.6775   -0.7848   -0.8683   -0.9255   -0.9545   -0.9545
   -0.9255   -0.8683   -0.7848   -0.6775   -0.5495   -0.4049    0.4049    0.5495
    0.6775    0.7848    0.8683    0.9255    0.9545    0.9545    0.9255    0.8683
    0.7848    0.6775    0.5495    0.4049
 max=  6.73
   xmax   ymax
  1.000 -0.000
  7  levels
  1    0.71
  2    1.00
  3    1.41
  4    2.00
  5    2.83
  6    4.00
  7    5.66
         4       145
   -0.1009   -0.1010   -0.1009   -0.1006   -0.1002   -0.0945   -0.0896   -0.0886
   -0.0874   -0.0854   -0.0833   -0.0816   -0.0797   -0.0801   -0.0801   -0.0778
   -0.0754   -0.0695   -0.0644   -0.0614   -0.0583   -0.0573   -0.0560   -0.0526
   -0.0491   -0.0456   -0.0422   -0.0384   -0.0345   -0.0309   -0.0274   -0.0233
   -0.0191   -0.0156   -0.0121   -0.0078   -0.0035   -0.0000    0.0035    0.0078
    0.0121    0.0156    0.0191    0.0233    0.0274    0.0309    0.0345    0.0384
    0.0422    0.0456    0.0491    0.0526    0.0560    0.0573    0.0583    0.0614
    0.0644    0.0695    0.0754    0.0778    0.0801    0.0801    0.0797    0.0816
    0.0833    0.0854    0.0874    0.0886    0.0896    0.0945    0.1002    0.1006
    0.1009    0.1010    0.1009    0.1006    0.1002    0.0945    0.0896    0.0886
    0.0874    0.0854    0.0833    0.0816    0.0797    0.0801    0.0801    0.0778
    0.0754    0.0695    0.0644    0.0614    0.0583    0.0573    0.0560    0.0526
    0.0491    0.0456    0.0422    0.0384    0.0345    0.0309    0.0274    0.0233
    0.0191    0.0156    0.0121    0.0078    0.0035   -0.0000   -0.0035   -0.0078
   -0.0121   -0.0156   -0.0191   -0.0233   -0.0274   -0.0309   -0.0345   -0.0384
   -0.0422   -0.0456   -0.0491   -0.0526   -0.0560   -0.0573   -0.0583   -0.0614
   -0.0644   -0.0695   -0.0754   -0.0778   -0.0801   -0.0801   -0.0797   -0.0816
   -0.0833   -0.0854   -0.0874   -0.0886   -0.0896   -0.0945   -0.1002   -0.1006
   -0.1009
    0.0051    0.0000   -0.0051   -0.0088   -0.0125   -0.0167   -0.0196   -0.0237
   -0.0278   -0.0311   -0.0341   -0.0381   -0.0419   -0.0462   -0.0511   -0.0545
   -0.0578   -0.0583   -0.0583   -0.0614   -0.0644   -0.0683   -0.0727   -0.0752
   -0.0775   -0.0790   -0.0804   -0.0822   -0.0840   -0.0849   -0.0858   -0.0870
   -0.0880   -0.0885   -0.0888   -0.0893   -0.0896   -0.0896   -0.0896   -0.0893
   -0.0888   -0.0885   -0.0880   -0.0870   -0.0858   -0.0849   -0.0840   -0.0822
   -0.0804   -0.0790   -0.0775   -0.0752   -0.0727   -0.0683   -0.0644   -0.0614
   -0.0583   -0.0583   -0.0578   -0.0545   -0.0511   -0.0462   -0.0419   -0.0381
   -0.0341   -0.0311   -0.0278   -0.0237   -0.0196   -0.0167   -0.0125   -0.0088
   -0.0051   -0.0000    0.0051    0.0088    0.0125    0.0167    0.0196    0.0237
    0.0278    0.0311    0.0341    0.0381    0.0419    0.0462    0.0511    0.0545
    0.0578    0.0583    0.0583    0.0614    0.0644    0.0683    0.0727    0.0752
    0.0775    0.0790    0.0804    0.0822    0.0840    0.0849    0.0858    0.0870
    0.0880    0.0885    0.0888    0.0893    0.0896    0.0896    0.0896    0.0893
    0.0888    0.0885    0.0880    0.0870    0.0858    0.0849    0.0840    0.0822
    0.0804    0.0790    0.0775    0.0752    0.0727    0.0683    0.0644    0.0614
    0.0583    0.0583    0.0578    0.0545    0.0511    0.0462    0.0419    0.0381
    0.0341    0.0311    0.0278    0.0237    0.0196    0.0167    0.0125    0.0088
    0.0051
         3       153
   -0.9670   -0.9285   -0.9265   -0.9245   -0.8841   -0.8587   -0.8417   -0.8384
   -0.8342   -0.7903   -0.7601   -0.7403   -0.7111   -0.6896   -0.6768   -0.6364
   -0.5984   -0.5886   -0.5875   -0.5859   -0.5344   -0.5002   -0.4808   -0.4234
   -0.4214   -0.4196   -0.4164   -0.3728   -0.3238   -0.3191   -0.3118   -0.2721
   -0.2337   -0.2153   -0.1981   -0.2031   -0.1833   -0.1824   -0.1822   -0.1819
   -0.1652   -0.1513   -0.1299   -0.1259   -0.1258   -0.1256   -0.1212   -0.1162
   -0.1159   -0.1155   -0.1137   -0.1123   -0.1415   -0.1391   -0.1210   -0.1070
   -0.0986   -0.0883   -0.0872   -0.0861   -0.0814   -0.0751   -0.0747   -0.0743
   -0.0648   -0.0551   -0.0545   -0.0538   -0.0439   -0.0339   -0.0331   -0.0323
   -0.0221   -0.0120   -0.0111   -0.0101   -0.0000    0.0101    0.0111    0.0120
    0.0221    0.0323    0.0331    0.0339    0.0439    0.0538    0.0545    0.0551
    0.0648    0.0743    0.0747    0.0751    0.0814    0.0861    0.0872    0.0883
    0.0986    0.1070    0.1210    0.1391    0.1415    0.1123    0.1137    0.1155
    0.1159    0.1162    0.1212    0.1256    0.1258    0.1259    0.1299    0.1513
    0.1652    0.1819    0.1822    0.1824    0.1833    0.2031    0.1981    0.2153
    0.2337    0.2721    0.3118    0.3191    0.3238    0.3728    0.4164    0.4196
    0.4214    0.4234    0.4808    0.5002    0.5344    0.5859    0.5875    0.5886
    0.5984    0.6364    0.6768    0.6896    0.7111    0.7403    0.7601    0.7903
    0.8342    0.8384    0.8417    0.8587    0.8841    0.9245    0.9265    0.9285
    0.9670
   -0.2547   -0.2446   -0.2440   -0.2433   -0.2353   -0.2301   -0.2311   -0.2308
   -0.2306   -0.2323   -0.2323   -0.2297   -0.2300   -0.2302   -0.2301   -0.2266
   -0.2178   -0.2154   -0.2153   -0.2151   -0.2027   -0.1989   -0.1996   -0.1974
   -0.1977   -0.1979   -0.1971   -0.1767   -0.1536   -0.1525   -0.1506   -0.1335
   -0.1161   -0.1108   -0.1018   -0.0947   -0.0677   -0.0668   -0.0663   -0.0655
   -0.0443   -0.0361   -0.0290   -0.0332   -0.0337   -0.0342   -0.0441   -0.0533
   -0.0540   -0.0548   -0.0656   -0.0714   -0.0900   -0.0974   -0.0885   -0.0791
   -0.0828   -0.0861   -0.0872   -0.0883   -0.0970   -0.1065   -0.1067   -0.1070
   -0.1122   -0.1165   -0.1168   -0.1171   -0.1206   -0.1233   -0.1235   -0.1237
   -0.1256   -0.1267   -0.1268   -0.1269   -0.1273   -0.1269   -0.1268   -0.1267
   -0.1256   -0.1237   -0.1235   -0.1233   -0.1206   -0.1171   -0.1168   -0.1165
   -0.1122   -0.1070   -0.1067   -0.1065   -0.0970   -0.0883   -0.0872   -0.0861
   -0.0828   -0.0791   -0.0885   -0.0974   -0.0900   -0.0714   -0.0656   -0.0548
   -0.0540   -0.0533   -0.0441   -0.0342   -0.0337   -0.0332   -0.0290   -0.0361
   -0.0443   -0.0655   -0.0663   -0.0668   -0.0677   -0.0947   -0.1018   -0.1108
   -0.1161   -0.1335   -0.1506   -0.1525   -0.1536   -0.1767   -0.1971   -0.1979
   -0.1977   -0.1974   -0.1996   -0.1989   -0.2027   -0.2151   -0.2153   -0.2154
   -0.2178   -0.2266   -0.2301   -0.2302   -0.2300   -0.2297   -0.2323   -0.2323
   -0.2306   -0.2308   -0.2311   -0.2301   -0.2353   -0.2433   -0.2440   -0.2446
   -0.2547
         3       153
    0.9670    0.9285    0.9265    0.9245    0.8841    0.8587    0.8417    0.8384
    0.8342    0.7903    0.7601    0.7403    0.7111    0.6896    0.6768    0.6364
    0.5984    0.5886    0.5875    0.5859    0.5344    0.5002    0.4808    0.4234
    0.4214    0.4196    0.4164    0.3728    0.3238    0.3191    0.3118    0.2721
    0.2337    0.2153    0.1981    0.2031    0.1833    0.1824    0.1822    0.1819
    0.1652    0.1513    0.1299    0.1259    0.1258    0.1256    0.1212    0.1162
    0.1159    0.1155    0.1137    0.1123    0.1415    0.1391    0.1210    0.1070
    0.0986    0.0883    0.0872    0.0861    0.0814    0.0751    0.0747    0.0743
    0.0648    0.0551    0.0545    0.0538    0.0439    0.0339    0.0331    0.0323
    0.0221    0.0120    0.0111    0.0101   -0.0000   -0.0101   -0.0111   -0.0120
   -0.0221   -0.0323   -0.0331   -0.0339   -0.0439   -0.0538   -0.0545   -0.0551
   -0.0648   -0.0743   -0.0747   -0.0751   -0.0814   -0.0861   -0.0872   -0.0883
   -0.0986   -0.1070   -0.1210   -0.1391   -0.1415   -0.1123   -0.1137   -0.1155
   -0.1159   -0.1162   -0.1212   -0.1256   -0.1258   -0.1259   -0.1299   -0.1513
   -0.1652   -0.1819   -0.1822   -0.1824   -0.1833   -0.2031   -0.1981   -0.2153
   -0.2337   -0.2721   -0.3118   -0.3191   -0.3238   -0.3728   -0.4164   -0.4196
   -0.4214   -0.4234   -0.4808   -0.5002   -0.5344   -0.5859   -0.5875   -0.5886
   -0.5984   -0.6364   -0.6768   -0.6896   -0.7111   -0.7403   -0.7601   -0.7903
   -0.8342   -0.8384   -0.8417   -0.8587   -0.8841   -0.9245   -0.9265   -0.9285
   -0.9670
    0.2547    0.2446    0.2440    0.2433    0.2353    0.2301    0.2311    0.2308
    0.2306    0.2323    0.2323    0.2297    0.2300    0.2302    0.2301    0.2266
    0.2178    0.2154    0.2153    0.2151    0.2027    0.1989    0.1996    0.1974
    0.1977    0.1979    0.1971    0.1767    0.1536    0.1525    0.1506    0.1335
    0.1161    0.1108    0.1018    0.0947    0.0677    0.0668    0.0663    0.0655
    0.0443    0.0361    0.0290    0.0332    0.0337    0.0342    0.0441    0.0533
    0.0540    0.0548    0.0656    0.0714    0.0900    0.0974    0.0885    0.0791
    0.0828    0.0861    0.0872    0.0883    0.0970    0.1065    0.1067    0.1070
    0.1122    0.1165    0.1168    0.1171    0.1206    0.1233    0.1235    0.1237
    0.1256    0.1267    0.1268    0.1269    0.1273    0.1269    0.1268    0.1267
    0.1256    0.1237    0.1235    0.1233    0.1206    0.1171    0.1168    0.1165
    0.1122    0.1070    0.1067    0.1065    0.0970    0.0883    0.0872    0.0861
    0.0828    0.0791    0.0885    0.0974    0.0900    0.0714    0.0656    0.0548
    0.0540    0.0533    0.0441    0.0342    0.0337    0.0332    0.0290    0.0361
    0.0443    0.0655    0.0663    0.0668    0.0677    0.0947    0.1018    0.1108
    0.1161    0.1335    0.1506    0.1525    0.1536    0.1767    0.1971    0.1979
    0.1977    0.1974    0.1996    0.1989    0.2027    0.2151    0.2153    0.2154
    0.2178    0.2266    0.2301    0.2302    0.2300    0.2297    0.2323    0.2323
    0.2306    0.2308    0.2311    0.2301    0.2353    0.2433    0.2440    0.2446
    0.2547
         2       105
   -0.9476   -0.9369   -0.9079   -0.8716   -0.8634   -0.8580   -0.8178   -0.8095
   -0.7760   -0.7713   -0.7659   -0.7230   -0.6917   -0.6731   -0.6449   -0.6208
   -0.6058   -0.5709   -0.5306   -0.5206   -0.5153   -0.4530   -0.4513   -0.4498
   -0.3814   -0.3805   -0.3791   -0.3557   -0.3179   -0.3152   -0.3130   -0.3013
   -0.2591   -0.2529   -0.2405   -0.2158   -0.1995   -0.1775   -0.1664   -0.1506
   -0.1458   -0.1383   -0.1166   -0.1049   -0.0908   -0.0721   -0.0661   -0.0619
   -0.0434   -0.0221   -0.0213   -0.0206   -0.0000    0.0206    0.0213    0.0221
    0.0434    0.0619    0.0661    0.0721    0.0908    0.1049    0.1166    0.1383
    0.1458    0.1506    0.1664    0.1775    0.1995    0.2158    0.2405    0.2529
    0.2591    0.3013    0.3130    0.3152    0.3179    0.3557    0.3791    0.3805
    0.3814    0.4498    0.4513    0.4530    0.5153    0.5206    0.5306    0.5709
    0.6058    0.6208    0.6449    0.6731    0.6917    0.7230    0.7659    0.7713
    0.7760    0.8095    0.8178    0.8580    0.8634    0.8716    0.9079    0.9369
    0.9476
   -0.3195   -0.3159   -0.3061   -0.3024   -0.3025   -0.3025   -0.2955   -0.2946
   -0.2903   -0.2891   -0.2876   -0.2795   -0.2776   -0.2750   -0.2704   -0.2665
   -0.2621   -0.2561   -0.2474   -0.2476   -0.2473   -0.2615   -0.2618   -0.2620
   -0.2671   -0.2673   -0.2675   -0.2673   -0.2629   -0.2625   -0.2626   -0.2631
   -0.2591   -0.2586   -0.2593   -0.2572   -0.2544   -0.2535   -0.2533   -0.2521
   -0.2525   -0.2529   -0.2500   -0.2494   -0.2494   -0.2480   -0.2467   -0.2466
   -0.2461   -0.2437   -0.2435   -0.2436   -0.2444   -0.2436   -0.2435   -0.2437
   -0.2461   -0.2466   -0.2467   -0.2480   -0.2494   -0.2494   -0.2500   -0.2529
   -0.2525   -0.2521   -0.2533   -0.2535   -0.2544   -0.2572   -0.2593   -0.2586
   -0.2591   -0.2631   -0.2626   -0.2625   -0.2629   -0.2673   -0.2675   -0.2673
   -0.2671   -0.2620   -0.2618   -0.2615   -0.2473   -0.2476   -0.2474   -0.2561
   -0.2621   -0.2665   -0.2704   -0.2750   -0.2776   -0.2795   -0.2876   -0.2891
   -0.2903   -0.2946   -0.2955   -0.3025   -0.3025   -0.3024   -0.3061   -0.3159
   -0.3195
         2       105
    0.9476    0.9369    0.9079    0.8716    0.8634    0.8580    0.8178    0.8095
    0.7760    0.7713    0.7659    0.7230    0.6917    0.6731    0.6449    0.6208
    0.6058    0.5709    0.5306    0.5206    0.5153    0.4530    0.4513    0.4498
    0.3814    0.3805    0.3791    0.3557    0.3179    0.3152    0.3130    0.3013
    0.2591    0.2529    0.2405    0.2158    0.1995    0.1775    0.1664    0.1506
    0.1458    0.1383    0.1166    0.1049    0.0908    0.0721    0.0661    0.0619
    0.0434    0.0221    0.0213    0.0206   -0.0000   -0.0206   -0.0213   -0.0221
   -0.0434   -0.0619   -0.0661   -0.0721   -0.0908   -0.1049   -0.1166   -0.1383
   -0.1458   -0.1506   -0.1664   -0.1775   -0.1995   -0.2158   -0.2405   -0.2529
   -0.2591   -0.3013   -0.3130   -0.3152   -0.3179   -0.3557   -0.3791   -0.3805
   -0.3814   -0.4498   -0.4513   -0.4530   -0.5153   -0.5206   -0.5306   -0.5709
   -0.6058   -0.6208   -0.6449   -0.6731   -0.6917   -0.7230   -0.7659   -0.7713
   -0.7760   -0.8095   -0.8178   -0.8580   -0.8634   -0.8716   -0.9079   -0.9369
   -0.9476
    0.3195    0.3159    0.3061    0.3024    0.3025    0.3025    0.2955    0.2946
    0.2903    0.2891    0.2876    0.2795    0.2776    0.2750    0.2704    0.2665
    0.2621    0.2561    0.2474    0.2476    0.2473    0.2615    0.2618    0.2620
    0.2671    0.2673    0.2675    0.2673    0.2629    0.2625    0.2626    0.2631
    0.2591    0.2586    0.2593    0.2572    0.2544    0.2535    0.2533    0.2521
    0.2525    0.2529    0.2500    0.2494    0.2494    0.2480    0.2467    0.2466
    0.2461    0.2437    0.2435    0.2436    0.2444    0.2436    0.2435    0.2437
    0.2461    0.2466    0.2467    0.2480    0.2494    0.2494    0.2500    0.2529
    0.2525    0.2521    0.2533    0.2535    0.2544    0.2572    0.2593    0.2586
    0.2591    0.2631    0.2626    0.2625    0.2629    0.2673    0.2675    0.2673
    0.2671    0.2620    0.2618    0.2615    0.2473    0.2476    0.2474    0.2561
    0.2621    0.2665    0.2704    0.2750    0.2776    0.2795    0.2876    0.2891
    0.2903    0.2946    0.2955    0.3025    0.3025    0.3024    0.3061    0.3159
    0.3195
         4        65
   -0.9717   -0.9419   -0.9309   -0.9197   -0.8888   -0.8545   -0.8445   -0.8333
   -0.7997   -0.7610   -0.7523   -0.7421   -0.7047   -0.6564   -0.6535   -0.6498
   -0.6056   -0.5578   -0.5537   -0.5468   -0.5033   -0.4855   -0.4519   -0.4469
   -0.4431   -0.4393   -0.4054   -0.4024   -0.4018   -0.4004   -0.3802   -0.3813
   -0.3817   -0.3813   -0.3802   -0.4004   -0.4018   -0.4024   -0.4054   -0.4393
   -0.4431   -0.4469   -0.4519   -0.4855   -0.5033   -0.5468   -0.5537   -0.5578
   -0.6056   -0.6498   -0.6535   -0.6564   -0.7047   -0.7421   -0.7523   -0.7610
   -0.7997   -0.8333   -0.8445   -0.8545   -0.8888   -0.9197   -0.9309   -0.9419
   -0.9717
    0.2364    0.2292    0.2265    0.2225    0.2171    0.2107    0.2071    0.2026
    0.1972    0.1905    0.1868    0.1829    0.1788    0.1724    0.1712    0.1689
    0.1575    0.1451    0.1418    0.1388    0.1329    0.1301    0.1245    0.1245
    0.1223    0.1177    0.0763    0.0733    0.0708    0.0663    0.0333    0.0181
    0.0000   -0.0181   -0.0333   -0.0663   -0.0708   -0.0733   -0.0763   -0.1177
   -0.1223   -0.1245   -0.1245   -0.1301   -0.1329   -0.1388   -0.1418   -0.1451
   -0.1575   -0.1689   -0.1712   -0.1724   -0.1788   -0.1829   -0.1868   -0.1905
   -0.1972   -0.2026   -0.2071   -0.2107   -0.2171   -0.2225   -0.2265   -0.2292
   -0.2364
         1        97
    0.9243    0.9057    0.8856    0.8658    0.8436    0.8200    0.8002    0.7845
    0.7554    0.7212    0.7087    0.6999    0.6596    0.6533    0.6193    0.6000
    0.5443    0.5423    0.5417    0.5405    0.4839    0.4643    0.4437    0.4088
    0.3971    0.3892    0.3380    0.3298    0.3284    0.3262    0.2787    0.2666
    0.2442    0.2327    0.2068    0.1938    0.1703    0.1563    0.1488    0.1226
    0.1098    0.0935    0.0899    0.0852    0.0594    0.0389    0.0293    0.0190
   -0.0000   -0.0190   -0.0293   -0.0389   -0.0594   -0.0852   -0.0899   -0.0935
   -0.1098   -0.1226   -0.1488   -0.1563   -0.1703   -0.1938   -0.2068   -0.2327
   -0.2442   -0.2666   -0.2787   -0.3262   -0.3284   -0.3298   -0.3380   -0.3892
   -0.3971   -0.4088   -0.4437   -0.4643   -0.4839   -0.5405   -0.5417   -0.5423
   -0.5443   -0.6000   -0.6193   -0.6533   -0.6596   -0.6999   -0.7087   -0.7212
   -0.7554   -0.7845   -0.8002   -0.8200   -0.8436   -0.8658   -0.8856   -0.9057
   -0.9243
   -0.3816   -0.3739   -0.3656   -0.3623   -0.3540   -0.3450   -0.3403   -0.3376
   -0.3284   -0.3170   -0.3139   -0.3130   -0.3059   -0.3046   -0.3107   -0.3104
   -0.3121   -0.3122   -0.3122   -0.3120   -0.3043   -0.3076   -0.3107   -0.3223
   -0.3254   -0.3265   -0.3298   -0.3298   -0.3300   -0.3299   -0.3321   -0.3315
   -0.3324   -0.3323   -0.3348   -0.3358   -0.3361   -0.3351   -0.3362   -0.3367
   -0.3362   -0.3354   -0.3353   -0.3358   -0.3367   -0.3360   -0.3355   -0.3362
   -0.3367   -0.3362   -0.3355   -0.3360   -0.3367   -0.3358   -0.3353   -0.3354
   -0.3362   -0.3367   -0.3362   -0.3351   -0.3361   -0.3358   -0.3348   -0.3323
   -0.3324   -0.3315   -0.3321   -0.3299   -0.3300   -0.3298   -0.3298   -0.3265
   -0.3254   -0.3223   -0.3107   -0.3076   -0.3043   -0.3120   -0.3122   -0.3122
   -0.3121   -0.3104   -0.3107   -0.3046   -0.3059   -0.3130   -0.3139   -0.3170
   -0.3284   -0.3376   -0.3403   -0.3450   -0.3540   -0.3623   -0.3656   -0.3739
   -0.3816
         4        65
    0.9717    0.9419    0.9309    0.9197    0.8888    0.8545    0.8445    0.8333
    0.7997    0.7610    0.7523    0.7421    0.7047    0.6564    0.6535    0.6498
    0.6056    0.5578    0.5537    0.5468    0.5033    0.4855    0.4519    0.4469
    0.4431    0.4393    0.4054    0.4024    0.4018    0.4004    0.3802    0.3813
    0.3817    0.3813    0.3802    0.4004    0.4018    0.4024    0.4054    0.4393
    0.4431    0.4469    0.4519    0.4855    0.5033    0.5468    0.5537    0.5578
    0.6056    0.6498    0.6535    0.6564    0.7047    0.7421    0.7523    0.7610
    0.7997    0.8333    0.8445    0.8545    0.8888    0.9197    0.9309    0.9419
    0.9717
   -0.2364   -0.2292   -0.2265   -0.2225   -0.2171   -0.2107   -0.2071   -0.2026
   -0.1972   -0.1905   -0.1868   -0.1829   -0.1788   -0.1724   -0.1712   -0.1689
   -0.1575   -0.1451   -0.1418   -0.1388   -0.1329   -0.1301   -0.1245   -0.1245
   -0.1223   -0.1177   -0.0763   -0.0733   -0.0708   -0.0663   -0.0333   -0.0181
   -0.0000    0.0181    0.0333    0.0663    0.0708    0.0733    0.0763    0.1177
    0.1223    0.1245    0.1245    0.1301    0.1329    0.1388    0.1418    0.1451
    0.1575    0.1689    0.1712    0.1724    0.1788    0.1829    0.1868    0.1905
    0.1972    0.2026    0.2071    0.2107    0.2171    0.2225    0.2265    0.2292
    0.2364
         1        97
   -0.9243   -0.9057   -0.8856   -0.8658   -0.8436   -0.8200   -0.8002   -0.7845
   -0.7554   -0.7212   -0.7087   -0.6999   -0.6596   -0.6533   -0.6193   -0.6000
   -0.5443   -0.5423   -0.5417   -0.5405   -0.4839   -0.4643   -0.4437   -0.4088
   -0.3971   -0.3892   -0.3380   -0.3298   -0.3284   -0.3262   -0.2787   -0.2666
   -0.2442   -0.2327   -0.2068   -0.1938   -0.1703   -0.1563   -0.1488   -0.1226
   -0.1098   -0.0935   -0.0899   -0.0852   -0.0594   -0.0389   -0.0293   -0.0190
   -0.0000    0.0190    0.0293    0.0389    0.0594    0.0852    0.0899    0.0935
    0.1098    0.1226    0.1488    0.1563    0.1703    0.1938    0.2068    0.2327
    0.2442    0.2666    0.2787    0.3262    0.3284    0.3298    0.3380    0.3892
    0.3971    0.4088    0.4437    0.4643    0.4839    0.5405    0.5417    0.5423
    0.5443    0.6000    0.6193    0.6533    0.6596    0.6999    0.7087    0.7212
    0.7554    0.7845    0.8002    0.8200    0.8436    0.8658    0.8856    0.9057
    0.9243
    0.3816    0.3739    0.3656    0.3623    0.3540    0.3450    0.3403    0.3376
    0.3284    0.3170    0.3139    0.3130    0.3059    0.3046    0.3107    0.3104
    0.3121    0.3122    0.3122    0.3120    0.3043    0.3076    0.3107    0.3223
    0.3254    0.3265    0.3298    0.3298    0.3300    0.3299    0.3321    0.3315
    0.3324    0.3323    0.3348    0.3358    0.3361    0.3351    0.3362    0.3367
    0.3362    0.3354    0.3353    0.3358    0.3367    0.3360    0.3355    0.3362
    0.3367    0.3362    0.3355    0.3360    0.3367    0.3358    0.3353    0.3354
    0.3362    0.3367    0.3362    0.3351    0.3361    0.3358    0.3348    0.3323
    0.3324    0.3315    0.3321    0.3299    0.3300    0.3298    0.3298    0.3265
    0.3254    0.3223    0.3107    0.3076    0.3043    0.3120    0.3122    0.3122
    0.3121    0.3104    0.3107    0.3046    0.3059    0.3130    0.3139    0.3170
    0.3284    0.3376    0.3403    0.3450    0.3540    0.3623    0.3656    0.3739
    0.3816
         5        47
   -0.9776   -0.9602   -0.9366   -0.9120   -0.8947   -0.8758   -0.8507   -0.8219
   -0.8064   -0.7889   -0.7596   -0.7243   -0.7131   -0.6991   -0.6634   -0.6305
   -0.6197   -0.6171   -0.6038   -0.5676   -0.5531   -0.5275   -0.5295   -0.5295
   -0.5295   -0.5275   -0.5531   -0.5676   -0.6038   -0.6171   -0.6197   -0.6305
   -0.6634   -0.6991   -0.7131   -0.7243   -0.7596   -0.7889   -0.8064   -0.8219
   -0.8507   -0.8758   -0.8947   -0.9120   -0.9366   -0.9602   -0.9776
    0.2105    0.2068    0.2017    0.1938    0.1912    0.1883    0.1802    0.1697
    0.1678    0.1655    0.1542    0.1425    0.1418    0.1408    0.1277    0.1112
    0.1061    0.1036    0.0908    0.0673    0.0631    0.0461    0.0078    0.0000
   -0.0078   -0.0461   -0.0631   -0.0673   -0.0908   -0.1036   -0.1061   -0.1112
   -0.1277   -0.1408   -0.1418   -0.1425   -0.1542   -0.1655   -0.1678   -0.1697
   -0.1802   -0.1883   -0.1912   -0.1938   -0.2017   -0.2068   -0.2105
         5        47
    0.9776    0.9602    0.9366    0.9120    0.8947    0.8758    0.8507    0.8219
    0.8064    0.7889    0.7596    0.7243    0.7131    0.6991    0.6634    0.6305
    0.6197    0.6171    0.6038    0.5676    0.5531    0.5275    0.5295    0.5295
    0.5295    0.5275    0.5531    0.5676    0.6038    0.6171    0.6197    0.6305
    0.6634    0.6991    0.7131    0.7243    0.7596    0.7889    0.8064    0.8219
    0.8507    0.8758    0.8947    0.9120    0.9366    0.9602    0.9776
   -0.2105   -0.2068   -0.2017   -0.1938   -0.1912   -0.1883   -0.1802   -0.1697
   -0.1678   -0.1655   -0.1542   -0.1425   -0.1418   -0.1408   -0.1277   -0.1112
   -0.1061   -0.1036   -0.0908   -0.0673   -0.0631   -0.0461   -0.0078   -0.0000
    0.0078    0.0461    0.0631    0.0673    0.0908    0.1036    0.1061    0.1112
    0.1277    0.1408    0.1418    0.1425    0.1542    0.1655    0.1678    0.1697
    0.1802    0.1883    0.1912    0.1938    0.2017    0.2068    0.2105
         6        39
   -0.9848   -0.9847   -0.9435   -0.9421   -0.9037   -0.9017   -0.8991   -0.8579
   -0.8224   -0.8140   -0.7997   -0.7676   -0.7423   -0.7216   -0.6793   -0.6724
   -0.6681   -0.6619   -0.6630   -0.6645   -0.6630   -0.6619   -0.6681   -0.6724
   -0.6793   -0.7216   -0.7423   -0.7676   -0.7997   -0.8140   -0.8224   -0.8579
   -0.8991   -0.9017   -0.9037   -0.9421   -0.9435   -0.9847   -0.9848
    0.1738    0.1738    0.1665    0.1661    0.1555    0.1546    0.1533    0.1418
    0.1308    0.1259    0.1179    0.1077    0.1009    0.0890    0.0674    0.0657
    0.0639    0.0579    0.0447    0.0000   -0.0447   -0.0579   -0.0639   -0.0657
   -0.0674   -0.0890   -0.1009   -0.1077   -0.1179   -0.1259   -0.1308   -0.1418
   -0.1533   -0.1546   -0.1555   -0.1661   -0.1665   -0.1738   -0.1738
         6        39
    0.9848    0.9847    0.9435    0.9421    0.9037    0.9017    0.8991    0.8579
    0.8224    0.8140    0.7997    0.7676    0.7423    0.7216    0.6793    0.6724
    0.6681    0.6619    0.6630    0.6645    0.6630    0.6619    0.6681    0.6724
    0.6793    0.7216    0.7423    0.7676    0.7997    0.8140    0.8224    0.8579
    0.8991    0.9017    0.9037    0.9421    0.9435    0.9847    0.9848
   -0.1738   -0.1738   -0.1665   -0.1661   -0.1555   -0.1546   -0.1533   -0.1418
   -0.1308   -0.1259   -0.1179   -0.1077   -0.1009   -0.0890   -0.0674   -0.0657
   -0.0639   -0.0579   -0.0447   -0.0000    0.0447    0.0579    0.0639    0.0657
    0.0674    0.0890    0.1009    0.1077    0.1179    0.1259    0.1308    0.1418
    0.1533    0.1546    0.1555    0.1661    0.1665    0.1738    0.1738
         7        21
   -0.9926   -0.9676   -0.9510   -0.9354   -0.9092   -0.8724   -0.8652   -0.8592
   -0.8355   -0.8384   -0.8387   -0.8384   -0.8355   -0.8592   -0.8652   -0.8724
   -0.9092   -0.9354   -0.9510   -0.9676   -0.9926
    0.1213    0.1182    0.1162    0.1127    0.1021    0.0885    0.0870    0.0855
    0.0731    0.0236    0.0000   -0.0236   -0.0731   -0.0855   -0.0870   -0.0885
   -0.1021   -0.1127   -0.1162   -0.1182   -0.1213
         7        21
    0.9926    0.9676    0.9510    0.9354    0.9092    0.8724    0.8652    0.8592
    0.8355    0.8384    0.8387    0.8384    0.8355    0.8592    0.8652    0.8724
    0.9092    0.9354    0.9510    0.9676    0.9926
   -0.1213   -0.1182   -0.1162   -0.1127   -0.1021   -0.0885   -0.0870   -0.0855
   -0.0731   -0.0236   -0.0000    0.0236    0.0731    0.0855    0.0870    0.0885
    0.1021    0.1127    0.1162    0.1182    0.1213
    999    999
  1  0 -1  0     poles
  366   points in the circular section
    2.4000    2.4000    3.4400    2.4000    3.4000    3.3998    3.3994    3.3986
    3.3976    3.3962    3.3945    3.3925    3.3903    3.3877    3.3848    3.3816
    3.3781    3.3744    3.3703    3.3659    3.3613    3.3563    3.3511    3.3455
    3.3397    3.3336    3.3272    3.3205    3.3135    3.3063    3.2988    3.2910
    3.2829    3.2746    3.2660    3.2572    3.2480    3.2387    3.2290    3.2192
    3.2090    3.1986    3.1880    3.1771    3.1660    3.1547    3.1431    3.1314
    3.1193    3.1071    3.0947    3.0820    3.0691    3.0561    3.0428    3.0293
    3.0157    3.0018    2.9878    2.9736    2.9592    2.9446    2.9299    2.9150
    2.9000    2.8848    2.8695    2.8540    2.8384    2.8226    2.8067    2.7907
    2.7746    2.7584    2.7420    2.7256    2.7090    2.6924    2.6756    2.6588
    2.6419    2.6250    2.6079    2.5908    2.5736    2.5564    2.5392    2.5219
    2.5045    2.4872    2.4698    2.4523    2.4349    2.4175    2.4000    2.3825
    2.3651    2.3477    2.3302    2.3128    2.2955    2.2781    2.2608    2.2436
    2.2264    2.2092    2.1921    2.1750    2.1581    2.1412    2.1244    2.1076
    2.0910    2.0744    2.0580    2.0416    2.0254    2.0093    1.9933    1.9774
    1.9616    1.9460    1.9305    1.9152    1.9000    1.8850    1.8701    1.8554
    1.8408    1.8264    1.8122    1.7982    1.7843    1.7707    1.7572    1.7439
    1.7309    1.7180    1.7053    1.6929    1.6807    1.6686    1.6569    1.6453
    1.6340    1.6229    1.6120    1.6014    1.5910    1.5808    1.5710    1.5613
    1.5520    1.5428    1.5340    1.5254    1.5171    1.5090    1.5012    1.4937
    1.4865    1.4795    1.4728    1.4664    1.4603    1.4545    1.4489    1.4437
    1.4387    1.4341    1.4297    1.4256    1.4219    1.4184    1.4152    1.4123
    1.4097    1.4075    1.4055    1.4038    1.4024    1.4014    1.4006    1.4002
    1.4000    1.4002    1.4006    1.4014    1.4024    1.4038    1.4055    1.4075
    1.4097    1.4123    1.4152    1.4184    1.4219    1.4256    1.4297    1.4341
    1.4387    1.4437    1.4489    1.4545    1.4603    1.4664    1.4728    1.4795
    1.4865    1.4937    1.5012    1.5090    1.5171    1.5254    1.5340    1.5428
    1.5520    1.5613    1.5710    1.5808    1.5910    1.6014    1.6120    1.6229
    1.6340    1.6453    1.6569    1.6686    1.6807    1.6929    1.7053    1.7180
    1.7309    1.7439    1.7572    1.7707    1.7843    1.7982    1.8122    1.8264
    1.8408    1.8554    1.8701    1.8850    1.9000    1.9152    1.9305    1.9460
    1.9616    1.9774    1.9933    2.0093    2.0254    2.0416    2.0580    2.0744
    2.0910    2.1076    2.1244    2.1412    2.1581    2.1750    2.1921    2.2092
    2.2264    2.2436    2.2608    2.2781    2.2955    2.3128    2.3302    2.3477
    2.3651    2.3825    2.4000    2.4175    2.4349    2.4523    2.4698    2.4872
    2.5045    2.5219    2.5392    2.5564    2.5736    2.5908    2.6079    2.6250
    2.6419    2.6588    2.6756    2.6924    2.7090    2.7256    2.7420    2.7584
    2.7746    2.7907    2.8067    2.8226    2.8384    2.8540    2.8695    2.8848
    2.9000    2.9150    2.9299    2.9446    2.9592    2.9736    2.9878    3.0018
    3.0157    3.0293    3.0428    3.0561    3.0691    3.0820    3.0947    3.1071
    3.1193    3.1314    3.1431    3.1547    3.1660    3.1771    3.1880    3.1986
    3.2090    3.2192    3.2290    3.2387    3.2480    3.2572    3.2660    3.2746
    3.2829    3.2910    3.2988    3.3063    3.3135    3.3205    3.3272    3.3336
    3.3397    3.3455    3.3511    3.3563    3.3613    3.3659    3.3703    3.3744
    3.3781    3.3816    3.3848    3.3877    3.3903    3.3925    3.3945    3.3962
    3.3976    3.3986    3.3994    3.3998    3.4000    2.4000
    1.0400    0.0000    0.0000    0.0000    0.0000    0.0175    0.0349    0.0523
    0.0698    0.0872    0.1045    0.1219    0.1392    0.1564    0.1736    0.1908
    0.2079    0.2250    0.2419    0.2588    0.2756    0.2924    0.3090    0.3256
    0.3420    0.3584    0.3746    0.3907    0.4067    0.4226    0.4384    0.4540
    0.4695    0.4848    0.5000    0.5150    0.5299    0.5446    0.5592    0.5736
    0.5878    0.6018    0.6157    0.6293    0.6428    0.6561    0.6691    0.6820
    0.6947    0.7071    0.7193    0.7314    0.7431    0.7547    0.7660    0.7771
    0.7880    0.7986    0.8090    0.8192    0.8290    0.8387    0.8480    0.8572
    0.8660    0.8746    0.8829    0.8910    0.8988    0.9063    0.9135    0.9205
    0.9272    0.9336    0.9397    0.9455    0.9511    0.9563    0.9613    0.9659
    0.9703    0.9744    0.9781    0.9816    0.9848    0.9877    0.9903    0.9925
    0.9945    0.9962    0.9976    0.9986    0.9994    0.9998    1.0000    0.9998
    0.9994    0.9986    0.9976    0.9962    0.9945    0.9925    0.9903    0.9877
    0.9848    0.9816    0.9781    0.9744    0.9703    0.9659    0.9613    0.9563
    0.9511    0.9455    0.9397    0.9336    0.9272    0.9205    0.9135    0.9063
    0.8988    0.8910    0.8829    0.8746    0.8660    0.8572    0.8480    0.8387
    0.8290    0.8192    0.8090    0.7986    0.7880    0.7771    0.7660    0.7547
    0.7431    0.7314    0.7193    0.7071    0.6947    0.6820    0.6691    0.6561
    0.6428    0.6293    0.6157    0.6018    0.5878    0.5736    0.5592    0.5446
    0.5299    0.5150    0.5000    0.4848    0.4695    0.4540    0.4384    0.4226
    0.4067    0.3907    0.3746    0.3584    0.3420    0.3256    0.3090    0.2924
    0.2756    0.2588    0.2419    0.2250    0.2079    0.1908    0.1736    0.1564
    0.1392    0.1219    0.1045    0.0872    0.0698    0.0523    0.0349    0.0175
   -0.0000   -0.0175   -0.0349   -0.0523   -0.0698   -0.0872   -0.1045   -0.1219
   -0.1392   -0.1564   -0.1736   -0.1908   -0.2079   -0.2250   -0.2419   -0.2588
   -0.2756   -0.2924   -0.3090   -0.3256   -0.3420   -0.3584   -0.3746   -0.3907
   -0.4067   -0.4226   -0.4384   -0.4540   -0.4695   -0.4848   -0.5000   -0.5150
   -0.5299   -0.5446   -0.5592   -0.5736   -0.5878   -0.6018   -0.6157   -0.6293
   -0.6428   -0.6561   -0.6691   -0.6820   -0.6947   -0.7071   -0.7193   -0.7314
   -0.7431   -0.7547   -0.7660   -0.7771   -0.7880   -0.7986   -0.8090   -0.8192
   -0.8290   -0.8387   -0.8480   -0.8572   -0.8660   -0.8746   -0.8829   -0.8910
   -0.8988   -0.9063   -0.9135   -0.9205   -0.9272   -0.9336   -0.9397   -0.9455
   -0.9511   -0.9563   -0.9613   -0.9659   -0.9703   -0.9744   -0.9781   -0.9816
   -0.9848   -0.9877   -0.9903   -0.9925   -0.9945   -0.9962   -0.9976   -0.9986
   -0.9994   -0.9998   -1.0000   -0.9998   -0.9994   -0.9986   -0.9976   -0.9962
   -0.9945   -0.9925   -0.9903   -0.9877   -0.9848   -0.9816   -0.9781   -0.9744
   -0.9703   -0.9659   -0.9613   -0.9563   -0.9511   -0.9455   -0.9397   -0.9336
   -0.9272   -0.9205   -0.9135   -0.9063   -0.8988   -0.8910   -0.8829   -0.8746
   -0.8660   -0.8572   -0.8480   -0.8387   -0.8290   -0.8192   -0.8090   -0.7986
   -0.7880   -0.7771   -0.7660   -0.7547   -0.7431   -0.7314   -0.7193   -0.7071
   -0.6947   -0.6820   -0.6691   -0.6561   -0.6428   -0.6293   -0.6157   -0.6018
   -0.5878   -0.5736   -0.5592   -0.5446   -0.5299   -0.5150   -0.5000   -0.4848
   -0.4695   -0.4540   -0.4384   -0.4226   -0.4067   -0.3907   -0.3746   -0.3584
   -0.3420   -0.3256   -0.3090   -0.2924   -0.2756   -0.2588   -0.2419   -0.2250
   -0.2079   -0.1908   -0.1736   -0.1564   -0.1392   -0.1219   -0.1045   -0.0872
   -0.0698   -0.0523   -0.0349   -0.0175    0.0000    0.0000
    0  178   crosses
    2.2674    2.2715    2.2794    2.2910    2.3237    2.3438    2.3656    2.3884
    2.4116    2.4344    2.4562    2.4763    2.4941    2.5090    2.5206    2.5285
    2.5326    2.5326    2.5285    2.5206    2.5090    2.4941    2.4763    2.4562
    2.4344    2.4116    2.3884    2.3656    2.3438    2.3237    2.2910    2.2794
    2.2715    2.2674    2.1588    2.1661    2.1805    2.2016    2.2611    2.5389
    2.5712    2.5984    2.6195    2.6339    2.6412    2.6412    2.6339    2.6195
    2.5984    2.5712    2.5389    2.2611    2.2016    2.1805    2.1661    2.1588
    2.0477    2.0584    2.0795    2.6897    2.7205    2.7416    2.7523    2.7523
    2.7416    2.7205    2.6897    2.0795    2.0584    2.0477    1.9378    1.9518
    1.9795    2.8205    2.8482    2.8622    2.8622    2.8482    2.8205    1.9795
    1.9518    1.9378    1.8306    1.8479    2.1584    2.2521    2.3502    2.4498
    2.9521    2.9694    2.9694    2.9521    2.4498    2.3502    2.2521    2.1584
    1.8479    1.8306    1.7270    1.7474    2.1145    2.2251    2.4589    2.5749
    2.6855    3.0526    3.0730    3.0730    3.0526    2.6855    2.5749    2.4589
    2.2251    2.1145    1.7474    1.7270    1.6278    1.6513    1.6975    1.9554
    2.0724    2.1994    2.7276    2.8446    3.1487    3.1722    3.1722    3.1487
    2.8446    2.7276    2.1994    2.0724    1.9554    1.6975    1.6513    1.6278
    1.5338    1.5601    1.6119    1.9013    2.0325    2.7675    2.8987    3.0149
    3.1881    3.2399    3.2662    3.2662    3.2399    3.1881    3.0149    2.8987
    2.7675    2.0325    1.9013    1.6119    1.5601    1.5338    1.4455    1.4745
    1.5317    1.8505    2.8049    2.9495    3.0775    3.2683    3.3255    3.3545
    3.3545    3.3255    3.2683    3.0775    2.9495    2.8049    1.8505    1.5317
    1.4745    1.4455
   -0.0116   -0.0344   -0.0562   -0.0763   -0.1090   -0.1206   -0.1285   -0.1326
   -0.1326   -0.1285   -0.1206   -0.1090   -0.0941   -0.0763   -0.0562   -0.0344
   -0.0116    0.0116    0.0344    0.0562    0.0763    0.0941    0.1090    0.1206
    0.1285    0.1326    0.1326    0.1285    0.1206    0.1090    0.0763    0.0562
    0.0344    0.0116   -0.0211   -0.0627   -0.1023   -0.1389   -0.1984   -0.1984
   -0.1712   -0.1389   -0.1023   -0.0627   -0.0211    0.0211    0.0627    0.1023
    0.1389    0.1712    0.1984    0.1984    0.1389    0.1023    0.0627    0.0211
   -0.0308   -0.0915   -0.1495   -0.2029   -0.1495   -0.0915   -0.0308    0.0308
    0.0915    0.1495    0.2029    0.1495    0.0915    0.0308   -0.0404   -0.1201
   -0.1961   -0.1961   -0.1201   -0.0404    0.0404    0.1201    0.1961    0.1961
    0.1201    0.0404   -0.0498   -0.1479   -0.5180   -0.5521   -0.5694   -0.5694
   -0.1479   -0.0498    0.0498    0.1479    0.5694    0.5694    0.5521    0.5180
    0.1479    0.0498   -0.0589   -0.1749   -0.6123   -0.6526   -0.6730   -0.6526
   -0.6123   -0.1749   -0.0589    0.0589    0.1749    0.6123    0.6526    0.6730
    0.6526    0.6123    0.1749    0.0589   -0.0676   -0.2006   -0.3276   -0.6350
   -0.7025   -0.7487   -0.7025   -0.6350   -0.2006   -0.0676    0.0676    0.2006
    0.6350    0.7025    0.7487    0.7025    0.6350    0.3276    0.2006    0.0676
   -0.0758   -0.2251   -0.3675   -0.7123   -0.7881   -0.7881   -0.7123   -0.6149
   -0.3675   -0.2251   -0.0758    0.0758    0.2251    0.3675    0.6149    0.7123
    0.7881    0.7881    0.7123    0.3675    0.2251    0.0758   -0.0835   -0.2480
   -0.4049   -0.7848   -0.8683   -0.7848   -0.6775   -0.4049   -0.2480   -0.0835
    0.0835    0.2480    0.4049    0.6775    0.7848    0.8683    0.7848    0.4049
    0.2480    0.0835
 max=  7.16
   xmax   ymax
  2.316  0.954
  7  levels
  1    0.71
  2    1.00
  3    1.41
  4    2.00
  5    2.83
  6    4.00
  7    5.66
         1       123
    1.5067    1.5312    1.5427    1.5499    1.5822    1.6089    1.6232    1.6353
    1.6607    1.6956    1.7006    1.7031    1.7235    1.7386    1.7686    1.7801
    1.7938    1.8235    1.8455    1.8720    1.8927    1.9252    1.9454    1.9727
    1.9834    2.0170    2.0397    2.0461    2.0541    2.1046    2.1149    2.1228
    2.1605    2.1744    2.1860    2.2262    2.2313    2.2599    2.2955    2.3046
    2.3085    2.3090    2.3095    2.3073    2.2948    2.2650    2.2401    2.2378
    2.2425    2.2537    2.2571    2.2593    2.2671    2.2927    2.3003    2.3130
    2.3200    2.3336    2.3356    2.3374    2.3515    2.3659    2.3662    2.3664
    2.3680    2.3824    2.3991    2.4000    2.4006    2.4102    2.4169    2.4328
    2.4335    2.4343    2.4496    2.4571    2.4669    2.4693    2.4766    2.4932
    2.5016    2.5187    2.5238    2.5413    2.5444    2.5516    2.5673    2.5807
    2.5996    2.6238    2.6369    2.6477    2.6840    2.6932    2.7008    2.7559
    2.7582    2.7614    2.8129    2.8319    2.8708    2.8775    2.9094    2.9272
    2.9523    2.9775    3.0025    3.0239    3.0469    3.0689    3.0987    3.1094
    3.1187    3.1471    3.1495    3.1718    3.1740    3.1913    3.2146    3.2375
    3.2532    3.2689    3.2933
   -0.4495   -0.4401   -0.4278   -0.4189   -0.4102   -0.4026   -0.3908   -0.3828
   -0.3631   -0.3374   -0.3343   -0.3309   -0.3155   -0.3020   -0.2770   -0.2687
   -0.2636   -0.2433   -0.2290   -0.2189   -0.2142   -0.2135   -0.2120   -0.2080
   -0.2043   -0.2037   -0.2008   -0.1998   -0.1997   -0.1944   -0.1919   -0.1941
   -0.1857   -0.1813   -0.1796   -0.1686   -0.1641   -0.1361   -0.1015   -0.0928
   -0.0905   -0.0910   -0.0915   -0.0955   -0.1103   -0.1413   -0.1671   -0.1798
   -0.1877   -0.2039   -0.2040   -0.2040   -0.2024   -0.1858   -0.1797   -0.1749
   -0.1716   -0.1757   -0.1769   -0.1780   -0.1809   -0.1914   -0.1916   -0.1918
   -0.1927   -0.2009   -0.1980   -0.1975   -0.1972   -0.1951   -0.1933   -0.1902
   -0.1900   -0.1896   -0.1851   -0.1869   -0.1886   -0.1903   -0.1952   -0.2000
   -0.1956   -0.2056   -0.2081   -0.2060   -0.2063   -0.2077   -0.1994   -0.1910
   -0.1996   -0.2044   -0.2059   -0.2078   -0.2108   -0.2094   -0.2106   -0.2085
   -0.2082   -0.2086   -0.2116   -0.2166   -0.2220   -0.2227   -0.2193   -0.2207
   -0.2299   -0.2409   -0.2519   -0.2591   -0.2693   -0.2849   -0.3073   -0.3125
   -0.3184   -0.3469   -0.3495   -0.3783   -0.3962   -0.4050   -0.4165   -0.4279
   -0.4359   -0.4341   -0.4495
         1       123
    1.5067    1.5312    1.5427    1.5499    1.5822    1.6089    1.6232    1.6353
    1.6607    1.6956    1.7006    1.7031    1.7235    1.7386    1.7686    1.7801
    1.7938    1.8235    1.8455    1.8720    1.8927    1.9252    1.9454    1.9727
    1.9834    2.0170    2.0397    2.0461    2.0541    2.1046    2.1149    2.1228
    2.1605    2.1744    2.1860    2.2262    2.2313    2.2599    2.2955    2.3046
    2.3085    2.3090    2.3095    2.3073    2.2948    2.2650    2.2401    2.2378
    2.2425    2.2537    2.2571    2.2593    2.2671    2.2927    2.3003    2.3130
    2.3200    2.3336    2.3356    2.3374    2.3515    2.3659    2.3662    2.3664
    2.3680    2.3824    2.3991    2.4000    2.4006    2.4102    2.4169    2.4328
    2.4335    2.4343    2.4496    2.4571    2.4669    2.4693    2.4766    2.4932
    2.5016    2.5187    2.5238    2.5413    2.5444    2.5516    2.5673    2.5807
    2.5996    2.6238    2.6369    2.6477    2.6840    2.6932    2.7008    2.7559
    2.7582    2.7614    2.8129    2.8319    2.8708    2.8775    2.9094    2.9272
    2.9523    2.9775    3.0025    3.0239    3.0469    3.0689    3.0987    3.1094
    3.1187    3.1471    3.1495    3.1718    3.1740    3.1913    3.2146    3.2375
    3.2532    3.2689    3.2933
    0.4495    0.4401    0.4278    0.4189    0.4102    0.4026    0.3908    0.3828
    0.3631    0.3374    0.3343    0.3309    0.3155    0.3020    0.2770    0.2687
    0.2636    0.2433    0.2290    0.2189    0.2142    0.2135    0.2120    0.2080
    0.2043    0.2037    0.2008    0.1998    0.1997    0.1944    0.1919    0.1941
    0.1857    0.1813    0.1796    0.1686    0.1641    0.1361    0.1015    0.0928
    0.0905    0.0910    0.0915    0.0955    0.1103    0.1413    0.1671    0.1798
    0.1877    0.2039    0.2040    0.2040    0.2024    0.1858    0.1797    0.1749
    0.1716    0.1757    0.1769    0.1780    0.1809    0.1914    0.1916    0.1918
    0.1927    0.2009    0.1980    0.1975    0.1972    0.1951    0.1933    0.1902
    0.1900    0.1896    0.1851    0.1869    0.1886    0.1903    0.1952    0.2000
    0.1956    0.2056    0.2081    0.2060    0.2063    0.2077    0.1994    0.1910
    0.1996    0.2044    0.2059    0.2078    0.2108    0.2094    0.2106    0.2085
    0.2082    0.2086    0.2116    0.2166    0.2220    0.2227    0.2193    0.2207
    0.2299    0.2409    0.2519    0.2591    0.2693    0.2849    0.3073    0.3125
    0.3184    0.3469    0.3495    0.3783    0.3962    0.4050    0.4165    0.4279
    0.4359    0.4341    0.4495
         2       144
    1.7563    1.7668    1.7897    1.8233    1.8488    1.8675    1.8947    1.9250
    1.9477    1.9720    2.0042    2.0321    2.0605    2.0824    2.1040    2.1238
    2.1500    2.1689    2.1876    2.2127    2.2353    2.2581    2.2830    2.3051
    2.3298    2.3525    2.3776    2.4000    2.4209    2.4474    2.4693    2.4956
    2.5248    2.5438    2.5578    2.5929    2.6332    2.6396    2.6445    2.6867
    2.7114    2.7135    2.7169    2.7744    2.7940    2.8330    2.8380    2.8746
    2.9135    2.9164    2.9560    2.9704    3.0244    3.0322    3.0128    3.0045
    2.9812    2.9586    2.9466    2.9437    2.9407    2.9001    2.8701    2.8534
    2.8476    2.8375    2.7925    2.7737    2.7540    2.7306    2.7089    2.6941
    2.6501    2.6316    2.5948    2.5948    2.5621    2.5474    2.5349    2.5180
    2.5094    2.5040    2.4832    2.4815    2.4652    2.4585    2.4516    2.4391
    2.4274    2.4196    2.4125    2.4000    2.3818    2.3793    2.3767    2.3599
    2.3479    2.3418    2.3344    2.3218    2.3057    2.3015    2.2976    2.2916
    2.2716    2.2538    2.2426    2.2250    2.2196    2.2133    2.1915    2.1821
    2.1600    2.1379    2.1250    2.0967    2.0642    2.0546    2.0274    2.0057
    1.9648    1.9543    1.9443    1.9053    1.8956    1.8591    1.8569    1.8553
    1.8125    1.8009    1.7814    1.7773    1.7667    1.7511    1.7381    1.7122
    1.6861    1.6757    1.6675    1.6576    1.6901    1.7084    1.7447    1.7563
   -0.5139   -0.5070   -0.5121   -0.5179   -0.5299   -0.5325   -0.5228   -0.5102
   -0.5018   -0.5101   -0.5193   -0.5254   -0.5256   -0.5246   -0.5127   -0.5004
   -0.4932   -0.4956   -0.5065   -0.5146   -0.5208   -0.5295   -0.5328   -0.5384
   -0.5436   -0.5426   -0.5447   -0.5444   -0.5432   -0.5421   -0.5449   -0.5423
   -0.5380   -0.5367   -0.5345   -0.5300   -0.5218   -0.5245   -0.5243   -0.5348
   -0.5393   -0.5396   -0.5396   -0.5347   -0.5280   -0.5161   -0.5143   -0.5140
   -0.5135   -0.5118   -0.4856   -0.4786   -0.4484   -0.4427   -0.3912   -0.3729
   -0.3444   -0.3225   -0.3114   -0.3097   -0.3079   -0.2767   -0.2714   -0.2678
   -0.2659   -0.2625   -0.2473   -0.2453   -0.2479   -0.2467   -0.2440   -0.2468
   -0.2501   -0.2456   -0.2322   -0.2322   -0.2315   -0.2316   -0.2337   -0.2355
   -0.2346   -0.2343   -0.2286   -0.2280   -0.2189   -0.2182   -0.2203   -0.2220
   -0.2230   -0.2241   -0.2257   -0.2307   -0.2363   -0.2365   -0.2355   -0.2276
   -0.2209   -0.2172   -0.2156   -0.2148   -0.2127   -0.2112   -0.2122   -0.2166
   -0.2224   -0.2255   -0.2248   -0.2222   -0.2150   -0.2060   -0.2085   -0.2107
   -0.2142   -0.2199   -0.2224   -0.2303   -0.2396   -0.2419   -0.2423   -0.2445
   -0.2628   -0.2690   -0.2749   -0.2864   -0.2912   -0.3089   -0.3107   -0.3120
   -0.3335   -0.3459   -0.3678   -0.3754   -0.3968   -0.4240   -0.4348   -0.4533
   -0.4721   -0.4811   -0.4895   -0.5198   -0.5276   -0.5270   -0.5216   -0.5139
         3       107
    1.9531    1.9433    1.9321    1.9403    1.9547    1.9819    1.9933    2.0049
    2.0367    2.0628    2.0804    2.0928    2.1397    2.1469    2.1536    2.1914
    2.2021    2.2240    2.2327    2.2492    2.2533    2.2612    2.2829    2.2950
    2.3064    2.3195    2.3302    2.3398    2.3527    2.3640    2.3761    2.3881
    2.4000    2.4143    2.4233    2.4324    2.4466    2.4602    2.4696    2.4832
    2.4966    2.5049    2.5242    2.5455    2.5517    2.5533    2.5564    2.5842
    2.6006    2.6267    2.6286    2.6602    2.6887    2.6950    2.7214    2.7430
    2.7634    2.7954    2.8079    2.8285    2.8480    2.8521    2.8547    2.8376
    2.8046    2.7850    2.7479    2.7335    2.7268    2.7178    2.6788    2.6520
    2.6303    2.6019    2.5837    2.5712    2.5371    2.4907    2.4904    2.4902
    2.4893    2.4443    2.4103    2.4000    2.3882    2.3560    2.3181    2.3107
    2.3066    2.2678    2.2652    2.2620    2.2260    2.2235    2.2194    2.1845
    2.1549    2.1409    2.1350    2.0772    2.0728    2.0679    2.0531    2.0104
    1.9961    1.9671    1.9531
   -0.4469   -0.4278   -0.4034   -0.3857   -0.3583   -0.3340   -0.3250   -0.3158
   -0.2886   -0.2829   -0.2780   -0.2753   -0.2603   -0.2592   -0.2537   -0.2486
   -0.2460   -0.2513   -0.2527   -0.2545   -0.2541   -0.2533   -0.2512   -0.2547
   -0.2571   -0.2591   -0.2607   -0.2626   -0.2682   -0.2724   -0.2733   -0.2742
   -0.2713   -0.2671   -0.2665   -0.2656   -0.2642   -0.2622   -0.2598   -0.2625
   -0.2655   -0.2669   -0.2664   -0.2659   -0.2654   -0.2655   -0.2657   -0.2630
   -0.2621   -0.2715   -0.2725   -0.2860   -0.2887   -0.2884   -0.2857   -0.2878
   -0.2884   -0.3172   -0.3235   -0.3333   -0.3549   -0.3793   -0.4043   -0.4376
   -0.4502   -0.4588   -0.4726   -0.4763   -0.4765   -0.4751   -0.4828   -0.4863
   -0.4940   -0.5016   -0.5046   -0.5062   -0.5117   -0.5129   -0.5129   -0.5129
   -0.5128   -0.5067   -0.5079   -0.5071   -0.5060   -0.5034   -0.5054   -0.5067
   -0.5073   -0.5035   -0.5031   -0.5019   -0.4868   -0.4851   -0.4821   -0.4621
   -0.4592   -0.4572   -0.4590   -0.4717   -0.4739   -0.4743   -0.4724   -0.4643
   -0.4606   -0.4518   -0.4469
         2       143
    1.7122    1.7381    1.7511    1.7667    1.7773    1.7814    1.8009    1.8125
    1.8553    1.8569    1.8591    1.8956    1.9053    1.9443    1.9543    1.9648
    2.0057    2.0274    2.0546    2.0642    2.0967    2.1250    2.1379    2.1600
    2.1821    2.1915    2.2133    2.2196    2.2250    2.2426    2.2538    2.2716
    2.2916    2.2976    2.3015    2.3057    2.3218    2.3344    2.3418    2.3479
    2.3599    2.3767    2.3793    2.3818    2.4000    2.4125    2.4196    2.4274
    2.4391    2.4516    2.4585    2.4652    2.4815    2.4832    2.5040    2.5094
    2.5180    2.5349    2.5474    2.5621    2.5948    2.6316    2.6501    2.6941
    2.7089    2.7306    2.7540    2.7737    2.7925    2.8375    2.8476    2.8534
    2.8701    2.9001    2.9407    2.9437    2.9466    2.9586    2.9812    3.0045
    3.0128    3.0322    3.0244    2.9704    2.9560    2.9164    2.9135    2.8746
    2.8380    2.8330    2.7940    2.7744    2.7169    2.7135    2.7114    2.6867
    2.6445    2.6396    2.6332    2.5929    2.5578    2.5438    2.5248    2.4956
    2.4693    2.4474    2.4209    2.4000    2.3776    2.3525    2.3298    2.3051
    2.2830    2.2581    2.2353    2.2127    2.1876    2.1689    2.1500    2.1238
    2.1040    2.0824    2.0605    2.0321    2.0042    1.9720    1.9477    1.9250
    1.8947    1.8675    1.8488    1.8233    1.7897    1.7668    1.7563    1.7447
    1.7084    1.6901    1.6576    1.6675    1.6757    1.6861    1.7122
    0.4533    0.4348    0.4240    0.3968    0.3754    0.3678    0.3459    0.3335
    0.3120    0.3107    0.3089    0.2912    0.2864    0.2749    0.2690    0.2628
    0.2445    0.2423    0.2419    0.2396    0.2303    0.2224    0.2199    0.2142
    0.2107    0.2085    0.2060    0.2150    0.2222    0.2248    0.2255    0.2224
    0.2166    0.2122    0.2112    0.2127    0.2148    0.2156    0.2172    0.2209
    0.2276    0.2355    0.2365    0.2363    0.2307    0.2257    0.2241    0.2230
    0.2220    0.2203    0.2182    0.2189    0.2280    0.2286    0.2343    0.2346
    0.2355    0.2337    0.2316    0.2315    0.2322    0.2456    0.2501    0.2468
    0.2440    0.2467    0.2479    0.2453    0.2473    0.2625    0.2659    0.2678
    0.2714    0.2767    0.3079    0.3097    0.3114    0.3225    0.3444    0.3729
    0.3912    0.4427    0.4484    0.4786    0.4856    0.5118    0.5135    0.5140
    0.5143    0.5161    0.5280    0.5347    0.5396    0.5396    0.5393    0.5348
    0.5243    0.5245    0.5218    0.5300    0.5345    0.5367    0.5380    0.5423
    0.5449    0.5421    0.5432    0.5444    0.5447    0.5426    0.5436    0.5384
    0.5328    0.5295    0.5208    0.5146    0.5065    0.4956    0.4932    0.5004
    0.5127    0.5246    0.5256    0.5254    0.5193    0.5101    0.5018    0.5102
    0.5228    0.5325    0.5299    0.5179    0.5121    0.5070    0.5139    0.5216
    0.5270    0.5276    0.5198    0.4895    0.4811    0.4721    0.4533
         3       107
    1.9433    1.9321    1.9403    1.9547    1.9819    1.9933    2.0049    2.0367
    2.0628    2.0804    2.0928    2.1397    2.1469    2.1536    2.1914    2.2021
    2.2240    2.2327    2.2492    2.2533    2.2612    2.2829    2.2950    2.3064
    2.3195    2.3302    2.3398    2.3527    2.3640    2.3761    2.3881    2.4000
    2.4143    2.4233    2.4324    2.4466    2.4602    2.4696    2.4832    2.4966
    2.5049    2.5242    2.5455    2.5517    2.5533    2.5564    2.5842    2.6006
    2.6267    2.6286    2.6602    2.6887    2.6950    2.7214    2.7430    2.7634
    2.7954    2.8079    2.8285    2.8480    2.8521    2.8547    2.8376    2.8046
    2.7850    2.7479    2.7335    2.7268    2.7178    2.6788    2.6520    2.6303
    2.6019    2.5837    2.5712    2.5371    2.4907    2.4904    2.4902    2.4893
    2.4443    2.4103    2.4000    2.3882    2.3560    2.3181    2.3107    2.3066
    2.2678    2.2652    2.2620    2.2260    2.2235    2.2194    2.1845    2.1549
    2.1409    2.1350    2.0772    2.0728    2.0679    2.0531    2.0104    1.9961
    1.9671    1.9531    1.9433
    0.4278    0.4034    0.3857    0.3583    0.3340    0.3250    0.3158    0.2886
    0.2829    0.2780    0.2753    0.2603    0.2592    0.2537    0.2486    0.2460
    0.2513    0.2527    0.2545    0.2541    0.2533    0.2512    0.2547    0.2571
    0.2591    0.2607    0.2626    0.2682    0.2724    0.2733    0.2742    0.2713
    0.2671    0.2665    0.2656    0.2642    0.2622    0.2598    0.2625    0.2655
    0.2669    0.2664    0.2659    0.2654    0.2655    0.2657    0.2630    0.2621
    0.2715    0.2725    0.2860    0.2887    0.2884    0.2857    0.2878    0.2884
    0.3172    0.3235    0.3333    0.3549    0.3793    0.4043    0.4376    0.4502
    0.4588    0.4726    0.4763    0.4765    0.4751    0.4828    0.4863    0.4940
    0.5016    0.5046    0.5062    0.5117    0.5129    0.5129    0.5129    0.5128
    0.5067    0.5079    0.5071    0.5060    0.5034    0.5054    0.5067    0.5073
    0.5035    0.5031    0.5019    0.4868    0.4851    0.4821    0.4621    0.4592
    0.4572    0.4590    0.4717    0.4739    0.4743    0.4724    0.4643    0.4606
    0.4518    0.4469    0.4278
         4        73
    2.7137    2.7121    2.6918    2.6638    2.6521    2.6424    2.6119    2.5874
    2.5695    2.5489    2.5269    2.5101    2.4824    2.4594    2.4511    2.4384
    2.4216    2.4000    2.3838    2.3619    2.3438    2.3200    2.3194    2.2856
    2.2761    2.2669    2.2402    2.2323    2.2260    2.2156    2.1951    2.1869
    2.1787    2.1721    2.1686    2.1789    2.1914    2.1974    2.2003    2.2050
    2.2303    2.2482    2.2610    2.2756    2.2883    2.3001    2.3161    2.3329
    2.3442    2.3531    2.3722    2.3915    2.4000    2.4108    2.4282    2.4455
    2.4561    2.4662    2.4835    2.4994    2.5132    2.5310    2.5429    2.5512
    2.5764    2.5784    2.6064    2.6283    2.6433    2.6671    2.6879    2.7139
    2.7137
   -0.3739   -0.3942   -0.4168   -0.4274   -0.4367   -0.4439   -0.4544   -0.4604
   -0.4656   -0.4707   -0.4735   -0.4739   -0.4673   -0.4601   -0.4458   -0.4388
   -0.4415   -0.4382   -0.4350   -0.4350   -0.4371   -0.4570   -0.4572   -0.4636
   -0.4625   -0.4589   -0.4391   -0.4326   -0.4091   -0.3954   -0.3735   -0.3691
   -0.3643   -0.3438   -0.3304   -0.2991   -0.2856   -0.2843   -0.2852   -0.2864
   -0.2939   -0.2978   -0.2981   -0.3030   -0.3070   -0.3102   -0.3133   -0.3168
   -0.3167   -0.3164   -0.3181   -0.3193   -0.3212   -0.3232   -0.3222   -0.3202
   -0.3181   -0.3158   -0.3117   -0.3126   -0.3110   -0.3080   -0.3064   -0.3057
   -0.3055   -0.3054   -0.3235   -0.3261   -0.3332   -0.3427   -0.3431   -0.3417
   -0.3739
         2         2
    2.5948    2.5948
    0.2322    0.2322
         4        73
    2.1787    2.1721    2.1686    2.1789    2.1914    2.1974    2.2003    2.2050
    2.2303    2.2482    2.2610    2.2756    2.2883    2.3001    2.3161    2.3329
    2.3442    2.3531    2.3722    2.3915    2.4000    2.4108    2.4282    2.4455
    2.4561    2.4662    2.4835    2.4994    2.5132    2.5310    2.5429    2.5512
    2.5764    2.5784    2.6064    2.6283    2.6433    2.6671    2.6879    2.7139
    2.7137    2.7121    2.6918    2.6638    2.6521    2.6424    2.6119    2.5874
    2.5695    2.5489    2.5269    2.5101    2.4824    2.4594    2.4511    2.4384
    2.4216    2.4000    2.3838    2.3619    2.3438    2.3200    2.3194    2.2856
    2.2761    2.2669    2.2402    2.2323    2.2260    2.2156    2.1951    2.1869
    2.1787
    0.3643    0.3438    0.3304    0.2991    0.2856    0.2843    0.2852    0.2864
    0.2939    0.2978    0.2981    0.3030    0.3070    0.3102    0.3133    0.3168
    0.3167    0.3164    0.3181    0.3193    0.3212    0.3232    0.3222    0.3202
    0.3181    0.3158    0.3117    0.3126    0.3110    0.3080    0.3064    0.3057
    0.3055    0.3054    0.3235    0.3261    0.3332    0.3427    0.3431    0.3417
    0.3739    0.3942    0.4168    0.4274    0.4367    0.4439    0.4544    0.4604
    0.4656    0.4707    0.4735    0.4739    0.4673    0.4601    0.4458    0.4388
    0.4415    0.4382    0.4350    0.4350    0.4371    0.4570    0.4572    0.4636
    0.4625    0.4589    0.4391    0.4326    0.4091    0.3954    0.3735    0.3691
    0.3643
         1        67
    3.1204    3.1193    3.1188    3.0956    3.0866    3.0776    3.0527    3.0215
    2.9977    2.9606    2.9364    2.9039    2.8929    2.8570    2.8183    2.8129
    2.7730    2.7422    2.7320    2.6950    2.6743    2.6243    2.6164    2.6097
    2.6005    2.5525    2.5360    2.5124    2.4991    2.4526    2.4495    2.4457
    2.4000    2.3510    2.3502    2.3496    2.3013    2.2588    2.2533    2.2483
    2.2055    2.1585    2.1584    2.1585    2.1584    2.1582    2.1153    2.0971
    2.0707    2.0310    2.0185    1.9963    1.9714    1.9430    1.9190    1.8816
    1.8774    1.8736    1.8576    1.8285    1.8017    1.7851    1.7516    1.7375
    1.7273    1.7064    1.6796
   -0.6935   -0.6627   -0.6335   -0.6128   -0.6047   -0.5966   -0.5745   -0.5867
   -0.5977   -0.6035   -0.6060   -0.6006   -0.5983   -0.5979   -0.5975   -0.5985
   -0.6041   -0.5927   -0.5884   -0.5915   -0.5882   -0.5923   -0.5946   -0.5964
   -0.5927   -0.5691   -0.5744   -0.5604   -0.5622   -0.5661   -0.5657   -0.5660
   -0.5693   -0.5687   -0.5687   -0.5687   -0.5598   -0.5482   -0.5474   -0.5456
   -0.5345   -0.5180   -0.5180   -0.5180   -0.5180   -0.5181   -0.5572   -0.5716
   -0.5703   -0.5659   -0.5769   -0.5765   -0.5873   -0.5979   -0.6079   -0.6322
   -0.6367   -0.6408   -0.6464   -0.6554   -0.6724   -0.6775   -0.6864   -0.6921
   -0.6917   -0.6936   -0.6935
         1        51
    2.8687    2.8122    2.8010    2.7987    2.7916    2.7641    2.7458    2.7087
    2.6852    2.6798    2.6773    2.6594    2.6220    2.6147    2.5954    2.5607
    2.5425    2.5227    2.4871    2.4599    2.4471    2.4000    2.3679    2.3652
    2.3519    2.3466    2.3422    2.3284    2.3279    2.2784    2.2565    2.2458
    2.2227    2.2080    2.2014    2.1979    2.1731    2.1242    2.1058    2.0944
    2.0656    2.0422    2.0349    2.0281    1.9545    1.9465    1.9352    1.9051
    1.9122    1.9197    1.9313
   -0.8834   -0.8840   -0.8733   -0.8712   -0.8678   -0.8393   -0.8189   -0.8129
   -0.7837   -0.7766   -0.7756   -0.7683   -0.7427   -0.7316   -0.7291   -0.7091
   -0.6970   -0.6961   -0.6929   -0.6843   -0.6852   -0.6802   -0.6748   -0.6555
   -0.6239   -0.6098   -0.6231   -0.6602   -0.6717   -0.6895   -0.6958   -0.7105
   -0.7399   -0.7510   -0.7512   -0.7543   -0.7583   -0.7578   -0.7567   -0.7649
   -0.7841   -0.7925   -0.7917   -0.7976   -0.7991   -0.7988   -0.8050   -0.8204
   -0.8448   -0.8674   -0.8834
         1        66
    1.6796    1.7064    1.7273    1.7375    1.7516    1.7851    1.8017    1.8285
    1.8576    1.8736    1.8774    1.8816    1.9190    1.9430    1.9714    1.9963
    2.0185    2.0310    2.0707    2.0971    2.1153    2.1582    2.1584    2.1585
    2.1585    2.2055    2.2483    2.2533    2.2588    2.3013    2.3496    2.3502
    2.3510    2.4000    2.4457    2.4495    2.4526    2.4991    2.5124    2.5360
    2.5525    2.6005    2.6097    2.6164    2.6243    2.6743    2.6950    2.7320
    2.7422    2.7730    2.8129    2.8183    2.8570    2.8929    2.9039    2.9364
    2.9606    2.9977    3.0215    3.0527    3.0776    3.0866    3.0956    3.1188
    3.1193    3.1204
    0.6935    0.6936    0.6917    0.6921    0.6864    0.6775    0.6724    0.6554
    0.6464    0.6408    0.6367    0.6322    0.6079    0.5979    0.5873    0.5765
    0.5769    0.5659    0.5703    0.5716    0.5572    0.5181    0.5180    0.5180
    0.5180    0.5345    0.5456    0.5474    0.5482    0.5598    0.5687    0.5687
    0.5687    0.5693    0.5660    0.5657    0.5661    0.5622    0.5604    0.5744
    0.5691    0.5927    0.5964    0.5946    0.5923    0.5882    0.5915    0.5884
    0.5927    0.6041    0.5985    0.5975    0.5979    0.5983    0.6006    0.6060
    0.6035    0.5977    0.5867    0.5745    0.5966    0.6047    0.6128    0.6335
    0.6627    0.6935
         1        51
    1.9313    1.9197    1.9122    1.9051    1.9352    1.9465    1.9545    2.0281
    2.0349    2.0422    2.0656    2.0944    2.1058    2.1242    2.1731    2.1979
    2.2014    2.2080    2.2227    2.2458    2.2565    2.2784    2.3279    2.3284
    2.3422    2.3466    2.3519    2.3652    2.3679    2.4000    2.4471    2.4599
    2.4871    2.5227    2.5425    2.5607    2.5954    2.6147    2.6220    2.6594
    2.6773    2.6798    2.6852    2.7087    2.7458    2.7641    2.7916    2.7987
    2.8010    2.8122    2.8687
    0.8834    0.8674    0.8448    0.8204    0.8050    0.7988    0.7991    0.7976
    0.7917    0.7925    0.7841    0.7649    0.7567    0.7578    0.7583    0.7543
    0.7512    0.7510    0.7399    0.7105    0.6958    0.6895    0.6717    0.6602
    0.6231    0.6098    0.6239    0.6555    0.6748    0.6802    0.6852    0.6843
    0.6929    0.6961    0.6970    0.7091    0.7291    0.7316    0.7427    0.7683
    0.7756    0.7766    0.7837    0.8129    0.8189    0.8393    0.8678    0.8712
    0.8733    0.8840    0.8834
         1         2
    2.1584    2.1585
    0.5180    0.5180
         2        35
    1.9983    1.9998    2.0000    2.0080    2.0405    2.0588    2.0987    2.1358
    2.1551    2.1813    2.2026    2.2260    2.2630    2.3100    2.3192    2.3340
    2.3583    2.4000    2.4306    2.4654    2.4893    2.5116    2.5357    2.5804
    2.6017    2.6192    2.6381    2.6440    2.7091    2.7204    2.7242    2.7299
    2.7692    2.7820    2.8017
   -0.9158   -0.8743   -0.8706   -0.8678   -0.8413   -0.8251   -0.8277   -0.8284
   -0.8188   -0.8161   -0.7997   -0.7799   -0.7767   -0.7699   -0.7609   -0.7547
   -0.7566   -0.7533   -0.7493   -0.7472   -0.7533   -0.7671   -0.7698   -0.7727
   -0.7986   -0.8181   -0.8263   -0.8346   -0.8491   -0.8510   -0.8555   -0.8622
   -0.8841   -0.8964   -0.9158
         3        31
    2.7584    2.7533    2.7285    2.7267    2.6941    2.6666    2.6323    2.6156
    2.5961    2.5465    2.5451    2.5444    2.5428    2.5391    2.4691    2.4419
    2.4000    2.3611    2.3303    2.2694    2.2612    2.2556    2.2067    2.1832
    2.1699    2.1019    2.0921    2.0835    2.0405    2.0413    2.0416
   -0.9336   -0.9281   -0.9026   -0.9007   -0.8806   -0.8752   -0.8669   -0.8496
   -0.8471   -0.8126   -0.8108   -0.8099   -0.8098   -0.8095   -0.7897   -0.7936
   -0.7958   -0.7960   -0.7964   -0.8133   -0.8151   -0.8188   -0.8478   -0.8484
   -0.8587   -0.8650   -0.8654   -0.8695   -0.8881   -0.9224   -0.9336
         2        35
    2.8017    2.7820    2.7692    2.7299    2.7242    2.7204    2.7091    2.6440
    2.6381    2.6192    2.6017    2.5804    2.5357    2.5116    2.4893    2.4654
    2.4306    2.4000    2.3583    2.3340    2.3192    2.3100    2.2630    2.2260
    2.2026    2.1813    2.1551    2.1358    2.0987    2.0588    2.0405    2.0080
    2.0000    1.9998    1.9983
    0.9158    0.8964    0.8841    0.8622    0.8555    0.8510    0.8491    0.8346
    0.8263    0.8181    0.7986    0.7727    0.7698    0.7671    0.7533    0.7472
    0.7493    0.7533    0.7566    0.7547    0.7609    0.7699    0.7767    0.7799
    0.7997    0.8161    0.8188    0.8284    0.8277    0.8251    0.8413    0.8678
    0.8706    0.8743    0.9158
         3        31
    2.7584    2.7533    2.7285    2.7267    2.6941    2.6666    2.6323    2.6156
    2.5961    2.5465    2.5451    2.5444    2.5428    2.5391    2.4691    2.4419
    2.4000    2.3611    2.3303    2.2694    2.2612    2.2556    2.2067    2.1832
    2.1699    2.1019    2.0921    2.0835    2.0405    2.0413    2.0416
    0.9336    0.9281    0.9026    0.9007    0.8806    0.8752    0.8669    0.8496
    0.8471    0.8126    0.8108    0.8099    0.8098    0.8095    0.7897    0.7936
    0.7958    0.7960    0.7964    0.8133    0.8151    0.8188    0.8478    0.8484
    0.8587    0.8650    0.8654    0.8695    0.8881    0.9224    0.9336
         4        25
    2.1053    2.1023    2.1002    2.1234    2.1601    2.1730    2.2004    2.2479
    2.2718    2.2953    2.3269    2.3824    2.4000    2.4121    2.4721    2.5149
    2.5433    2.5515    2.5981    2.6186    2.6448    2.6579    2.6644    2.6720
    2.6947
   -0.9556   -0.9344   -0.9100   -0.8985   -0.8954   -0.8863   -0.8653   -0.8625
   -0.8600   -0.8444   -0.8359   -0.8348   -0.8329   -0.8314   -0.8244   -0.8361
   -0.8576   -0.8593   -0.8668   -0.8884   -0.9137   -0.9165   -0.9209   -0.9302
   -0.9556
         5        21
    2.1591    2.1626    2.1634    2.1888    2.2160    2.2258    2.2436    2.2896
    2.3236    2.3352    2.4000    2.4729    2.4759    2.4896    2.5565    2.5721
    2.5787    2.5918    2.6252    2.6291    2.6409
   -0.9706   -0.9348   -0.9284   -0.9168   -0.8962   -0.8882   -0.8870   -0.8823
   -0.8733   -0.8742   -0.8742   -0.8684   -0.8681   -0.8729   -0.8875   -0.8900
   -0.8973   -0.9114   -0.9313   -0.9420   -0.9706
         6        17
    2.5989    2.5949    2.5856    2.5632    2.5442    2.5218    2.4782    2.4313
    2.4000    2.3722    2.3216    2.2772    2.2540    2.2377    2.2044    2.2018
    2.2011
   -0.9800   -0.9693   -0.9400   -0.9257   -0.9125   -0.9067   -0.8933   -0.8965
   -0.8981   -0.8987   -0.8960   -0.9066   -0.9111   -0.9205   -0.9379   -0.9668
   -0.9800
         4        25
    2.6947    2.6720    2.6644    2.6579    2.6448    2.6186    2.5981    2.5515
    2.5433    2.5149    2.4721    2.4121    2.4000    2.3824    2.3269    2.2953
    2.2718    2.2479    2.2004    2.1730    2.1601    2.1234    2.1002    2.1023
    2.1053
    0.9556    0.9302    0.9209    0.9165    0.9137    0.8884    0.8668    0.8593
    0.8576    0.8361    0.8244    0.8314    0.8329    0.8348    0.8359    0.8444
    0.8600    0.8625    0.8653    0.8863    0.8954    0.8985    0.9100    0.9344
    0.9556
         5        21
    2.6409    2.6291    2.6252    2.5918    2.5787    2.5721    2.5565    2.4896
    2.4759    2.4729    2.4000    2.3352    2.3236    2.2896    2.2436    2.2258
    2.2160    2.1888    2.1634    2.1626    2.1591
    0.9706    0.9420    0.9313    0.9114    0.8973    0.8900    0.8875    0.8729
    0.8681    0.8684    0.8742    0.8742    0.8733    0.8823    0.8870    0.8882
    0.8962    0.9168    0.9284    0.9348    0.9706
         6        17
    2.2011    2.2018    2.2044    2.2377    2.2540    2.2772    2.3216    2.3722
    2.4000    2.4313    2.4782    2.5218    2.5442    2.5632    2.5856    2.5949
    2.5989
    0.9800    0.9668    0.9379    0.9205    0.9111    0.9066    0.8960    0.8987
    0.8981    0.8965    0.8933    0.9067    0.9125    0.9257    0.9400    0.9693
    0.9800
         7        13
    2.2614    2.2623    2.2630    2.2861    2.3189    2.3712    2.4000    2.4313
    2.4812    2.5110    2.5287    2.5347    2.5386
   -0.9903   -0.9741   -0.9483   -0.9346   -0.9271   -0.9300   -0.9311   -0.9313
   -0.9280   -0.9366   -0.9494   -0.9732   -0.9903
         7        13
    2.5386    2.5347    2.5287    2.5110    2.4812    2.4313    2.4000    2.3712
    2.3189    2.2861    2.2630    2.2623    2.2614
    0.9903    0.9732    0.9494    0.9366    0.9280    0.9313    0.9311    0.9300
    0.9271    0.9346    0.9483    0.9741    0.9903
    999    999
