  0.2346E+00  0.8291E+01
  0.2343E+00  0.9328E+01
  0.2346E+00  0.8291E+01
  0.4998E+00  0.8255E+01
  0.5893E+00  0.9285E+01
  0.4998E+00  0.8255E+01
  0.7769E+00  0.8193E+01
  0.9549E+00  0.9206E+01
  0.7769E+00  0.8193E+01
  0.1103E+01  0.8091E+01
  0.1367E+01  0.9077E+01
  0.1103E+01  0.8091E+01
  0.1501E+01  0.7938E+01
  0.1846E+01  0.8887E+01
  0.1501E+01  0.7938E+01
  0.2060E+01  0.7695E+01
  0.2480E+01  0.8597E+01
  0.2060E+01  0.7695E+01
  0.3738E+01  0.6856E+01
  0.4226E+01  0.7702E+01
  0.3738E+01  0.6856E+01
  0.6719E+01  0.4934E+01
  0.7317E+01  0.5787E+01
  0.6719E+01  0.4934E+01
  0.7238E+01  0.4446E+01
  0.7921E+01  0.5259E+01
  0.7238E+01  0.4446E+01
  0.7485E+01  0.4160E+01
  0.8241E+01  0.4917E+01
  0.7485E+01  0.4160E+01
  0.7650E+01  0.3933E+01
  0.8474E+01  0.4624E+01
  0.7650E+01  0.3933E+01
  0.7777E+01  0.3730E+01
  0.8660E+01  0.4349E+01
  0.7777E+01  0.3730E+01
  0.7880E+01  0.3538E+01
  0.8815E+01  0.4078E+01
  0.7880E+01  0.3538E+01
  0.7967E+01  0.3349E+01
  0.8946E+01  0.3806E+01
  0.7967E+01  0.3349E+01
  0.8042E+01  0.3155E+01
  0.9057E+01  0.3524E+01
  0.8042E+01  0.3155E+01
  0.8109E+01  0.2949E+01
  0.9151E+01  0.3229E+01
  0.8109E+01  0.2949E+01
  0.8171E+01  0.2721E+01
  0.9231E+01  0.2908E+01
  0.8171E+01  0.2721E+01
  0.8231E+01  0.2445E+01
  0.9300E+01  0.2538E+01
  0.8231E+01  0.2445E+01
  0.8291E+01  0.2063E+01
  0.9359E+01  0.2063E+01
  0.8291E+01  0.2063E+01
  0.8365E+01  0.1274E+01
  0.9419E+01  0.1181E+01
  0.8365E+01  0.1274E+01
  0.8328E+01 -0.1372E+01
  0.9367E+01 -0.1555E+01
  0.8328E+01 -0.1372E+01
  0.8078E+01 -0.2658E+01
  0.9105E+01 -0.2932E+01
  0.8078E+01 -0.2658E+01
  0.7781E+01 -0.3347E+01
  0.8776E+01 -0.3709E+01
  0.7781E+01 -0.3347E+01
  0.7500E+01 -0.3816E+01
  0.8453E+01 -0.4260E+01
  0.7500E+01 -0.3816E+01
  0.7241E+01 -0.4185E+01
  0.8147E+01 -0.4707E+01
  0.7241E+01 -0.4185E+01
  0.6968E+01 -0.4524E+01
  0.7819E+01 -0.5119E+01
  0.6968E+01 -0.4524E+01
  0.6666E+01 -0.4856E+01
  0.7457E+01 -0.5518E+01
  0.6666E+01 -0.4856E+01
  0.6322E+01 -0.5191E+01
  0.7045E+01 -0.5914E+01
  0.6322E+01 -0.5191E+01
  0.5920E+01 -0.5543E+01
  0.6572E+01 -0.6320E+01
  0.5920E+01 -0.5543E+01
  0.5404E+01 -0.5955E+01
  0.5981E+01 -0.6778E+01
  0.5404E+01 -0.5955E+01
  0.4468E+01 -0.6639E+01
  0.4968E+01 -0.7505E+01
  0.4468E+01 -0.6639E+01
  0.2724E+01 -0.7575E+01
  0.3149E+01 -0.8486E+01
  0.2724E+01 -0.7575E+01
  0.1459E+01 -0.8048E+01
  0.1809E+01 -0.9008E+01
  0.1459E+01 -0.8048E+01
  0.8161E+00 -0.8188E+01
  0.1083E+01 -0.9181E+01
  0.8161E+00 -0.8188E+01
  0.4004E+00 -0.8271E+01
  0.5809E+00 -0.9291E+01
  0.4004E+00 -0.8271E+01
  0.5200E-01 -0.8302E+01
  0.1433E+00 -0.9335E+01
  0.5200E-01 -0.8302E+01
 -0.2346E+00 -0.8291E+01
 -0.2343E+00 -0.9328E+01
 -0.2346E+00 -0.8291E+01
 -0.4998E+00 -0.8255E+01
 -0.5893E+00 -0.9285E+01
 -0.4998E+00 -0.8255E+01
 -0.7769E+00 -0.8193E+01
 -0.9549E+00 -0.9206E+01
 -0.7769E+00 -0.8193E+01
 -0.1103E+01 -0.8091E+01
 -0.1367E+01 -0.9077E+01
 -0.1103E+01 -0.8091E+01
 -0.1501E+01 -0.7938E+01
 -0.1846E+01 -0.8887E+01
 -0.1501E+01 -0.7938E+01
 -0.2060E+01 -0.7695E+01
 -0.2480E+01 -0.8597E+01
 -0.2060E+01 -0.7695E+01
 -0.3738E+01 -0.6856E+01
 -0.4226E+01 -0.7702E+01
 -0.3738E+01 -0.6856E+01
 -0.6719E+01 -0.4934E+01
 -0.7317E+01 -0.5787E+01
 -0.6719E+01 -0.4934E+01
 -0.7238E+01 -0.4446E+01
 -0.7921E+01 -0.5259E+01
 -0.7238E+01 -0.4446E+01
 -0.7485E+01 -0.4160E+01
 -0.8241E+01 -0.4917E+01
 -0.7485E+01 -0.4160E+01
 -0.7650E+01 -0.3933E+01
 -0.8474E+01 -0.4624E+01
 -0.7650E+01 -0.3933E+01
 -0.7777E+01 -0.3730E+01
 -0.8660E+01 -0.4349E+01
 -0.7777E+01 -0.3730E+01
 -0.7880E+01 -0.3538E+01
 -0.8815E+01 -0.4078E+01
 -0.7880E+01 -0.3538E+01
 -0.7967E+01 -0.3349E+01
 -0.8946E+01 -0.3806E+01
 -0.7967E+01 -0.3349E+01
 -0.8042E+01 -0.3155E+01
 -0.9057E+01 -0.3524E+01
 -0.8042E+01 -0.3155E+01
 -0.8109E+01 -0.2949E+01
 -0.9151E+01 -0.3229E+01
 -0.8109E+01 -0.2949E+01
 -0.8171E+01 -0.2721E+01
 -0.9231E+01 -0.2908E+01
 -0.8171E+01 -0.2721E+01
 -0.8231E+01 -0.2445E+01
 -0.9300E+01 -0.2538E+01
 -0.8231E+01 -0.2445E+01
 -0.8291E+01 -0.2063E+01
 -0.9359E+01 -0.2063E+01
 -0.8291E+01 -0.2063E+01
 -0.8365E+01 -0.1274E+01
 -0.9419E+01 -0.1181E+01
 -0.8365E+01 -0.1274E+01
 -0.8328E+01  0.1372E+01
 -0.9367E+01  0.1555E+01
 -0.8328E+01  0.1372E+01
 -0.8078E+01  0.2658E+01
 -0.9105E+01  0.2932E+01
 -0.8078E+01  0.2658E+01
 -0.7781E+01  0.3347E+01
 -0.8776E+01  0.3709E+01
 -0.7781E+01  0.3347E+01
 -0.7500E+01  0.3816E+01
 -0.8453E+01  0.4260E+01
 -0.7500E+01  0.3816E+01
 -0.7241E+01  0.4185E+01
 -0.8147E+01  0.4707E+01
 -0.7241E+01  0.4185E+01
 -0.6968E+01  0.4524E+01
 -0.7819E+01  0.5119E+01
 -0.6968E+01  0.4524E+01
 -0.6666E+01  0.4856E+01
 -0.7457E+01  0.5518E+01
 -0.6666E+01  0.4856E+01
 -0.6322E+01  0.5191E+01
 -0.7045E+01  0.5914E+01
 -0.6322E+01  0.5191E+01
 -0.5920E+01  0.5543E+01
 -0.6572E+01  0.6320E+01
 -0.5920E+01  0.5543E+01
 -0.5404E+01  0.5955E+01
 -0.5981E+01  0.6778E+01
 -0.5404E+01  0.5955E+01
 -0.4468E+01  0.6639E+01
 -0.4968E+01  0.7505E+01
 -0.4468E+01  0.6639E+01
 -0.2724E+01  0.7575E+01
 -0.3149E+01  0.8486E+01
 -0.2724E+01  0.7575E+01
 -0.1459E+01  0.8048E+01
 -0.1809E+01  0.9008E+01
 -0.1459E+01  0.8048E+01
 -0.8161E+00  0.8188E+01
 -0.1083E+01  0.9181E+01
 -0.8161E+00  0.8188E+01
 -0.4004E+00  0.8271E+01
 -0.5809E+00  0.9291E+01
 -0.4004E+00  0.8271E+01
 -0.5200E-01  0.8302E+01
 -0.1433E+00  0.9335E+01
 -0.5200E-01  0.8302E+01
  0.2346E+00  0.8291E+01
   -   -   
