  0.5535E+00  0.8308E+01
  0.6647E+00  0.9342E+01
  0.5535E+00  0.8308E+01
  0.8097E+00  0.8270E+01
  0.9984E+00  0.9291E+01
  0.8097E+00  0.8270E+01
  0.1080E+01  0.8209E+01
  0.1341E+01  0.9210E+01
  0.1080E+01  0.8209E+01
  0.1384E+01  0.8117E+01
  0.1709E+01  0.9093E+01
  0.1384E+01  0.8117E+01
  0.1749E+01  0.7983E+01
  0.2119E+01  0.8935E+01
  0.1749E+01  0.7983E+01
  0.2272E+01  0.7764E+01
  0.2677E+01  0.8690E+01
  0.2272E+01  0.7764E+01
  0.3848E+01  0.6984E+01
  0.4322E+01  0.7861E+01
  0.3848E+01  0.6984E+01
  0.6703E+01  0.5149E+01
  0.7393E+01  0.5950E+01
  0.6703E+01  0.5149E+01
  0.7279E+01  0.4620E+01
  0.8064E+01  0.5358E+01
  0.7279E+01  0.4620E+01
  0.7549E+01  0.4309E+01
  0.8405E+01  0.4979E+01
  0.7549E+01  0.4309E+01
  0.7730E+01  0.4059E+01
  0.8639E+01  0.4664E+01
  0.7730E+01  0.4059E+01
  0.7867E+01  0.3838E+01
  0.8817E+01  0.4381E+01
  0.7867E+01  0.3838E+01
  0.7977E+01  0.3630E+01
  0.8961E+01  0.4112E+01
  0.7977E+01  0.3630E+01
  0.8070E+01  0.3425E+01
  0.9081E+01  0.3848E+01
  0.8070E+01  0.3425E+01
  0.8150E+01  0.3217E+01
  0.9182E+01  0.3582E+01
  0.8150E+01  0.3217E+01
  0.8221E+01  0.2996E+01
  0.9270E+01  0.3304E+01
  0.8221E+01  0.2996E+01
  0.8285E+01  0.2751E+01
  0.9347E+01  0.3001E+01
  0.8285E+01  0.2751E+01
  0.8345E+01  0.2460E+01
  0.9415E+01  0.2650E+01
  0.8345E+01  0.2460E+01
  0.8401E+01  0.2070E+01
  0.9474E+01  0.2203E+01
  0.8401E+01  0.2070E+01
  0.8463E+01  0.1345E+01
  0.9532E+01  0.1413E+01
  0.8463E+01  0.1345E+01
  0.8443E+01 -0.9820E+00
  0.9500E+01 -0.1094E+01
  0.8443E+01 -0.9820E+00
  0.8211E+01 -0.2377E+01
  0.9228E+01 -0.2705E+01
  0.8211E+01 -0.2377E+01
  0.7891E+01 -0.3140E+01
  0.8841E+01 -0.3612E+01
  0.7891E+01 -0.3140E+01
  0.7604E+01 -0.3655E+01
  0.8500E+01 -0.4212E+01
  0.7604E+01 -0.3655E+01
  0.7344E+01 -0.4039E+01
  0.8191E+01 -0.4655E+01
  0.7344E+01 -0.4039E+01
  0.7073E+01 -0.4387E+01
  0.7871E+01 -0.5053E+01
  0.7073E+01 -0.4387E+01
  0.6769E+01 -0.4725E+01
  0.7514E+01 -0.5440E+01
  0.6769E+01 -0.4725E+01
  0.6412E+01 -0.5071E+01
  0.7102E+01 -0.5824E+01
  0.6412E+01 -0.5071E+01
  0.5998E+01 -0.5428E+01
  0.6646E+01 -0.6204E+01
  0.5998E+01 -0.5428E+01
  0.5474E+01 -0.5846E+01
  0.6085E+01 -0.6639E+01
  0.5474E+01 -0.5846E+01
  0.4480E+01 -0.6563E+01
  0.5018E+01 -0.7398E+01
  0.4480E+01 -0.6563E+01
  0.2692E+01 -0.7510E+01
  0.3105E+01 -0.8418E+01
  0.2692E+01 -0.7510E+01
  0.1292E+01 -0.8073E+01
  0.1574E+01 -0.9055E+01
  0.1292E+01 -0.8073E+01
  0.4189E+00 -0.8269E+01
  0.5730E+00 -0.9292E+01
  0.4189E+00 -0.8269E+01
  0.7576E-02 -0.8317E+01
  0.7459E-01 -0.9354E+01
  0.7576E-02 -0.8317E+01
 -0.2907E+00 -0.8325E+01
 -0.3141E+00 -0.9366E+01
 -0.2907E+00 -0.8325E+01
 -0.5535E+00 -0.8308E+01
 -0.6647E+00 -0.9342E+01
 -0.5535E+00 -0.8308E+01
 -0.8097E+00 -0.8270E+01
 -0.9984E+00 -0.9291E+01
 -0.8097E+00 -0.8270E+01
 -0.1080E+01 -0.8209E+01
 -0.1341E+01 -0.9210E+01
 -0.1080E+01 -0.8209E+01
 -0.1384E+01 -0.8117E+01
 -0.1709E+01 -0.9093E+01
 -0.1384E+01 -0.8117E+01
 -0.1749E+01 -0.7983E+01
 -0.2119E+01 -0.8935E+01
 -0.1749E+01 -0.7983E+01
 -0.2272E+01 -0.7764E+01
 -0.2677E+01 -0.8690E+01
 -0.2272E+01 -0.7764E+01
 -0.3848E+01 -0.6984E+01
 -0.4322E+01 -0.7861E+01
 -0.3848E+01 -0.6984E+01
 -0.6703E+01 -0.5149E+01
 -0.7393E+01 -0.5950E+01
 -0.6703E+01 -0.5149E+01
 -0.7279E+01 -0.4620E+01
 -0.8064E+01 -0.5358E+01
 -0.7279E+01 -0.4620E+01
 -0.7549E+01 -0.4309E+01
 -0.8405E+01 -0.4979E+01
 -0.7549E+01 -0.4309E+01
 -0.7730E+01 -0.4059E+01
 -0.8639E+01 -0.4664E+01
 -0.7730E+01 -0.4059E+01
 -0.7867E+01 -0.3838E+01
 -0.8817E+01 -0.4381E+01
 -0.7867E+01 -0.3838E+01
 -0.7977E+01 -0.3630E+01
 -0.8961E+01 -0.4112E+01
 -0.7977E+01 -0.3630E+01
 -0.8070E+01 -0.3425E+01
 -0.9081E+01 -0.3848E+01
 -0.8070E+01 -0.3425E+01
 -0.8150E+01 -0.3217E+01
 -0.9182E+01 -0.3582E+01
 -0.8150E+01 -0.3217E+01
 -0.8221E+01 -0.2996E+01
 -0.9270E+01 -0.3304E+01
 -0.8221E+01 -0.2996E+01
 -0.8285E+01 -0.2751E+01
 -0.9347E+01 -0.3001E+01
 -0.8285E+01 -0.2751E+01
 -0.8345E+01 -0.2460E+01
 -0.9415E+01 -0.2650E+01
 -0.8345E+01 -0.2460E+01
 -0.8401E+01 -0.2070E+01
 -0.9474E+01 -0.2203E+01
 -0.8401E+01 -0.2070E+01
 -0.8463E+01 -0.1345E+01
 -0.9534E+01 -0.1390E+01
 -0.8463E+01 -0.1345E+01
 -0.8443E+01  0.9820E+00
 -0.9503E+01  0.1068E+01
 -0.8443E+01  0.9820E+00
 -0.8211E+01  0.2377E+01
 -0.9228E+01  0.2705E+01
 -0.8211E+01  0.2377E+01
 -0.7891E+01  0.3140E+01
 -0.8841E+01  0.3612E+01
 -0.7891E+01  0.3140E+01
 -0.7604E+01  0.3655E+01
 -0.8500E+01  0.4212E+01
 -0.7604E+01  0.3655E+01
 -0.7344E+01  0.4039E+01
 -0.8191E+01  0.4655E+01
 -0.7344E+01  0.4039E+01
 -0.7073E+01  0.4387E+01
 -0.7871E+01  0.5053E+01
 -0.7073E+01  0.4387E+01
 -0.6769E+01  0.4725E+01
 -0.7514E+01  0.5440E+01
 -0.6769E+01  0.4725E+01
 -0.6412E+01  0.5071E+01
 -0.7102E+01  0.5824E+01
 -0.6412E+01  0.5071E+01
 -0.5998E+01  0.5428E+01
 -0.6646E+01  0.6204E+01
 -0.5998E+01  0.5428E+01
 -0.5474E+01  0.5846E+01
 -0.6085E+01  0.6639E+01
 -0.5474E+01  0.5846E+01
 -0.4480E+01  0.6563E+01
 -0.5018E+01  0.7398E+01
 -0.4480E+01  0.6563E+01
 -0.2692E+01  0.7510E+01
 -0.3105E+01  0.8418E+01
 -0.2692E+01  0.7510E+01
 -0.1292E+01  0.8073E+01
 -0.1574E+01  0.9055E+01
 -0.1292E+01  0.8073E+01
 -0.4189E+00  0.8269E+01
 -0.5730E+00  0.9292E+01
 -0.4189E+00  0.8269E+01
 -0.7576E-02  0.8317E+01
 -0.7459E-01  0.9354E+01
 -0.7576E-02  0.8317E+01
  0.2907E+00  0.8325E+01
  0.3141E+00  0.9366E+01
  0.2907E+00  0.8325E+01
  0.5535E+00  0.8308E+01
   -   -   
