          Evm          Svm          E11          E22          E33          E23          E13          E12             SDEV11       SDEV22       SDEV33       SDEV23       SDEV13       SDEV12      TEMP      TIME    TAYLAV      WORKAV      WRATE1      WRATE2 
  0.00000E+00  0.26995E+01     0.00000E+00  0.00000E+00  0.00000E+00  0.00000E+00  0.00000E+00  0.00000E+00     0.15571E+01  0.26434E-02 -0.15597E+01  0.10814E-01  0.96310E-02 -0.20825E-01        0. 0.000E+00     2.204  0.5506E-01  0.3120E+01  0.2753E+01
  0.23091E-01  0.28489E+01     0.20000E-01  0.00000E+00 -0.20000E-01  0.00000E+00  0.00000E+00  0.00000E+00     0.16378E+01  0.97011E-02 -0.16475E+01  0.14084E-01  0.80833E-01 -0.19016E-01        0. 0.200E-01     2.205  0.1133E+00  0.3299E+01  0.2910E+01
  0.46237E-01  0.30013E+01     0.40035E-01 -0.90691E-05 -0.40026E-01  0.00000E+00  0.82866E-03  0.00000E+00     0.17192E+01  0.11507E-01 -0.17307E+01  0.18424E-01  0.16309E+00 -0.16833E-01        0. 0.400E-01     2.208  0.1751E+00  0.3501E+01  0.3090E+01
  0.69544E-01  0.31574E+01     0.60171E-01 -0.43160E-04 -0.60128E-01  0.00000E+00  0.25025E-02  0.00000E+00     0.18010E+01  0.80783E-02 -0.18091E+01  0.22820E-01  0.25328E+00 -0.14864E-01        0. 0.600E-01     2.212  0.2408E+00  0.3724E+01  0.3286E+01
  0.93110E-01  0.33179E+01     0.80466E-01 -0.11495E-03 -0.80351E-01  0.00000E+00  0.50134E-02  0.00000E+00     0.18835E+01  0.15902E-02 -0.18851E+01  0.26426E-01  0.34368E+00 -0.11317E-01        0. 0.800E-01     2.217  0.3108E+00  0.3968E+01  0.3499E+01
  0.11701E+00  0.34830E+01     0.10096E+00 -0.23383E-03 -0.10073E+00  0.00000E+00  0.83311E-02  0.00000E+00     0.19684E+01 -0.78513E-02 -0.19605E+01  0.27286E-01  0.42897E+00 -0.62663E-02        0. 0.100E+00     2.224  0.3853E+00  0.4227E+01  0.3726E+01
  0.14130E+00  0.36504E+01     0.12169E+00 -0.40586E-03 -0.12129E+00  0.00000E+00  0.12407E-01  0.00000E+00     0.20565E+01 -0.20491E-01 -0.20360E+01  0.25813E-01  0.50357E+00 -0.24011E-02        0. 0.120E+00     2.230  0.4647E+00  0.4506E+01  0.3970E+01
  0.16601E+00  0.38198E+01     0.14267E+00 -0.63383E-03 -0.14203E+00  0.00000E+00  0.17175E-01  0.00000E+00     0.21497E+01 -0.36255E-01 -0.21134E+01  0.23056E-01  0.56437E+00 -0.30438E-03        0. 0.140E+00     2.235  0.5491E+00  0.4797E+01  0.4223E+01
  0.19113E+00  0.39920E+01     0.16389E+00 -0.91733E-03 -0.16297E+00  0.00000E+00  0.22557E-01  0.00000E+00     0.22480E+01 -0.52630E-01 -0.21954E+01  0.18865E-01  0.61134E+00  0.15428E-02        0. 0.160E+00     2.240  0.6388E+00  0.5088E+01  0.4481E+01
  0.21663E+00  0.41673E+01     0.18534E+00 -0.12530E-02 -0.18408E+00  0.00000E+00  0.28459E-01  0.00000E+00     0.23508E+01 -0.69044E-01 -0.22817E+01  0.13246E-01  0.64808E+00  0.36966E-02        0. 0.180E+00     2.244  0.7335E+00  0.5378E+01  0.4740E+01
  0.24246E+00  0.43438E+01     0.20699E+00 -0.16352E-02 -0.20535E+00  0.00000E+00  0.34786E-01  0.00000E+00     0.24574E+01 -0.86039E-01 -0.23713E+01  0.75068E-02  0.67433E+00  0.63376E-02        0. 0.200E+00     2.247  0.8335E+00  0.5662E+01  0.4995E+01
  0.26854E+00  0.45214E+01     0.22880E+00 -0.20561E-02 -0.22674E+00  0.00000E+00  0.41426E-01  0.00000E+00     0.25671E+01 -0.10217E+00 -0.24649E+01  0.18796E-02  0.68995E+00  0.87911E-02        0. 0.220E+00     2.249  0.9382E+00  0.5933E+01  0.5238E+01
  0.29479E+00  0.46994E+01     0.25072E+00 -0.25067E-02 -0.24821E+00  0.00000E+00  0.48260E-01  0.00000E+00     0.26791E+01 -0.11678E+00 -0.25623E+01 -0.29729E-02  0.69511E+00  0.10979E-01        0. 0.240E+00     2.250  0.1048E+01  0.6184E+01  0.5466E+01
  0.32112E+00  0.48758E+01     0.27271E+00 -0.29774E-02 -0.26973E+00  0.00000E+00  0.55166E-01  0.00000E+00     0.27921E+01 -0.13001E+00 -0.26621E+01 -0.63774E-02  0.68881E+00  0.13319E-01        0. 0.260E+00     2.250  0.1161E+01  0.6413E+01  0.5674E+01
  0.34741E+00  0.50520E+01     0.29471E+00 -0.34584E-02 -0.29125E+00  0.00000E+00  0.62008E-01  0.00000E+00     0.29064E+01 -0.14114E+00 -0.27652E+01 -0.87334E-02  0.67127E+00  0.15713E-01        0. 0.280E+00     2.249  0.1278E+01  0.6613E+01  0.5857E+01
  0.37356E+00  0.52268E+01     0.31666E+00 -0.39403E-02 -0.31272E+00  0.00000E+00  0.68649E-01  0.00000E+00     0.30202E+01 -0.14968E+00 -0.28706E+01 -0.97625E-02  0.64342E+00  0.18371E-01        0. 0.300E+00     2.248  0.1398E+01  0.6775E+01  0.6008E+01
  0.39950E+00  0.53986E+01     0.33851E+00 -0.44148E-02 -0.33409E+00  0.00000E+00  0.74955E-01  0.00000E+00     0.31321E+01 -0.15535E+00 -0.29768E+01 -0.90524E-02  0.60546E+00  0.21600E-01        0. 0.320E+00     2.248  0.1521E+01  0.6915E+01  0.6140E+01
  0.42512E+00  0.55668E+01     0.36021E+00 -0.48747E-02 -0.35534E+00  0.00000E+00  0.80783E-01  0.00000E+00     0.32415E+01 -0.15836E+00 -0.30831E+01 -0.66007E-02  0.55675E+00  0.25179E-01        0. 0.340E+00     2.247  0.1646E+01  0.7038E+01  0.6257E+01
  0.45038E+00  0.57320E+01     0.38173E+00 -0.53140E-02 -0.37642E+00  0.00000E+00  0.85994E-01  0.00000E+00     0.33480E+01 -0.15845E+00 -0.31895E+01 -0.29809E-02  0.49766E+00  0.28895E-01        0. 0.360E+00     2.246  0.1773E+01  0.7126E+01  0.6344E+01
  0.47523E+00  0.58934E+01     0.40302E+00 -0.57286E-02 -0.39730E+00  0.00000E+00  0.90463E-01  0.00000E+00     0.34504E+01 -0.15530E+00 -0.32951E+01  0.12039E-02  0.42764E+00  0.32742E-01        0. 0.380E+00     2.246  0.1901E+01  0.7197E+01  0.6415E+01
  0.49963E+00  0.60512E+01     0.42407E+00 -0.61152E-02 -0.41795E+00  0.00000E+00  0.94060E-01  0.00000E+00     0.35488E+01 -0.14989E+00 -0.33989E+01  0.56903E-02  0.34643E+00  0.36360E-01        0. 0.400E+00     2.245  0.2031E+01  0.7252E+01  0.6472E+01
  0.52359E+00  0.62058E+01     0.44485E+00 -0.64721E-02 -0.43838E+00  0.00000E+00  0.96667E-01  0.00000E+00     0.36433E+01 -0.14351E+00 -0.34998E+01  0.10578E-01  0.25367E+00  0.39579E-01        0. 0.420E+00     2.243  0.2161E+01  0.7307E+01  0.6527E+01
  0.54714E+00  0.63574E+01     0.46535E+00 -0.67986E-02 -0.45855E+00  0.00000E+00  0.98183E-01  0.00000E+00     0.37337E+01 -0.13694E+00 -0.35967E+01  0.16137E-01  0.14915E+00  0.42796E-01        0. 0.440E+00     2.240  0.2293E+01  0.7371E+01  0.6591E+01
  0.57031E+00  0.65070E+01     0.48557E+00 -0.70948E-02 -0.47848E+00  0.00000E+00  0.98517E-01  0.00000E+00     0.38195E+01 -0.12974E+00 -0.36898E+01  0.22689E-01  0.33033E-01  0.46649E-01        0. 0.460E+00     2.235  0.2426E+01  0.7445E+01  0.6661E+01
  0.59318E+00  0.66539E+01     0.50552E+00 -0.73617E-02 -0.49816E+00  0.00000E+00  0.97598E-01  0.00000E+00     0.38997E+01 -0.12224E+00 -0.37774E+01  0.30332E-01 -0.95043E-01  0.51091E-01        0. 0.480E+00     2.227  0.2562E+01  0.7546E+01  0.6755E+01
  0.61584E+00  0.67996E+01     0.52522E+00 -0.76006E-02 -0.51762E+00  0.00000E+00  0.95374E-01  0.00000E+00     0.39740E+01 -0.11448E+00 -0.38595E+01  0.38986E-01 -0.23630E+00  0.55897E-01        0. 0.500E+00     2.217  0.2699E+01  0.7663E+01  0.6862E+01
  0.63839E+00  0.69412E+01     0.54468E+00 -0.78134E-02 -0.53687E+00  0.00000E+00  0.91816E-01  0.00000E+00     0.40403E+01 -0.10726E+00 -0.39331E+01  0.48404E-01 -0.38943E+00  0.60413E-01        0. 0.520E+00     2.204  0.2839E+01  0.7835E+01  0.7017E+01
  0.66094E+00  0.70823E+01     0.56393E+00 -0.80020E-02 -0.55593E+00  0.00000E+00  0.86914E-01  0.00000E+00     0.40984E+01 -0.98094E-01 -0.40003E+01  0.58501E-01 -0.55461E+00  0.64815E-01        0. 0.540E+00     2.190  0.2983E+01  0.8035E+01  0.7198E+01
  0.68363E+00  0.72224E+01     0.58300E+00 -0.81686E-02 -0.57483E+00  0.00000E+00  0.80684E-01  0.00000E+00     0.41467E+01 -0.86704E-01 -0.40600E+01  0.69179E-01 -0.73158E+00  0.69098E-01        0. 0.560E+00     2.177  0.3132E+01  0.8290E+01  0.7430E+01
  0.70657E+00  0.73626E+01     0.60191E+00 -0.83152E-02 -0.59360E+00  0.00000E+00  0.73164E-01  0.00000E+00     0.41856E+01 -0.74401E-01 -0.41112E+01  0.80166E-01 -0.91887E+00  0.73666E-01        0. 0.580E+00     2.166  0.3286E+01  0.8585E+01  0.7699E+01
  0.72987E+00  0.75058E+01     0.62071E+00 -0.84438E-02 -0.61227E+00  0.00000E+00  0.64416E-01  0.00000E+00     0.42168E+01 -0.61823E-01 -0.41550E+01  0.90798E-01 -0.11134E+01  0.79100E-01        0. 0.600E+00     2.159  0.3446E+01  0.8915E+01  0.8004E+01
  0.75361E+00  0.76504E+01     0.63943E+00 -0.85565E-02 -0.63087E+00  0.00000E+00  0.54523E-01  0.00000E+00     0.42416E+01 -0.49425E-01 -0.41922E+01  0.10084E+00 -0.13068E+01  0.84656E-01        0. 0.620E+00     2.153  0.3613E+01  0.9281E+01  0.8344E+01
  0.77786E+00  0.77996E+01     0.65809E+00 -0.86550E-02 -0.64943E+00  0.00000E+00  0.43590E-01  0.00000E+00     0.42670E+01 -0.38143E-01 -0.42289E+01  0.10915E+00 -0.14873E+01  0.89593E-01        0. 0.640E+00     2.150  0.3786E+01  0.9651E+01  0.8691E+01
  0.80264E+00  0.79539E+01     0.67672E+00 -0.87409E-02 -0.66798E+00  0.00000E+00  0.31740E-01  0.00000E+00     0.43003E+01 -0.26767E-01 -0.42735E+01  0.11505E+00 -0.16396E+01  0.93299E-01        0. 0.660E+00     2.148  0.3967E+01  0.1003E+02  0.9047E+01
  0.82789E+00  0.81148E+01     0.69536E+00 -0.88159E-02 -0.68654E+00  0.00000E+00  0.19119E-01  0.00000E+00     0.43481E+01 -0.14865E-01 -0.43333E+01  0.11879E+00 -0.17564E+01  0.96141E-01        0. 0.680E+00     2.145  0.4155E+01  0.1041E+02  0.9395E+01
  0.85355E+00  0.82831E+01     0.71402E+00 -0.88813E-02 -0.70514E+00  0.00000E+00  0.58752E-02  0.00000E+00     0.44155E+01 -0.45584E-02 -0.44109E+01  0.11992E+00 -0.18356E+01  0.98595E-01        0. 0.700E+00     2.143  0.4349E+01  0.1076E+02  0.9709E+01
  0.87953E+00  0.84575E+01     0.73273E+00 -0.89382E-02 -0.72379E+00  0.00000E+00 -0.78214E-02  0.00000E+00     0.45017E+01  0.74062E-03 -0.45024E+01  0.11813E+00 -0.18842E+01  0.10092E+00        0. 0.720E+00     2.141  0.4549E+01  0.1106E+02  0.9985E+01
  0.90571E+00  0.86347E+01     0.75149E+00 -0.89879E-02 -0.74251E+00  0.00000E+00 -0.21790E-01  0.00000E+00     0.46020E+01 -0.63118E-04 -0.46020E+01  0.11344E+00 -0.19107E+01  0.10339E+00        0. 0.740E+00     2.141  0.4754E+01  0.1135E+02  0.1024E+02
  0.93199E+00  0.88176E+01     0.77034E+00 -0.90312E-02 -0.76131E+00  0.00000E+00 -0.35849E-01  0.00000E+00     0.47158E+01 -0.71917E-02 -0.47086E+01  0.10639E+00 -0.19209E+01  0.10638E+00        0. 0.760E+00     2.143  0.4963E+01  0.1160E+02  0.1045E+02
  0.95828E+00  0.90037E+01     0.78927E+00 -0.90691E-02 -0.78020E+00  0.00000E+00 -0.49808E-01  0.00000E+00     0.48371E+01 -0.15740E-01 -0.48214E+01  0.97637E-01 -0.19180E+01  0.10950E+00        0. 0.780E+00     2.148  0.5175E+01  0.1180E+02  0.1062E+02
  0.98449E+00  0.91902E+01     0.80829E+00 -0.91023E-02 -0.79919E+00  0.00000E+00 -0.63474E-01  0.00000E+00     0.49604E+01 -0.19673E-01 -0.49408E+01  0.87759E-01 -0.19037E+01  0.11215E+00        0. 0.800E+00     2.156  0.5391E+01  0.1197E+02  0.1076E+02
  0.10105E+01  0.93766E+01     0.82741E+00 -0.91314E-02 -0.81827E+00  0.00000E+00 -0.76666E-01  0.00000E+00     0.50834E+01 -0.15535E-01 -0.50679E+01  0.77246E-01 -0.18776E+01  0.11389E+00        0. 0.820E+00     2.166  0.5608E+01  0.1209E+02  0.1087E+02
  0.10363E+01  0.95612E+01     0.84662E+00 -0.91571E-02 -0.83746E+00  0.00000E+00 -0.89200E-01  0.00000E+00     0.52045E+01 -0.27299E-02 -0.52018E+01  0.66517E-01 -0.18390E+01  0.11445E+00        0. 0.840E+00     2.177  0.5827E+01  0.1218E+02  0.1095E+02
  0.10619E+01  0.97431E+01     0.86593E+00 -0.91799E-02 -0.85675E+00  0.00000E+00 -0.10090E+00  0.00000E+00     0.53233E+01  0.17251E-01 -0.53405E+01  0.55783E-01 -0.17880E+01  0.11392E+00        0. 0.860E+00     2.191  0.6047E+01  0.1226E+02  0.1102E+02
  0.10870E+01  0.99231E+01     0.88534E+00 -0.92001E-02 -0.87614E+00  0.00000E+00 -0.11163E+00  0.00000E+00     0.54407E+01  0.43226E-01 -0.54839E+01  0.44940E-01 -0.17233E+01  0.11262E+00        0. 0.880E+00     2.204  0.6269E+01  0.1231E+02  0.1107E+02
  0.11118E+01  0.10100E+02     0.90484E+00 -0.92182E-02 -0.89562E+00  0.00000E+00 -0.12121E+00  0.00000E+00     0.55569E+01  0.72917E-01 -0.56298E+01  0.33916E-01 -0.16440E+01  0.11073E+00        0. 0.900E+00     2.217  0.6490E+01  0.1232E+02  0.1108E+02
  0.11362E+01  0.10267E+02     0.92443E+00 -0.92344E-02 -0.91520E+00  0.00000E+00 -0.12954E+00  0.00000E+00     0.56768E+01  0.87490E-01 -0.57643E+01  0.22901E-01 -0.15475E+01  0.10808E+00        0. 0.920E+00     2.226  0.6712E+01  0.1233E+02  0.1110E+02
  0.11602E+01  0.10435E+02     0.94411E+00 -0.92491E-02 -0.93486E+00  0.00000E+00 -0.13650E+00  0.00000E+00     0.57919E+01  0.11481E+00 -0.59068E+01  0.11599E-01 -0.14350E+01  0.10570E+00        0. 0.940E+00     2.232  0.6935E+01  0.1235E+02  0.1114E+02
  0.11839E+01  0.10599E+02     0.96387E+00 -0.92624E-02 -0.95461E+00  0.00000E+00 -0.14199E+00  0.00000E+00     0.59083E+01  0.13618E+00 -0.60445E+01  0.16508E-03 -0.13046E+01  0.10362E+00        0. 0.960E+00     2.233  0.7159E+01  0.1237E+02  0.1118E+02
  0.12072E+01  0.10757E+02     0.98371E+00 -0.92746E-02 -0.97443E+00  0.00000E+00 -0.14595E+00  0.00000E+00     0.60254E+01  0.14888E+00 -0.61742E+01 -0.11201E-01 -0.11549E+01  0.10213E+00        0. 0.980E+00     2.228  0.7384E+01  0.1241E+02  0.1125E+02
  0.12303E+01  0.10908E+02     0.10036E+01 -0.92859E-02 -0.99433E+00  0.00000E+00 -0.14834E+00  0.00000E+00     0.61418E+01  0.15251E+00 -0.62943E+01 -0.22133E-01 -0.98432E+00  0.10174E+00        0. 0.100E+01     2.216  0.7611E+01  0.1249E+02  0.1135E+02
          Dvm          Svm          D11          D22          D33          D23          D13          D12             SDEV11       SDEV22       SDEV33       SDEV23       SDEV13       SDEV12      TEMP    TAYLAV      WORKAV      WRATE1      WRATE2 
  0.81379E+00  0.11325E+02    -0.40825E+00 -0.40825E+00  0.81650E+00  0.00000E+00  0.00000E+00  0.00000E+00    -0.39475E+01 -0.35776E+01  0.75251E+01 -0.46256E-02  0.49117E+00 -0.88724E-01        0.     2.315  0.7771E+01  0.9210E+01  0.8036E+01
  0.81246E+00  0.11308E+02    -0.46832E+00 -0.34507E+00  0.81339E+00  0.00000E+00  0.00000E+00  0.00000E+00    -0.41392E+01 -0.33509E+01  0.74901E+01 -0.64807E-02  0.61819E+00 -0.89298E-01        0.     2.307  0.7932E+01  0.9193E+01  0.8041E+01
  0.80893E+00  0.11266E+02    -0.52483E+00 -0.27926E+00  0.80409E+00  0.00000E+00  0.00000E+00  0.00000E+00    -0.43279E+01 -0.31032E+01  0.74311E+01 -0.80292E-02  0.71289E+00 -0.87382E-01        0.     2.288  0.8093E+01  0.9120E+01  0.8021E+01
  0.80394E+00  0.11187E+02    -0.57735E+00 -0.21132E+00  0.78868E+00  0.00000E+00  0.00000E+00  0.00000E+00    -0.45355E+01 -0.27981E+01  0.73336E+01 -0.88360E-02  0.78654E+00 -0.82605E-01        0.     2.257  0.8252E+01  0.9002E+01  0.7977E+01
  0.79873E+00  0.11073E+02    -0.62547E+00 -0.14178E+00  0.76726E+00  0.00000E+00  0.00000E+00  0.00000E+00    -0.47747E+01 -0.24145E+01  0.71891E+01 -0.77278E-02  0.84393E+00 -0.76167E-01        0.     2.218  0.8410E+01  0.8848E+01  0.7903E+01
  0.79605E+00  0.10923E+02    -0.66883E+00 -0.71162E-01  0.74000E+00  0.00000E+00  0.00000E+00  0.00000E+00    -0.50978E+01 -0.18653E+01  0.69631E+01 -0.18182E-02  0.88719E+00 -0.73649E-01        0.     2.180  0.8567E+01  0.8694E+01  0.7823E+01
  0.80754E+00  0.10714E+02    -0.70711E+00  0.00000E+00  0.70711E+00  0.00000E+00  0.00000E+00  0.00000E+00    -0.60321E+01 -0.17130E+00  0.62034E+01  0.28267E-01  0.89592E+00 -0.98534E-01        0.     2.169  0.8724E+01  0.8649E+01  0.7868E+01
  0.76560E+00  0.11435E+02    -0.74000E+00  0.71162E-01  0.66883E+00  0.00000E+00  0.00000E+00  0.00000E+00    -0.75012E+01  0.30339E+01  0.44673E+01  0.27807E-01  0.92276E+00 -0.13978E+00        0.     2.194  0.8883E+01  0.8759E+01  0.7939E+01
  0.76697E+00  0.11662E+02    -0.76726E+00  0.14178E+00  0.62547E+00  0.00000E+00  0.00000E+00  0.00000E+00    -0.76955E+01  0.36655E+01  0.40300E+01  0.20803E-01  0.93420E+00 -0.12532E+00        0.     2.241  0.9046E+01  0.8951E+01  0.8148E+01
  0.77758E+00  0.11766E+02    -0.78868E+00  0.21132E+00  0.57735E+00  0.00000E+00  0.00000E+00  0.00000E+00    -0.77678E+01  0.39935E+01  0.37743E+01  0.18201E-01  0.93299E+00 -0.11301E+00        0.     2.293  0.9214E+01  0.9152E+01  0.8383E+01
  0.78875E+00  0.11828E+02    -0.80409E+00  0.27926E+00  0.52483E+00  0.00000E+00  0.00000E+00  0.00000E+00    -0.78022E+01  0.42311E+01  0.35711E+01  0.16419E-01  0.92785E+00 -0.10103E+00        0.     2.338  0.9386E+01  0.9337E+01  0.8603E+01
  0.79820E+00  0.11866E+02    -0.81339E+00  0.34507E+00  0.46832E+00  0.00000E+00  0.00000E+00  0.00000E+00    -0.78154E+01  0.44264E+01  0.33891E+01  0.15115E-01  0.92069E+00 -0.90088E-01        0.     2.374  0.9561E+01  0.9477E+01  0.8777E+01
  0.80500E+00  0.11887E+02    -0.81650E+00  0.40825E+00  0.40825E+00  0.00000E+00  0.00000E+00  0.00000E+00    -0.78130E+01  0.45974E+01  0.32155E+01  0.14363E-01  0.91236E+00 -0.80636E-01        0.     2.399  0.9739E+01  0.9573E+01  0.8903E+01
  0.80875E+00  0.11893E+02    -0.81339E+00  0.46832E+00  0.34507E+00  0.00000E+00  0.00000E+00  0.00000E+00    -0.77970E+01  0.47533E+01  0.30437E+01  0.14174E-01  0.90342E+00 -0.73040E-01        0.     2.412  0.9919E+01  0.9619E+01  0.8974E+01
  0.80925E+00  0.11887E+02    -0.80409E+00  0.52483E+00  0.27926E+00  0.00000E+00  0.00000E+00  0.00000E+00    -0.77685E+01  0.49005E+01  0.28680E+01  0.14387E-01  0.89389E+00 -0.67487E-01        0.     2.412  0.1010E+02  0.9615E+01  0.8989E+01
  0.80658E+00  0.11868E+02    -0.78868E+00  0.57735E+00  0.21132E+00  0.00000E+00  0.00000E+00  0.00000E+00    -0.77263E+01  0.50451E+01  0.26812E+01  0.14767E-01  0.88347E+00 -0.63972E-01        0.     2.401  0.1028E+02  0.9567E+01  0.8955E+01
  0.80109E+00  0.11837E+02    -0.76726E+00  0.62547E+00  0.14178E+00  0.00000E+00  0.00000E+00  0.00000E+00    -0.76675E+01  0.51950E+01  0.24725E+01  0.14985E-01  0.87073E+00 -0.61882E-01        0.     2.379  0.1045E+02  0.9474E+01  0.8870E+01
  0.79366E+00  0.11791E+02    -0.74000E+00  0.66883E+00  0.71162E-01  0.00000E+00  0.00000E+00  0.00000E+00    -0.75842E+01  0.53639E+01  0.22203E+01  0.14782E-01  0.85220E+00 -0.60194E-01        0.     2.348  0.1063E+02  0.9349E+01  0.8743E+01
  0.78646E+00  0.11718E+02    -0.70711E+00  0.70711E+00  0.00000E+00  0.00000E+00  0.00000E+00  0.00000E+00    -0.74530E+01  0.55799E+01  0.18731E+01  0.13853E-01  0.81928E+00 -0.58226E-01        0.     2.313  0.1080E+02  0.9212E+01  0.8587E+01
  0.78882E+00  0.11582E+02    -0.66883E+00  0.74000E+00 -0.71162E-01  0.00000E+00  0.00000E+00  0.00000E+00    -0.71520E+01  0.59929E+01  0.11591E+01  0.10338E-01  0.70908E+00 -0.55960E-01        0.     2.293  0.1097E+02  0.9135E+01  0.8440E+01
  0.81542E+00  0.11516E+02    -0.62547E+00  0.76726E+00 -0.14178E+00  0.00000E+00  0.00000E+00  0.00000E+00    -0.59288E+01  0.71749E+01 -0.12460E+01  0.90284E-02  0.32673E+00 -0.66978E-01        0.     2.358  0.1114E+02  0.9381E+01  0.8237E+01
  0.81488E+00  0.11596E+02    -0.57735E+00  0.78868E+00 -0.21132E+00  0.00000E+00  0.00000E+00  0.00000E+00    -0.51451E+01  0.75660E+01 -0.24208E+01 -0.18671E-03  0.15968E+00 -0.88588E-01        0.     2.374  0.1130E+02  0.9454E+01  0.8105E+01
  0.81508E+00  0.11544E+02    -0.52483E+00  0.80409E+00 -0.27926E+00  0.00000E+00  0.00000E+00  0.00000E+00    -0.46008E+01  0.76422E+01 -0.30414E+01  0.26184E-03 -0.24449E-02 -0.93626E-01        0.     2.365  0.1146E+02  0.9403E+01  0.8056E+01
  0.81590E+00  0.11465E+02    -0.46832E+00  0.81339E+00 -0.34507E+00  0.00000E+00  0.00000E+00  0.00000E+00    -0.41633E+01  0.76319E+01 -0.34686E+01  0.45539E-02 -0.45038E-01 -0.92638E-01        0.     2.352  0.1162E+02  0.9353E+01  0.8081E+01
  0.81641E+00  0.11392E+02    -0.40825E+00  0.81650E+00 -0.40825E+00  0.00000E+00  0.00000E+00  0.00000E+00    -0.37911E+01  0.75936E+01 -0.38025E+01  0.99528E-02 -0.37454E-01 -0.90078E-01        0.     2.339  0.1178E+02  0.9295E+01  0.8107E+01
  0.81593E+00  0.11312E+02    -0.34507E+00  0.81339E+00 -0.46832E+00  0.00000E+00  0.00000E+00  0.00000E+00    -0.34207E+01  0.75299E+01 -0.41091E+01  0.10144E-01 -0.13068E-01 -0.87133E-01        0.     2.321  0.1194E+02  0.9226E+01  0.8120E+01
  0.81455E+00  0.11224E+02    -0.27926E+00  0.80409E+00 -0.52483E+00  0.00000E+00  0.00000E+00  0.00000E+00    -0.30320E+01  0.74399E+01 -0.44079E+01  0.43759E-02  0.17554E-01 -0.72276E-01        0.     2.300  0.1211E+02  0.9141E+01  0.8106E+01
  0.81258E+00  0.11126E+02    -0.21132E+00  0.78868E+00 -0.57735E+00  0.00000E+00  0.00000E+00  0.00000E+00    -0.26069E+01  0.73169E+01 -0.47100E+01 -0.42048E-02  0.51494E-01 -0.46152E-01        0.     2.275  0.1227E+02  0.9039E+01  0.8059E+01
  0.81060E+00  0.11025E+02    -0.14178E+00  0.76726E+00 -0.62547E+00  0.00000E+00  0.00000E+00  0.00000E+00    -0.21292E+01  0.71562E+01 -0.50270E+01 -0.15074E-01  0.88554E-01 -0.20874E-01        0.     2.249  0.1243E+02  0.8935E+01  0.7986E+01
  0.80989E+00  0.10929E+02    -0.71162E-01  0.74000E+00 -0.66883E+00  0.00000E+00  0.00000E+00  0.00000E+00    -0.15387E+01  0.69354E+01 -0.53968E+01 -0.29672E-01  0.12718E+00  0.22366E-01        0.     2.227  0.1259E+02  0.8849E+01  0.7903E+01
  0.81432E+00  0.10876E+02     0.00000E+00  0.70711E+00 -0.70711E+00  0.00000E+00  0.00000E+00  0.00000E+00    -0.49305E+00  0.65092E+01 -0.60162E+01 -0.44076E-01  0.13915E+00  0.79252E-01        0.     2.229  0.1274E+02  0.8864E+01  0.7870E+01
  0.81202E+00  0.10954E+02     0.71162E-01  0.66883E+00 -0.74000E+00  0.00000E+00  0.00000E+00  0.00000E+00     0.13012E+01  0.55646E+01 -0.68658E+01 -0.35228E-01  0.30252E+00  0.82703E-01        0.     2.238  0.1290E+02  0.8898E+01  0.7868E+01
  0.80259E+00  0.11148E+02     0.14178E+00  0.62547E+00 -0.76726E+00  0.00000E+00  0.00000E+00  0.00000E+00     0.25046E+01  0.47898E+01 -0.72944E+01 -0.23861E-01  0.45907E+00  0.79157E-01        0.     2.251  0.1306E+02  0.8956E+01  0.7934E+01
  0.80480E+00  0.11203E+02     0.21132E+00  0.57735E+00 -0.78868E+00  0.00000E+00  0.00000E+00  0.00000E+00     0.30741E+01  0.43499E+01 -0.74240E+01 -0.12570E-01  0.29411E+00  0.75234E-01        0.     2.267  0.1322E+02  0.9017E+01  0.7945E+01
  0.80991E+00  0.11270E+02     0.27926E+00  0.52483E+00 -0.80409E+00  0.00000E+00  0.00000E+00  0.00000E+00     0.34391E+01  0.40647E+01 -0.75037E+01 -0.33675E-02 -0.22611E-01  0.80425E-01        0.     2.295  0.1338E+02  0.9125E+01  0.8011E+01
  0.81284E+00  0.11314E+02     0.34507E+00  0.46832E+00 -0.81339E+00  0.00000E+00  0.00000E+00  0.00000E+00     0.37276E+01  0.38060E+01 -0.75336E+01  0.17923E-02 -0.30543E+00  0.85775E-01        0.     2.311  0.1354E+02  0.9201E+01  0.8042E+01
          Dvm          Svm          D11          D22          D33          D23          D13          D12             SCAU11       SCAU22       SCAU33       SCAU23       SCAU13       SCAU12      TEMP    TAYLAV      WORKAV      WRATE1      WRATE2 
  0.80856E+00  0.11758E+02     0.81650E+00 -0.19102E+00 -0.62548E+00  0.00000E+00  0.00000E+00  0.00000E+00     0.11644E+02  0.00000E+00  0.00000E+00 -0.19179E-01 -0.93629E+00  0.11838E+00        0.     2.277  0.1371E+02  0.9504E+01  0.8683E+01
  0.80568E+00  0.11684E+02     0.81650E+00 -0.21330E+00 -0.60319E+00  0.00000E+00  0.00000E+00  0.00000E+00     0.11530E+02  0.00000E+00  0.00000E+00  0.11921E-01 -0.90871E+00 -0.61002E+00        0.     2.276  0.1389E+02  0.9422E+01  0.8624E+01
  0.79896E+00  0.11404E+02     0.81650E+00 -0.27782E+00 -0.53867E+00  0.00000E+00  0.00000E+00  0.00000E+00     0.11160E+02  0.00000E+00  0.00000E+00  0.67333E-01 -0.79984E+00 -0.10943E+01        0.     2.250  0.1405E+02  0.9115E+01  0.8373E+01
  0.80293E+00  0.10890E+02     0.81650E+00 -0.39440E+00 -0.42210E+00  0.00000E+00  0.00000E+00  0.00000E+00     0.10709E+02  0.00000E+00  0.00000E+00  0.86027E-01 -0.51299E+00 -0.10159E+01        0.     2.198  0.1421E+02  0.8748E+01  0.7980E+01
  0.81335E+00  0.10391E+02     0.81650E+00 -0.51712E+00 -0.29938E+00  0.00000E+00  0.00000E+00  0.00000E+00     0.10351E+02  0.00000E+00  0.00000E+00 -0.16320E+00 -0.28748E-01 -0.49896E+00        0.     2.101  0.1437E+02  0.8446E+01  0.7692E+01
  0.81574E+00  0.10293E+02     0.81650E+00 -0.58935E+00 -0.22714E+00  0.00000E+00  0.00000E+00  0.00000E+00     0.10283E+02  0.00000E+00  0.00000E+00 -0.22254E+00  0.11962E+00  0.38215E-01        0.     2.045  0.1452E+02  0.8396E+01  0.7629E+01
  0.81359E+00  0.10616E+02     0.81650E+00 -0.57302E+00 -0.24348E+00  0.00000E+00  0.00000E+00  0.00000E+00     0.10578E+02  0.00000E+00  0.00000E+00 -0.36850E-01  0.74116E-01  0.51006E+00        0.     2.115  0.1467E+02  0.8642E+01  0.7675E+01
  0.81274E+00  0.11004E+02     0.81650E+00 -0.50586E+00 -0.31064E+00  0.00000E+00  0.00000E+00  0.00000E+00     0.10954E+02  0.00000E+00  0.00000E+00 -0.41725E-01  0.47382E-01  0.60533E+00        0.     2.228  0.1483E+02  0.8942E+01  0.7828E+01
  0.81452E+00  0.11270E+02     0.81650E+00 -0.44557E+00 -0.37093E+00  0.00000E+00  0.00000E+00  0.00000E+00     0.11243E+02  0.00000E+00  0.00000E+00 -0.51717E-02  0.22356E-01  0.45143E+00        0.     2.305  0.1499E+02  0.9186E+01  0.8019E+01
  0.81641E+00  0.11393E+02     0.81650E+00 -0.40926E+00 -0.40723E+00  0.00000E+00  0.00000E+00  0.00000E+00     0.11392E+02  0.00000E+00  0.00000E+00  0.37735E-01  0.98774E-02  0.90131E-01        0.     2.339  0.1515E+02  0.9299E+01  0.8109E+01
