MORPHOLOGY AT STRAIN =    1.0000  FOR PHASE  1
   1.016   2.397   0.411  <-- AXES OF PHASE ELLIPSOID
 -157.27   90.00   90.00  <-- EULER ANGLES OF PHASE ELLIPSOID (deg)
   1.011   2.434   0.412  <-- AVERAGE OF GRAIN AXES FOR PHASE
   0.032   0.116   0.129  <-- STANDARD DEV OF AVG GRAIN AXES FOR PHASE
B       500
 -156.94   96.77   80.76     0.002000       0.9519    2.5258    0.4163
 -159.70   79.91   85.75     0.002000       0.9745    2.3383    0.4372
 -161.04   93.75   83.28     0.002000       1.0324    2.2333    0.4318
 -157.92   87.96   89.80     0.002000       1.0023    2.8122    0.3521
 -157.60   93.16   91.62     0.002000       1.0794    2.9107    0.3147
 -156.87   93.30   91.01     0.002000       1.0476    2.5567    0.3722
 -156.71   91.09   82.39     0.002000       1.0076    2.0922    0.4767
 -159.59   91.27   93.77     0.002000       1.0510    2.7466    0.3421
 -156.00   95.53   98.97     0.002000       0.9811    2.7706    0.3671
 -157.94   89.61   92.85     0.002000       0.9917    2.6285    0.3809
 -160.35   93.60   84.89     0.002000       1.0098    2.1165    0.4675
 -160.60   85.35   87.62     0.002000       1.0697    2.4490    0.3779
 -159.21   85.13   82.76     0.002000       0.9965    2.3952    0.4169
 -159.37   99.74   95.78     0.002000       0.9729    2.4185    0.4230
 -159.05   94.50   92.97     0.002000       0.9891    2.6756    0.3740
 -154.69   95.73   88.72     0.002000       1.0508    2.2934    0.4173
 -160.60   94.94   88.51     0.002000       1.0122    2.1273    0.4637
 -156.73   85.28   98.23     0.002000       0.9987    2.1038    0.4783
 -154.94   94.00  101.16     0.002000       1.0288    2.3136    0.4221
 -156.20   88.40   92.43     0.002000       1.0891    2.3320    0.3943
 -158.90   82.52   84.02     0.002000       0.9583    2.6586    0.3894
 -158.60   90.85   87.60     0.002000       1.0128    2.7995    0.3494
 -158.91   85.99   89.65     0.002000       1.0571    2.6291    0.3559
 -157.69   91.40   88.51     0.002000       1.0414    2.9580    0.3214
 -159.13   87.05   86.43     0.002000       1.0087    2.7571    0.3558
 -161.40   99.32   92.43     0.002000       1.0067    2.1665    0.4569
 -161.40   81.97   90.61     0.002000       1.0344    1.9511    0.4955
 -153.89   89.78   89.33     0.002000       1.0095    2.5678    0.3883
 -153.98   95.64   93.67     0.002000       1.0248    2.2343    0.4400
 -154.76   90.98   81.34     0.002000       0.9961    2.6048    0.3872
 -159.90   82.52   85.31     0.002000       0.9865    2.3133    0.4365
 -155.01   91.06   81.45     0.002000       0.9783    2.7263    0.3760
 -154.59   89.73   83.77     0.002000       1.0312    2.6326    0.3698
 -154.63   96.26   87.15     0.002000       1.0331    2.3568    0.4133
 -154.72   88.05   80.10     0.002000       1.0397    2.4715    0.3909
 -156.09   88.77   78.00     0.002000       1.0400    2.2027    0.4385
 -155.20   87.03   96.55     0.002000       0.9644    2.8019    0.3708
 -157.65   89.45   90.10     0.002000       1.0196    2.8030    0.3472
 -156.59   84.10   89.69     0.002000       1.0648    2.8871    0.3234
 -161.20   93.79   83.43     0.002000       0.9981    2.0126    0.4978
 -156.87   89.83   85.75     0.002000       0.9273    2.7437    0.3917
 -160.56   81.58   95.62     0.002000       1.0157    1.9990    0.4931
 -155.03   94.31   87.27     0.002000       1.0048    2.6252    0.3805
 -156.16   93.15   99.37     0.002000       1.0327    2.6966    0.3583
 -155.38   92.40   94.99     0.002000       1.0169    2.6278    0.3748
 -158.65   90.05   89.75     0.002000       1.0032    2.0377    0.4907
 -156.34   88.46   86.91     0.002000       1.0032    2.1115    0.4744
 -157.73   83.77   88.11     0.002000       0.9613    2.8645    0.3605
 -154.58   89.04   92.30     0.002000       1.0087    2.7311    0.3641
 -159.57   87.12   87.56     0.002000       0.9990    2.1348    0.4688
 -159.82   84.48   87.42     0.002000       0.9838    2.1645    0.4693
 -160.56   94.09   95.64     0.002000       1.0462    2.5456    0.3714
 -158.53   93.49   99.59     0.002000       0.9914    2.3430    0.4296
 -161.31   86.24   95.41     0.002000       1.0143    2.1864    0.4492
 -155.29   95.01  100.73     0.002000       1.0173    2.6537    0.3706
 -155.63   89.49  100.61     0.002000       0.9844    2.1442    0.4766
 -155.95   91.17   85.72     0.002000       0.9786    2.8368    0.3599
 -154.57   88.04   95.52     0.002000       1.0197    2.2505    0.4392
 -154.16   90.84   93.23     0.002000       1.0199    2.1667    0.4559
 -160.64   86.18   91.08     0.002000       1.0067    2.4113    0.4088
 -158.49   88.40   88.14     0.002000       1.0259    2.6768    0.3605
 -155.48   93.29   85.12     0.002000       0.9796    2.7356    0.3738
 -154.35   91.02   83.45     0.002000       1.0021    2.6198    0.3829
 -159.41   91.99   92.14     0.002000       1.0334    2.6899    0.3554
 -158.00   96.76   92.38     0.002000       0.9690    2.8369    0.3608
 -157.02   92.72   79.60     0.002000       0.9355    2.6573    0.4017
 -155.14   86.01   93.70     0.002000       0.9968    2.7845    0.3609
 -157.73   88.67  102.57     0.002000       0.9668    2.4660    0.4190
 -158.20   89.24   88.69     0.002000       0.9989    2.8064    0.3537
 -159.07   94.33   95.31     0.002000       0.9894    2.5106    0.3997
 -158.90   83.07   85.92     0.002000       0.9771    2.1390    0.4790
 -154.61   95.47   88.96     0.002000       1.0304    2.4559    0.3973
 -157.69   92.72   87.61     0.002000       1.0461    2.5813    0.3680
 -155.39   86.11   87.44     0.002000       1.0149    2.7209    0.3624
 -160.28   81.26   87.36     0.002000       1.0247    2.1176    0.4601
 -154.22   87.54   81.46     0.002000       0.9891    2.0934    0.4870
 -155.83   84.64   90.09     0.002000       1.0330    2.8016    0.3450
 -159.41   92.93   78.25     0.002000       1.0197    2.2602    0.4331
 -160.25   85.46   88.74     0.002000       0.9853    2.2462    0.4504
 -156.63   90.02   91.09     0.002000       1.0193    2.9792    0.3273
 -153.96   89.60   92.25     0.002000       1.0196    2.4927    0.3962
 -158.40   91.19   90.81     0.002000       1.0779    2.7626    0.3320
 -158.18   93.38   84.06     0.002000       1.0130    2.0236    0.4897
 -159.87   83.14   86.23     0.002000       0.9802    2.2114    0.4606
 -154.87   92.04   90.37     0.002000       1.0341    2.3051    0.4215
 -155.27   95.05   89.61     0.002000       1.0280    2.6859    0.3628
 -156.74   91.83   91.52     0.002000       1.0362    2.1844    0.4434
 -158.81   89.13   91.50     0.002000       1.0060    2.6799    0.3671
 -156.98  101.12   97.55     0.002000       0.9819    2.5103    0.4048
 -157.09   81.55   83.15     0.002000       0.9945    2.1983    0.4585
 -153.87   89.25   89.96     0.002000       1.0035    2.4792    0.4050
 -158.75   94.45   91.96     0.002000       0.9843    2.0879    0.4877
 -154.47   82.24   91.38     0.002000       1.0572    2.1424    0.4448
 -156.47   91.35   99.40     0.002000       0.9364    2.7732    0.3843
 -161.55   85.47   92.67     0.002000       1.0261    2.1949    0.4420
 -156.89   88.17   89.42     0.002000       1.0267    2.9697    0.3256
 -155.86   95.47  100.83     0.002000       1.0445    2.4249    0.3953
 -154.19   89.93   92.96     0.002000       1.0229    2.5281    0.3890
 -155.58   94.56   80.85     0.002000       0.9691    2.5463    0.4069
 -154.91   91.13  100.17     0.002000       0.9898    2.1097    0.4823
 -154.73   88.38   97.43     0.002000       0.9871    2.7125    0.3748
 -154.10   94.71   95.01     0.002000       1.0142    2.3035    0.4308
 -155.36   91.87   84.53     0.002000       0.9992    2.8706    0.3486
 -159.92   89.80   93.08     0.002000       1.0359    2.4019    0.3990
 -161.57   94.20   90.62     0.002000       1.0465    2.2352    0.4249
 -158.22   90.72   90.59     0.002000       0.9987    2.8110    0.3532
 -157.84   88.65   90.43     0.002000       1.0667    2.8108    0.3304
 -156.12   94.06  102.73     0.002000       0.9851    2.4648    0.4124
 -157.18  102.19   95.86     0.002000       0.9994    2.5103    0.3975
 -158.41   91.85   90.98     0.002000       1.0290    2.7622    0.3481
 -155.01   93.23   86.80     0.002000       1.0026    2.7724    0.3605
 -158.19   91.77   91.32     0.002000       1.0126    2.6563    0.3685
 -156.36   89.58  102.02     0.002000       0.9788    2.5410    0.4024
 -159.06   97.43   96.18     0.002000       0.9694    2.5352    0.4042
 -160.16   94.44   83.59     0.002000       1.0165    2.0825    0.4724
 -155.13   90.65   98.10     0.002000       1.0106    2.7843    0.3556
 -154.55   92.34   98.70     0.002000       1.0552    2.4757    0.3845
 -158.97   87.42   86.40     0.002000       1.0094    2.5481    0.3855
 -161.23   88.88   84.89     0.002000       1.0477    2.3479    0.4033
 -157.97   90.46   89.15     0.002000       1.0044    2.8135    0.3511
 -155.98   94.10   89.52     0.002000       1.0698    2.6591    0.3512
 -155.05   92.69   93.52     0.002000       1.0168    1.8956    0.5233
 -157.88   90.78   89.75     0.002000       1.0070    2.8122    0.3504
 -156.24   90.09   80.89     0.002000       0.9370    2.7945    0.3816
 -154.69   93.12   85.83     0.002000       0.9827    2.6212    0.3901
 -157.68   89.50   89.45     0.002000       0.9960    2.8272    0.3525
 -154.58   92.61   92.18     0.002000       1.0254    2.2974    0.4268
 -155.17   90.45   82.16     0.002000       0.9843    2.8260    0.3599
 -155.49   94.10  101.93     0.002000       1.0011    2.5900    0.3861
 -155.00   85.90   87.24     0.002000       1.0128    2.5633    0.3866
 -154.35   82.50   87.64     0.002000       1.0425    2.0803    0.4648
 -157.01   84.70   89.94     0.002000       1.0248    2.8007    0.3467
 -160.90   94.68   90.77     0.002000       1.0186    2.3086    0.4227
 -157.62   85.68   84.60     0.002000       1.0100    2.0802    0.4776
 -154.54   91.20   83.60     0.002000       1.0198    2.2930    0.4309
 -155.20   92.95  101.65     0.002000       1.0421    2.3197    0.4156
 -157.55   97.66   82.97     0.002000       1.0080    2.0472    0.4868
 -157.87   88.84   88.85     0.002000       1.0285    2.7569    0.3496
 -155.62   87.21   80.71     0.002000       0.9938    2.0365    0.4975
 -158.57   98.41   95.62     0.002000       0.9561    2.6719    0.3886
 -154.66   85.97   79.71     0.002000       1.0323    2.2775    0.4278
 -157.24   92.41   93.28     0.002000       1.0080    2.0601    0.4837
 -153.95   92.38   90.59     0.002000       1.0061    2.3175    0.4324
 -159.68   94.77   93.86     0.002000       1.0022    2.6781    0.3685
 -159.90   82.30   86.09     0.002000       1.0001    2.2214    0.4490
 -158.19   97.56   95.96     0.002000       0.9428    2.7016    0.3900
 -155.06   92.49   85.76     0.002000       1.0011    2.8184    0.3549
 -154.02   94.04   91.96     0.002000       1.0127    2.2781    0.4369
 -161.59   90.41   89.85     0.002000       1.0144    1.9466    0.5066
 -154.72   88.94   98.12     0.002000       1.0269    2.3642    0.4145
 -157.00   79.72   82.99     0.002000       0.9717    2.7219    0.3763
 -156.82   81.44   83.33     0.002000       0.9704    2.7901    0.3676
 -158.32   87.20   89.14     0.002000       1.0480    2.6994    0.3499
 -156.04   94.03   88.04     0.002000       1.0398    2.9197    0.3283
 -154.39   92.78   88.53     0.002000       0.9980    2.5224    0.3996
 -159.60   86.96   89.12     0.002000       0.9828    2.5186    0.4007
 -158.27   95.24   92.79     0.002000       0.9542    2.8079    0.3702
 -154.21   85.30   93.07     0.002000       0.9904    2.3549    0.4321
 -157.11   87.01   88.77     0.002000       1.1058    2.6992    0.3327
 -156.35   90.42   89.06     0.002000       1.0770    2.5254    0.3672
 -158.76   99.21   95.29     0.002000       0.9750    2.6805    0.3796
 -159.40   89.14   89.60     0.002000       1.0036    2.0823    0.4791
 -155.54   86.59   93.76     0.002000       1.0093    2.8806    0.3436
 -156.48   91.57   78.36     0.002000       0.9692    2.5683    0.4020
 -154.96   86.37   96.84     0.002000       0.9610    2.6727    0.3910
 -159.40   88.81   94.66     0.002000       1.0427    2.4947    0.3812
 -155.89   91.73  101.74     0.002000       1.0158    2.1307    0.4646
 -158.49   93.49   89.53     0.002000       1.0692    2.6339    0.3515
 -155.43   87.05   86.83     0.002000       1.0186    1.8602    0.5322
 -156.77   78.10   83.47     0.002000       0.9942    2.3503    0.4281
 -156.71   87.43   87.78     0.002000       0.9884    2.9240    0.3442
 -155.99   84.13   85.06     0.002000       1.0165    2.5908    0.3798
 -154.04   86.61   88.16     0.002000       1.0096    2.2417    0.4456
 -154.14   90.60   90.04     0.002000       1.0034    2.5514    0.3931
 -157.52   92.30   92.05     0.002000       0.9530    2.8470    0.3659
 -157.94   92.79   89.38     0.002000       0.9983    2.8232    0.3521
 -157.48   90.87   96.08     0.002000       0.9293    2.7413    0.3904
 -155.03   89.97   85.00     0.002000       1.0288    2.1213    0.4617
 -155.59   85.40   92.36     0.002000       1.0235    2.8631    0.3409
 -158.70   86.45   91.67     0.002000       1.0052    2.0378    0.4896
 -155.29   90.30   87.89     0.002000       1.0084    2.7498    0.3610
 -160.19   86.40   95.79     0.002000       0.9938    1.8815    0.5366
 -157.88   94.77   88.68     0.002000       1.0012    2.9150    0.3396
 -155.49   88.99   79.98     0.002000       0.9725    2.7509    0.3741
 -157.16  101.67   96.90     0.002000       0.9863    2.4141    0.4195
 -159.20   90.57   89.65     0.002000       1.0227    2.7103    0.3568
 -154.86   94.31   83.90     0.002000       0.9692    2.5921    0.4001
 -159.87   97.45   94.50     0.002000       0.9757    2.3150    0.4411
 -157.65   90.99   82.17     0.002000       1.0158    2.0564    0.4807
 -157.58   87.47   90.91     0.002000       1.0646    2.8687    0.3244
 -159.17   98.91   95.73     0.002000       0.9748    2.6126    0.3896
 -155.36   88.21   78.60     0.002000       1.0037    2.5674    0.3891
 -159.45   93.19   95.58     0.002000       1.0084    2.3658    0.4170
 -154.86   93.54   92.16     0.002000       1.0231    1.9092    0.5164
 -159.44   95.48   94.25     0.002000       0.9965    2.7096    0.3666
 -157.44   92.77   89.59     0.002000       1.1008    2.6072    0.3461
 -159.56   88.88   91.50     0.002000       0.9922    2.6658    0.3739
 -159.82   87.34   85.90     0.002000       1.0868    2.7202    0.3335
 -159.06   81.28   84.15     0.002000       0.9748    2.6582    0.3827
 -157.00   88.00   90.35     0.002000       1.0090    2.5350    0.3900
 -157.24   84.47   90.02     0.002000       1.0004    2.0611    0.4871
 -155.37   91.34  101.33     0.002000       1.0149    2.4930    0.3965
 -158.01   97.75   96.37     0.002000       0.9896    2.1935    0.4612
 -155.13   81.66   94.16     0.002000       1.0504    1.9642    0.4886
 -156.98   93.35   91.26     0.002000       1.0918    2.8501    0.3188
 -159.97   84.45   86.77     0.002000       0.9809    2.3389    0.4338
 -159.59   88.06   89.53     0.002000       0.9838    2.5496    0.3952
 -156.61   87.60   90.31     0.002000       1.1044    2.5511    0.3538
 -159.07   92.43   91.99     0.002000       1.0306    2.7555    0.3480
 -157.77   80.70   79.80     0.002000       1.0656    2.3990    0.3898
 -158.52   96.72   90.93     0.002000       1.0001    2.1382    0.4682
 -159.07   88.72   87.01     0.002000       1.0082    2.7581    0.3560
 -154.95   87.14   83.90     0.002000       1.0360    2.5027    0.3871
 -160.96   96.03   83.99     0.002000       1.0018    1.9294    0.5183
 -154.53   83.91   87.22     0.002000       1.0359    2.3678    0.4098
 -154.65   90.60   91.08     0.002000       1.0106    2.1350    0.4674
 -157.30   95.35   98.98     0.002000       1.0000    2.2255    0.4502
 -158.80   87.67   93.30     0.002000       1.0531    2.8659    0.3273
 -158.72   80.41   85.96     0.002000       0.9894    2.1529    0.4698
 -158.33   90.07   98.30     0.002000       1.0007    1.9435    0.5165
 -158.12   79.38   83.88     0.002000       0.9751    2.2425    0.4575
 -159.17   97.02   89.04     0.002000       1.0082    2.0335    0.4888
 -156.69   97.80   97.61     0.002000       0.9955    2.2681    0.4438
 -157.13   87.10   78.67     0.002000       1.0017    2.2108    0.4528
 -160.98   94.30   90.34     0.002000       1.0434    2.3526    0.4042
 -157.67   85.51   91.21     0.002000       1.0263    2.9134    0.3315
 -156.79   94.97   92.31     0.002000       1.0102    2.8085    0.3506
 -155.72   86.29   91.86     0.002000       1.0321    2.7214    0.3561
 -155.76   87.67   95.00     0.002000       0.9440    2.7583    0.3843
 -161.85   88.15   90.70     0.002000       1.0198    2.0141    0.4862
 -160.17   99.94   87.46     0.002000       1.0319    1.9783    0.4906
 -155.70   85.18   90.70     0.002000       1.0653    2.5982    0.3616
 -155.03   95.30   93.31     0.002000       1.0249    2.4889    0.3934
 -158.19   80.48   81.88     0.002000       0.9819    2.3232    0.4378
 -160.81   88.19   94.88     0.002000       1.0367    2.7123    0.3507
 -160.25   96.73   84.85     0.002000       1.0139    2.0271    0.4870
 -155.83   85.89   90.94     0.002000       1.0564    2.6618    0.3556
 -156.13   94.87   94.24     0.002000       1.0117    2.6094    0.3787
 -156.32   85.97   89.61     0.002000       1.0822    2.8487    0.3228
 -160.92   93.28   88.54     0.002000       1.0292    2.3876    0.4036
 -159.22   87.44   85.34     0.002000       1.0057    1.8351    0.5443
 -157.99   90.81   89.43     0.002000       1.0017    2.7991    0.3540
 -159.42   95.02   88.65     0.002000       1.0053    2.8134    0.3495
 -159.10   93.69   88.85     0.002000       0.9996    2.0593    0.4868
 -159.26   92.04   88.66     0.002000       1.0287    2.5753    0.3737
 -160.38   86.58   97.37     0.002000       1.0390    2.2411    0.4278
 -156.40   85.14   90.80     0.002000       1.0515    2.9163    0.3245
 -157.90   89.60   85.70     0.002000       0.9684    2.6704    0.3840
 -154.95   92.71   99.14     0.002000       1.0448    2.6325    0.3642
 -158.98   80.06   97.11     0.002000       1.0120    1.9623    0.5056
 -155.91   86.45   91.43     0.002000       1.0634    2.4147    0.3898
 -159.91   84.74   91.06     0.002000       1.0052    2.0861    0.4770
 -155.30   88.58   80.74     0.002000       1.0077    2.1481    0.4648
 -159.80   91.88   89.38     0.002000       0.9790    2.5318    0.4000
 -157.59   79.55   84.87     0.002000       0.9986    2.7516    0.3614
 -154.44   88.24   81.91     0.002000       1.0483    2.3425    0.4099
 -158.37   90.77   86.93     0.002000       1.0001    2.1070    0.4756
 -158.30   91.51   98.10     0.002000       1.0167    2.1258    0.4635
 -155.25   88.98   98.67     0.002000       0.9704    2.7711    0.3725
 -157.95   99.29   93.10     0.002000       0.9858    2.8037    0.3589
 -158.99   92.87   91.59     0.002000       1.0318    2.7375    0.3499
 -153.94   85.04   85.95     0.002000       1.0143    2.2889    0.4339
 -154.12   89.77   84.21     0.002000       1.0372    2.4659    0.3935
 -154.15   90.29   86.51     0.002000       1.0166    2.6256    0.3766
 -156.91   88.38   89.33     0.002000       1.0268    2.7816    0.3483
 -157.52   89.00  103.34     0.002000       0.9888    2.3312    0.4342
 -156.31   82.82   88.18     0.002000       1.0510    2.7952    0.3391
 -156.88   92.55   88.91     0.002000       1.0993    2.5318    0.3579
 -159.00   91.07   89.59     0.002000       1.0005    2.0581    0.4867
 -158.78   87.62   92.38     0.002000       1.0308    2.9038    0.3300
 -157.50   80.33   83.51     0.002000       0.9548    2.7248    0.3823
 -157.24   84.58   88.69     0.002000       0.9775    2.9266    0.3471
 -155.80   88.59   94.75     0.002000       0.9849    2.9233    0.3467
 -154.57   86.32   96.28     0.002000       0.9896    2.3917    0.4255
 -156.15   92.67  102.36     0.002000       0.9755    2.5845    0.3968
 -154.40   88.97   95.95     0.002000       1.0151    2.6634    0.3715
 -157.56   88.63   88.22     0.002000       0.9747    2.8121    0.3622
 -154.05   88.36   85.33     0.002000       1.0290    2.3146    0.4231
 -159.29   87.65   89.84     0.002000       0.9826    2.6009    0.3877
 -158.97   89.16   96.73     0.002000       1.0088    2.5100    0.3922
 -156.32   97.46   98.21     0.002000       0.9779    2.7517    0.3704
 -157.55   85.19   82.06     0.002000       0.9290    2.7426    0.3904
 -157.83  100.91   97.07     0.002000       0.9679    2.5696    0.4003
 -157.14   87.32   90.33     0.002000       1.1022    2.5757    0.3504
 -160.46   95.57   94.42     0.002000       1.0152    2.5264    0.3862
 -154.82   89.42   99.16     0.002000       1.0105    2.5627    0.3878
 -157.95   86.85   90.93     0.002000       1.0296    2.8213    0.3414
 -159.06   84.95   85.95     0.002000       0.9743    2.7424    0.3706
 -159.19   82.44   84.11     0.002000       0.9687    2.6155    0.3915
 -160.74   84.05   95.81     0.002000       1.0130    2.0817    0.4738
 -159.01   93.91   97.42     0.002000       1.0033    2.2495    0.4423
 -155.04   91.38   82.67     0.002000       0.9778    2.8062    0.3652
 -157.55   89.54   92.33     0.002000       1.0302    2.6064    0.3701
 -158.44   88.72   87.65     0.002000       1.0095    2.0385    0.4875
 -158.98   92.15   91.89     0.002000       1.0182    2.7828    0.3485
 -158.97   94.55   96.67     0.002000       0.9864    2.4836    0.4057
 -159.25   98.57   95.75     0.002000       0.9726    2.5879    0.3943
 -155.16   93.55   83.34     0.002000       0.9616    2.7034    0.3860
 -154.88   94.27   85.68     0.002000       0.9892    2.6025    0.3902
 -158.13   87.01   88.70     0.002000       0.9765    2.8208    0.3602
 -161.76   86.96   85.91     0.002000       1.0296    2.0637    0.4694
 -156.80   86.93   85.84     0.002000       0.9506    2.8907    0.3622
 -158.91   93.61   90.92     0.002000       1.0001    2.9536    0.3339
 -161.53   82.37   87.00     0.002000       1.0441    2.0453    0.4672
 -154.03   86.40   85.57     0.002000       1.0160    2.1992    0.4509
 -158.56   89.05   91.79     0.002000       1.0515    2.7945    0.3367
 -161.50   94.64   88.62     0.002000       1.0350    2.2035    0.4364
 -157.30   90.50   91.18     0.002000       1.1046    2.8591    0.3136
 -156.93   90.01   85.90     0.002000       1.0327    2.5223    0.3831
 -155.70   90.08   91.35     0.002000       1.0331    2.3938    0.4051
 -160.55   83.15   99.55     0.002000       1.0379    2.1368    0.4502
 -157.45   79.71   84.64     0.002000       0.9733    2.7709    0.3684
 -158.35  100.73   93.88     0.002000       0.9921    2.7160    0.3682
 -157.80   81.27   86.16     0.002000       0.9689    2.8141    0.3640
 -157.61   91.71   90.57     0.002000       0.9791    2.8463    0.3562
 -156.92   91.81   90.93     0.002000       1.1017    2.8492    0.3160
 -157.36   92.76   88.31     0.002000       1.0832    2.5432    0.3611
 -156.48   88.58   87.48     0.002000       0.9946    2.9280    0.3418
 -158.57   91.50   86.98     0.002000       1.0467    2.8191    0.3353
 -156.72   95.11   79.14     0.002000       0.9728    1.9748    0.5242
 -154.56   86.87   94.10     0.002000       0.9804    2.6305    0.3897
 -159.66   79.37   93.55     0.002000       1.0338    1.8169    0.5349
 -159.63   93.20   92.98     0.002000       1.0374    2.7029    0.3523
 -158.07   90.39   82.65     0.002000       0.9539    2.6417    0.3945
 -154.46   92.32   90.72     0.002000       1.0044    2.5287    0.3959
 -159.49   93.65   91.60     0.002000       1.0853    2.6293    0.3461
 -155.53   88.82   94.26     0.002000       1.0054    2.7890    0.3566
 -156.61   89.80  101.68     0.002000       0.9988    2.1291    0.4725
 -159.77   78.90   96.09     0.002000       1.0213    1.8381    0.5352
 -155.47   92.84   87.47     0.002000       1.0482    2.4742    0.3867
 -158.66   87.50   92.72     0.002000       1.0313    2.8343    0.3385
 -161.19   92.11   92.13     0.002000       1.0448    2.3634    0.4016
 -160.66   84.92   89.06     0.002000       1.0012    2.3006    0.4319
 -157.92   89.82   89.63     0.002000       1.0002    2.8154    0.3524
 -159.78   98.04   95.14     0.002000       0.9849    2.5082    0.4018
 -157.93   92.47   89.62     0.002000       1.0902    2.6591    0.3418
 -155.79   85.55   92.15     0.002000       1.0301    2.8971    0.3343
 -155.37   94.84   87.99     0.002000       1.0251    2.6507    0.3688
 -156.56   88.55   87.49     0.002000       0.9917    2.8589    0.3513
 -156.44   84.16   96.60     0.002000       0.9276    2.5848    0.4175
 -160.04   93.54   90.94     0.002000       0.9860    2.1969    0.4608
 -155.51   92.00   83.47     0.002000       0.9652    2.8567    0.3628
 -157.47   92.89   96.64     0.002000       0.9253    2.7742    0.3874
 -153.94   87.60   90.80     0.002000       0.9988    2.4045    0.4197
 -154.81   94.41   88.05     0.002000       0.9938    2.1580    0.4701
 -154.61   90.92   85.27     0.002000       1.0046    2.7526    0.3627
 -157.13   87.31   91.49     0.002000       1.0481    2.5079    0.3791
 -154.09   92.52   87.41     0.002000       0.9924    2.4260    0.4185
 -158.23   87.13   84.25     0.002000       0.9575    2.6784    0.3870
 -158.01   89.72   77.01     0.002000       0.9810    2.3736    0.4292
 -156.13   90.96   94.95     0.002000       1.0039    2.7586    0.3605
 -154.07   89.60   91.15     0.002000       1.0111    2.6478    0.3755
 -156.99   85.86   77.48     0.002000       0.9637    2.4917    0.4162
 -153.99   85.17   82.81     0.002000       1.0013    2.2203    0.4532
 -158.97   92.42   88.74     0.002000       0.9995    2.6212    0.3780
 -156.72   90.40   91.02     0.002000       1.0326    2.4766    0.3905
 -159.75  102.73   86.08     0.002000       1.0542    1.9446    0.4890
 -156.90   87.17   83.72     0.002000       0.9316    2.8522    0.3748
 -159.60   89.00   85.56     0.002000       1.0147    2.1342    0.4615
 -158.89   78.99   83.33     0.002000       0.9747    2.3683    0.4318
 -158.02   93.16   90.94     0.002000       1.0792    2.6824    0.3420
 -161.63   87.27   94.15     0.002000       1.0189    2.2094    0.4420
 -154.53   87.50   90.10     0.002000       1.0031    2.6264    0.3813
 -155.51   86.73   77.72     0.002000       1.0381    2.2424    0.4316
 -156.70   94.33   87.97     0.002000       1.0336    2.9190    0.3296
 -153.89   90.37   89.50     0.002000       1.0023    2.4774    0.4057
 -158.42   93.43   90.08     0.002000       0.9956    2.0506    0.4914
 -158.95   84.64   88.46     0.002000       0.9941    2.7410    0.3637
 -161.21   93.53   86.44     0.002000       1.0115    2.2422    0.4388
 -160.79   84.37   88.22     0.002000       1.0146    2.2545    0.4352
 -155.64   93.51   95.25     0.002000       1.0144    2.6438    0.3731
 -156.90   83.33   83.94     0.002000       1.0009    2.1449    0.4674
 -158.04   87.64   91.02     0.002000       1.0303    2.5703    0.3749
 -159.23   84.88   88.09     0.002000       0.9870    2.1000    0.4831
 -153.93   89.95   90.26     0.002000       1.0084    2.2899    0.4369
 -158.03   86.72   89.84     0.002000       1.0897    2.6578    0.3420
 -158.38   98.27   92.52     0.002000       0.9916    2.1077    0.4794
 -154.74   85.75   96.96     0.002000       0.9750    2.4899    0.4144
 -158.50  100.25   87.56     0.002000       1.0169    2.0868    0.4722
 -160.02   94.81   92.41     0.002000       0.9805    2.2705    0.4477
 -155.97   88.39   82.88     0.002000       1.0435    2.1488    0.4482
 -154.79   88.46   98.54     0.002000       0.9954    2.5996    0.3882
 -157.62   84.75   90.56     0.002000       1.0007    2.9136    0.3402
 -161.35   95.87   82.19     0.002000       1.0385    2.1223    0.4525
 -156.40   91.83   99.36     0.002000       1.0056    2.1725    0.4597
 -161.78   94.74   89.03     0.002000       1.0359    2.1149    0.4548
 -156.27   94.10   94.48     0.002000       1.0023    2.1548    0.4650
 -157.33   94.36  101.15     0.002000       0.9633    2.4793    0.4182
 -160.18   88.59   93.66     0.002000       1.0429    2.4430    0.3892
 -159.77   97.47   94.56     0.002000       0.9809    2.4007    0.4224
 -154.07   92.27   94.05     0.002000       1.0168    2.3956    0.4133
 -159.50   92.92   93.64     0.002000       1.0210    2.7311    0.3545
 -157.36   85.62   88.09     0.002000       1.0665    2.8758    0.3229
 -157.44   84.80   79.98     0.002000       0.9999    2.2294    0.4493
 -161.46   90.92   84.81     0.002000       1.0165    2.3788    0.4102
 -156.56   86.76   85.89     0.002000       0.9670    2.9261    0.3518
 -157.55   91.18   92.05     0.002000       0.9680    2.7802    0.3690
 -154.37   89.28   96.85     0.002000       1.0254    2.5834    0.3794
 -157.01   96.31   98.18     0.002000       0.9992    2.2252    0.4507
 -155.40   93.76   98.95     0.002000       1.0561    2.4848    0.3818
 -155.59   93.21   87.84     0.002000       1.0765    2.4219    0.3844
 -158.02   91.02   89.59     0.002000       1.0061    2.8003    0.3522
 -158.78   97.00   82.43     0.002000       1.0076    1.9929    0.4999
 -155.16   81.80   95.49     0.002000       0.9747    2.3016    0.4489
 -158.52   86.77   87.42     0.002000       0.9971    2.7584    0.3598
 -159.12   87.40   85.60     0.002000       1.0101    2.0963    0.4727
 -154.20   88.24   89.84     0.002000       1.0044    2.2079    0.4549
 -157.73   94.73   89.83     0.002000       0.9826    2.8753    0.3513
 -156.93   86.39   88.32     0.002000       0.9876    2.9368    0.3427
 -154.26   91.93   84.44     0.002000       0.9950    2.4065    0.4208
 -157.60   82.59   84.44     0.002000       0.9910    2.1333    0.4743
 -154.93   91.79   95.23     0.002000       1.0332    2.5246    0.3847
 -159.86   97.94   95.05     0.002000       0.9758    2.3920    0.4262
 -154.12   89.58   84.65     0.002000       1.0114    2.0663    0.4826
 -160.02   87.07   89.55     0.002000       0.9916    2.1892    0.4598
 -154.87   85.69   97.42     0.002000       0.9780    2.4803    0.4147
 -160.32   78.46   86.58     0.002000       1.0318    2.0995    0.4609
 -158.46   91.82   87.18     0.002000       1.0387    2.8256    0.3373
 -155.39   90.38   79.72     0.002000       1.0294    2.3135    0.4221
 -161.87   87.18   88.47     0.002000       1.0275    2.0764    0.4674
 -156.08   81.83   82.06     0.002000       0.9989    2.3363    0.4293
 -158.26   91.83   93.20     0.002000       1.0097    1.8099    0.5505
 -154.49   89.62   97.36     0.002000       1.0266    2.6067    0.3753
 -155.77   92.41   95.29     0.002000       1.0090    2.7126    0.3652
 -157.41   86.74   85.14     0.002000       1.0600    2.5863    0.3628
 -156.46   90.20   94.08     0.002000       1.0416    2.4443    0.3927
 -158.68   87.77   87.99     0.002000       0.9992    2.7754    0.3573
 -154.88   87.57   80.60     0.002000       1.0445    2.2385    0.4304
 -160.01   95.25   92.49     0.002000       0.9866    2.4751    0.4063
 -159.41   78.05   86.49     0.002000       1.0234    2.1348    0.4574
 -153.88   89.74   89.22     0.002000       1.0088    2.5166    0.3967
 -156.58   94.76   99.30     0.002000       1.0529    2.5325    0.3744
 -156.07   93.48   88.85     0.002000       1.0184    2.7933    0.3508
 -158.17   88.32   93.47     0.002000       1.0001    2.1101    0.4749
 -156.16   89.52   93.35     0.002000       0.9791    2.8467    0.3580
 -156.59   94.22   90.96     0.002000       1.0625    2.5817    0.3636
 -156.18   95.41  100.23     0.002000       1.0385    2.6368    0.3644
 -158.25   88.41   89.22     0.002000       0.9974    2.8042    0.3546
 -156.44   96.71   86.01     0.002000       0.9441    2.3743    0.4476
 -160.38   95.03   89.61     0.002000       1.0065    2.1326    0.4653
 -154.89   96.47   85.71     0.002000       1.0524    2.1550    0.4440
 -159.45   93.84   90.73     0.002000       0.9945    2.5587    0.3894
 -157.01   83.18   91.12     0.002000       0.9775    2.1455    0.4789
 -154.84   92.48   97.65     0.002000       1.0542    2.5011    0.3806
 -156.14   82.85   94.08     0.002000       1.0307    1.8459    0.5298
 -157.87   91.52   92.76     0.002000       0.9745    2.7293    0.3730
 -159.25   86.84   83.66     0.002000       1.0058    1.8767    0.5319
 -154.77   94.28   86.80     0.002000       0.9996    2.5653    0.3919
 -159.54   83.10   96.51     0.002000       1.0128    2.0152    0.4911
 -159.80   90.70   90.46     0.002000       1.0032    2.3972    0.4131
 -156.63   86.04   88.84     0.002000       1.0929    2.8453    0.3195
 -154.59   90.05   82.29     0.002000       1.0176    2.6538    0.3717
 -155.32   87.63   84.82     0.002000       1.0145    2.6630    0.3707
 -157.56   91.39   88.76     0.002000       1.0626    2.5646    0.3647
 -155.83   86.16   91.86     0.002000       1.0346    2.8799    0.3349
 -157.27   88.77   93.40     0.002000       1.0060    2.9197    0.3381
 -156.57   85.26   77.23     0.002000       0.9760    2.4454    0.4193
 -155.56   84.98   81.54     0.002000       1.0446    2.4235    0.3959
 -158.38   86.37   90.10     0.002000       1.0630    2.6500    0.3514
 -159.75   94.19   79.19     0.002000       1.0319    2.1539    0.4497
 -159.27   89.57   92.49     0.002000       1.0108    2.0774    0.4769
 -155.86   89.79  101.04     0.002000       0.9907    2.1197    0.4791
 -155.04   95.09   86.98     0.002000       1.0514    2.3800    0.4015
 -160.07   92.41   81.07     0.002000       1.0386    2.3272    0.4116
 -158.02   85.68   85.77     0.002000       0.9415    2.8162    0.3741
 -154.17   92.70   91.75     0.002000       1.0100    2.2109    0.4516
 -156.68   85.63   88.57     0.002000       1.0849    2.6604    0.3450
 -158.45   93.66   92.18     0.002000       0.9763    2.8071    0.3617
 -154.07   89.14   91.46     0.002000       1.0067    2.6527    0.3765
 -157.71   94.99   89.90     0.002000       0.9795    2.8857    0.3511
 -158.35   99.06   96.51     0.002000       1.0005    2.3429    0.4256
 -155.77   87.51   80.25     0.002000       0.9925    2.0330    0.4990
 -155.12   93.78   88.28     0.002000       1.0142    2.7595    0.3579
 -158.67   90.23   89.68     0.002000       1.0172    2.6582    0.3663
 -157.78   90.33   88.72     0.002000       1.0423    2.9582    0.3210
 -154.65   86.28   90.88     0.002000       1.0024    2.5727    0.3897
 -157.12   88.52   90.97     0.002000       0.9949    2.5958    0.3858
 -158.23   92.37   77.62     0.002000       1.0045    2.1138    0.4723
 -158.46  101.22   90.05     0.002000       1.0231    2.1131    0.4632
 -155.45   88.47   96.92     0.002000       0.9682    2.8609    0.3611
 -155.22   84.35   79.03     0.002000       1.0469    2.5074    0.3816
 -161.20   83.88   88.23     0.002000       1.0483    2.2058    0.4304
 -157.70   80.13   83.75     0.002000       0.9819    2.2099    0.4615
 -159.18   93.72   91.72     0.002000       0.9963    2.7251    0.3649
 -154.13   86.53   85.77     0.002000       1.0125    2.4156    0.4115
 -160.04   82.76   97.53     0.002000       0.9903    1.8951    0.5349
 -157.43   80.07   81.58     0.002000       0.9841    2.3367    0.4347
 -155.16   96.01   90.94     0.002000       1.0437    2.4936    0.3855
 -159.80  101.10   93.37     0.002000       1.0037    2.2056    0.4508
 -154.83   92.70   98.03     0.002000       1.0027    2.1188    0.4742
 -158.27   90.90   87.51     0.002000       1.0916    2.8282    0.3202
 -159.33   89.77   93.81     0.002000       1.0782    2.8018    0.3266
 -157.93   92.65   88.69     0.002000       1.0104    2.8316    0.3467
 -156.94   89.25  100.20     0.002000       0.9752    1.9604    0.5264
 -156.78   88.26   88.68     0.002000       1.0020    2.0604    0.4869
 -159.42   87.25   89.21     0.002000       0.9952    2.0919    0.4808
 -159.38   77.98   95.23     0.002000       1.0343    1.8256    0.5323
 -158.33   97.79   98.14     0.002000       0.9823    2.3408    0.4341
 -158.34   98.81   85.20     0.002000       1.0021    2.4972    0.3979
 -157.41   85.01   88.20     0.002000       1.0276    2.8831    0.3344
MORPHOLOGY AT STRAIN =    2.0000  FOR PHASE  1
   1.015   4.223   0.233  <-- AXES OF PHASE ELLIPSOID
 -166.65   90.00   90.00  <-- EULER ANGLES OF PHASE ELLIPSOID (deg)
   1.013   4.352   0.232  <-- AVERAGE OF GRAIN AXES FOR PHASE
   0.036   0.140   0.154  <-- STANDARD DEV OF AVG GRAIN AXES FOR PHASE
B       500
 -166.34   91.57   83.88     0.002000       0.9384    4.7270    0.2260
 -167.44   82.21   87.86     0.002000       0.9946    3.8738    0.2582
 -167.85   93.16   85.57     0.002000       1.0293    3.6396    0.2656
 -167.09   87.94   89.80     0.002000       1.0019    5.0314    0.1968
 -167.14   91.59   91.16     0.002000       1.0977    5.1938    0.1729
 -166.87   91.46   90.69     0.002000       1.0499    4.4398    0.2131
 -166.14   90.97   85.20     0.002000       0.9985    3.6382    0.2766
 -167.69   91.52   92.49     0.002000       1.0466    4.7895    0.1966
 -166.34   93.47   95.16     0.002000       1.0023    5.0595    0.1971
 -166.99   92.18   92.27     0.002000       0.9786    4.5726    0.2218
 -167.43   93.13   86.62     0.002000       1.0100    3.4861    0.2836
 -168.09   85.44   88.45     0.002000       1.0848    4.0544    0.2244
 -167.20   85.83   85.78     0.002000       1.0018    3.9820    0.2494
 -167.27   97.66   93.15     0.002000       0.9850    4.0402    0.2499
 -167.40   94.62   92.14     0.002000       0.9867    4.5577    0.2199
 -166.07   92.29   89.58     0.002000       1.0548    4.1755    0.2276
 -167.58   94.46   88.74     0.002000       1.0167    3.4889    0.2812
 -166.15   86.92   95.40     0.002000       0.9790    3.6878    0.2783
 -165.77   93.13   95.87     0.002000       1.0697    4.2747    0.2199
 -166.54   88.33   90.58     0.002000       1.0996    4.1730    0.2176
 -167.21   83.43   86.32     0.002000       0.9686    4.5532    0.2249
 -167.32   90.47   88.55     0.002000       1.0131    4.9698    0.1966
 -167.53   86.43   89.42     0.002000       1.0569    4.4571    0.2095
 -167.08   91.77   89.22     0.002000       1.0475    5.3572    0.1764
 -167.49   86.60   87.44     0.002000       0.9937    4.8255    0.2061
 -167.97   97.88   90.90     0.002000       1.0413    3.5333    0.2703
 -167.17   84.71   91.87     0.002000       1.0272    3.2004    0.3043
 -165.66   89.37   89.61     0.002000       1.0095    4.8709    0.2053
 -165.64   92.91   91.41     0.002000       1.0224    4.1648    0.2363
 -165.87   89.99   85.19     0.002000       0.9972    4.9187    0.2053
 -167.50   83.60   87.52     0.002000       1.0006    3.8182    0.2604
 -166.01   90.12   85.16     0.002000       0.9788    5.1410    0.1998
 -165.89   89.39   86.58     0.002000       1.0336    4.9374    0.1972
 -165.91   93.04   88.50     0.002000       1.0407    4.4905    0.2152
 -165.80   88.31   84.84     0.002000       1.0514    4.6230    0.2072
 -165.84   88.05   83.80     0.002000       1.0592    4.0349    0.2355
 -166.14   88.23   93.76     0.002000       0.9628    5.3028    0.1967
 -167.07   90.59   90.57     0.002000       1.0122    5.0450    0.1940
 -166.78   87.24   89.75     0.002000       1.0800    5.3075    0.1732
 -167.06   91.70   85.57     0.002000       0.9757    3.3400    0.3071
 -166.60   87.49   87.02     0.002000       0.9143    4.9846    0.2188
 -167.37   83.21   94.48     0.002000       1.0069    3.3288    0.2985
 -166.11   92.68   88.43     0.002000       1.0108    4.9679    0.2000
 -166.39   92.03   95.11     0.002000       1.0473    4.9047    0.1946
 -166.14   92.04   92.53     0.002000       1.0175    4.8365    0.2039
 -166.65   90.11   89.82     0.002000       1.0032    3.4175    0.2925
 -166.07   89.23   88.17     0.002000       1.0037    3.6479    0.2744
 -166.96   84.39   88.49     0.002000       0.9613    5.1156    0.2019
 -165.95   89.19   91.31     0.002000       1.0090    5.1161    0.1948
 -167.10   87.88   88.72     0.002000       1.0000    3.5236    0.2837
 -167.20   85.75   88.74     0.002000       0.9849    3.5680    0.2843
 -168.01   93.46   93.37     0.002000       1.0666    4.2943    0.2152
 -166.87   92.89   95.57     0.002000       0.9954    3.9571    0.2534
 -167.97   85.48   93.57     0.002000       1.0093    3.5548    0.2774
 -166.09   93.08   95.76     0.002000       1.0417    4.8852    0.1970
 -165.66   92.00   95.92     0.002000       1.0127    3.9273    0.2531
 -166.44   89.77   87.53     0.002000       0.9793    5.3040    0.1926
 -165.48   89.40   93.02     0.002000       1.0190    4.2622    0.2328
 -165.88   89.40   91.63     0.002000       1.0302    3.8848    0.2508
 -167.93   86.06   90.59     0.002000       1.0098    3.9365    0.2493
 -167.53   90.41   88.94     0.002000       1.0154    4.4900    0.2164
 -166.26   91.20   87.31     0.002000       0.9810    5.1768    0.1976
 -165.79   90.25   86.35     0.002000       1.0024    4.9655    0.2025
 -167.85   90.23   91.20     0.002000       1.0200    4.4816    0.2154
 -167.05   95.94   91.70     0.002000       0.9727    5.0359    0.2025
 -166.46   89.62   83.48     0.002000       0.9330    4.8770    0.2198
 -166.20   87.28   92.11     0.002000       1.0004    5.2623    0.1906
 -166.54   90.79   97.60     0.002000       0.9632    4.3792    0.2370
 -167.20   88.13   88.78     0.002000       0.9877    5.0083    0.2003
 -167.26   94.24   93.25     0.002000       0.9902    4.2077    0.2382
 -166.83   84.95   88.06     0.002000       0.9808    3.5706    0.2858
 -165.95   93.00   89.32     0.002000       1.0341    4.6356    0.2096
 -167.11   92.60   89.06     0.002000       1.0435    4.4285    0.2145
 -166.21   87.05   88.81     0.002000       1.0136    5.0117    0.1973
 -167.52   82.59   89.43     0.002000       1.0508    3.4741    0.2731
 -165.61   88.88   86.21     0.002000       0.9931    3.8298    0.2646
 -166.43   86.53   90.25     0.002000       1.0389    5.1726    0.1858
 -167.08   91.06   82.67     0.002000       1.0035    3.8324    0.2597
 -167.49   86.36   89.35     0.002000       0.9849    3.6745    0.2753
 -166.73   90.56   90.66     0.002000       1.0236    5.4839    0.1772
 -165.63   90.23   91.26     0.002000       1.0194    4.7310    0.2093
 -167.35   91.38   91.00     0.002000       1.0653    4.8592    0.1905
 -166.53   92.59   85.92     0.002000       1.0090    3.4504    0.2882
 -167.27   84.58   88.08     0.002000       0.9834    3.6432    0.2785
 -166.16   90.29   90.32     0.002000       1.0398    4.0805    0.2359
 -166.24   93.00   89.62     0.002000       1.0335    5.0185    0.1931
 -166.48   89.91   89.74     0.002000       1.0241    3.9764    0.2460
 -167.55   87.72   90.69     0.002000       1.0057    4.4977    0.2182
 -166.51   96.84   94.03     0.002000       0.9881    4.3672    0.2313
 -166.32   84.78   86.47     0.002000       0.9992    3.7656    0.2664
 -165.59   88.84   89.99     0.002000       1.0025    4.7184    0.2136
 -166.75   93.32   90.77     0.002000       0.9851    3.4980    0.2907
 -165.85   86.47   90.67     0.002000       1.0580    3.9892    0.2381
 -166.41   91.78   95.70     0.002000       0.9468    5.0892    0.2075
 -168.13   84.81   91.83     0.002000       1.0343    3.5571    0.2702
 -166.82   87.92   89.54     0.002000       1.0310    5.4400    0.1771
 -166.15   93.75   95.59     0.002000       1.0892    4.3876    0.2096
 -165.73   90.50   91.63     0.002000       1.0227    4.7743    0.2065
 -165.99   91.41   84.54     0.002000       0.9613    4.8209    0.2172
 -165.54   91.32   94.73     0.002000       0.9950    3.8621    0.2620
 -165.95   89.13   94.18     0.002000       0.9868    5.1321    0.1987
 -165.83   91.95   92.18     0.002000       1.0110    4.2160    0.2356
 -166.26   91.37   86.88     0.002000       0.9994    5.3736    0.1866
 -167.59   90.19   92.00     0.002000       1.0362    3.9239    0.2441
 -168.32   95.34   90.01     0.002000       1.0561    3.6046    0.2605
 -167.20   91.06   90.55     0.002000       0.9969    5.0111    0.1984
 -167.15   89.32   90.67     0.002000       1.0713    5.0604    0.1824
 -166.11   93.36   97.15     0.002000       1.0150    4.4636    0.2213
 -166.61   97.22   93.08     0.002000       1.0012    4.3754    0.2277
 -167.31   92.41   91.20     0.002000       1.0103    4.8316    0.2024
 -166.15   92.38   88.11     0.002000       1.0042    5.2212    0.1915
 -167.16   92.84   91.33     0.002000       1.0011    4.5785    0.2160
 -166.20   90.90   96.89     0.002000       0.9923    4.6754    0.2162
 -167.21   96.24   93.63     0.002000       0.9790    4.2744    0.2374
 -167.31   93.63   85.64     0.002000       1.0122    3.4551    0.2858
 -166.11   90.39   94.51     0.002000       1.0145    5.2001    0.1902
 -165.81   91.67   94.49     0.002000       1.0666    4.6379    0.2035
 -167.31   86.91   87.57     0.002000       1.0043    4.2657    0.2314
 -168.30   90.49   86.90     0.002000       1.0181    3.7649    0.2586
 -167.12   89.83   89.34     0.002000       1.0033    5.0293    0.1965
 -166.56   91.45   90.02     0.002000       1.0890    4.9365    0.1855
 -165.74   90.46   91.51     0.002000       1.0208    3.4500    0.2856
 -167.09   90.31   89.69     0.002000       1.0069    5.0338    0.1957
 -166.36   88.91   84.45     0.002000       0.9431    5.1779    0.2050
 -165.95   92.25   87.61     0.002000       0.9833    4.9810    0.2056
 -167.05   88.41   89.25     0.002000       0.9877    5.0839    0.1975
 -166.07   90.26   91.18     0.002000       1.0299    4.0981    0.2374
 -166.13   90.00   85.52     0.002000       0.9855    5.3046    0.1920
 -166.06   92.84   96.45     0.002000       1.0274    4.7592    0.2051
 -166.03   87.10   88.75     0.002000       1.0136    4.7576    0.2082
 -165.62   86.19   89.32     0.002000       1.0403    3.8881    0.2489
 -166.78   86.66   90.12     0.002000       1.0274    5.0592    0.1914
 -167.94   94.58   90.40     0.002000       1.0245    3.7687    0.2571
 -166.38   87.37   87.09     0.002000       1.0123    3.5386    0.2801
 -165.53   89.90   86.55     0.002000       1.0201    4.3383    0.2284
 -165.80   92.32   95.94     0.002000       1.0652    4.2943    0.2200
 -166.42   95.16   85.06     0.002000       0.9997    3.5412    0.2836
 -167.13   87.73   88.64     0.002000       1.0089    4.8870    0.2007
 -165.48   87.20   85.76     0.002000       0.9969    3.7762    0.2677
 -167.10   96.89   93.34     0.002000       0.9675    4.6111    0.2225
 -165.68   86.81   85.06     0.002000       1.0594    4.2294    0.2247
 -166.25   91.44   91.80     0.002000       1.0090    3.5225    0.2825
 -165.48   91.97   90.11     0.002000       1.0053    4.4280    0.2271
 -167.63   94.55   92.66     0.002000       0.9956    4.5631    0.2175
 -167.45   83.36   88.26     0.002000       1.0195    3.6586    0.2671
 -166.97   95.98   93.58     0.002000       0.9485    4.6956    0.2231
 -166.16   91.88   87.56     0.002000       1.0013    5.2948    0.1893
 -165.51   92.96   90.66     0.002000       1.0106    4.3478    0.2298
 -167.18   90.15   89.84     0.002000       1.0102    3.1905    0.3103
 -165.67   89.90   94.35     0.002000       1.0288    4.4591    0.2200
 -166.63   83.62   85.98     0.002000       0.9779    4.8180    0.2114
 -166.61   84.64   86.01     0.002000       0.9802    4.9953    0.2034
 -167.29   87.11   88.90     0.002000       1.0339    4.6842    0.2040
 -166.58   91.84   88.96     0.002000       1.0505    5.4431    0.1743
 -165.82   92.33   89.08     0.002000       0.9977    4.7872    0.2110
 -167.54   87.19   89.33     0.002000       0.9790    4.1458    0.2443
 -167.11   95.30   92.04     0.002000       0.9561    4.9557    0.2093
 -165.58   86.83   91.97     0.002000       0.9892    4.5226    0.2259
 -166.95   87.98   88.93     0.002000       1.1284    4.8473    0.1811
 -166.65   90.43   90.10     0.002000       1.0949    4.6234    0.1969
 -167.21   97.43   93.14     0.002000       0.9926    4.6300    0.2157
 -166.97   89.39   89.81     0.002000       1.0036    3.4503    0.2890
 -166.35   87.49   92.15     0.002000       1.0119    5.3892    0.1835
 -166.24   89.42   83.16     0.002000       0.9773    4.7414    0.2164
 -165.98   87.93   93.93     0.002000       0.9583    5.0853    0.2066
 -167.45   90.38   93.23     0.002000       1.0349    4.1453    0.2311
 -165.72   92.39   96.11     0.002000       1.0505    3.9128    0.2449
 -167.41   93.08   90.07     0.002000       1.0706    4.4965    0.2050
 -165.78   89.12   88.63     0.002000       1.0241    3.3788    0.2907
 -166.37   82.70   86.72     0.002000       0.9994    4.0649    0.2463
 -166.71   87.23   88.43     0.002000       0.9896    5.3617    0.1876
 -166.56   87.43   87.66     0.002000       1.0140    4.6009    0.2139
 -165.42   87.14   89.39     0.002000       1.0088    4.2810    0.2341
 -165.73   90.98   90.01     0.002000       1.0022    4.8292    0.2084
 -166.92   93.74   91.70     0.002000       0.9460    5.1105    0.2053
 -167.10   92.73   89.87     0.002000       0.9965    5.0553    0.1969
 -166.76   92.27   93.98     0.002000       0.9214    4.8735    0.2216
 -165.43   89.02   87.51     0.002000       1.0301    3.9856    0.2462
 -166.40   87.29   91.32     0.002000       1.0320    5.3710    0.1803
 -166.71   87.31   91.45     0.002000       1.0067    3.4257    0.2907
 -166.17   90.17   88.80     0.002000       1.0093    5.0804    0.1956
 -166.55   88.11   93.43     0.002000       0.9897    3.2334    0.3134
 -167.08   94.28   89.64     0.002000       1.0015    5.2310    0.1892
 -166.14   88.74   84.31     0.002000       0.9809    5.1228    0.1997
 -166.52   97.39   93.52     0.002000       0.9942    4.1655    0.2412
 -167.55   90.32   89.85     0.002000       1.0233    4.4646    0.2164
 -165.93   92.37   86.44     0.002000       0.9666    4.9535    0.2105
 -167.36   95.98   92.45     0.002000       0.9798    3.8216    0.2660
 -166.37   90.88   85.07     0.002000       1.0076    3.5349    0.2819
 -167.06   87.70   90.64     0.002000       1.0690    5.1967    0.1782
 -167.31   97.36   93.41     0.002000       0.9916    4.4503    0.2247
 -165.99   88.24   83.82     0.002000       1.0182    4.7609    0.2073
 -167.30   92.97   93.30     0.002000       1.0099    3.9129    0.2517
 -165.74   90.82   90.92     0.002000       1.0263    3.4750    0.2820
 -167.55   94.72   92.74     0.002000       0.9861    4.6926    0.2136
 -167.03   92.29   90.17     0.002000       1.1189    4.5869    0.1929
 -167.76   87.64   90.69     0.002000       0.9913    4.4231    0.2251
 -167.79   87.68   87.31     0.002000       1.0954    4.6836    0.1916
 -167.29   82.64   86.43     0.002000       0.9933    4.5616    0.2187
 -166.74   91.02   91.11     0.002000       0.9859    4.5484    0.2222
 -166.28   86.39   90.58     0.002000       1.0015    3.5246    0.2844
 -165.95   91.32   96.07     0.002000       1.0282    4.6275    0.2113
 -166.59   95.19   93.25     0.002000       0.9958    3.7091    0.2710
 -165.86   86.34   91.87     0.002000       1.0573    3.5993    0.2642
 -166.94   91.57   90.95     0.002000       1.1118    5.1548    0.1726
 -167.46   85.50   88.16     0.002000       0.9816    3.8386    0.2640
 -167.57   88.11   89.60     0.002000       0.9810    4.1857    0.2413
 -166.76   88.03   89.65     0.002000       1.1258    4.5966    0.1921
 -167.52   92.72   91.72     0.002000       1.0126    4.7761    0.2040
 -166.95   84.73   86.19     0.002000       1.0962    4.0788    0.2226
 -166.85   94.13   90.25     0.002000       1.0000    3.6219    0.2762
 -167.46   88.60   88.08     0.002000       1.0072    4.8700    0.2016
 -165.95   87.56   86.98     0.002000       1.0388    4.6425    0.2085
 -166.80   92.97   85.83     0.002000       0.9855    3.2525    0.3126
 -166.04   87.31   88.69     0.002000       1.0347    4.3216    0.2242
 -165.33   90.68   90.40     0.002000       1.0109    4.0441    0.2475
 -166.38   93.35   95.00     0.002000       1.0031    3.8224    0.2613
 -167.43   87.91   91.85     0.002000       1.0591    5.1112    0.1823
 -166.89   82.99   88.51     0.002000       1.0014    3.5957    0.2777
 -165.91   91.49   94.21     0.002000       0.9963    3.4851    0.2896
 -166.67   82.61   87.03     0.002000       0.9855    3.7839    0.2682
 -166.93   95.28   88.55     0.002000       1.0136    3.4062    0.2900
 -166.26   94.67   94.09     0.002000       0.9987    3.9229    0.2558
 -166.25   87.59   83.48     0.002000       0.9969    3.8557    0.2610
 -168.10   94.62   90.22     0.002000       1.0549    3.8493    0.2438
 -167.04   85.92   90.42     0.002000       1.0277    5.2550    0.1836
 -166.90   91.70   91.16     0.002000       1.0050    4.9078    0.2011
 -166.44   88.80   90.77     0.002000       1.0464    5.1072    0.1871
 -166.28   90.07   93.19     0.002000       0.9375    5.2013    0.2056
 -167.48   88.48   90.77     0.002000       1.0092    3.2418    0.3053
 -167.27   97.56   87.09     0.002000       1.0406    3.2964    0.2917
 -166.45   88.02   90.05     0.002000       1.0857    4.8423    0.1900
 -166.13   92.81   91.41     0.002000       1.0235    4.5688    0.2143
 -166.74   83.54   85.67     0.002000       0.9920    3.9249    0.2565
 -168.11   88.32   92.92     0.002000       1.0531    4.6487    0.2008
 -167.31   95.50   86.11     0.002000       1.0125    3.3727    0.2929
 -166.50   88.54   90.20     0.002000       1.0754    4.9713    0.1868
 -166.63   91.76   92.02     0.002000       1.0082    4.5986    0.2150
 -166.72   88.46   89.57     0.002000       1.1008    5.2716    0.1712
 -168.12   94.17   89.19     0.002000       1.0374    3.9042    0.2443
 -166.28   88.76   87.90     0.002000       1.0075    3.2015    0.3112
 -167.11   90.57   89.67     0.002000       1.0017    4.9992    0.1981
 -167.51   93.75   89.61     0.002000       1.0132    4.9463    0.1972
 -166.88   92.95   88.90     0.002000       1.0010    3.4419    0.2907
 -167.70   93.12   89.36     0.002000       1.0339    4.3047    0.2218
 -167.55   87.96   94.82     0.002000       1.0365    3.6846    0.2608
 -166.71   87.78   90.36     0.002000       1.0656    5.3989    0.1728
 -166.94   87.34   86.95     0.002000       0.9565    4.6744    0.2221
 -166.01   91.70   94.85     0.002000       1.0567    4.8953    0.1941
 -166.70   83.20   95.46     0.002000       0.9913    3.3688    0.3006
 -166.52   87.44   90.49     0.002000       1.0811    4.2639    0.2164
 -167.22   85.75   91.09     0.002000       1.0083    3.4494    0.2874
 -165.99   89.68   85.90     0.002000       1.0170    3.8592    0.2559
 -167.64   92.03   89.75     0.002000       0.9759    4.1564    0.2443
 -166.85   83.67   86.95     0.002000       1.0061    4.8724    0.2027
 -165.63   88.31   85.92     0.002000       1.0566    4.4084    0.2166
 -166.78   90.77   88.03     0.002000       0.9997    3.5714    0.2804
 -166.63   91.01   94.74     0.002000       1.0176    3.6002    0.2734
 -166.10   89.74   94.95     0.002000       0.9713    5.2139    0.1983
 -167.00   96.82   91.93     0.002000       0.9918    4.9630    0.2016
 -167.49   92.94   91.47     0.002000       1.0167    4.7238    0.2054
 -165.53   86.72   88.31     0.002000       1.0146    4.3268    0.2296
 -165.65   89.28   86.90     0.002000       1.0393    4.6696    0.2079
 -165.76   89.77   88.05     0.002000       1.0171    4.9585    0.1999
 -166.81   88.04   89.79     0.002000       1.0296    5.0864    0.1899
 -166.31   91.30   97.92     0.002000       1.0008    4.1762    0.2398
 -166.68   86.32   89.14     0.002000       1.0545    5.0779    0.1857
 -166.84   92.18   89.83     0.002000       1.1192    4.4801    0.1981
 -166.80   90.90   89.64     0.002000       1.0005    3.4351    0.2915
 -167.40   87.56   91.19     0.002000       1.0388    5.1773    0.1836
 -166.78   83.50   86.21     0.002000       0.9609    4.7899    0.2162
 -166.84   85.75   88.73     0.002000       0.9798    5.2864    0.1919
 -166.40   89.04   92.77     0.002000       0.9855    5.4561    0.1860
 -165.62   88.34   93.64     0.002000       0.9860    4.5566    0.2248
 -166.19   92.43   96.95     0.002000       1.0008    4.7211    0.2121
 -165.85   89.44   93.30     0.002000       1.0154    5.0315    0.1971
 -166.97   86.84   88.34     0.002000       0.9632    5.0414    0.2043
 -165.50   88.26   87.71     0.002000       1.0314    4.3942    0.2229
 -167.51   87.58   89.71     0.002000       0.9774    4.3008    0.2356
 -167.22   91.05   94.39     0.002000       0.9996    4.2423    0.2342
 -166.43   94.56   94.77     0.002000       0.9947    4.9688    0.2019
 -166.76   86.11   85.10     0.002000       0.9305    4.8454    0.2208
 -166.80   97.43   93.84     0.002000       0.9788    4.4325    0.2295
 -166.93   87.76   89.68     0.002000       1.1105    4.5632    0.1957
 -167.91   94.71   92.78     0.002000       1.0158    4.2172    0.2307
 -165.86   90.03   95.00     0.002000       1.0136    4.8269    0.2058
 -167.13   87.52   90.59     0.002000       1.0311    5.0564    0.1901
 -167.37   84.68   87.14     0.002000       0.9783    4.7481    0.2130
 -167.30   83.30   86.37     0.002000       0.9814    4.4393    0.2276
 -167.55   84.83   94.15     0.002000       1.0086    3.4326    0.2884
 -167.00   93.14   94.18     0.002000       1.0081    3.7484    0.2642
 -166.09   90.62   85.81     0.002000       0.9776    5.2908    0.1942
 -167.00   88.54   90.71     0.002000       1.0179    4.4504    0.2191
 -166.60   89.30   88.66     0.002000       1.0103    3.4290    0.2895
 -167.68   89.83   91.03     0.002000       1.0091    4.6847    0.2082
 -167.17   94.26   93.97     0.002000       0.9898    4.1680    0.2409
 -167.31   97.20   93.43     0.002000       0.9883    4.3895    0.2286
 -166.08   91.87   86.16     0.002000       0.9594    5.1342    0.2042
 -166.02   92.67   87.54     0.002000       0.9919    4.9567    0.2047
 -167.15   86.21   88.70     0.002000       0.9683    5.0250    0.2038
 -167.52   87.88   87.92     0.002000       1.0197    3.3252    0.2942
 -166.66   86.95   87.11     0.002000       0.9501    5.2743    0.1989
 -167.59   91.18   90.61     0.002000       1.0027    5.0989    0.1923
 -167.50   84.51   89.65     0.002000       1.0460    3.2844    0.2905
 -165.84   89.04   87.83     0.002000       1.0207    3.9752    0.2475
 -167.37   90.20   91.49     0.002000       1.0459    4.9716    0.1900
 -168.14   95.23   88.92     0.002000       1.0470    3.5779    0.2651
 -167.03   89.92   90.97     0.002000       1.1215    5.2016    0.1694
 -166.82   90.78   88.25     0.002000       1.0258    4.3530    0.2230
 -166.46   89.07   90.72     0.002000       1.0395    4.1808    0.2297
 -167.05   88.10   97.00     0.002000       1.0196    3.6568    0.2682
 -166.81   83.11   86.87     0.002000       0.9795    4.8993    0.2072
 -167.08   97.79   92.22     0.002000       1.0033    4.7578    0.2078
 -166.95   83.24   87.60     0.002000       0.9746    4.9833    0.2044
 -167.00   92.74   90.77     0.002000       0.9701    5.1252    0.1996
 -166.92   90.52   90.80     0.002000       1.1213    5.2098    0.1695
 -167.00   92.41   89.50     0.002000       1.0853    4.4263    0.2065
 -166.65   88.08   88.39     0.002000       0.9965    5.4005    0.1852
 -167.35   90.73   88.07     0.002000       1.0475    5.0255    0.1878
 -165.67   91.22   84.36     0.002000       0.9696    3.5689    0.2909
 -165.91   87.56   92.35     0.002000       0.9803    5.0014    0.2055
 -166.41   84.70   92.82     0.002000       1.0357    3.1741    0.3053
 -167.69   93.08   92.19     0.002000       1.0223    4.6317    0.2082
 -166.91   88.49   85.20     0.002000       0.9431    4.6127    0.2286
 -165.83   92.15   90.25     0.002000       1.0019    4.7706    0.2107
 -167.76   93.25   91.17     0.002000       1.0934    4.4535    0.2022
 -166.26   88.96   92.41     0.002000       1.0054    5.1553    0.1933
 -165.88   91.86   96.79     0.002000       1.0109    3.8489    0.2585
 -166.37   84.47   94.24     0.002000       1.0153    3.2153    0.3076
 -166.32   90.53   89.16     0.002000       1.0703    4.6413    0.2015
 -167.36   87.88   91.52     0.002000       1.0334    5.0456    0.1896
 -168.37   91.92   91.06     0.002000       1.0262    3.7868    0.2547
 -167.77   85.50   89.51     0.002000       1.0032    3.7524    0.2640
 -167.11   89.08   89.49     0.002000       0.9973    5.0392    0.1973
 -167.59   96.28   93.01     0.002000       0.9891    4.2076    0.2381
 -167.20   92.10   90.28     0.002000       1.0882    4.6475    0.1954
 -166.49   87.66   91.15     0.002000       1.0401    5.4215    0.1770
 -166.29   92.32   88.97     0.002000       1.0360    4.9926    0.1937
 -166.66   87.55   88.45     0.002000       0.9918    5.2708    0.1906
 -166.28   89.02   94.55     0.002000       0.9047    4.8409    0.2289
 -167.35   92.79   90.44     0.002000       0.9852    3.6069    0.2808
 -166.26   90.94   86.18     0.002000       0.9645    5.3752    0.1934
 -166.76   93.08   94.22     0.002000       0.9224    4.9274    0.2189
 -165.56   87.85   90.57     0.002000       0.9974    4.5917    0.2207
 -165.43   92.63   88.46     0.002000       0.9923    4.1141    0.2477
 -165.97   90.54   87.33     0.002000       1.0050    5.1754    0.1933
 -166.94   87.19   90.64     0.002000       1.0594    4.3312    0.2165
 -165.61   91.84   88.47     0.002000       0.9916    4.6350    0.2198
 -167.02   86.25   86.27     0.002000       0.9533    4.6394    0.2244
 -166.58   88.43   82.26     0.002000       0.9773    4.1397    0.2472
 -166.42   90.78   92.79     0.002000       1.0072    5.0212    0.1978
 -165.76   89.78   90.65     0.002000       1.0117    5.0006    0.1992
 -166.36   86.35   82.74     0.002000       0.9792    4.4184    0.2312
 -165.56   87.12   86.91     0.002000       1.0042    4.1098    0.2439
 -167.48   92.81   89.51     0.002000       0.9965    4.3820    0.2265
 -166.82   89.14   90.57     0.002000       1.0346    4.2651    0.2255
 -167.14   99.05   85.86     0.002000       1.0587    3.2805    0.2883
 -166.63   87.16   85.91     0.002000       0.9320    5.1805    0.2065
 -167.13   89.22   87.44     0.002000       1.0163    3.5232    0.2791
 -167.03   81.70   86.51     0.002000       0.9920    3.9696    0.2530
 -167.27   92.69   90.73     0.002000       1.0949    4.6220    0.1949
 -168.23   85.42   92.65     0.002000       1.0138    3.5692    0.2746
 -165.91   87.60   90.18     0.002000       1.0017    4.9424    0.2033
 -165.78   87.10   83.79     0.002000       1.0674    4.1232    0.2287
 -166.76   92.19   88.88     0.002000       1.0431    5.3746    0.1774
 -165.60   90.67   89.74     0.002000       1.0020    4.7155    0.2138
 -166.62   92.62   89.62     0.002000       0.9968    3.4546    0.2912
 -167.36   85.11   88.71     0.002000       0.9917    4.8265    0.2069
 -167.97   93.70   87.77     0.002000       1.0140    3.6414    0.2693
 -167.80   84.85   89.13     0.002000       1.0218    3.6784    0.2645
 -166.23   92.45   92.58     0.002000       1.0135    4.8348    0.2044
 -166.23   85.98   86.84     0.002000       1.0039    3.6823    0.2715
 -167.06   90.59   91.43     0.002000       1.0104    4.4140    0.2225
 -166.93   86.12   89.26     0.002000       0.9885    3.4936    0.2898
 -165.39   90.00   90.12     0.002000       1.0088    4.3682    0.2296
 -167.24   87.32   89.45     0.002000       1.0885    4.6257    0.1962
 -166.72   95.87   90.65     0.002000       0.9977    3.5473    0.2830
 -165.76   87.98   94.07     0.002000       0.9704    4.7503    0.2189
 -166.81   96.70   87.78     0.002000       1.0189    3.5437    0.2773
 -167.41   93.84   91.31     0.002000       0.9800    3.7282    0.2727
 -166.34   89.84   87.25     0.002000       1.0592    3.8177    0.2478
 -165.87   89.44   94.74     0.002000       0.9957    4.9154    0.2058
 -167.00   85.30   89.91     0.002000       1.0012    5.2449    0.1889
 -167.34   91.40   83.80     0.002000       1.0144    3.5408    0.2780
 -166.05   91.24   95.52     0.002000       0.9966    3.8154    0.2642
 -168.11   95.28   88.45     0.002000       1.0263    3.3732    0.2877
 -166.07   92.30   92.49     0.002000       1.0030    3.7322    0.2682
 -166.50   93.31   96.49     0.002000       0.9674    4.3326    0.2384
 -167.72   89.37   92.44     0.002000       1.0434    3.9795    0.2387
 -167.56   96.21   92.53     0.002000       0.9943    3.9909    0.2503
 -165.61   92.11   91.91     0.002000       1.0149    4.5407    0.2189
 -167.63   92.96   92.51     0.002000       1.0026    4.7370    0.2078
 -167.07   87.60   88.68     0.002000       1.0826    5.1091    0.1785
 -166.42   86.67   84.36     0.002000       1.0017    3.8244    0.2615
 -168.34   93.01   87.12     0.002000       1.0127    3.8547    0.2536
 -166.61   87.52   87.16     0.002000       0.9711    5.3555    0.1917
 -166.94   93.11   91.77     0.002000       0.9589    4.9633    0.2085
 -165.79   89.76   93.75     0.002000       1.0266    4.8851    0.2010
 -166.31   93.85   94.48     0.002000       1.0025    3.8312    0.2609
 -166.08   92.58   94.57     0.002000       1.0769    4.5614    0.2043
 -166.39   91.43   89.42     0.002000       1.1016    4.4635    0.2033
 -167.13   90.59   89.65     0.002000       1.0062    5.0000    0.1972
 -166.66   94.87   84.60     0.002000       0.9872    3.4143    0.2977
 -165.69   85.87   93.71     0.002000       0.9652    4.4438    0.2355
 -167.28   86.00   87.91     0.002000       0.9911    4.7996    0.2079
 -166.90   88.17   87.60     0.002000       1.0124    3.4861    0.2836
 -165.35   88.55   90.13     0.002000       1.0045    4.2077    0.2394
 -167.01   94.58   90.34     0.002000       0.9805    5.1622    0.1961
 -166.77   86.74   88.64     0.002000       0.9896    5.3538    0.1878
 -165.57   90.58   86.87     0.002000       0.9939    4.5833    0.2219
 -166.41   85.20   87.25     0.002000       0.9957    3.6234    0.2779
 -165.95   91.70   92.68     0.002000       1.0353    4.6937    0.2069
 -167.43   96.57   92.85     0.002000       0.9824    3.9620    0.2555
 -165.78   90.49   87.42     0.002000       1.0241    3.7290    0.2632
 -167.34   87.75   89.82     0.002000       0.9914    3.5896    0.2804
 -165.78   88.07   94.34     0.002000       0.9728    4.7240    0.2195
 -167.51   81.15   89.28     0.002000       1.0662    3.4420    0.2717
 -167.30   91.10   88.25     0.002000       1.0395    5.0399    0.1888
 -165.77   89.22   84.54     0.002000       1.0361    4.3068    0.2259
 -167.75   87.75   89.61     0.002000       1.0153    3.3053    0.2972
 -166.14   85.28   85.59     0.002000       0.9980    4.0928    0.2454
 -166.08   90.42   91.40     0.002000       1.0127    3.2119    0.3089
 -165.84   89.94   94.01     0.002000       1.0286    4.9183    0.1991
 -166.29   91.91   92.79     0.002000       1.0136    4.9516    0.1995
 -166.96   88.90   88.26     0.002000       1.0478    4.3995    0.2156
 -166.65   89.28   91.64     0.002000       1.0361    4.2554    0.2263
 -167.33   87.61   88.56     0.002000       0.9945    4.9183    0.2024
 -165.63   87.73   85.38     0.002000       1.0580    4.1796    0.2281
 -167.64   94.73   91.59     0.002000       0.9848    4.0896    0.2462
 -167.19   81.42   89.12     0.002000       1.0465    3.5393    0.2695
 -165.62   89.19   89.56     0.002000       1.0083    4.7806    0.2095
 -166.46   93.03   94.57     0.002000       1.0808    4.5133    0.2046
 -166.47   92.56   89.24     0.002000       1.0186    5.1253    0.1914
 -166.71   88.69   92.26     0.002000       0.9997    3.5867    0.2793
 -166.50   90.87   91.97     0.002000       0.9789    5.2979    0.1926
 -166.77   92.05   90.74     0.002000       1.0713    4.5700    0.2030
 -166.37   93.32   95.51     0.002000       1.0659    4.7728    0.1964
 -167.20   88.15   89.32     0.002000       0.9951    4.9933    0.1995
 -166.14   90.18   86.80     0.002000       0.9080    4.4656    0.2478
 -167.48   94.42   89.40     0.002000       1.0105    3.5045    0.2818
 -165.99   92.65   88.24     0.002000       1.0639    3.9662    0.2380
 -167.56   93.74   90.67     0.002000       0.9901    4.2604    0.2346
 -166.11   89.36   91.35     0.002000       0.9487    3.9942    0.2653
 -165.92   91.85   93.96     0.002000       1.0649    4.6548    0.2028
 -165.89   86.67   92.07     0.002000       1.0405    3.3489    0.2885
 -167.01   93.34   92.15     0.002000       0.9680    4.8009    0.2134
 -166.27   87.92   87.07     0.002000       1.0046    3.2729    0.3052
 -165.99   92.78   88.15     0.002000       1.0038    4.8772    0.2055
 -166.97   84.93   94.74     0.002000       1.0039    3.3976    0.2937
 -167.53   90.65   90.30     0.002000       1.0028    3.9190    0.2527
 -166.83   88.24   89.11     0.002000       1.1137    5.2174    0.1706
 -165.89   89.65   85.76     0.002000       1.0201    4.9981    0.1974
 -166.13   87.85   87.30     0.002000       1.0174    4.9011    0.2012
 -167.03   91.90   89.94     0.002000       1.0512    4.4418    0.2124
 -166.51   88.40   90.90     0.002000       1.0461    5.3923    0.1769
 -166.87   89.02   91.92     0.002000       1.0086    5.3004    0.1860
 -166.21   86.03   82.73     0.002000       0.9990    4.3651    0.2297
 -166.10   86.75   86.06     0.002000       1.0562    4.3865    0.2163
 -167.34   86.84   89.57     0.002000       1.0572    4.5478    0.2054
 -167.11   92.13   83.04     0.002000       1.0061    3.6431    0.2728
 -166.93   89.68   91.50     0.002000       1.0113    3.4518    0.2867
 -165.68   92.05   96.22     0.002000       1.0187    3.8819    0.2546
 -166.15   91.85   88.87     0.002000       1.0711    4.4652    0.2097
 -167.49   90.93   84.25     0.002000       1.0334    3.8531    0.2499
 -167.01   85.12   87.14     0.002000       0.9394    4.9675    0.2126
 -165.40   92.22   90.61     0.002000       1.0097    4.2185    0.2374
 -166.82   87.54   88.92     0.002000       1.1042    4.7831    0.1880
 -167.23   94.15   91.77     0.002000       0.9697    4.9641    0.2057
 -165.76   89.19   90.83     0.002000       1.0069    5.0155    0.1996
 -167.00   94.74   90.39     0.002000       0.9778    5.1794    0.1960
 -166.93   95.16   93.69     0.002000       0.9992    4.0221    0.2481
 -165.50   87.32   85.50     0.002000       0.9966    3.7588    0.2690
 -166.18   92.71   88.89     0.002000       1.0168    5.1734    0.1906
 -167.33   90.95   90.21     0.002000       1.0088    4.4332    0.2213
 -167.12   91.09   89.29     0.002000       1.0507    5.3555    0.1758
 -165.94   87.10   90.63     0.002000       1.0057    4.8579    0.2059
 -166.77   91.55   91.37     0.002000       0.9756    4.6506    0.2194
 -166.24   88.81   82.48     0.002000       1.0080    3.7466    0.2658
 -166.82   97.38   89.12     0.002000       1.0277    3.5758    0.2723
 -166.23   89.17   94.04     0.002000       0.9679    5.3766    0.1927
 -166.03   86.25   84.28     0.002000       1.0815    4.5966    0.2018
 -168.05   83.82   89.34     0.002000       1.0714    3.5876    0.2583
 -166.51   83.47   86.94     0.002000       0.9897    3.7500    0.2698
 -167.46   93.41   91.31     0.002000       0.9892    4.7956    0.2086
 -165.66   87.24   88.06     0.002000       1.0103    4.5611    0.2187
 -166.41   86.86   94.68     0.002000       0.9776    3.2859    0.3125
 -166.52   83.68   85.53     0.002000       0.9920    3.9970    0.2522
 -166.25   92.81   90.44     0.002000       1.0449    4.5918    0.2086
 -167.39   98.18   91.16     0.002000       1.0258    3.6484    0.2663
 -165.44   92.52   93.64     0.002000       1.0055    3.9852    0.2518
 -167.30   90.26   88.21     0.002000       1.0976    5.0693    0.1774
 -167.62   90.12   92.47     0.002000       1.0899    4.9440    0.1827
 -167.11   92.20   89.33     0.002000       1.0103    5.0704    0.1936
 -165.68   90.89   94.97     0.002000       0.9755    3.5464    0.2908
 -166.11   88.94   89.35     0.002000       1.0023    3.5385    0.2833
 -166.98   87.97   89.70     0.002000       0.9954    3.4674    0.2900
 -166.32   84.08   93.76     0.002000       1.0335    3.2121    0.3025
 -166.80   95.48   94.45     0.002000       0.9911    3.9520    0.2549
 -166.98   92.98   85.94     0.002000       0.9621    4.3911    0.2358
 -167.11   87.85   88.88     0.002000       1.0296    5.0364    0.1904
