          Evm          Svm          E11          E22          E33          E23          E13          E12             SCAU11       SCAU22       SCAU33       SCAU23       SCAU13       SCAU12      TEMP      TIME    TAYLAV      WORKAV
  0.00000E+00  0.26041E+01     0.00000E+00  0.00000E+00  0.00000E+00  0.00000E+00  0.00000E+00  0.00000E+00     0.00000E+00 -0.40155E-01  0.00000E+00 -0.21678E-01  0.16773E-01  0.15031E+01      298.      0.00     2.126  0.6630E-01
  0.28859E-01  0.27835E+01    -0.20496E-03  0.00000E+00  0.20496E-03  0.00000E+00  0.00000E+00  0.25000E-01     0.00000E+00 -0.50184E-01  0.00000E+00 -0.21196E-01  0.19744E-01  0.16065E+01      298.      0.05     2.127  0.1372E+00
  0.57717E-01  0.29624E+01    -0.38851E-03  0.00000E+00  0.38851E-03  0.00000E+00  0.00000E+00  0.50000E-01     0.00000E+00 -0.75340E-01  0.00000E+00 -0.20495E-01  0.22252E-01  0.17095E+01      298.      0.10     2.127  0.2126E+00
  0.86571E-01  0.31420E+01    -0.56902E-03  0.00000E+00  0.56902E-03  0.00000E+00  0.00000E+00  0.75000E-01     0.00000E+00 -0.11108E+00  0.00000E+00 -0.19439E-01  0.24088E-01  0.18126E+01      298.      0.15     2.128  0.2925E+00
  0.11542E+00  0.33210E+01    -0.75838E-03  0.00000E+00  0.75838E-03  0.00000E+00  0.00000E+00  0.10000E+00     0.00000E+00 -0.15299E+00  0.00000E+00 -0.17321E-01  0.25404E-01  0.19151E+01      298.      0.20     2.127  0.3770E+00
  0.14425E+00  0.34988E+01    -0.95761E-03  0.00000E+00  0.95761E-03  0.00000E+00  0.00000E+00  0.12500E+00     0.00000E+00 -0.20109E+00  0.00000E+00 -0.15017E-01  0.26605E-01  0.20164E+01      298.      0.25     2.126  0.4660E+00
  0.17307E+00  0.36755E+01    -0.11761E-02  0.00000E+00  0.11761E-02  0.00000E+00  0.00000E+00  0.15000E+00     0.00000E+00 -0.25938E+00  0.00000E+00 -0.12623E-01  0.28584E-01  0.21165E+01      298.      0.30     2.124  0.5594E+00
  0.20186E+00  0.38528E+01    -0.14374E-02  0.00000E+00  0.14374E-02  0.00000E+00  0.00000E+00  0.17500E+00     0.00000E+00 -0.32559E+00  0.00000E+00 -0.10910E-01  0.31424E-01  0.22162E+01      298.      0.35     2.121  0.6573E+00
  0.23062E+00  0.40299E+01    -0.17533E-02  0.00000E+00  0.17533E-02  0.00000E+00  0.00000E+00  0.20000E+00     0.00000E+00 -0.39602E+00  0.00000E+00 -0.95768E-02  0.34808E-01  0.23151E+01      298.      0.40     2.118  0.7598E+00
  0.25934E+00  0.42064E+01    -0.21215E-02  0.00000E+00  0.21215E-02  0.00000E+00  0.00000E+00  0.22500E+00     0.00000E+00 -0.46875E+00  0.00000E+00 -0.80876E-02  0.38118E-01  0.24131E+01      298.      0.45     2.115  0.8667E+00
  0.28803E+00  0.43823E+01    -0.25362E-02  0.00000E+00  0.25362E-02  0.00000E+00  0.00000E+00  0.25000E+00     0.00000E+00 -0.54175E+00  0.00000E+00 -0.50815E-02  0.41381E-01  0.25104E+01      298.      0.50     2.111  0.9780E+00
  0.31667E+00  0.45566E+01    -0.29913E-02  0.00000E+00  0.29913E-02  0.00000E+00  0.00000E+00  0.27500E+00     0.00000E+00 -0.61319E+00  0.00000E+00  0.99908E-04  0.44596E-01  0.26064E+01      298.      0.55     2.106  0.1094E+01
  0.34527E+00  0.47320E+01    -0.34840E-02  0.00000E+00  0.34840E-02  0.00000E+00  0.00000E+00  0.30000E+00     0.00000E+00 -0.68531E+00  0.00000E+00  0.56904E-02  0.48212E-01  0.27028E+01      298.      0.60     2.103  0.1213E+01
  0.37383E+00  0.49069E+01    -0.40083E-02  0.00000E+00  0.40083E-02  0.00000E+00  0.00000E+00  0.32500E+00     0.00000E+00 -0.75829E+00  0.00000E+00  0.10119E-01  0.52607E-01  0.27985E+01      298.      0.65     2.099  0.1338E+01
  0.40234E+00  0.50813E+01    -0.45591E-02  0.00000E+00  0.45591E-02  0.00000E+00  0.00000E+00  0.35000E+00     0.00000E+00 -0.83291E+00  0.00000E+00  0.13004E-01  0.57569E-01  0.28934E+01      298.      0.70     2.095  0.1466E+01
  0.43082E+00  0.52542E+01    -0.51306E-02  0.00000E+00  0.51306E-02  0.00000E+00  0.00000E+00  0.37500E+00     0.00000E+00 -0.90652E+00  0.00000E+00  0.15015E-01  0.61918E-01  0.29874E+01      298.      0.75     2.090  0.1599E+01
  0.45924E+00  0.54266E+01    -0.57196E-02  0.00000E+00  0.57196E-02  0.00000E+00  0.00000E+00  0.40000E+00     0.00000E+00 -0.97887E+00  0.00000E+00  0.15503E-01  0.65475E-01  0.30809E+01      298.      0.80     2.086  0.1736E+01
  0.48763E+00  0.55986E+01    -0.63199E-02  0.00000E+00  0.63199E-02  0.00000E+00  0.00000E+00  0.42500E+00     0.00000E+00 -0.10451E+01  0.00000E+00  0.15066E-01  0.69516E-01  0.31747E+01      298.      0.85     2.082  0.1877E+01
  0.51598E+00  0.57703E+01    -0.69221E-02  0.00000E+00  0.69221E-02  0.00000E+00  0.00000E+00  0.45000E+00     0.00000E+00 -0.11094E+01  0.00000E+00  0.14287E-01  0.74112E-01  0.32684E+01      298.      0.90     2.079  0.2022E+01
  0.54431E+00  0.59396E+01    -0.75225E-02  0.00000E+00  0.75225E-02  0.00000E+00  0.00000E+00  0.47500E+00     0.00000E+00 -0.11755E+01  0.00000E+00  0.13576E-01  0.79537E-01  0.33605E+01      298.      0.95     2.074  0.2172E+01
  0.57259E+00  0.61095E+01    -0.81228E-02  0.00000E+00  0.81228E-02  0.00000E+00  0.00000E+00  0.50000E+00     0.00000E+00 -0.12419E+01  0.00000E+00  0.13812E-01  0.84996E-01  0.34526E+01      298.      1.00     2.070  0.2326E+01
  0.60085E+00  0.62782E+01    -0.87204E-02  0.00000E+00  0.87204E-02  0.00000E+00  0.00000E+00  0.52500E+00     0.00000E+00 -0.13076E+01  0.00000E+00  0.15347E-01  0.90201E-01  0.35440E+01      298.      1.05     2.066  0.2483E+01
  0.62907E+00  0.64462E+01    -0.93103E-02  0.00000E+00  0.93103E-02  0.00000E+00  0.00000E+00  0.55000E+00     0.00000E+00 -0.13698E+01  0.00000E+00  0.17493E-01  0.95365E-01  0.36354E+01      298.      1.10     2.063  0.2646E+01
  0.65727E+00  0.66097E+01    -0.98839E-02  0.00000E+00  0.98839E-02  0.00000E+00  0.00000E+00  0.57500E+00     0.00000E+00 -0.14268E+01  0.00000E+00  0.18824E-01  0.10106E+00  0.37247E+01      298.      1.15     2.058  0.2812E+01
  0.68545E+00  0.67727E+01    -0.10437E-01  0.00000E+00  0.10437E-01  0.00000E+00  0.00000E+00  0.60000E+00     0.00000E+00 -0.14803E+01  0.00000E+00  0.18347E-01  0.10720E+00  0.38141E+01      298.      1.20     2.053  0.2983E+01
  0.71361E+00  0.69357E+01    -0.10967E-01  0.00000E+00  0.10967E-01  0.00000E+00  0.00000E+00  0.62500E+00     0.00000E+00 -0.15332E+01  0.00000E+00  0.16719E-01  0.11292E+00  0.39036E+01      298.      1.25     2.049  0.3158E+01
  0.74175E+00  0.70979E+01    -0.11470E-01  0.00000E+00  0.11470E-01  0.00000E+00  0.00000E+00  0.65000E+00     0.00000E+00 -0.15830E+01  0.00000E+00  0.13949E-01  0.11803E+00  0.39930E+01      298.      1.30     2.045  0.3337E+01
  0.76988E+00  0.72575E+01    -0.11948E-01  0.00000E+00  0.11948E-01  0.00000E+00  0.00000E+00  0.67500E+00     0.00000E+00 -0.16254E+01  0.00000E+00  0.10106E-01  0.12271E+00  0.40818E+01      298.      1.35     2.041  0.3521E+01
  0.79800E+00  0.74177E+01    -0.12399E-01  0.00000E+00  0.12399E-01  0.00000E+00  0.00000E+00  0.70000E+00     0.00000E+00 -0.16648E+01  0.00000E+00  0.66302E-02  0.12677E+00  0.41714E+01      298.      1.40     2.037  0.3709E+01
  0.82612E+00  0.75765E+01    -0.12823E-01  0.00000E+00  0.12823E-01  0.00000E+00  0.00000E+00  0.72500E+00     0.00000E+00 -0.17036E+01  0.00000E+00  0.36468E-02  0.13019E+00  0.42603E+01      298.      1.45     2.033  0.3901E+01
  0.85423E+00  0.77360E+01    -0.13220E-01  0.00000E+00  0.13220E-01  0.00000E+00  0.00000E+00  0.75000E+00     0.00000E+00 -0.17445E+01  0.00000E+00  0.88230E-03  0.13306E+00  0.43493E+01      298.      1.50     2.030  0.4097E+01
  0.88234E+00  0.78947E+01    -0.13590E-01  0.00000E+00  0.13590E-01  0.00000E+00  0.00000E+00  0.77500E+00     0.00000E+00 -0.17840E+01  0.00000E+00 -0.17510E-02  0.13603E+00  0.44380E+01      298.      1.55     2.026  0.4298E+01
  0.91045E+00  0.80509E+01    -0.13933E-01  0.00000E+00  0.13933E-01  0.00000E+00  0.00000E+00  0.80000E+00     0.00000E+00 -0.18192E+01  0.00000E+00 -0.44542E-02  0.13935E+00  0.45258E+01      298.      1.60     2.022  0.4503E+01
  0.93856E+00  0.82068E+01    -0.14247E-01  0.00000E+00  0.14247E-01  0.00000E+00  0.00000E+00  0.82500E+00     0.00000E+00 -0.18520E+01  0.00000E+00 -0.72529E-02  0.14269E+00  0.46138E+01      298.      1.65     2.019  0.4713E+01
  0.96667E+00  0.83612E+01    -0.14533E-01  0.00000E+00  0.14533E-01  0.00000E+00  0.00000E+00  0.85000E+00     0.00000E+00 -0.18823E+01  0.00000E+00 -0.10335E-01  0.14598E+00  0.47012E+01      298.      1.70     2.015  0.4927E+01
  0.99478E+00  0.85140E+01    -0.14792E-01  0.00000E+00  0.14792E-01  0.00000E+00  0.00000E+00  0.87500E+00     0.00000E+00 -0.19088E+01  0.00000E+00 -0.13623E-01  0.14906E+00  0.47881E+01      298.      1.75     2.011  0.5145E+01
  0.10229E+01  0.86658E+01    -0.15026E-01  0.00000E+00  0.15026E-01  0.00000E+00  0.00000E+00  0.90000E+00     0.00000E+00 -0.19276E+01  0.00000E+00 -0.16681E-01  0.15144E+00  0.48755E+01      298.      1.80     2.008  0.5368E+01
  0.10510E+01  0.88160E+01    -0.15237E-01  0.00000E+00  0.15237E-01  0.00000E+00  0.00000E+00  0.92500E+00     0.00000E+00 -0.19393E+01  0.00000E+00 -0.19189E-01  0.15253E+00  0.49628E+01      298.      1.85     2.004  0.5595E+01
  0.10792E+01  0.89655E+01    -0.15426E-01  0.00000E+00  0.15426E-01  0.00000E+00  0.00000E+00  0.95000E+00     0.00000E+00 -0.19420E+01  0.00000E+00 -0.21735E-01  0.15227E+00  0.50510E+01      298.      1.90     2.001  0.5826E+01
  0.11073E+01  0.91137E+01    -0.15594E-01  0.00000E+00  0.15594E-01  0.00000E+00  0.00000E+00  0.97500E+00     0.00000E+00 -0.19337E+01  0.00000E+00 -0.24615E-01  0.15195E+00  0.51397E+01      298.      1.95     1.999  0.6061E+01
  0.11355E+01  0.92605E+01    -0.15739E-01  0.00000E+00  0.15739E-01  0.00000E+00  0.00000E+00  0.10000E+01     0.00000E+00 -0.19161E+01  0.00000E+00 -0.27841E-01  0.15259E+00  0.52285E+01      298.      2.00     1.996  0.6301E+01
          Dvm          Svm          D11          D22          D33          D23          D13          D12             SDEV11       SDEV22       SDEV33       SDEV23       SDEV13       SDEV12      TEMP    TAYLAV      WORKAV
  0.80008E+00  0.94079E+01     0.00000E+00  0.00000E+00  0.00000E+00  0.00000E+00  0.00000E+00  0.70711E+00     0.82879E+00 -0.12107E+01  0.38189E+00 -0.28022E-01  0.15665E+00  0.53225E+01      298.     2.032  0.6647E+01
  0.80474E+00  0.92862E+01    -0.61628E-01  0.61628E-01  0.00000E+00  0.00000E+00  0.00000E+00  0.70442E+00    -0.14861E+01  0.84927E+00  0.63685E+00 -0.10901E-01  0.11678E+00  0.52022E+01      298.     2.018  0.6992E+01
  0.80093E+00  0.93734E+01    -0.12279E+00  0.12279E+00  0.00000E+00  0.00000E+00  0.00000E+00  0.69636E+00    -0.20386E+01  0.18389E+01  0.19966E+00  0.13061E-01  0.99493E-01  0.50486E+01      298.     2.028  0.7332E+01
  0.80373E+00  0.94484E+01    -0.18301E+00  0.18301E+00  0.00000E+00  0.00000E+00  0.00000E+00  0.68301E+00    -0.22904E+01  0.23369E+01 -0.46556E-01  0.18866E-01  0.82130E-01  0.49392E+01      298.     2.052  0.7669E+01
  0.80817E+00  0.95059E+01    -0.24184E+00  0.24184E+00  0.00000E+00  0.00000E+00  0.00000E+00  0.66446E+00    -0.24750E+01  0.26681E+01 -0.19312E+00  0.24162E-01  0.74973E-01  0.48450E+01      298.     2.076  0.8007E+01
  0.81197E+00  0.95556E+01    -0.29884E+00  0.29884E+00  0.00000E+00  0.00000E+00  0.00000E+00  0.64086E+00    -0.26327E+01  0.29341E+01 -0.30142E+00  0.22474E-01  0.71956E-01  0.47556E+01      298.     2.098  0.8346E+01
  0.81410E+00  0.95962E+01    -0.35355E+00  0.35355E+00  0.00000E+00  0.00000E+00  0.00000E+00  0.61237E+00    -0.27822E+01  0.31708E+01 -0.38868E+00  0.13291E-01  0.71700E-01  0.46602E+01      298.     2.113  0.8685E+01
  0.81436E+00  0.96260E+01    -0.40558E+00  0.40558E+00  0.00000E+00  0.00000E+00  0.00000E+00  0.57923E+00    -0.29381E+01  0.33933E+01 -0.45519E+00 -0.40001E-03  0.74008E-01  0.45502E+01      298.     2.121  0.9023E+01
  0.81305E+00  0.96452E+01    -0.45452E+00  0.45452E+00  0.00000E+00  0.00000E+00  0.00000E+00  0.54168E+00    -0.31150E+01  0.36148E+01 -0.49976E+00 -0.17979E-01  0.78786E-01  0.44152E+01      298.     2.122  0.9360E+01
  0.81093E+00  0.96523E+01    -0.50000E+00  0.50000E+00  0.00000E+00  0.00000E+00  0.00000E+00  0.50000E+00    -0.33289E+01  0.38477E+01 -0.51877E+00 -0.38767E-01  0.85523E-01  0.42390E+01      298.     2.119  0.9696E+01
  0.80940E+00  0.96446E+01    -0.54168E+00  0.54168E+00  0.00000E+00  0.00000E+00  0.00000E+00  0.45452E+00    -0.36051E+01  0.41120E+01 -0.50686E+00 -0.61130E-01  0.93096E-01  0.39891E+01      298.     2.114  0.1003E+02
  0.81071E+00  0.96183E+01    -0.57923E+00  0.57923E+00  0.00000E+00  0.00000E+00  0.00000E+00  0.40558E+00    -0.39944E+01  0.44422E+01 -0.44774E+00 -0.74981E-01  0.96316E-01  0.35886E+01      298.     2.112  0.1037E+02
  0.81443E+00  0.95839E+01    -0.61237E+00  0.61237E+00  0.00000E+00  0.00000E+00  0.00000E+00  0.35355E+00    -0.45315E+01  0.49528E+01 -0.42138E+00 -0.82962E-01  0.96994E-01  0.28248E+01      298.     2.114  0.1071E+02
  0.80170E+00  0.97361E+01    -0.64086E+00  0.64086E+00  0.00000E+00  0.00000E+00  0.00000E+00  0.29884E+00    -0.50691E+01  0.57013E+01 -0.63219E+00 -0.89041E-01  0.75188E-01  0.15110E+01      298.     2.115  0.1105E+02
  0.78931E+00  0.99004E+01    -0.66446E+00  0.66446E+00  0.00000E+00  0.00000E+00  0.00000E+00  0.24184E+00    -0.52179E+01  0.60387E+01 -0.82083E+00 -0.81372E-01  0.58296E-01  0.69221E+00      298.     2.117  0.1140E+02
  0.79200E+00  0.99745E+01    -0.68301E+00  0.68301E+00  0.00000E+00  0.00000E+00  0.00000E+00  0.18301E+00    -0.52387E+01  0.61496E+01 -0.91096E+00 -0.72256E-01  0.50653E-01  0.33173E+00      298.     2.141  0.1175E+02
  0.79840E+00  0.10013E+02    -0.69636E+00  0.69636E+00  0.00000E+00  0.00000E+00  0.00000E+00  0.12279E+00    -0.52543E+01  0.61907E+01 -0.93636E+00 -0.66002E-01  0.45942E-01  0.10029E+00      298.     2.166  0.1211E+02
  0.80414E+00  0.10036E+02    -0.70442E+00  0.70442E+00  0.00000E+00  0.00000E+00  0.00000E+00  0.61628E-01    -0.52664E+01  0.62051E+01 -0.93874E+00 -0.61441E-01  0.43459E-01 -0.84985E-01      298.     2.187  0.1248E+02
  0.80766E+00  0.10047E+02    -0.70711E+00  0.70711E+00  0.00000E+00  0.00000E+00  0.00000E+00  0.00000E+00    -0.52702E+01  0.62053E+01 -0.93510E+00 -0.57549E-01  0.41871E-01 -0.25272E+00      298.     2.198  0.1284E+02
  0.80843E+00  0.10048E+02    -0.70442E+00  0.70442E+00  0.00000E+00  0.00000E+00  0.00000E+00 -0.61628E-01    -0.52639E+01  0.61951E+01 -0.93117E+00 -0.53672E-01  0.39693E-01 -0.41644E+00      298.     2.201  0.1321E+02
  0.80646E+00  0.10040E+02    -0.69636E+00  0.69636E+00  0.00000E+00  0.00000E+00  0.00000E+00 -0.12279E+00    -0.52457E+01  0.61746E+01 -0.92896E+00 -0.49178E-01  0.36493E-01 -0.58789E+00      298.     2.193  0.1358E+02
  0.80224E+00  0.10024E+02    -0.68301E+00  0.68301E+00  0.00000E+00  0.00000E+00  0.00000E+00 -0.18301E+00    -0.52127E+01  0.61415E+01 -0.92881E+00 -0.43501E-01  0.32487E-01 -0.78246E+00      298.     2.178  0.1395E+02
  0.79713E+00  0.99977E+01    -0.66446E+00  0.66446E+00  0.00000E+00  0.00000E+00  0.00000E+00 -0.24184E+00    -0.51528E+01  0.60883E+01 -0.93551E+00 -0.35361E-01  0.29097E-01 -0.10342E+01      298.     2.158  0.1432E+02
  0.79496E+00  0.99534E+01    -0.64086E+00  0.64086E+00  0.00000E+00  0.00000E+00  0.00000E+00 -0.29884E+00    -0.50281E+01  0.59767E+01 -0.94865E+00 -0.18136E-01  0.28245E-01 -0.14391E+01      298.     2.142  0.1468E+02
  0.80368E+00  0.98365E+01    -0.61237E+00  0.61237E+00  0.00000E+00  0.00000E+00  0.00000E+00 -0.35355E+00    -0.46914E+01  0.56055E+01 -0.91411E+00  0.32498E-03  0.13208E-01 -0.22626E+01      298.     2.139  0.1504E+02
  0.80656E+00  0.97418E+01    -0.57923E+00  0.57923E+00  0.00000E+00  0.00000E+00  0.00000E+00 -0.40558E+00    -0.38474E+01  0.46624E+01 -0.81507E+00 -0.21009E-02 -0.20094E-01 -0.36099E+01      298.     2.124  0.1541E+02
  0.80512E+00  0.97483E+01    -0.54168E+00  0.54168E+00  0.00000E+00  0.00000E+00  0.00000E+00 -0.45452E+00    -0.34440E+01  0.41215E+01 -0.67758E+00 -0.10574E-01 -0.27440E-01 -0.41258E+01      298.     2.121  0.1577E+02
  0.80879E+00  0.97666E+01    -0.50000E+00  0.50000E+00  0.00000E+00  0.00000E+00  0.00000E+00 -0.50000E+00    -0.32451E+01  0.37988E+01 -0.55369E+00 -0.21799E-01 -0.30761E-01 -0.43772E+01      298.     2.134  0.1613E+02
  0.81255E+00  0.97816E+01    -0.45452E+00  0.45452E+00  0.00000E+00  0.00000E+00  0.00000E+00 -0.54168E+00    -0.30886E+01  0.35462E+01 -0.45766E+00 -0.28027E-01 -0.36109E-01 -0.45529E+01      298.     2.147  0.1649E+02
  0.81488E+00  0.97847E+01    -0.40558E+00  0.40558E+00  0.00000E+00  0.00000E+00  0.00000E+00 -0.57923E+00    -0.29446E+01  0.33258E+01 -0.38117E+00 -0.30255E-01 -0.42524E-01 -0.46875E+01      298.     2.153  0.1685E+02
  0.81511E+00  0.97749E+01    -0.35355E+00  0.35355E+00  0.00000E+00  0.00000E+00  0.00000E+00 -0.61237E+00    -0.28007E+01  0.31215E+01 -0.32072E+00 -0.28866E-01 -0.50276E-01 -0.47959E+01      298.     2.151  0.1721E+02
  0.81301E+00  0.97567E+01    -0.29884E+00  0.29884E+00  0.00000E+00  0.00000E+00  0.00000E+00 -0.64086E+00    -0.26480E+01  0.29224E+01 -0.27439E+00 -0.24778E-01 -0.60623E-01 -0.48901E+01      298.     2.141  0.1756E+02
  0.80878E+00  0.97255E+01    -0.24184E+00  0.24184E+00  0.00000E+00  0.00000E+00  0.00000E+00 -0.66446E+00    -0.24777E+01  0.27146E+01 -0.23691E+00 -0.19802E-01 -0.74659E-01 -0.49740E+01      298.     2.123  0.1791E+02
  0.80298E+00  0.96800E+01    -0.18301E+00  0.18301E+00  0.00000E+00  0.00000E+00  0.00000E+00 -0.68301E+00    -0.22774E+01  0.24847E+01 -0.20728E+00 -0.14638E-01 -0.92352E-01 -0.50521E+01      298.     2.098  0.1826E+02
  0.79681E+00  0.96181E+01    -0.12279E+00  0.12279E+00  0.00000E+00  0.00000E+00  0.00000E+00 -0.69636E+00    -0.20211E+01  0.22147E+01 -0.19359E+00 -0.86226E-02 -0.11348E+00 -0.51293E+01      298.     2.069  0.1861E+02
  0.79310E+00  0.95360E+01    -0.61628E-01  0.61628E-01  0.00000E+00  0.00000E+00  0.00000E+00 -0.70442E+00    -0.16342E+01  0.18611E+01 -0.22688E+00  0.38252E-02 -0.13739E+00 -0.52154E+01      298.     2.042  0.1895E+02
          Evm          Svm          E11          E22          E33          E23          E13          E12             SCAU11       SCAU22       SCAU33       SCAU23       SCAU13       SCAU12      TEMP      TIME    TAYLAV      WORKAV
  0.11355E+01  0.92596E+01    -0.15739E-01  0.00000E+00  0.15739E-01  0.00000E+00  0.00000E+00  0.10000E+01     0.00000E+00 -0.19155E+01  0.00000E+00 -0.27713E-01  0.15270E+00  0.52281E+01      298.      2.00     1.996  0.1919E+02
  0.11638E+01  0.94062E+01    -0.15862E-01  0.00000E+00  0.15862E-01  0.00000E+00  0.00000E+00  0.10250E+01     0.00000E+00 -0.18945E+01  0.00000E+00 -0.31338E-01  0.15496E+00  0.53170E+01      298.      2.05     1.994  0.1943E+02
  0.11920E+01  0.95526E+01    -0.15965E-01  0.00000E+00  0.15965E-01  0.00000E+00  0.00000E+00  0.10500E+01     0.00000E+00 -0.18698E+01  0.00000E+00 -0.34548E-01  0.16010E+00  0.54061E+01      298.      2.10     1.992  0.1968E+02
  0.12203E+01  0.97141E+01    -0.16052E-01  0.00000E+00  0.16052E-01  0.00000E+00  0.00000E+00  0.10750E+01     0.00000E+00 -0.19500E+01  0.00000E+00 -0.34858E-01  0.16487E+00  0.54917E+01      298.      2.15     1.989  0.1994E+02
  0.12486E+01  0.98631E+01    -0.16147E-01  0.00000E+00  0.16147E-01  0.00000E+00  0.00000E+00  0.11000E+01     0.00000E+00 -0.19331E+01  0.00000E+00 -0.38218E-01  0.17032E+00  0.55813E+01      298.      2.20     1.987  0.2019E+02
  0.12769E+01  0.10012E+02    -0.16231E-01  0.00000E+00  0.16231E-01  0.00000E+00  0.00000E+00  0.11250E+01     0.00000E+00 -0.19174E+01  0.00000E+00 -0.42022E-01  0.17333E+00  0.56709E+01      298.      2.25     1.986  0.2045E+02
  0.13052E+01  0.10160E+02    -0.16307E-01  0.00000E+00  0.16307E-01  0.00000E+00  0.00000E+00  0.11500E+01     0.00000E+00 -0.18965E+01  0.00000E+00 -0.46130E-01  0.17533E+00  0.57602E+01      298.      2.30     1.984  0.2072E+02
  0.13336E+01  0.10311E+02    -0.16371E-01  0.00000E+00  0.16371E-01  0.00000E+00  0.00000E+00  0.11750E+01     0.00000E+00 -0.18710E+01  0.00000E+00 -0.50569E-01  0.17746E+00  0.58511E+01      298.      2.35     1.983  0.2099E+02
  0.13619E+01  0.10462E+02    -0.16427E-01  0.00000E+00  0.16427E-01  0.00000E+00  0.00000E+00  0.12000E+01     0.00000E+00 -0.18417E+01  0.00000E+00 -0.55348E-01  0.17937E+00  0.59432E+01      298.      2.40     1.983  0.2126E+02
  0.13903E+01  0.10613E+02    -0.16475E-01  0.00000E+00  0.16475E-01  0.00000E+00  0.00000E+00  0.12250E+01     0.00000E+00 -0.18093E+01  0.00000E+00 -0.59059E-01  0.18117E+00  0.60346E+01      298.      2.45     1.982  0.2154E+02
  0.14188E+01  0.10763E+02    -0.16517E-01  0.00000E+00  0.16517E-01  0.00000E+00  0.00000E+00  0.12500E+01     0.00000E+00 -0.17707E+01  0.00000E+00 -0.62270E-01  0.18223E+00  0.61262E+01      298.      2.50     1.982  0.2182E+02
  0.14472E+01  0.10912E+02    -0.16551E-01  0.00000E+00  0.16551E-01  0.00000E+00  0.00000E+00  0.12750E+01     0.00000E+00 -0.17221E+01  0.00000E+00 -0.66136E-01  0.18219E+00  0.62181E+01      298.      2.55     1.981  0.2211E+02
  0.14757E+01  0.11060E+02    -0.16578E-01  0.00000E+00  0.16578E-01  0.00000E+00  0.00000E+00  0.13000E+01     0.00000E+00 -0.16629E+01  0.00000E+00 -0.71346E-01  0.18186E+00  0.63101E+01      298.      2.60     1.981  0.2240E+02
  0.15042E+01  0.11211E+02    -0.16596E-01  0.00000E+00  0.16596E-01  0.00000E+00  0.00000E+00  0.13250E+01     0.00000E+00 -0.16009E+01  0.00000E+00 -0.77169E-01  0.18044E+00  0.64034E+01      298.      2.65     1.981  0.2270E+02
  0.15328E+01  0.11363E+02    -0.16607E-01  0.00000E+00  0.16607E-01  0.00000E+00  0.00000E+00  0.13500E+01     0.00000E+00 -0.15370E+01  0.00000E+00 -0.81604E-01  0.17705E+00  0.64970E+01      298.      2.70     1.981  0.2300E+02
  0.15614E+01  0.11518E+02    -0.16609E-01  0.00000E+00  0.16609E-01  0.00000E+00  0.00000E+00  0.13750E+01     0.00000E+00 -0.14794E+01  0.00000E+00 -0.85462E-01  0.17168E+00  0.65921E+01      298.      2.75     1.981  0.2331E+02
  0.15900E+01  0.11673E+02    -0.16605E-01  0.00000E+00  0.16605E-01  0.00000E+00  0.00000E+00  0.14000E+01     0.00000E+00 -0.14028E+01  0.00000E+00 -0.86814E-01  0.16635E+00  0.66876E+01      298.      2.80     1.982  0.2362E+02
  0.16187E+01  0.11832E+02    -0.16591E-01  0.00000E+00  0.16591E-01  0.00000E+00  0.00000E+00  0.14250E+01     0.00000E+00 -0.13294E+01  0.00000E+00 -0.84854E-01  0.16195E+00  0.67855E+01      298.      2.85     1.983  0.2393E+02
  0.16473E+01  0.11988E+02    -0.16569E-01  0.00000E+00  0.16569E-01  0.00000E+00  0.00000E+00  0.14500E+01     0.00000E+00 -0.12513E+01  0.00000E+00 -0.81543E-01  0.15742E+00  0.68809E+01      298.      2.90     1.983  0.2425E+02
  0.16760E+01  0.12148E+02    -0.16538E-01  0.00000E+00  0.16538E-01  0.00000E+00  0.00000E+00  0.14750E+01     0.00000E+00 -0.11771E+01  0.00000E+00 -0.75357E-01  0.14972E+00  0.69787E+01      298.      2.95     1.984  0.2458E+02
  0.17048E+01  0.12311E+02    -0.16503E-01  0.00000E+00  0.16503E-01  0.00000E+00  0.00000E+00  0.15000E+01     0.00000E+00 -0.10859E+01  0.00000E+00 -0.70008E-01  0.14232E+00  0.70781E+01      298.      3.00     1.986  0.2491E+02
  0.17335E+01  0.12475E+02    -0.16463E-01  0.00000E+00  0.16463E-01  0.00000E+00  0.00000E+00  0.15250E+01     0.00000E+00 -0.99542E+00  0.00000E+00 -0.66442E-01  0.13804E+00  0.71780E+01      298.      3.05     1.987  0.2524E+02
  0.17623E+01  0.12643E+02    -0.16418E-01  0.00000E+00  0.16418E-01  0.00000E+00  0.00000E+00  0.15500E+01     0.00000E+00 -0.90236E+00  0.00000E+00 -0.63505E-01  0.13764E+00  0.72795E+01      298.      3.10     1.989  0.2558E+02
  0.17911E+01  0.12812E+02    -0.16368E-01  0.00000E+00  0.16368E-01  0.00000E+00  0.00000E+00  0.15750E+01     0.00000E+00 -0.77842E+00  0.00000E+00 -0.60087E-01  0.13867E+00  0.73820E+01      298.      3.15     1.992  0.2593E+02
  0.18199E+01  0.12983E+02    -0.16312E-01  0.00000E+00  0.16312E-01  0.00000E+00  0.00000E+00  0.16000E+01     0.00000E+00 -0.63112E+00  0.00000E+00 -0.58290E-01  0.13498E+00  0.74857E+01      298.      3.20     1.994  0.2628E+02
  0.18487E+01  0.13157E+02    -0.16252E-01  0.00000E+00  0.16252E-01  0.00000E+00  0.00000E+00  0.16250E+01     0.00000E+00 -0.44407E+00  0.00000E+00 -0.61343E-01  0.12651E+00  0.75904E+01      298.      3.25     1.997  0.2663E+02
  0.18775E+01  0.13330E+02    -0.16188E-01  0.00000E+00  0.16188E-01  0.00000E+00  0.00000E+00  0.16500E+01     0.00000E+00 -0.24556E+00  0.00000E+00 -0.69835E-01  0.11798E+00  0.76936E+01      298.      3.30     1.999  0.2699E+02
  0.19064E+01  0.13508E+02    -0.16116E-01  0.00000E+00  0.16116E-01  0.00000E+00  0.00000E+00  0.16750E+01     0.00000E+00 -0.59191E-01  0.00000E+00 -0.74614E-01  0.11252E+00  0.77973E+01      298.      3.35     2.001  0.2735E+02
  0.19353E+01  0.13629E+02    -0.16037E-01  0.00000E+00  0.16037E-01  0.00000E+00  0.00000E+00  0.17000E+01     0.00000E+00  0.23186E+00  0.00000E+00 -0.80995E-01  0.10707E+00  0.78661E+01      298.      3.40     1.994  0.2772E+02
  0.19641E+01  0.13798E+02    -0.15941E-01  0.00000E+00  0.15941E-01  0.00000E+00  0.00000E+00  0.17250E+01     0.00000E+00  0.46284E+00  0.00000E+00 -0.91275E-01  0.99284E-01  0.79607E+01      298.      3.45     1.994  0.2809E+02
  0.19930E+01  0.13969E+02    -0.15841E-01  0.00000E+00  0.15841E-01  0.00000E+00  0.00000E+00  0.17500E+01     0.00000E+00  0.72046E+00  0.00000E+00 -0.98751E-01  0.92421E-01  0.80533E+01      298.      3.50     1.994  0.2847E+02
  0.20218E+01  0.14142E+02    -0.15741E-01  0.00000E+00  0.15741E-01  0.00000E+00  0.00000E+00  0.17750E+01     0.00000E+00  0.94448E+00  0.00000E+00 -0.10751E+00  0.87288E-01  0.81455E+01      298.      3.55     1.993  0.2885E+02
  0.20506E+01  0.14317E+02    -0.15645E-01  0.00000E+00  0.15645E-01  0.00000E+00  0.00000E+00  0.18000E+01     0.00000E+00  0.11485E+01  0.00000E+00 -0.12173E+00  0.81758E-01  0.82379E+01      298.      3.60     1.993  0.2924E+02
  0.20794E+01  0.14484E+02    -0.15559E-01  0.00000E+00  0.15559E-01  0.00000E+00  0.00000E+00  0.18250E+01     0.00000E+00  0.12978E+01  0.00000E+00 -0.12609E+00  0.75495E-01  0.83274E+01      298.      3.65     1.992  0.2962E+02
  0.21081E+01  0.14649E+02    -0.15484E-01  0.00000E+00  0.15484E-01  0.00000E+00  0.00000E+00  0.18500E+01     0.00000E+00  0.13985E+01  0.00000E+00 -0.11723E+00  0.70403E-01  0.84181E+01      298.      3.70     1.991  0.3002E+02
  0.21368E+01  0.14816E+02    -0.15422E-01  0.00000E+00  0.15422E-01  0.00000E+00  0.00000E+00  0.18750E+01     0.00000E+00  0.14649E+01  0.00000E+00 -0.10552E+00  0.69081E-01  0.85111E+01      298.      3.75     1.991  0.3041E+02
  0.21656E+01  0.14993E+02    -0.15376E-01  0.00000E+00  0.15376E-01  0.00000E+00  0.00000E+00  0.19000E+01     0.00000E+00  0.15379E+01  0.00000E+00 -0.91340E-01  0.69836E-01  0.86100E+01      298.      3.80     1.992  0.3082E+02
  0.21943E+01  0.15176E+02    -0.15343E-01  0.00000E+00  0.15343E-01  0.00000E+00  0.00000E+00  0.19250E+01     0.00000E+00  0.16031E+01  0.00000E+00 -0.77132E-01  0.72920E-01  0.87122E+01      298.      3.85     1.995  0.3122E+02
  0.22230E+01  0.15364E+02    -0.15323E-01  0.00000E+00  0.15323E-01  0.00000E+00  0.00000E+00  0.19500E+01     0.00000E+00  0.16333E+01  0.00000E+00 -0.67979E-01  0.75730E-01  0.88194E+01      298.      3.90     1.998  0.3163E+02
  0.22517E+01  0.15563E+02    -0.15313E-01  0.00000E+00  0.15313E-01  0.00000E+00  0.00000E+00  0.19750E+01     0.00000E+00  0.16768E+01  0.00000E+00 -0.55520E-01  0.77075E-01  0.89322E+01      298.      3.95     2.003  0.3205E+02
  0.22804E+01  0.15775E+02    -0.15315E-01  0.00000E+00  0.15315E-01  0.00000E+00  0.00000E+00  0.20000E+01     0.00000E+00  0.17525E+01  0.00000E+00 -0.36629E-01  0.78778E-01  0.90508E+01      298.      4.00     2.008  0.3247E+02
          Dvm          Svm          D11          D22          D33          D23          D13          D12             SDEV11       SDEV22       SDEV33       SDEV23       SDEV13       SDEV12      TEMP    TAYLAV      WORKAV
  0.81118E+00  0.16054E+02     0.00000E+00  0.00000E+00  0.00000E+00  0.00000E+00  0.00000E+00  0.70711E+00    -0.56535E+00  0.12146E+01 -0.64920E+00 -0.37753E-01  0.80990E-01  0.92086E+01      298.     2.043  0.3307E+02
  0.80140E+00  0.16503E+02    -0.61628E-01  0.61628E-01  0.00000E+00  0.00000E+00  0.00000E+00  0.70442E+00    -0.16100E+01  0.28941E+01 -0.12842E+01  0.10847E-01  0.86777E-01  0.91904E+01      298.     2.077  0.3368E+02
  0.79965E+00  0.16784E+02    -0.12279E+00  0.12279E+00  0.00000E+00  0.00000E+00  0.00000E+00  0.69636E+00    -0.23213E+01  0.38348E+01 -0.15135E+01  0.25783E-01  0.86038E-01  0.90938E+01      298.     2.109  0.3427E+02
  0.80110E+00  0.16961E+02    -0.18301E+00  0.18301E+00  0.00000E+00  0.00000E+00  0.00000E+00  0.68301E+00    -0.29237E+01  0.45274E+01 -0.16036E+01 -0.56825E-02  0.93194E-01  0.89486E+01      298.     2.136  0.3486E+02
  0.80341E+00  0.17067E+02    -0.24184E+00  0.24184E+00  0.00000E+00  0.00000E+00  0.00000E+00  0.66446E+00    -0.34793E+01  0.51083E+01 -0.16290E+01 -0.64499E-01  0.10799E+00  0.87553E+01      298.     2.157  0.3545E+02
  0.80573E+00  0.17133E+02    -0.29884E+00  0.29884E+00  0.00000E+00  0.00000E+00  0.00000E+00  0.64086E+00    -0.40103E+01  0.56234E+01 -0.16131E+01 -0.10734E+00  0.13231E+00  0.85243E+01      298.     2.172  0.3604E+02
  0.80799E+00  0.17140E+02    -0.35355E+00  0.35355E+00  0.00000E+00  0.00000E+00  0.00000E+00  0.61237E+00    -0.45118E+01  0.60578E+01 -0.15461E+01 -0.13735E+00  0.13509E+00  0.82566E+01      298.     2.179  0.3664E+02
  0.80964E+00  0.17105E+02    -0.40558E+00  0.40558E+00  0.00000E+00  0.00000E+00  0.00000E+00  0.57923E+00    -0.49508E+01  0.64040E+01 -0.14531E+01 -0.16011E+00  0.13019E+00  0.79791E+01      298.     2.180  0.3724E+02
  0.80997E+00  0.17030E+02    -0.45452E+00  0.45452E+00  0.00000E+00  0.00000E+00  0.00000E+00  0.54168E+00    -0.53434E+01  0.67055E+01 -0.13622E+01 -0.16968E+00  0.13125E+00  0.76775E+01      298.     2.172  0.3784E+02
  0.80909E+00  0.16936E+02    -0.50000E+00  0.50000E+00  0.00000E+00  0.00000E+00  0.00000E+00  0.50000E+00    -0.57335E+01  0.70097E+01 -0.12763E+01 -0.16335E+00  0.13812E+00  0.73311E+01      298.     2.159  0.3845E+02
  0.80775E+00  0.16818E+02    -0.54168E+00  0.54168E+00  0.00000E+00  0.00000E+00  0.00000E+00  0.45452E+00    -0.61543E+01  0.73596E+01 -0.12054E+01 -0.15516E+00  0.14053E+00  0.68913E+01      298.     2.141  0.3905E+02
  0.80726E+00  0.16698E+02    -0.57923E+00  0.57923E+00  0.00000E+00  0.00000E+00  0.00000E+00  0.40558E+00    -0.66433E+01  0.78388E+01 -0.11955E+01 -0.15688E+00  0.14095E+00  0.62759E+01      298.     2.124  0.3966E+02
  0.80832E+00  0.16537E+02    -0.61237E+00  0.61237E+00  0.00000E+00  0.00000E+00  0.00000E+00  0.35355E+00    -0.73060E+01  0.88133E+01 -0.15073E+01 -0.15434E+00  0.15790E+00  0.49443E+01      298.     2.106  0.4026E+02
  0.79750E+00  0.16600E+02    -0.64086E+00  0.64086E+00  0.00000E+00  0.00000E+00  0.00000E+00  0.29884E+00    -0.77689E+01  0.99181E+01 -0.21492E+01 -0.99740E-01  0.16611E+00  0.31855E+01      298.     2.085  0.4087E+02
  0.79209E+00  0.16691E+02    -0.66446E+00  0.66446E+00  0.00000E+00  0.00000E+00  0.00000E+00  0.24184E+00    -0.80285E+01  0.10351E+02 -0.23227E+01 -0.48211E-01  0.13916E+00  0.20850E+01      298.     2.081  0.4149E+02
  0.79528E+00  0.16700E+02    -0.68301E+00  0.68301E+00  0.00000E+00  0.00000E+00  0.00000E+00  0.18301E+00    -0.81944E+01  0.10450E+02 -0.22551E+01 -0.27721E-01  0.12017E+00  0.14947E+01      298.     2.089  0.4211E+02
  0.79990E+00  0.16682E+02    -0.69636E+00  0.69636E+00  0.00000E+00  0.00000E+00  0.00000E+00  0.12279E+00    -0.83210E+01  0.10455E+02 -0.21344E+01 -0.21074E-01  0.10677E+00  0.10955E+01      298.     2.099  0.4274E+02
  0.80307E+00  0.16646E+02    -0.70442E+00  0.70442E+00  0.00000E+00  0.00000E+00  0.00000E+00  0.61628E-01    -0.84225E+01  0.10422E+02 -0.19995E+01 -0.19168E-01  0.96140E-01  0.75927E+00      298.     2.102  0.4337E+02
  0.80392E+00  0.16596E+02    -0.70711E+00  0.70711E+00  0.00000E+00  0.00000E+00  0.00000E+00  0.00000E+00    -0.85029E+01  0.10365E+02 -0.18625E+01 -0.19475E-01  0.86544E-01  0.44309E+00      298.     2.097  0.4400E+02
  0.80218E+00  0.16533E+02    -0.70442E+00  0.70442E+00  0.00000E+00  0.00000E+00  0.00000E+00 -0.61628E-01    -0.85525E+01  0.10295E+02 -0.17428E+01 -0.21351E-01  0.76621E-01  0.11879E+00      298.     2.084  0.4463E+02
  0.79808E+00  0.16456E+02    -0.69636E+00  0.69636E+00  0.00000E+00  0.00000E+00  0.00000E+00 -0.12279E+00    -0.85474E+01  0.10224E+02 -0.16765E+01 -0.26539E-01  0.64938E-01 -0.25079E+00      298.     2.063  0.4525E+02
  0.79301E+00  0.16362E+02    -0.68301E+00  0.68301E+00  0.00000E+00  0.00000E+00  0.00000E+00 -0.18301E+00    -0.84336E+01  0.10160E+02 -0.17264E+01 -0.37593E-01  0.48511E-01 -0.75255E+00      298.     2.037  0.4586E+02
  0.78995E+00  0.16223E+02    -0.66446E+00  0.66446E+00  0.00000E+00  0.00000E+00  0.00000E+00 -0.24184E+00    -0.80168E+01  0.10079E+02 -0.20618E+01 -0.50742E-01  0.19702E-01 -0.16371E+01      298.     2.011  0.4647E+02
  0.79143E+00  0.16020E+02    -0.64086E+00  0.64086E+00  0.00000E+00  0.00000E+00  0.00000E+00 -0.29884E+00    -0.72477E+01  0.96952E+01 -0.24474E+01 -0.78516E-01 -0.49822E-01 -0.30463E+01      298.     1.989  0.4707E+02
  0.79845E+00  0.15922E+02    -0.61237E+00  0.61237E+00  0.00000E+00  0.00000E+00  0.00000E+00 -0.35355E+00    -0.65132E+01  0.86847E+01 -0.21715E+01 -0.80594E-01 -0.11589E+00 -0.48167E+01      298.     1.992  0.4767E+02
  0.80094E+00  0.15912E+02    -0.57923E+00  0.57923E+00  0.00000E+00  0.00000E+00  0.00000E+00 -0.40558E+00    -0.59677E+01  0.76866E+01 -0.17188E+01 -0.51811E-01 -0.17591E+00 -0.59612E+01      298.     1.996  0.4826E+02
  0.80463E+00  0.15947E+02    -0.54168E+00  0.54168E+00  0.00000E+00  0.00000E+00  0.00000E+00 -0.45452E+00    -0.56366E+01  0.70758E+01 -0.14392E+01 -0.49099E-01 -0.18763E+00 -0.65405E+01      298.     2.009  0.4886E+02
  0.80849E+00  0.16009E+02    -0.50000E+00  0.50000E+00  0.00000E+00  0.00000E+00  0.00000E+00 -0.50000E+00    -0.53568E+01  0.65838E+01 -0.12271E+01 -0.49355E-01 -0.18123E+00 -0.69726E+01      298.     2.026  0.4946E+02
  0.81171E+00  0.16087E+02    -0.45452E+00  0.45452E+00  0.00000E+00  0.00000E+00  0.00000E+00 -0.54168E+00    -0.50831E+01  0.61028E+01 -0.10196E+01 -0.45914E-01 -0.16679E+00 -0.73601E+01      298.     2.044  0.5005E+02
  0.81407E+00  0.16159E+02    -0.40558E+00  0.40558E+00  0.00000E+00  0.00000E+00  0.00000E+00 -0.57923E+00    -0.47978E+01  0.55812E+01 -0.78331E+00 -0.39698E-01 -0.15237E+00 -0.77218E+01      298.     2.059  0.5065E+02
  0.81539E+00  0.16200E+02    -0.35355E+00  0.35355E+00  0.00000E+00  0.00000E+00  0.00000E+00 -0.61237E+00    -0.44883E+01  0.50121E+01 -0.52382E+00 -0.36330E-01 -0.14270E+00 -0.80429E+01      298.     2.067  0.5125E+02
  0.81563E+00  0.16205E+02    -0.29884E+00  0.29884E+00  0.00000E+00  0.00000E+00  0.00000E+00 -0.64086E+00    -0.41266E+01  0.43910E+01 -0.26438E+00 -0.31344E-01 -0.12776E+00 -0.83262E+01      298.     2.068  0.5184E+02
  0.81509E+00  0.16170E+02    -0.24184E+00  0.24184E+00  0.00000E+00  0.00000E+00  0.00000E+00 -0.66446E+00    -0.36457E+01  0.37276E+01 -0.81884E-01 -0.22887E-01 -0.10785E+00 -0.85757E+01      298.     2.063  0.5244E+02
  0.81475E+00  0.16083E+02    -0.18301E+00  0.18301E+00  0.00000E+00  0.00000E+00  0.00000E+00 -0.68301E+00    -0.28575E+01  0.30530E+01 -0.19547E+00 -0.90659E-02 -0.84138E-01 -0.88007E+01      298.     2.052  0.5303E+02
  0.81521E+00  0.15928E+02    -0.12279E+00  0.12279E+00  0.00000E+00  0.00000E+00  0.00000E+00 -0.69636E+00    -0.16687E+01  0.21363E+01 -0.46759E+00  0.20891E-01 -0.69175E-01 -0.89874E+01      298.     2.034  0.5364E+02
  0.81597E+00  0.15821E+02    -0.61628E-01  0.61628E-01  0.00000E+00  0.00000E+00  0.00000E+00 -0.70442E+00    -0.45047E+00  0.72674E+00 -0.27627E+00  0.46620E-01 -0.64277E-01 -0.91115E+01      298.     2.024  0.5424E+02
