TEXTURE AT STRAIN =    1.0000
   1.016   2.397   0.411  <-- length of average ellipsoid axes for phase
 -157.27   90.00   90.00  <-- Euler angles of average ellipsoid axes for phase
B       500
   60.43  116.07   38.66   0.0020000
 -110.22   33.36   26.79   0.0020000
  100.36   36.59   75.65   0.0020000
  125.66   82.13   41.89   0.0020000
  123.63   77.85   26.32   0.0020000
    4.71   15.44 -156.33   0.0020000
   -2.80   76.43  -37.56   0.0020000
 -147.01  143.05    1.86   0.0020000
  -48.83   56.14  120.38   0.0020000
 -119.24  135.11 -135.19   0.0020000
  -85.33  143.22  -82.30   0.0020000
   68.44  161.99  148.73   0.0020000
    1.12   71.92   42.47   0.0020000
    5.04  114.03  146.13   0.0020000
    8.76  120.00  -29.66   0.0020000
 -137.75   76.54  165.08   0.0020000
   86.42   34.77 -176.28   0.0020000
   76.53   56.20   16.61   0.0020000
   61.45   71.07 -137.80   0.0020000
 -144.88   27.41  176.46   0.0020000
 -174.24  123.58  -36.41   0.0020000
   29.40  139.66  -97.73   0.0020000
 -122.67   25.17   48.04   0.0020000
 -171.77   36.50 -143.52   0.0020000
  121.46   79.39   49.47   0.0020000
   94.53  116.83  -78.95   0.0020000
  -99.93  105.86  -94.14   0.0020000
  -30.71   47.06 -178.86   0.0020000
 -125.69   84.69 -119.35   0.0020000
  -41.61  126.34  -18.85   0.0020000
  100.35   60.62   75.80   0.0020000
   -8.02   39.58  -28.44   0.0020000
  160.29  137.47  103.90   0.0020000
 -126.46   72.83 -115.12   0.0020000
  -41.40  129.49 -107.93   0.0020000
  -16.04   46.71 -108.31   0.0020000
   -3.48  143.16 -145.55   0.0020000
 -149.56   48.19 -174.99   0.0020000
 -130.87  110.87  111.46   0.0020000
   -8.37   78.95   68.76   0.0020000
 -173.87  131.34   50.90   0.0020000
   82.22   59.64   98.58   0.0020000
  136.33   62.88 -160.93   0.0020000
  -44.01   52.04  110.24   0.0020000
  150.68   48.60  -92.94   0.0020000
  179.49   89.67 -135.77   0.0020000
  -97.29   47.51    8.59   0.0020000
  125.22   65.88  129.80   0.0020000
  -35.22   49.24 -172.63   0.0020000
  -95.24   44.14 -172.86   0.0020000
  -99.00   40.99  -77.49   0.0020000
  -65.59   88.80  154.32   0.0020000
   -0.01  112.13 -136.14   0.0020000
   99.40  149.86  -77.16   0.0020000
   59.74   69.73 -129.26   0.0020000
 -113.30  114.05  -30.53   0.0020000
   54.88  115.65  -61.92   0.0020000
  -34.92   47.96    8.63   0.0020000
  -57.01    7.93  -86.75   0.0020000
    2.04   86.56  121.33   0.0020000
  130.84    6.76  -26.62   0.0020000
  -46.62  115.24  154.13   0.0020000
 -120.12   78.12 -128.91   0.0020000
  168.37  170.09  -27.31   0.0020000
  -55.96   67.33 -138.35   0.0020000
  128.50   54.25 -144.60   0.0020000
   -5.31  146.07 -146.74   0.0020000
   -2.05  123.47 -142.29   0.0020000
 -137.85   44.64   78.94   0.0020000
 -177.39   68.72 -140.56   0.0020000
    0.41   79.90   40.96   0.0020000
  -42.77  116.52  164.34   0.0020000
   59.59   23.80  137.19   0.0020000
 -121.91   93.45  -52.74   0.0020000
   83.80  150.38  173.75   0.0020000
  -42.73  156.51   85.62   0.0020000
  -13.18  147.88 -155.00   0.0020000
  112.30   43.19   58.68   0.0020000
   96.21   50.77   81.34   0.0020000
    4.70  143.77   47.20   0.0020000
  151.16   46.11  178.43   0.0020000
   35.70   36.08  173.48   0.0020000
  -80.40  141.72  105.19   0.0020000
  -79.88  127.68 -165.68   0.0020000
  -19.21    7.79   51.66   0.0020000
  136.74   62.89 -163.30   0.0020000
  126.15   86.83  143.94   0.0020000
    9.92   88.68  108.02   0.0020000
    0.93  121.40   45.04   0.0020000
   -0.36   72.40  -44.70   0.0020000
  153.71   40.67   -5.07   0.0020000
   82.92   41.51    9.14   0.0020000
   48.68   77.56  160.49   0.0020000
   -0.85  135.44 -141.12   0.0020000
  -91.14  117.61   -1.58   0.0020000
 -173.25  142.17 -129.28   0.0020000
  132.25  133.11  155.55   0.0020000
   59.86   88.29  -46.38   0.0020000
   59.80  108.50  -53.48   0.0020000
  156.01   57.68   78.35   0.0020000
   59.28   74.41  -35.94   0.0020000
  137.33   64.98   93.88   0.0020000
  136.92   58.63   20.37   0.0020000
   98.63  135.31  101.03   0.0020000
    1.27   92.50   71.94   0.0020000
  124.96   94.05  -45.11   0.0020000
   27.95   38.17    7.98   0.0020000
  -51.10   50.14  123.67   0.0020000
    0.48  121.87 -135.06   0.0020000
  -60.52   77.64 -128.11   0.0020000
  -10.92   35.18 -116.17   0.0020000
   10.03  118.99   62.48   0.0020000
 -119.66  110.85  129.68   0.0020000
 -176.50   62.86 -141.41   0.0020000
   82.28  125.07  -99.52   0.0020000
  137.11  124.59  -20.75   0.0020000
   59.95   78.04   47.83   0.0020000
 -107.67   42.09  -63.16   0.0020000
 -175.99   96.83   11.38   0.0020000
   35.95  136.43    0.91   0.0020000
    6.18   30.58  -52.80   0.0020000
  -43.32  102.63   88.27   0.0020000
   36.96   47.33  177.74   0.0020000
 -121.01   65.15  143.97   0.0020000
  169.54  144.39   26.30   0.0020000
   42.14  134.68   10.47   0.0020000
   34.90   93.36  -79.53   0.0020000
  173.29  140.87  -59.74   0.0020000
  172.80   43.93 -120.28   0.0020000
  -23.76  145.95  -79.01   0.0020000
  -39.68   63.73    8.02   0.0020000
 -125.35  101.66  120.40   0.0020000
    2.13   98.18 -121.07   0.0020000
 -101.19   47.57  -74.90   0.0020000
  159.02  136.90 -168.81   0.0020000
 -119.58  105.00  -46.93   0.0020000
  -98.29   55.45   98.64   0.0020000
  120.73   78.48  140.86   0.0020000
 -119.87   85.02   36.81   0.0020000
    5.89  125.73  143.30   0.0020000
  -43.78  137.37  161.47   0.0020000
   97.78  135.71  102.04   0.0020000
  146.17   50.87   95.52   0.0020000
   50.44   40.47   60.64   0.0020000
 -178.94   97.48   59.34   0.0020000
  120.69  121.31   43.93   0.0020000
  138.23   57.58  107.63   0.0020000
   58.63   94.85  126.22   0.0020000
  -12.38   90.24  -91.23   0.0020000
   60.43   79.41  139.38   0.0020000
 -178.53  128.95   44.39   0.0020000
  -53.25  122.94  -37.09   0.0020000
   17.75   57.99   16.56   0.0020000
 -127.28   68.51   64.86   0.0020000
 -121.99   79.96 -124.49   0.0020000
   82.11  141.15  167.13   0.0020000
 -126.98  129.32  -60.06   0.0020000
  -15.51  143.42   19.06   0.0020000
  123.07   97.84   61.70   0.0020000
  124.32   83.64 -146.74   0.0020000
    9.70  127.58   59.08   0.0020000
   90.08   45.43  179.43   0.0020000
 -123.54  107.48   30.20   0.0020000
  174.49  135.88 -148.07   0.0020000
   58.41   72.13   56.86   0.0020000
    1.78  105.99   47.23   0.0020000
  -46.55   43.00  114.72   0.0020000
   50.26   23.49  147.37   0.0020000
   47.61   88.90  170.51   0.0020000
  111.87   50.62  148.30   0.0020000
  -50.72  114.41 -122.75   0.0020000
  -37.05  156.07   10.23   0.0020000
  154.05   38.53  174.39   0.0020000
 -120.55   85.71  -39.96   0.0020000
 -127.95  129.04   27.49   0.0020000
  125.84  101.67  -40.46   0.0020000
  122.00  122.71  135.37   0.0020000
  153.95  133.36 -175.95   0.0020000
 -125.69  109.06  -63.24   0.0020000
   86.00   50.38  -85.75   0.0020000
  -25.59   42.43   82.94   0.0020000
   68.91   80.40 -167.19   0.0020000
 -128.03  122.98  115.40   0.0020000
 -120.59   69.31 -126.68   0.0020000
  114.59  127.54  125.38   0.0020000
   91.94   45.73    4.32   0.0020000
  137.03   59.21 -159.19   0.0020000
    2.29  107.06   52.03   0.0020000
  177.51  103.88 -142.17   0.0020000
  126.21   76.38  -54.27   0.0020000
 -171.68   56.04  -58.27   0.0020000
  135.89   53.16  -67.21   0.0020000
 -104.71  135.28  -21.55   0.0020000
 -134.28   87.14   78.32   0.0020000
  -59.40   78.17  139.74   0.0020000
   29.54  118.27    0.59   0.0020000
   95.75  155.81  178.47   0.0020000
   29.94  149.28   91.05   0.0020000
   54.56  134.28 -145.40   0.0020000
 -161.96   51.26   20.32   0.0020000
   88.17  139.21  179.14   0.0020000
  -10.42  137.81   25.58   0.0020000
    0.20  107.17 -133.85   0.0020000
   46.30   79.56 -101.06   0.0020000
  -55.01  103.34  -26.65   0.0020000
    1.42   78.47  -50.39   0.0020000
   86.07  140.32   -7.76   0.0020000
 -144.81  119.60    4.95   0.0020000
   44.54   39.45   70.41   0.0020000
  -63.63  138.72  -32.17   0.0020000
  -84.85   47.60 -102.38   0.0020000
 -145.88   40.52   -0.02   0.0020000
  -35.94  138.41  -96.66   0.0020000
  -11.15   80.18  161.41   0.0020000
  -22.92  157.79 -157.53   0.0020000
   61.00   91.91  -47.60   0.0020000
   -0.93  111.85 -137.94   0.0020000
   15.64   37.00 -155.14   0.0020000
    0.16   82.28 -143.72   0.0020000
  157.07   56.27  172.09   0.0020000
   71.69  136.39  -26.19   0.0020000
  178.46   89.83   36.23   0.0020000
  179.38   67.66 -133.20   0.0020000
  -65.03  135.95  -54.13   0.0020000
  -83.58   65.17  172.54   0.0020000
  127.47   69.95 -144.72   0.0020000
  -58.01  108.79  173.36   0.0020000
  -48.47   69.23   25.37   0.0020000
 -175.66   39.49 -135.54   0.0020000
  172.30   87.78  -96.11   0.0020000
  -93.97   58.38  -87.53   0.0020000
  -49.91   72.36   24.02   0.0020000
  157.05  150.66  106.13   0.0020000
  110.76   50.55   60.23   0.0020000
  175.28  148.57  140.38   0.0020000
  177.39   95.00  123.01   0.0020000
  130.29  108.56 -115.29   0.0020000
 -142.03   87.08  158.15   0.0020000
   47.67   65.27 -109.68   0.0020000
 -177.23   86.83 -155.61   0.0020000
  -27.33   77.69   -2.08   0.0020000
   38.01   46.68  -93.68   0.0020000
    5.40  140.38   50.63   0.0020000
  -91.22  140.79  -90.28   0.0020000
  -80.66   73.89  -94.42   0.0020000
 -100.95  128.76   74.00   0.0020000
 -128.79  111.50 -156.69   0.0020000
   60.59  132.41 -135.85   0.0020000
 -120.32  105.21   39.61   0.0020000
 -100.04  121.38  168.67   0.0020000
 -148.41  106.60   93.25   0.0020000
   89.45   52.89  -90.46   0.0020000
 -128.42   80.21 -161.28   0.0020000
  -83.88   52.86  173.28   0.0020000
    1.45   47.64  135.72   0.0020000
  141.63   47.02   12.74   0.0020000
  -89.93  138.01 -174.48   0.0020000
   -1.26  106.11   41.16   0.0020000
   -5.44  140.66  -58.23   0.0020000
  124.54  116.54 -130.28   0.0020000
 -162.23   55.54 -162.92   0.0020000
 -122.13   93.33  -55.54   0.0020000
  -36.51  132.81   80.01   0.0020000
  145.33   46.89   96.93   0.0020000
 -160.27  141.40  159.15   0.0020000
  -53.26   46.69  -52.55   0.0020000
  -10.64  153.10   33.44   0.0020000
 -151.64  152.59   -1.73   0.0020000
  179.49   89.19  -47.22   0.0020000
  -52.36  110.27 -121.72   0.0020000
  -57.14  122.41  137.18   0.0020000
 -174.12  137.43 -130.64   0.0020000
 -123.30  112.11  -59.96   0.0020000
 -119.75  101.07  128.66   0.0020000
 -119.73  112.27  130.23   0.0020000
  -17.18  139.74  -73.14   0.0020000
 -163.36  132.13  -23.46   0.0020000
  153.18  132.86    4.33   0.0020000
   83.10  142.86  167.54   0.0020000
    1.86  112.01   47.55   0.0020000
 -120.37  117.88  -50.45   0.0020000
  123.67   55.93  -48.02   0.0020000
 -118.61  128.96 -134.09   0.0020000
   29.30   60.61   91.24   0.0020000
 -126.64  148.48 -143.05   0.0020000
 -120.14  104.89  -51.99   0.0020000
   43.45  128.97  102.06   0.0020000
  119.82   68.46   48.85   0.0020000
  -64.01  119.77 -143.51   0.0020000
  -80.81   33.21 -103.92   0.0020000
 -105.53  132.99   67.66   0.0020000
   -7.19   38.47  150.34   0.0020000
    9.56   74.52 -152.03   0.0020000
  -94.54   46.76    5.55   0.0020000
  161.51  167.72  -37.49   0.0020000
  -69.86   52.57  151.67   0.0020000
  116.35  117.83 -142.98   0.0020000
 -122.21   70.56  148.03   0.0020000
  173.99  145.79  122.27   0.0020000
 -161.18  134.45  158.58   0.0020000
   -9.71   83.48   -3.58   0.0020000
    4.61   42.92  132.82   0.0020000
   -4.09   23.36   36.62   0.0020000
  172.87   91.04  -11.82   0.0020000
  -42.60  165.61   97.46   0.0020000
  -56.80   88.90 -129.77   0.0020000
  -88.92   63.23  178.04   0.0020000
 -137.54   58.87  165.86   0.0020000
  111.73  108.56 -166.63   0.0020000
 -151.94   91.22   86.17   0.0020000
   -6.10  116.74  118.45   0.0020000
  -56.15  120.63  138.69   0.0020000
 -172.81   48.67  126.28   0.0020000
 -173.04  132.00  142.79   0.0020000
 -159.88   43.42 -159.59   0.0020000
   43.73  118.71 -163.95   0.0020000
  -64.72   82.59   65.40   0.0020000
 -125.91   61.84   62.19   0.0020000
  -55.07   84.00 -141.92   0.0020000
  162.45  109.37   17.79   0.0020000
  -11.69  144.18   24.50   0.0020000
   65.60   82.01  -86.96   0.0020000
  -62.37   77.33  144.61   0.0020000
   63.63  128.63 -131.16   0.0020000
  -22.86   36.54  168.98   0.0020000
  -69.64   81.47 -110.20   0.0020000
  -17.95  140.89  106.95   0.0020000
   -6.58  118.82   31.00   0.0020000
   69.58   76.37    8.55   0.0020000
  128.90   73.81   27.90   0.0020000
  -54.26  101.63   52.83   0.0020000
    4.75   93.67  -92.57   0.0020000
   81.44  144.47   77.68   0.0020000
 -140.81   44.62   -5.69   0.0020000
   10.59  116.37   66.50   0.0020000
 -154.98   59.43   95.58   0.0020000
   -0.53  147.65  130.65   0.0020000
   52.78  109.55 -155.10   0.0020000
  -51.07  112.72 -122.78   0.0020000
  128.71  120.36  -35.81   0.0020000
   82.87   41.42    9.90   0.0020000
   57.52  111.63 -148.43   0.0020000
   59.73   55.38   48.90   0.0020000
  -22.85  141.50    9.78   0.0020000
   60.05   99.06   37.43   0.0020000
  162.52  140.15 -163.19   0.0020000
   21.51   76.92    5.94   0.0020000
  160.79  141.74   14.51   0.0020000
    3.97   59.04 -140.65   0.0020000
  177.94  118.38   38.19   0.0020000
  141.68  132.15 -100.39   0.0020000
 -119.98   91.47   44.30   0.0020000
  -56.01  130.46  138.57   0.0020000
   55.64   89.80 -121.46   0.0020000
   78.42   30.65 -160.62   0.0020000
 -156.05   89.61  176.00   0.0020000
   -3.55   87.69  -30.21   0.0020000
 -122.08   59.90   54.27   0.0020000
  179.52   96.05   43.19   0.0020000
 -113.86   42.85 -144.86   0.0020000
  114.86   90.12  111.09   0.0020000
  -92.52  114.15   85.89   0.0020000
  143.31  126.09  171.21   0.0020000
  165.08  132.52  -69.46   0.0020000
  133.38   65.95 -157.67   0.0020000
  154.50  139.00    6.17   0.0020000
   -0.86   91.27 -130.62   0.0020000
  124.37   75.95  133.10   0.0020000
  -90.13  146.66    0.04   0.0020000
  -83.68  122.11 -171.29   0.0020000
  146.67  140.33   -1.93   0.0020000
  103.77   45.82  159.60   0.0020000
 -174.25   65.68  -54.45   0.0020000
  -96.14   40.52  -82.10   0.0020000
  -29.95  134.35  -90.94   0.0020000
   23.57   61.93  -83.32   0.0020000
  -98.88  141.45 -100.85   0.0020000
  -40.64   54.79  -72.45   0.0020000
   82.06   37.53  -82.85   0.0020000
  -80.34   50.54   76.44   0.0020000
 -141.64   71.37  -80.12   0.0020000
  -11.28  140.33  114.15   0.0020000
 -169.76  138.55  145.70   0.0020000
  119.59   32.90  139.26   0.0020000
 -108.68  124.76  -26.63   0.0020000
   -1.71   89.61  159.67   0.0020000
   -1.31  102.76  -47.00   0.0020000
   64.65   56.47 -140.42   0.0020000
   99.68  136.50  101.93   0.0020000
  103.79  115.40  108.52   0.0020000
  148.84  140.02  179.47   0.0020000
  120.46   99.13  -51.06   0.0020000
 -142.16  112.82  -77.80   0.0020000
  111.79   45.79  148.68   0.0020000
    1.97   87.19   65.78   0.0020000
 -177.42  138.44 -136.24   0.0020000
 -128.43  132.60  -61.93   0.0020000
  163.05   40.81 -107.05   0.0020000
   70.77   50.84   27.80   0.0020000
   59.09   78.35  -44.64   0.0020000
   13.76   28.63  -64.10   0.0020000
 -147.33   42.76   93.84   0.0020000
  176.35  100.30   33.51   0.0020000
  174.55   36.76  -30.96   0.0020000
   13.46   54.18 -155.26   0.0020000
  179.53   97.10  -45.83   0.0020000
  148.09  131.34  -93.98   0.0020000
 -128.47  125.37 -154.94   0.0020000
 -125.42   60.23  150.82   0.0020000
 -119.67   80.82   49.66   0.0020000
  179.79  102.99   45.84   0.0020000
  145.20  137.55   -5.32   0.0020000
  -71.76   57.01 -115.32   0.0020000
  -49.88   81.94  -92.27   0.0020000
   86.38  138.03  -95.00   0.0020000
  -40.73   54.52 -162.20   0.0020000
  -88.45  119.51    5.36   0.0020000
  -54.64   82.79 -141.70   0.0020000
  139.96   49.40 -163.61   0.0020000
   85.28  176.12   -0.15   0.0020000
   68.54  126.78  148.76   0.0020000
   57.94   90.01 -168.93   0.0020000
  -15.61  139.36 -161.20   0.0020000
  144.03  136.23  -96.53   0.0020000
  -69.11   59.03   72.73   0.0020000
 -158.44  102.68  162.81   0.0020000
 -150.85  133.22   -7.48   0.0020000
  159.83  133.88  -76.65   0.0020000
 -109.34  142.81  151.56   0.0020000
   -0.41   82.80   33.10   0.0020000
  148.72  132.02   88.08   0.0020000
   57.69   78.84 -136.12   0.0020000
  161.81  144.45 -162.01   0.0020000
  -87.47   41.43  -98.60   0.0020000
  130.87  114.02  -30.10   0.0020000
    6.66   21.89 -152.91   0.0020000
   58.91   71.20  139.40   0.0020000
 -139.32   45.59   -7.92   0.0020000
 -123.42   57.42  149.39   0.0020000
  179.81   86.18   35.63   0.0020000
   45.15  106.35  104.43   0.0020000
    4.65  105.08  -31.93   0.0020000
  -48.54   73.75   36.01   0.0020000
  -20.76  135.00  103.64   0.0020000
   19.02  173.67 -119.86   0.0020000
 -124.87  134.04  125.23   0.0020000
  145.09   21.91 -171.87   0.0020000
   56.25  105.73  -60.04   0.0020000
  -99.49  123.55  168.36   0.0020000
   87.49   43.58   94.52   0.0020000
 -170.88   30.28  -58.21   0.0020000
   59.88  103.32   38.90   0.0020000
  145.16   42.63    5.27   0.0020000
  113.45  106.11 -153.13   0.0020000
 -177.32   32.67 -135.25   0.0020000
  133.73  116.63 -114.33   0.0020000
 -116.32   61.17  -48.73   0.0020000
 -122.06   82.35  129.85   0.0020000
  112.37   76.20   65.13   0.0020000
 -105.44   55.88 -157.88   0.0020000
   -0.61   94.16  132.75   0.0020000
  170.83   60.66   62.23   0.0020000
  -49.05  107.55  -22.94   0.0020000
  -73.38  135.84   22.93   0.0020000
    7.55   50.66  125.58   0.0020000
  -32.81  129.32   85.77   0.0020000
 -168.98   26.18 -154.65   0.0020000
  -57.17   73.92  135.02   0.0020000
  -33.79   48.57    5.54   0.0020000
   11.88  137.28  148.28   0.0020000
 -115.45  126.86  -33.83   0.0020000
  142.18   37.22  100.21   0.0020000
  -41.34  121.10 -105.47   0.0020000
    3.86  100.94 -128.65   0.0020000
 -129.57  117.58  -66.70   0.0020000
  -15.72  146.19  110.44   0.0020000
 -129.42  135.49   26.67   0.0020000
 -111.38   63.13   30.64   0.0020000
 -101.49  141.87  -12.99   0.0020000
  177.28   38.01 -125.41   0.0020000
  -12.25   46.61  155.03   0.0020000
    1.10   86.57   24.24   0.0020000
 -179.50  107.05 -132.66   0.0020000
   42.35   45.19  -12.09   0.0020000
  150.14   37.33  178.10   0.0020000
   71.02   73.88 -165.20   0.0020000
 -112.03   49.81  122.47   0.0020000
 -131.24   75.95  157.72   0.0020000
   97.17  121.78  102.84   0.0020000
  144.72  140.59  -96.56   0.0020000
 -141.42  125.57    7.54   0.0020000
 -142.50   55.74   82.00   0.0020000
   43.74   50.31   77.84   0.0020000
  137.06  147.80  -17.18   0.0020000
  179.12   92.36  -45.13   0.0020000
  -87.83  132.57    3.58   0.0020000
   67.34   78.78    4.82   0.0020000
    0.73  113.06   46.15   0.0020000
  -61.44  125.52   38.33   0.0020000
 -145.94  105.68  -77.43   0.0020000
TEXTURE AT STRAIN =    2.0000
   1.015   4.223   0.233  <-- length of average ellipsoid axes for phase
 -166.65   90.00   90.00  <-- Euler angles of average ellipsoid axes for phase
B       500
   55.25  112.01   33.78   0.0020000
 -104.35   39.32   17.61   0.0020000
  100.19   40.92   73.33   0.0020000
  125.86   80.42   40.88   0.0020000
  100.62   77.98   12.61   0.0020000
  -77.98   14.70 -103.17   0.0020000
   -2.90   72.34  -39.65   0.0020000
 -139.30  152.72   21.98   0.0020000
  -49.30   59.18  114.48   0.0020000
 -118.32  131.65 -132.08   0.0020000
  -85.02  139.24  -80.37   0.0020000
   80.94  148.13  171.69   0.0020000
   -0.38   70.96   44.11   0.0020000
    1.41  112.32  140.36   0.0020000
    3.43  115.41  -36.55   0.0020000
 -174.59   85.87  157.29   0.0020000
   86.96   39.98 -178.70   0.0020000
   71.15   55.15   24.79   0.0020000
   47.85   79.31 -130.99   0.0020000
 -121.38   22.94  130.96   0.0020000
 -177.28  124.71  -40.85   0.0020000
   29.25  139.15  -98.34   0.0020000
 -105.12   34.07   18.15   0.0020000
 -176.54   36.44 -139.49   0.0020000
  116.59   72.14   54.28   0.0020000
   91.83  125.32  -83.26   0.0020000
 -150.96  100.75  -94.69   0.0020000
  -35.17   47.61 -177.75   0.0020000
 -171.32   89.95 -123.41   0.0020000
  -44.32  124.64  -17.28   0.0020000
   96.76   52.32   77.79   0.0020000
  -11.96   37.16  -28.32   0.0020000
  155.53  138.72  102.53   0.0020000
 -146.23   73.46 -109.65   0.0020000
  -43.52  127.65 -104.88   0.0020000
  -25.22   42.33 -103.55   0.0020000
   -6.84  145.90 -143.86   0.0020000
 -153.11   48.10 -171.26   0.0020000
 -147.25  108.53  108.15   0.0020000
  -60.43   71.36   79.04   0.0020000
 -177.47  132.91   47.06   0.0020000
   77.13   54.93  105.13   0.0020000
  124.10   67.51 -161.68   0.0020000
  -47.69   54.15  106.07   0.0020000
  127.47   50.85  -89.73   0.0020000
  178.46   89.82 -135.28   0.0020000
  -98.61   46.83   10.01   0.0020000
  125.76   63.14  126.44   0.0020000
  -39.23   50.39 -172.29   0.0020000
  -96.71   44.85 -172.51   0.0020000
  -99.87   43.77  -77.96   0.0020000
  -85.77   70.71  170.48   0.0020000
   -0.88  113.86 -136.41   0.0020000
   99.52  142.55  -73.72   0.0020000
   53.95   73.23 -125.02   0.0020000
 -140.67  100.35  -43.21   0.0020000
   52.02  114.19  -62.40   0.0020000
  -37.74   49.02    7.92   0.0020000
  -95.10   23.81  -81.96   0.0020000
   -1.76   87.68  129.05   0.0020000
   93.69   21.03  -12.63   0.0020000
  -50.01  114.26  154.93   0.0020000
 -123.95   78.59 -127.41   0.0020000
  103.00  163.05  -65.52   0.0020000
  -55.24   64.19 -141.41   0.0020000
  129.80   57.65 -151.76   0.0020000
  -10.45  149.22 -142.81   0.0020000
   -4.71  132.09 -143.43   0.0020000
 -135.78   46.41   75.02   0.0020000
 -179.65   68.20 -137.42   0.0020000
   -0.98   79.58   43.38   0.0020000
  -68.13  110.81  168.41   0.0020000
   75.45   34.59  107.50   0.0020000
 -147.33   93.59  -57.91   0.0020000
   86.55  142.91  178.69   0.0020000
  -94.18  145.56   79.42   0.0020000
  -33.50  154.41 -153.03   0.0020000
  115.39   46.36   52.25   0.0020000
   94.96   47.50   80.93   0.0020000
    0.75  144.48   45.42   0.0020000
  146.58   46.09  179.69   0.0020000
   52.20   25.97  140.46   0.0020000
  -78.72  138.41  108.30   0.0020000
  -80.63  131.37 -164.86   0.0020000
  -89.20   18.74   90.01   0.0020000
  115.85   68.86 -166.42   0.0020000
  115.10   78.62  149.00   0.0020000
   -2.07   89.00  124.53   0.0020000
   -0.20  123.53   43.90   0.0020000
   -1.02   70.87  -44.18   0.0020000
  150.70   39.60   -7.24   0.0020000
   82.38   43.79    8.60   0.0020000
   10.62   84.59  157.27   0.0020000
   -5.29  140.75 -142.96   0.0020000
  -95.58  126.15   -4.40   0.0020000
 -178.17  142.92 -133.03   0.0020000
  115.15  130.41  168.85   0.0020000
   55.57   89.59  -46.43   0.0020000
   55.41  107.16  -55.99   0.0020000
  104.03   54.08   80.47   0.0020000
   54.62   74.83  -33.57   0.0020000
   95.84   54.64   86.76   0.0020000
  131.55   61.54   19.30   0.0020000
   96.81  134.84  101.44   0.0020000
   -8.79   85.54   62.79   0.0020000
  125.16   95.20  -43.97   0.0020000
   28.10   38.64    7.36   0.0020000
  -49.01   55.04  113.60   0.0020000
   -0.41  124.10 -136.20   0.0020000
  -70.93   66.67 -116.24   0.0020000
  -18.75   31.34 -118.94   0.0020000
    3.15  112.60   54.22   0.0020000
 -125.17  107.22  125.05   0.0020000
 -178.78   62.06 -137.95   0.0020000
   78.70  128.50 -103.51   0.0020000
  134.10  122.43  -18.95   0.0020000
   54.92   80.31   50.07   0.0020000
 -108.62   45.35  -64.27   0.0020000
  147.53  105.50    8.21   0.0020000
   36.66  135.69    1.69   0.0020000
   -4.76   27.92  -52.97   0.0020000
  -83.33  113.15   92.95   0.0020000
   37.10   46.90  177.78   0.0020000
 -125.95   68.43  147.71   0.0020000
  163.48  147.69   29.08   0.0020000
   43.86  132.74   13.58   0.0020000
    1.36   88.34  -63.16   0.0020000
  169.28  143.40  -59.65   0.0020000
  166.36   38.56 -117.53   0.0020000
  -58.13  151.86  -81.38   0.0020000
  -80.47   60.19    2.09   0.0020000
 -155.41   97.73  114.90   0.0020000
   -1.47   96.28 -128.83   0.0020000
 -103.00   47.44  -73.23   0.0020000
  154.85  138.09 -169.84   0.0020000
 -125.78  101.29  -50.67   0.0020000
 -101.44   52.16  103.40   0.0020000
  113.32   69.65  148.67   0.0020000
 -158.04   87.65   35.08   0.0020000
    2.85  126.83  138.96   0.0020000
  -68.32  136.77  172.35   0.0020000
   97.73  135.17  102.94   0.0020000
  139.03   52.38   97.43   0.0020000
   61.52   38.98   40.95   0.0020000
  178.39   95.37   51.82   0.0020000
  121.73  122.82   46.88   0.0020000
  131.28   60.81  106.99   0.0020000
   35.58   95.26  121.24   0.0020000
  -62.81   90.13  -90.96   0.0020000
   56.71   80.23  141.10   0.0020000
  179.55  132.02   42.95   0.0020000
  -52.56  121.32  -32.21   0.0020000
    4.61   71.24   28.88   0.0020000
 -135.38   68.64   66.68   0.0020000
 -136.64   79.60 -119.91   0.0020000
   80.44  136.88  168.30   0.0020000
 -125.75  125.70  -57.23   0.0020000
  -19.82  145.89   22.17   0.0020000
  105.96   92.67   73.01   0.0020000
  118.25   86.92 -149.49   0.0020000
    5.73  127.14   53.54   0.0020000
   88.98   45.20  179.32   0.0020000
 -133.15  107.39   26.15   0.0020000
  168.65  141.27 -150.62   0.0020000
   52.66   72.43   59.85   0.0020000
   -0.54  106.52   45.80   0.0020000
  -52.26   47.22  100.91   0.0020000
   74.20   31.96  108.41   0.0020000
    6.54   92.02  162.37   0.0020000
  113.25   50.17  145.60   0.0020000
  -51.47  115.55 -119.84   0.0020000
  -91.14  142.83   -4.29   0.0020000
  148.29   36.73  170.57   0.0020000
 -125.95   84.44  -38.60   0.0020000
 -126.71  125.54   30.56   0.0020000
  126.05  103.90  -38.95   0.0020000
  122.80  123.35  138.31   0.0020000
  148.47  134.21 -178.02   0.0020000
 -135.90  109.47  -66.63   0.0020000
   84.39   47.92  -84.45   0.0020000
  -29.49   41.77   82.93   0.0020000
   17.13   81.69 -162.81   0.0020000
 -127.89  119.89  117.66   0.0020000
 -125.50   71.57 -123.54   0.0020000
  115.77  128.17  128.00   0.0020000
   86.00   45.24    4.18   0.0020000
  131.97   62.04 -159.98   0.0020000
   -0.12  107.00   47.93   0.0020000
  177.25  107.73 -140.11   0.0020000
  126.36   74.29  -54.84   0.0020000
 -175.58   57.50  -52.76   0.0020000
  134.11   55.58  -71.02   0.0020000
 -106.14  133.69  -21.79   0.0020000
 -174.69   91.71   68.14   0.0020000
  -67.07   69.18  148.98   0.0020000
    5.70  102.60  -15.74   0.0020000
   87.47  142.95  179.19   0.0020000
   56.98  158.74  138.48   0.0020000
   57.12  131.18 -140.53   0.0020000
 -170.22   58.01   27.96   0.0020000
   88.15  137.06  179.78   0.0020000
  -15.58  141.39   23.94   0.0020000
   -0.77  108.17 -134.87   0.0020000
    8.86   84.97 -102.26   0.0020000
  -73.31  101.31  -16.72   0.0020000
   -0.74   78.25  -47.13   0.0020000
   83.54  136.66   -7.25   0.0020000
 -165.04  107.99   -4.53   0.0020000
   58.62   34.12   44.30   0.0020000
 -104.51  136.98  -23.59   0.0020000
  -83.04   46.56 -103.13   0.0020000
 -144.44   41.50   -2.16   0.0020000
  -56.51  140.44  -91.88   0.0020000
  -64.08   76.02  168.39   0.0020000
  -84.29  149.04 -178.74   0.0020000
   57.48   92.61  -47.55   0.0020000
   -1.42  114.12 -137.58   0.0020000
   12.56   37.03 -151.57   0.0020000
   -1.29   83.04 -139.04   0.0020000
  117.37   54.95  177.70   0.0020000
   71.11  133.83  -26.03   0.0020000
  177.82   91.20   40.39   0.0020000
  178.86   65.67 -133.11   0.0020000
  -59.38  131.64  -43.95   0.0020000
  -89.15   54.15  175.09   0.0020000
  127.45   67.18 -147.10   0.0020000
  -88.74  126.08 -179.03   0.0020000
  -53.56   69.10   25.68   0.0020000
 -179.67   37.57 -133.62   0.0020000
  120.91   87.18  -94.13   0.0020000
  -96.80   52.68  -83.83   0.0020000
  -61.29   74.31   22.40   0.0020000
  101.25  147.24   92.79   0.0020000
  111.79   49.86   57.78   0.0020000
  104.78  146.88  103.78   0.0020000
  176.92   97.95  128.05   0.0020000
  123.20  108.08 -115.12   0.0020000
 -178.60   93.16  142.65   0.0020000
   39.99   66.14 -108.92   0.0020000
  177.47   88.95 -144.38   0.0020000
  -75.65   73.62   -3.77   0.0020000
   38.57   46.84  -94.22   0.0020000
   -0.79  142.44   45.77   0.0020000
  -91.13  137.85  -89.03   0.0020000
  -91.42   57.38  -92.21   0.0020000
 -104.01  130.42   71.60   0.0020000
 -138.19  111.36 -158.47   0.0020000
   60.54  128.98 -134.53   0.0020000
 -125.21  103.22   36.96   0.0020000
 -105.72  124.43  160.58   0.0020000
 -176.95   96.20   83.16   0.0020000
   87.67   48.88  -89.35   0.0020000
 -174.75   78.24 -149.04   0.0020000
  -86.79   47.96  173.31   0.0020000
   -1.92   43.96  137.79   0.0020000
  139.32   48.27    9.61   0.0020000
  -87.42  136.89 -172.90   0.0020000
   -1.72  107.99   42.23   0.0020000
   -9.28  143.53  -58.09   0.0020000
  125.26  118.56 -127.03   0.0020000
 -174.60   69.39 -151.59   0.0020000
 -158.63   91.67  -60.07   0.0020000
  -39.03  132.06   81.81   0.0020000
  142.51   47.26   96.02   0.0020000
 -162.93  141.29  155.71   0.0020000
  -49.05   53.16  -65.69   0.0020000
  -66.76  152.97   13.25   0.0020000
 -122.58  160.35   49.73   0.0020000
  178.44   89.45  -45.90   0.0020000
  -53.18  112.51 -119.62   0.0020000
  -56.07  122.72  140.43   0.0020000
 -178.87  139.58 -134.44   0.0020000
 -128.13  111.38  -62.43   0.0020000
 -123.51  100.99  127.02   0.0020000
 -125.71  107.89  125.00   0.0020000
  -20.61  141.36  -72.93   0.0020000
 -168.57  132.13  -29.73   0.0020000
  145.93  133.07    1.42   0.0020000
   81.08  137.48  169.25   0.0020000
   -0.01  112.95   45.86   0.0020000
 -125.05  113.98  -55.17   0.0020000
  124.71   56.55  -51.52   0.0020000
 -119.31  126.38 -134.47   0.0020000
    6.75   75.69  107.01   0.0020000
 -109.30  144.34 -114.64   0.0020000
 -124.34  103.93  -54.25   0.0020000
   44.92  128.16  104.12   0.0020000
  119.03   63.41   48.34   0.0020000
  -63.32  123.17 -140.93   0.0020000
  -79.49   38.92 -107.47   0.0020000
 -107.19  132.21   66.53   0.0020000
  -11.02   36.01  149.76   0.0020000
    0.37   77.40 -141.21   0.0020000
  -96.06   46.01    6.42   0.0020000
   95.70  154.33  -78.65   0.0020000
  -69.58   50.77  149.76   0.0020000
  116.17  122.13 -141.81   0.0020000
 -128.11   71.03  150.98   0.0020000
  168.25  149.07  125.91   0.0020000
 -165.97  135.29  152.71   0.0020000
  -61.08   79.87   -1.30   0.0020000
    0.28   40.42  135.80   0.0020000
  -80.05   27.75   79.84   0.0020000
  122.11   92.04   -9.08   0.0020000
  -92.95  150.42   83.60   0.0020000
  -58.76   85.71 -128.76   0.0020000
  -93.35   53.99 -179.13   0.0020000
 -141.71   60.38  166.56   0.0020000
   97.03  125.88 -168.54   0.0020000
  179.48   91.75   70.46   0.0020000
  -18.19  134.73  111.71   0.0020000
  -55.25  121.29  142.03   0.0020000
 -176.44   47.40  131.00   0.0020000
 -176.91  133.47  138.17   0.0020000
 -164.01   42.43 -154.55   0.0020000
   36.64  116.38 -165.23   0.0020000
  -82.63   63.74   77.29   0.0020000
 -127.85   64.16   61.81   0.0020000
  -54.94   83.75 -141.15   0.0020000
  108.86  117.04   13.27   0.0020000
  -17.17  147.41   27.45   0.0020000
   17.65   80.65  -85.39   0.0020000
  -74.85   64.20  158.18   0.0020000
   62.08  126.42 -132.28   0.0020000
  -40.14   31.79  166.89   0.0020000
  -85.78   62.45  -99.65   0.0020000
  -22.07  142.89  107.90   0.0020000
  -17.23  134.34   24.80   0.0020000
   18.69   77.77   10.97   0.0020000
  123.42   73.70   27.91   0.0020000
  -53.89  103.51   53.28   0.0020000
  -36.72   92.88  -92.99   0.0020000
   81.47  138.89   80.38   0.0020000
 -139.57   46.01   -7.50   0.0020000
    1.77  106.72   55.66   0.0020000
 -175.81   75.90  112.24   0.0020000
   -5.56  149.13  133.75   0.0020000
   39.70  109.44 -158.66   0.0020000
  -51.74  114.57 -120.28   0.0020000
  128.35  119.76  -32.61   0.0020000
   81.93   43.89    9.36   0.0020000
   52.41  110.71 -151.07   0.0020000
   58.25   57.73   50.07   0.0020000
  -26.88  143.32   12.76   0.0020000
   55.30  100.04   35.99   0.0020000
  158.95  141.64 -162.77   0.0020000
   -0.31   83.97   26.95   0.0020000
  157.26  143.44   16.74   0.0020000
    1.50   57.78 -137.33   0.0020000
  175.73  127.61   37.31   0.0020000
  137.36  131.53  -98.19   0.0020000
 -123.27   91.41   44.01   0.0020000
  -52.05  125.81  148.67   0.0020000
    7.49   93.13 -125.85   0.0020000
   79.53   39.48 -167.80   0.0020000
  177.72   90.46  159.90   0.0020000
   -3.73   83.61  -36.12   0.0020000
 -125.07   62.91   56.36   0.0020000
  178.45   96.76   44.05   0.0020000
 -113.39   46.42 -146.68   0.0020000
   92.63  107.00   97.58   0.0020000
 -100.52  122.64   79.65   0.0020000
  130.07  122.09  170.39   0.0020000
  153.08  137.71  -75.54   0.0020000
  123.99   68.70 -158.69   0.0020000
  151.58  139.81    7.71   0.0020000
   -1.70   90.72 -132.95   0.0020000
  124.54   72.52  131.03   0.0020000
  -90.54  140.65    2.20   0.0020000
  -86.54  129.14 -172.35   0.0020000
  113.93  144.20   -0.66   0.0020000
  104.58   46.13  157.68   0.0020000
 -178.50   66.11  -49.41   0.0020000
  -96.76   43.25  -82.61   0.0020000
  -33.25  134.38  -91.11   0.0020000
    3.22   77.18  -66.05   0.0020000
  -98.26  137.84  -99.13   0.0020000
  -44.07   56.79  -73.07   0.0020000
   84.40   40.90  -85.17   0.0020000
  -81.25   47.67   75.73   0.0020000
 -174.51   75.38  -63.46   0.0020000
  -14.86  142.58  114.28   0.0020000
 -175.19  139.62  140.07   0.0020000
  131.05   44.63  107.46   0.0020000
 -114.15  123.46  -34.45   0.0020000
  -31.45   82.37  167.42   0.0020000
   -1.55  104.02  -46.56   0.0020000
   60.85   58.82 -135.31   0.0020000
   97.43  135.25  102.24   0.0020000
   98.12  125.74  104.29   0.0020000
  135.76  142.22 -176.58   0.0020000
  109.99  109.51  -63.29   0.0020000
 -171.61   98.70  -76.94   0.0020000
  113.70   47.44  144.87   0.0020000
   -3.38   85.00   54.94   0.0020000
  178.31  141.47 -138.22   0.0020000
 -125.95  130.12  -56.67   0.0020000
  159.39   39.13 -106.83   0.0020000
   68.62   51.35   30.34   0.0020000
   42.18   83.49  -42.59   0.0020000
   -1.91   21.75  -65.74   0.0020000
 -147.40   42.92   94.19   0.0020000
  175.97  106.30   37.05   0.0020000
  171.58   34.43  -33.05   0.0020000
    7.12   59.64 -148.16   0.0020000
  178.54   97.78  -45.53   0.0020000
  143.61  130.76  -95.14   0.0020000
 -127.76  122.06 -152.33   0.0020000
 -127.34   63.24  150.60   0.0020000
 -123.15   81.11   50.77   0.0020000
  178.94  103.95   45.06   0.0020000
  135.15  138.64   -0.88   0.0020000
  -72.66   52.19 -116.01   0.0020000
  -84.66   67.77  -94.72   0.0020000
   85.08  136.12  -94.87   0.0020000
  -43.95   56.47 -162.99   0.0020000
  -90.77  126.94    2.52   0.0020000
  -54.40   82.06 -141.22   0.0020000
  138.00   51.31 -166.51   0.0020000
   34.40  177.16    0.31   0.0020000
   65.23  125.38  144.07   0.0020000
   10.74   87.46 -164.17   0.0020000
  -19.39  141.22 -161.48   0.0020000
  133.70  137.16  -92.42   0.0020000
  -77.80   50.37   72.02   0.0020000
 -179.10   99.67  144.49   0.0020000
 -153.60  134.27  -10.95   0.0020000
  150.89  136.29  -80.85   0.0020000
 -106.96  137.44  157.52   0.0020000
   -1.61   84.60   39.01   0.0020000
  143.60  131.23   86.59   0.0020000
   15.97   84.85 -136.94   0.0020000
  145.26  149.75 -160.72   0.0020000
  -85.12   42.91 -100.16   0.0020000
  129.55  114.75  -28.20   0.0020000
  -65.90   16.40 -111.24   0.0020000
   50.00   75.83  143.60   0.0020000
 -137.90   47.15  -10.02   0.0020000
 -125.20   60.44  148.32   0.0020000
  178.19   87.25   40.58   0.0020000
   10.60   97.91  105.69   0.0020000
   -0.24  102.81  -39.71   0.0020000
  -52.06   70.38   34.98   0.0020000
  -30.87  136.94   99.57   0.0020000
    5.98  175.84  -92.79   0.0020000
 -122.33  131.35  130.56   0.0020000
   94.65   26.66 -170.78   0.0020000
   42.64  105.74  -64.94   0.0020000
 -103.62  126.89  163.05   0.0020000
   85.46   44.65   94.42   0.0020000
  178.47   26.64  -58.44   0.0020000
   55.86  102.41   37.18   0.0020000
  135.92   41.25    0.99   0.0020000
  100.95  121.14 -162.75   0.0020000
  178.12   32.39 -136.26   0.0020000
  129.44  114.42 -113.00   0.0020000
 -123.50   67.39  -39.47   0.0020000
 -167.07   85.28  129.14   0.0020000
   98.66   60.02   75.59   0.0020000
 -112.80   56.88 -148.14   0.0020000
   -1.59   94.58  133.89   0.0020000
  150.03   45.83   73.32   0.0020000
  -65.49  104.55  -19.70   0.0020000
  -73.51  134.48   24.80   0.0020000
    3.76   49.41  130.50   0.0020000
  -40.55  128.06   83.50   0.0020000
  148.35   14.87 -137.64   0.0020000
  -57.84   69.42  134.22   0.0020000
  -37.85   49.56    6.16   0.0020000
    6.82  138.36  142.52   0.0020000
 -116.86  125.30  -37.61   0.0020000
  107.30   35.74   95.00   0.0020000
  -55.44  116.05 -104.24   0.0020000
   -0.65  100.87 -132.97   0.0020000
 -130.80  116.19  -65.04   0.0020000
  -30.14  151.64  114.06   0.0020000
 -124.83  135.21   36.60   0.0020000
 -125.12   73.41   46.51   0.0020000
  -99.54  138.37  -10.70   0.0020000
  173.78   35.23 -126.27   0.0020000
  -25.55   40.74  161.33   0.0020000
   -2.73   89.42   34.86   0.0020000
  179.42  108.06 -134.24   0.0020000
   44.75   46.42  -16.41   0.0020000
  121.34   32.59  176.96   0.0020000
   17.61   79.30 -159.57   0.0020000
 -113.71   51.34  124.34   0.0020000
 -169.78   84.42  153.71   0.0020000
   95.43  128.21  100.81   0.0020000
  117.79  142.53  -91.73   0.0020000
 -143.41  125.70    6.29   0.0020000
 -149.39   59.26   85.60   0.0020000
   45.04   51.39   75.88   0.0020000
   92.84  145.31  -11.16   0.0020000
  178.45   92.65  -45.10   0.0020000
  -88.87  133.99    3.73   0.0020000
   18.66   78.15    6.47   0.0020000
   -0.36  114.47   44.92   0.0020000
  -61.96  126.50   40.68   0.0020000
 -179.19   93.50  -64.84   0.0020000
