text_01.dat                                                                     
poles     0  0  1
       phi     theta      int
  -185.000     0.810     2.321
  -175.000     0.810     2.321
  -165.000     0.810     2.321
  -155.000     0.810     2.321
  -145.000     0.810     2.321
  -135.000     0.810     2.321
  -125.000     0.810     2.321
  -115.000     0.810     2.321
  -105.000     0.810     2.321
   -95.000     0.810     2.321
   -85.000     0.810     2.321
   -75.000     0.810     2.321
   -65.000     0.810     2.321
   -55.000     0.810     2.321
   -45.000     0.810     2.321
   -35.000     0.810     2.321
   -25.000     0.810     2.321
   -15.000     0.810     2.321
    -5.000     0.810     2.321
     5.000     0.810     2.321
    15.000     0.810     2.321
    25.000     0.810     2.321
    35.000     0.810     2.321
    45.000     0.810     2.321
    55.000     0.810     2.321
    65.000     0.810     2.321
    75.000     0.810     2.321
    85.000     0.810     2.321
    95.000     0.810     2.321
   105.000     0.810     2.321
   115.000     0.810     2.321
   125.000     0.810     2.321
   135.000     0.810     2.321
   145.000     0.810     2.321
   155.000     0.810     2.321
   165.000     0.810     2.321
   175.000     0.810     2.321
   185.000     0.810     2.321
  -185.000    10.798     3.175
  -175.000    10.798     3.174
  -165.000    10.798     3.173
  -155.000    10.798     3.170
  -145.000    10.798     3.166
  -135.000    10.798     3.163
  -125.000    10.798     3.162
  -115.000    10.798     3.165
  -105.000    10.798     3.176
   -95.000    10.798     3.196
   -85.000    10.798     3.224
   -75.000    10.798     3.262
   -65.000    10.798     3.310
   -55.000    10.798     3.367
   -45.000    10.798     3.431
   -35.000    10.798     3.499
   -25.000    10.798     3.567
   -15.000    10.798     3.630
    -5.000    10.798     3.685
     5.000    10.798     3.725
    15.000    10.798     3.745
    25.000    10.798     3.743
    35.000    10.798     3.722
    45.000    10.798     3.685
    55.000    10.798     3.633
    65.000    10.798     3.570
    75.000    10.798     3.501
    85.000    10.798     3.434
    95.000    10.798     3.373
   105.000    10.798     3.319
   115.000    10.798     3.272
   125.000    10.798     3.234
   135.000    10.798     3.209
   145.000    10.798     3.192
   155.000    10.798     3.182
   165.000    10.798     3.177
   175.000    10.798     3.175
   185.000    10.798     3.174
  -185.000    19.719     3.361
  -175.000    19.719     3.354
  -165.000    19.719     3.345
  -155.000    19.719     3.332
  -145.000    19.719     3.319
  -135.000    19.719     3.311
  -125.000    19.719     3.307
  -115.000    19.719     3.311
  -105.000    19.719     3.329
   -95.000    19.719     3.367
   -85.000    19.719     3.428
   -75.000    19.719     3.507
   -65.000    19.719     3.606
   -55.000    19.719     3.727
   -45.000    19.719     3.869
   -35.000    19.719     4.025
   -25.000    19.719     4.186
   -15.000    19.719     4.345
    -5.000    19.719     4.487
     5.000    19.719     4.595
    15.000    19.719     4.651
    25.000    19.719     4.649
    35.000    19.719     4.601
    45.000    19.719     4.516
    55.000    19.719     4.395
    65.000    19.719     4.244
    75.000    19.719     4.084
    85.000    19.719     3.931
    95.000    19.719     3.793
   105.000    19.719     3.668
   115.000    19.719     3.564
   125.000    19.719     3.488
   135.000    19.719     3.437
   145.000    19.719     3.403
   155.000    19.719     3.382
   165.000    19.719     3.368
   175.000    19.719     3.361
   185.000    19.719     3.354
  -185.000    28.966     2.673
  -175.000    28.966     2.665
  -165.000    28.966     2.652
  -155.000    28.966     2.638
  -145.000    28.966     2.627
  -135.000    28.966     2.624
  -125.000    28.966     2.627
  -115.000    28.966     2.638
  -105.000    28.966     2.666
   -95.000    28.966     2.712
   -85.000    28.966     2.779
   -75.000    28.966     2.864
   -65.000    28.966     2.967
   -55.000    28.966     3.095
   -45.000    28.966     3.248
   -35.000    28.966     3.429
   -25.000    28.966     3.627
   -15.000    28.966     3.838
    -5.000    28.966     4.041
     5.000    28.966     4.201
    15.000    28.966     4.290
    25.000    28.966     4.303
    35.000    28.966     4.251
    45.000    28.966     4.143
    55.000    28.966     3.994
    65.000    28.966     3.810
    75.000    28.966     3.612
    85.000    28.966     3.420
    95.000    28.966     3.238
   105.000    28.966     3.076
   115.000    28.966     2.944
   125.000    28.966     2.845
   135.000    28.966     2.772
   145.000    28.966     2.727
   155.000    28.966     2.698
   165.000    28.966     2.682
   175.000    28.966     2.673
   185.000    28.966     2.665
  -185.000    38.303     1.542
  -175.000    38.303     1.532
  -165.000    38.303     1.529
  -155.000    38.303     1.532
  -145.000    38.303     1.544
  -135.000    38.303     1.567
  -125.000    38.303     1.599
  -115.000    38.303     1.637
  -105.000    38.303     1.687
   -95.000    38.303     1.741
   -85.000    38.303     1.801
   -75.000    38.303     1.866
   -65.000    38.303     1.931
   -55.000    38.303     2.002
   -45.000    38.303     2.086
   -35.000    38.303     2.199
   -25.000    38.303     2.343
   -15.000    38.303     2.517
    -5.000    38.303     2.700
     5.000    38.303     2.859
    15.000    38.303     2.967
    25.000    38.303     3.011
    35.000    38.303     2.996
    45.000    38.303     2.930
    55.000    38.303     2.823
    65.000    38.303     2.687
    75.000    38.303     2.533
    85.000    38.303     2.376
    95.000    38.303     2.215
   105.000    38.303     2.063
   115.000    38.303     1.931
   125.000    38.303     1.815
   135.000    38.303     1.722
   145.000    38.303     1.654
   155.000    38.303     1.601
   165.000    38.303     1.565
   175.000    38.303     1.542
   185.000    38.303     1.532
  -185.000    47.678     0.587
  -175.000    47.678     0.581
  -165.000    47.678     0.591
  -155.000    47.678     0.602
  -145.000    47.678     0.626
  -135.000    47.678     0.671
  -125.000    47.678     0.723
  -115.000    47.678     0.775
  -105.000    47.678     0.824
   -95.000    47.678     0.866
   -85.000    47.678     0.907
   -75.000    47.678     0.948
   -65.000    47.678     0.968
   -55.000    47.678     0.969
   -45.000    47.678     0.958
   -35.000    47.678     0.963
   -25.000    47.678     1.002
   -15.000    47.678     1.079
    -5.000    47.678     1.178
     5.000    47.678     1.287
    15.000    47.678     1.379
    25.000    47.678     1.440
    35.000    47.678     1.473
    45.000    47.678     1.479
    55.000    47.678     1.460
    65.000    47.678     1.414
    75.000    47.678     1.350
    85.000    47.678     1.271
    95.000    47.678     1.183
   105.000    47.678     1.077
   115.000    47.678     0.965
   125.000    47.678     0.857
   135.000    47.678     0.770
   145.000    47.678     0.702
   155.000    47.678     0.649
   165.000    47.678     0.610
   175.000    47.678     0.587
   185.000    47.678     0.581
  -185.000    57.071     0.199
  -175.000    57.071     0.205
  -165.000    57.071     0.218
  -155.000    57.071     0.225
  -145.000    57.071     0.234
  -135.000    57.071     0.262
  -125.000    57.071     0.309
  -115.000    57.071     0.357
  -105.000    57.071     0.388
   -95.000    57.071     0.402
   -85.000    57.071     0.413
   -75.000    57.071     0.432
   -65.000    57.071     0.438
   -55.000    57.071     0.414
   -45.000    57.071     0.366
   -35.000    57.071     0.320
   -25.000    57.071     0.307
   -15.000    57.071     0.329
    -5.000    57.071     0.363
     5.000    57.071     0.403
    15.000    57.071     0.449
    25.000    57.071     0.497
    35.000    57.071     0.545
    45.000    57.071     0.588
    55.000    57.071     0.611
    65.000    57.071     0.618
    75.000    57.071     0.618
    85.000    57.071     0.604
    95.000    57.071     0.573
   105.000    57.071     0.516
   115.000    57.071     0.439
   125.000    57.071     0.364
   135.000    57.071     0.303
   145.000    57.071     0.255
   155.000    57.071     0.225
   165.000    57.071     0.207
   175.000    57.071     0.199
   185.000    57.071     0.205
  -185.000    66.474     0.111
  -175.000    66.474     0.121
  -165.000    66.474     0.135
  -155.000    66.474     0.137
  -145.000    66.474     0.127
  -135.000    66.474     0.125
  -125.000    66.474     0.148
  -115.000    66.474     0.187
  -105.000    66.474     0.206
   -95.000    66.474     0.197
   -85.000    66.474     0.180
   -75.000    66.474     0.183
   -65.000    66.474     0.193
   -55.000    66.474     0.184
   -45.000    66.474     0.150
   -35.000    66.474     0.113
   -25.000    66.474     0.106
   -15.000    66.474     0.121
    -5.000    66.474     0.132
     5.000    66.474     0.137
    15.000    66.474     0.147
    25.000    66.474     0.179
    35.000    66.474     0.213
    45.000    66.474     0.238
    55.000    66.474     0.252
    65.000    66.474     0.264
    75.000    66.474     0.281
    85.000    66.474     0.294
    95.000    66.474     0.291
   105.000    66.474     0.264
   115.000    66.474     0.221
   125.000    66.474     0.178
   135.000    66.474     0.141
   145.000    66.474     0.116
   155.000    66.474     0.108
   165.000    66.474     0.105
   175.000    66.474     0.111
   185.000    66.474     0.121
  -185.000    75.882     0.081
  -175.000    75.882     0.088
  -165.000    75.882     0.106
  -155.000    75.882     0.112
  -145.000    75.882     0.092
  -135.000    75.882     0.060
  -125.000    75.882     0.070
  -115.000    75.882     0.120
  -105.000    75.882     0.148
   -95.000    75.882     0.137
   -85.000    75.882     0.108
   -75.000    75.882     0.097
   -65.000    75.882     0.112
   -55.000    75.882     0.117
   -45.000    75.882     0.100
   -35.000    75.882     0.084
   -25.000    75.882     0.096
   -15.000    75.882     0.114
    -5.000    75.882     0.114
     5.000    75.882     0.101
    15.000    75.882     0.104
    25.000    75.882     0.134
    35.000    75.882     0.157
    45.000    75.882     0.156
    55.000    75.882     0.146
    65.000    75.882     0.154
    75.000    75.882     0.182
    85.000    75.882     0.205
    95.000    75.882     0.203
   105.000    75.882     0.185
   115.000    75.882     0.159
   125.000    75.882     0.132
   135.000    75.882     0.104
   145.000    75.882     0.085
   155.000    75.882     0.082
   165.000    75.882     0.083
   175.000    75.882     0.081
   185.000    75.882     0.088
  -185.000    85.294     0.010
  -175.000    85.294     0.011
  -165.000    85.294     0.025
  -155.000    85.294     0.062
  -145.000    85.294     0.053
  -135.000    85.294     0.005
  -125.000    85.294     0.004
  -115.000    85.294     0.061
  -105.000    85.294     0.109
   -95.000    85.294     0.116
   -85.000    85.294     0.100
   -75.000    85.294     0.080
   -65.000    85.294     0.079
   -55.000    85.294     0.074
   -45.000    85.294     0.054
   -35.000    85.294     0.026
   -25.000    85.294     0.048
   -15.000    85.294     0.058
    -5.000    85.294     0.048
     5.000    85.294     0.024
    15.000    85.294     0.043
    25.000    85.294     0.086
    35.000    85.294     0.097
    45.000    85.294     0.072
    55.000    85.294     0.040
    65.000    85.294     0.080
    75.000    85.294     0.125
    85.000    85.294     0.143
    95.000    85.294     0.138
   105.000    85.294     0.121
   115.000    85.294     0.102
   125.000    85.294     0.086
   135.000    85.294     0.058
   145.000    85.294     0.021
   155.000    85.294     0.014
   165.000    85.294     0.013
   175.000    85.294     0.010
   185.000    85.294     0.011
  -185.000    94.706     0.048
  -175.000    94.706     0.024
  -165.000    94.706     0.043
  -155.000    94.706     0.086
  -145.000    94.706     0.097
  -135.000    94.706     0.072
  -125.000    94.706     0.040
  -115.000    94.706     0.080
  -105.000    94.706     0.125
   -95.000    94.706     0.143
   -85.000    94.706     0.138
   -75.000    94.706     0.121
   -65.000    94.706     0.102
   -55.000    94.706     0.086
   -45.000    94.706     0.058
   -35.000    94.706     0.021
   -25.000    94.706     0.014
   -15.000    94.706     0.013
    -5.000    94.706     0.010
     5.000    94.706     0.011
    15.000    94.706     0.025
    25.000    94.706     0.062
    35.000    94.706     0.053
    45.000    94.706     0.005
    55.000    94.706     0.004
    65.000    94.706     0.061
    75.000    94.706     0.109
    85.000    94.706     0.116
    95.000    94.706     0.100
   105.000    94.706     0.080
   115.000    94.706     0.079
   125.000    94.706     0.074
   135.000    94.706     0.054
   145.000    94.706     0.026
   155.000    94.706     0.048
   165.000    94.706     0.058
   175.000    94.706     0.048
   185.000    94.706     0.024
text_02.dat                                                                     
poles     0  0  1
       phi     theta      int
  -185.000     0.810     0.362
  -175.000     0.810     0.362
  -165.000     0.810     0.362
  -155.000     0.810     0.362
  -145.000     0.810     0.362
  -135.000     0.810     0.362
  -125.000     0.810     0.362
  -115.000     0.810     0.362
  -105.000     0.810     0.362
   -95.000     0.810     0.362
   -85.000     0.810     0.362
   -75.000     0.810     0.362
   -65.000     0.810     0.362
   -55.000     0.810     0.362
   -45.000     0.810     0.362
   -35.000     0.810     0.362
   -25.000     0.810     0.362
   -15.000     0.810     0.362
    -5.000     0.810     0.362
     5.000     0.810     0.362
    15.000     0.810     0.362
    25.000     0.810     0.362
    35.000     0.810     0.362
    45.000     0.810     0.362
    55.000     0.810     0.362
    65.000     0.810     0.362
    75.000     0.810     0.362
    85.000     0.810     0.362
    95.000     0.810     0.362
   105.000     0.810     0.362
   115.000     0.810     0.362
   125.000     0.810     0.362
   135.000     0.810     0.362
   145.000     0.810     0.362
   155.000     0.810     0.362
   165.000     0.810     0.362
   175.000     0.810     0.362
   185.000     0.810     0.362
  -185.000    10.798     0.585
  -175.000    10.798     0.572
  -165.000    10.798     0.553
  -155.000    10.798     0.530
  -145.000    10.798     0.509
  -135.000    10.798     0.491
  -125.000    10.798     0.475
  -115.000    10.798     0.463
  -105.000    10.798     0.458
   -95.000    10.798     0.459
   -85.000    10.798     0.465
   -75.000    10.798     0.478
   -65.000    10.798     0.495
   -55.000    10.798     0.517
   -45.000    10.798     0.543
   -35.000    10.798     0.570
   -25.000    10.798     0.599
   -15.000    10.798     0.626
    -5.000    10.798     0.647
     5.000    10.798     0.655
    15.000    10.798     0.650
    25.000    10.798     0.637
    35.000    10.798     0.620
    45.000    10.798     0.602
    55.000    10.798     0.585
    65.000    10.798     0.569
    75.000    10.798     0.559
    85.000    10.798     0.554
    95.000    10.798     0.552
   105.000    10.798     0.554
   115.000    10.798     0.559
   125.000    10.798     0.568
   135.000    10.798     0.578
   145.000    10.798     0.585
   155.000    10.798     0.589
   165.000    10.798     0.590
   175.000    10.798     0.585
   185.000    10.798     0.572
  -185.000    19.719     0.958
  -175.000    19.719     0.920
  -165.000    19.719     0.841
  -155.000    19.719     0.752
  -145.000    19.719     0.674
  -135.000    19.719     0.608
  -125.000    19.719     0.547
  -115.000    19.719     0.501
  -105.000    19.719     0.473
   -95.000    19.719     0.463
   -85.000    19.719     0.469
   -75.000    19.719     0.492
   -65.000    19.719     0.534
   -55.000    19.719     0.596
   -45.000    19.719     0.675
   -35.000    19.719     0.766
   -25.000    19.719     0.863
   -15.000    19.719     0.965
    -5.000    19.719     1.046
     5.000    19.719     1.071
    15.000    19.719     1.032
    25.000    19.719     0.961
    35.000    19.719     0.882
    45.000    19.719     0.800
    55.000    19.719     0.724
    65.000    19.719     0.667
    75.000    19.719     0.635
    85.000    19.719     0.627
    95.000    19.719     0.634
   105.000    19.719     0.652
   115.000    19.719     0.689
   125.000    19.719     0.746
   135.000    19.719     0.812
   145.000    19.719     0.869
   155.000    19.719     0.915
   165.000    19.719     0.949
   175.000    19.719     0.958
   185.000    19.719     0.920
  -185.000    28.966     1.554
  -175.000    28.966     1.472
  -165.000    28.966     1.273
  -155.000    28.966     1.041
  -145.000    28.966     0.835
  -135.000    28.966     0.673
  -125.000    28.966     0.549
  -115.000    28.966     0.456
  -105.000    28.966     0.397
   -95.000    28.966     0.367
   -85.000    28.966     0.367
   -75.000    28.966     0.397
   -65.000    28.966     0.457
   -55.000    28.966     0.557
   -45.000    28.966     0.697
   -35.000    28.966     0.883
   -25.000    28.966     1.109
   -15.000    28.966     1.347
    -5.000    28.966     1.536
     5.000    28.966     1.589
    15.000    28.966     1.488
    25.000    28.966     1.296
    35.000    28.966     1.079
    45.000    28.966     0.874
    55.000    28.966     0.707
    65.000    28.966     0.589
    75.000    28.966     0.524
    85.000    28.966     0.505
    95.000    28.966     0.523
   105.000    28.966     0.575
   115.000    28.966     0.667
   125.000    28.966     0.808
   135.000    28.966     0.985
   145.000    28.966     1.176
   155.000    28.966     1.359
   165.000    28.966     1.500
   175.000    28.966     1.554
   185.000    28.966     1.472
  -185.000    38.303     2.257
  -175.000    38.303     2.110
  -165.000    38.303     1.758
  -155.000    38.303     1.330
  -145.000    38.303     0.943
  -135.000    38.303     0.666
  -125.000    38.303     0.494
  -115.000    38.303     0.387
  -105.000    38.303     0.317
   -95.000    38.303     0.273
   -85.000    38.303     0.271
   -75.000    38.303     0.307
   -65.000    38.303     0.362
   -55.000    38.303     0.455
   -45.000    38.303     0.622
   -35.000    38.303     0.896
   -25.000    38.303     1.264
   -15.000    38.303     1.651
    -5.000    38.303     1.945
     5.000    38.303     2.029
    15.000    38.303     1.869
    25.000    38.303     1.542
    35.000    38.303     1.161
    45.000    38.303     0.828
    55.000    38.303     0.596
    65.000    38.303     0.451
    75.000    38.303     0.369
    85.000    38.303     0.336
    95.000    38.303     0.353
   105.000    38.303     0.426
   115.000    38.303     0.554
   125.000    38.303     0.751
   135.000    38.303     1.037
   145.000    38.303     1.417
   155.000    38.303     1.828
   165.000    38.303     2.145
   175.000    38.303     2.257
   185.000    38.303     2.110
  -185.000    47.678     2.516
  -175.000    47.678     2.334
  -165.000    47.678     1.897
  -155.000    47.678     1.350
  -145.000    47.678     0.851
  -135.000    47.678     0.511
  -125.000    47.678     0.349
  -115.000    47.678     0.299
  -105.000    47.678     0.275
   -95.000    47.678     0.247
   -85.000    47.678     0.253
   -75.000    47.678     0.281
   -65.000    47.678     0.287
   -55.000    47.678     0.306
   -45.000    47.678     0.441
   -35.000    47.678     0.755
   -25.000    47.678     1.200
   -15.000    47.678     1.650
    -5.000    47.678     1.958
     5.000    47.678     2.028
    15.000    47.678     1.843
    25.000    47.678     1.458
    35.000    47.678     1.007
    45.000    47.678     0.639
    55.000    47.678     0.419
    65.000    47.678     0.322
    75.000    47.678     0.271
    85.000    47.678     0.235
    95.000    47.678     0.242
   105.000    47.678     0.301
   115.000    47.678     0.393
   125.000    47.678     0.549
   135.000    47.678     0.848
   145.000    47.678     1.336
   155.000    47.678     1.924
   165.000    47.678     2.371
   175.000    47.678     2.516
   185.000    47.678     2.334
  -185.000    57.071     2.302
  -175.000    57.071     2.138
  -165.000    57.071     1.788
  -155.000    57.071     1.284
  -145.000    57.071     0.742
  -135.000    57.071     0.351
  -125.000    57.071     0.226
  -115.000    57.071     0.279
  -105.000    57.071     0.328
   -95.000    57.071     0.330
   -85.000    57.071     0.349
   -75.000    57.071     0.362
   -65.000    57.071     0.295
   -55.000    57.071     0.208
   -45.000    57.071     0.309
   -35.000    57.071     0.702
   -25.000    57.071     1.240
   -15.000    57.071     1.669
    -5.000    57.071     1.852
     5.000    57.071     1.846
    15.000    57.071     1.689
    25.000    57.071     1.329
    35.000    57.071     0.855
    45.000    57.071     0.460
    55.000    57.071     0.282
    65.000    57.071     0.283
    75.000    57.071     0.299
    85.000    57.071     0.281
    95.000    57.071     0.278
   105.000    57.071     0.308
   115.000    57.071     0.321
   125.000    57.071     0.367
   135.000    57.071     0.598
   145.000    57.071     1.098
   155.000    57.071     1.737
   165.000    57.071     2.191
   175.000    57.071     2.302
   185.000    57.071     2.138
  -185.000    66.474     1.868
  -175.000    66.474     1.821
  -165.000    66.474     1.753
  -155.000    66.474     1.422
  -145.000    66.474     0.817
  -135.000    66.474     0.304
  -125.000    66.474     0.162
  -115.000    66.474     0.285
  -105.000    66.474     0.381
   -95.000    66.474     0.386
   -85.000    66.474     0.405
   -75.000    66.474     0.426
   -65.000    66.474     0.313
   -55.000    66.474     0.149
   -45.000    66.474     0.288
   -35.000    66.474     0.878
   -25.000    66.474     1.607
   -15.000    66.474     1.985
    -5.000    66.474     1.952
     5.000    66.474     1.853
    15.000    66.474     1.789
    25.000    66.474     1.495
    35.000    66.474     0.905
    45.000    66.474     0.376
    55.000    66.474     0.174
    65.000    66.474     0.266
    75.000    66.474     0.342
    85.000    66.474     0.331
    95.000    66.474     0.337
   105.000    66.474     0.371
   115.000    66.474     0.316
   125.000    66.474     0.230
   135.000    66.474     0.382
   145.000    66.474     0.888
   155.000    66.474     1.509
   165.000    66.474     1.853
   175.000    66.474     1.868
   185.000    66.474     1.821
  -185.000    75.882     2.119
  -175.000    75.882     2.187
  -165.000    75.882     2.451
  -155.000    75.882     2.267
  -145.000    75.882     1.371
  -135.000    75.882     0.502
  -125.000    75.882     0.199
  -115.000    75.882     0.280
  -105.000    75.882     0.364
   -95.000    75.882     0.347
   -85.000    75.882     0.368
   -75.000    75.882     0.416
   -65.000    75.882     0.310
   -55.000    75.882     0.165
   -45.000    75.882     0.439
   -35.000    75.882     1.377
   -25.000    75.882     2.486
   -15.000    75.882     2.847
    -5.000    75.882     2.604
     5.000    75.882     2.481
    15.000    75.882     2.615
    25.000    75.882     2.372
    35.000    75.882     1.438
    45.000    75.882     0.527
    55.000    75.882     0.164
    65.000    75.882     0.239
    75.000    75.882     0.323
    85.000    75.882     0.306
    95.000    75.882     0.331
   105.000    75.882     0.394
   115.000    75.882     0.324
   125.000    75.882     0.189
   135.000    75.882     0.381
   145.000    75.882     1.100
   155.000    75.882     1.934
   165.000    75.882     2.231
   175.000    75.882     2.119
   185.000    75.882     2.187
  -185.000    85.294     2.798
  -175.000    85.294     2.885
  -165.000    85.294     3.255
  -155.000    85.294     3.104
  -145.000    85.294     1.966
  -135.000    85.294     0.717
  -125.000    85.294     0.222
  -115.000    85.294     0.238
  -105.000    85.294     0.291
   -95.000    85.294     0.255
   -85.000    85.294     0.286
   -75.000    85.294     0.363
   -65.000    85.294     0.289
   -55.000    85.294     0.180
   -45.000    85.294     0.549
   -35.000    85.294     1.712
   -25.000    85.294     2.965
   -15.000    85.294     3.325
    -5.000    85.294     3.089
     5.000    85.294     3.064
    15.000    85.294     3.344
    25.000    85.294     3.153
    35.000    85.294     1.991
    45.000    85.294     0.720
    55.000    85.294     0.202
    65.000    85.294     0.218
    75.000    85.294     0.275
    85.000    85.294     0.238
    95.000    85.294     0.273
   105.000    85.294     0.362
   115.000    85.294     0.299
   125.000    85.294     0.181
   135.000    85.294     0.502
   145.000    85.294     1.531
   155.000    85.294     2.638
   165.000    85.294     2.966
   175.000    85.294     2.798
   185.000    85.294     2.885
  -185.000    94.706     3.089
  -175.000    94.706     3.064
  -165.000    94.706     3.344
  -155.000    94.706     3.153
  -145.000    94.706     1.991
  -135.000    94.706     0.720
  -125.000    94.706     0.202
  -115.000    94.706     0.218
  -105.000    94.706     0.275
   -95.000    94.706     0.238
   -85.000    94.706     0.273
   -75.000    94.706     0.362
   -65.000    94.706     0.299
   -55.000    94.706     0.181
   -45.000    94.706     0.502
   -35.000    94.706     1.531
   -25.000    94.706     2.638
   -15.000    94.706     2.966
    -5.000    94.706     2.798
     5.000    94.706     2.885
    15.000    94.706     3.255
    25.000    94.706     3.104
    35.000    94.706     1.966
    45.000    94.706     0.717
    55.000    94.706     0.222
    65.000    94.706     0.238
    75.000    94.706     0.291
    85.000    94.706     0.255
    95.000    94.706     0.286
   105.000    94.706     0.363
   115.000    94.706     0.289
   125.000    94.706     0.180
   135.000    94.706     0.549
   145.000    94.706     1.712
   155.000    94.706     2.965
   165.000    94.706     3.325
   175.000    94.706     3.089
   185.000    94.706     3.064
text_01.dat                                                                     
poles     1  0  1
       phi     theta      int
  -185.000     0.810     0.153
  -175.000     0.810     0.153
  -165.000     0.810     0.153
  -155.000     0.810     0.153
  -145.000     0.810     0.153
  -135.000     0.810     0.153
  -125.000     0.810     0.153
  -115.000     0.810     0.153
  -105.000     0.810     0.153
   -95.000     0.810     0.153
   -85.000     0.810     0.153
   -75.000     0.810     0.153
   -65.000     0.810     0.153
   -55.000     0.810     0.153
   -45.000     0.810     0.153
   -35.000     0.810     0.153
   -25.000     0.810     0.153
   -15.000     0.810     0.153
    -5.000     0.810     0.153
     5.000     0.810     0.153
    15.000     0.810     0.153
    25.000     0.810     0.153
    35.000     0.810     0.153
    45.000     0.810     0.153
    55.000     0.810     0.153
    65.000     0.810     0.153
    75.000     0.810     0.153
    85.000     0.810     0.153
    95.000     0.810     0.153
   105.000     0.810     0.153
   115.000     0.810     0.153
   125.000     0.810     0.153
   135.000     0.810     0.153
   145.000     0.810     0.153
   155.000     0.810     0.153
   165.000     0.810     0.153
   175.000     0.810     0.153
   185.000     0.810     0.153
  -185.000    10.798     0.365
  -175.000    10.798     0.364
  -165.000    10.798     0.360
  -155.000    10.798     0.353
  -145.000    10.798     0.348
  -135.000    10.798     0.345
  -125.000    10.798     0.339
  -115.000    10.798     0.330
  -105.000    10.798     0.319
   -95.000    10.798     0.311
   -85.000    10.798     0.304
   -75.000    10.798     0.298
   -65.000    10.798     0.295
   -55.000    10.798     0.294
   -45.000    10.798     0.295
   -35.000    10.798     0.294
   -25.000    10.798     0.290
   -15.000    10.798     0.283
    -5.000    10.798     0.278
     5.000    10.798     0.275
    15.000    10.798     0.272
    25.000    10.798     0.269
    35.000    10.798     0.266
    45.000    10.798     0.265
    55.000    10.798     0.264
    65.000    10.798     0.262
    75.000    10.798     0.261
    85.000    10.798     0.266
    95.000    10.798     0.274
   105.000    10.798     0.285
   115.000    10.798     0.298
   125.000    10.798     0.313
   135.000    10.798     0.329
   145.000    10.798     0.344
   155.000    10.798     0.354
   165.000    10.798     0.361
   175.000    10.798     0.365
   185.000    10.798     0.364
  -185.000    19.719     0.543
  -175.000    19.719     0.553
  -165.000    19.719     0.556
  -155.000    19.719     0.551
  -145.000    19.719     0.544
  -135.000    19.719     0.536
  -125.000    19.719     0.523
  -115.000    19.719     0.502
  -105.000    19.719     0.480
   -95.000    19.719     0.461
   -85.000    19.719     0.448
   -75.000    19.719     0.438
   -65.000    19.719     0.426
   -55.000    19.719     0.415
   -45.000    19.719     0.405
   -35.000    19.719     0.396
   -25.000    19.719     0.386
   -15.000    19.719     0.377
    -5.000    19.719     0.370
     5.000    19.719     0.366
    15.000    19.719     0.360
    25.000    19.719     0.353
    35.000    19.719     0.348
    45.000    19.719     0.346
    55.000    19.719     0.346
    65.000    19.719     0.346
    75.000    19.719     0.349
    85.000    19.719     0.359
    95.000    19.719     0.375
   105.000    19.719     0.395
   115.000    19.719     0.418
   125.000    19.719     0.443
   135.000    19.719     0.469
   145.000    19.719     0.493
   155.000    19.719     0.512
   165.000    19.719     0.528
   175.000    19.719     0.543
   185.000    19.719     0.553
  -185.000    28.966     0.889
  -175.000    28.966     0.901
  -165.000    28.966     0.904
  -155.000    28.966     0.901
  -145.000    28.966     0.891
  -135.000    28.966     0.874
  -125.000    28.966     0.849
  -115.000    28.966     0.820
  -105.000    28.966     0.790
   -95.000    28.966     0.762
   -85.000    28.966     0.740
   -75.000    28.966     0.724
   -65.000    28.966     0.712
   -55.000    28.966     0.700
   -45.000    28.966     0.685
   -35.000    28.966     0.668
   -25.000    28.966     0.651
   -15.000    28.966     0.636
    -5.000    28.966     0.625
     5.000    28.966     0.619
    15.000    28.966     0.613
    25.000    28.966     0.609
    35.000    28.966     0.604
    45.000    28.966     0.597
    55.000    28.966     0.590
    65.000    28.966     0.585
    75.000    28.966     0.588
    85.000    28.966     0.601
    95.000    28.966     0.629
   105.000    28.966     0.666
   115.000    28.966     0.707
   125.000    28.966     0.747
   135.000    28.966     0.783
   145.000    28.966     0.814
   155.000    28.966     0.842
   165.000    28.966     0.868
   175.000    28.966     0.889
   185.000    28.966     0.901
  -185.000    38.303     1.108
  -175.000    38.303     1.116
  -165.000    38.303     1.117
  -155.000    38.303     1.110
  -145.000    38.303     1.101
  -135.000    38.303     1.090
  -125.000    38.303     1.075
  -115.000    38.303     1.053
  -105.000    38.303     1.026
   -95.000    38.303     1.001
   -85.000    38.303     0.982
   -75.000    38.303     0.971
   -65.000    38.303     0.964
   -55.000    38.303     0.951
   -45.000    38.303     0.930
   -35.000    38.303     0.906
   -25.000    38.303     0.883
   -15.000    38.303     0.863
    -5.000    38.303     0.848
     5.000    38.303     0.838
    15.000    38.303     0.833
    25.000    38.303     0.833
    35.000    38.303     0.833
    45.000    38.303     0.830
    55.000    38.303     0.822
    65.000    38.303     0.816
    75.000    38.303     0.818
    85.000    38.303     0.837
    95.000    38.303     0.871
   105.000    38.303     0.917
   115.000    38.303     0.965
   125.000    38.303     1.007
   135.000    38.303     1.037
   145.000    38.303     1.058
   155.000    38.303     1.075
   165.000    38.303     1.093
   175.000    38.303     1.108
   185.000    38.303     1.116
  -185.000    47.678     1.135
  -175.000    47.678     1.136
  -165.000    47.678     1.129
  -155.000    47.678     1.120
  -145.000    47.678     1.113
  -135.000    47.678     1.112
  -125.000    47.678     1.115
  -115.000    47.678     1.112
  -105.000    47.678     1.103
   -95.000    47.678     1.091
   -85.000    47.678     1.084
   -75.000    47.678     1.084
   -65.000    47.678     1.084
   -55.000    47.678     1.074
   -45.000    47.678     1.054
   -35.000    47.678     1.030
   -25.000    47.678     1.007
   -15.000    47.678     0.989
    -5.000    47.678     0.973
     5.000    47.678     0.958
    15.000    47.678     0.952
    25.000    47.678     0.953
    35.000    47.678     0.957
    45.000    47.678     0.957
    55.000    47.678     0.954
    65.000    47.678     0.953
    75.000    47.678     0.961
    85.000    47.678     0.984
    95.000    47.678     1.018
   105.000    47.678     1.058
   115.000    47.678     1.093
   125.000    47.678     1.116
   135.000    47.678     1.124
   145.000    47.678     1.124
   155.000    47.678     1.125
   165.000    47.678     1.130
   175.000    47.678     1.135
   185.000    47.678     1.136
  -185.000    57.071     1.086
  -175.000    57.071     1.076
  -165.000    57.071     1.063
  -155.000    57.071     1.054
  -145.000    57.071     1.051
  -135.000    57.071     1.058
  -125.000    57.071     1.073
  -115.000    57.071     1.090
  -105.000    57.071     1.100
   -95.000    57.071     1.105
   -85.000    57.071     1.112
   -75.000    57.071     1.124
   -65.000    57.071     1.136
   -55.000    57.071     1.133
   -45.000    57.071     1.116
   -35.000    57.071     1.097
   -25.000    57.071     1.087
   -15.000    57.071     1.077
    -5.000    57.071     1.060
     5.000    57.071     1.040
    15.000    57.071     1.029
    25.000    57.071     1.029
    35.000    57.071     1.032
    45.000    57.071     1.032
    55.000    57.071     1.034
    65.000    57.071     1.044
    75.000    57.071     1.062
    85.000    57.071     1.084
    95.000    57.071     1.104
   105.000    57.071     1.127
   115.000    57.071     1.143
   125.000    57.071     1.144
   135.000    57.071     1.127
   145.000    57.071     1.107
   155.000    57.071     1.094
   165.000    57.071     1.090
   175.000    57.071     1.086
   185.000    57.071     1.076
  -185.000    66.474     1.041
  -175.000    66.474     1.031
  -165.000    66.474     1.026
  -155.000    66.474     1.026
  -145.000    66.474     1.026
  -135.000    66.474     1.027
  -125.000    66.474     1.039
  -115.000    66.474     1.060
  -105.000    66.474     1.079
   -95.000    66.474     1.086
   -85.000    66.474     1.091
   -75.000    66.474     1.104
   -65.000    66.474     1.124
   -55.000    66.474     1.133
   -45.000    66.474     1.127
   -35.000    66.474     1.123
   -25.000    66.474     1.130
   -15.000    66.474     1.133
    -5.000    66.474     1.116
     5.000    66.474     1.091
    15.000    66.474     1.079
    25.000    66.474     1.082
    35.000    66.474     1.085
    45.000    66.474     1.078
    55.000    66.474     1.076
    65.000    66.474     1.092
    75.000    66.474     1.115
    85.000    66.474     1.126
    95.000    66.474     1.122
   105.000    66.474     1.117
   115.000    66.474     1.118
   125.000    66.474     1.112
   135.000    66.474     1.090
   145.000    66.474     1.066
   155.000    66.474     1.053
   165.000    66.474     1.049
   175.000    66.474     1.041
   185.000    66.474     1.031
  -185.000    75.882     1.069
  -175.000    75.882     1.066
  -165.000    75.882     1.080
  -155.000    75.882     1.101
  -145.000    75.882     1.104
  -135.000    75.882     1.086
  -125.000    75.882     1.077
  -115.000    75.882     1.088
  -105.000    75.882     1.104
   -95.000    75.882     1.101
   -85.000    75.882     1.088
   -75.000    75.882     1.091
   -65.000    75.882     1.113
   -55.000    75.882     1.136
   -45.000    75.882     1.145
   -35.000    75.882     1.157
   -25.000    75.882     1.178
   -15.000    75.882     1.190
    -5.000    75.882     1.176
     5.000    75.882     1.156
    15.000    75.882     1.157
    25.000    75.882     1.173
    35.000    75.882     1.177
    45.000    75.882     1.157
    55.000    75.882     1.139
    65.000    75.882     1.146
    75.000    75.882     1.162
    85.000    75.882     1.157
    95.000    75.882     1.129
   105.000    75.882     1.102
   115.000    75.882     1.096
   125.000    75.882     1.097
   135.000    75.882     1.090
   145.000    75.882     1.080
   155.000    75.882     1.078
   165.000    75.882     1.077
   175.000    75.882     1.069
   185.000    75.882     1.066
  -185.000    85.294     1.166
  -175.000    85.294     1.164
  -165.000    85.294     1.188
  -155.000    85.294     1.221
  -145.000    85.294     1.224
  -135.000    85.294     1.187
  -125.000    85.294     1.155
  -115.000    85.294     1.153
  -105.000    85.294     1.161
   -95.000    85.294     1.146
   -85.000    85.294     1.114
   -75.000    85.294     1.099
   -65.000    85.294     1.114
   -55.000    85.294     1.143
   -45.000    85.294     1.165
   -35.000    85.294     1.187
   -25.000    85.294     1.214
   -15.000    85.294     1.225
    -5.000    85.294     1.212
     5.000    85.294     1.202
    15.000    85.294     1.221
    25.000    85.294     1.251
    35.000    85.294     1.255
    45.000    85.294     1.218
    55.000    85.294     1.183
    65.000    85.294     1.179
    75.000    85.294     1.188
    85.000    85.294     1.172
    95.000    85.294     1.130
   105.000    85.294     1.100
   115.000    85.294     1.102
   125.000    85.294     1.122
   135.000    85.294     1.136
   145.000    85.294     1.152
   155.000    85.294     1.171
   165.000    85.294     1.176
   175.000    85.294     1.166
   185.000    85.294     1.164
  -185.000    94.706     1.212
  -175.000    94.706     1.202
  -165.000    94.706     1.221
  -155.000    94.706     1.251
  -145.000    94.706     1.255
  -135.000    94.706     1.218
  -125.000    94.706     1.183
  -115.000    94.706     1.179
  -105.000    94.706     1.188
   -95.000    94.706     1.172
   -85.000    94.706     1.130
   -75.000    94.706     1.100
   -65.000    94.706     1.102
   -55.000    94.706     1.122
   -45.000    94.706     1.136
   -35.000    94.706     1.152
   -25.000    94.706     1.171
   -15.000    94.706     1.176
    -5.000    94.706     1.166
     5.000    94.706     1.164
    15.000    94.706     1.188
    25.000    94.706     1.221
    35.000    94.706     1.224
    45.000    94.706     1.187
    55.000    94.706     1.155
    65.000    94.706     1.153
    75.000    94.706     1.161
    85.000    94.706     1.146
    95.000    94.706     1.114
   105.000    94.706     1.099
   115.000    94.706     1.114
   125.000    94.706     1.143
   135.000    94.706     1.165
   145.000    94.706     1.187
   155.000    94.706     1.214
   165.000    94.706     1.225
   175.000    94.706     1.212
   185.000    94.706     1.202
text_02.dat                                                                     
poles     1  0  1
       phi     theta      int
  -185.000     0.810     0.572
  -175.000     0.810     0.572
  -165.000     0.810     0.572
  -155.000     0.810     0.572
  -145.000     0.810     0.572
  -135.000     0.810     0.572
  -125.000     0.810     0.572
  -115.000     0.810     0.572
  -105.000     0.810     0.572
   -95.000     0.810     0.572
   -85.000     0.810     0.572
   -75.000     0.810     0.572
   -65.000     0.810     0.572
   -55.000     0.810     0.572
   -45.000     0.810     0.572
   -35.000     0.810     0.572
   -25.000     0.810     0.572
   -15.000     0.810     0.572
    -5.000     0.810     0.572
     5.000     0.810     0.572
    15.000     0.810     0.572
    25.000     0.810     0.572
    35.000     0.810     0.572
    45.000     0.810     0.572
    55.000     0.810     0.572
    65.000     0.810     0.572
    75.000     0.810     0.572
    85.000     0.810     0.572
    95.000     0.810     0.572
   105.000     0.810     0.572
   115.000     0.810     0.572
   125.000     0.810     0.572
   135.000     0.810     0.572
   145.000     0.810     0.572
   155.000     0.810     0.572
   165.000     0.810     0.572
   175.000     0.810     0.572
   185.000     0.810     0.572
  -185.000    10.798     0.925
  -175.000    10.798     0.940
  -165.000    10.798     0.924
  -155.000    10.798     0.932
  -145.000    10.798     0.989
  -135.000    10.798     1.043
  -125.000    10.798     1.038
  -115.000    10.798     0.996
  -105.000    10.798     0.971
   -95.000    10.798     0.983
   -85.000    10.798     1.002
   -75.000    10.798     1.016
   -65.000    10.798     1.050
   -55.000    10.798     1.095
   -45.000    10.798     1.102
   -35.000    10.798     1.046
   -25.000    10.798     0.990
   -15.000    10.798     0.990
    -5.000    10.798     1.031
     5.000    10.798     1.045
    15.000    10.798     1.028
    25.000    10.798     1.033
    35.000    10.798     1.081
    45.000    10.798     1.121
    55.000    10.798     1.086
    65.000    10.798     1.010
    75.000    10.798     0.957
    85.000    10.798     0.938
    95.000    10.798     0.925
   105.000    10.798     0.914
   115.000    10.798     0.934
   125.000    10.798     0.977
   135.000    10.798     0.993
   145.000    10.798     0.947
   155.000    10.798     0.894
   165.000    10.798     0.891
   175.000    10.798     0.925
   185.000    10.798     0.940
  -185.000    19.719     0.872
  -175.000    19.719     0.868
  -165.000    19.719     0.876
  -155.000    19.719     0.883
  -145.000    19.719     0.889
  -135.000    19.719     0.901
  -125.000    19.719     0.916
  -115.000    19.719     0.928
  -105.000    19.719     0.938
   -95.000    19.719     0.951
   -85.000    19.719     0.956
   -75.000    19.719     0.953
   -65.000    19.719     0.963
   -55.000    19.719     0.973
   -45.000    19.719     0.975
   -35.000    19.719     0.971
   -25.000    19.719     0.968
   -15.000    19.719     0.970
    -5.000    19.719     0.973
     5.000    19.719     0.988
    15.000    19.719     1.003
    25.000    19.719     1.003
    35.000    19.719     0.996
    45.000    19.719     0.988
    55.000    19.719     0.977
    65.000    19.719     0.954
    75.000    19.719     0.916
    85.000    19.719     0.881
    95.000    19.719     0.849
   105.000    19.719     0.828
   115.000    19.719     0.825
   125.000    19.719     0.830
   135.000    19.719     0.839
   145.000    19.719     0.851
   155.000    19.719     0.869
   165.000    19.719     0.879
   175.000    19.719     0.872
   185.000    19.719     0.868
  -185.000    28.966     1.068
  -175.000    28.966     1.060
  -165.000    28.966     1.036
  -155.000    28.966     1.018
  -145.000    28.966     1.020
  -135.000    28.966     1.030
  -125.000    28.966     1.042
  -115.000    28.966     1.062
  -105.000    28.966     1.091
   -95.000    28.966     1.109
   -85.000    28.966     1.110
   -75.000    28.966     1.097
   -65.000    28.966     1.079
   -55.000    28.966     1.071
   -45.000    28.966     1.073
   -35.000    28.966     1.078
   -25.000    28.966     1.083
   -15.000    28.966     1.102
    -5.000    28.966     1.119
     5.000    28.966     1.121
    15.000    28.966     1.114
    25.000    28.966     1.114
    35.000    28.966     1.129
    45.000    28.966     1.133
    55.000    28.966     1.118
    65.000    28.966     1.088
    75.000    28.966     1.052
    85.000    28.966     1.015
    95.000    28.966     0.976
   105.000    28.966     0.948
   115.000    28.966     0.942
   125.000    28.966     0.962
   135.000    28.966     0.995
   145.000    28.966     1.023
   155.000    28.966     1.037
   165.000    28.966     1.054
   175.000    28.966     1.068
   185.000    28.966     1.060
  -185.000    38.303     1.064
  -175.000    38.303     1.051
  -165.000    38.303     1.054
  -155.000    38.303     1.070
  -145.000    38.303     1.095
  -135.000    38.303     1.124
  -125.000    38.303     1.152
  -115.000    38.303     1.193
  -105.000    38.303     1.229
   -95.000    38.303     1.240
   -85.000    38.303     1.227
   -75.000    38.303     1.196
   -65.000    38.303     1.157
   -55.000    38.303     1.130
   -45.000    38.303     1.123
   -35.000    38.303     1.118
   -25.000    38.303     1.102
   -15.000    38.303     1.072
    -5.000    38.303     1.036
     5.000    38.303     1.019
    15.000    38.303     1.034
    25.000    38.303     1.079
    35.000    38.303     1.142
    45.000    38.303     1.188
    55.000    38.303     1.200
    65.000    38.303     1.194
    75.000    38.303     1.173
    85.000    38.303     1.135
    95.000    38.303     1.095
   105.000    38.303     1.072
   115.000    38.303     1.072
   125.000    38.303     1.099
   135.000    38.303     1.136
   145.000    38.303     1.149
   155.000    38.303     1.128
   165.000    38.303     1.094
   175.000    38.303     1.064
   185.000    38.303     1.051
  -185.000    47.678     0.827
  -175.000    47.678     0.829
  -165.000    47.678     0.887
  -155.000    47.678     0.959
  -145.000    47.678     1.007
  -135.000    47.678     1.027
  -125.000    47.678     1.051
  -115.000    47.678     1.112
  -105.000    47.678     1.196
   -95.000    47.678     1.253
   -85.000    47.678     1.235
   -75.000    47.678     1.145
   -65.000    47.678     1.043
   -55.000    47.678     0.985
   -45.000    47.678     0.986
   -35.000    47.678     0.997
   -25.000    47.678     0.962
   -15.000    47.678     0.879
    -5.000    47.678     0.792
     5.000    47.678     0.750
    15.000    47.678     0.784
    25.000    47.678     0.873
    35.000    47.678     0.970
    45.000    47.678     1.026
    55.000    47.678     1.049
    65.000    47.678     1.085
    75.000    47.678     1.142
    85.000    47.678     1.179
    95.000    47.678     1.156
   105.000    47.678     1.087
   115.000    47.678     1.026
   125.000    47.678     1.016
   135.000    47.678     1.042
   145.000    47.678     1.040
   155.000    47.678     0.978
   165.000    47.678     0.889
   175.000    47.678     0.827
   185.000    47.678     0.829
  -185.000    57.071     0.644
  -175.000    57.071     0.667
  -165.000    57.071     0.812
  -155.000    57.071     0.959
  -145.000    57.071     1.018
  -135.000    57.071     1.021
  -125.000    57.071     1.048
  -115.000    57.071     1.119
  -105.000    57.071     1.200
   -95.000    57.071     1.248
   -85.000    57.071     1.224
   -75.000    57.071     1.136
   -65.000    57.071     1.033
   -55.000    57.071     0.967
   -45.000    57.071     0.969
   -35.000    57.071     1.000
   -25.000    57.071     0.964
   -15.000    57.071     0.821
    -5.000    57.071     0.661
     5.000    57.071     0.604
    15.000    57.071     0.687
    25.000    57.071     0.840
    35.000    57.071     0.957
    45.000    57.071     1.006
    55.000    57.071     1.035
    65.000    57.071     1.095
    75.000    57.071     1.176
    85.000    57.071     1.235
    95.000    57.071     1.225
   105.000    57.071     1.150
   115.000    57.071     1.062
   125.000    57.071     1.008
   135.000    57.071     1.004
   145.000    57.071     0.996
   155.000    57.071     0.912
   165.000    57.071     0.758
   175.000    57.071     0.644
   185.000    57.071     0.667
  -185.000    66.474     0.547
  -175.000    66.474     0.576
  -165.000    66.474     0.786
  -155.000    66.474     1.001
  -145.000    66.474     1.065
  -135.000    66.474     1.020
  -125.000    66.474     1.003
  -115.000    66.474     1.047
  -105.000    66.474     1.109
   -95.000    66.474     1.141
   -85.000    66.474     1.134
   -75.000    66.474     1.085
   -65.000    66.474     1.005
   -55.000    66.474     0.952
   -45.000    66.474     0.987
   -35.000    66.474     1.072
   -25.000    66.474     1.046
   -15.000    66.474     0.846
    -5.000    66.474     0.622
     5.000    66.474     0.562
    15.000    66.474     0.707
    25.000    66.474     0.928
    35.000    66.474     1.045
    45.000    66.474     1.033
    55.000    66.474     1.011
    65.000    66.474     1.051
    75.000    66.474     1.134
    85.000    66.474     1.203
    95.000    66.474     1.209
   105.000    66.474     1.145
   115.000    66.474     1.041
   125.000    66.474     0.969
   135.000    66.474     0.981
   145.000    66.474     1.015
   155.000    66.474     0.929
   165.000    66.474     0.716
   175.000    66.474     0.547
   185.000    66.474     0.576
  -185.000    75.882     0.505
  -175.000    75.882     0.517
  -165.000    75.882     0.768
  -155.000    75.882     1.035
  -145.000    75.882     1.114
  -135.000    75.882     1.028
  -125.000    75.882     0.953
  -115.000    75.882     0.965
  -105.000    75.882     1.023
   -95.000    75.882     1.067
   -85.000    75.882     1.085
   -75.000    75.882     1.063
   -65.000    75.882     1.000
   -55.000    75.882     0.968
   -45.000    75.882     1.044
   -35.000    75.882     1.161
   -25.000    75.882     1.119
   -15.000    75.882     0.863
    -5.000    75.882     0.584
     5.000    75.882     0.531
    15.000    75.882     0.745
    25.000    75.882     1.028
    35.000    75.882     1.147
    45.000    75.882     1.081
    55.000    75.882     0.994
    65.000    75.882     0.998
    75.000    75.882     1.072
    85.000    75.882     1.151
    95.000    75.882     1.177
   105.000    75.882     1.123
   115.000    75.882     1.019
   125.000    75.882     0.959
   135.000    75.882     1.009
   145.000    75.882     1.084
   155.000    75.882     0.997
   165.000    75.882     0.733
   175.000    75.882     0.505
   185.000    75.882     0.517
  -185.000    85.294     0.509
  -175.000    85.294     0.491
  -165.000    85.294     0.773
  -155.000    85.294     1.092
  -145.000    85.294     1.201
  -135.000    85.294     1.106
  -125.000    85.294     1.004
  -115.000    85.294     0.999
  -105.000    85.294     1.051
   -95.000    85.294     1.102
   -85.000    85.294     1.140
   -75.000    85.294     1.141
   -65.000    85.294     1.080
   -55.000    85.294     1.043
   -45.000    85.294     1.122
   -35.000    85.294     1.239
   -25.000    85.294     1.169
   -15.000    85.294     0.859
    -5.000    85.294     0.538
     5.000    85.294     0.498
    15.000    85.294     0.773
    25.000    85.294     1.107
    35.000    85.294     1.234
    45.000    85.294     1.143
    55.000    85.294     1.031
    65.000    85.294     1.018
    75.000    85.294     1.075
    85.000    85.294     1.140
    95.000    85.294     1.179
   105.000    85.294     1.160
   115.000    85.294     1.078
   125.000    85.294     1.029
   135.000    85.294     1.103
   145.000    85.294     1.209
   155.000    85.294     1.124
   165.000    85.294     0.810
   175.000    85.294     0.509
   185.000    85.294     0.491
  -185.000    94.706     0.538
  -175.000    94.706     0.498
  -165.000    94.706     0.773
  -155.000    94.706     1.107
  -145.000    94.706     1.234
  -135.000    94.706     1.143
  -125.000    94.706     1.031
  -115.000    94.706     1.018
  -105.000    94.706     1.075
   -95.000    94.706     1.140
   -85.000    94.706     1.179
   -75.000    94.706     1.160
   -65.000    94.706     1.078
   -55.000    94.706     1.029
   -45.000    94.706     1.103
   -35.000    94.706     1.209
   -25.000    94.706     1.124
   -15.000    94.706     0.810
    -5.000    94.706     0.509
     5.000    94.706     0.491
    15.000    94.706     0.773
    25.000    94.706     1.092
    35.000    94.706     1.201
    45.000    94.706     1.106
    55.000    94.706     1.004
    65.000    94.706     0.999
    75.000    94.706     1.051
    85.000    94.706     1.102
    95.000    94.706     1.140
   105.000    94.706     1.141
   115.000    94.706     1.080
   125.000    94.706     1.043
   135.000    94.706     1.122
   145.000    94.706     1.239
   155.000    94.706     1.169
   165.000    94.706     0.859
   175.000    94.706     0.538
   185.000    94.706     0.498
text_01.dat                                                                     
poles     1  0  0
       phi     theta      int
  -185.000     0.810     0.037
  -175.000     0.810     0.037
  -165.000     0.810     0.037
  -155.000     0.810     0.037
  -145.000     0.810     0.037
  -135.000     0.810     0.037
  -125.000     0.810     0.037
  -115.000     0.810     0.037
  -105.000     0.810     0.037
   -95.000     0.810     0.037
   -85.000     0.810     0.037
   -75.000     0.810     0.037
   -65.000     0.810     0.037
   -55.000     0.810     0.037
   -45.000     0.810     0.037
   -35.000     0.810     0.037
   -25.000     0.810     0.037
   -15.000     0.810     0.037
    -5.000     0.810     0.037
     5.000     0.810     0.037
    15.000     0.810     0.037
    25.000     0.810     0.037
    35.000     0.810     0.037
    45.000     0.810     0.037
    55.000     0.810     0.037
    65.000     0.810     0.037
    75.000     0.810     0.037
    85.000     0.810     0.037
    95.000     0.810     0.037
   105.000     0.810     0.037
   115.000     0.810     0.037
   125.000     0.810     0.037
   135.000     0.810     0.037
   145.000     0.810     0.037
   155.000     0.810     0.037
   165.000     0.810     0.037
   175.000     0.810     0.037
   185.000     0.810     0.037
  -185.000    10.798     0.060
  -175.000    10.798     0.058
  -165.000    10.798     0.062
  -155.000    10.798     0.069
  -145.000    10.798     0.073
  -135.000    10.798     0.075
  -125.000    10.798     0.075
  -115.000    10.798     0.076
  -105.000    10.798     0.077
   -95.000    10.798     0.072
   -85.000    10.798     0.064
   -75.000    10.798     0.059
   -65.000    10.798     0.060
   -55.000    10.798     0.061
   -45.000    10.798     0.061
   -35.000    10.798     0.061
   -25.000    10.798     0.061
   -15.000    10.798     0.058
    -5.000    10.798     0.052
     5.000    10.798     0.047
    15.000    10.798     0.045
    25.000    10.798     0.046
    35.000    10.798     0.045
    45.000    10.798     0.043
    55.000    10.798     0.042
    65.000    10.798     0.041
    75.000    10.798     0.043
    85.000    10.798     0.042
    95.000    10.798     0.038
   105.000    10.798     0.040
   115.000    10.798     0.044
   125.000    10.798     0.048
   135.000    10.798     0.052
   145.000    10.798     0.056
   155.000    10.798     0.058
   165.000    10.798     0.060
   175.000    10.798     0.060
   185.000    10.798     0.058
  -185.000    19.719     0.104
  -175.000    19.719     0.112
  -165.000    19.719     0.117
  -155.000    19.719     0.121
  -145.000    19.719     0.124
  -135.000    19.719     0.129
  -125.000    19.719     0.131
  -115.000    19.719     0.129
  -105.000    19.719     0.125
   -95.000    19.719     0.123
   -85.000    19.719     0.124
   -75.000    19.719     0.120
   -65.000    19.719     0.113
   -55.000    19.719     0.108
   -45.000    19.719     0.110
   -35.000    19.719     0.110
   -25.000    19.719     0.104
   -15.000    19.719     0.099
    -5.000    19.719     0.097
     5.000    19.719     0.096
    15.000    19.719     0.094
    25.000    19.719     0.088
    35.000    19.719     0.083
    45.000    19.719     0.081
    55.000    19.719     0.079
    65.000    19.719     0.077
    75.000    19.719     0.078
    85.000    19.719     0.080
    95.000    19.719     0.083
   105.000    19.719     0.084
   115.000    19.719     0.083
   125.000    19.719     0.084
   135.000    19.719     0.090
   145.000    19.719     0.095
   155.000    19.719     0.096
   165.000    19.719     0.098
   175.000    19.719     0.104
   185.000    19.719     0.112
  -185.000    28.966     0.145
  -175.000    28.966     0.154
  -165.000    28.966     0.163
  -155.000    28.966     0.170
  -145.000    28.966     0.174
  -135.000    28.966     0.175
  -125.000    28.966     0.177
  -115.000    28.966     0.176
  -105.000    28.966     0.174
   -95.000    28.966     0.172
   -85.000    28.966     0.170
   -75.000    28.966     0.166
   -65.000    28.966     0.157
   -55.000    28.966     0.149
   -45.000    28.966     0.139
   -35.000    28.966     0.132
   -25.000    28.966     0.128
   -15.000    28.966     0.127
    -5.000    28.966     0.127
     5.000    28.966     0.125
    15.000    28.966     0.121
    25.000    28.966     0.115
    35.000    28.966     0.111
    45.000    28.966     0.110
    55.000    28.966     0.112
    65.000    28.966     0.116
    75.000    28.966     0.123
    85.000    28.966     0.129
    95.000    28.966     0.132
   105.000    28.966     0.131
   115.000    28.966     0.129
   125.000    28.966     0.127
   135.000    28.966     0.128
   145.000    28.966     0.130
   155.000    28.966     0.132
   165.000    28.966     0.136
   175.000    28.966     0.145
   185.000    28.966     0.154
  -185.000    38.303     0.307
  -175.000    38.303     0.328
  -165.000    38.303     0.347
  -155.000    38.303     0.358
  -145.000    38.303     0.359
  -135.000    38.303     0.354
  -125.000    38.303     0.346
  -115.000    38.303     0.337
  -105.000    38.303     0.329
   -95.000    38.303     0.322
   -85.000    38.303     0.315
   -75.000    38.303     0.302
   -65.000    38.303     0.284
   -55.000    38.303     0.268
   -45.000    38.303     0.251
   -35.000    38.303     0.237
   -25.000    38.303     0.225
   -15.000    38.303     0.217
    -5.000    38.303     0.213
     5.000    38.303     0.210
    15.000    38.303     0.206
    25.000    38.303     0.199
    35.000    38.303     0.195
    45.000    38.303     0.198
    55.000    38.303     0.206
    65.000    38.303     0.216
    75.000    38.303     0.230
    85.000    38.303     0.243
    95.000    38.303     0.252
   105.000    38.303     0.255
   115.000    38.303     0.254
   125.000    38.303     0.257
   135.000    38.303     0.265
   145.000    38.303     0.273
   155.000    38.303     0.282
   165.000    38.303     0.292
   175.000    38.303     0.307
   185.000    38.303     0.328
  -185.000    47.678     0.612
  -175.000    47.678     0.644
  -165.000    47.678     0.678
  -155.000    47.678     0.698
  -145.000    47.678     0.693
  -135.000    47.678     0.667
  -125.000    47.678     0.635
  -115.000    47.678     0.611
  -105.000    47.678     0.595
   -95.000    47.678     0.578
   -85.000    47.678     0.555
   -75.000    47.678     0.524
   -65.000    47.678     0.494
   -55.000    47.678     0.468
   -45.000    47.678     0.444
   -35.000    47.678     0.422
   -25.000    47.678     0.404
   -15.000    47.678     0.390
    -5.000    47.678     0.379
     5.000    47.678     0.375
    15.000    47.678     0.374
    25.000    47.678     0.373
    35.000    47.678     0.372
    45.000    47.678     0.369
    55.000    47.678     0.370
    65.000    47.678     0.382
    75.000    47.678     0.399
    85.000    47.678     0.419
    95.000    47.678     0.436
   105.000    47.678     0.450
   115.000    47.678     0.465
   125.000    47.678     0.484
   135.000    47.678     0.509
   145.000    47.678     0.538
   155.000    47.678     0.563
   165.000    47.678     0.587
   175.000    47.678     0.612
   185.000    47.678     0.644
  -185.000    57.071     1.139
  -175.000    57.071     1.178
  -165.000    57.071     1.217
  -155.000    57.071     1.235
  -145.000    57.071     1.219
  -135.000    57.071     1.175
  -125.000    57.071     1.120
  -115.000    57.071     1.077
  -105.000    57.071     1.047
   -95.000    57.071     1.019
   -85.000    57.071     0.981
   -75.000    57.071     0.931
   -65.000    57.071     0.884
   -55.000    57.071     0.852
   -45.000    57.071     0.833
   -35.000    57.071     0.811
   -25.000    57.071     0.780
   -15.000    57.071     0.748
    -5.000    57.071     0.727
     5.000    57.071     0.724
    15.000    57.071     0.731
    25.000    57.071     0.736
    35.000    57.071     0.732
    45.000    57.071     0.722
    55.000    57.071     0.713
    65.000    57.071     0.716
    75.000    57.071     0.729
    85.000    57.071     0.754
    95.000    57.071     0.784
   105.000    57.071     0.816
   115.000    57.071     0.855
   125.000    57.071     0.906
   135.000    57.071     0.968
   145.000    57.071     1.028
   155.000    57.071     1.074
   165.000    57.071     1.107
   175.000    57.071     1.139
   185.000    57.071     1.178
  -185.000    66.474     1.693
  -175.000    66.474     1.726
  -165.000    66.474     1.751
  -155.000    66.474     1.751
  -145.000    66.474     1.723
  -135.000    66.474     1.676
  -125.000    66.474     1.624
  -115.000    66.474     1.587
  -105.000    66.474     1.561
   -95.000    66.474     1.538
   -85.000    66.474     1.499
   -75.000    66.474     1.438
   -65.000    66.474     1.381
   -55.000    66.474     1.348
   -45.000    66.474     1.334
   -35.000    66.474     1.315
   -25.000    66.474     1.276
   -15.000    66.474     1.230
    -5.000    66.474     1.200
     5.000    66.474     1.195
    15.000    66.474     1.201
    25.000    66.474     1.203
    35.000    66.474     1.196
    45.000    66.474     1.185
    55.000    66.474     1.172
    65.000    66.474     1.166
    75.000    66.474     1.176
    85.000    66.474     1.212
    95.000    66.474     1.263
   105.000    66.474     1.313
   115.000    66.474     1.368
   125.000    66.474     1.438
   135.000    66.474     1.523
   145.000    66.474     1.599
   155.000    66.474     1.645
   165.000    66.474     1.669
   175.000    66.474     1.693
   185.000    66.474     1.726
  -185.000    75.882     1.868
  -175.000    75.882     1.881
  -165.000    75.882     1.878
  -155.000    75.882     1.851
  -145.000    75.882     1.817
  -135.000    75.882     1.795
  -125.000    75.882     1.778
  -115.000    75.882     1.769
  -105.000    75.882     1.768
   -95.000    75.882     1.773
   -85.000    75.882     1.761
   -75.000    75.882     1.721
   -65.000    75.882     1.672
   -55.000    75.882     1.643
   -45.000    75.882     1.636
   -35.000    75.882     1.625
   -25.000    75.882     1.590
   -15.000    75.882     1.543
    -5.000    75.882     1.514
     5.000    75.882     1.508
    15.000    75.882     1.500
    25.000    75.882     1.485
    35.000    75.882     1.473
    45.000    75.882     1.469
    55.000    75.882     1.466
    65.000    75.882     1.467
    75.000    75.882     1.484
    85.000    75.882     1.530
    95.000    75.882     1.587
   105.000    75.882     1.637
   115.000    75.882     1.679
   125.000    75.882     1.725
   135.000    75.882     1.786
   145.000    75.882     1.841
   155.000    75.882     1.863
   165.000    75.882     1.863
   175.000    75.882     1.868
   185.000    75.882     1.881
  -185.000    85.294     1.798
  -175.000    85.294     1.792
  -165.000    85.294     1.768
  -155.000    85.294     1.729
  -145.000    85.294     1.700
  -135.000    85.294     1.699
  -125.000    85.294     1.708
  -115.000    85.294     1.725
  -105.000    85.294     1.752
   -95.000    85.294     1.789
   -85.000    85.294     1.814
   -75.000    85.294     1.810
   -65.000    85.294     1.785
   -55.000    85.294     1.767
   -45.000    85.294     1.773
   -35.000    85.294     1.780
   -25.000    85.294     1.758
   -15.000    85.294     1.718
    -5.000    85.294     1.693
     5.000    85.294     1.682
    15.000    85.294     1.660
    25.000    85.294     1.629
    35.000    85.294     1.607
    45.000    85.294     1.607
    55.000    85.294     1.615
    65.000    85.294     1.631
    75.000    85.294     1.661
    85.000    85.294     1.711
    95.000    85.294     1.759
   105.000    85.294     1.781
   115.000    85.294     1.785
   125.000    85.294     1.794
   135.000    85.294     1.821
   145.000    85.294     1.844
   155.000    85.294     1.839
   165.000    85.294     1.812
   175.000    85.294     1.798
   185.000    85.294     1.792
  -185.000    94.706     1.693
  -175.000    94.706     1.682
  -165.000    94.706     1.660
  -155.000    94.706     1.629
  -145.000    94.706     1.607
  -135.000    94.706     1.607
  -125.000    94.706     1.615
  -115.000    94.706     1.631
  -105.000    94.706     1.661
   -95.000    94.706     1.711
   -85.000    94.706     1.759
   -75.000    94.706     1.781
   -65.000    94.706     1.785
   -55.000    94.706     1.794
   -45.000    94.706     1.821
   -35.000    94.706     1.844
   -25.000    94.706     1.839
   -15.000    94.706     1.812
    -5.000    94.706     1.798
     5.000    94.706     1.792
    15.000    94.706     1.768
    25.000    94.706     1.729
    35.000    94.706     1.700
    45.000    94.706     1.699
    55.000    94.706     1.708
    65.000    94.706     1.725
    75.000    94.706     1.752
    85.000    94.706     1.789
    95.000    94.706     1.814
   105.000    94.706     1.810
   115.000    94.706     1.785
   125.000    94.706     1.767
   135.000    94.706     1.773
   145.000    94.706     1.780
   155.000    94.706     1.758
   165.000    94.706     1.718
   175.000    94.706     1.693
   185.000    94.706     1.682
text_02.dat                                                                     
poles     1  0  0
       phi     theta      int
  -185.000     0.810     0.903
  -175.000     0.810     0.903
  -165.000     0.810     0.903
  -155.000     0.810     0.903
  -145.000     0.810     0.903
  -135.000     0.810     0.903
  -125.000     0.810     0.903
  -115.000     0.810     0.903
  -105.000     0.810     0.903
   -95.000     0.810     0.903
   -85.000     0.810     0.903
   -75.000     0.810     0.903
   -65.000     0.810     0.903
   -55.000     0.810     0.903
   -45.000     0.810     0.903
   -35.000     0.810     0.903
   -25.000     0.810     0.903
   -15.000     0.810     0.903
    -5.000     0.810     0.903
     5.000     0.810     0.903
    15.000     0.810     0.903
    25.000     0.810     0.903
    35.000     0.810     0.903
    45.000     0.810     0.903
    55.000     0.810     0.903
    65.000     0.810     0.903
    75.000     0.810     0.903
    85.000     0.810     0.903
    95.000     0.810     0.903
   105.000     0.810     0.903
   115.000     0.810     0.903
   125.000     0.810     0.903
   135.000     0.810     0.903
   145.000     0.810     0.903
   155.000     0.810     0.903
   165.000     0.810     0.903
   175.000     0.810     0.903
   185.000     0.810     0.903
  -185.000    10.798     0.929
  -175.000    10.798     0.904
  -165.000    10.798     1.012
  -155.000    10.798     1.136
  -145.000    10.798     1.189
  -135.000    10.798     1.203
  -125.000    10.798     1.214
  -115.000    10.798     1.213
  -105.000    10.798     1.171
   -95.000    10.798     1.098
   -85.000    10.798     1.076
   -75.000    10.798     1.119
   -65.000    10.798     1.148
   -55.000    10.798     1.148
   -45.000    10.798     1.148
   -35.000    10.798     1.153
   -25.000    10.798     1.112
   -15.000    10.798     0.986
    -5.000    10.798     0.851
     5.000    10.798     0.834
    15.000    10.798     0.945
    25.000    10.798     1.071
    35.000    10.798     1.137
    45.000    10.798     1.167
    55.000    10.798     1.196
    65.000    10.798     1.222
    75.000    10.798     1.215
    85.000    10.798     1.176
    95.000    10.798     1.186
   105.000    10.798     1.252
   115.000    10.798     1.291
   125.000    10.798     1.293
   135.000    10.798     1.286
   145.000    10.798     1.275
   155.000    10.798     1.218
   165.000    10.798     1.078
   175.000    10.798     0.929
   185.000    10.798     0.904
  -185.000    19.719     0.959
  -175.000    19.719     0.946
  -165.000    19.719     0.934
  -155.000    19.719     0.987
  -145.000    19.719     1.108
  -135.000    19.719     1.220
  -125.000    19.719     1.258
  -115.000    19.719     1.274
  -105.000    19.719     1.327
   -95.000    19.719     1.392
   -85.000    19.719     1.389
   -75.000    19.719     1.314
   -65.000    19.719     1.250
   -55.000    19.719     1.227
   -45.000    19.719     1.188
   -35.000    19.719     1.075
   -25.000    19.719     0.944
   -15.000    19.719     0.870
    -5.000    19.719     0.860
     5.000    19.719     0.848
    15.000    19.719     0.831
    25.000    19.719     0.880
    35.000    19.719     1.007
    45.000    19.719     1.137
    55.000    19.719     1.207
    65.000    19.719     1.271
    75.000    19.719     1.386
    85.000    19.719     1.506
    95.000    19.719     1.558
   105.000    19.719     1.522
   115.000    19.719     1.458
   125.000    19.719     1.428
   135.000    19.719     1.374
   145.000    19.719     1.232
   155.000    19.719     1.072
   165.000    19.719     0.979
   175.000    19.719     0.959
   185.000    19.719     0.946
  -185.000    28.966     0.662
  -175.000    28.966     0.662
  -165.000    28.966     0.693
  -155.000    28.966     0.761
  -145.000    28.966     0.880
  -135.000    28.966     1.011
  -125.000    28.966     1.122
  -115.000    28.966     1.212
  -105.000    28.966     1.298
   -95.000    28.966     1.354
   -85.000    28.966     1.355
   -75.000    28.966     1.307
   -65.000    28.966     1.228
   -55.000    28.966     1.142
   -45.000    28.966     1.042
   -35.000    28.966     0.920
   -25.000    28.966     0.805
   -15.000    28.966     0.729
    -5.000    28.966     0.684
     5.000    28.966     0.660
    15.000    28.966     0.658
    25.000    28.966     0.695
    35.000    28.966     0.782
    45.000    28.966     0.898
    55.000    28.966     1.022
    65.000    28.966     1.154
    75.000    28.966     1.300
    85.000    28.966     1.424
    95.000    28.966     1.480
   105.000    28.966     1.449
   115.000    28.966     1.359
   125.000    28.966     1.242
   135.000    28.966     1.099
   145.000    28.966     0.933
   155.000    28.966     0.786
   165.000    28.966     0.698
   175.000    28.966     0.662
   185.000    28.966     0.662
  -185.000    38.303     0.610
  -175.000    38.303     0.616
  -165.000    38.303     0.671
  -155.000    38.303     0.782
  -145.000    38.303     0.935
  -135.000    38.303     1.089
  -125.000    38.303     1.197
  -115.000    38.303     1.267
  -105.000    38.303     1.329
   -95.000    38.303     1.379
   -85.000    38.303     1.390
   -75.000    38.303     1.350
   -65.000    38.303     1.297
   -55.000    38.303     1.242
   -45.000    38.303     1.162
   -35.000    38.303     1.041
   -25.000    38.303     0.912
   -15.000    38.303     0.812
    -5.000    38.303     0.754
     5.000    38.303     0.732
    15.000    38.303     0.746
    25.000    38.303     0.804
    35.000    38.303     0.898
    45.000    38.303     0.997
    55.000    38.303     1.082
    65.000    38.303     1.163
    75.000    38.303     1.260
    85.000    38.303     1.359
    95.000    38.303     1.404
   105.000    38.303     1.380
   115.000    38.303     1.307
   125.000    38.303     1.203
   135.000    38.303     1.062
   145.000    38.303     0.894
   155.000    38.303     0.747
   165.000    38.303     0.650
   175.000    38.303     0.610
   185.000    38.303     0.616
  -185.000    47.678     0.639
  -175.000    47.678     0.648
  -165.000    47.678     0.698
  -155.000    47.678     0.769
  -145.000    47.678     0.851
  -135.000    47.678     0.951
  -125.000    47.678     1.070
  -115.000    47.678     1.174
  -105.000    47.678     1.244
   -95.000    47.678     1.284
   -85.000    47.678     1.301
   -75.000    47.678     1.287
   -65.000    47.678     1.230
   -55.000    47.678     1.135
   -45.000    47.678     1.038
   -35.000    47.678     0.972
   -25.000    47.678     0.914
   -15.000    47.678     0.848
    -5.000    47.678     0.784
     5.000    47.678     0.761
    15.000    47.678     0.793
    25.000    47.678     0.849
    35.000    47.678     0.901
    45.000    47.678     0.949
    55.000    47.678     1.017
    65.000    47.678     1.091
    75.000    47.678     1.147
    85.000    47.678     1.178
    95.000    47.678     1.193
   105.000    47.678     1.183
   115.000    47.678     1.124
   125.000    47.678     1.013
   135.000    47.678     0.887
   145.000    47.678     0.794
   155.000    47.678     0.725
   165.000    47.678     0.672
   175.000    47.678     0.639
   185.000    47.678     0.648
  -185.000    57.071     0.648
  -175.000    57.071     0.643
  -165.000    57.071     0.696
  -155.000    57.071     0.781
  -145.000    57.071     0.864
  -135.000    57.071     0.947
  -125.000    57.071     1.054
  -115.000    57.071     1.189
  -105.000    57.071     1.332
   -95.000    57.071     1.447
   -85.000    57.071     1.476
   -75.000    57.071     1.398
   -65.000    57.071     1.259
   -55.000    57.071     1.115
   -45.000    57.071     1.013
   -35.000    57.071     0.956
   -25.000    57.071     0.891
   -15.000    57.071     0.795
    -5.000    57.071     0.711
     5.000    57.071     0.692
    15.000    57.071     0.755
    25.000    57.071     0.864
    35.000    57.071     0.956
    45.000    57.071     1.018
    55.000    57.071     1.079
    65.000    57.071     1.153
    75.000    57.071     1.220
    85.000    57.071     1.265
    95.000    57.071     1.268
   105.000    57.071     1.218
   115.000    57.071     1.130
   125.000    57.071     1.015
   135.000    57.071     0.908
   145.000    57.071     0.838
   155.000    57.071     0.778
   165.000    57.071     0.705
   175.000    57.071     0.648
   185.000    57.071     0.643
  -185.000    66.474     0.549
  -175.000    66.474     0.539
  -165.000    66.474     0.599
  -155.000    66.474     0.714
  -145.000    66.474     0.824
  -135.000    66.474     0.896
  -125.000    66.474     1.010
  -115.000    66.474     1.240
  -105.000    66.474     1.547
   -95.000    66.474     1.791
   -85.000    66.474     1.816
   -75.000    66.474     1.603
   -65.000    66.474     1.293
   -55.000    66.474     1.036
   -45.000    66.474     0.904
   -35.000    66.474     0.853
   -25.000    66.474     0.764
   -15.000    66.474     0.638
    -5.000    66.474     0.546
     5.000    66.474     0.532
    15.000    66.474     0.605
    25.000    66.474     0.748
    35.000    66.474     0.890
    45.000    66.474     0.980
    55.000    66.474     1.081
    65.000    66.474     1.245
    75.000    66.474     1.430
    85.000    66.474     1.561
    95.000    66.474     1.564
   105.000    66.474     1.428
   115.000    66.474     1.228
   125.000    66.474     1.032
   135.000    66.474     0.900
   145.000    66.474     0.824
   155.000    66.474     0.728
   165.000    66.474     0.621
   175.000    66.474     0.549
   185.000    66.474     0.539
  -185.000    75.882     0.361
  -175.000    75.882     0.359
  -165.000    75.882     0.456
  -155.000    75.882     0.601
  -145.000    75.882     0.712
  -135.000    75.882     0.770
  -125.000    75.882     0.902
  -115.000    75.882     1.236
  -105.000    75.882     1.691
   -95.000    75.882     2.040
   -85.000    75.882     2.056
   -75.000    75.882     1.736
   -65.000    75.882     1.281
   -55.000    75.882     0.905
   -45.000    75.882     0.729
   -35.000    75.882     0.675
   -25.000    75.882     0.588
   -15.000    75.882     0.451
    -5.000    75.882     0.339
     5.000    75.882     0.326
    15.000    75.882     0.423
    25.000    75.882     0.582
    35.000    75.882     0.734
    45.000    75.882     0.831
    55.000    75.882     0.976
    65.000    75.882     1.259
    75.000    75.882     1.604
    85.000    75.882     1.854
    95.000    75.882     1.864
   105.000    75.882     1.632
   115.000    75.882     1.292
   125.000    75.882     0.973
   135.000    75.882     0.785
   145.000    75.882     0.696
   155.000    75.882     0.585
   165.000    75.882     0.453
   175.000    75.882     0.361
   185.000    75.882     0.359
  -185.000    85.294     0.230
  -175.000    85.294     0.233
  -165.000    85.294     0.368
  -155.000    85.294     0.531
  -145.000    85.294     0.634
  -135.000    85.294     0.681
  -125.000    85.294     0.834
  -115.000    85.294     1.233
  -105.000    85.294     1.757
   -95.000    85.294     2.129
   -85.000    85.294     2.139
   -75.000    85.294     1.789
   -65.000    85.294     1.276
   -55.000    85.294     0.843
   -45.000    85.294     0.634
   -35.000    85.294     0.574
   -25.000    85.294     0.495
   -15.000    85.294     0.351
    -5.000    85.294     0.219
     5.000    85.294     0.209
    15.000    85.294     0.340
    25.000    85.294     0.507
    35.000    85.294     0.632
    45.000    85.294     0.706
    55.000    85.294     0.871
    65.000    85.294     1.247
    75.000    85.294     1.720
    85.000    85.294     2.057
    95.000    85.294     2.073
   105.000    85.294     1.762
   115.000    85.294     1.298
   125.000    85.294     0.886
   135.000    85.294     0.663
   145.000    85.294     0.584
   155.000    85.294     0.492
   165.000    85.294     0.350
   175.000    85.294     0.230
   185.000    85.294     0.233
  -185.000    94.706     0.219
  -175.000    94.706     0.209
  -165.000    94.706     0.340
  -155.000    94.706     0.507
  -145.000    94.706     0.632
  -135.000    94.706     0.706
  -125.000    94.706     0.871
  -115.000    94.706     1.247
  -105.000    94.706     1.720
   -95.000    94.706     2.057
   -85.000    94.706     2.073
   -75.000    94.706     1.762
   -65.000    94.706     1.298
   -55.000    94.706     0.886
   -45.000    94.706     0.663
   -35.000    94.706     0.584
   -25.000    94.706     0.492
   -15.000    94.706     0.350
    -5.000    94.706     0.230
     5.000    94.706     0.233
    15.000    94.706     0.368
    25.000    94.706     0.531
    35.000    94.706     0.634
    45.000    94.706     0.681
    55.000    94.706     0.834
    65.000    94.706     1.233
    75.000    94.706     1.757
    85.000    94.706     2.129
    95.000    94.706     2.139
   105.000    94.706     1.789
   115.000    94.706     1.276
   125.000    94.706     0.843
   135.000    94.706     0.634
   145.000    94.706     0.574
   155.000    94.706     0.495
   165.000    94.706     0.351
   175.000    94.706     0.219
   185.000    94.706     0.209
