lines
   9   next lines in POLE8.OUT is text
2014/ 5/19  15:41
example2/fcc_comp.tex                               500
example2/fcc_tens.tex                               500
* CUBIC crystal
 * inverse pole figure
 * equal area projectn
* 72x18 [phi,th] grid
*  2.5 degrees spread
* center smoothing= 0
 0 (line representation)
  2.25 (pole figure radious)
 0 (pole figure symmetrization)
 1 (invers pole figure)

    1    2  npoles,ntextures
  0  0  1     sample axis
   48   points in the circular section
    0.0000    2.2500    2.2499    2.2494    2.2487    2.2476    2.2463    2.2447
    2.2428    2.2406    2.2381    2.2352    2.2321    2.2287    2.2249    2.2209
    2.2165    2.2119    2.2069    2.2015    2.1959    2.1899    2.1836    2.1769
    2.1699    2.1625    2.1548    2.1467    2.1383    2.1294    2.1202    2.1106
    2.1006    2.0901    2.0793    2.0680    2.0563    2.0441    2.0314    2.0182
    2.0046    1.9904    1.9757    1.9605    1.9446    1.9282    1.9112    0.0000
    0.0000    0.0000    0.0408    0.0817    0.1225    0.1633    0.2042    0.2451
    0.2860    0.3270    0.3679    0.4089    0.4500    0.4911    0.5323    0.5735
    0.6148    0.6561    0.6975    0.7390    0.7806    0.8222    0.8640    0.9058
    0.9478    0.9898    1.0320    1.0743    1.1167    1.1592    1.2019    1.2448
    1.2878    1.3309    1.3743    1.4178    1.4615    1.5054    1.5495    1.5938
    1.6384    1.6831    1.7282    1.7735    1.8191    1.8650    1.9112    0.0000
    0   77   crosses
    0.3959    0.3928    0.3868    0.3779    0.3661    0.3515    0.3342    0.3144
    0.2921    0.6297    0.6249    0.6154    0.6011    0.5823    0.5591    0.5316
    0.5001    0.4647    0.8665    0.8599    0.8468    0.8272    0.8013    0.7693
    0.7315    0.6881    0.6395    1.1032    1.0948    1.0781    1.0532    1.0202
    0.9795    0.9313    0.8761    0.8142    1.3387    1.3083    1.2780    1.2380
    1.1886    1.1302    1.0631    0.9880    1.5366    1.5010    1.4541    1.3960
    1.3274    1.2486    1.1604    1.7898    1.7625    1.7217    1.6678    1.6013
    1.5225    1.4322    1.3310    2.0163    1.9855    1.9396    1.8789    1.8040
    1.7152    1.6135    1.4994    2.2395    2.2053    2.1543    2.0869    2.0036
    1.9051    1.7921    1.6654    1.9677    1.8286
    0.0173    0.0517    0.0858    0.1192    0.1516    0.1830    0.2129    0.2412
    0.2677    0.0275    0.0823    0.1364    0.1895    0.2412    0.2910    0.3387
    0.3837    0.4258    0.0378    0.1132    0.1877    0.2608    0.3319    0.4005
    0.4660    0.5280    0.5860    0.0482    0.1441    0.2390    0.3321    0.4226
    0.5099    0.5933    0.6722    0.7460    0.0585    0.2900    0.4030    0.5128
    0.6188    0.7200    0.8158    0.9053    0.3406    0.4733    0.6023    0.7267
    0.8456    0.9581    1.0633    0.2356    0.3907    0.5429    0.6908    0.8336
    0.9700    1.0990    1.2196    0.2655    0.4402    0.6116    0.7783    0.9391
    1.0927    1.2381    1.3740    0.2948    0.4889    0.6793    0.8644    1.0430
    1.2137    1.3751    1.5261    1.5099    1.6756
 max= 48.15
   xmax   ymax
  2.259 -0.000
  7  levels
  1    0.50
  2    1.00
  3    2.00
  4    4.00
  5    8.00
  6   16.00
  7   32.00
         1        30
    1.3753    1.3747    1.3738    1.3833    1.3596    1.3305    1.3163    1.3109
    1.3152    1.3269    1.3720    1.4418    1.4559    1.5247    1.5494    1.5665
    1.6444    1.6729    1.7558    1.7862    1.7901    1.7916    1.9069    2.0104
    2.0168    2.0195    2.1312    2.2370    2.2398    2.2424
   -0.0000    0.0431    0.0600    0.0825    0.1190    0.1599    0.1661    0.1726
    0.1800    0.1869    0.2036    0.2401    0.2481    0.2689    0.2766    0.2762
    0.2731    0.2634    0.2312    0.2322    0.2337    0.2348    0.2478    0.2591
    0.2617    0.2637    0.2781    0.2918    0.2930    0.2926
         2        20
    1.4361    1.4361    1.4341    1.4564    1.4574    1.4587    1.5610    1.5637
    1.6805    1.7647    1.7915    1.8019    1.9077    2.0031    2.0174    2.0234
    2.1315    2.2343    2.2401    2.2426
   -0.0000    0.0136    0.0626    0.1238    0.1268    0.1276    0.2007    0.2041
    0.2097    0.2124    0.2222    0.2298    0.2414    0.2515    0.2570    0.2615
    0.2754    0.2885    0.2910    0.2906
         3        19
    1.5506    1.5484    1.5476    1.5518    1.5711    1.6125    1.6371    1.6846
    1.7200    1.7942    1.8223    1.9093    1.9884    2.0186    2.0310    2.1323
    2.2287    2.2406    2.2428
   -0.0000    0.0524    0.0676    0.0802    0.0932    0.1411    0.1724    0.1734
    0.1739    0.1993    0.2196    0.2285    0.2364    0.2478    0.2571    0.2698
    0.2819    0.2869    0.2866
         4        16
    1.6599    1.6596    1.6579    1.6905    1.7213    1.7987    1.8057    1.8625
    1.9122    1.9583    2.0208    2.0463    2.1336    2.2174    2.2416    2.2432
   -0.0000    0.0210    0.0724    0.1005    0.1290    0.1533    0.1580    0.1984
    0.2027    0.2067    0.2293    0.2482    0.2587    0.2688    0.2788    0.2785
         5        12
    1.8208    1.8195    1.8191    1.9170    1.9280    1.9651    2.0246    2.0763
    2.1362    2.1943    2.2436    2.2439
   -0.0000    0.0692    0.0794    0.1511    0.1600    0.1719    0.1923    0.2300
    0.2366    0.2429    0.2625    0.2624
         6        10
    1.9761    1.9756    1.9740    2.0032    2.0303    2.1277    2.1349    2.1407
    2.1464    2.2454
   -0.0000    0.0407    0.0862    0.1097    0.1180    0.1862    0.1916    0.1921
    0.1926    0.2293
         7         6
    2.1364    2.1364    2.1344    2.1468    2.1982    2.2477
   -0.0000    0.0106    0.0932    0.1030    0.1456    0.1628
    999    999
  0  0  1     sample axis
   48   points in the circular section
    3.1500    5.4000    5.3999    5.3994    5.3987    5.3976    5.3963    5.3947
    5.3928    5.3906    5.3881    5.3852    5.3821    5.3787    5.3749    5.3709
    5.3665    5.3619    5.3569    5.3515    5.3459    5.3399    5.3336    5.3269
    5.3199    5.3125    5.3048    5.2967    5.2883    5.2794    5.2702    5.2606
    5.2506    5.2401    5.2293    5.2180    5.2063    5.1941    5.1814    5.1682
    5.1546    5.1404    5.1257    5.1105    5.0946    5.0782    5.0612    3.1500
    0.0000    0.0000    0.0408    0.0817    0.1225    0.1633    0.2042    0.2451
    0.2860    0.3270    0.3679    0.4089    0.4500    0.4911    0.5323    0.5735
    0.6148    0.6561    0.6975    0.7390    0.7806    0.8222    0.8640    0.9058
    0.9478    0.9898    1.0320    1.0743    1.1167    1.1592    1.2019    1.2448
    1.2878    1.3309    1.3743    1.4178    1.4615    1.5054    1.5495    1.5938
    1.6384    1.6831    1.7282    1.7735    1.8191    1.8650    1.9112    0.0000
    0   65   crosses
    3.5459    3.5428    3.5368    3.7797    3.7749    3.7654    3.7511    3.7323
    3.7091    3.6816    4.0165    4.0099    3.9968    3.9772    3.9513    3.9193
    3.8815    4.2532    4.2448    4.2281    4.2032    4.1702    4.1295    4.0813
    4.0261    4.4887    4.4786    4.4583    4.4280    4.3880    4.3386    4.2802
    4.2131    4.7224    4.7104    4.6866    4.6510    4.6041    4.5460    4.4774
    4.3986    4.9535    4.9398    4.9125    4.8717    4.8178    4.7513    4.6725
    4.5822    5.1818    5.1663    5.1355    5.0896    5.0289    4.9540    4.8652
    4.7635    5.3895    5.3553    5.3043    5.2369    5.1536    5.0551    4.9421
    5.1177
    0.0173    0.0517    0.0858    0.0275    0.0823    0.1364    0.1895    0.2412
    0.2910    0.3387    0.0378    0.1132    0.1877    0.2608    0.3319    0.4005
    0.4660    0.0482    0.1441    0.2390    0.3321    0.4226    0.5099    0.5933
    0.6722    0.0585    0.1749    0.2900    0.4030    0.5128    0.6188    0.7200
    0.8158    0.0687    0.2054    0.3406    0.4733    0.6023    0.7267    0.8456
    0.9581    0.0787    0.2356    0.3907    0.5429    0.6908    0.8336    0.9700
    1.0990    0.0887    0.2655    0.4402    0.6116    0.7783    0.9391    1.0927
    1.2381    0.2948    0.4889    0.6793    0.8644    1.0430    1.2137    1.3751
    1.5099
 max= 22.74
   xmax   ymax
  5.057  1.907
  6  levels
  1    0.50
  2    1.00
  3    2.00
  4    4.00
  5    8.00
  6   16.00
         1        65
    3.5435    3.5431    3.5431    3.5431    3.5420    3.5402    3.5402    3.5402
    3.5385    3.5361    3.5355    3.5876    3.6138    3.6267    3.6484    3.6616
    3.6605    3.6594    3.6722    3.6855    3.6824    3.6785    3.6825    3.6854
    3.6836    3.6798    3.6799    3.6802    3.6805    3.7019    3.7774    3.7957
    3.8160    3.8514    3.8910    3.9155    3.9356    3.9900    4.0109    4.0597
    4.1069    4.1465    4.1942    4.2321    4.2969    4.3544    4.3882    4.4082
    4.4856    4.5580    4.5755    4.5889    4.6683    4.7437    4.7556    4.7708
    4.8443    4.9147    4.9255    4.9489    5.0178    5.0843    5.1053    5.1193
    5.1790
   -0.0000    0.0169    0.0172    0.0174    0.0343    0.0511    0.0514    0.0516
    0.0685    0.0855    0.0916    0.1173    0.1324    0.1503    0.1695    0.1825
    0.1858    0.1892    0.2163    0.2346    0.2482    0.2634    0.2772    0.2859
    0.3081    0.3367    0.3376    0.3383    0.3404    0.3584    0.4256    0.4431
    0.4663    0.5102    0.5476    0.5874    0.6072    0.6632    0.6916    0.7292
    0.7693    0.8031    0.8399    0.8533    0.9061    0.9533    0.9715    0.9807
    1.0413    1.0981    1.1076    1.1183    1.1800    1.2386    1.2482    1.2651
    1.3224    1.3774    1.3964    1.4083    1.4623    1.5143    1.5260    1.5204
    1.5580
         2        69
    3.5373    3.5370    3.5370    3.5369    3.5359    3.5342    3.5341    3.5340
    3.5325    3.5302    3.5301    3.5299    3.5281    3.5255    3.5255    3.5254
    3.5246    3.5548    3.5876    3.5981    3.6284    3.6314    3.6312    3.6310
    3.6438    3.6519    3.6514    3.6503    3.6526    3.6584    3.6614    3.6621
    3.7064    3.7512    3.7514    3.8080    3.8295    3.8880    3.9169    3.9304
    3.9495    3.9853    4.0524    4.0816    4.1026    4.1692    4.2019    4.2539
    4.2819    4.3076    4.3771    4.4177    4.4773    4.5338    4.5688    4.5953
    4.6609    4.7238    4.7477    4.7776    4.8333    4.8872    4.9087    4.9550
    5.0035    5.0508    5.0927    5.1209    5.1767
   -0.0000    0.0161    0.0169    0.0177    0.0338    0.0498    0.0506    0.0513
    0.0674    0.0837    0.0843    0.0848    0.1013    0.1182    0.1184    0.1186
    0.1292    0.1473    0.1696    0.1856    0.2197    0.2235    0.2244    0.2254
    0.2570    0.2774    0.2895    0.3051    0.3202    0.3315    0.3581    0.3675
    0.4098    0.4613    0.4616    0.5181    0.5390    0.6005    0.6307    0.6451
    0.6709    0.7223    0.7779    0.7998    0.8153    0.8700    0.8827    0.9011
    0.9247    0.9465    0.9855    1.0044    1.0518    1.0968    1.1163    1.1377
    1.1894    1.2389    1.2583    1.2922    1.3363    1.3791    1.4175    1.4416
    1.4804    1.5182    1.5420    1.5310    1.5664
         3        44
    3.5248    3.5245    3.5244    3.5243    3.5234    3.5218    3.5216    3.5214
    3.5200    3.5181    3.5177    3.5174    3.5159    3.5136    3.5133    3.5129
    3.5118    3.5098    3.5096    3.5093    3.5090    3.5090    3.5486    3.5554
    3.5684    3.5799    3.5849    3.5930    3.5937    3.6133    3.6153    3.6180
    3.6240    3.6286    3.6331    3.6376    3.7035    3.7244    3.7553    3.8007
    3.8275    3.8612    3.8403    3.8349
   -0.0000    0.0146    0.0163    0.0181    0.0327    0.0472    0.0489    0.0506
    0.0652    0.0800    0.0815    0.0831    0.0980    0.1133    0.1145    0.1158
    0.1317    0.1484    0.1489    0.1495    0.1674    0.1678    0.1999    0.2111
    0.2319    0.2482    0.2559    0.2822    0.2833    0.3152    0.3258    0.3430
    0.3637    0.3750    0.4048    0.4091    0.4746    0.4948    0.5253    0.5735
    0.6043    0.6517    0.6775    0.6849
         4        39
    3.4982    3.4980    3.4979    3.4977    3.4969    3.4958    3.4953    3.4948
    3.4938    3.4924    3.4917    3.4910    3.4900    3.4885    3.4875    3.4866
    3.4861    3.4851    3.4841    3.4831    3.4835    3.4832    3.4824    3.4816
    3.4804    3.4781    3.4778    3.4774    3.4793    3.5056    3.5281    3.5391
    3.5582    3.5640    3.5652    3.5672    3.5778    3.5691    3.5603
   -0.0000    0.0117    0.0152    0.0187    0.0304    0.0420    0.0455    0.0489
    0.0606    0.0724    0.0758    0.0791    0.0911    0.1034    0.1064    0.1094
    0.1223    0.1359    0.1384    0.1408    0.1555    0.1715    0.1731    0.1746
    0.1908    0.2082    0.2088    0.2094    0.2204    0.2490    0.2767    0.2986
    0.3324    0.3442    0.3484    0.3563    0.3920    0.4013    0.4103
         5        37
    3.4380    3.4379    3.4377    3.4374    3.4369    3.4363    3.4355    3.4347
    3.4343    3.4338    3.4325    3.4312    3.4311    3.4308    3.4291    3.4273
    3.4279    3.4283    3.4262    3.4240    3.4257    3.4272    3.4248    3.4223
    3.4231    3.4234    3.4208    3.4182    3.4233    3.4280    3.4259    3.4237
    3.4318    3.4393    3.4391    3.4388    3.4272
   -0.0000    0.0066    0.0126    0.0185    0.0251    0.0316    0.0376    0.0435
    0.0501    0.0568    0.0626    0.0684    0.0753    0.0824    0.0880    0.0936
    0.1011    0.1091    0.1144    0.1196    0.1286    0.1383    0.1430    0.1477
    0.1576    0.1684    0.1725    0.1766    0.1914    0.2089    0.2117    0.2145
    0.2365    0.2646    0.2649    0.2652    0.2772
         6        34
    3.2289    3.2288    3.2286    3.2282    3.2277    3.2277    3.2280    3.2273
    3.2265    3.2268    3.2271    3.2261    3.2251    3.2256    3.2262    3.2250
    3.2236    3.2245    3.2255    3.2239    3.2222    3.2232    3.2241    3.2223
    3.2203    3.2223    3.2247    3.2224    3.2200    3.2232    3.2270    3.2243
    3.2214    3.2214
    0.0001    0.0034    0.0068    0.0103    0.0136    0.0136    0.0139    0.0171
    0.0204    0.0206    0.0208    0.0240    0.0272    0.0275    0.0279    0.0310
    0.0342    0.0347    0.0353    0.0385    0.0416    0.0422    0.0430    0.0460
    0.0490    0.0506    0.0525    0.0556    0.0585    0.0614    0.0649    0.0680
    0.0711    0.0711
         3        27
    4.1286    4.1559    4.1701    4.2511    4.2809    4.3545    4.3615    4.4352
    4.4605    4.4851    4.5551    4.6072    4.6461    4.6841    4.7317    4.7897
    4.8110    4.8320    4.8630    4.8744    4.9169    4.9651    4.9744    4.9836
    5.0671    5.1238    5.1717
    0.9786    0.9504    0.9348    0.9612    0.9694    1.0130    1.0166    1.0519
    1.0727    1.0929    1.1334    1.1765    1.2080    1.2386    1.2784    1.3464
    1.3639    1.3812    1.4374    1.4591    1.4826    1.5085    1.5162    1.5238
    1.5736    1.5522    1.5829
         4        15
    4.2702    4.3137    4.3173    4.4259    4.4581    4.5272    4.6048    4.6158
    4.6275    4.6990    4.7500    4.7651    4.7987    4.7846    4.7308
    1.1202    1.0735    1.0696    1.1135    1.1249    1.1672    1.2347    1.2446
    1.2552    1.3178    1.3807    1.4180    1.5107    1.5259    1.5808
         4         9
    4.7818    4.8221    4.8505    4.9140    4.9753    5.0144    5.0747    5.1288
    5.1615
    1.6318    1.5892    1.5583    1.5860    1.6109    1.6357    1.6151    1.5946
    1.6161
         5         6
    4.9283    4.9812    5.0042    5.1276    5.1354    5.1432
    1.7783    1.7238    1.6991    1.6742    1.6723    1.6745
         6         4
    5.1155    5.0784    5.0177    4.9995
    1.7590    1.7671    1.8311    1.8495
    999    999
