 -0.2772E+00  0.3980E+01
 -0.2749E+00  0.4479E+01
 -0.2772E+00  0.3980E+01
 -0.5214E-01  0.3971E+01
 -0.1654E-01  0.4467E+01
 -0.5214E-01  0.3971E+01
  0.1844E+00  0.3946E+01
  0.2534E+00  0.4435E+01
  0.1844E+00  0.3946E+01
  0.4248E+00  0.3904E+01
  0.5262E+00  0.4384E+01
  0.4248E+00  0.3904E+01
  0.6737E+00  0.3842E+01
  0.8058E+00  0.4311E+01
  0.6737E+00  0.3842E+01
  0.9508E+00  0.3753E+01
  0.1112E+01  0.4209E+01
  0.9508E+00  0.3753E+01
  0.1307E+01  0.3611E+01
  0.1501E+01  0.4050E+01
  0.1307E+01  0.3611E+01
  0.1809E+01  0.3355E+01
  0.2046E+01  0.3769E+01
  0.1809E+01  0.3355E+01
  0.2277E+01  0.3055E+01
  0.2547E+01  0.3447E+01
  0.2277E+01  0.3055E+01
  0.2706E+01  0.2741E+01
  0.3005E+01  0.3119E+01
  0.2706E+01  0.2741E+01
  0.3077E+01  0.2425E+01
  0.3426E+01  0.2769E+01
  0.3077E+01  0.2425E+01
  0.3322E+01  0.2143E+01
  0.3716E+01  0.2441E+01
  0.3322E+01  0.2143E+01
  0.3507E+01  0.1868E+01
  0.3936E+01  0.2118E+01
  0.3507E+01  0.1868E+01
  0.3653E+01  0.1575E+01
  0.4111E+01  0.1771E+01
  0.3653E+01  0.1575E+01
  0.3771E+01  0.1242E+01
  0.4249E+01  0.1376E+01
  0.3771E+01  0.1242E+01
  0.3849E+01  0.8574E+00
  0.4337E+01  0.9310E+00
  0.3849E+01  0.8574E+00
  0.3888E+01  0.4646E+00
  0.4377E+01  0.4950E+00
  0.3888E+01  0.4646E+00
  0.3898E+01  0.8366E-01
  0.4386E+01  0.7931E-01
  0.3898E+01  0.8366E-01
  0.3883E+01 -0.2828E+00
  0.4368E+01 -0.3197E+00
  0.3883E+01 -0.2828E+00
  0.3844E+01 -0.6373E+00
  0.4327E+01 -0.7055E+00
  0.3844E+01 -0.6373E+00
  0.3784E+01 -0.9809E+00
  0.4263E+01 -0.1080E+01
  0.3784E+01 -0.9809E+00
  0.3703E+01 -0.1319E+01
  0.4176E+01 -0.1452E+01
  0.3703E+01 -0.1319E+01
  0.3596E+01 -0.1651E+01
  0.4060E+01 -0.1824E+01
  0.3596E+01 -0.1651E+01
  0.3472E+01 -0.1948E+01
  0.3921E+01 -0.2160E+01
  0.3472E+01 -0.1948E+01
  0.3338E+01 -0.2203E+01
  0.3771E+01 -0.2454E+01
  0.3338E+01 -0.2203E+01
  0.3201E+01 -0.2420E+01
  0.3612E+01 -0.2708E+01
  0.3201E+01 -0.2420E+01
  0.3052E+01 -0.2614E+01
  0.3437E+01 -0.2937E+01
  0.3052E+01 -0.2614E+01
  0.2885E+01 -0.2796E+01
  0.3238E+01 -0.3153E+01
  0.2885E+01 -0.2796E+01
  0.2662E+01 -0.2993E+01
  0.2978E+01 -0.3381E+01
  0.2662E+01 -0.2993E+01
  0.2308E+01 -0.3249E+01
  0.2586E+01 -0.3663E+01
  0.2308E+01 -0.3249E+01
  0.1650E+01 -0.3634E+01
  0.1872E+01 -0.4080E+01
  0.1650E+01 -0.3634E+01
  0.1304E+01 -0.3791E+01
  0.1487E+01 -0.4258E+01
  0.1304E+01 -0.3791E+01
  0.1074E+01 -0.3872E+01
  0.1217E+01 -0.4353E+01
  0.1074E+01 -0.3872E+01
  0.8766E+00 -0.3922E+01
  0.9811E+00 -0.4413E+01
  0.8766E+00 -0.3922E+01
  0.6861E+00 -0.3955E+01
  0.7536E+00 -0.4452E+01
  0.6861E+00 -0.3955E+01
  0.4896E+00 -0.3974E+01
  0.5217E+00 -0.4474E+01
  0.4896E+00 -0.3974E+01
  0.2772E+00 -0.3980E+01
  0.2749E+00 -0.4479E+01
  0.2772E+00 -0.3980E+01
  0.5214E-01 -0.3971E+01
  0.1654E-01 -0.4467E+01
  0.5214E-01 -0.3971E+01
 -0.1844E+00 -0.3946E+01
 -0.2534E+00 -0.4435E+01
 -0.1844E+00 -0.3946E+01
 -0.4248E+00 -0.3904E+01
 -0.5262E+00 -0.4384E+01
 -0.4248E+00 -0.3904E+01
 -0.6737E+00 -0.3842E+01
 -0.8058E+00 -0.4311E+01
 -0.6737E+00 -0.3842E+01
 -0.9508E+00 -0.3753E+01
 -0.1112E+01 -0.4209E+01
 -0.9508E+00 -0.3753E+01
 -0.1307E+01 -0.3611E+01
 -0.1501E+01 -0.4050E+01
 -0.1307E+01 -0.3611E+01
 -0.1809E+01 -0.3355E+01
 -0.2046E+01 -0.3769E+01
 -0.1809E+01 -0.3355E+01
 -0.2277E+01 -0.3055E+01
 -0.2547E+01 -0.3447E+01
 -0.2277E+01 -0.3055E+01
 -0.2706E+01 -0.2741E+01
 -0.3005E+01 -0.3119E+01
 -0.2706E+01 -0.2741E+01
 -0.3077E+01 -0.2425E+01
 -0.3426E+01 -0.2769E+01
 -0.3077E+01 -0.2425E+01
 -0.3322E+01 -0.2143E+01
 -0.3716E+01 -0.2441E+01
 -0.3322E+01 -0.2143E+01
 -0.3507E+01 -0.1868E+01
 -0.3936E+01 -0.2118E+01
 -0.3507E+01 -0.1868E+01
 -0.3653E+01 -0.1575E+01
 -0.4111E+01 -0.1771E+01
 -0.3653E+01 -0.1575E+01
 -0.3771E+01 -0.1242E+01
 -0.4249E+01 -0.1376E+01
 -0.3771E+01 -0.1242E+01
 -0.3849E+01 -0.8574E+00
 -0.4337E+01 -0.9310E+00
 -0.3849E+01 -0.8574E+00
 -0.3888E+01 -0.4646E+00
 -0.4377E+01 -0.4950E+00
 -0.3888E+01 -0.4646E+00
 -0.3898E+01 -0.8366E-01
 -0.4386E+01 -0.7230E-01
 -0.3898E+01 -0.8366E-01
 -0.3883E+01  0.2828E+00
 -0.4368E+01  0.3130E+00
 -0.3883E+01  0.2828E+00
 -0.3844E+01  0.6373E+00
 -0.4327E+01  0.7055E+00
 -0.3844E+01  0.6373E+00
 -0.3784E+01  0.9809E+00
 -0.4263E+01  0.1080E+01
 -0.3784E+01  0.9809E+00
 -0.3703E+01  0.1319E+01
 -0.4176E+01  0.1452E+01
 -0.3703E+01  0.1319E+01
 -0.3596E+01  0.1651E+01
 -0.4060E+01  0.1824E+01
 -0.3596E+01  0.1651E+01
 -0.3472E+01  0.1948E+01
 -0.3921E+01  0.2160E+01
 -0.3472E+01  0.1948E+01
 -0.3338E+01  0.2203E+01
 -0.3771E+01  0.2454E+01
 -0.3338E+01  0.2203E+01
 -0.3201E+01  0.2420E+01
 -0.3612E+01  0.2708E+01
 -0.3201E+01  0.2420E+01
 -0.3052E+01  0.2614E+01
 -0.3437E+01  0.2937E+01
 -0.3052E+01  0.2614E+01
 -0.2885E+01  0.2796E+01
 -0.3238E+01  0.3153E+01
 -0.2885E+01  0.2796E+01
 -0.2662E+01  0.2993E+01
 -0.2978E+01  0.3381E+01
 -0.2662E+01  0.2993E+01
 -0.2308E+01  0.3249E+01
 -0.2586E+01  0.3663E+01
 -0.2308E+01  0.3249E+01
 -0.1650E+01  0.3634E+01
 -0.1872E+01  0.4080E+01
 -0.1650E+01  0.3634E+01
 -0.1304E+01  0.3791E+01
 -0.1487E+01  0.4258E+01
 -0.1304E+01  0.3791E+01
 -0.1074E+01  0.3872E+01
 -0.1217E+01  0.4353E+01
 -0.1074E+01  0.3872E+01
 -0.8766E+00  0.3922E+01
 -0.9811E+00  0.4413E+01
 -0.8766E+00  0.3922E+01
 -0.6861E+00  0.3955E+01
 -0.7536E+00  0.4452E+01
 -0.6861E+00  0.3955E+01
 -0.4896E+00  0.3974E+01
 -0.5217E+00  0.4474E+01
 -0.4896E+00  0.3974E+01
 -0.2772E+00  0.3980E+01
   -   -   
