 -0.2772E+00  0.3980E+01
 -0.2770E+00  0.4479E+01
 -0.2772E+00  0.3980E+01
 -0.5214E-01  0.3971E+01
 -0.8990E-02  0.4466E+01
 -0.5214E-01  0.3971E+01
  0.1844E+00  0.3946E+01
  0.2701E+00  0.4432E+01
  0.1844E+00  0.3946E+01
  0.4248E+00  0.3904E+01
  0.5518E+00  0.4378E+01
  0.4248E+00  0.3904E+01
  0.6737E+00  0.3842E+01
  0.8403E+00  0.4300E+01
  0.6737E+00  0.3842E+01
  0.9508E+00  0.3753E+01
  0.1155E+01  0.4192E+01
  0.9508E+00  0.3753E+01
  0.1307E+01  0.3611E+01
  0.1547E+01  0.4027E+01
  0.1307E+01  0.3611E+01
  0.1809E+01  0.3355E+01
  0.2082E+01  0.3746E+01
  0.1809E+01  0.3355E+01
  0.2277E+01  0.3055E+01
  0.2584E+01  0.3420E+01
  0.2277E+01  0.3055E+01
  0.2706E+01  0.2741E+01
  0.3047E+01  0.3082E+01
  0.2706E+01  0.2741E+01
  0.3077E+01  0.2425E+01
  0.3452E+01  0.2740E+01
  0.3077E+01  0.2425E+01
  0.3322E+01  0.2143E+01
  0.3727E+01  0.2426E+01
  0.3322E+01  0.2143E+01
  0.3507E+01  0.1868E+01
  0.3937E+01  0.2116E+01
  0.3507E+01  0.1868E+01
  0.3653E+01  0.1575E+01
  0.4104E+01  0.1785E+01
  0.3653E+01  0.1575E+01
  0.3771E+01  0.1242E+01
  0.4238E+01  0.1411E+01
  0.3771E+01  0.1242E+01
  0.3849E+01  0.8574E+00
  0.4326E+01  0.9850E+00
  0.3849E+01  0.8574E+00
  0.3888E+01  0.4646E+00
  0.4370E+01  0.5497E+00
  0.3888E+01  0.4646E+00
  0.3898E+01  0.8366E-01
  0.4384E+01  0.1262E+00
  0.3898E+01  0.8366E-01
  0.3883E+01 -0.2828E+00
  0.4369E+01 -0.2825E+00
  0.3883E+01 -0.2828E+00
  0.3844E+01 -0.6373E+00
  0.4330E+01 -0.6794E+00
  0.3844E+01 -0.6373E+00
  0.3784E+01 -0.9809E+00
  0.4266E+01 -0.1065E+01
  0.3784E+01 -0.9809E+00
  0.3703E+01 -0.1319E+01
  0.4178E+01 -0.1446E+01
  0.3703E+01 -0.1319E+01
  0.3596E+01 -0.1651E+01
  0.4061E+01 -0.1821E+01
  0.3596E+01 -0.1651E+01
  0.3472E+01 -0.1948E+01
  0.3923E+01 -0.2158E+01
  0.3472E+01 -0.1948E+01
  0.3338E+01 -0.2203E+01
  0.3771E+01 -0.2453E+01
  0.3338E+01 -0.2203E+01
  0.3201E+01 -0.2420E+01
  0.3612E+01 -0.2708E+01
  0.3201E+01 -0.2420E+01
  0.3052E+01 -0.2614E+01
  0.3437E+01 -0.2937E+01
  0.3052E+01 -0.2614E+01
  0.2885E+01 -0.2796E+01
  0.3240E+01 -0.3151E+01
  0.2885E+01 -0.2796E+01
  0.2662E+01 -0.2993E+01
  0.2984E+01 -0.3377E+01
  0.2662E+01 -0.2993E+01
  0.2308E+01 -0.3249E+01
  0.2594E+01 -0.3657E+01
  0.2308E+01 -0.3249E+01
  0.1650E+01 -0.3634E+01
  0.1899E+01 -0.4065E+01
  0.1650E+01 -0.3634E+01
  0.1304E+01 -0.3791E+01
  0.1516E+01 -0.4245E+01
  0.1304E+01 -0.3791E+01
  0.1074E+01 -0.3872E+01
  0.1246E+01 -0.4343E+01
  0.1074E+01 -0.3872E+01
  0.8766E+00 -0.3922E+01
  0.1007E+01 -0.4407E+01
  0.8766E+00 -0.3922E+01
  0.6861E+00 -0.3955E+01
  0.7734E+00 -0.4449E+01
  0.6861E+00 -0.3955E+01
  0.4896E+00 -0.3974E+01
  0.5334E+00 -0.4473E+01
  0.4896E+00 -0.3974E+01
  0.2772E+00 -0.3980E+01
  0.2770E+00 -0.4479E+01
  0.2772E+00 -0.3980E+01
  0.5214E-01 -0.3971E+01
  0.8990E-02 -0.4466E+01
  0.5214E-01 -0.3971E+01
 -0.1844E+00 -0.3946E+01
 -0.2701E+00 -0.4432E+01
 -0.1844E+00 -0.3946E+01
 -0.4248E+00 -0.3904E+01
 -0.5518E+00 -0.4378E+01
 -0.4248E+00 -0.3904E+01
 -0.6737E+00 -0.3842E+01
 -0.8403E+00 -0.4300E+01
 -0.6737E+00 -0.3842E+01
 -0.9508E+00 -0.3753E+01
 -0.1155E+01 -0.4192E+01
 -0.9508E+00 -0.3753E+01
 -0.1307E+01 -0.3611E+01
 -0.1547E+01 -0.4027E+01
 -0.1307E+01 -0.3611E+01
 -0.1809E+01 -0.3355E+01
 -0.2082E+01 -0.3746E+01
 -0.1809E+01 -0.3355E+01
 -0.2277E+01 -0.3055E+01
 -0.2584E+01 -0.3420E+01
 -0.2277E+01 -0.3055E+01
 -0.2706E+01 -0.2741E+01
 -0.3047E+01 -0.3082E+01
 -0.2706E+01 -0.2741E+01
 -0.3077E+01 -0.2425E+01
 -0.3452E+01 -0.2740E+01
 -0.3077E+01 -0.2425E+01
 -0.3322E+01 -0.2143E+01
 -0.3727E+01 -0.2426E+01
 -0.3322E+01 -0.2143E+01
 -0.3507E+01 -0.1868E+01
 -0.3937E+01 -0.2116E+01
 -0.3507E+01 -0.1868E+01
 -0.3653E+01 -0.1575E+01
 -0.4104E+01 -0.1785E+01
 -0.3653E+01 -0.1575E+01
 -0.3771E+01 -0.1242E+01
 -0.4238E+01 -0.1411E+01
 -0.3771E+01 -0.1242E+01
 -0.3849E+01 -0.8574E+00
 -0.4326E+01 -0.9850E+00
 -0.3849E+01 -0.8574E+00
 -0.3888E+01 -0.4646E+00
 -0.4370E+01 -0.5497E+00
 -0.3888E+01 -0.4646E+00
 -0.3898E+01 -0.8366E-01
 -0.4384E+01 -0.1262E+00
 -0.3898E+01 -0.8366E-01
 -0.3883E+01  0.2828E+00
 -0.4369E+01  0.2825E+00
 -0.3883E+01  0.2828E+00
 -0.3844E+01  0.6373E+00
 -0.4330E+01  0.6794E+00
 -0.3844E+01  0.6373E+00
 -0.3784E+01  0.9809E+00
 -0.4266E+01  0.1065E+01
 -0.3784E+01  0.9809E+00
 -0.3703E+01  0.1319E+01
 -0.4178E+01  0.1446E+01
 -0.3703E+01  0.1319E+01
 -0.3596E+01  0.1651E+01
 -0.4061E+01  0.1821E+01
 -0.3596E+01  0.1651E+01
 -0.3472E+01  0.1948E+01
 -0.3923E+01  0.2158E+01
 -0.3472E+01  0.1948E+01
 -0.3338E+01  0.2203E+01
 -0.3771E+01  0.2453E+01
 -0.3338E+01  0.2203E+01
 -0.3201E+01  0.2420E+01
 -0.3612E+01  0.2708E+01
 -0.3201E+01  0.2420E+01
 -0.3052E+01  0.2614E+01
 -0.3437E+01  0.2937E+01
 -0.3052E+01  0.2614E+01
 -0.2885E+01  0.2796E+01
 -0.3240E+01  0.3151E+01
 -0.2885E+01  0.2796E+01
 -0.2662E+01  0.2993E+01
 -0.2984E+01  0.3377E+01
 -0.2662E+01  0.2993E+01
 -0.2308E+01  0.3249E+01
 -0.2594E+01  0.3657E+01
 -0.2308E+01  0.3249E+01
 -0.1650E+01  0.3634E+01
 -0.1899E+01  0.4065E+01
 -0.1650E+01  0.3634E+01
 -0.1304E+01  0.3791E+01
 -0.1516E+01  0.4245E+01
 -0.1304E+01  0.3791E+01
 -0.1074E+01  0.3872E+01
 -0.1246E+01  0.4343E+01
 -0.1074E+01  0.3872E+01
 -0.8766E+00  0.3922E+01
 -0.1007E+01  0.4407E+01
 -0.8766E+00  0.3922E+01
 -0.6861E+00  0.3955E+01
 -0.7734E+00  0.4449E+01
 -0.6861E+00  0.3955E+01
 -0.4896E+00  0.3974E+01
 -0.5334E+00  0.4473E+01
 -0.4896E+00  0.3974E+01
 -0.2772E+00  0.3980E+01
   -   -   
