
 **** INPUT FILE VPSC.IN FOR THIS RUN ****
1                          number of elements (nelem)                                                                             
1                          number of phases (nph)                                                                                 
1.0  0.0                   relative vol. fract. of phases (wph(i))                                                                
*INFORMATION ABOUT PHASE #1                                                                                                       
0   0   20                    grain shape contrl, fragmentn, crit aspect ratio                                                    
1.0  1.0  1.0                 initial ellipsoid ratios (dummy if ishape=4)                                                        
0.0  0.0  0.0                 init Eul ang ellips axes (dummy if ishape=3,4)                                                      
* name and path of texture file (filetext)                                                                                        
ex04_bcc\rand500.tex                                                                                                              
* name and path of single crystal file (filecrys)                                                                                 
ex04_bcc\fe.sxb                                                                                                                   
* name and path of grain shape file (dummy if ishape=0) (fileaxes)                                                                
dummy                                                                                                                             
* name and path of diffraction file (dummy if idiff=0)                                                                            
0                                                                                                                                 
dummy                                                                                                                             
*PRECISION SETTINGS FOR CONVERGENCE PROCEDURES (default values)                                                                   
0.001 0.001 0.001 0.001    errs,errd,errm,errso                                                                                   
100 100  25     itmax:   max # of iter, external, internal and SO loops                                                           
0  2  10  2   irsvar & irsini,irsfin,irstep (dummy if irsvar=0)                                                                   
*INPUT/OUTPUT SETTINGS FOR THE RUN (default is zero)                                                                              
0              irecover:read grain states from POSTMORT.IN (1) or not (0)?                                                        
0              isave:   write grain states in POSTMORT.OUT at step 'isave'?                                                       
1              icubcomp:calculate fcc rolling components?                                                                         
0              nwrite (frequency of texture downloads)                                                                            
*MODELING CONDITIONS FOR THE RUN                                                                                                  
1              interaction (0:FC,1:affine,2:secant,3:neff=10,4:tangent,5:SO)                                                      
1  1  1        iupdate: update orient, grain shape, hardening                                                                     
0              nneigh (0 for no neighbors, 1 for pairs, etc.)                                                                     
0              iflu (0: don't calc, 1: calc fluctuations)                                                                         
*NUMBER OF PROCESSES (COMBINATION OF UNIFORM OR VARIABLE LOAD,PCYS,LANKFORD)                                                      
3                                                                                                                                 
*IVGVAR AND PATH\NAME OF FILE OR STRESS SUBSPACE OR ANGULAR INCREMENT                                                             
0         ivgvar=0 will run a monotonic strain path                                                                               
ex04_bcc\rolling                                                                                                                  
2         ivgvar=2 will calculate PCYS at the end                                                                                 
1 2             -->   section of stress space                                                                                     
3         ivgvar=3 will calculate Lankford coefficients at the end                                                                
10              -->   angular increment for tensile probing                                                                       


 **** CRYSTAL DATA FILE ****
Iron ELASTIC CONSTANTS AND 'NO-HARDENING' PARAMETERS                                                                              
CUBIC             crysym                                                                                                          
   1.   1.   1.    90.   90.   90.   unit cell axes and angles                                                                    
Elastic stiffness for Fe at 300K [GPa] (Simmons and Huang)                                                                        
 233.0   135.0   135.0   000.0   000.0   000.0                                                                                    
 135.0   233.0   135.0   000.0   000.0   000.0                                                                                    
 135.0   135.0   233.0   000.0   000.0   000.0                                                                                    
 000.0   000.0   000.0   117.0   000.0   000.0                                                                                    
 000.0   000.0   000.0   000.0   117.0   000.0                                                                                    
 000.0   000.0   000.0   000.0   000.0   117.0                                                                                    
*Thermal expansion coefficients (single crystal in crystal axis):                                                                 
  0.0e-6   0.0e-6   0.0e-6   0.0e0   0.0e0   0.0e0                                                                                
INFORMATION ABOUT SLIP AND TWIN SYSTEMS                                                                                           
   3              nmodesx (total # of modes listed in the file)                                                                   
   3              nmodes  (# of modes to be used in the calculation)                                                              
   1  2  3      mode(i) (label of the modes to be used)                                                                           
   {110}<111> SLIP                                                                                                                
 1  12  1   0                       modex,nsmx,iopsysx,itwtypex                                                                   
    0    1    1     1    1   -1       slip (n-b)                                                                                  
    1    0    1     1    1   -1                                                                                                   
    1   -1    0     1    1   -1                                                                                                   
    0    1   -1     1   -1   -1                                                                                                   
    1    0    1     1   -1   -1                                                                                                   
    1    1    0     1   -1   -1                                                                                                   
    0    1    1     1   -1    1                                                                                                   
    1    0   -1     1   -1    1                                                                                                   
    1    1    0     1   -1    1                                                                                                   
    0    1   -1     1    1    1                                                                                                   
    1    0   -1     1    1    1                                                                                                   
    1   -1    0     1    1    1                                                                                                   
   {112}<111> SLIP                                                                                                                
   2  12  1   0                       modex,nsmx,iopsysx,itwtypex                                                                 
   -2    1   -1    -1   -1    1       slip (n-b)                                                                                  
    1   -2   -1    -1   -1    1                                                                                                   
    1    1    2    -1   -1    1                                                                                                   
   -2   -1   -1    -1    1    1                                                                                                   
    1    2   -1    -1    1    1                                                                                                   
    1   -1    2    -1    1    1                                                                                                   
    2    1   -1     1   -1    1                                                                                                   
   -1   -2   -1     1   -1    1                                                                                                   
   -1    1    2     1   -1    1                                                                                                   
    2   -1   -1     1    1    1                                                                                                   
   -1    2   -1     1    1    1                                                                                                   
   -1   -1    2     1    1    1                                                                                                   
   {123}<111> SLIP                                                                                                                
 3  24  1   0                       modex,nsmx,iopsysx,itwtypex                                                                   
    1    2    3     1    1   -1       slip (n-b)                                                                                  
   -1    3    2     1    1   -1                                                                                                   
    2    1    3     1    1   -1                                                                                                   
   -2    3    1     1    1   -1                                                                                                   
    3   -1    2     1    1   -1                                                                                                   
    3   -2    1     1    1   -1                                                                                                   
   -1    2   -3     1   -1   -1                                                                                                   
    1    3   -2     1   -1   -1                                                                                                   
    2   -1    3     1   -1   -1                                                                                                   
    2    3   -1     1   -1   -1                                                                                                   
    3    1    2     1   -1   -1                                                                                                   
    3    2    1     1   -1   -1                                                                                                   
    1   -2   -3     1   -1    1                                                                                                   
    1    3    2     1   -1    1                                                                                                   
    2   -1   -3     1   -1    1                                                                                                   
    2    3    1     1   -1    1                                                                                                   
    3    1   -2     1   -1    1                                                                                                   
    3    2   -1     1   -1    1                                                                                                   
    1    2   -3     1    1    1                                                                                                   
    1   -3    2     1    1    1                                                                                                   
    2    1   -3     1    1    1                                                                                                   
    2   -3    1     1    1    1                                                                                                   
   -3    1    2     1    1    1                                                                                                   
   -3    2    1     1    1    1                                                                                                   
*Constitutive law                                                                                                                 
   0      Voce=0, MTS=1                                                                                                           
   1      iratesens (0:rate insensitive, 1:rate sensitive)                                                                        
   50     grsze --> grain size only matters if HPfactor is non-zero                                                               
   {110}<111> SLIP -------------------------------------------                                                                    
 20                               nrsx                                                                                            
 2.0   0.0   0.0   0.0   0.        tau0x,tau1x,thet0,thet1, hpfac                                                                 
 1.0    1.0   1.0                     hlatex(1,im),im=1,nmodes                                                                    
 {112}<111> SLIP -------------------------------------------                                                                      
 20                               nrsx                                                                                            
 2.0   0.0   0.0   0.0   0.        tau0x,tau1x,thet0,thet1, hpfac                                                                 
 1.0    1.0   1.0                     hlatex(1,im),im=1,nmodes                                                                    
 {123}<111> SLIP -------------------------------------------                                                                      
 20                               nrsx                                                                                            
 2.0   0.0   0.0   0.0   0.        tau0x,tau1x,thet0,thet1, hpfac                                                                 
 1.0    1.0    1.0                    hlatex(1,im),im=1,nmodes                                                                    
**** END OF CRYSTAL DATA FILE ****


 CHECKING THAT CELCC*SELCC-ID6=0   0.2220446E-15
 *********** PHASE   1
 RANDOM PX BULK & POISSON MODULI     167.667       0.273
 RANDOM PX ELASTIC CTES C11, C12, C44     287.400     107.800      89.800

 INSIDE SUBROUTINE DATA_CRYSTAL
 SHEAR MODULUS FOR MODE  1 IN PHASE  1 IS      71.667
 N & B FOR MODE  1 IN PHASE  1
     0.000     0.707     0.707        0.577     0.577    -0.577
     0.707     0.000     0.707        0.577     0.577    -0.577
     0.707    -0.707     0.000        0.577     0.577    -0.577
     0.000     0.707    -0.707        0.577    -0.577    -0.577
     0.707     0.000     0.707        0.577    -0.577    -0.577
     0.707     0.707     0.000        0.577    -0.577    -0.577
     0.000     0.707     0.707        0.577    -0.577     0.577
     0.707     0.000    -0.707        0.577    -0.577     0.577
     0.707     0.707     0.000        0.577    -0.577     0.577
     0.000     0.707    -0.707        0.577     0.577     0.577
     0.707     0.000    -0.707        0.577     0.577     0.577
     0.707    -0.707     0.000        0.577     0.577     0.577
 SHEAR MODULUS FOR MODE  2 IN PHASE  1 IS      71.667
 N & B FOR MODE  2 IN PHASE  1
    -0.816     0.408    -0.408       -0.577    -0.577     0.577
     0.408    -0.816    -0.408       -0.577    -0.577     0.577
     0.408     0.408     0.816       -0.577    -0.577     0.577
    -0.816    -0.408    -0.408       -0.577     0.577     0.577
     0.408     0.816    -0.408       -0.577     0.577     0.577
     0.408    -0.408     0.816       -0.577     0.577     0.577
     0.816     0.408    -0.408        0.577    -0.577     0.577
    -0.408    -0.816    -0.408        0.577    -0.577     0.577
    -0.408     0.408     0.816        0.577    -0.577     0.577
     0.816    -0.408    -0.408        0.577     0.577     0.577
    -0.408     0.816    -0.408        0.577     0.577     0.577
    -0.408    -0.408     0.816        0.577     0.577     0.577
 SHEAR MODULUS FOR MODE  3 IN PHASE  1 IS      71.667
 N & B FOR MODE  3 IN PHASE  1
     0.267     0.535     0.802        0.577     0.577    -0.577
    -0.267     0.802     0.535        0.577     0.577    -0.577
     0.535     0.267     0.802        0.577     0.577    -0.577
    -0.535     0.802     0.267        0.577     0.577    -0.577
     0.802    -0.267     0.535        0.577     0.577    -0.577
     0.802    -0.535     0.267        0.577     0.577    -0.577
    -0.267     0.535    -0.802        0.577    -0.577    -0.577
     0.267     0.802    -0.535        0.577    -0.577    -0.577
     0.535    -0.267     0.802        0.577    -0.577    -0.577
     0.535     0.802    -0.267        0.577    -0.577    -0.577
     0.802     0.267     0.535        0.577    -0.577    -0.577
     0.802     0.535     0.267        0.577    -0.577    -0.577
     0.267    -0.535    -0.802        0.577    -0.577     0.577
     0.267     0.802     0.535        0.577    -0.577     0.577
     0.535    -0.267    -0.802        0.577    -0.577     0.577
     0.535     0.802     0.267        0.577    -0.577     0.577
     0.802     0.267    -0.535        0.577    -0.577     0.577
     0.802     0.535    -0.267        0.577    -0.577     0.577
     0.267     0.535    -0.802        0.577     0.577     0.577
     0.267    -0.802     0.535        0.577     0.577     0.577
     0.535     0.267    -0.802        0.577     0.577     0.577
     0.535    -0.802     0.267        0.577     0.577     0.577
    -0.802     0.267     0.535        0.577     0.577     0.577
    -0.802     0.535     0.267        0.577     0.577     0.577

 **** CRYST TEXTURE (FIRST FEW LINES) ****
dummy                                                                                                                             
dummy                                                                                                                             
random texture generated by RANDTEXT.FOR (23/01/97)                                                                               
B   500                                                                                                                           
    102.74    119.56     33.65  1.0                                                                                               
    219.06     36.21     70.51  1.0                                                                                               
    166.66     28.59     45.80  1.0                                                                                               
    149.74     86.13     38.68  1.0                                                                                               
    143.88     72.50      9.75  1.0                                                                                               
     27.71      7.88    225.69  1.0                                                                                               
     10.26     81.59    324.82  1.0                                                                                               
    213.21    156.91    352.41  1.0                                                                                               
    313.75     60.06    131.59  1.0                                                                                               
    283.74    137.64    213.65  1.0                                                                                               
    329.59    158.18    298.33  1.0                                                                                               
     61.37    171.68    104.65  1.0                                                                                               
     44.90     68.33     40.28  1.0                                                                                               
     29.40    114.77    163.14  1.0                                                                                               
     56.39    115.89    341.90  1.0                                                                                               
    271.21     76.66    171.67  1.0                                                                                               
    .........................
 **** END OF CRYST TEXTURE DATA FILE ****


 UB THERMAL TENSOR (VOIGT NOTATION)
  0.0000E+00  0.0000E+00  0.0000E+00  0.0000E+00  0.0000E+00  0.0000E+00

 UB ELASTIC STIFFNESS (VOIGT NOTATION)
  0.2877E+03  0.1070E+03  0.1082E+03  0.1232E+00  0.1088E+01  0.4447E+00
  0.1070E+03  0.2882E+03  0.1078E+03 -0.8675E+00  0.9914E-01 -0.5765E+00
  0.1082E+03  0.1078E+03  0.2870E+03  0.7443E+00 -0.1187E+01  0.1318E+00
  0.1232E+00 -0.8675E+00  0.7443E+00  0.8976E+02  0.1318E+00  0.9914E-01
  0.1088E+01  0.9914E-01 -0.1187E+01  0.1318E+00  0.9023E+02  0.1232E+00
  0.4447E+00 -0.5765E+00  0.1318E+00  0.9914E-01  0.1232E+00  0.8902E+02

 LB THERMAL TENSOR (VOIGT NOTATION)
  0.0000E+00  0.0000E+00  0.0000E+00  0.0000E+00  0.0000E+00  0.0000E+00

 LB ELASTIC STIFFNESS (VOIGT NOTATION)
  0.2683E+03  0.1167E+03  0.1179E+03  0.1308E+00  0.1080E+01  0.4408E+00
  0.1167E+03  0.2688E+03  0.1175E+03 -0.8623E+00  0.9139E-01 -0.5698E+00
  0.1179E+03  0.1175E+03  0.2676E+03  0.7315E+00 -0.1171E+01  0.1290E+00
  0.1308E+00 -0.8623E+00  0.7315E+00  0.7520E+02  0.1257E+00  0.1013E+00
  0.1080E+01  0.9139E-01 -0.1171E+01  0.1257E+00  0.7568E+02  0.1231E+00
  0.4408E+00 -0.5698E+00  0.1290E+00  0.1013E+00  0.1231E+00  0.7448E+02


*** LOAD CONDITIONS FOR THIS RUN
  50   3   0.02    298.  298.        nsteps  ictrl  eqincr  temp_ini   temp_fin                                                   
* boundary conditions                                                                                                             
    1       1       1           iudot    |    flag for vel.grad.                                                                  
    1       1       1                    |    (0:unknown-1:known)                                                                 
    1       1       1                    |                                                                                        
                                         |                                                                                        
    1.0     0.      0.          udot     |    vel.grad                                                                            
    0.      0.00    0.                   |                                                                                        
    0.      0.     -1.0                  |                                                                                        
                                         |                                                                                        
    0       0       0           iscau    |    flag for Cauchy                                                                     
            0       0                    |                                                                                        
                    0                    |                                                                                        
                                         |                                                                                        
    0.      0.      0.          scauchy  |    Cauchy stress                                                                       
            0.      0.                   |                                                                                        
                    0.                   @                                                                                        
                                                                                                                                 

*******   STEP   1      *** AFFINE CALCULATION                 
    7   0.644E-03   0.183E-03   0.336E-03

*******   STEP   2      *** AFFINE CALCULATION                 
   10   0.625E-04   0.950E-05   0.163E-04

*******   STEP   3      *** AFFINE CALCULATION                 
    5   0.290E-03   0.193E-03   0.468E-03

*******   STEP   4      *** AFFINE CALCULATION                 
    5   0.321E-03   0.208E-03   0.856E-03

*******   STEP   5      *** AFFINE CALCULATION                 
    5   0.309E-03   0.169E-03   0.340E-03

*******   STEP   6      *** AFFINE CALCULATION                 
    5   0.326E-03   0.153E-03   0.334E-03

*******   STEP   7      *** AFFINE CALCULATION                 
    5   0.350E-03   0.141E-03   0.395E-03

*******   STEP   8      *** AFFINE CALCULATION                 
    5   0.366E-03   0.150E-03   0.683E-03

*******   STEP   9      *** AFFINE CALCULATION                 
    5   0.364E-03   0.152E-03   0.792E-03

*******   STEP  10      *** AFFINE CALCULATION                 
    5   0.352E-03   0.145E-03   0.801E-03

*******   STEP  11      *** AFFINE CALCULATION                 
    5   0.333E-03   0.154E-03   0.958E-03

*******   STEP  12      *** AFFINE CALCULATION                 
    5   0.326E-03   0.103E-03   0.125E-03

*******   STEP  13      *** AFFINE CALCULATION                 
    6   0.139E-03   0.191E-04   0.119E-03

*******   STEP  14      *** AFFINE CALCULATION                 
    5   0.329E-03   0.986E-04   0.405E-03

*******   STEP  15      *** AFFINE CALCULATION                 
    5   0.321E-03   0.878E-04   0.409E-03

*******   STEP  16      *** AFFINE CALCULATION                 
    5   0.308E-03   0.737E-04   0.360E-03

*******   STEP  17      *** AFFINE CALCULATION                 
    5   0.286E-03   0.668E-04   0.319E-03

*******   STEP  18      *** AFFINE CALCULATION                 
    5   0.272E-03   0.570E-04   0.248E-03

*******   STEP  19      *** AFFINE CALCULATION                 
    5   0.265E-03   0.516E-04   0.203E-03

*******   STEP  20      *** AFFINE CALCULATION                 
    5   0.258E-03   0.536E-04   0.194E-03

*******   STEP  21      *** AFFINE CALCULATION                 
    5   0.251E-03   0.558E-04   0.184E-03

*******   STEP  22      *** AFFINE CALCULATION                 
    6   0.152E-03   0.463E-04   0.410E-03

*******   STEP  23      *** AFFINE CALCULATION                 
    6   0.138E-03   0.198E-04   0.144E-03

*******   STEP  24      *** AFFINE CALCULATION                 
    6   0.140E-03   0.276E-04   0.250E-03

*******   STEP  25      *** AFFINE CALCULATION                 
    6   0.183E-03   0.116E-03   0.999E-03

*******   STEP  26      *** AFFINE CALCULATION                 
    6   0.152E-03   0.742E-04   0.656E-03

*******   STEP  27      *** AFFINE CALCULATION                 
    6   0.152E-03   0.826E-04   0.707E-03

*******   STEP  28      *** AFFINE CALCULATION                 
    6   0.144E-03   0.723E-04   0.618E-03

*******   STEP  29      *** AFFINE CALCULATION                 
    6   0.144E-03   0.723E-04   0.620E-03

*******   STEP  30      *** AFFINE CALCULATION                 
    6   0.145E-03   0.718E-04   0.623E-03

*******   STEP  31      *** AFFINE CALCULATION                 
    6   0.146E-03   0.733E-04   0.637E-03

*******   STEP  32      *** AFFINE CALCULATION                 
    6   0.146E-03   0.739E-04   0.642E-03

*******   STEP  33      *** AFFINE CALCULATION                 
    6   0.146E-03   0.742E-04   0.647E-03

*******   STEP  34      *** AFFINE CALCULATION                 
    6   0.145E-03   0.736E-04   0.641E-03

*******   STEP  35      *** AFFINE CALCULATION                 
    6   0.142E-03   0.718E-04   0.622E-03

*******   STEP  36      *** AFFINE CALCULATION                 
    6   0.138E-03   0.693E-04   0.596E-03

*******   STEP  37      *** AFFINE CALCULATION                 
    6   0.135E-03   0.669E-04   0.574E-03

*******   STEP  38      *** AFFINE CALCULATION                 
    6   0.133E-03   0.651E-04   0.562E-03

*******   STEP  39      *** AFFINE CALCULATION                 
    6   0.133E-03   0.637E-04   0.554E-03

*******   STEP  40      *** AFFINE CALCULATION                 
    6   0.131E-03   0.619E-04   0.543E-03

*******   STEP  41      *** AFFINE CALCULATION                 
    6   0.129E-03   0.594E-04   0.525E-03

*******   STEP  42      *** AFFINE CALCULATION                 
    6   0.126E-03   0.563E-04   0.501E-03

*******   STEP  43      *** AFFINE CALCULATION                 
    6   0.123E-03   0.527E-04   0.472E-03

*******   STEP  44      *** AFFINE CALCULATION                 
    6   0.119E-03   0.486E-04   0.441E-03

*******   STEP  45      *** AFFINE CALCULATION                 
    6   0.116E-03   0.440E-04   0.406E-03

*******   STEP  46      *** AFFINE CALCULATION                 
    6   0.113E-03   0.391E-04   0.370E-03

*******   STEP  47      *** AFFINE CALCULATION                 
    6   0.110E-03   0.339E-04   0.331E-03

*******   STEP  48      *** AFFINE CALCULATION                 
    6   0.113E-03   0.130E-03   0.440E-03

*******   STEP  49      *** AFFINE CALCULATION                 
    6   0.114E-03   0.331E-04   0.336E-03

*******   STEP  50      *** AFFINE CALCULATION                 
    5   0.191E-03   0.113E-03   0.878E-03

*******   STEP  51      *** AFFINE CALCULATION                 
    5   0.183E-03   0.101E-03   0.786E-03

 ******* STARTS A PCYS CALCULATION *******

 CENTRO-SYMMETRIC YIELD SURFACE

NORM OF STRAIN-RATE PROBES IS HARDWIRED TO  0.100E+01

WILL CALCULATE A   1   2   PCYS PROJECTION
 INDICES OF THE COMPONENTS DEFINING STRESS SPACE
    1 = (S22-S11)/SQRT(2)
    2 = (2*S33-S22-S11)/SQRT(6)
    3 = S23*SQRT(2)
    4 = S13*SQRT(2)
    5 = S12*SQRT(2)


*******   STEP   1      *** AFFINE CALCULATION                 
 step & DBAR in PCYS    1    0.0000    1.0000    0.0000    0.0000    0.0000
   10   0.115E-03   0.171E-03   0.676E-03

*******   STEP   2      *** AFFINE CALCULATION                 
 step & DBAR in PCYS    2    0.0872    0.9962    0.0000    0.0000    0.0000
   11   0.138E-03   0.178E-03   0.780E-03

*******   STEP   3      *** AFFINE CALCULATION                 
 step & DBAR in PCYS    3    0.1736    0.9848    0.0000    0.0000    0.0000
   10   0.164E-03   0.149E-03   0.574E-03

*******   STEP   4      *** AFFINE CALCULATION                 
 step & DBAR in PCYS    4    0.2588    0.9659    0.0000    0.0000    0.0000
    9   0.278E-03   0.212E-03   0.682E-03

*******   STEP   5      *** AFFINE CALCULATION                 
 step & DBAR in PCYS    5    0.3420    0.9397    0.0000    0.0000    0.0000
    9   0.330E-03   0.213E-03   0.563E-03

*******   STEP   6      *** AFFINE CALCULATION                 
 step & DBAR in PCYS    6    0.4226    0.9063    0.0000    0.0000    0.0000
    9   0.469E-03   0.285E-03   0.626E-03

*******   STEP   7      *** AFFINE CALCULATION                 
 step & DBAR in PCYS    7    0.5000    0.8660    0.0000    0.0000    0.0000
   11   0.189E-03   0.880E-04   0.836E-03

*******   STEP   8      *** AFFINE CALCULATION                 
 step & DBAR in PCYS    8    0.5736    0.8192    0.0000    0.0000    0.0000
   15   0.714E-04   0.465E-04   0.448E-03

*******   STEP   9      *** AFFINE CALCULATION                 
 step & DBAR in PCYS    9    0.6428    0.7660    0.0000    0.0000    0.0000
    7   0.975E-03   0.540E-03   0.783E-03

*******   STEP  10      *** AFFINE CALCULATION                 
 step & DBAR in PCYS   10    0.7071    0.7071    0.0000    0.0000    0.0000
    7   0.689E-03   0.364E-03   0.836E-03

*******   STEP  11      *** AFFINE CALCULATION                 
 step & DBAR in PCYS   11    0.7660    0.6428    0.0000    0.0000    0.0000
    8   0.495E-03   0.527E-03   0.487E-03

*******   STEP  12      *** AFFINE CALCULATION                 
 step & DBAR in PCYS   12    0.8192    0.5736    0.0000    0.0000    0.0000
   11   0.202E-03   0.265E-03   0.967E-03

*******   STEP  13      *** AFFINE CALCULATION                 
 step & DBAR in PCYS   13    0.8660    0.5000    0.0000    0.0000    0.0000
   11   0.177E-03   0.216E-03   0.895E-03

*******   STEP  14      *** AFFINE CALCULATION                 
 step & DBAR in PCYS   14    0.9063    0.4226    0.0000    0.0000    0.0000
   12   0.229E-03   0.763E-04   0.120E-03

*******   STEP  15      *** AFFINE CALCULATION                 
 step & DBAR in PCYS   15    0.9397    0.3420    0.0000    0.0000    0.0000
   11   0.374E-03   0.918E-04   0.374E-03

*******   STEP  16      *** AFFINE CALCULATION                 
 step & DBAR in PCYS   16    0.9659    0.2588    0.0000    0.0000    0.0000
   15   0.149E-03   0.100E-03   0.755E-03

*******   STEP  17      *** AFFINE CALCULATION                 
 step & DBAR in PCYS   17    0.9848    0.1736    0.0000    0.0000    0.0000
   13   0.128E-03   0.879E-04   0.587E-03

*******   STEP  18      *** AFFINE CALCULATION                 
 step & DBAR in PCYS   18    0.9962    0.0872    0.0000    0.0000    0.0000
   14   0.119E-03   0.113E-03   0.989E-03

*******   STEP  19      *** AFFINE CALCULATION                 
 step & DBAR in PCYS   19    1.0000    0.0000    0.0000    0.0000    0.0000
    9   0.639E-03   0.576E-03   0.745E-03

*******   STEP  20      *** AFFINE CALCULATION                 
 step & DBAR in PCYS   20    0.9962   -0.0872    0.0000    0.0000    0.0000
    9   0.706E-03   0.718E-03   0.748E-03

*******   STEP  21      *** AFFINE CALCULATION                 
 step & DBAR in PCYS   21    0.9848   -0.1736    0.0000    0.0000    0.0000
    9   0.761E-03   0.799E-03   0.972E-03

*******   STEP  22      *** AFFINE CALCULATION                 
 step & DBAR in PCYS   22    0.9659   -0.2588    0.0000    0.0000    0.0000
    9   0.805E-03   0.936E-03   0.998E-03

*******   STEP  23      *** AFFINE CALCULATION                 
 step & DBAR in PCYS   23    0.9397   -0.3420    0.0000    0.0000    0.0000
   14   0.895E-04   0.820E-04   0.602E-03

*******   STEP  24      *** AFFINE CALCULATION                 
 step & DBAR in PCYS   24    0.9063   -0.4226    0.0000    0.0000    0.0000
   11   0.370E-03   0.473E-03   0.656E-03

*******   STEP  25      *** AFFINE CALCULATION                 
 step & DBAR in PCYS   25    0.8660   -0.5000    0.0000    0.0000    0.0000
   11   0.361E-03   0.484E-03   0.570E-03

*******   STEP  26      *** AFFINE CALCULATION                 
 step & DBAR in PCYS   26    0.8192   -0.5736    0.0000    0.0000    0.0000
   10   0.529E-03   0.731E-03   0.946E-03

*******   STEP  27      *** AFFINE CALCULATION                 
 step & DBAR in PCYS   27    0.7660   -0.6428    0.0000    0.0000    0.0000
   11   0.376E-03   0.492E-03   0.641E-03

*******   STEP  28      *** AFFINE CALCULATION                 
 step & DBAR in PCYS   28    0.7071   -0.7071    0.0000    0.0000    0.0000
   10   0.540E-03   0.693E-03   0.871E-03

*******   STEP  29      *** AFFINE CALCULATION                 
 step & DBAR in PCYS   29    0.6428   -0.7660    0.0000    0.0000    0.0000
   10   0.624E-03   0.627E-03   0.645E-03

*******   STEP  30      *** AFFINE CALCULATION                 
 step & DBAR in PCYS   30    0.5736   -0.8192    0.0000    0.0000    0.0000
    9   0.709E-03   0.568E-03   0.921E-03

*******   STEP  31      *** AFFINE CALCULATION                 
 step & DBAR in PCYS   31    0.5000   -0.8660    0.0000    0.0000    0.0000
   14   0.406E-03   0.672E-03   0.781E-03

*******   STEP  32      *** AFFINE CALCULATION                 
 step & DBAR in PCYS   32    0.4226   -0.9063    0.0000    0.0000    0.0000
   13   0.306E-03   0.575E-03   0.761E-03

*******   STEP  33      *** AFFINE CALCULATION                 
 step & DBAR in PCYS   33    0.3420   -0.9397    0.0000    0.0000    0.0000
   14   0.155E-03   0.304E-03   0.852E-03

*******   STEP  34      *** AFFINE CALCULATION                 
 step & DBAR in PCYS   34    0.2588   -0.9659    0.0000    0.0000    0.0000
   14   0.122E-03   0.234E-03   0.918E-03

*******   STEP  35      *** AFFINE CALCULATION                 
 step & DBAR in PCYS   35    0.1736   -0.9848    0.0000    0.0000    0.0000
   14   0.976E-04   0.181E-03   0.817E-03

*******   STEP  36      *** AFFINE CALCULATION                 
 step & DBAR in PCYS   36    0.0872   -0.9962    0.0000    0.0000    0.0000
   13   0.114E-03   0.200E-03   0.933E-03

*** STARTS LANKFORD CALCULATION PROBING EVERY     10.00 DEGREES

*******   STEP   1      *** AFFINE CALCULATION                 
  EULER ANGLES OF PHASE before rotation   1
    90.000     0.000     0.000
  ELLIPSOID AXES OF PHASE before rotatn   1
     1.000     2.693     0.364
  EULER ANGLES OF PHASE after rotation   1
    90.000     0.000     0.000
  ELLIPSOID AXES OF PHASE after rotatn   1
     1.000     2.693     0.364
   17   0.332E-03   0.163E-03   0.930E-03

*******   STEP   2      *** AFFINE CALCULATION                 
  EULER ANGLES OF PHASE before rotation   1
    90.000     0.000     0.000
  ELLIPSOID AXES OF PHASE before rotatn   1
     1.000     2.693     0.364
  EULER ANGLES OF PHASE after rotation   1
    80.000     0.000     0.000
  ELLIPSOID AXES OF PHASE after rotatn   1
     1.000     2.693     0.364
   13   0.217E-03   0.952E-04   0.387E-03

*******   STEP   3      *** AFFINE CALCULATION                 
  EULER ANGLES OF PHASE before rotation   1
    80.000     0.000     0.000
  ELLIPSOID AXES OF PHASE before rotatn   1
     1.000     2.693     0.364
  EULER ANGLES OF PHASE after rotation   1
    70.000     0.000     0.000
  ELLIPSOID AXES OF PHASE after rotatn   1
     1.000     2.693     0.364
   20   0.130E-03   0.863E-04   0.336E-03

*******   STEP   4      *** AFFINE CALCULATION                 
  EULER ANGLES OF PHASE before rotation   1
    70.000     0.000     0.000
  ELLIPSOID AXES OF PHASE before rotatn   1
     1.000     2.693     0.364
  EULER ANGLES OF PHASE after rotation   1
    60.000     0.000     0.000
  ELLIPSOID AXES OF PHASE after rotatn   1
     1.000     2.693     0.364
   17   0.107E-03   0.137E-03   0.807E-03

*******   STEP   5      *** AFFINE CALCULATION                 
  EULER ANGLES OF PHASE before rotation   1
    60.000     0.000     0.000
  ELLIPSOID AXES OF PHASE before rotatn   1
     1.000     2.693     0.364
  EULER ANGLES OF PHASE after rotation   1
    50.000     0.000     0.000
  ELLIPSOID AXES OF PHASE after rotatn   1
     1.000     2.693     0.364
   11   0.290E-03   0.524E-03   0.687E-03

*******   STEP   6      *** AFFINE CALCULATION                 
  EULER ANGLES OF PHASE before rotation   1
    50.000     0.000     0.000
  ELLIPSOID AXES OF PHASE before rotatn   1
     1.000     2.693     0.364
  EULER ANGLES OF PHASE after rotation   1
    40.000     0.000     0.000
  ELLIPSOID AXES OF PHASE after rotatn   1
     1.000     2.693     0.364
   11   0.152E-03   0.233E-03   0.487E-03

*******   STEP   7      *** AFFINE CALCULATION                 
  EULER ANGLES OF PHASE before rotation   1
    40.000     0.000     0.000
  ELLIPSOID AXES OF PHASE before rotatn   1
     1.000     2.693     0.364
  EULER ANGLES OF PHASE after rotation   1
    30.000     0.000     0.000
  ELLIPSOID AXES OF PHASE after rotatn   1
     1.000     2.693     0.364
   11   0.187E-03   0.310E-03   0.521E-03

*******   STEP   8      *** AFFINE CALCULATION                 
  EULER ANGLES OF PHASE before rotation   1
    30.000     0.000     0.000
  ELLIPSOID AXES OF PHASE before rotatn   1
     1.000     2.693     0.364
  EULER ANGLES OF PHASE after rotation   1
    20.000     0.000     0.000
  ELLIPSOID AXES OF PHASE after rotatn   1
     1.000     2.693     0.364
   16   0.908E-04   0.778E-04   0.677E-03

*******   STEP   9      *** AFFINE CALCULATION                 
  EULER ANGLES OF PHASE before rotation   1
    20.000     0.000     0.000
  ELLIPSOID AXES OF PHASE before rotatn   1
     1.000     2.693     0.364
  EULER ANGLES OF PHASE after rotation   1
    10.000     0.000     0.000
  ELLIPSOID AXES OF PHASE after rotatn   1
     1.000     2.693     0.364
   10   0.405E-03   0.610E-03   0.828E-03

*******   STEP  10      *** AFFINE CALCULATION                 
  EULER ANGLES OF PHASE before rotation   1
    10.000     0.000     0.000
  ELLIPSOID AXES OF PHASE before rotatn   1
     1.000     2.693     0.364
  EULER ANGLES OF PHASE after rotation   1
    -0.000     0.000     0.000
  ELLIPSOID AXES OF PHASE after rotatn   1
     1.000     2.693     0.364
   12   0.156E-03   0.197E-03   0.862E-03
  EULER ANGLES OF PHASE before rotation   1
    -0.000     0.000     0.000
  ELLIPSOID AXES OF PHASE before rotatn   1
     1.000     2.693     0.364
  EULER ANGLES OF PHASE after rotation   1
    90.000     0.000     0.000
  ELLIPSOID AXES OF PHASE after rotatn   1
     1.000     2.693     0.364

 TIME ELAPSED   32.91secs
