          Evm          Svm          E11          E22          E33          E23          E13          E12             SDEV11       SDEV22       SDEV33       SDEV23       SDEV13       SDEV12      TEMP      TIME    TAYLAV      WORKAV      WRATE1      WRATE2 
  0.00000E+00  0.49286E+01     0.00000E+00  0.00000E+00  0.00000E+00  0.00000E+00  0.00000E+00  0.00000E+00     0.28382E+01  0.14101E-01 -0.28523E+01 -0.15129E-02  0.39336E-01 -0.12663E-02      298. 0.000E+00     2.012  0.1002E+00  0.5692E+01  0.5010E+01
  0.23092E-01  0.49316E+01     0.20000E-01  0.00000E+00 -0.20000E-01  0.00000E+00  0.00000E+00  0.00000E+00     0.28270E+01  0.39541E-01 -0.28665E+01 -0.27211E-02  0.42258E-01 -0.37964E-02      298. 0.200E-01     2.013  0.2003E+00  0.5694E+01  0.5006E+01
  0.46181E-01  0.49356E+01     0.40000E-01  0.00000E+00 -0.40000E-01  0.00000E+00  0.00000E+00  0.00000E+00     0.28172E+01  0.62967E-01 -0.28801E+01 -0.38854E-02  0.45693E-01 -0.60352E-02      298. 0.400E-01     2.014  0.3004E+00  0.5695E+01  0.5006E+01
  0.69268E-01  0.49400E+01     0.60000E-01  0.00000E+00 -0.60000E-01  0.00000E+00  0.00000E+00  0.00000E+00     0.28080E+01  0.85552E-01 -0.28935E+01 -0.48795E-02  0.48449E-01 -0.77705E-02      298. 0.600E-01     2.016  0.4007E+00  0.5707E+01  0.5016E+01
  0.92351E-01  0.49448E+01     0.80000E-01  0.00000E+00 -0.80000E-01  0.00000E+00  0.00000E+00  0.00000E+00     0.27992E+01  0.10732E+00 -0.29065E+01 -0.55201E-02  0.50035E-01 -0.89173E-02      298. 0.800E-01     2.017  0.5011E+00  0.5708E+01  0.5016E+01
  0.11543E+00  0.49489E+01     0.10000E+00  0.00000E+00 -0.10000E+00  0.00000E+00  0.00000E+00  0.00000E+00     0.27903E+01  0.12867E+00 -0.29190E+01 -0.54494E-02  0.50926E-01 -0.97722E-02      298. 0.100E+00     2.019  0.6015E+00  0.5711E+01  0.5019E+01
  0.13850E+00  0.49523E+01     0.12000E+00  0.00000E+00 -0.12000E+00  0.00000E+00  0.00000E+00  0.00000E+00     0.27810E+01  0.14967E+00 -0.29306E+01 -0.43946E-02  0.51903E-01 -0.10608E-01      298. 0.120E+00     2.019  0.7019E+00  0.5714E+01  0.5021E+01
  0.16157E+00  0.49552E+01     0.14000E+00  0.00000E+00 -0.14000E+00  0.00000E+00  0.00000E+00  0.00000E+00     0.27715E+01  0.17008E+00 -0.29416E+01 -0.25517E-02  0.53284E-01 -0.11565E-01      298. 0.140E+00     2.020  0.8024E+00  0.5717E+01  0.5026E+01
  0.18463E+00  0.49577E+01     0.16000E+00  0.00000E+00 -0.16000E+00  0.00000E+00  0.00000E+00  0.00000E+00     0.27622E+01  0.18973E+00 -0.29519E+01 -0.25485E-03  0.54750E-01 -0.12609E-01      298. 0.160E+00     2.020  0.9030E+00  0.5719E+01  0.5030E+01
  0.20768E+00  0.49602E+01     0.18000E+00  0.00000E+00 -0.18000E+00  0.00000E+00  0.00000E+00  0.00000E+00     0.27533E+01  0.20839E+00 -0.29617E+01  0.23046E-02  0.55673E-01 -0.13470E-01      298. 0.180E+00     2.021  0.1004E+01  0.5720E+01  0.5034E+01
  0.23072E+00  0.49630E+01     0.20000E+00  0.00000E+00 -0.20000E+00  0.00000E+00  0.00000E+00  0.00000E+00     0.27452E+01  0.22584E+00 -0.29710E+01  0.49515E-02  0.55762E-01 -0.14012E-01      298. 0.200E+00     2.021  0.1104E+01  0.5722E+01  0.5040E+01
  0.25376E+00  0.49663E+01     0.22000E+00  0.00000E+00 -0.22000E+00  0.00000E+00  0.00000E+00  0.00000E+00     0.27380E+01  0.24209E+00 -0.29801E+01  0.75469E-02  0.55199E-01 -0.14344E-01      298. 0.220E+00     2.022  0.1205E+01  0.5719E+01  0.5042E+01
  0.27678E+00  0.49706E+01     0.24000E+00  0.00000E+00 -0.24000E+00  0.00000E+00  0.00000E+00  0.00000E+00     0.27320E+01  0.25706E+00 -0.29891E+01  0.99893E-02  0.54094E-01 -0.14580E-01      298. 0.240E+00     2.023  0.1306E+01  0.5720E+01  0.5049E+01
  0.29980E+00  0.49742E+01     0.26000E+00  0.00000E+00 -0.26000E+00  0.00000E+00  0.00000E+00  0.00000E+00     0.27259E+01  0.27154E+00 -0.29974E+01  0.12138E-01  0.52487E-01 -0.14727E-01      298. 0.260E+00     2.024  0.1407E+01  0.5726E+01  0.5058E+01
  0.32282E+00  0.49782E+01     0.28000E+00  0.00000E+00 -0.28000E+00  0.00000E+00  0.00000E+00  0.00000E+00     0.27206E+01  0.28487E+00 -0.30055E+01  0.13752E-01  0.50788E-01 -0.14606E-01      298. 0.280E+00     2.025  0.1509E+01  0.5729E+01  0.5064E+01
  0.34582E+00  0.49824E+01     0.30000E+00  0.00000E+00 -0.30000E+00  0.00000E+00  0.00000E+00  0.00000E+00     0.27159E+01  0.29727E+00 -0.30132E+01  0.14615E-01  0.49220E-01 -0.14067E-01      298. 0.300E+00     2.026  0.1610E+01  0.5731E+01  0.5071E+01
  0.36882E+00  0.49868E+01     0.32000E+00  0.00000E+00 -0.32000E+00  0.00000E+00  0.00000E+00  0.00000E+00     0.27118E+01  0.30881E+00 -0.30206E+01  0.14694E-01  0.47809E-01 -0.13120E-01      298. 0.320E+00     2.027  0.1712E+01  0.5734E+01  0.5078E+01
  0.39181E+00  0.49911E+01     0.34000E+00  0.00000E+00 -0.34000E+00  0.00000E+00  0.00000E+00  0.00000E+00     0.27079E+01  0.31980E+00 -0.30277E+01  0.14115E-01  0.46483E-01 -0.11835E-01      298. 0.340E+00     2.028  0.1813E+01  0.5737E+01  0.5084E+01
  0.41479E+00  0.49951E+01     0.36000E+00  0.00000E+00 -0.36000E+00  0.00000E+00  0.00000E+00  0.00000E+00     0.27040E+01  0.33053E+00 -0.30345E+01  0.13033E-01  0.45174E-01 -0.10296E-01      298. 0.360E+00     2.029  0.1915E+01  0.5740E+01  0.5091E+01
  0.43777E+00  0.49989E+01     0.38000E+00  0.00000E+00 -0.38000E+00  0.00000E+00  0.00000E+00  0.00000E+00     0.27000E+01  0.34118E+00 -0.30412E+01  0.11626E-01  0.43868E-01 -0.85519E-02      298. 0.380E+00     2.030  0.2017E+01  0.5742E+01  0.5099E+01
  0.46074E+00  0.50027E+01     0.40000E+00  0.00000E+00 -0.40000E+00  0.00000E+00  0.00000E+00  0.00000E+00     0.26960E+01  0.35175E+00 -0.30477E+01  0.10068E-01  0.42602E-01 -0.66602E-02      298. 0.400E+00     2.031  0.2119E+01  0.5745E+01  0.5106E+01
  0.48370E+00  0.50064E+01     0.42000E+00  0.00000E+00 -0.42000E+00  0.00000E+00  0.00000E+00  0.00000E+00     0.26920E+01  0.36213E+00 -0.30542E+01  0.85119E-02  0.41405E-01 -0.47339E-02      298. 0.420E+00     2.032  0.2222E+01  0.5749E+01  0.5115E+01
  0.50666E+00  0.50099E+01     0.44000E+00  0.00000E+00 -0.44000E+00  0.00000E+00  0.00000E+00  0.00000E+00     0.26879E+01  0.37254E+00 -0.30604E+01  0.70637E-02  0.40249E-01 -0.29109E-02      298. 0.440E+00     2.032  0.2324E+01  0.5749E+01  0.5120E+01
  0.52960E+00  0.50134E+01     0.46000E+00  0.00000E+00 -0.46000E+00  0.00000E+00  0.00000E+00  0.00000E+00     0.26838E+01  0.38280E+00 -0.30666E+01  0.57642E-02  0.39111E-01 -0.12992E-02      298. 0.460E+00     2.033  0.2427E+01  0.5752E+01  0.5127E+01
  0.55254E+00  0.50167E+01     0.48000E+00  0.00000E+00 -0.48000E+00  0.00000E+00  0.00000E+00  0.00000E+00     0.26796E+01  0.39294E+00 -0.30726E+01  0.46244E-02  0.37941E-01  0.68713E-04      298. 0.480E+00     2.034  0.2529E+01  0.5759E+01  0.5138E+01
  0.57548E+00  0.50203E+01     0.50000E+00  0.00000E+00 -0.50000E+00  0.00000E+00  0.00000E+00  0.00000E+00     0.26758E+01  0.40272E+00 -0.30785E+01  0.36541E-02  0.36699E-01  0.12137E-02      298. 0.500E+00     2.035  0.2632E+01  0.5759E+01  0.5143E+01
  0.59840E+00  0.50239E+01     0.52000E+00  0.00000E+00 -0.52000E+00  0.00000E+00  0.00000E+00  0.00000E+00     0.26721E+01  0.41232E+00 -0.30844E+01  0.28449E-02  0.35313E-01  0.21830E-02      298. 0.520E+00     2.035  0.2735E+01  0.5761E+01  0.5150E+01
  0.62132E+00  0.50276E+01     0.54000E+00  0.00000E+00 -0.54000E+00  0.00000E+00  0.00000E+00  0.00000E+00     0.26686E+01  0.42169E+00 -0.30903E+01  0.21707E-02  0.33751E-01  0.30630E-02      298. 0.540E+00     2.036  0.2838E+01  0.5763E+01  0.5156E+01
  0.64423E+00  0.50313E+01     0.56000E+00  0.00000E+00 -0.56000E+00  0.00000E+00  0.00000E+00  0.00000E+00     0.26651E+01  0.43087E+00 -0.30960E+01  0.15906E-02  0.32079E-01  0.39144E-02      298. 0.560E+00     2.037  0.2942E+01  0.5765E+01  0.5163E+01
  0.66713E+00  0.50350E+01     0.58000E+00  0.00000E+00 -0.58000E+00  0.00000E+00  0.00000E+00  0.00000E+00     0.26618E+01  0.43987E+00 -0.31017E+01  0.10449E-02  0.30434E-01  0.47395E-02      298. 0.580E+00     2.038  0.3045E+01  0.5767E+01  0.5170E+01
  0.69002E+00  0.50388E+01     0.60000E+00  0.00000E+00 -0.60000E+00  0.00000E+00  0.00000E+00  0.00000E+00     0.26586E+01  0.44869E+00 -0.31073E+01  0.48712E-03  0.28906E-01  0.55290E-02      298. 0.600E+00     2.039  0.3148E+01  0.5770E+01  0.5177E+01
  0.71291E+00  0.50427E+01     0.62000E+00  0.00000E+00 -0.62000E+00  0.00000E+00  0.00000E+00  0.00000E+00     0.26555E+01  0.45735E+00 -0.31129E+01 -0.10581E-03  0.27516E-01  0.62809E-02      298. 0.620E+00     2.040  0.3252E+01  0.5772E+01  0.5184E+01
  0.73579E+00  0.50467E+01     0.64000E+00  0.00000E+00 -0.64000E+00  0.00000E+00  0.00000E+00  0.00000E+00     0.26526E+01  0.46584E+00 -0.31184E+01 -0.74834E-03  0.26264E-01  0.69935E-02      298. 0.640E+00     2.040  0.3356E+01  0.5775E+01  0.5191E+01
  0.75866E+00  0.50507E+01     0.66000E+00  0.00000E+00 -0.66000E+00  0.00000E+00  0.00000E+00  0.00000E+00     0.26498E+01  0.47417E+00 -0.31239E+01 -0.14459E-02  0.25148E-01  0.76669E-02      298. 0.660E+00     2.041  0.3460E+01  0.5778E+01  0.5198E+01
  0.78152E+00  0.50548E+01     0.68000E+00  0.00000E+00 -0.68000E+00  0.00000E+00  0.00000E+00  0.00000E+00     0.26471E+01  0.48230E+00 -0.31294E+01 -0.21883E-02  0.24152E-01  0.83048E-02      298. 0.680E+00     2.042  0.3564E+01  0.5780E+01  0.5205E+01
  0.80437E+00  0.50590E+01     0.70000E+00  0.00000E+00 -0.70000E+00  0.00000E+00  0.00000E+00  0.00000E+00     0.26445E+01  0.49024E+00 -0.31348E+01 -0.29596E-02  0.23258E-01  0.89109E-02      298. 0.700E+00     2.043  0.3668E+01  0.5783E+01  0.5212E+01
  0.82722E+00  0.50632E+01     0.72000E+00  0.00000E+00 -0.72000E+00  0.00000E+00  0.00000E+00  0.00000E+00     0.26421E+01  0.49801E+00 -0.31401E+01 -0.37490E-02  0.22450E-01  0.94839E-02      298. 0.720E+00     2.044  0.3773E+01  0.5786E+01  0.5219E+01
  0.85006E+00  0.50674E+01     0.74000E+00  0.00000E+00 -0.74000E+00  0.00000E+00  0.00000E+00  0.00000E+00     0.26398E+01  0.50561E+00 -0.31454E+01 -0.45482E-02  0.21719E-01  0.10018E-01      298. 0.740E+00     2.045  0.3877E+01  0.5789E+01  0.5226E+01
  0.87290E+00  0.50716E+01     0.76000E+00  0.00000E+00 -0.76000E+00  0.00000E+00  0.00000E+00  0.00000E+00     0.26376E+01  0.51306E+00 -0.31506E+01 -0.53453E-02  0.21056E-01  0.10503E-01      298. 0.760E+00     2.047  0.3982E+01  0.5792E+01  0.5233E+01
  0.89572E+00  0.50758E+01     0.78000E+00  0.00000E+00 -0.78000E+00  0.00000E+00  0.00000E+00  0.00000E+00     0.26354E+01  0.52035E+00 -0.31557E+01 -0.61274E-02  0.20450E-01  0.10934E-01      298. 0.780E+00     2.048  0.4087E+01  0.5795E+01  0.5240E+01
  0.91854E+00  0.50800E+01     0.80000E+00  0.00000E+00 -0.80000E+00  0.00000E+00  0.00000E+00  0.00000E+00     0.26333E+01  0.52747E+00 -0.31608E+01 -0.68885E-02  0.19887E-01  0.11307E-01      298. 0.800E+00     2.049  0.4191E+01  0.5797E+01  0.5246E+01
  0.94135E+00  0.50842E+01     0.82000E+00  0.00000E+00 -0.82000E+00  0.00000E+00  0.00000E+00  0.00000E+00     0.26313E+01  0.53444E+00 -0.31657E+01 -0.76289E-02  0.19360E-01  0.11622E-01      298. 0.820E+00     2.050  0.4297E+01  0.5800E+01  0.5253E+01
  0.96416E+00  0.50883E+01     0.84000E+00  0.00000E+00 -0.84000E+00  0.00000E+00  0.00000E+00  0.00000E+00     0.26294E+01  0.54127E+00 -0.31706E+01 -0.83523E-02  0.18860E-01  0.11880E-01      298. 0.840E+00     2.051  0.4402E+01  0.5803E+01  0.5260E+01
  0.98695E+00  0.50925E+01     0.86000E+00  0.00000E+00 -0.86000E+00  0.00000E+00  0.00000E+00  0.00000E+00     0.26275E+01  0.54797E+00 -0.31755E+01 -0.90628E-02  0.18382E-01  0.12081E-01      298. 0.860E+00     2.052  0.4507E+01  0.5806E+01  0.5267E+01
  0.10097E+01  0.50966E+01     0.88000E+00  0.00000E+00 -0.88000E+00  0.00000E+00  0.00000E+00  0.00000E+00     0.26257E+01  0.55454E+00 -0.31802E+01 -0.97645E-02  0.17923E-01  0.12225E-01      298. 0.880E+00     2.053  0.4613E+01  0.5808E+01  0.5273E+01
  0.10325E+01  0.51006E+01     0.90000E+00  0.00000E+00 -0.90000E+00  0.00000E+00  0.00000E+00  0.00000E+00     0.26239E+01  0.56102E+00 -0.31849E+01 -0.10461E-01  0.17477E-01  0.12313E-01      298. 0.900E+00     2.054  0.4718E+01  0.5811E+01  0.5280E+01
  0.10553E+01  0.51046E+01     0.92000E+00  0.00000E+00 -0.92000E+00  0.00000E+00  0.00000E+00  0.00000E+00     0.26221E+01  0.56740E+00 -0.31895E+01 -0.11155E-01  0.17044E-01  0.12346E-01      298. 0.920E+00     2.055  0.4824E+01  0.5814E+01  0.5286E+01
  0.10781E+01  0.51036E+01     0.94000E+00  0.00000E+00 -0.94000E+00  0.00000E+00  0.00000E+00  0.00000E+00     0.26135E+01  0.57977E+00 -0.31933E+01 -0.11673E-01  0.16487E-01  0.12135E-01      298. 0.940E+00     2.053  0.4930E+01  0.5804E+01  0.5285E+01
  0.11008E+01  0.51072E+01     0.96000E+00  0.00000E+00 -0.96000E+00  0.00000E+00  0.00000E+00  0.00000E+00     0.26113E+01  0.58639E+00 -0.31977E+01 -0.12363E-01  0.16065E-01  0.12053E-01      298. 0.960E+00     2.054  0.5035E+01  0.5811E+01  0.5295E+01
  0.11236E+01  0.51107E+01     0.98000E+00  0.00000E+00 -0.98000E+00  0.00000E+00  0.00000E+00  0.00000E+00     0.26090E+01  0.59304E+00 -0.32020E+01 -0.13046E-01  0.15652E-01  0.11932E-01      298. 0.980E+00     2.055  0.5142E+01  0.5817E+01  0.5305E+01
  0.11463E+01  0.51142E+01     0.10000E+01  0.00000E+00 -0.10000E+01  0.00000E+00  0.00000E+00  0.00000E+00     0.26069E+01  0.59938E+00 -0.32063E+01 -0.13723E-01  0.15256E-01  0.11788E-01      298. 0.100E+01     2.055  0.5248E+01  0.5818E+01  0.5311E+01
          Dvm          Svm          D11          D22          D33          D23          D13          D12             SDEV11       SDEV22       SDEV33       SDEV23       SDEV13       SDEV12      TEMP    TAYLAV      WORKAV      WRATE1      WRATE2 
  0.81449E+00  0.52361E+01    -0.40825E+00 -0.40825E+00  0.81650E+00  0.00000E+00  0.00000E+00  0.00000E+00    -0.15305E+01 -0.19516E+01  0.34821E+01  0.21754E-01 -0.50454E-02  0.52508E-02      298.     2.132  0.5329E+01  0.4267E+01  0.4049E+01
  0.81238E+00  0.52103E+01    -0.46832E+00 -0.34507E+00  0.81339E+00  0.00000E+00  0.00000E+00  0.00000E+00    -0.16976E+01 -0.17756E+01  0.34732E+01  0.17388E-01 -0.72835E-02  0.19029E-02      298.     2.116  0.5409E+01  0.4230E+01  0.4026E+01
  0.80984E+00  0.51801E+01    -0.52483E+00 -0.27926E+00  0.80409E+00  0.00000E+00  0.00000E+00  0.00000E+00    -0.18648E+01 -0.15847E+01  0.34496E+01  0.13616E-01 -0.93005E-02 -0.14435E-02      298.     2.097  0.5489E+01  0.4193E+01  0.3987E+01
  0.80692E+00  0.51466E+01    -0.57735E+00 -0.21132E+00  0.78868E+00  0.00000E+00  0.00000E+00  0.00000E+00    -0.20275E+01 -0.13833E+01  0.34108E+01  0.10941E-01 -0.11018E-01 -0.45413E-02      298.     2.076  0.5568E+01  0.4150E+01  0.3926E+01
  0.80397E+00  0.51097E+01    -0.62547E+00 -0.14178E+00  0.76726E+00  0.00000E+00  0.00000E+00  0.00000E+00    -0.21877E+01 -0.11674E+01  0.33551E+01  0.95351E-02 -0.12420E-01 -0.72084E-02      298.     2.054  0.5645E+01  0.4106E+01  0.3851E+01
  0.80210E+00  0.50694E+01    -0.66883E+00 -0.71162E-01  0.74000E+00  0.00000E+00  0.00000E+00  0.00000E+00    -0.23575E+01 -0.91833E+00  0.32758E+01  0.96918E-02 -0.13651E-01 -0.94459E-02      298.     2.033  0.5720E+01  0.4064E+01  0.3767E+01
  0.80378E+00  0.50270E+01    -0.70711E+00  0.00000E+00  0.70711E+00  0.00000E+00  0.00000E+00  0.00000E+00    -0.25629E+01 -0.58845E+00  0.31514E+01  0.13496E-01 -0.15014E-01 -0.11597E-01      298.     2.020  0.5794E+01  0.4044E+01  0.3691E+01
  0.81092E+00  0.49900E+01    -0.74000E+00  0.71162E-01  0.66883E+00  0.00000E+00  0.00000E+00  0.00000E+00    -0.28309E+01 -0.97309E-01  0.29282E+01  0.21473E-01 -0.16326E-01 -0.10226E-01      298.     2.023  0.5866E+01  0.4048E+01  0.3625E+01
  0.81512E+00  0.49896E+01    -0.76726E+00  0.14178E+00  0.62547E+00  0.00000E+00  0.00000E+00  0.00000E+00    -0.30557E+01  0.39023E+00  0.26655E+01  0.29920E-01 -0.15797E-01  0.89611E-03      298.     2.033  0.5937E+01  0.4064E+01  0.3561E+01
  0.81639E+00  0.50481E+01    -0.78868E+00  0.21132E+00  0.57735E+00  0.00000E+00  0.00000E+00  0.00000E+00    -0.32450E+01  0.85122E+00  0.23938E+01  0.38380E-01 -0.13745E-01  0.12281E-01      298.     2.060  0.6008E+01  0.4117E+01  0.3510E+01
  0.81597E+00  0.51387E+01    -0.80409E+00  0.27926E+00  0.52483E+00  0.00000E+00  0.00000E+00  0.00000E+00    -0.33902E+01  0.12715E+01  0.21187E+01  0.46793E-01 -0.10663E-01  0.21972E-01      298.     2.096  0.6077E+01  0.4194E+01  0.3466E+01
  0.81573E+00  0.51880E+01    -0.81339E+00  0.34507E+00  0.46832E+00  0.00000E+00  0.00000E+00  0.00000E+00    -0.34538E+01  0.15802E+01  0.18736E+01  0.53972E-01 -0.77141E-02  0.27270E-01      298.     2.116  0.6146E+01  0.4227E+01  0.3435E+01
  0.81584E+00  0.52142E+01    -0.81650E+00  0.40825E+00  0.40825E+00  0.00000E+00  0.00000E+00  0.00000E+00    -0.34734E+01  0.18401E+01  0.16333E+01  0.54844E-01 -0.55033E-02  0.28179E-01      298.     2.127  0.6215E+01  0.4258E+01  0.3453E+01
  0.81601E+00  0.52216E+01    -0.81339E+00  0.46832E+00  0.34507E+00  0.00000E+00  0.00000E+00  0.00000E+00    -0.34568E+01  0.20792E+01  0.13776E+01  0.49421E-01 -0.40485E-02  0.24190E-01      298.     2.130  0.6284E+01  0.4260E+01  0.3486E+01
  0.81601E+00  0.52107E+01    -0.80409E+00  0.52483E+00  0.27926E+00  0.00000E+00  0.00000E+00  0.00000E+00    -0.34002E+01  0.23143E+01  0.10859E+01  0.41314E-01 -0.47007E-02  0.15051E-01      298.     2.126  0.6355E+01  0.4250E+01  0.3540E+01
  0.81569E+00  0.51735E+01    -0.78868E+00  0.57735E+00  0.21132E+00  0.00000E+00  0.00000E+00  0.00000E+00    -0.32901E+01  0.25404E+01  0.74974E+00  0.36213E-01 -0.85398E-02  0.55956E-02      298.     2.110  0.6427E+01  0.4216E+01  0.3590E+01
  0.81518E+00  0.51351E+01    -0.76726E+00  0.62547E+00  0.14178E+00  0.00000E+00  0.00000E+00  0.00000E+00    -0.31466E+01  0.27407E+01  0.40597E+00  0.31147E-01 -0.12832E-01 -0.31662E-03      298.     2.093  0.6500E+01  0.4183E+01  0.3639E+01
  0.81468E+00  0.51120E+01    -0.74000E+00  0.66883E+00  0.71162E-01  0.00000E+00  0.00000E+00  0.00000E+00    -0.29871E+01  0.29140E+01  0.73173E-01  0.25925E-01 -0.16928E-01 -0.42040E-02      298.     2.082  0.6574E+01  0.4160E+01  0.3687E+01
  0.81426E+00  0.51030E+01    -0.70711E+00  0.70711E+00  0.00000E+00  0.00000E+00  0.00000E+00  0.00000E+00    -0.28136E+01  0.30627E+01 -0.24905E+00  0.20466E-01 -0.20387E-01 -0.64423E-02      298.     2.078  0.6648E+01  0.4153E+01  0.3737E+01
  0.81399E+00  0.51079E+01    -0.66883E+00  0.74000E+00 -0.71162E-01  0.00000E+00  0.00000E+00  0.00000E+00    -0.26292E+01  0.31885E+01 -0.55927E+00  0.13816E-01 -0.22715E-01 -0.88404E-02      298.     2.079  0.6724E+01  0.4159E+01  0.3784E+01
  0.81386E+00  0.51257E+01    -0.62547E+00  0.76726E+00 -0.14178E+00  0.00000E+00  0.00000E+00  0.00000E+00    -0.24340E+01  0.32939E+01 -0.85993E+00  0.58698E-02 -0.24260E-01 -0.11216E-01      298.     2.086  0.6800E+01  0.4169E+01  0.3821E+01
  0.81375E+00  0.51552E+01    -0.57735E+00  0.78868E+00 -0.21132E+00  0.00000E+00  0.00000E+00  0.00000E+00    -0.22243E+01  0.33809E+01 -0.11566E+01 -0.36859E-02 -0.25066E-01 -0.12949E-01      298.     2.097  0.6878E+01  0.4193E+01  0.3858E+01
  0.81374E+00  0.51911E+01    -0.52483E+00  0.80409E+00 -0.27926E+00  0.00000E+00  0.00000E+00  0.00000E+00    -0.20012E+01  0.34456E+01 -0.14444E+01 -0.14209E-01 -0.24986E-01 -0.14677E-01      298.     2.112  0.6955E+01  0.4221E+01  0.3883E+01
  0.81412E+00  0.52239E+01    -0.46832E+00  0.81339E+00 -0.34507E+00  0.00000E+00  0.00000E+00  0.00000E+00    -0.17769E+01  0.34821E+01 -0.17052E+01 -0.23752E-01 -0.24091E-01 -0.14843E-01      298.     2.126  0.7033E+01  0.4251E+01  0.3895E+01
  0.81494E+00  0.52504E+01    -0.40825E+00  0.81650E+00 -0.40825E+00  0.00000E+00  0.00000E+00  0.00000E+00    -0.15641E+01  0.34936E+01 -0.19295E+01 -0.31751E-01 -0.22448E-01 -0.13408E-01      298.     2.139  0.7111E+01  0.4278E+01  0.3894E+01
  0.81584E+00  0.52687E+01    -0.34507E+00  0.81339E+00 -0.46832E+00  0.00000E+00  0.00000E+00  0.00000E+00    -0.13645E+01  0.34849E+01 -0.21204E+01 -0.37818E-01 -0.20522E-01 -0.11086E-01      298.     2.149  0.7189E+01  0.4299E+01  0.3877E+01
  0.81635E+00  0.52769E+01    -0.27926E+00  0.80409E+00 -0.52483E+00  0.00000E+00  0.00000E+00  0.00000E+00    -0.11681E+01  0.34574E+01 -0.22893E+01 -0.42507E-01 -0.18649E-01 -0.87518E-02      298.     2.154  0.7265E+01  0.4308E+01  0.3845E+01
  0.81630E+00  0.52751E+01    -0.21132E+00  0.78868E+00 -0.57735E+00  0.00000E+00  0.00000E+00  0.00000E+00    -0.96069E+00  0.34097E+01 -0.24490E+01 -0.45981E-01 -0.16998E-01 -0.94347E-02      298.     2.153  0.7342E+01  0.4307E+01  0.3809E+01
  0.81605E+00  0.52589E+01    -0.14178E+00  0.76726E+00 -0.62547E+00  0.00000E+00  0.00000E+00  0.00000E+00    -0.70531E+00  0.33263E+01 -0.26210E+01 -0.48642E-01 -0.15929E-01 -0.15026E-01      298.     2.146  0.7417E+01  0.4290E+01  0.3774E+01
  0.81634E+00  0.52317E+01    -0.71162E-01  0.74000E+00 -0.66883E+00  0.00000E+00  0.00000E+00  0.00000E+00    -0.32542E+00  0.31695E+01 -0.28441E+01 -0.50133E-01 -0.16527E-01 -0.19600E-01      298.     2.135  0.7492E+01  0.4267E+01  0.3763E+01
  0.81244E+00  0.52372E+01     0.00000E+00  0.70711E+00 -0.70711E+00  0.00000E+00  0.00000E+00  0.00000E+00     0.34197E+00  0.28377E+01 -0.31796E+01 -0.47897E-01 -0.14916E-01 -0.20428E-01      298.     2.128  0.7568E+01  0.4258E+01  0.3781E+01
  0.81185E+00  0.52625E+01     0.71162E-01  0.66883E+00 -0.74000E+00  0.00000E+00  0.00000E+00  0.00000E+00     0.67224E+00  0.26455E+01 -0.33178E+01 -0.43459E-01 -0.97199E-02 -0.17875E-01      298.     2.136  0.7645E+01  0.4271E+01  0.3829E+01
  0.81389E+00  0.52749E+01     0.14178E+00  0.62547E+00 -0.76726E+00  0.00000E+00  0.00000E+00  0.00000E+00     0.88108E+00  0.25075E+01 -0.33886E+01 -0.39260E-01 -0.58263E-02 -0.15977E-01      298.     2.147  0.7722E+01  0.4290E+01  0.3898E+01
  0.81571E+00  0.52767E+01     0.21132E+00  0.57735E+00 -0.78868E+00  0.00000E+00  0.00000E+00  0.00000E+00     0.10527E+01  0.23803E+01 -0.34330E+01 -0.35026E-01 -0.26716E-02 -0.13789E-01      298.     2.152  0.7802E+01  0.4301E+01  0.3961E+01
  0.81645E+00  0.52702E+01     0.27926E+00  0.52483E+00 -0.80409E+00  0.00000E+00  0.00000E+00  0.00000E+00     0.12113E+01  0.22504E+01 -0.34617E+01 -0.30716E-01  0.10303E-03 -0.11238E-01      298.     2.151  0.7882E+01  0.4300E+01  0.4010E+01
  0.81596E+00  0.52565E+01     0.34507E+00  0.46832E+00 -0.81339E+00  0.00000E+00  0.00000E+00  0.00000E+00     0.13686E+01  0.21094E+01 -0.34780E+01 -0.26275E-01  0.26502E-02 -0.83887E-02      298.     2.144  0.7963E+01  0.4285E+01  0.4037E+01
          Dvm          Svm          D11          D22          D33          D23          D13          D12             SCAU11       SCAU22       SCAU33       SCAU23       SCAU13       SCAU12      TEMP    TAYLAV      WORKAV      WRATE1      WRATE2 
  0.81632E+00  0.52059E+01     0.81650E+00 -0.38238E+00 -0.43412E+00  0.00000E+00  0.00000E+00  0.00000E+00     0.52048E+01  0.00000E+00  0.00000E+00 -0.55261E-01  0.63322E-02 -0.28273E-01      298.     2.123  0.8031E+01  0.4245E+01  0.3440E+01
  0.81533E+00  0.51373E+01     0.81650E+00 -0.40325E+00 -0.41325E+00  0.00000E+00  0.00000E+00  0.00000E+00     0.51300E+01  0.00000E+00  0.00000E+00 -0.78434E-01  0.69254E-02 -0.13756E+00      298.     2.094  0.8100E+01  0.4187E+01  0.3436E+01
  0.81449E+00  0.49411E+01     0.81650E+00 -0.45747E+00 -0.35902E+00  0.00000E+00  0.00000E+00  0.00000E+00     0.49290E+01  0.00000E+00  0.00000E+00 -0.74869E-01 -0.44057E-02 -0.18510E+00      298.     2.007  0.8169E+01  0.4026E+01  0.3443E+01
  0.81516E+00  0.47050E+01     0.81650E+00 -0.51552E+00 -0.30098E+00  0.00000E+00  0.00000E+00  0.00000E+00     0.46973E+01  0.00000E+00  0.00000E+00 -0.50838E-01 -0.20815E-01 -0.14515E+00      298.     1.896  0.8238E+01  0.3839E+01  0.3446E+01
  0.81625E+00  0.45545E+01     0.81650E+00 -0.55467E+00 -0.26183E+00  0.00000E+00  0.00000E+00  0.00000E+00     0.45531E+01  0.00000E+00  0.00000E+00 -0.25105E-01 -0.19525E-01 -0.56741E-01      298.     1.820  0.8307E+01  0.3716E+01  0.3431E+01
  0.81590E+00  0.45734E+01     0.81650E+00 -0.55627E+00 -0.26023E+00  0.00000E+00  0.00000E+00  0.00000E+00     0.45700E+01  0.00000E+00  0.00000E+00 -0.91934E-02 -0.45624E-02  0.10027E+00      298.     1.826  0.8375E+01  0.3730E+01  0.3437E+01
  0.81194E+00  0.47715E+01     0.81650E+00 -0.53167E+00 -0.28483E+00  0.00000E+00  0.00000E+00  0.00000E+00     0.47448E+01  0.00000E+00  0.00000E+00  0.10056E-01 -0.99147E-02  0.29032E+00      298.     1.908  0.8446E+01  0.3872E+01  0.3517E+01
  0.80958E+00  0.50260E+01     0.81650E+00 -0.49951E+00 -0.31699E+00  0.00000E+00  0.00000E+00  0.00000E+00     0.49834E+01  0.00000E+00  0.00000E+00  0.20472E-01 -0.36255E-01  0.37453E+00      298.     2.018  0.8519E+01  0.4066E+01  0.3679E+01
  0.81277E+00  0.51915E+01     0.81650E+00 -0.47531E+00 -0.34118E+00  0.00000E+00  0.00000E+00  0.00000E+00     0.51679E+01  0.00000E+00  0.00000E+00  0.22248E-01 -0.40777E-01  0.28218E+00      298.     2.100  0.8596E+01  0.4217E+01  0.3838E+01
  0.81643E+00  0.52296E+01     0.81650E+00 -0.46043E+00 -0.35607E+00  0.00000E+00  0.00000E+00  0.00000E+00     0.52292E+01  0.00000E+00  0.00000E+00  0.23855E-01 -0.25144E-01  0.14663E-01      298.     2.129  0.8674E+01  0.4266E+01  0.3906E+01
