TEXTURE AT STRAIN =    1.0000
   1.000   2.693   0.364  <-- length of average ellipsoid axes for phase
   90.00    0.00    0.00  <-- Euler angles of average ellipsoid axes for phase
B       500
  102.62  124.32   43.45   0.0020000
 -139.54   51.33   43.80   0.0020000
  174.87   45.08   45.16   0.0020000
  135.93   61.52   33.99   0.0020000
  133.31   66.62   25.96   0.0020000
   12.50   12.42 -137.28   0.0020000
   31.16   61.20  -37.04   0.0020000
  177.75  147.26  -45.49   0.0020000
  -51.88   55.66  132.82   0.0020000
  -62.00  125.42 -135.47   0.0020000
   -5.22  143.79  -45.41   0.0020000
    1.83  173.38   46.33   0.0020000
   50.66   55.65   47.62   0.0020000
   36.60   93.84 -175.64   0.0020000
   58.82   98.73    7.71   0.0020000
 -108.90   82.68  173.37   0.0020000
  175.86   14.46  135.49   0.0020000
  103.26   60.26   29.51   0.0020000
   86.92   55.76 -139.69   0.0020000
 -102.74   12.51 -171.70   0.0020000
 -150.06  127.49  -45.24   0.0020000
   -5.61  134.73 -135.15   0.0020000
   -0.23    1.01  -39.58   0.0020000
  179.64   45.74 -135.15   0.0020000
  127.68  112.69   65.37   0.0020000
   96.06  124.05  -48.56   0.0020000
  -51.52   84.30  -84.43   0.0020000
   20.99   61.29  144.44   0.0020000
  -73.67   92.22  -92.47   0.0020000
  -40.31  125.33  -43.15   0.0020000
  126.88  104.15   76.00   0.0020000
   13.59   52.69  -44.37   0.0020000
 -166.52  125.39  133.69   0.0020000
 -108.08   62.50 -118.52   0.0020000
  -35.58  127.03 -134.48   0.0020000
   44.67   56.29 -131.37   0.0020000
   11.75  129.07 -134.86   0.0020000
 -110.33   63.28  153.28   0.0020000
 -122.78  118.98  123.01   0.0020000
   43.65   67.38   64.69   0.0020000
 -132.02  127.65   46.24   0.0020000
  125.23   71.63  108.22   0.0020000
  139.44   62.09 -146.70   0.0020000
  -55.26   55.20  133.78   0.0020000
 -159.70   59.80 -129.94   0.0020000
 -142.63  116.37 -147.61   0.0020000
 -105.76   53.89   37.32   0.0020000
  123.98   57.04  130.35   0.0020000
  -47.36   56.26 -138.29   0.0020000
   -2.12   33.84  135.78   0.0020000
   -4.27   22.08 -133.89   0.0020000
  -57.79  116.81  150.56   0.0020000
   43.95  124.31 -137.53   0.0020000
  174.12  141.31  -45.76   0.0020000
   69.11   55.55 -134.23   0.0020000
  -75.29  120.98  -33.33   0.0020000
   67.94  121.98  -52.07   0.0020000
  -19.71   52.68   44.51   0.0020000
  -30.29    1.60  -44.65   0.0020000
   48.13  106.12  106.88   0.0020000
 -174.40   17.45  -46.51   0.0020000
  -40.37  121.01  141.81   0.0020000
 -104.75   56.11 -133.84   0.0020000
 -177.56  155.98  -44.79   0.0020000
  -60.63   56.66 -138.43   0.0020000
  164.26   55.09 -136.64   0.0020000
    9.65  132.13 -134.45   0.0020000
   43.96  125.10 -136.68   0.0020000
  177.84   39.55  134.95   0.0020000
 -126.26   55.26 -133.53   0.0020000
   39.50  103.09   14.58   0.0020000
  -33.60  111.94  154.08   0.0020000
   14.02    4.55 -136.34   0.0020000
 -116.91  118.68  -58.01   0.0020000
   -9.91  164.20   43.31   0.0020000
  -20.16  166.79   41.77   0.0020000
    5.69  133.38 -134.57   0.0020000
  171.52   51.45   44.73   0.0020000
  131.20   71.32  109.48   0.0020000
    2.15  131.21   45.22   0.0020000
 -151.41   60.17  141.66   0.0020000
    6.94   22.87 -136.07   0.0020000
  -13.02  140.14  133.86   0.0020000
  -48.82   97.56  172.84   0.0020000
   22.20    0.97   58.07   0.0020000
  136.28   63.05 -148.53   0.0020000
 -173.34   62.41  137.27   0.0020000
   51.67  108.31  108.99   0.0020000
    3.13  126.32   44.96   0.0020000
    8.26   56.10  -43.83   0.0020000
 -157.65   31.81  -47.88   0.0020000
  170.45   26.13  -43.59   0.0020000
   81.14   85.83  176.16   0.0020000
   22.49  127.78 -135.13   0.0020000
  -48.85  103.67  -13.59   0.0020000
 -177.59  132.71 -134.99   0.0020000
  129.12  126.60  134.20   0.0020000
   96.92   57.77  -55.05   0.0020000
   92.48  123.94  -47.00   0.0020000
 -146.73   68.77   64.45   0.0020000
   71.94   56.03  -42.98   0.0020000
 -170.04   87.95   88.20   0.0020000
  127.88   56.14   41.69   0.0020000
  178.18  129.44  134.87   0.0020000
   43.50   93.34   93.60   0.0020000
  112.72   60.26  -55.64   0.0020000
    6.90   33.94   44.25   0.0020000
  -33.56   53.47  134.34   0.0020000
   -6.22  125.87 -134.32   0.0020000
  -36.52  107.06 -109.43   0.0020000
    8.82   48.76 -135.15   0.0020000
   73.12  125.43   50.08   0.0020000
  -81.27  124.20  134.70   0.0020000
 -140.50   54.00 -134.15   0.0020000
  121.93  116.48 -119.34   0.0020000
  128.28  124.54  -43.08   0.0020000
   83.41   55.63   42.24   0.0020000
  -59.19   55.48  -46.36   0.0020000
 -132.45  119.68   35.17   0.0020000
   -3.57  135.45  -44.98   0.0020000
   11.71   35.30  -46.27   0.0020000
   31.64   94.12   94.77   0.0020000
   64.81   61.82  149.69   0.0020000
  -99.60   56.38  137.91   0.0020000
 -165.47  133.52   45.71   0.0020000
   65.09  144.78  -18.57   0.0020000
   86.26   89.97  -89.41   0.0020000
 -171.60  127.60  -45.42   0.0020000
 -162.40   54.18 -133.97   0.0020000
   14.62  154.10  -42.37   0.0020000
   21.36   87.34   -2.23   0.0020000
 -120.96  121.27  126.91   0.0020000
   44.33   87.62  -92.21   0.0020000
  -85.12   56.63  -51.85   0.0020000
 -142.72  124.69 -137.55   0.0020000
  -82.88  123.84  -41.98   0.0020000
  -71.71   71.75  104.51   0.0020000
  151.43  105.84  159.62   0.0020000
  -62.28   64.87   26.68   0.0020000
   12.48  127.79  134.93   0.0020000
  -24.33  133.60  133.04   0.0020000
  146.87  131.79  132.08   0.0020000
 -157.17   77.81   75.29   0.0020000
    0.77   19.27  135.13   0.0020000
 -141.02  102.50  103.50   0.0020000
  140.46  124.01   47.75   0.0020000
  130.01   56.64  130.91   0.0020000
  111.73   81.09   97.91   0.0020000
   39.81   91.40  -88.31   0.0020000
   94.90   55.99  133.57   0.0020000
 -178.48  127.41   44.86   0.0020000
  -55.98  124.09  -42.28   0.0020000
   58.07   77.82  -10.98   0.0020000
 -119.54   58.35   52.06   0.0020000
 -113.00   62.63 -119.48   0.0020000
 -174.41  149.96 -134.37   0.0020000
 -113.22  123.14  -49.93   0.0020000
   24.02  135.23   47.09   0.0020000
  140.12  106.41   71.61   0.0020000
  151.13   67.09 -150.49   0.0020000
   -7.20  125.06   46.27   0.0020000
  119.33   61.33 -148.34   0.0020000
 -116.94  123.27   40.77   0.0020000
 -140.21  126.29 -135.97   0.0020000
   73.84   56.66   49.43   0.0020000
   54.88  124.16   42.65   0.0020000
  -14.63   47.78  135.86   0.0020000
    5.19    2.56 -134.05   0.0020000
  122.11   93.52  176.55   0.0020000
  114.75   54.79  135.83   0.0020000
  -49.44  121.37 -127.89   0.0020000
   15.39  168.56   48.50   0.0020000
  161.61   34.29 -132.95   0.0020000
 -113.69   63.51  -28.25   0.0020000
  -86.35  124.33   38.78   0.0020000
  129.52  119.27  -34.81   0.0020000
  166.85  124.29  136.40   0.0020000
 -136.98  122.36 -140.38   0.0020000
 -117.86  121.82  -52.30   0.0020000
  120.51   65.24  -63.99   0.0020000
    9.14   51.32   45.31   0.0020000
  125.80   73.80 -164.26   0.0020000
 -126.23  121.93  128.41   0.0020000
 -106.78   56.14 -133.42   0.0020000
  120.96  124.95  135.41   0.0020000
  124.51   56.81   40.56   0.0020000
  143.14   57.93 -140.12   0.0020000
   43.50   86.33   86.45   0.0020000
 -139.80  119.63 -143.85   0.0020000
  131.99   63.87  -60.26   0.0020000
 -143.67   83.95  -96.69   0.0020000
  143.31   54.04  -46.35   0.0020000
  -63.75  123.87  -42.19   0.0020000
  -59.81   93.59   86.88   0.0020000
  -57.69  114.54  153.96   0.0020000
   57.21  105.70   15.13   0.0020000
 -177.63  147.50 -134.85   0.0020000
    1.44  159.29   45.58   0.0020000
   -9.89  166.09  133.54   0.0020000
 -117.43   53.35   41.47   0.0020000
  156.90  147.47 -139.23   0.0020000
   26.41  125.45   43.52   0.0020000
   17.92  123.65 -137.00   0.0020000
   98.95   88.74  -90.22   0.0020000
  -44.83  112.61  -25.19   0.0020000
   49.53  104.50  -75.16   0.0020000
 -175.78  141.75   45.26   0.0020000
 -115.41  111.18   20.18   0.0020000
    5.24   21.83  134.23   0.0020000
  -65.60  125.05  -45.42   0.0020000
  -76.99   54.91 -129.43   0.0020000
  172.79   43.93   45.30   0.0020000
  -29.41  135.96 -138.08   0.0020000
   39.95   77.63  166.76   0.0020000
   24.95  177.92 -140.54   0.0020000
  108.59   58.46  -53.58   0.0020000
   25.26  123.44 -137.71   0.0020000
   -2.40   41.63 -134.66   0.0020000
   25.80   91.81 -177.70   0.0020000
 -136.20   62.47  147.31   0.0020000
  153.74  171.44   37.02   0.0020000
 -143.39  101.82   13.00   0.0020000
 -170.37   55.55 -134.06   0.0020000
  -25.39  129.08  -45.36   0.0020000
  -45.06   89.90 -179.71   0.0020000
  125.89   59.82 -144.53   0.0020000
  -45.14  114.46  152.33   0.0020000
  -41.77   63.22   31.85   0.0020000
 -154.10   48.92 -136.61   0.0020000
 -139.23   87.26  -93.08   0.0020000
  -56.07   86.09  -86.21   0.0020000
  -37.93   67.09   26.93   0.0020000
 -161.75  171.43  137.39   0.0020000
  141.60   53.18   44.54   0.0020000
  174.01  132.06  134.65   0.0020000
 -138.64  107.46  109.06   0.0020000
  140.03  114.48 -118.79   0.0020000
 -123.04   79.24  169.95   0.0020000
   57.40   63.67 -118.71   0.0020000
 -133.98   97.69 -172.48   0.0020000
   39.25   74.69  -16.76   0.0020000
   54.62   60.28 -124.35   0.0020000
   -5.91  130.12   45.09   0.0020000
   -8.15  150.98  -46.04   0.0020000
  -42.21   82.47  -81.94   0.0020000
  -62.26  122.73   50.37   0.0020000
 -121.44  120.86 -143.84   0.0020000
  116.27  125.12 -135.65   0.0020000
 -110.14  124.60   44.89   0.0020000
  -60.02  109.76  160.85   0.0020000
 -115.15   99.22   97.98   0.0020000
  127.67   73.69  -73.88   0.0020000
  -74.08   71.90 -166.22   0.0020000
  -47.88   66.46 -153.59   0.0020000
   -5.63   52.69  134.83   0.0020000
  155.83   50.92   45.24   0.0020000
  -68.14  136.72 -155.90   0.0020000
   43.34  122.35   40.15   0.0020000
   12.78  127.48  -45.28   0.0020000
  116.08  123.67 -132.41   0.0020000
 -127.29   76.96  167.21   0.0020000
  -66.44   80.99  -81.77   0.0020000
  -32.90  128.33   44.74   0.0020000
  137.75   53.80  134.01   0.0020000
 -162.23  138.40  136.77   0.0020000
  -13.66   52.64  -45.38   0.0020000
    5.52  139.73   45.67   0.0020000
 -161.60  155.19  -41.84   0.0020000
 -136.25  115.55  -60.52   0.0020000
  -58.15  120.68 -125.94   0.0020000
  -52.69  124.14  137.77   0.0020000
 -178.33  130.46 -135.06   0.0020000
 -116.74  123.45  -48.83   0.0020000
  -90.84  124.03  133.05   0.0020000
  -92.29  124.11  134.69   0.0020000
   13.11  126.43  -45.66   0.0020000
 -122.79  127.74  -41.57   0.0020000
 -143.14  120.05   36.98   0.0020000
 -174.19  148.57 -134.37   0.0020000
   52.98  124.64   43.27   0.0020000
 -116.68  124.19  -47.15   0.0020000
  150.41   55.73  -47.63   0.0020000
 -113.99  124.32 -136.64   0.0020000
   61.29   72.93   74.21   0.0020000
  176.66  158.78  134.06   0.0020000
  -99.70  124.18  -45.18   0.0020000
   56.03  117.93  121.81   0.0020000
  135.97  103.56   75.46   0.0020000
  -20.84  124.41 -133.16   0.0020000
   -6.68   36.09 -134.04   0.0020000
  -69.81  123.59   48.41   0.0020000
    9.93   52.10  135.40   0.0020000
   95.56   63.13 -158.22   0.0020000
  -67.70   59.98   33.68   0.0020000
 -177.08  150.17  -44.74   0.0020000
   -8.42   53.28  134.65   0.0020000
  128.91   85.11 -175.37   0.0020000
 -106.63   57.00  139.84   0.0020000
 -163.11  133.95  135.98   0.0020000
 -178.89  130.59  135.20   0.0020000
   44.61   62.82  -31.62   0.0020000
   11.28   49.61  134.81   0.0020000
    1.28   41.20   45.02   0.0020000
 -137.48  113.77   27.02   0.0020000
  -22.02  177.66   52.32   0.0020000
  -48.58  113.32 -115.63   0.0020000
  -47.04   85.99 -175.86   0.0020000
 -124.97   66.70  155.00   0.0020000
  164.02   88.02 -176.64   0.0020000
 -112.59   90.28   90.16   0.0020000
   48.31  123.31  131.16   0.0020000
  -59.93  124.03  137.55   0.0020000
  172.27   52.83  134.44   0.0020000
  178.02  128.19  135.00   0.0020000
 -156.02   45.92 -137.53   0.0020000
   55.92  113.83 -154.38   0.0020000
  -30.99  100.40   77.99   0.0020000
 -117.25   58.34   52.24   0.0020000
  -54.35   63.05 -149.43   0.0020000
 -147.52  105.90   18.45   0.0020000
   14.08  133.22   45.89   0.0020000
  124.06   94.14  -94.01   0.0020000
  -44.84  103.39  166.19   0.0020000
  111.51  124.50 -135.04   0.0020000
   16.39   29.82  132.78   0.0020000
  -42.55   96.31  -96.36   0.0020000
    6.61  128.21  134.96   0.0020000
   40.33  121.68   39.49   0.0020000
  123.94   89.28    0.46   0.0020000
  147.04   63.81   32.49   0.0020000
  -57.94  119.71   55.76   0.0020000
   45.33   99.27  -80.37   0.0020000
  179.06  165.77  134.37   0.0020000
 -160.92   38.51   41.83   0.0020000
   40.77  110.19  112.95   0.0020000
 -124.10   76.26   76.85   0.0020000
    5.46  132.14  135.37   0.0020000
   64.49  117.73 -149.58   0.0020000
  -44.05  120.05 -126.30   0.0020000
  162.51  123.07  -42.62   0.0020000
  178.67   29.65  -45.01   0.0020000
   68.21  123.29 -138.65   0.0020000
   95.55   55.69   47.67   0.0020000
   22.13  143.91   47.66   0.0020000
   82.51  121.60   34.46   0.0020000
 -170.55  127.84 -135.43   0.0020000
   57.24   86.66   -2.94   0.0020000
 -159.62  135.50   46.41   0.0020000
   52.82   54.20 -134.62   0.0020000
 -135.92  124.57   42.42   0.0020000
  127.82  124.10 -132.38   0.0020000
 -102.15  123.98   44.51   0.0020000
  -28.33  126.48  136.09   0.0020000
  115.17   99.64  -98.70   0.0020000
 -173.52   19.91  133.41   0.0020000
 -122.03   88.91  178.84   0.0020000
    7.86   89.75   -3.35   0.0020000
 -103.04   56.68   49.20   0.0020000
 -129.65  120.91   37.03   0.0020000
  123.78    0.76    0.00   0.0020000
  140.16   80.96   99.55   0.0020000
  -51.97  110.15   69.15   0.0020000
  138.09  117.39  147.34   0.0020000
 -139.99  123.22  -49.05   0.0020000
  125.64   57.70 -140.89   0.0020000
 -160.96  140.88   46.65   0.0020000
   39.67   68.88 -113.96   0.0020000
  110.70   56.23  132.55   0.0020000
   -2.02  153.11   44.91   0.0020000
  -46.88   91.94  178.29   0.0020000
  139.91  136.24  -49.40   0.0020000
  129.85   52.43  136.60   0.0020000
 -120.44   54.88  -44.85   0.0020000
   -7.64   23.37 -133.30   0.0020000
   33.34  122.20  -50.04   0.0020000
   53.65   81.58  -97.69   0.0020000
  -21.53  170.69  -48.46   0.0020000
  -32.31   56.33  -47.98   0.0020000
   34.58   47.17  -48.26   0.0020000
  -46.53   74.44  106.46   0.0020000
  -82.63   59.38  -61.84   0.0020000
   18.52  126.55  134.25   0.0020000
  179.97  132.33  134.90   0.0020000
  171.39   49.34  135.03   0.0020000
  -89.24  123.98  -39.56   0.0020000
   41.89   89.51  179.70   0.0020000
    6.02  122.33  -45.93   0.0020000
   90.38   55.89 -135.59   0.0020000
  177.36  129.56  134.87   0.0020000
  121.85   68.95  111.14   0.0020000
  156.92  145.91  131.73   0.0020000
  128.47   68.13  -66.81   0.0020000
 -125.79  112.21  -66.77   0.0020000
  150.57   51.49  135.26   0.0020000
   47.52   67.70   65.67   0.0020000
 -175.75  129.14 -135.11   0.0020000
  -67.54  126.01  -48.32   0.0020000
 -163.22   54.44 -133.86   0.0020000
   81.08   55.46   42.25   0.0020000
   78.90   55.28  -48.25   0.0020000
   22.32   35.28  -48.10   0.0020000
 -170.92   41.27  133.90   0.0020000
 -140.67  112.69   26.05   0.0020000
 -148.92   49.90  -46.49   0.0020000
   62.62   75.90  168.06   0.0020000
 -134.33  121.19  -51.98   0.0020000
 -144.46  118.36  -55.82   0.0020000
 -122.07  121.44 -142.78   0.0020000
 -119.27   58.00  141.42   0.0020000
  -94.25   56.21   46.54   0.0020000
 -173.17  122.66   43.84   0.0020000
  149.22  135.97  -48.49   0.0020000
  -47.02   90.87  -90.66   0.0020000
   23.18   87.56  -92.22   0.0020000
  178.13  143.65  -45.40   0.0020000
  -30.36   55.92 -137.58   0.0020000
  -99.07  116.83   24.48   0.0020000
  -55.63   61.96 -147.84   0.0020000
  162.17   52.78 -135.76   0.0020000
   -3.81  171.96 -135.12   0.0020000
   62.19  125.39  135.81   0.0020000
  125.05   79.19 -170.12   0.0020000
   15.30  125.71 -136.00   0.0020000
  131.14  125.29 -133.74   0.0020000
    5.10   54.77   45.65   0.0020000
  -87.14   98.06  176.49   0.0020000
 -135.62  119.00   34.21   0.0020000
 -139.17  122.43  -50.06   0.0020000
    6.57  176.51 -131.91   0.0020000
  -23.82   61.06   38.46   0.0020000
 -158.43  113.74  119.67   0.0020000
   68.43   55.00 -135.83   0.0020000
 -174.68  130.79 -135.01   0.0020000
  -53.47   44.91 -124.34   0.0020000
  136.01  120.54  -37.44   0.0020000
   12.35   20.36 -137.17   0.0020000
   62.02   55.16  135.81   0.0020000
 -137.28   55.20  -41.42   0.0020000
  -80.73   55.47  139.72   0.0020000
 -138.28   98.08    8.29   0.0020000
   70.55  106.58  104.14   0.0020000
   51.46   85.33   -4.24   0.0020000
  -18.64   60.05   40.70   0.0020000
   20.36  122.66  132.13   0.0020000
   -5.74  179.16  144.71   0.0020000
  -63.49  125.92  133.16   0.0020000
  170.14   34.84 -134.00   0.0020000
   69.44  119.70  -56.84   0.0020000
  -58.93  114.59  154.12   0.0020000
 -167.66   35.86   45.55   0.0020000
 -173.66   34.98  -45.97   0.0020000
   73.36  124.09   44.45   0.0020000
  135.79   52.84   45.05   0.0020000
  178.36   91.58 -168.86   0.0020000
 -173.22   45.33 -135.57   0.0020000
  121.79  123.30 -131.33   0.0020000
  -92.24   56.05  -46.26   0.0020000
  -83.41   57.66  124.54   0.0020000
  143.14   93.38   86.17   0.0020000
  -64.79   57.33 -140.06   0.0020000
   47.34  118.67  124.13   0.0020000
 -142.46   60.47   53.15   0.0020000
  -32.11  114.27  -29.70   0.0020000
   -5.82  128.70   45.22   0.0020000
   39.55   51.58  134.01   0.0020000
   35.34  114.02  118.73   0.0020000
 -169.34   24.78 -137.10   0.0020000
  -74.50   58.76  141.98   0.0020000
  -44.19   57.08   40.63   0.0020000
    0.57  131.58  135.21   0.0020000
 -128.50  126.39  -44.80   0.0020000
  167.64   36.28  136.22   0.0020000
  -47.72  121.06 -127.45   0.0020000
   63.03  124.20 -136.45   0.0020000
 -125.43  120.59  -53.96   0.0020000
   14.25  141.77  136.62   0.0020000
  -62.54  126.57   42.06   0.0020000
  -66.82   57.55   39.28   0.0020000
 -141.63  130.54  -42.63   0.0020000
 -170.98   51.74 -134.97   0.0020000
    7.81   55.14  135.95   0.0020000
   42.49   84.42   -5.57   0.0020000
  178.14  122.34 -134.49   0.0020000
   43.04   54.13  -43.27   0.0020000
  152.63   19.00 -130.45   0.0020000
  125.37   74.69 -165.33   0.0020000
 -106.58   55.54  134.22   0.0020000
 -119.27   74.14  165.10   0.0020000
   97.48  124.21  131.01   0.0020000
  165.57  142.43 -136.73   0.0020000
 -127.84  112.29   23.63   0.0020000
 -130.41   67.14   64.79   0.0020000
   53.98   60.00   54.96   0.0020000
  167.98  147.88  -46.86   0.0020000
 -178.36  114.95  -45.62   0.0020000
  -56.37  115.08  -26.93   0.0020000
  120.83   90.36   -0.56   0.0020000
   28.95  124.71   43.02   0.0020000
   -7.63  125.39   45.87   0.0020000
 -125.10  113.83  -64.63   0.0020000
