        EPSvm          Svm        SDEV1    SDEV2    SDEV3    SDEV4    SDEV5    SDEV6        DDEV1    DDEV2    DDEV3    DDEV4    DDEV5    DDEV6
  0.00000E+00  0.26384E+01        0.170    0.084    0.181    0.183    0.191    0.000        0.189    0.047    0.130    0.130    0.180    0.000
  0.23086E-01  0.26387E+01        0.171    0.085    0.177    0.187    0.192    0.000        0.185    0.046    0.127    0.129    0.178    0.000
  0.46172E-01  0.26374E+01        0.172    0.085    0.173    0.189    0.190    0.000        0.187    0.047    0.125    0.130    0.177    0.000
  0.69260E-01  0.26346E+01        0.172    0.086    0.167    0.190    0.186    0.000        0.192    0.048    0.124    0.132    0.179    0.000
  0.92347E-01  0.26332E+01        0.172    0.087    0.161    0.191    0.182    0.000        0.198    0.048    0.122    0.134    0.180    0.000
  0.11543E+00  0.26320E+01        0.172    0.087    0.155    0.192    0.179    0.000        0.202    0.049    0.120    0.136    0.182    0.000
  0.13851E+00  0.26306E+01        0.171    0.088    0.150    0.193    0.176    0.000        0.206    0.050    0.118    0.138    0.183    0.000
  0.16159E+00  0.26307E+01        0.171    0.089    0.147    0.196    0.175    0.000        0.207    0.049    0.116    0.138    0.183    0.000
  0.18465E+00  0.26304E+01        0.171    0.089    0.144    0.197    0.173    0.000        0.207    0.049    0.114    0.139    0.183    0.000
  0.20770E+00  0.26295E+01        0.170    0.090    0.142    0.198    0.172    0.000        0.209    0.049    0.114    0.139    0.184    0.000
  0.23074E+00  0.26283E+01        0.169    0.090    0.140    0.199    0.170    0.000        0.210    0.049    0.113    0.140    0.186    0.000
  0.25377E+00  0.26271E+01        0.168    0.090    0.139    0.200    0.169    0.000        0.212    0.049    0.112    0.140    0.189    0.000
  0.27678E+00  0.26265E+01        0.168    0.091    0.137    0.201    0.169    0.000        0.212    0.048    0.112    0.140    0.191    0.000
  0.29976E+00  0.26263E+01        0.167    0.092    0.137    0.203    0.169    0.000        0.211    0.048    0.111    0.140    0.192    0.000
  0.32271E+00  0.26255E+01        0.166    0.093    0.137    0.204    0.169    0.000        0.209    0.047    0.110    0.139    0.194    0.000
  0.34564E+00  0.26249E+01        0.165    0.093    0.137    0.206    0.170    0.000        0.207    0.046    0.110    0.137    0.195    0.000
  0.36854E+00  0.26240E+01        0.165    0.094    0.138    0.208    0.171    0.000        0.204    0.045    0.109    0.135    0.196    0.000
  0.39141E+00  0.26225E+01        0.164    0.094    0.139    0.208    0.172    0.000        0.203    0.044    0.109    0.134    0.199    0.000
  0.41425E+00  0.26212E+01        0.163    0.094    0.141    0.209    0.174    0.000        0.201    0.043    0.109    0.132    0.201    0.000
  0.43706E+00  0.26194E+01        0.163    0.095    0.142    0.211    0.174    0.000        0.199    0.042    0.108    0.130    0.202    0.000
  0.45984E+00  0.26174E+01        0.162    0.096    0.144    0.212    0.175    0.000        0.197    0.041    0.108    0.128    0.203    0.000
  0.48259E+00  0.26146E+01        0.162    0.097    0.146    0.214    0.175    0.000        0.196    0.040    0.107    0.125    0.203    0.000
  0.50531E+00  0.26115E+01        0.163    0.098    0.148    0.215    0.174    0.000        0.194    0.039    0.107    0.123    0.202    0.000
  0.52800E+00  0.26087E+01        0.163    0.100    0.151    0.218    0.175    0.000        0.191    0.037    0.106    0.120    0.200    0.000
  0.55066E+00  0.26044E+01        0.164    0.101    0.153    0.220    0.174    0.000        0.190    0.037    0.105    0.118    0.198    0.000
  0.57331E+00  0.26011E+01        0.165    0.103    0.156    0.223    0.174    0.000        0.187    0.036    0.104    0.115    0.196    0.000
  0.59594E+00  0.25975E+01        0.165    0.104    0.159    0.226    0.175    0.000        0.184    0.035    0.103    0.113    0.195    0.000
  0.61855E+00  0.25940E+01        0.166    0.106    0.162    0.229    0.176    0.000        0.181    0.034    0.102    0.110    0.193    0.000
  0.64116E+00  0.25901E+01        0.166    0.107    0.165    0.232    0.176    0.000        0.179    0.033    0.101    0.107    0.192    0.000
  0.66375E+00  0.25865E+01        0.166    0.108    0.168    0.235    0.177    0.000        0.176    0.032    0.101    0.105    0.190    0.000
  0.68635E+00  0.25835E+01        0.167    0.109    0.171    0.238    0.178    0.000        0.173    0.031    0.100    0.103    0.189    0.000
  0.70893E+00  0.25805E+01        0.167    0.110    0.174    0.241    0.178    0.000        0.171    0.031    0.099    0.100    0.188    0.000
  0.73152E+00  0.25777E+01        0.167    0.111    0.177    0.244    0.178    0.000        0.168    0.030    0.098    0.098    0.186    0.000
  0.75410E+00  0.25752E+01        0.168    0.111    0.179    0.248    0.179    0.000        0.166    0.029    0.098    0.096    0.185    0.000
  0.77667E+00  0.25729E+01        0.168    0.112    0.182    0.251    0.179    0.000        0.164    0.028    0.097    0.094    0.184    0.000
  0.79924E+00  0.25706E+01        0.168    0.112    0.185    0.254    0.180    0.000        0.163    0.027    0.096    0.092    0.182    0.000
  0.82181E+00  0.25684E+01        0.169    0.112    0.188    0.258    0.181    0.000        0.161    0.026    0.095    0.090    0.180    0.000
  0.84438E+00  0.25657E+01        0.169    0.112    0.190    0.261    0.182    0.000        0.160    0.025    0.094    0.087    0.179    0.000
  0.86694E+00  0.25631E+01        0.169    0.112    0.193    0.263    0.182    0.000        0.159    0.025    0.093    0.085    0.177    0.000
  0.88951E+00  0.25607E+01        0.170    0.112    0.196    0.266    0.183    0.000        0.159    0.024    0.092    0.083    0.176    0.000
  0.91208E+00  0.25579E+01        0.170    0.112    0.198    0.269    0.184    0.000        0.159    0.023    0.091    0.081    0.175    0.000
  0.93465E+00  0.25560E+01        0.170    0.112    0.202    0.272    0.186    0.000        0.158    0.022    0.090    0.079    0.173    0.000
  0.95722E+00  0.25531E+01        0.171    0.113    0.204    0.275    0.187    0.000        0.159    0.021    0.089    0.077    0.171    0.000
  0.97980E+00  0.25503E+01        0.172    0.113    0.207    0.278    0.187    0.000        0.159    0.021    0.088    0.075    0.168    0.000
  0.10024E+01  0.25475E+01        0.172    0.114    0.210    0.282    0.188    0.000        0.159    0.020    0.087    0.073    0.166    0.000
  0.10250E+01  0.25523E+01        0.174    0.114    0.213    0.285    0.187    0.000        0.151    0.018    0.085    0.071    0.158    0.000
  0.10476E+01  0.25515E+01        0.174    0.114    0.214    0.288    0.187    0.000        0.150    0.018    0.084    0.069    0.156    0.000
  0.10702E+01  0.25504E+01        0.175    0.113    0.216    0.291    0.187    0.000        0.148    0.017    0.083    0.068    0.155    0.000
  0.10928E+01  0.25495E+01        0.176    0.113    0.218    0.294    0.187    0.000        0.146    0.017    0.083    0.066    0.153    0.000
  0.11154E+01  0.25486E+01        0.177    0.113    0.220    0.298    0.187    0.000        0.145    0.016    0.082    0.064    0.151    0.000
  0.11380E+01  0.25475E+01        0.177    0.112    0.222    0.301    0.188    0.000        0.144    0.015    0.081    0.063    0.150    0.000
        EPSvm          Svm        SDEV1    SDEV2    SDEV3    SDEV4    SDEV5    SDEV6        DDEV1    DDEV2    DDEV3    DDEV4    DDEV5    DDEV6
  0.11380E+01  0.25475E+01        0.177    0.112    0.301    0.222    0.188    0.000        0.144    0.015    0.063    0.081    0.150    0.000
  0.11606E+01  0.25484E+01        0.177    0.112    0.298    0.220    0.187    0.000        0.145    0.016    0.064    0.082    0.151    0.000
  0.11833E+01  0.25495E+01        0.176    0.113    0.295    0.218    0.187    0.000        0.146    0.017    0.066    0.083    0.153    0.000
  0.12059E+01  0.25504E+01        0.175    0.113    0.291    0.216    0.187    0.000        0.148    0.017    0.068    0.084    0.154    0.000
  0.12285E+01  0.25515E+01        0.175    0.113    0.288    0.215    0.187    0.000        0.149    0.018    0.069    0.084    0.156    0.000
  0.12511E+01  0.25525E+01        0.174    0.113    0.285    0.213    0.187    0.000        0.151    0.018    0.071    0.085    0.157    0.000
  0.12737E+01  0.25530E+01        0.173    0.113    0.282    0.212    0.187    0.000        0.153    0.019    0.072    0.086    0.159    0.000
  0.12963E+01  0.25534E+01        0.172    0.112    0.279    0.210    0.187    0.000        0.155    0.019    0.074    0.087    0.160    0.000
  0.13189E+01  0.25534E+01        0.172    0.112    0.277    0.209    0.187    0.000        0.157    0.020    0.075    0.088    0.161    0.000
  0.13414E+01  0.25532E+01        0.171    0.111    0.274    0.207    0.187    0.000        0.159    0.020    0.077    0.088    0.162    0.000
  0.13640E+01  0.25530E+01        0.171    0.111    0.272    0.206    0.186    0.000        0.160    0.021    0.079    0.089    0.163    0.000
  0.13866E+01  0.25523E+01        0.171    0.112    0.269    0.204    0.185    0.000        0.163    0.021    0.080    0.089    0.164    0.000
  0.14092E+01  0.25515E+01        0.171    0.112    0.267    0.202    0.185    0.000        0.164    0.022    0.081    0.089    0.164    0.000
  0.14318E+01  0.25505E+01        0.170    0.113    0.264    0.201    0.184    0.000        0.166    0.022    0.083    0.089    0.164    0.000
  0.14544E+01  0.25494E+01        0.170    0.113    0.262    0.199    0.183    0.000        0.168    0.023    0.084    0.089    0.165    0.000
  0.14770E+01  0.25477E+01        0.170    0.114    0.259    0.198    0.182    0.000        0.171    0.023    0.086    0.089    0.166    0.000
  0.14996E+01  0.25463E+01        0.170    0.114    0.256    0.196    0.181    0.000        0.172    0.024    0.087    0.089    0.167    0.000
  0.15222E+01  0.25443E+01        0.170    0.114    0.254    0.195    0.181    0.000        0.174    0.024    0.088    0.089    0.167    0.000
  0.15448E+01  0.25422E+01        0.170    0.115    0.251    0.193    0.180    0.000        0.176    0.025    0.089    0.089    0.168    0.000
  0.15674E+01  0.25400E+01        0.169    0.115    0.249    0.191    0.180    0.000        0.178    0.025    0.090    0.088    0.169    0.000
  0.15900E+01  0.25376E+01        0.169    0.114    0.246    0.189    0.179    0.000        0.181    0.026    0.091    0.088    0.170    0.000
  0.16126E+01  0.25351E+01        0.168    0.114    0.243    0.187    0.178    0.000        0.186    0.026    0.092    0.087    0.171    0.000
  0.16353E+01  0.25329E+01        0.168    0.114    0.240    0.184    0.179    0.000        0.192    0.027    0.093    0.086    0.172    0.000
  0.16579E+01  0.25305E+01        0.166    0.113    0.237    0.182    0.179    0.000        0.202    0.027    0.095    0.086    0.173    0.000
  0.16805E+01  0.25278E+01        0.165    0.113    0.234    0.179    0.180    0.000        0.214    0.028    0.097    0.085    0.173    0.000
  0.17031E+01  0.25256E+01        0.164    0.113    0.232    0.177    0.183    0.000        0.228    0.029    0.099    0.084    0.171    0.000
  0.17257E+01  0.25240E+01        0.163    0.114    0.229    0.175    0.186    0.000        0.239    0.029    0.100    0.084    0.169    0.000
  0.17483E+01  0.25220E+01        0.163    0.115    0.227    0.174    0.189    0.000        0.243    0.030    0.102    0.083    0.168    0.000
  0.17710E+01  0.25192E+01        0.164    0.116    0.224    0.173    0.190    0.000        0.237    0.031    0.103    0.082    0.168    0.000
  0.17936E+01  0.25144E+01        0.166    0.116    0.223    0.172    0.189    0.000        0.226    0.031    0.103    0.081    0.171    0.000
  0.18163E+01  0.25090E+01        0.167    0.117    0.222    0.171    0.187    0.000        0.217    0.031    0.104    0.080    0.174    0.000
  0.18391E+01  0.25033E+01        0.167    0.118    0.221    0.169    0.185    0.000        0.214    0.032    0.104    0.079    0.175    0.000
  0.18618E+01  0.24969E+01        0.167    0.119    0.221    0.167    0.184    0.000        0.218    0.032    0.105    0.077    0.176    0.000
  0.18846E+01  0.24915E+01        0.167    0.121    0.221    0.166    0.186    0.000        0.225    0.032    0.106    0.076    0.173    0.000
  0.19073E+01  0.24855E+01        0.166    0.122    0.221    0.165    0.189    0.000        0.236    0.033    0.107    0.075    0.170    0.000
  0.19301E+01  0.24811E+01        0.167    0.123    0.221    0.166    0.193    0.000        0.242    0.033    0.107    0.073    0.165    0.000
  0.19530E+01  0.24767E+01        0.168    0.124    0.221    0.167    0.195    0.000        0.237    0.032    0.108    0.072    0.163    0.000
  0.19758E+01  0.24738E+01        0.170    0.124    0.221    0.168    0.194    0.000        0.222    0.032    0.108    0.070    0.163    0.000
  0.19986E+01  0.24724E+01        0.172    0.124    0.222    0.168    0.194    0.000        0.206    0.032    0.109    0.069    0.167    0.000
  0.20214E+01  0.24722E+01        0.172    0.123    0.222    0.170    0.194    0.000        0.193    0.031    0.110    0.069    0.172    0.000
  0.20443E+01  0.24726E+01        0.172    0.120    0.221    0.172    0.195    0.000        0.185    0.031    0.111    0.070    0.177    0.000
  0.20671E+01  0.24744E+01        0.171    0.117    0.220    0.174    0.196    0.000        0.181    0.030    0.112    0.071    0.181    0.000
  0.20899E+01  0.24770E+01        0.170    0.114    0.218    0.177    0.197    0.000        0.179    0.029    0.113    0.072    0.185    0.000
  0.21127E+01  0.24808E+01        0.168    0.111    0.216    0.180    0.199    0.000        0.179    0.029    0.114    0.073    0.188    0.000
  0.21355E+01  0.24851E+01        0.167    0.109    0.214    0.184    0.201    0.000        0.179    0.029    0.114    0.074    0.191    0.000
  0.21582E+01  0.24881E+01        0.166    0.109    0.213    0.187    0.201    0.000        0.180    0.029    0.115    0.076    0.193    0.000
  0.21810E+01  0.24916E+01        0.166    0.109    0.212    0.191    0.200    0.000        0.180    0.029    0.115    0.076    0.193    0.000
  0.22038E+01  0.24962E+01        0.167    0.111    0.212    0.194    0.198    0.000        0.180    0.029    0.115    0.076    0.190    0.000
  0.22265E+01  0.25000E+01        0.167    0.113    0.211    0.196    0.193    0.000        0.181    0.029    0.115    0.076    0.187    0.000
  0.22493E+01  0.25039E+01        0.168    0.115    0.209    0.197    0.186    0.000        0.185    0.030    0.117    0.077    0.183    0.000
  0.22720E+01  0.25084E+01        0.170    0.116    0.206    0.199    0.178    0.000        0.189    0.031    0.118    0.078    0.179    0.000
