TEXTURE AT STRAIN =    1.0000
   1.000   1.208   0.414  <-- length of average ellipsoid axes for phase
 -158.38   90.00   90.00  <-- Euler angles of average ellipsoid axes for phase
B       500
   92.40  119.40   26.63   0.0020000
  -87.81   33.19   59.10   0.0020000
  144.64   34.06   80.54   0.0020000
  164.72   85.14   42.19   0.0020000
 -179.93   68.46   17.32   0.0020000
   27.04   14.61  -93.47   0.0020000
   44.96   80.59  -43.19   0.0020000
 -112.53  142.04  -10.31   0.0020000
  -15.09   68.26  129.82   0.0020000
  -32.98  139.64 -158.74   0.0020000
  -42.39  146.53  -90.09   0.0020000
   72.58  154.92   75.68   0.0020000
   54.32   52.69   29.86   0.0020000
   67.18  132.77  169.07   0.0020000
   72.76  131.79   -5.14   0.0020000
  -54.67   81.71  173.98   0.0020000
  100.19   23.34 -119.90   0.0020000
  128.51   47.97    9.42   0.0020000
  117.79   50.71 -155.26   0.0020000
  -38.47   39.19  169.44   0.0020000
 -114.46  136.08  -12.54   0.0020000
   66.08  139.62 -100.63   0.0020000
  -65.95   13.17   83.86   0.0020000
 -128.18   35.08 -149.77   0.0020000
  164.51   91.19   48.00   0.0020000
   99.53  104.34  -52.96   0.0020000
  -13.08   91.90  -77.09   0.0020000
   19.35   47.08  168.57   0.0020000
  -54.23  107.20  -99.76   0.0020000
  -13.76  121.98  -39.17   0.0020000
  164.77   85.89   51.29   0.0020000
   44.29   45.54  -48.14   0.0020000
 -139.66  124.46  127.87   0.0020000
  -80.64   75.14 -119.03   0.0020000
  -17.04  128.24 -137.43   0.0020000
   41.91   58.81 -129.34   0.0020000
   43.59  140.62 -131.78   0.0020000
 -101.61   50.36  176.26   0.0020000
  -85.68  110.08  117.24   0.0020000
   52.21   91.49   67.15   0.0020000
 -116.35  138.73   73.01   0.0020000
  137.94   58.48   89.64   0.0020000
  176.18   59.28 -158.91   0.0020000
  -18.88   50.97  140.14   0.0020000
 -146.94   54.21 -116.11   0.0020000
 -134.33   90.72 -135.50   0.0020000
  -48.96   45.47    5.94   0.0020000
  164.49   80.14  130.85   0.0020000
   -4.31   50.53 -156.94   0.0020000
  -51.46   42.06 -169.23   0.0020000
  -67.33   35.46  -55.51   0.0020000
  -13.55   99.07  154.19   0.0020000
   47.99  121.30 -127.88   0.0020000
  142.30  155.83  -90.56   0.0020000
  101.83   51.38 -132.55   0.0020000
  -55.79  130.42  -15.58   0.0020000
   89.99  115.92  -67.13   0.0020000
   -6.31   49.18   28.35   0.0020000
  -40.50   22.69   -6.06   0.0020000
  102.84   85.77   99.49   0.0020000
 -151.37   15.44  -11.47   0.0020000
   -8.08  113.16  154.85   0.0020000
  -78.64   60.33 -131.20   0.0020000
 -133.86  162.43  -54.69   0.0020000
  -15.72   81.26 -138.70   0.0020000
  166.79   68.73 -144.45   0.0020000
   39.33  141.36 -138.71   0.0020000
   47.76  130.21 -127.89   0.0020000
 -105.96   43.81   90.36   0.0020000
 -116.74   47.16 -160.67   0.0020000
   48.15   77.02   36.04   0.0020000
    4.67  121.58  168.39   0.0020000
  155.40   25.46  146.94   0.0020000
  -79.25   88.70  -48.99   0.0020000
   90.33  148.76  112.39   0.0020000
  -38.33  146.38    8.61   0.0020000
   33.87  141.44 -147.12   0.0020000
  158.99   50.21   55.22   0.0020000
  161.34   71.69   60.35   0.0020000
   48.76  143.32   55.94   0.0020000
 -149.23   51.96  156.51   0.0020000
   67.53   32.95 -166.69   0.0020000
  -35.27  137.26  103.09   0.0020000
  -17.49  106.50 -144.13   0.0020000
   66.67    2.36   63.15   0.0020000
  178.98   56.69 -163.17   0.0020000
 -136.11   86.39  136.57   0.0020000
  106.65   92.26  109.24   0.0020000
   53.04  129.31   60.66   0.0020000
   46.09   74.37  -48.13   0.0020000
 -175.46   41.61   10.59   0.0020000
  130.09   39.77    8.49   0.0020000
  119.34   85.26  168.09   0.0020000
   51.36  139.18 -121.05   0.0020000
    5.73   96.58   -0.47   0.0020000
 -128.28  143.56 -120.41   0.0020000
  153.01  134.92  116.19   0.0020000
  107.38   69.20  -51.63   0.0020000
   95.37  119.84  -57.52   0.0020000
 -135.70   80.89   51.49   0.0020000
   97.72   58.96  -36.15   0.0020000
 -138.50   82.29   64.67   0.0020000
  167.06   61.44   35.35   0.0020000
  154.81  132.37  113.37   0.0020000
   95.88  103.66   93.52   0.0020000
  163.85   89.78  -45.20   0.0020000
   64.14   35.69   15.70   0.0020000
  -18.22   57.98  138.22   0.0020000
   46.71  114.87 -128.05   0.0020000
  -13.01   92.02 -127.45   0.0020000
   37.68   41.18 -128.15   0.0020000
  119.47  120.77   76.02   0.0020000
  -83.94  124.14  123.29   0.0020000
 -116.57   44.39 -163.93   0.0020000
  133.94  125.11  -94.50   0.0020000
  164.49  121.86  -42.26   0.0020000
  111.95   54.62   33.27   0.0020000
  -21.02   38.47  -38.81   0.0020000
 -132.65   95.16   27.02   0.0020000
   72.33  136.63   -2.60   0.0020000
   33.63   30.91  -28.43   0.0020000
   48.25   90.14  108.13   0.0020000
   77.40   47.76  176.16   0.0020000
  -89.76   57.44  155.24   0.0020000
 -144.46  140.65   34.97   0.0020000
   75.69  135.75    1.12   0.0020000
  129.59   77.63  -85.96   0.0020000
 -135.03  134.37  -40.65   0.0020000
 -133.32   51.90 -140.92   0.0020000
    5.88  142.60 -101.12   0.0020000
   36.89   81.39   -8.57   0.0020000
  -83.06  108.86  123.54   0.0020000
   77.58  124.31  -91.03   0.0020000
  -55.26   45.71  -74.78   0.0020000
 -144.35  130.52 -147.88   0.0020000
  -69.56  126.31  -35.69   0.0020000
  -47.42   48.27   93.74   0.0020000
  167.42   91.16  143.30   0.0020000
  -52.28   57.62   11.10   0.0020000
   64.75  136.94  166.70   0.0020000
  -28.70  137.61  113.30   0.0020000
  143.17  134.77  101.01   0.0020000
 -160.98   51.69   82.24   0.0020000
   75.36   42.56   89.38   0.0020000
 -110.98  126.11   81.61   0.0020000
  164.74  101.22   49.11   0.0020000
  169.16   59.40  122.26   0.0020000
  107.03   83.35  123.92   0.0020000
   84.32   91.54  -89.34   0.0020000
  104.67   59.81  134.23   0.0020000
 -123.40  136.14   65.99   0.0020000
  -15.37  107.29  -39.98   0.0020000
   96.92   67.49   -1.85   0.0020000
  -87.36   65.24   62.33   0.0020000
  -79.70   83.66 -127.30   0.0020000
  179.48  153.00  160.55   0.0020000
  -99.51  131.61  -81.04   0.0020000
   27.46  141.73   23.81   0.0020000
 -170.53  109.51   79.38   0.0020000
 -148.73   91.00 -155.12   0.0020000
   67.28  135.66   80.35   0.0020000
  136.01   45.90  179.84   0.0020000
  -85.48  118.04   31.56   0.0020000
 -133.48  135.41 -128.76   0.0020000
   94.06   63.35   59.70   0.0020000
   88.23  124.79   62.21   0.0020000
  -24.17   43.78  150.24   0.0020000
  131.68   11.64  161.78   0.0020000
  140.91  102.22 -178.83   0.0020000
  152.66   54.74  154.41   0.0020000
  -13.37  106.30 -123.83   0.0020000
   -1.89  146.12  -25.40   0.0020000
 -174.90   38.16 -167.46   0.0020000
  -77.31   95.98  -40.80   0.0020000
  -99.11  131.21    8.66   0.0020000
  164.69   96.04  -40.99   0.0020000
  166.00  103.16  139.52   0.0020000
 -150.06  129.35 -157.01   0.0020000
  -86.20  114.24  -60.67   0.0020000
  131.36   49.02  -83.55   0.0020000
   26.72   44.69   67.99   0.0020000
  147.20   71.44  176.34   0.0020000
  -95.20  126.15  106.35   0.0020000
  -85.60   55.72 -121.30   0.0020000
  159.28  117.18  126.44   0.0020000
  172.90   50.38   26.19   0.0020000
  171.02   62.49 -152.20   0.0020000
   65.18  131.07   75.21   0.0020000
 -135.10  102.48 -137.14   0.0020000
  167.07   77.61  -56.54   0.0020000
 -111.98   44.80  -80.94   0.0020000
  164.20   59.19  -46.95   0.0020000
  -75.67  135.01  -47.57   0.0020000
  -41.00   99.26   89.25   0.0020000
  -15.86   90.67  137.94   0.0020000
  115.34  100.33    2.42   0.0020000
 -150.15  157.70 -161.21   0.0020000
   65.45  148.93   73.92   0.0020000
   80.25  134.70 -171.65   0.0020000
  -55.57   50.72    7.45   0.0020000
  135.89  137.43 -179.46   0.0020000
   44.73  127.26   47.09   0.0020000
   46.74  108.32 -130.12   0.0020000
  136.07   61.62  -92.35   0.0020000
    1.39  113.83  -16.10   0.0020000
   63.79   52.76  -71.63   0.0020000
 -168.68  149.17   -1.46   0.0020000
  -59.27  108.52   -1.21   0.0020000
   72.44   39.87   94.23   0.0020000
  -31.15  134.30  -68.74   0.0020000
  -41.01   46.56  -96.20   0.0020000
 -112.70   40.05    8.73   0.0020000
  -19.42  140.73 -142.28   0.0020000
   57.97   95.69  162.40   0.0020000
   -3.58  165.33  145.08   0.0020000
  102.50   82.66  -47.84   0.0020000
   45.70  111.06 -132.98   0.0020000
   58.28   35.27 -157.82   0.0020000
   49.40   74.10 -147.38   0.0020000
 -134.89   82.61  150.05   0.0020000
  109.24  140.53  -37.72   0.0020000
 -133.49   87.73   37.91   0.0020000
 -134.09   70.51 -137.90   0.0020000
  -25.17  131.11  -61.41   0.0020000
   -2.19   93.34  156.58   0.0020000
  165.66   77.07 -143.68   0.0020000
   12.30  124.61  178.93   0.0020000
   -4.77   64.91   21.59   0.0020000
 -129.64   32.52 -146.31   0.0020000
  -90.28   89.59  -91.56   0.0020000
  -39.95   55.71  -94.93   0.0020000
    3.97   64.45   13.80   0.0020000
 -174.09  150.41   74.16   0.0020000
  159.84   62.89   53.21   0.0020000
  150.23  146.16  106.63   0.0020000
 -132.57   89.26  123.16   0.0020000
  178.89  115.53 -107.96   0.0020000
  -69.73  104.24  149.34   0.0020000
   94.49   71.07 -115.68   0.0020000
  -76.10   85.63 -175.58   0.0020000
   57.22   91.97  -12.71   0.0020000
   76.19   46.61  -92.67   0.0020000
  -22.62  142.79   26.06   0.0020000
  -43.63  140.93  -89.95   0.0020000
   20.05   81.34  -92.39   0.0020000
  -55.96  128.12   71.89   0.0020000
  -87.48  113.31 -153.34   0.0020000
   96.94  140.72 -166.66   0.0020000
  -71.75  126.72   51.56   0.0020000
  -48.16  128.83  174.28   0.0020000
  -52.15  111.73   87.39   0.0020000
  142.77   57.77  -97.16   0.0020000
  -51.67   50.58 -170.85   0.0020000
   13.12   64.40 -179.83   0.0020000
   51.68   46.74  119.96   0.0020000
  164.18   46.45   46.40   0.0020000
  -43.65  135.82 -177.72   0.0020000
   45.18  107.49   44.48   0.0020000
   45.68  136.25  -39.36   0.0020000
  164.08  103.57 -130.40   0.0020000
 -101.62   52.04  177.05   0.0020000
  -61.45   72.38  -71.05   0.0020000
  -12.51  132.93   49.53   0.0020000
  173.21   48.53  118.99   0.0020000
 -116.78  146.35  162.14   0.0020000
  -17.32   54.74  -42.30   0.0020000
   27.48  145.91   22.75   0.0020000
  -45.55  157.66    9.99   0.0020000
 -134.17   91.19  -47.23   0.0020000
  -13.08  107.00 -120.99   0.0020000
  -15.47  103.68  138.96   0.0020000
 -122.55  139.98 -112.60   0.0020000
  -88.73  120.67  -63.18   0.0020000
  -80.18  115.27  128.71   0.0020000
  -84.47  126.20  122.57   0.0020000
   40.70  128.91  -50.14   0.0020000
 -107.75  133.58   -4.90   0.0020000
 -144.61  121.38   27.89   0.0020000
 -175.16  150.53  166.41   0.0020000
   57.00  132.49   61.39   0.0020000
  -89.18  127.40  -64.61   0.0020000
  165.03   74.87  -50.46   0.0020000
  -93.12  131.01 -161.56   0.0020000
  120.96   70.84   93.97   0.0020000
 -106.37  140.80  177.67   0.0020000
  -78.81  123.55  -48.89   0.0020000
   81.41  129.45  100.11   0.0020000
  164.58   86.29   45.13   0.0020000
  -15.23   97.99 -134.15   0.0020000
  -40.49   30.37  -91.56   0.0020000
  -68.18  134.67   56.17   0.0020000
   43.91   44.10  132.04   0.0020000
  116.48   60.91 -155.67   0.0020000
  -50.20   46.01    8.22   0.0020000
 -141.44  158.22  -60.96   0.0020000
  -14.09   73.28  134.18   0.0020000
  164.61   96.97 -134.21   0.0020000
  -86.73   63.93  151.07   0.0020000
 -142.96  142.80  126.96   0.0020000
 -109.70  136.00  174.43   0.0020000
   49.40   87.44  -21.67   0.0020000
   55.86   38.93  115.04   0.0020000
   38.70   30.30   51.37   0.0020000
 -115.77   96.93    3.91   0.0020000
  -39.16  155.80    8.42   0.0020000
  -14.85   95.94 -129.70   0.0020000
    6.74   88.67  170.71   0.0020000
  -88.71   68.10  161.25   0.0020000
 -141.18  106.44 -150.87   0.0020000
  -53.10   99.37   86.36   0.0020000
   42.91  111.54  126.48   0.0020000
  -15.71  104.00  138.83   0.0020000
 -121.09   44.06  109.73   0.0020000
 -118.22  137.44  163.27   0.0020000
 -110.74   41.61 -172.34   0.0020000
   94.68  108.35 -157.65   0.0020000
   36.83   81.69   65.32   0.0020000
  -91.86   59.56   69.24   0.0020000
  -14.79   81.87 -142.21   0.0020000
 -135.02   94.76   38.50   0.0020000
   35.71  140.21   35.26   0.0020000
  145.17   67.43  -98.05   0.0020000
  -14.36   92.99  140.63   0.0020000
   90.50  129.96 -158.89   0.0020000
    7.93   38.00 -172.22   0.0020000
    1.44   97.73 -110.48   0.0020000
   39.10  132.91  128.73   0.0020000
   44.17  109.16   41.84   0.0020000
  140.34   60.36   -4.26   0.0020000
 -162.19   78.43   13.32   0.0020000
  -14.97  100.77   52.77   0.0020000
   98.17  103.08  -82.97   0.0020000
   85.79  146.58    8.52   0.0020000
 -105.55   44.07    0.31   0.0020000
   73.48  130.01   88.81   0.0020000
  -68.03   76.93   89.20   0.0020000
   41.00  143.37  134.41   0.0020000
   97.22  107.30 -149.13   0.0020000
  -11.58  106.23 -120.25   0.0020000
  169.43  106.78  -31.28   0.0020000
  116.67   35.80   28.95   0.0020000
   91.74  119.62 -152.59   0.0020000
   86.24   52.51   72.48   0.0020000
   10.56  140.66   -1.30   0.0020000
   99.94   97.01   38.49   0.0020000
 -141.12  132.48 -141.79   0.0020000
  122.05   75.47    7.62   0.0020000
 -159.86  140.86   13.69   0.0020000
   64.48   45.31 -163.59   0.0020000
 -133.57  122.69   49.28   0.0020000
  170.60  128.83 -123.07   0.0020000
  -79.06  100.16   44.21   0.0020000
  -16.91  117.09  134.43   0.0020000
  128.85  120.30  -98.39   0.0020000
  176.58   21.26 -154.03   0.0020000
  -58.29   94.90  173.67   0.0020000
   46.12   94.23  -36.48   0.0020000
  -92.84   54.48   70.58   0.0020000
 -134.19   98.77   43.67   0.0020000
  -92.41   43.86 -108.24   0.0020000
 -160.99   81.00   96.48   0.0020000
   -1.72   99.27   78.68   0.0020000
 -172.94  129.24  175.26   0.0020000
 -136.80  116.13  -49.07   0.0020000
  169.19   64.75 -150.97   0.0020000
 -173.86  138.43   -8.21   0.0020000
   45.79   89.16 -131.49   0.0020000
  163.21   82.84  133.01   0.0020000
   -4.62  170.70   -6.18   0.0020000
  -13.18   93.12 -144.42   0.0020000
  174.71  137.73  -28.79   0.0020000
  146.86   47.54  163.61   0.0020000
  -62.54   52.76  -66.39   0.0020000
  -52.02   37.02  -77.94   0.0020000
   17.16  134.28  -80.94   0.0020000
  112.64   78.70  -89.98   0.0020000
  -54.31  141.48 -104.28   0.0020000
  -10.52   59.29  -57.70   0.0020000
  129.98   41.55  -83.35   0.0020000
  -18.13   70.08   55.30   0.0020000
  -52.20   49.27  -80.38   0.0020000
   43.25  131.81  135.48   0.0020000
 -120.43  140.26  160.18   0.0020000
  153.36   35.20  156.97   0.0020000
  -60.00  131.68  -21.70   0.0020000
   94.43   96.72  179.86   0.0020000
   45.20   98.79  -44.94   0.0020000
   96.71   50.23 -124.09   0.0020000
  155.52  134.20  114.65   0.0020000
  164.05   91.59  128.80   0.0020000
  163.07  145.66  130.70   0.0020000
  164.75   87.33  -48.85   0.0020000
  -80.83  102.41  -65.58   0.0020000
  154.59   50.80  151.67   0.0020000
   91.41   75.26   77.51   0.0020000
 -126.97  139.69 -118.45   0.0020000
  -99.20  136.06  -83.49   0.0020000
 -138.54   53.61 -130.40   0.0020000
  116.10   46.35   27.29   0.0020000
  116.25   53.45  -63.37   0.0020000
  125.67   24.66  -89.07   0.0020000
 -108.51   42.64   94.29   0.0020000
 -134.90   96.86   40.09   0.0020000
 -140.78   38.50  -40.41   0.0020000
   74.54   49.60 -177.32   0.0020000
 -134.21   99.38  -44.61   0.0020000
 -165.18  131.74  -84.76   0.0020000
  -97.29  128.52 -167.56   0.0020000
  -93.15   55.89  160.99   0.0020000
  -79.49   66.56   49.75   0.0020000
 -133.90  101.42   47.92   0.0020000
  164.09  139.97  -46.92   0.0020000
  -14.89   82.09 -133.25   0.0020000
   44.99   88.61 -118.25   0.0020000
  126.41  143.47 -105.03   0.0020000
  -10.99   59.14 -146.65   0.0020000
  -34.83  117.61   13.87   0.0020000
  -14.99   81.67 -141.82   0.0020000
  166.70   52.27 -139.13   0.0020000
   75.63  170.33 -105.74   0.0020000
  117.77  134.10  155.38   0.0020000
  146.08   77.65  178.48   0.0020000
   42.20  125.91 -138.23   0.0020000
  172.65  132.92 -120.76   0.0020000
   41.41   66.80   52.44   0.0020000
  -57.53  122.67  163.74   0.0020000
 -105.49  133.15    1.17   0.0020000
 -138.96  117.39  -53.29   0.0020000
  -98.10  139.29   97.23   0.0020000
   47.45   76.70   33.39   0.0020000
 -157.81  131.22  103.99   0.0020000
  114.95   54.37 -151.77   0.0020000
 -146.29  138.27 -147.55   0.0020000
  -42.31   44.00  -94.09   0.0020000
  169.18  108.19  -28.34   0.0020000
   28.38   21.29 -100.51   0.0020000
  110.71   51.10  124.47   0.0020000
 -104.87   44.93   -1.89   0.0020000
  -49.34   52.52  176.08   0.0020000
 -116.48   67.06   16.61   0.0020000
  132.26  117.01   92.41   0.0020000
  106.81  109.13   -8.52   0.0020000
   44.12   87.83   42.98   0.0020000
   42.17  113.41  128.42   0.0020000
  131.76  153.59  -96.72   0.0020000
  -96.98  137.29   98.44   0.0020000
  141.41   24.40  -94.04   0.0020000
   97.38  108.18  -57.21   0.0020000
  -49.30  127.37  171.99   0.0020000
  134.14   39.64  100.76   0.0020000
 -142.61   29.89  -35.21   0.0020000
  103.01  123.01   43.80   0.0020000
  172.82   45.43   30.90   0.0020000
 -139.91  101.80 -147.30   0.0020000
 -139.16   34.78 -133.72   0.0020000
  165.98  115.36 -125.52   0.0020000
  -77.36   49.59  -43.36   0.0020000
  -59.53   54.48  109.96   0.0020000
 -154.08   84.13   75.31   0.0020000
  -60.60   51.78 -156.54   0.0020000
   45.69   96.42  132.80   0.0020000
 -135.72   75.25   48.73   0.0020000
   17.76  105.26  -10.94   0.0020000
  -21.41  130.16   32.59   0.0020000
   65.60   42.62  102.49   0.0020000
   21.60  127.39  100.31   0.0020000
 -150.59   25.76 -107.51   0.0020000
  -15.77   86.89  134.02   0.0020000
    0.54   49.10   14.07   0.0020000
   62.95  139.56  164.65   0.0020000
  -58.45  134.42  -17.42   0.0020000
  147.67   34.75  163.33   0.0020000
   -6.24  122.84 -114.63   0.0020000
  108.56  113.96 -125.74   0.0020000
  -92.15  118.52  -69.61   0.0020000
   20.88  143.03  104.08   0.0020000
  -51.32  142.76    8.52   0.0020000
  -63.32   52.57   26.83   0.0020000
  -54.00  138.87  -12.20   0.0020000
 -133.99   41.32 -141.69   0.0020000
   43.98   68.24  137.18   0.0020000
   82.47   62.41   -2.90   0.0020000
 -132.66  106.93 -128.26   0.0020000
   74.13   44.29   -1.44   0.0020000
  164.10   31.43 -132.24   0.0020000
  138.82   61.35  179.00   0.0020000
  -74.43   44.48  132.53   0.0020000
  -74.74   86.81  150.78   0.0020000
  142.13  119.03  103.94   0.0020000
  151.30  144.91 -157.69   0.0020000
  -96.20  122.52   11.95   0.0020000
  -96.44   57.51   78.47   0.0020000
   79.90   49.47   81.79   0.0020000
  144.96  145.46  -78.02   0.0020000
 -134.59   91.66  -44.73   0.0020000
  -41.12  130.33    3.61   0.0020000
  140.22   59.70   -4.84   0.0020000
   50.70  123.93   56.83   0.0020000
   37.02  101.02   46.54   0.0020000
  -79.95  100.03  -62.32   0.0020000
TEXTURE AT STRAIN =    1.0000
   1.000   1.208   0.414  <-- length of average ellipsoid axes for phase
  111.62   90.00   90.00  <-- Euler angles of average ellipsoid axes for phase
B       500
    2.40  119.40   26.63   0.0020000
 -177.81   33.19   59.10   0.0020000
   54.64   34.06   80.54   0.0020000
   74.72   85.14   42.19   0.0020000
   90.07   68.46   17.32   0.0020000
  -62.96   14.61  -93.47   0.0020000
  -45.04   80.59  -43.19   0.0020000
  157.47  142.04  -10.31   0.0020000
 -105.09   68.26  129.82   0.0020000
 -122.98  139.64 -158.74   0.0020000
 -132.39  146.53  -90.09   0.0020000
  -17.42  154.92   75.68   0.0020000
  -35.68   52.69   29.86   0.0020000
  -22.82  132.77  169.07   0.0020000
  -17.24  131.79   -5.14   0.0020000
 -144.67   81.71  173.98   0.0020000
   10.19   23.34 -119.90   0.0020000
   38.51   47.97    9.42   0.0020000
   27.79   50.71 -155.26   0.0020000
 -128.47   39.19  169.44   0.0020000
  155.54  136.08  -12.54   0.0020000
  -23.92  139.62 -100.63   0.0020000
 -155.95   13.17   83.86   0.0020000
  141.82   35.08 -149.77   0.0020000
   74.51   91.19   48.00   0.0020000
    9.53  104.34  -52.96   0.0020000
 -103.08   91.90  -77.09   0.0020000
  -70.65   47.08  168.57   0.0020000
 -144.23  107.20  -99.76   0.0020000
 -103.76  121.98  -39.17   0.0020000
   74.77   85.89   51.29   0.0020000
  -45.71   45.54  -48.14   0.0020000
  130.34  124.46  127.87   0.0020000
 -170.64   75.14 -119.03   0.0020000
 -107.04  128.24 -137.43   0.0020000
  -48.09   58.81 -129.34   0.0020000
  -46.41  140.62 -131.78   0.0020000
  168.39   50.36  176.26   0.0020000
 -175.68  110.08  117.24   0.0020000
  -37.79   91.49   67.15   0.0020000
  153.65  138.73   73.01   0.0020000
   47.94   58.48   89.64   0.0020000
   86.18   59.28 -158.91   0.0020000
 -108.88   50.97  140.14   0.0020000
  123.06   54.21 -116.11   0.0020000
  135.67   90.72 -135.50   0.0020000
 -138.96   45.47    5.94   0.0020000
   74.49   80.14  130.85   0.0020000
  -94.31   50.53 -156.94   0.0020000
 -141.46   42.06 -169.23   0.0020000
 -157.33   35.46  -55.51   0.0020000
 -103.55   99.07  154.19   0.0020000
  -42.01  121.30 -127.88   0.0020000
   52.30  155.83  -90.56   0.0020000
   11.83   51.38 -132.55   0.0020000
 -145.79  130.42  -15.58   0.0020000
   -0.01  115.92  -67.13   0.0020000
  -96.31   49.18   28.35   0.0020000
 -130.50   22.69   -6.06   0.0020000
   12.84   85.77   99.49   0.0020000
  118.63   15.44  -11.47   0.0020000
  -98.08  113.16  154.85   0.0020000
 -168.64   60.33 -131.20   0.0020000
  136.14  162.43  -54.69   0.0020000
 -105.72   81.26 -138.70   0.0020000
   76.79   68.73 -144.45   0.0020000
  -50.67  141.36 -138.71   0.0020000
  -42.24  130.21 -127.89   0.0020000
  164.04   43.81   90.36   0.0020000
  153.26   47.16 -160.67   0.0020000
  -41.85   77.02   36.04   0.0020000
  -85.33  121.58  168.39   0.0020000
   65.40   25.46  146.94   0.0020000
 -169.25   88.70  -48.99   0.0020000
    0.33  148.76  112.39   0.0020000
 -128.33  146.38    8.61   0.0020000
  -56.13  141.44 -147.12   0.0020000
   68.99   50.21   55.22   0.0020000
   71.34   71.69   60.35   0.0020000
  -41.24  143.32   55.94   0.0020000
  120.77   51.96  156.51   0.0020000
  -22.47   32.95 -166.69   0.0020000
 -125.27  137.26  103.09   0.0020000
 -107.49  106.50 -144.13   0.0020000
  -23.33    2.36   63.15   0.0020000
   88.98   56.69 -163.17   0.0020000
  133.89   86.39  136.57   0.0020000
   16.65   92.26  109.24   0.0020000
  -36.96  129.31   60.66   0.0020000
  -43.91   74.37  -48.13   0.0020000
   94.54   41.61   10.59   0.0020000
   40.09   39.77    8.49   0.0020000
   29.34   85.26  168.09   0.0020000
  -38.64  139.18 -121.05   0.0020000
  -84.27   96.58   -0.47   0.0020000
  141.72  143.56 -120.41   0.0020000
   63.01  134.92  116.19   0.0020000
   17.38   69.20  -51.63   0.0020000
    5.37  119.84  -57.52   0.0020000
  134.30   80.89   51.49   0.0020000
    7.72   58.96  -36.15   0.0020000
  131.50   82.29   64.67   0.0020000
   77.06   61.44   35.35   0.0020000
   64.81  132.37  113.37   0.0020000
    5.88  103.66   93.52   0.0020000
   73.85   89.78  -45.20   0.0020000
  -25.86   35.69   15.70   0.0020000
 -108.22   57.98  138.22   0.0020000
  -43.29  114.87 -128.05   0.0020000
 -103.01   92.02 -127.45   0.0020000
  -52.32   41.18 -128.15   0.0020000
   29.47  120.77   76.02   0.0020000
 -173.94  124.14  123.29   0.0020000
  153.43   44.39 -163.93   0.0020000
   43.94  125.11  -94.50   0.0020000
   74.49  121.86  -42.26   0.0020000
   21.95   54.62   33.27   0.0020000
 -111.02   38.47  -38.81   0.0020000
  137.35   95.16   27.02   0.0020000
  -17.67  136.63   -2.60   0.0020000
  -56.37   30.91  -28.43   0.0020000
  -41.75   90.14  108.13   0.0020000
  -12.60   47.76  176.16   0.0020000
 -179.76   57.44  155.24   0.0020000
  125.54  140.65   34.97   0.0020000
  -14.31  135.75    1.12   0.0020000
   39.59   77.63  -85.96   0.0020000
  134.97  134.37  -40.65   0.0020000
  136.68   51.90 -140.92   0.0020000
  -84.12  142.60 -101.12   0.0020000
  -53.11   81.39   -8.57   0.0020000
 -173.06  108.86  123.54   0.0020000
  -12.42  124.31  -91.03   0.0020000
 -145.26   45.71  -74.78   0.0020000
  125.65  130.52 -147.88   0.0020000
 -159.56  126.31  -35.69   0.0020000
 -137.42   48.27   93.74   0.0020000
   77.42   91.16  143.30   0.0020000
 -142.28   57.62   11.10   0.0020000
  -25.25  136.94  166.70   0.0020000
 -118.70  137.61  113.30   0.0020000
   53.17  134.77  101.01   0.0020000
  109.02   51.69   82.24   0.0020000
  -14.64   42.56   89.38   0.0020000
  159.02  126.11   81.61   0.0020000
   74.74  101.22   49.11   0.0020000
   79.16   59.40  122.26   0.0020000
   17.03   83.35  123.92   0.0020000
   -5.68   91.54  -89.34   0.0020000
   14.67   59.81  134.23   0.0020000
  146.60  136.14   65.99   0.0020000
 -105.37  107.29  -39.98   0.0020000
    6.92   67.49   -1.85   0.0020000
 -177.36   65.24   62.33   0.0020000
 -169.70   83.66 -127.30   0.0020000
   89.48  153.00  160.55   0.0020000
  170.49  131.61  -81.04   0.0020000
  -62.54  141.73   23.81   0.0020000
   99.47  109.51   79.38   0.0020000
  121.27   91.00 -155.12   0.0020000
  -22.72  135.66   80.35   0.0020000
   46.01   45.90  179.84   0.0020000
 -175.48  118.04   31.56   0.0020000
  136.52  135.41 -128.76   0.0020000
    4.06   63.35   59.70   0.0020000
   -1.77  124.79   62.21   0.0020000
 -114.17   43.78  150.24   0.0020000
   41.68   11.64  161.78   0.0020000
   50.91  102.22 -178.83   0.0020000
   62.66   54.74  154.41   0.0020000
 -103.37  106.30 -123.83   0.0020000
  -91.89  146.12  -25.40   0.0020000
   95.10   38.16 -167.46   0.0020000
 -167.31   95.98  -40.80   0.0020000
  170.89  131.21    8.66   0.0020000
   74.69   96.04  -40.99   0.0020000
   76.00  103.16  139.52   0.0020000
  119.94  129.35 -157.01   0.0020000
 -176.20  114.24  -60.67   0.0020000
   41.36   49.02  -83.55   0.0020000
  -63.28   44.69   67.99   0.0020000
   57.20   71.44  176.34   0.0020000
  174.80  126.15  106.35   0.0020000
 -175.60   55.72 -121.30   0.0020000
   69.28  117.18  126.44   0.0020000
   82.90   50.38   26.19   0.0020000
   81.02   62.49 -152.20   0.0020000
  -24.82  131.07   75.21   0.0020000
  134.90  102.48 -137.14   0.0020000
   77.07   77.61  -56.54   0.0020000
  158.02   44.80  -80.94   0.0020000
   74.20   59.19  -46.95   0.0020000
 -165.67  135.01  -47.57   0.0020000
 -131.00   99.26   89.25   0.0020000
 -105.86   90.67  137.94   0.0020000
   25.34  100.33    2.42   0.0020000
  119.85  157.70 -161.21   0.0020000
  -24.55  148.93   73.92   0.0020000
   -9.75  134.70 -171.65   0.0020000
 -145.57   50.72    7.45   0.0020000
   45.89  137.43 -179.46   0.0020000
  -45.27  127.26   47.09   0.0020000
  -43.26  108.32 -130.12   0.0020000
   46.07   61.62  -92.35   0.0020000
  -88.61  113.83  -16.10   0.0020000
  -26.21   52.76  -71.63   0.0020000
  101.32  149.17   -1.46   0.0020000
 -149.27  108.52   -1.21   0.0020000
  -17.56   39.87   94.23   0.0020000
 -121.15  134.30  -68.74   0.0020000
 -131.01   46.56  -96.20   0.0020000
  157.30   40.05    8.73   0.0020000
 -109.42  140.73 -142.28   0.0020000
  -32.03   95.69  162.40   0.0020000
  -93.58  165.33  145.08   0.0020000
   12.50   82.66  -47.84   0.0020000
  -44.30  111.06 -132.98   0.0020000
  -31.72   35.27 -157.82   0.0020000
  -40.60   74.10 -147.38   0.0020000
  135.11   82.61  150.05   0.0020000
   19.24  140.53  -37.72   0.0020000
  136.51   87.73   37.91   0.0020000
  135.91   70.51 -137.90   0.0020000
 -115.17  131.11  -61.41   0.0020000
  -92.19   93.34  156.58   0.0020000
   75.66   77.07 -143.68   0.0020000
  -77.70  124.61  178.93   0.0020000
  -94.77   64.91   21.59   0.0020000
  140.36   32.52 -146.31   0.0020000
  179.72   89.59  -91.56   0.0020000
 -129.95   55.71  -94.93   0.0020000
  -86.03   64.45   13.80   0.0020000
   95.91  150.41   74.16   0.0020000
   69.84   62.89   53.21   0.0020000
   60.23  146.16  106.63   0.0020000
  137.43   89.26  123.16   0.0020000
   88.89  115.53 -107.96   0.0020000
 -159.73  104.24  149.34   0.0020000
    4.49   71.07 -115.68   0.0020000
 -166.10   85.63 -175.58   0.0020000
  -32.78   91.97  -12.71   0.0020000
  -13.81   46.61  -92.67   0.0020000
 -112.62  142.79   26.06   0.0020000
 -133.63  140.93  -89.95   0.0020000
  -69.95   81.34  -92.39   0.0020000
 -145.96  128.12   71.89   0.0020000
 -177.48  113.31 -153.34   0.0020000
    6.94  140.72 -166.66   0.0020000
 -161.75  126.72   51.56   0.0020000
 -138.16  128.83  174.28   0.0020000
 -142.15  111.73   87.39   0.0020000
   52.77   57.77  -97.16   0.0020000
 -141.67   50.58 -170.85   0.0020000
  -76.88   64.40 -179.83   0.0020000
  -38.32   46.74  119.96   0.0020000
   74.18   46.45   46.40   0.0020000
 -133.65  135.82 -177.72   0.0020000
  -44.82  107.49   44.48   0.0020000
  -44.32  136.25  -39.36   0.0020000
   74.08  103.57 -130.40   0.0020000
  168.38   52.04  177.05   0.0020000
 -151.45   72.38  -71.05   0.0020000
 -102.51  132.93   49.53   0.0020000
   83.21   48.53  118.99   0.0020000
  153.22  146.35  162.14   0.0020000
 -107.32   54.74  -42.30   0.0020000
  -62.52  145.91   22.75   0.0020000
 -135.55  157.66    9.99   0.0020000
  135.83   91.19  -47.23   0.0020000
 -103.08  107.00 -120.99   0.0020000
 -105.47  103.68  138.96   0.0020000
  147.45  139.98 -112.60   0.0020000
 -178.73  120.67  -63.18   0.0020000
 -170.18  115.27  128.71   0.0020000
 -174.47  126.20  122.57   0.0020000
  -49.30  128.91  -50.14   0.0020000
  162.25  133.58   -4.90   0.0020000
  125.39  121.38   27.89   0.0020000
   94.84  150.53  166.41   0.0020000
  -33.00  132.49   61.39   0.0020000
 -179.18  127.40  -64.61   0.0020000
   75.03   74.87  -50.46   0.0020000
  176.88  131.01 -161.56   0.0020000
   30.96   70.84   93.97   0.0020000
  163.63  140.80  177.67   0.0020000
 -168.81  123.55  -48.89   0.0020000
   -8.59  129.45  100.11   0.0020000
   74.58   86.29   45.13   0.0020000
 -105.23   97.99 -134.15   0.0020000
 -130.49   30.37  -91.56   0.0020000
 -158.18  134.67   56.17   0.0020000
  -46.09   44.10  132.04   0.0020000
   26.48   60.91 -155.67   0.0020000
 -140.20   46.01    8.22   0.0020000
  128.56  158.22  -60.96   0.0020000
 -104.09   73.28  134.18   0.0020000
   74.61   96.97 -134.21   0.0020000
 -176.73   63.93  151.07   0.0020000
  127.04  142.80  126.96   0.0020000
  160.30  136.00  174.43   0.0020000
  -40.60   87.44  -21.67   0.0020000
  -34.14   38.93  115.04   0.0020000
  -51.30   30.30   51.37   0.0020000
  154.23   96.93    3.91   0.0020000
 -129.16  155.80    8.42   0.0020000
 -104.85   95.94 -129.70   0.0020000
  -83.26   88.67  170.71   0.0020000
 -178.71   68.10  161.25   0.0020000
  128.82  106.44 -150.87   0.0020000
 -143.10   99.37   86.36   0.0020000
  -47.09  111.54  126.48   0.0020000
 -105.71  104.00  138.83   0.0020000
  148.91   44.06  109.73   0.0020000
  151.78  137.44  163.27   0.0020000
  159.26   41.61 -172.34   0.0020000
    4.68  108.35 -157.65   0.0020000
  -53.17   81.69   65.32   0.0020000
  178.14   59.56   69.24   0.0020000
 -104.79   81.87 -142.21   0.0020000
  134.98   94.76   38.50   0.0020000
  -54.29  140.21   35.26   0.0020000
   55.17   67.43  -98.05   0.0020000
 -104.36   92.99  140.63   0.0020000
    0.50  129.96 -158.89   0.0020000
  -82.07   38.00 -172.22   0.0020000
  -88.56   97.73 -110.48   0.0020000
  -50.90  132.91  128.73   0.0020000
  -45.83  109.16   41.84   0.0020000
   50.34   60.36   -4.26   0.0020000
  107.81   78.43   13.32   0.0020000
 -104.97  100.77   52.77   0.0020000
    8.17  103.08  -82.97   0.0020000
   -4.21  146.58    8.52   0.0020000
  164.45   44.07    0.31   0.0020000
  -16.52  130.01   88.81   0.0020000
 -158.03   76.93   89.20   0.0020000
  -49.00  143.37  134.41   0.0020000
    7.22  107.30 -149.13   0.0020000
 -101.58  106.23 -120.25   0.0020000
   79.43  106.78  -31.28   0.0020000
   26.67   35.80   28.95   0.0020000
    1.74  119.62 -152.59   0.0020000
   -3.76   52.51   72.48   0.0020000
  -79.44  140.66   -1.30   0.0020000
    9.94   97.01   38.49   0.0020000
  128.88  132.48 -141.79   0.0020000
   32.05   75.47    7.62   0.0020000
  110.14  140.86   13.69   0.0020000
  -25.52   45.31 -163.59   0.0020000
  136.43  122.69   49.28   0.0020000
   80.60  128.83 -123.07   0.0020000
 -169.06  100.16   44.21   0.0020000
 -106.91  117.09  134.43   0.0020000
   38.85  120.30  -98.39   0.0020000
   86.58   21.26 -154.03   0.0020000
 -148.29   94.90  173.67   0.0020000
  -43.88   94.23  -36.48   0.0020000
  177.16   54.48   70.58   0.0020000
  135.81   98.77   43.67   0.0020000
  177.59   43.86 -108.24   0.0020000
  109.01   81.00   96.48   0.0020000
  -91.72   99.27   78.68   0.0020000
   97.06  129.24  175.26   0.0020000
  133.20  116.13  -49.07   0.0020000
   79.19   64.75 -150.97   0.0020000
   96.14  138.43   -8.21   0.0020000
  -44.21   89.16 -131.49   0.0020000
   73.21   82.84  133.01   0.0020000
  -94.62  170.70   -6.18   0.0020000
 -103.18   93.12 -144.42   0.0020000
   84.71  137.73  -28.79   0.0020000
   56.86   47.54  163.61   0.0020000
 -152.54   52.76  -66.39   0.0020000
 -142.02   37.02  -77.94   0.0020000
  -72.84  134.28  -80.94   0.0020000
   22.64   78.70  -89.98   0.0020000
 -144.31  141.48 -104.28   0.0020000
 -100.52   59.29  -57.70   0.0020000
   39.98   41.55  -83.35   0.0020000
 -108.13   70.08   55.30   0.0020000
 -142.20   49.27  -80.38   0.0020000
  -46.75  131.81  135.48   0.0020000
  149.57  140.26  160.18   0.0020000
   63.36   35.20  156.97   0.0020000
 -150.00  131.68  -21.70   0.0020000
    4.43   96.72  179.86   0.0020000
  -44.80   98.79  -44.94   0.0020000
    6.71   50.23 -124.09   0.0020000
   65.52  134.20  114.65   0.0020000
   74.05   91.59  128.80   0.0020000
   73.07  145.66  130.70   0.0020000
   74.75   87.33  -48.85   0.0020000
 -170.83  102.41  -65.58   0.0020000
   64.59   50.80  151.67   0.0020000
    1.41   75.26   77.51   0.0020000
  143.03  139.69 -118.45   0.0020000
  170.80  136.06  -83.49   0.0020000
  131.46   53.61 -130.40   0.0020000
   26.10   46.35   27.29   0.0020000
   26.25   53.45  -63.37   0.0020000
   35.67   24.66  -89.07   0.0020000
  161.49   42.64   94.29   0.0020000
  135.10   96.86   40.09   0.0020000
  129.22   38.50  -40.41   0.0020000
  -15.46   49.60 -177.32   0.0020000
  135.79   99.38  -44.61   0.0020000
  104.82  131.74  -84.76   0.0020000
  172.71  128.52 -167.56   0.0020000
  176.85   55.89  160.99   0.0020000
 -169.49   66.56   49.75   0.0020000
  136.10  101.42   47.92   0.0020000
   74.09  139.97  -46.92   0.0020000
 -104.89   82.09 -133.25   0.0020000
  -45.01   88.61 -118.25   0.0020000
   36.41  143.47 -105.03   0.0020000
 -100.99   59.14 -146.65   0.0020000
 -124.83  117.61   13.87   0.0020000
 -104.99   81.67 -141.82   0.0020000
   76.70   52.27 -139.13   0.0020000
  -14.37  170.33 -105.74   0.0020000
   27.77  134.10  155.38   0.0020000
   56.08   77.65  178.48   0.0020000
  -47.80  125.91 -138.23   0.0020000
   82.65  132.92 -120.76   0.0020000
  -48.59   66.80   52.44   0.0020000
 -147.53  122.67  163.74   0.0020000
  164.51  133.15    1.17   0.0020000
  131.04  117.39  -53.29   0.0020000
  171.90  139.29   97.23   0.0020000
  -42.55   76.70   33.39   0.0020000
  112.19  131.22  103.99   0.0020000
   24.95   54.37 -151.77   0.0020000
  123.71  138.27 -147.55   0.0020000
 -132.31   44.00  -94.09   0.0020000
   79.18  108.19  -28.34   0.0020000
  -61.62   21.29 -100.51   0.0020000
   20.71   51.10  124.47   0.0020000
  165.13   44.93   -1.89   0.0020000
 -139.34   52.52  176.08   0.0020000
  153.52   67.06   16.61   0.0020000
   42.26  117.01   92.41   0.0020000
   16.81  109.13   -8.52   0.0020000
  -45.88   87.83   42.98   0.0020000
  -47.83  113.41  128.42   0.0020000
   41.76  153.59  -96.72   0.0020000
  173.02  137.29   98.44   0.0020000
   51.41   24.40  -94.04   0.0020000
    7.38  108.18  -57.21   0.0020000
 -139.30  127.37  171.99   0.0020000
   44.14   39.64  100.76   0.0020000
  127.39   29.89  -35.21   0.0020000
   13.01  123.01   43.80   0.0020000
   82.82   45.43   30.90   0.0020000
  130.09  101.80 -147.30   0.0020000
  130.84   34.78 -133.72   0.0020000
   75.98  115.36 -125.52   0.0020000
 -167.36   49.59  -43.36   0.0020000
 -149.53   54.48  109.96   0.0020000
  115.92   84.13   75.31   0.0020000
 -150.60   51.78 -156.54   0.0020000
  -44.31   96.42  132.80   0.0020000
  134.28   75.25   48.73   0.0020000
  -72.24  105.26  -10.94   0.0020000
 -111.41  130.16   32.59   0.0020000
  -24.40   42.62  102.49   0.0020000
  -68.40  127.39  100.31   0.0020000
  119.41   25.76 -107.51   0.0020000
 -105.77   86.89  134.02   0.0020000
  -89.46   49.10   14.07   0.0020000
  -27.05  139.56  164.65   0.0020000
 -148.45  134.42  -17.42   0.0020000
   57.67   34.75  163.33   0.0020000
  -96.24  122.84 -114.63   0.0020000
   18.56  113.96 -125.74   0.0020000
  177.85  118.52  -69.61   0.0020000
  -69.12  143.03  104.08   0.0020000
 -141.32  142.76    8.52   0.0020000
 -153.32   52.57   26.83   0.0020000
 -144.00  138.87  -12.20   0.0020000
  136.01   41.32 -141.69   0.0020000
  -46.02   68.24  137.18   0.0020000
   -7.53   62.41   -2.90   0.0020000
  137.34  106.93 -128.26   0.0020000
  -15.87   44.29   -1.44   0.0020000
   74.10   31.43 -132.24   0.0020000
   48.82   61.35  179.00   0.0020000
 -164.43   44.48  132.53   0.0020000
 -164.74   86.81  150.78   0.0020000
   52.13  119.03  103.94   0.0020000
   61.30  144.91 -157.69   0.0020000
  173.80  122.52   11.95   0.0020000
  173.56   57.51   78.47   0.0020000
  -10.10   49.47   81.79   0.0020000
   54.96  145.46  -78.02   0.0020000
  135.41   91.66  -44.73   0.0020000
 -131.12  130.33    3.61   0.0020000
   50.22   59.70   -4.84   0.0020000
  -39.30  123.93   56.83   0.0020000
  -52.98  101.02   46.54   0.0020000
 -169.95  100.03  -62.32   0.0020000
TEXTURE AT STRAIN =    1.0000
   1.000   1.208   0.414  <-- length of average ellipsoid axes for phase
   68.38   90.00   90.00  <-- Euler angles of average ellipsoid axes for phase
B       500
   -2.40   60.60 -153.37   0.0020000
  177.81  146.81 -120.90   0.0020000
  -54.64  145.94  -99.46   0.0020000
  -74.72   94.86 -137.81   0.0020000
  -90.07  111.54 -162.68   0.0020000
   62.96  165.39   86.53   0.0020000
   45.04   99.41  136.81   0.0020000
 -157.47   37.96  169.69   0.0020000
  105.09  111.74  -50.18   0.0020000
  122.98   40.36   21.26   0.0020000
  132.39   33.47   89.91   0.0020000
   17.42   25.08 -104.32   0.0020000
   35.68  127.31 -150.14   0.0020000
   22.82   47.23  -10.93   0.0020000
   17.24   48.21  174.86   0.0020000
  144.67   98.29   -6.02   0.0020000
  -10.19  156.66   60.10   0.0020000
  -38.51  132.03 -170.58   0.0020000
  -27.79  129.29   24.74   0.0020000
  128.47  140.81  -10.56   0.0020000
 -155.54   43.92  167.46   0.0020000
   23.92   40.38   79.37   0.0020000
  155.95  166.83  -96.14   0.0020000
 -141.82  144.92   30.23   0.0020000
  -74.51   88.81 -132.00   0.0020000
   -9.53   75.66  127.04   0.0020000
  103.08   88.10  102.91   0.0020000
   70.65  132.92  -11.43   0.0020000
  144.23   72.80   80.24   0.0020000
  103.76   58.02  140.83   0.0020000
  -74.77   94.11 -128.71   0.0020000
   45.71  134.46  131.86   0.0020000
 -130.34   55.54  -52.13   0.0020000
  170.64  104.86   60.97   0.0020000
  107.04   51.76   42.57   0.0020000
   48.09  121.19   50.66   0.0020000
   46.41   39.38   48.22   0.0020000
 -168.39  129.64   -3.74   0.0020000
  175.68   69.92  -62.76   0.0020000
   37.79   88.51 -112.85   0.0020000
 -153.65   41.27 -106.99   0.0020000
  -47.94  121.52  -90.36   0.0020000
  -86.18  120.72   21.09   0.0020000
  108.88  129.03  -39.86   0.0020000
 -123.06  125.79   63.89   0.0020000
 -135.67   89.28   44.50   0.0020000
  138.96  134.53 -174.06   0.0020000
  -74.49   99.86  -49.15   0.0020000
   94.31  129.47   23.06   0.0020000
  141.46  137.94   10.77   0.0020000
  157.33  144.54  124.49   0.0020000
  103.55   80.93  -25.81   0.0020000
   42.01   58.70   52.12   0.0020000
  -52.30   24.17   89.44   0.0020000
  -11.83  128.62   47.45   0.0020000
  145.79   49.58  164.42   0.0020000
    0.01   64.08  112.87   0.0020000
   96.31  130.82 -151.65   0.0020000
  130.50  157.31  173.94   0.0020000
  -12.84   94.23  -80.51   0.0020000
 -118.63  164.56  168.53   0.0020000
   98.08   66.84  -25.15   0.0020000
  168.64  119.67   48.80   0.0020000
 -136.14   17.57  125.31   0.0020000
  105.72   98.74   41.30   0.0020000
  -76.79  111.27   35.55   0.0020000
   50.67   38.64   41.29   0.0020000
   42.24   49.79   52.11   0.0020000
 -164.04  136.19  -89.64   0.0020000
 -153.26  132.84   19.33   0.0020000
   41.85  102.98 -143.96   0.0020000
   85.33   58.42  -11.61   0.0020000
  -65.40  154.54  -33.06   0.0020000
  169.25   91.30  131.01   0.0020000
   -0.33   31.24  -67.61   0.0020000
  128.33   33.62 -171.39   0.0020000
   56.13   38.56   32.88   0.0020000
  -68.99  129.79 -124.78   0.0020000
  -71.34  108.31 -119.65   0.0020000
   41.24   36.68 -124.06   0.0020000
 -120.77  128.04  -23.49   0.0020000
   22.47  147.05   13.31   0.0020000
  125.27   42.74  -76.91   0.0020000
  107.49   73.50   35.87   0.0020000
   23.33  177.64 -116.85   0.0020000
  -88.98  123.31   16.83   0.0020000
 -133.89   93.61  -43.43   0.0020000
  -16.65   87.74  -70.76   0.0020000
   36.96   50.69 -119.34   0.0020000
   43.91  105.63  131.87   0.0020000
  -94.54  138.39 -169.41   0.0020000
  -40.09  140.23 -171.51   0.0020000
  -29.34   94.74  -11.91   0.0020000
   38.64   40.82   58.95   0.0020000
   84.27   83.42  179.53   0.0020000
 -141.72   36.44   59.59   0.0020000
  -63.01   45.08  -63.81   0.0020000
  -17.38  110.80  128.37   0.0020000
   -5.37   60.16  122.48   0.0020000
 -134.30   99.11 -128.51   0.0020000
   -7.72  121.04  143.85   0.0020000
 -131.50   97.71 -115.33   0.0020000
  -77.06  118.56 -144.65   0.0020000
  -64.81   47.63  -66.63   0.0020000
   -5.88   76.34  -86.48   0.0020000
  -73.85   90.22  134.80   0.0020000
   25.86  144.31 -164.30   0.0020000
  108.22  122.02  -41.78   0.0020000
   43.29   65.13   51.95   0.0020000
  103.01   87.98   52.55   0.0020000
   52.32  138.82   51.85   0.0020000
  -29.47   59.23 -103.98   0.0020000
  173.94   55.86  -56.71   0.0020000
 -153.43  135.61   16.07   0.0020000
  -43.94   54.89   85.50   0.0020000
  -74.49   58.14  137.74   0.0020000
  -21.95  125.38 -146.73   0.0020000
  111.02  141.53  141.19   0.0020000
 -137.35   84.84 -152.98   0.0020000
   17.67   43.37  177.40   0.0020000
   56.37  149.09  151.57   0.0020000
   41.75   89.86  -71.87   0.0020000
   12.60  132.24   -3.84   0.0020000
  179.76  122.56  -24.76   0.0020000
 -125.54   39.35 -145.03   0.0020000
   14.31   44.25 -178.88   0.0020000
  -39.59  102.37   94.04   0.0020000
 -134.97   45.63  139.35   0.0020000
 -136.68  128.10   39.08   0.0020000
   84.12   37.40   78.88   0.0020000
   53.11   98.61  171.43   0.0020000
  173.06   71.14  -56.46   0.0020000
   12.42   55.69   88.97   0.0020000
  145.26  134.29  105.22   0.0020000
 -125.65   49.48   32.12   0.0020000
  159.56   53.69  144.31   0.0020000
  137.42  131.73  -86.26   0.0020000
  -77.42   88.84  -36.70   0.0020000
  142.28  122.38 -168.90   0.0020000
   25.25   43.06  -13.30   0.0020000
  118.70   42.39  -66.70   0.0020000
  -53.17   45.23  -78.99   0.0020000
 -109.02  128.31  -97.76   0.0020000
   14.64  137.44  -90.62   0.0020000
 -159.02   53.89  -98.39   0.0020000
  -74.74   78.78 -130.89   0.0020000
  -79.16  120.60  -57.74   0.0020000
  -17.03   96.65  -56.08   0.0020000
    5.68   88.46   90.66   0.0020000
  -14.67  120.19  -45.77   0.0020000
 -146.60   43.86 -114.01   0.0020000
  105.37   72.71  140.02   0.0020000
   -6.92  112.51  178.15   0.0020000
  177.36  114.76 -117.67   0.0020000
  169.70   96.34   52.70   0.0020000
  -89.48   27.00  -19.45   0.0020000
 -170.49   48.39   98.96   0.0020000
   62.54   38.27 -156.19   0.0020000
  -99.47   70.49 -100.62   0.0020000
 -121.27   89.00   24.88   0.0020000
   22.72   44.34  -99.65   0.0020000
  -46.01  134.10   -0.16   0.0020000
  175.48   61.96 -148.44   0.0020000
 -136.52   44.59   51.24   0.0020000
   -4.06  116.65 -120.30   0.0020000
    1.77   55.21 -117.79   0.0020000
  114.17  136.22  -29.76   0.0020000
  -41.68  168.36  -18.22   0.0020000
  -50.91   77.78    1.17   0.0020000
  -62.66  125.26  -25.59   0.0020000
  103.37   73.70   56.17   0.0020000
   91.89   33.88  154.60   0.0020000
  -95.10  141.84   12.54   0.0020000
  167.31   84.02  139.20   0.0020000
 -170.89   48.79 -171.34   0.0020000
  -74.69   83.96  139.01   0.0020000
  -76.00   76.84  -40.48   0.0020000
 -119.94   50.65   22.99   0.0020000
  176.20   65.76  119.33   0.0020000
  -41.36  130.98   96.45   0.0020000
   63.28  135.31 -112.01   0.0020000
  -57.20  108.56   -3.66   0.0020000
 -174.80   53.85  -73.65   0.0020000
  175.60  124.28   58.70   0.0020000
  -69.28   62.82  -53.56   0.0020000
  -82.90  129.62 -153.81   0.0020000
  -81.02  117.51   27.80   0.0020000
   24.82   48.93 -104.79   0.0020000
 -134.90   77.52   42.86   0.0020000
  -77.07  102.39  123.46   0.0020000
 -158.02  135.20   99.06   0.0020000
  -74.20  120.81  133.05   0.0020000
  165.67   44.99  132.43   0.0020000
  131.00   80.74  -90.75   0.0020000
  105.86   89.33  -42.06   0.0020000
  -25.34   79.67 -177.58   0.0020000
 -119.85   22.30   18.79   0.0020000
   24.55   31.07 -106.08   0.0020000
    9.75   45.30    8.35   0.0020000
  145.57  129.28 -172.55   0.0020000
  -45.89   42.57    0.54   0.0020000
   45.27   52.74 -132.91   0.0020000
   43.26   71.68   49.88   0.0020000
  -46.07  118.38   87.65   0.0020000
   88.61   66.17  163.90   0.0020000
   26.21  127.24  108.37   0.0020000
 -101.32   30.83  178.54   0.0020000
  149.27   71.48  178.79   0.0020000
   17.56  140.13  -85.77   0.0020000
  121.15   45.70  111.26   0.0020000
  131.01  133.44   83.80   0.0020000
 -157.30  139.95 -171.27   0.0020000
  109.42   39.27   37.72   0.0020000
   32.03   84.31  -17.60   0.0020000
   93.58   14.67  -34.92   0.0020000
  -12.50   97.34  132.16   0.0020000
   44.30   68.94   47.02   0.0020000
   31.72  144.73   22.18   0.0020000
   40.60  105.90   32.62   0.0020000
 -135.11   97.39  -29.95   0.0020000
  -19.24   39.47  142.28   0.0020000
 -136.51   92.27 -142.09   0.0020000
 -135.91  109.49   42.10   0.0020000
  115.17   48.89  118.59   0.0020000
   92.19   86.66  -23.42   0.0020000
  -75.66  102.93   36.32   0.0020000
   77.70   55.39   -1.07   0.0020000
   94.77  115.09 -158.41   0.0020000
 -140.36  147.48   33.69   0.0020000
 -179.72   90.41   88.44   0.0020000
  129.95  124.29   85.07   0.0020000
   86.03  115.55 -166.20   0.0020000
  -95.91   29.59 -105.84   0.0020000
  -69.84  117.11 -126.79   0.0020000
  -60.23   33.84  -73.37   0.0020000
 -137.43   90.74  -56.84   0.0020000
  -88.89   64.47   72.04   0.0020000
  159.73   75.76  -30.66   0.0020000
   -4.49  108.93   64.32   0.0020000
  166.10   94.37    4.42   0.0020000
   32.78   88.03  167.29   0.0020000
   13.81  133.39   87.33   0.0020000
  112.62   37.21 -153.94   0.0020000
  133.63   39.07   90.05   0.0020000
   69.95   98.66   87.61   0.0020000
  145.96   51.88 -108.11   0.0020000
  177.48   66.69   26.66   0.0020000
   -6.94   39.28   13.34   0.0020000
  161.75   53.28 -128.44   0.0020000
  138.16   51.17   -5.72   0.0020000
  142.15   68.27  -92.61   0.0020000
  -52.77  122.23   82.84   0.0020000
  141.67  129.42    9.15   0.0020000
   76.88  115.60    0.17   0.0020000
   38.32  133.26  -60.04   0.0020000
  -74.18  133.55 -133.60   0.0020000
  133.65   44.18    2.28   0.0020000
   44.82   72.51 -135.52   0.0020000
   44.32   43.75  140.64   0.0020000
  -74.08   76.43   49.60   0.0020000
 -168.38  127.96   -2.95   0.0020000
  151.45  107.62  108.95   0.0020000
  102.51   47.07 -130.47   0.0020000
  -83.21  131.47  -61.01   0.0020000
 -153.22   33.65  -17.86   0.0020000
  107.32  125.26  137.70   0.0020000
   62.52   34.09 -157.25   0.0020000
  135.55   22.34 -170.01   0.0020000
 -135.83   88.81  132.77   0.0020000
  103.08   73.00   59.01   0.0020000
  105.47   76.32  -41.04   0.0020000
 -147.45   40.02   67.40   0.0020000
  178.73   59.33  116.82   0.0020000
  170.18   64.73  -51.29   0.0020000
  174.47   53.80  -57.43   0.0020000
   49.30   51.09  129.86   0.0020000
 -162.25   46.42  175.10   0.0020000
 -125.39   58.62 -152.11   0.0020000
  -94.84   29.47  -13.59   0.0020000
   33.00   47.51 -118.61   0.0020000
  179.18   52.60  115.39   0.0020000
  -75.03  105.13  129.54   0.0020000
 -176.88   48.99   18.44   0.0020000
  -30.96  109.16  -86.03   0.0020000
 -163.63   39.20   -2.33   0.0020000
  168.81   56.45  131.11   0.0020000
    8.59   50.55  -79.89   0.0020000
  -74.58   93.71 -134.87   0.0020000
  105.23   82.01   45.85   0.0020000
  130.49  149.63   88.44   0.0020000
  158.18   45.33 -123.83   0.0020000
   46.09  135.90  -47.96   0.0020000
  -26.48  119.09   24.33   0.0020000
  140.20  133.99 -171.78   0.0020000
 -128.56   21.78  119.04   0.0020000
  104.09  106.72  -45.82   0.0020000
  -74.61   83.03   45.79   0.0020000
  176.73  116.07  -28.93   0.0020000
 -127.04   37.20  -53.04   0.0020000
 -160.30   44.00   -5.57   0.0020000
   40.60   92.56  158.33   0.0020000
   34.14  141.07  -64.96   0.0020000
   51.30  149.70 -128.63   0.0020000
 -154.23   83.07 -176.09   0.0020000
  129.16   24.20 -171.58   0.0020000
  104.85   84.06   50.30   0.0020000
   83.26   91.33   -9.29   0.0020000
  178.71  111.90  -18.75   0.0020000
 -128.82   73.56   29.13   0.0020000
  143.10   80.63  -93.64   0.0020000
   47.09   68.46  -53.52   0.0020000
  105.71   76.00  -41.17   0.0020000
 -148.91  135.94  -70.27   0.0020000
 -151.78   42.56  -16.73   0.0020000
 -159.26  138.39    7.66   0.0020000
   -4.68   71.65   22.35   0.0020000
   53.17   98.31 -114.68   0.0020000
 -178.14  120.44 -110.76   0.0020000
  104.79   98.13   37.79   0.0020000
 -134.98   85.24 -141.50   0.0020000
   54.29   39.79 -144.74   0.0020000
  -55.17  112.57   81.95   0.0020000
  104.36   87.01  -39.37   0.0020000
   -0.50   50.04   21.11   0.0020000
   82.07  142.00    7.78   0.0020000
   88.56   82.27   69.52   0.0020000
   50.90   47.09  -51.27   0.0020000
   45.83   70.84 -138.16   0.0020000
  -50.34  119.64  175.74   0.0020000
 -107.81  101.57 -166.68   0.0020000
  104.97   79.23 -127.23   0.0020000
   -8.17   76.92   97.03   0.0020000
    4.21   33.42 -171.48   0.0020000
 -164.45  135.93 -179.69   0.0020000
   16.52   49.99  -91.19   0.0020000
  158.03  103.07  -90.80   0.0020000
   49.00   36.63  -45.59   0.0020000
   -7.22   72.70   30.87   0.0020000
  101.58   73.77   59.75   0.0020000
  -79.43   73.22  148.72   0.0020000
  -26.67  144.20 -151.05   0.0020000
   -1.74   60.38   27.41   0.0020000
    3.76  127.49 -107.52   0.0020000
   79.44   39.34  178.70   0.0020000
   -9.94   82.99 -141.51   0.0020000
 -128.88   47.52   38.21   0.0020000
  -32.05  104.53 -172.38   0.0020000
 -110.14   39.14 -166.31   0.0020000
   25.52  134.69   16.41   0.0020000
 -136.43   57.31 -130.72   0.0020000
  -80.60   51.17   56.93   0.0020000
  169.06   79.84 -135.79   0.0020000
  106.91   62.91  -45.57   0.0020000
  -38.85   59.70   81.61   0.0020000
  -86.58  158.74   25.97   0.0020000
  148.29   85.10   -6.33   0.0020000
   43.88   85.77  143.52   0.0020000
 -177.16  125.52 -109.42   0.0020000
 -135.81   81.23 -136.33   0.0020000
 -177.59  136.14   71.76   0.0020000
 -109.01   99.00  -83.52   0.0020000
   91.72   80.73 -101.32   0.0020000
  -97.06   50.76   -4.74   0.0020000
 -133.20   63.87  130.93   0.0020000
  -79.19  115.25   29.03   0.0020000
  -96.14   41.57  171.79   0.0020000
   44.21   90.84   48.51   0.0020000
  -73.21   97.16  -46.99   0.0020000
   94.62    9.30  173.82   0.0020000
  103.18   86.88   35.58   0.0020000
  -84.71   42.27  151.21   0.0020000
  -56.86  132.46  -16.39   0.0020000
  152.54  127.24  113.61   0.0020000
  142.02  142.98  102.06   0.0020000
   72.84   45.72   99.06   0.0020000
  -22.64  101.30   90.02   0.0020000
  144.31   38.52   75.72   0.0020000
  100.52  120.71  122.30   0.0020000
  -39.98  138.45   96.65   0.0020000
  108.13  109.92 -124.70   0.0020000
  142.20  130.73   99.62   0.0020000
   46.75   48.19  -44.52   0.0020000
 -149.57   39.74  -19.82   0.0020000
  -63.36  144.80  -23.03   0.0020000
  150.00   48.32  158.30   0.0020000
   -4.43   83.28   -0.14   0.0020000
   44.80   81.21  135.06   0.0020000
   -6.71  129.77   55.91   0.0020000
  -65.52   45.80  -65.35   0.0020000
  -74.05   88.41  -51.20   0.0020000
  -73.07   34.34  -49.30   0.0020000
  -74.75   92.67  131.15   0.0020000
  170.83   77.59  114.42   0.0020000
  -64.59  129.20  -28.33   0.0020000
   -1.41  104.74 -102.49   0.0020000
 -143.03   40.31   61.55   0.0020000
 -170.80   43.94   96.51   0.0020000
 -131.46  126.39   49.60   0.0020000
  -26.10  133.65 -152.71   0.0020000
  -26.25  126.55  116.63   0.0020000
  -35.67  155.34   90.93   0.0020000
 -161.49  137.36  -85.71   0.0020000
 -135.10   83.14 -139.91   0.0020000
 -129.22  141.50  139.59   0.0020000
   15.46  130.40    2.68   0.0020000
 -135.79   80.62  135.39   0.0020000
 -104.82   48.26   95.24   0.0020000
 -172.71   51.48   12.44   0.0020000
 -176.85  124.11  -19.01   0.0020000
  169.49  113.44 -130.25   0.0020000
 -136.10   78.58 -132.08   0.0020000
  -74.09   40.03  133.08   0.0020000
  104.89   97.91   46.75   0.0020000
   45.01   91.39   61.75   0.0020000
  -36.41   36.53   74.97   0.0020000
  100.99  120.86   33.35   0.0020000
  124.83   62.39 -166.13   0.0020000
  104.99   98.33   38.18   0.0020000
  -76.70  127.73   40.87   0.0020000
   14.37    9.67   74.26   0.0020000
  -27.77   45.90  -24.62   0.0020000
  -56.08  102.35   -1.52   0.0020000
   47.80   54.09   41.77   0.0020000
  -82.65   47.08   59.24   0.0020000
   48.59  113.20 -127.56   0.0020000
  147.53   57.33  -16.26   0.0020000
 -164.51   46.85 -178.83   0.0020000
 -131.04   62.61  126.71   0.0020000
 -171.90   40.71  -82.77   0.0020000
   42.55  103.30 -146.61   0.0020000
 -112.19   48.78  -76.01   0.0020000
  -24.95  125.63   28.23   0.0020000
 -123.71   41.73   32.45   0.0020000
  132.31  136.00   85.91   0.0020000
  -79.18   71.81  151.66   0.0020000
   61.62  158.71   79.49   0.0020000
  -20.71  128.90  -55.53   0.0020000
 -165.13  135.07  178.11   0.0020000
  139.34  127.48   -3.92   0.0020000
 -153.52  112.94 -163.39   0.0020000
  -42.26   62.99  -87.59   0.0020000
  -16.81   70.87  171.48   0.0020000
   45.88   92.17 -137.02   0.0020000
   47.83   66.59  -51.58   0.0020000
  -41.76   26.41   83.28   0.0020000
 -173.02   42.71  -81.56   0.0020000
  -51.41  155.60   85.96   0.0020000
   -7.38   71.82  122.79   0.0020000
  139.30   52.63   -8.01   0.0020000
  -44.14  140.36  -79.24   0.0020000
 -127.39  150.11  144.79   0.0020000
  -13.01   56.99 -136.20   0.0020000
  -82.82  134.57 -149.10   0.0020000
 -130.09   78.20   32.70   0.0020000
 -130.84  145.22   46.28   0.0020000
  -75.98   64.64   54.48   0.0020000
  167.36  130.41  136.64   0.0020000
  149.53  125.52  -70.04   0.0020000
 -115.92   95.87 -104.69   0.0020000
  150.60  128.22   23.46   0.0020000
   44.31   83.58  -47.20   0.0020000
 -134.28  104.75 -131.27   0.0020000
   72.24   74.74  169.06   0.0020000
  111.41   49.84 -147.41   0.0020000
   24.40  137.38  -77.51   0.0020000
   68.40   52.61  -79.69   0.0020000
 -119.41  154.24   72.49   0.0020000
  105.77   93.11  -45.98   0.0020000
   89.46  130.90 -165.93   0.0020000
   27.05   40.44  -15.35   0.0020000
  148.45   45.58  162.58   0.0020000
  -57.67  145.25  -16.67   0.0020000
   96.24   57.16   65.37   0.0020000
  -18.56   66.04   54.26   0.0020000
 -177.85   61.48  110.39   0.0020000
   69.12   36.97  -75.92   0.0020000
  141.32   37.24 -171.48   0.0020000
  153.32  127.43 -153.17   0.0020000
  144.00   41.13  167.80   0.0020000
 -136.01  138.68   38.31   0.0020000
   46.02  111.76  -42.82   0.0020000
    7.53  117.59  177.10   0.0020000
 -137.34   73.07   51.74   0.0020000
   15.87  135.71  178.56   0.0020000
  -74.10  148.57   47.76   0.0020000
  -48.82  118.65   -1.00   0.0020000
  164.43  135.52  -47.47   0.0020000
  164.74   93.19  -29.22   0.0020000
  -52.13   60.97  -76.06   0.0020000
  -61.30   35.09   22.31   0.0020000
 -173.80   57.48 -168.05   0.0020000
 -173.56  122.49 -101.53   0.0020000
   10.10  130.53  -98.21   0.0020000
  -54.96   34.54  101.98   0.0020000
 -135.41   88.34  135.27   0.0020000
  131.12   49.67 -176.39   0.0020000
  -50.22  120.30  175.16   0.0020000
   39.30   56.07 -123.17   0.0020000
   52.98   78.98 -133.46   0.0020000
  169.95   79.97  117.68   0.0020000
TEXTURE AT STRAIN =    2.0000
   1.000   1.000   0.500  <-- length of average ellipsoid axes for phase
 -159.00   90.00   45.70  <-- Euler angles of average ellipsoid axes for phase
B       500
  -11.27   62.82 -148.36   0.0020000
 -135.46  147.44 -118.54   0.0020000
  -62.35  157.43 -129.74   0.0020000
  -77.28   96.25 -137.38   0.0020000
  -67.13  100.89 -164.44   0.0020000
   82.46  170.79   61.18   0.0020000
   82.59   99.89  143.92   0.0020000
 -158.34   30.80  178.64   0.0020000
  107.41  122.49  -52.61   0.0020000
  167.74   40.57   31.53   0.0020000
  145.49   18.37  102.40   0.0020000
    4.58   13.32  -61.14   0.0020000
   45.36  117.39 -138.19   0.0020000
   41.71   66.97  -24.57   0.0020000
   24.08   51.46  164.36   0.0020000
 -171.94  103.52   -7.36   0.0020000
  -10.55  159.77   24.02   0.0020000
    1.57  125.08 -172.24   0.0020000
   11.24  120.18   25.09   0.0020000
  177.95  147.98  -10.00   0.0020000
 -149.66   47.47  157.88   0.0020000
   27.47   35.34   81.55   0.0020000
  172.71  163.43 -125.20   0.0020000
 -140.24  144.69   31.16   0.0020000
  -74.35   92.20 -130.52   0.0020000
  -15.52   78.22  124.72   0.0020000
  152.70   86.13   97.95   0.0020000
  116.92  130.39   -5.22   0.0020000
 -169.83   85.77   79.93   0.0020000
  120.97   51.14  156.52   0.0020000
  -47.35  106.25 -106.53   0.0020000
   73.64  138.24  149.24   0.0020000
  -77.28   53.61  -68.26   0.0020000
  178.28  109.61   71.65   0.0020000
  131.62   43.72   56.80   0.0020000
   87.04  122.65   66.94   0.0020000
   54.18   37.49   39.39   0.0020000
 -169.08  130.83   -0.45   0.0020000
 -161.74   76.13  -71.34   0.0020000
   72.90   95.53  -98.45   0.0020000
 -153.32   43.05 -113.58   0.0020000
  -15.76  104.98  -88.33   0.0020000
  -68.34  112.83   11.08   0.0020000
  143.91  135.14  -53.07   0.0020000
  -68.33  124.90   75.73   0.0020000
 -109.64   89.55   42.08   0.0020000
  176.83  132.18 -173.60   0.0020000
  -76.25  104.66  -48.33   0.0020000
  128.80  133.72    9.60   0.0020000
  159.40  139.99   11.16   0.0020000
  175.40  149.15  117.47   0.0020000
  149.62   82.07  -19.60   0.0020000
   56.23   60.27   42.81   0.0020000
  -57.24   12.89  126.93   0.0020000
   11.60  117.64   43.72   0.0020000
 -174.48   58.57  165.44   0.0020000
   -5.04   61.95  114.39   0.0020000
  128.52  137.01 -166.04   0.0020000
  171.42  170.16  167.30   0.0020000
   39.01   93.02  -72.36   0.0020000
  -74.41  169.73  165.44   0.0020000
   95.67   69.44  -26.86   0.0020000
 -156.16  104.68   46.57   0.0020000
 -100.62   10.65  132.97   0.0020000
  105.05  104.04   42.89   0.0020000
  -82.02  118.42   34.59   0.0020000
   73.23   30.67   31.52   0.0020000
   54.78   50.86   38.14   0.0020000
 -166.86  136.21  -91.24   0.0020000
 -141.91  122.33   34.23   0.0020000
   67.31  103.19 -150.07   0.0020000
   98.59   71.91  -13.68   0.0020000
  -22.64  159.42  -44.35   0.0020000
 -149.86   91.57  127.95   0.0020000
   29.39   22.23  -54.30   0.0020000
  168.76   19.53 -167.66   0.0020000
  110.64   34.93   12.89   0.0020000
  -64.13  138.56 -134.93   0.0020000
  -47.54  119.23 -102.41   0.0020000
   42.30   39.00 -128.73   0.0020000
  -67.68  125.85  -11.99   0.0020000
   14.52  146.56    1.67   0.0020000
  155.31   32.99  -73.57   0.0020000
  132.46   62.47   17.08   0.0020000
   58.01  175.95 -131.50   0.0020000
  -64.67  116.57    7.16   0.0020000
  -86.05   93.94  -41.19   0.0020000
   31.58   88.81  -73.78   0.0020000
   55.33   58.50 -130.36   0.0020000
   73.43  108.13  133.48   0.0020000
  -56.69  143.72 -173.50   0.0020000
   -8.19  149.09 -166.13   0.0020000
    4.62  104.82  -10.36   0.0020000
   42.93   44.25   48.78   0.0020000
  135.97   78.14  178.54   0.0020000
 -142.04   39.04   56.05   0.0020000
  -25.79   39.63  -54.84   0.0020000
   28.24  101.38  124.66   0.0020000
   -3.42   69.25  124.81   0.0020000
  -89.75   98.80 -116.84   0.0020000
   16.23  107.27  141.83   0.0020000
  -81.44   97.63 -102.22   0.0020000
  -60.87  123.56 -158.69   0.0020000
  -64.06   42.72  -62.77   0.0020000
   41.30   83.88  -94.86   0.0020000
  -73.96   89.32  134.04   0.0020000
   20.51  142.74 -168.04   0.0020000
  120.89  130.10  -50.31   0.0020000
   85.28   59.55   50.00   0.0020000
  102.52   94.20   52.25   0.0020000
   97.89  145.53   70.56   0.0020000
   25.56   62.85 -108.18   0.0020000
  174.44   65.11  -50.26   0.0020000
 -143.11  126.61   29.03   0.0020000
  -17.53   71.54   81.65   0.0020000
  -51.15   50.22  151.85   0.0020000
   17.60  113.70 -148.14   0.0020000
  154.10  141.50  127.01   0.0020000
 -111.03   69.16 -170.65   0.0020000
   16.05   43.52  177.51   0.0020000
   53.14  157.93  130.47   0.0020000
   86.67   86.64  -84.70   0.0020000
    9.80  132.82   -4.07   0.0020000
  172.15  120.25  -31.92   0.0020000
  -84.44   31.00 -160.75   0.0020000
   10.22   44.54 -177.16   0.0020000
    9.35   93.85   94.45   0.0020000
 -105.56   42.25  121.92   0.0020000
 -111.14  129.41   53.94   0.0020000
  124.68   29.65   80.88   0.0020000
   96.93  100.46 -176.98   0.0020000
 -145.66   83.23  -54.65   0.0020000
   39.27   77.39   73.37   0.0020000
  174.51  130.19  106.18   0.0020000
  -72.89   49.02   14.91   0.0020000
 -168.30   65.56  145.66   0.0020000
  176.36  123.77  -89.59   0.0020000
  -77.77   95.92  -37.70   0.0020000
 -177.18  106.38 -167.46   0.0020000
   31.46   47.37  -22.75   0.0020000
  153.51   33.42  -57.83   0.0020000
  -23.29   42.30  -76.81   0.0020000
  -68.71  119.24  -93.48   0.0020000
    9.14  139.18  -98.02   0.0020000
 -122.77   73.58 -104.61   0.0020000
  -75.83   71.61 -132.62   0.0020000
  -57.96  124.10  -73.63   0.0020000
   18.74   92.75  -67.92   0.0020000
   58.11   88.84   90.28   0.0020000
   21.52  106.09  -48.56   0.0020000
 -135.98   51.26 -127.70   0.0020000
  105.60   62.14  138.64   0.0020000
   23.24  116.29 -169.84   0.0020000
 -175.51  110.57 -114.80   0.0020000
 -169.18   95.57   63.81   0.0020000
  -40.42   30.68  -14.98   0.0020000
 -175.83   48.00  103.86   0.0020000
  107.70   32.48 -170.36   0.0020000
  -69.27   83.12 -104.26   0.0020000
  -79.08   90.11   30.65   0.0020000
   33.72   54.04 -110.61   0.0020000
  -25.32  132.36   -0.26   0.0020000
 -165.31   73.17 -148.66   0.0020000
 -126.57   44.52   37.33   0.0020000
    0.20  109.57 -119.80   0.0020000
   40.21   59.61 -134.30   0.0020000
  140.43  145.61  -42.13   0.0020000
   -6.14  166.20  -33.16   0.0020000
   -4.24   86.62   -2.08   0.0020000
  -31.24  125.14  -29.22   0.0020000
  100.20   70.07   54.56   0.0020000
  134.45   28.27  161.06   0.0020000
  -60.86  152.56    8.50   0.0020000
 -152.00   86.71  144.60   0.0020000
 -176.53   48.42 -167.64   0.0020000
  -76.96   82.30  138.26   0.0020000
  -79.16   69.56  -41.06   0.0020000
  -69.94   54.09   10.80   0.0020000
 -170.88   72.71  115.32   0.0020000
  -12.89  120.42   94.97   0.0020000
  116.59  135.19  -98.66   0.0020000
  -15.40   98.09    0.16   0.0020000
 -178.13   54.30  -69.29   0.0020000
  178.93  115.09   51.76   0.0020000
  -46.09   56.57  -56.22   0.0020000
  -42.45  133.42 -166.35   0.0020000
  -80.77  115.51   20.90   0.0020000
   42.86   69.29 -118.52   0.0020000
 -101.08   76.54   33.87   0.0020000
  -79.29  102.26  125.55   0.0020000
 -147.59  126.27  110.06   0.0020000
  -62.95  129.54  120.82   0.0020000
  159.16   48.18  146.56   0.0020000
  178.22   88.09  -93.65   0.0020000
  119.70   98.86  -26.22   0.0020000
   20.99   74.91  179.14   0.0020000
  -66.34   19.16   10.95   0.0020000
   21.39   20.11  -86.19   0.0020000
    1.57   40.81   23.51   0.0020000
 -164.02  129.67 -168.70   0.0020000
   -7.98   36.52   -2.51   0.0020000
   77.60   49.52 -149.46   0.0020000
   67.81   70.10   48.99   0.0020000
   -2.12  107.61   82.14   0.0020000
  111.17   77.94  164.87   0.0020000
   42.93  106.81  121.77   0.0020000
  -47.97   33.29  174.67   0.0020000
 -164.87   67.31  178.57   0.0020000
   11.91  140.05  -91.20   0.0020000
  162.97   46.77  122.06   0.0020000
  173.07  130.27   78.50   0.0020000
 -143.49  155.85 -179.36   0.0020000
  145.81   31.07   51.88   0.0020000
   72.46   87.17   -9.04   0.0020000
  104.41    9.28   -0.47   0.0020000
   23.17   92.97  125.57   0.0020000
   72.81   66.17   41.44   0.0020000
   44.44  154.87   20.31   0.0020000
   73.82  107.24   25.55   0.0020000
  -99.16  104.31  -10.99   0.0020000
    4.66   37.59  145.68   0.0020000
 -104.29   94.81 -154.73   0.0020000
 -104.73  112.59   45.43   0.0020000
  137.34   43.05  126.51   0.0020000
  125.26  101.15  -10.59   0.0020000
  -77.83  105.59   37.35   0.0020000
  118.78   61.21    1.09   0.0020000
   99.96  106.86 -157.84   0.0020000
 -147.65  144.08   30.33   0.0020000
 -126.98   90.88   87.70   0.0020000
  164.44  110.33   82.21   0.0020000
  102.44  102.32 -161.12   0.0020000
  -57.19   20.10 -101.72   0.0020000
  -54.87  125.94 -122.82   0.0020000
  -77.76   28.47  -35.85   0.0020000
 -107.53   89.27  -73.11   0.0020000
  -76.80   75.93   70.53   0.0020000
 -152.25   81.20  -27.19   0.0020000
    9.60  109.17   74.29   0.0020000
 -141.95   93.27   10.14   0.0020000
   77.31   93.49  175.63   0.0020000
   11.49  133.68   86.85   0.0020000
   94.22   37.65 -121.83   0.0020000
  162.94   26.53   88.20   0.0020000
  122.08   99.41   87.54   0.0020000
  159.65   64.87 -112.16   0.0020000
 -172.58   70.08   22.06   0.0020000
  -10.03   46.40   29.44   0.0020000
 -158.61   65.03 -127.88   0.0020000
  173.79   63.52   -3.23   0.0020000
 -168.27   73.12  -90.50   0.0020000
  -23.19  109.40   83.76   0.0020000
 -174.01  120.62    6.83   0.0020000
  126.01  118.19   -2.75   0.0020000
   83.47  131.26  -46.32   0.0020000
  -44.77  142.83 -147.65   0.0020000
  179.10   42.09    1.65   0.0020000
   72.28   70.48 -143.11   0.0020000
   62.88   41.92  125.63   0.0020000
  -69.33   66.91   46.29   0.0020000
 -164.03  127.45    4.48   0.0020000
 -164.79   97.19  105.56   0.0020000
  135.64   38.80 -116.19   0.0020000
  -48.02  137.30  -74.96   0.0020000
 -160.69   36.12  -11.67   0.0020000
  115.46  133.28  126.41   0.0020000
  107.87   26.74 -169.22   0.0020000
 -172.66   20.43 -171.61   0.0020000
 -111.52   89.40  125.57   0.0020000
  135.17   69.05   72.30   0.0020000
  105.86   66.62  -43.57   0.0020000
 -144.67   42.51   60.34   0.0020000
  176.77   63.80  121.46   0.0020000
 -156.12   79.02  -50.53   0.0020000
  175.33   62.16  -48.80   0.0020000
  101.82   48.07  110.86   0.0020000
 -161.33   46.31  169.34   0.0020000
  -73.87   60.58 -165.09   0.0020000
  -44.46   30.30  -12.23   0.0020000
   41.41   53.88 -133.10   0.0020000
  173.78   56.59  128.59   0.0020000
  -77.02  113.29  130.51   0.0020000
  172.63   46.77   38.46   0.0020000
   18.30  110.03  -85.55   0.0020000
 -173.06   24.02   24.51   0.0020000
 -163.85   70.52  133.78   0.0020000
    4.67   50.05  -77.62   0.0020000
  -76.10   97.77 -134.24   0.0020000
  105.96   73.56   42.71   0.0020000
  136.45  165.20   65.07   0.0020000
  169.45   50.17 -120.88   0.0020000
   72.77  140.04  -31.48   0.0020000
   26.13  109.28   25.49   0.0020000
  166.71  129.00 -172.07   0.0020000
  -89.83   14.17  121.06   0.0020000
  108.32  120.80  -39.68   0.0020000
  -71.04   73.57   39.40   0.0020000
  176.37  111.68  -28.42   0.0020000
 -111.67   27.38  -56.05   0.0020000
 -159.69   44.59   -9.00   0.0020000
   74.86  105.62  175.31   0.0020000
   35.51  138.23  -58.59   0.0020000
   99.52  156.60 -113.73   0.0020000
 -106.75   74.92 -179.88   0.0020000
  165.72   10.76 -160.53   0.0020000
  102.95   84.49   49.79   0.0020000
  132.59  100.16   -4.04   0.0020000
 -174.13  117.65  -12.11   0.0020000
  -73.85   71.98   19.36   0.0020000
 -166.36   85.16  -93.22   0.0020000
   66.81   60.31  -70.23   0.0020000
  107.69   65.41  -44.68   0.0020000
 -112.02  128.96  -59.76   0.0020000
 -145.26   46.65  -26.44   0.0020000
 -160.88  137.43    9.46   0.0020000
    8.90   67.13   12.84   0.0020000
  106.46   98.04 -109.29   0.0020000
  175.82  121.38 -114.94   0.0020000
  104.73   97.29   37.43   0.0020000
  -93.30   87.13 -153.76   0.0020000
   99.22   32.79 -162.56   0.0020000
  -12.86  101.70   80.08   0.0020000
  104.92   91.78  -37.63   0.0020000
  -11.23   53.12   34.18   0.0020000
  120.21  150.66    5.90   0.0020000
  118.36   93.66   75.31   0.0020000
  107.05   44.13  -71.89   0.0020000
   82.80   68.63 -148.86   0.0020000
  -12.34  105.11  173.78   0.0020000
  -80.45   97.03 -152.98   0.0020000
  111.75   81.16 -120.93   0.0020000
   38.02   83.22   90.31   0.0020000
  -22.76   24.33 -117.93   0.0020000
 -167.59  135.69  179.55   0.0020000
   47.84   70.90 -101.33   0.0020000
 -157.23  107.93  -85.82   0.0020000
   58.81   31.73  -49.70   0.0020000
   12.61   76.95   19.52   0.0020000
   98.63   73.23   56.69   0.0020000
  -84.80   70.38  145.63   0.0020000
  -13.17  148.42 -158.06   0.0020000
   -4.92   64.51   31.14   0.0020000
   -4.20  126.91 -115.68   0.0020000
  110.43   30.39  179.89   0.0020000
   -5.62   81.63 -148.79   0.0020000
  -74.66   44.35   17.91   0.0020000
   19.94  100.21 -172.89   0.0020000
  -72.57   32.45 -173.60   0.0020000
   32.56  130.89   29.16   0.0020000
 -117.95   56.25 -143.25   0.0020000
  -45.13   44.96   72.66   0.0020000
 -148.48   86.00 -133.53   0.0020000
  112.68   52.35  -41.93   0.0020000
    7.00   73.62   82.15   0.0020000
  -39.04  157.87   20.36   0.0020000
 -160.83   87.98   -5.26   0.0020000
   84.42   79.54  154.73   0.0020000
  175.29  124.91 -116.64   0.0020000
 -118.25   80.41 -144.19   0.0020000
  169.42  143.39   39.55   0.0020000
  -63.38   93.09  -81.70   0.0020000
  141.02   78.75  -97.42   0.0020000
  -63.58   55.67   -0.95   0.0020000
  -94.87   61.75  117.09   0.0020000
  -66.78  114.67   19.57   0.0020000
  -58.76   35.96  175.18   0.0020000
   73.89   89.37   58.10   0.0020000
  -50.30  102.69  -43.60   0.0020000
  135.12   17.68 -177.75   0.0020000
  127.71   71.71   12.40   0.0020000
  -44.80   36.98  162.04   0.0020000
  -28.33  133.99  -20.01   0.0020000
 -153.54  120.46  117.97   0.0020000
  174.40  152.44  107.80   0.0020000
  116.83   48.09   93.47   0.0020000
   24.16  104.88   94.85   0.0020000
 -172.40   30.87   65.10   0.0020000
  111.59  122.86  107.44   0.0020000
   14.10  143.54  108.08   0.0020000
  127.53  121.23 -107.75   0.0020000
 -172.14  123.99   98.29   0.0020000
   85.27   43.73  -63.36   0.0020000
 -147.78   41.58  -25.15   0.0020000
  -79.43  150.62  -61.77   0.0020000
 -175.43   55.36  157.52   0.0020000
   47.01   87.18   -4.99   0.0020000
   82.24   79.27  133.00   0.0020000
   -7.44  124.08   44.42   0.0020000
  -67.14   40.77  -57.77   0.0020000
  -38.32   81.16  -69.71   0.0020000
  -40.02   26.62  -32.17   0.0020000
  -73.00   88.53  127.91   0.0020000
 -157.33   79.36  102.77   0.0020000
  -43.78  133.98  -34.59   0.0020000
   45.47   97.60 -104.62   0.0020000
 -139.06   43.49   52.54   0.0020000
 -179.02   44.97  103.91   0.0020000
  -80.95  129.33   67.32   0.0020000
    3.37  128.79 -150.95   0.0020000
   18.61  116.27  116.51   0.0020000
   17.14  155.06   98.12   0.0020000
 -163.53  136.84  -85.17   0.0020000
  -98.84   83.63 -152.28   0.0020000
 -128.60  146.39  143.65   0.0020000
   20.10  129.69   11.65   0.0020000
 -114.20   79.87  131.11   0.0020000
  -68.97   54.40   91.87   0.0020000
 -177.75   51.03   16.62   0.0020000
  176.83  124.17  -24.55   0.0020000
 -152.51   99.81 -131.82   0.0020000
 -108.14   76.55 -131.41   0.0020000
  -38.18   32.49  147.88   0.0020000
  118.66  112.54   63.65   0.0020000
   90.20   90.47   76.32   0.0020000
  -19.50   30.41   77.31   0.0020000
  111.84  123.97   18.28   0.0020000
  164.43   72.01 -158.29   0.0020000
  104.90   98.05   37.80   0.0020000
  -55.67  135.87   24.55   0.0020000
   45.45    4.00   93.94   0.0020000
   11.22   50.19  -28.31   0.0020000
   -9.87   94.08    2.64   0.0020000
   96.98   50.77   24.31   0.0020000
  -44.65   41.43   72.59   0.0020000
  102.63  116.28 -117.45   0.0020000
 -161.37   67.08  -16.39   0.0020000
 -155.55   52.89  175.38   0.0020000
  -85.20   61.97  111.56   0.0020000
  171.45   31.22  -51.44   0.0020000
   82.75  110.91 -154.76   0.0020000
  -64.36   52.11  -83.15   0.0020000
   23.29  115.78   28.82   0.0020000
  -67.49   39.33   12.67   0.0020000
  177.19  138.76   86.30   0.0020000
  -82.21   71.20  148.32   0.0020000
   71.99  167.74   51.97   0.0020000
   24.18  119.48  -53.17   0.0020000
 -166.80  135.80  175.40   0.0020000
  174.84  124.49  -15.66   0.0020000
 -121.52  100.71 -160.08   0.0020000
    2.03   68.44  -81.87   0.0020000
   33.07   73.35  160.48   0.0020000
   92.83   97.05 -140.86   0.0020000
   97.60   64.64  -63.91   0.0020000
   16.09   13.66   67.72   0.0020000
  176.91   43.97  -69.74   0.0020000
  -65.87  168.54   34.45   0.0020000
   15.68   79.43  113.44   0.0020000
  169.99   67.66   -8.16   0.0020000
  -41.39  138.45  -83.80   0.0020000
 -123.90  159.09  128.88   0.0020000
   22.20   71.48 -133.68   0.0020000
  -44.61  140.46 -161.50   0.0020000
  -75.68   76.85   25.77   0.0020000
 -131.29  148.43   43.93   0.0020000
  -51.75   57.38   66.78   0.0020000
 -179.88  121.18  131.18   0.0020000
 -162.54  115.24  -70.11   0.0020000
  -66.39   99.96 -105.44   0.0020000
  167.37  113.99   23.94   0.0020000
   67.12   83.23  -55.27   0.0020000
  -93.81  106.05 -120.96   0.0020000
   98.90   80.94  156.33   0.0020000
  109.02   42.25 -138.39   0.0020000
   26.33  135.91  -71.19   0.0020000
  110.19   61.85  -85.31   0.0020000
 -114.95  165.25   45.55   0.0020000
  104.51   95.87  -45.08   0.0020000
  125.68  133.04 -175.22   0.0020000
   28.53   42.15  -20.20   0.0020000
 -154.80   46.65  149.99   0.0020000
  -34.48  158.77  -34.94   0.0020000
  124.56   55.40   80.39   0.0020000
   33.14   74.72   54.05   0.0020000
 -172.19   63.47  109.12   0.0020000
   93.76   25.87  -77.57   0.0020000
  178.05   42.20 -165.05   0.0020000
  178.36  114.28 -154.19   0.0020000
 -160.54   37.10  153.84   0.0020000
 -125.18  139.36   49.83   0.0020000
   90.96  115.71  -34.07   0.0020000
   42.94   98.43 -170.51   0.0020000
 -110.17   71.62   53.23   0.0020000
   34.49  146.33  168.69   0.0020000
  -40.38  156.41   32.01   0.0020000
  -13.09  102.16    1.41   0.0020000
  179.30  131.47  -53.50   0.0020000
 -163.65   95.83  -14.47   0.0020000
  -16.25   70.64  -63.99   0.0020000
  -34.00   23.26   40.32   0.0020000
 -172.92   55.65 -171.21   0.0020000
 -159.37  115.33  -93.57   0.0020000
    6.86  130.98 -100.26   0.0020000
  -30.98   19.64  116.81   0.0020000
 -101.68   87.93  135.06   0.0020000
  153.55   57.47 -176.30   0.0020000
  -11.30  106.43  171.54   0.0020000
   54.15   61.90 -132.09   0.0020000
   95.94   64.07 -130.47   0.0020000
 -153.48   83.99  108.84   0.0020000
