  0.1133E+01  0.4301E+01
  0.1133E+01  0.4857E+01
  0.1133E+01  0.4301E+01
  0.1315E+01  0.4245E+01
  0.1363E+01  0.4799E+01
  0.1315E+01  0.4245E+01
  0.1485E+01  0.4190E+01
  0.1581E+01  0.4738E+01
  0.1485E+01  0.4190E+01
  0.1655E+01  0.4133E+01
  0.1799E+01  0.4671E+01
  0.1655E+01  0.4133E+01
  0.1837E+01  0.4069E+01
  0.2028E+01  0.4594E+01
  0.1837E+01  0.4069E+01
  0.2075E+01  0.3976E+01
  0.2313E+01  0.4484E+01
  0.2075E+01  0.3976E+01
  0.2434E+01  0.3814E+01
  0.2717E+01  0.4303E+01
  0.2434E+01  0.3814E+01
  0.3285E+01  0.3241E+01
  0.3616E+01  0.3714E+01
  0.3285E+01  0.3241E+01
  0.3604E+01  0.2887E+01
  0.3975E+01  0.3329E+01
  0.3604E+01  0.2887E+01
  0.3744E+01  0.2681E+01
  0.4151E+01  0.3087E+01
  0.3744E+01  0.2681E+01
  0.3842E+01  0.2519E+01
  0.4282E+01  0.2888E+01
  0.3842E+01  0.2519E+01
  0.3922E+01  0.2373E+01
  0.4391E+01  0.2702E+01
  0.3922E+01  0.2373E+01
  0.3991E+01  0.2235E+01
  0.4486E+01  0.2520E+01
  0.3991E+01  0.2235E+01
  0.4055E+01  0.2096E+01
  0.4572E+01  0.2337E+01
  0.4055E+01  0.2096E+01
  0.4115E+01  0.1952E+01
  0.4650E+01  0.2146E+01
  0.4115E+01  0.1952E+01
  0.4176E+01  0.1794E+01
  0.4725E+01  0.1940E+01
  0.4176E+01  0.1794E+01
  0.4240E+01  0.1613E+01
  0.4798E+01  0.1711E+01
  0.4240E+01  0.1613E+01
  0.4312E+01  0.1388E+01
  0.4876E+01  0.1437E+01
  0.4312E+01  0.1388E+01
  0.4413E+01  0.1031E+01
  0.4979E+01  0.1031E+01
  0.4413E+01  0.1031E+01
  0.4575E+01  0.2045E+00
  0.5145E+01  0.1546E+00
  0.4575E+01  0.2045E+00
  0.4649E+01 -0.6129E+00
  0.5226E+01 -0.7146E+00
  0.4649E+01 -0.6129E+00
  0.4606E+01 -0.1137E+01
  0.5178E+01 -0.1290E+01
  0.4606E+01 -0.1137E+01
  0.4460E+01 -0.1373E+01
  0.5008E+01 -0.1573E+01
  0.4460E+01 -0.1373E+01
  0.4341E+01 -0.1544E+01
  0.4863E+01 -0.1787E+01
  0.4341E+01 -0.1544E+01
  0.4221E+01 -0.1677E+01
  0.4713E+01 -0.1961E+01
  0.4221E+01 -0.1677E+01
  0.4096E+01 -0.1794E+01
  0.4554E+01 -0.2115E+01
  0.4096E+01 -0.1794E+01
  0.3964E+01 -0.1911E+01
  0.4385E+01 -0.2264E+01
  0.3964E+01 -0.1911E+01
  0.3810E+01 -0.2044E+01
  0.4192E+01 -0.2426E+01
  0.3810E+01 -0.2044E+01
  0.3604E+01 -0.2218E+01
  0.3944E+01 -0.2624E+01
  0.3604E+01 -0.2218E+01
  0.3274E+01 -0.2458E+01
  0.3568E+01 -0.2877E+01
  0.3274E+01 -0.2458E+01
  0.2191E+01 -0.3156E+01
  0.2431E+01 -0.3572E+01
  0.2191E+01 -0.3156E+01
  0.4769E+00 -0.4102E+01
  0.6952E+00 -0.4570E+01
  0.4769E+00 -0.4102E+01
  0.1675E-01 -0.4308E+01
  0.2008E+00 -0.4814E+01
  0.1675E-01 -0.4308E+01
 -0.2728E+00 -0.4468E+01
 -0.1277E+00 -0.5009E+01
 -0.2728E+00 -0.4468E+01
 -0.6745E+00 -0.4431E+01
 -0.5772E+00 -0.4983E+01
 -0.6745E+00 -0.4431E+01
 -0.9307E+00 -0.4360E+01
 -0.8822E+00 -0.4915E+01
 -0.9307E+00 -0.4360E+01
 -0.1133E+01 -0.4301E+01
 -0.1133E+01 -0.4857E+01
 -0.1133E+01 -0.4301E+01
 -0.1315E+01 -0.4245E+01
 -0.1363E+01 -0.4799E+01
 -0.1315E+01 -0.4245E+01
 -0.1485E+01 -0.4190E+01
 -0.1581E+01 -0.4738E+01
 -0.1485E+01 -0.4190E+01
 -0.1655E+01 -0.4133E+01
 -0.1799E+01 -0.4671E+01
 -0.1655E+01 -0.4133E+01
 -0.1837E+01 -0.4069E+01
 -0.2028E+01 -0.4594E+01
 -0.1837E+01 -0.4069E+01
 -0.2075E+01 -0.3976E+01
 -0.2313E+01 -0.4484E+01
 -0.2075E+01 -0.3976E+01
 -0.2434E+01 -0.3814E+01
 -0.2717E+01 -0.4303E+01
 -0.2434E+01 -0.3814E+01
 -0.3285E+01 -0.3241E+01
 -0.3616E+01 -0.3714E+01
 -0.3285E+01 -0.3241E+01
 -0.3604E+01 -0.2887E+01
 -0.3975E+01 -0.3329E+01
 -0.3604E+01 -0.2887E+01
 -0.3744E+01 -0.2681E+01
 -0.4151E+01 -0.3087E+01
 -0.3744E+01 -0.2681E+01
 -0.3842E+01 -0.2519E+01
 -0.4282E+01 -0.2888E+01
 -0.3842E+01 -0.2519E+01
 -0.3922E+01 -0.2373E+01
 -0.4391E+01 -0.2702E+01
 -0.3922E+01 -0.2373E+01
 -0.3991E+01 -0.2235E+01
 -0.4486E+01 -0.2520E+01
 -0.3991E+01 -0.2235E+01
 -0.4055E+01 -0.2096E+01
 -0.4572E+01 -0.2337E+01
 -0.4055E+01 -0.2096E+01
 -0.4115E+01 -0.1952E+01
 -0.4650E+01 -0.2146E+01
 -0.4115E+01 -0.1952E+01
 -0.4176E+01 -0.1794E+01
 -0.4725E+01 -0.1940E+01
 -0.4176E+01 -0.1794E+01
 -0.4240E+01 -0.1613E+01
 -0.4798E+01 -0.1711E+01
 -0.4240E+01 -0.1613E+01
 -0.4312E+01 -0.1388E+01
 -0.4876E+01 -0.1437E+01
 -0.4312E+01 -0.1388E+01
 -0.4413E+01 -0.1031E+01
 -0.4979E+01 -0.1031E+01
 -0.4413E+01 -0.1031E+01
 -0.4575E+01 -0.2045E+00
 -0.5145E+01 -0.1546E+00
 -0.4575E+01 -0.2045E+00
 -0.4649E+01  0.6129E+00
 -0.5226E+01  0.7146E+00
 -0.4649E+01  0.6129E+00
 -0.4606E+01  0.1137E+01
 -0.5178E+01  0.1290E+01
 -0.4606E+01  0.1137E+01
 -0.4460E+01  0.1373E+01
 -0.5008E+01  0.1573E+01
 -0.4460E+01  0.1373E+01
 -0.4341E+01  0.1544E+01
 -0.4863E+01  0.1787E+01
 -0.4341E+01  0.1544E+01
 -0.4221E+01  0.1677E+01
 -0.4713E+01  0.1961E+01
 -0.4221E+01  0.1677E+01
 -0.4096E+01  0.1794E+01
 -0.4554E+01  0.2115E+01
 -0.4096E+01  0.1794E+01
 -0.3964E+01  0.1911E+01
 -0.4385E+01  0.2264E+01
 -0.3964E+01  0.1911E+01
 -0.3810E+01  0.2044E+01
 -0.4192E+01  0.2426E+01
 -0.3810E+01  0.2044E+01
 -0.3604E+01  0.2218E+01
 -0.3944E+01  0.2624E+01
 -0.3604E+01  0.2218E+01
 -0.3274E+01  0.2458E+01
 -0.3568E+01  0.2877E+01
 -0.3274E+01  0.2458E+01
 -0.2191E+01  0.3156E+01
 -0.2431E+01  0.3572E+01
 -0.2191E+01  0.3156E+01
 -0.4769E+00  0.4102E+01
 -0.6952E+00  0.4570E+01
 -0.4769E+00  0.4102E+01
 -0.1675E-01  0.4308E+01
 -0.2008E+00  0.4814E+01
 -0.1675E-01  0.4308E+01
  0.2728E+00  0.4468E+01
  0.1277E+00  0.5009E+01
  0.2728E+00  0.4468E+01
  0.6745E+00  0.4431E+01
  0.5772E+00  0.4983E+01
  0.6745E+00  0.4431E+01
  0.9307E+00  0.4360E+01
  0.8822E+00  0.4915E+01
  0.9307E+00  0.4360E+01
  0.1133E+01  0.4301E+01
   -   -   
