
 **** INPUT FILE VPSC.IN FOR THIS RUN ****
1                          VP (1) or ELAST (-1) regime                                                                            
2                          number of phases (nph)                                                                                 
0.5  0.5                   relative vol. fract. of phases (wph(i))                                                                
*INFORMATION ABOUT PHASE #1                                                                                                       
0   0   25                    grain shape contrl, fragmentn, crit aspect ratio                                                    
1.0  1.0  1.0                 initial ellipsoid ratios (dummy if ishape=4)                                                        
0.0  0.0  0.0                 init Eul ang ellips axes (dummy if ishape=3,4)                                                      
* name and path of texture file (filetext)                                                                                        
ex02_FCC\rand500.tex                                                                                                              
* name and path of single crystal file (filecrys)                                                                                 
ex05_2ph\FCC.sx                                                                                                                   
* name and path of grain shape file (dummy if ishape=0) (fileaxes)                                                                
dummy                                                                                                                             
* name and path of diffraction file (dummy if ishape=0)                                                                           
0                                                                                                                                 
dummy                                                                                                                             
*INFORMATION ABOUT PHASE #2                                                                                                       
0   0   25                    grain shape contrl, fragmentn, crit aspect ratio                                                    
1.0  1.0  1.0                 initial ellipsoid ratios (dummy if ishape=4)                                                        
0.0  0.0  0.0                 init Eul ang ellips axes (dummy if ishape=3,4)                                                      
* name and path of texture file (filetext)                                                                                        
ex02_FCC\rand500.tex                                                                                                              
* name and path of single crystal file (filecrys)                                                                                 
ex05_2ph\BCC.sx                                                                                                                   
* name and path of grain shape file (dummy if ishape=0) (fileaxes)                                                                
dummy                                                                                                                             
* name and path of diffraction file (dummy if ishape=0)                                                                           
0                                                                                                                                 
dummy                                                                                                                             
*PRECISION SETTINGS FOR CONVERGENCE PROCEDURES (default values)                                                                   
0.001 0.001 0.001 0.001    errs,errd,errm,errso                                                                                   
100 100 25     itmax:   max # of iter, external, internal and SO loops                                                            
0   2  10  2   irsvar & xrsini,xrsfin,xrstep (dummy if irsvar=0)                                                                  
*INPUT/OUTPUT SETTINGS FOR THE RUN (default is zero)                                                                              
0              irecover:read grain states from POSTMORT.IN (1) or not (0)?                                                        
0              isave:   write grain states in POSTMORT.OUT at step 'isave'?                                                       
0              icubcomp:calculate fcc rolling components?                                                                         
0              nwrite (frequency of texture downloads)                                                                            
*MODELING CONDITIONS FOR THE RUN                                                                                                  
3  10          interaction (0:FC,1:aff,2:sec,3:neff or RDC,4:tan,5:SO), neffx                                                     
1  1  1        iupdate: update orient, grain shape, hardening                                                                     
0              nneigh (0 for no neighbors, 1 for pairs, etc.)                                                                     
0              iflu (0: don't calc, 1: calc fluctuations)                                                                         
*NUMBER OF PROCESSES (COMBINATION OF UNIFORM OR VARIABLE LOAD,PCYS,LANKFORD)                                                      
3                                                                                                                                 
*IVGVAR AND PATH\NAME OF FILE OR STRESS SUBSPACE OR ANGULAR INCREMENT                                                             
0         ivgvar=0 will run a monotonic strain path                                                                               
ex05_2ph\rolling                                                                                                                  
2         ivgvar=2 will calculate PCYS at the end                                                                                 
1 2             -->   section of stress space                                                                                     
3   --> Lankford of 2-phase                                                                                                       
10.              -->   angular increment for tensile probing                                                                      


 **** CRYSTAL DATA FILE ****
*Material: AUSTENITIC STEEL                                                                                                       
cubic           crysym                                                                                                            
   1.0   1.0   1.0   90.   90.   90.   unit cell axes and angles                                                                  
Elastic stiffness (single crystal [GPa]; scaled=0.85xINTERPOLATED)                                                                
 205.0   138.0   138.0   000.0   000.0   000.0                                                                                    
 138.0   205.0   138.0   000.0   000.0   000.0                                                                                    
 138.0   138.0   205.0   000.0   000.0   000.0                                                                                    
 000.0   000.0   000.0   126.0   000.0   000.0                                                                                    
 000.0   000.0   000.0   000.0   126.0   000.0                                                                                    
 000.0   000.0   000.0   000.0   000.0   126.0                                                                                    
*Thermal expansion coefficients (single crystal in crystal axis):                                                                 
  1.0e-6   1.0e-6  1.0e-6   0.0e0   0.0e0   0.0e0                                                                                 
*Info about slip & twinning modes in this file:                                                                                   
  2          nmodesx    (total # of modes listed in file)                                                                         
  1          nmodes     (# of modes to be used in the calculation)                                                                
  1          mode(i)    (label of the modes to be used)                                                                           
  <111>{110} SLIP                                                                                                                 
 1  12  1   0                       modex,nsmx,isensex,itwtypex                                                                   
   1  1  1        0  1 -1           slip (n & b)                                                                                  
   1  1  1        1  0 -1                                                                                                         
   1  1  1        1 -1  0                                                                                                         
  -1  1  1        0  1 -1                                                                                                         
  -1  1  1        1  0  1                                                                                                         
  -1  1  1        1  1  0                                                                                                         
  -1 -1  1        0  1  1                                                                                                         
  -1 -1  1        1  0  1                                                                                                         
  -1 -1  1        1 -1  0                                                                                                         
   1 -1  1        0  1  1                                                                                                         
   1 -1  1        1  0 -1                                                                                                         
   1 -1  1        1  1  0                                                                                                         
  <111>{112} TWIN                                                                                                                 
 2  12  0   2                        modex,nsmx,isensex,itwtypex                                                                  
 0.707                               twshx                                                                                        
   1  1  1       -2  1  1                                                                                                         
   1  1  1        1 -2  1                                                                                                         
   1  1  1        1  1 -2                                                                                                         
  -1  1  1        2  1  1                                                                                                         
  -1  1  1       -1 -2  1                                                                                                         
  -1  1  1       -1  1 -2                                                                                                         
  -1 -1  1        2 -1  1                                                                                                         
  -1 -1  1       -1  2  1                                                                                                         
  -1 -1  1       -1 -1 -2                                                                                                         
   1 -1  1       -2 -1  1                                                                                                         
   1 -1  1        1  2  1                                                                                                         
   1 -1  1        1 -1 -2                                                                                                         
*Constitutive law                                                                                                                 
   0      Voce=0, MTS=1                                                                                                           
   1      iratesens (0:rate insensitive, 1:rate sensitive)                                                                        
   50     grsze --> grain size only matters if HPfactor is non-zero                                                               
  <111>{110} SLIP -------------------------------------------                                                                     
 20                               nrsx                                                                                            
 1.0   0.0   0.0   0.0  0.        tau0x,tau1x,thet0,thet1, hpfac                                                                  
 1.0    1.0                          hlatex(1,im),im=1,nmodes                                                                     
  <111>{112} TWIN --------------------------------------                                                                          
 20                               nrsx                                                                                            
 1.0   0.0    0.   0.   0.        tau0x,tau1x,thet0,thet1, hpfac                                                                  
 1.0    1.0                       hlatex(1,im),im=1,nmodes                                                                        
 0     0.05   0.50                isectw, thres1,thres2                                                                           
**** END OF CRYSTAL DATA FILE ****


 CHECKING THAT CELCC*SELCC-ID6=0   0.2134069E-31
 *********** PHASE   1
 RANDOM PX BULK & POISSON MODULI     160.333       0.266
 RANDOM PX ELASTIC CTES C11, C12, C44     279.000     101.000      89.000

 INSIDE SUBROUTINE DATA_CRYSTAL
 SHEAR MODULUS FOR MODE  1 IN PHASE  1 IS      64.333
 N & B FOR MODE  1 IN PHASE  1
     0.577     0.577     0.577        0.000     0.707    -0.707
     0.577     0.577     0.577        0.707     0.000    -0.707
     0.577     0.577     0.577        0.707    -0.707     0.000
    -0.577     0.577     0.577        0.000     0.707    -0.707
    -0.577     0.577     0.577        0.707     0.000     0.707
    -0.577     0.577     0.577        0.707     0.707     0.000
    -0.577    -0.577     0.577        0.000     0.707     0.707
    -0.577    -0.577     0.577        0.707     0.000     0.707
    -0.577    -0.577     0.577        0.707    -0.707     0.000
     0.577    -0.577     0.577        0.000     0.707     0.707
     0.577    -0.577     0.577        0.707     0.000    -0.707
     0.577    -0.577     0.577        0.707     0.707     0.000

 **** CRYST TEXTURE (FIRST FEW LINES) ****
dummy                                                                                                                             
dummy                                                                                                                             
random texture generated by RANDTEXT.FOR (23/01/97)                                                                               
B   500                                                                                                                           
    102.74    119.56     33.65  1.0                                                                                               
    219.06     36.21     70.51  1.0                                                                                               
    166.66     28.59     45.80  1.0                                                                                               
    149.74     86.13     38.68  1.0                                                                                               
    143.88     72.50      9.75  1.0                                                                                               
     27.71      7.88    225.69  1.0                                                                                               
     10.26     81.59    324.82  1.0                                                                                               
    213.21    156.91    352.41  1.0                                                                                               
    313.75     60.06    131.59  1.0                                                                                               
    283.74    137.64    213.65  1.0                                                                                               
    329.59    158.18    298.33  1.0                                                                                               
     61.37    171.68    104.65  1.0                                                                                               
     44.90     68.33     40.28  1.0                                                                                               
     29.40    114.77    163.14  1.0                                                                                               
     56.39    115.89    341.90  1.0                                                                                               
    271.21     76.66    171.67  1.0                                                                                               
    .........................
 **** END OF CRYST TEXTURE DATA FILE ****


 **** CRYSTAL DATA FILE ****
Iron ELASTIC CONSTANTS AND 'NO-HARDENING' PARAMETERS                                                                              
CUBIC             crysym                                                                                                          
   1.   1.   1.    90.   90.   90.   unit cell axes and angles                                                                    
Elastic stiffness for Fe at 300K [GPa] (Simmons and Huang)                                                                        
 233.0   135.0   135.0   000.0   000.0   000.0                                                                                    
 135.0   233.0   135.0   000.0   000.0   000.0                                                                                    
 135.0   135.0   233.0   000.0   000.0   000.0                                                                                    
 000.0   000.0   000.0   117.0   000.0   000.0                                                                                    
 000.0   000.0   000.0   000.0   117.0   000.0                                                                                    
 000.0   000.0   000.0   000.0   000.0   117.0                                                                                    
*Thermal expansion coefficients (single crystal in crystal axis):                                                                 
  0.0e-6   0.0e-6   0.0e-6   0.0e0   0.0e0   0.0e0                                                                                
INFORMATION ABOUT SLIP AND TWIN SYSTEMS                                                                                           
   3              nmodesx (total # of modes listed in the file)                                                                   
   1              nmodes  (# of modes to be used in the calculation)                                                              
   1              mode(i) (label of the modes to be used)                                                                         
   {110}<111> SLIP                                                                                                                
 1  12  1   0                       modex,nsmx,iopsysx,itwtypex                                                                   
    0    1    1     1    1   -1       slip (n-b)                                                                                  
    1    0    1     1    1   -1                                                                                                   
    1   -1    0     1    1   -1                                                                                                   
    0    1   -1     1   -1   -1                                                                                                   
    1    0    1     1   -1   -1                                                                                                   
    1    1    0     1   -1   -1                                                                                                   
    0    1    1     1   -1    1                                                                                                   
    1    0   -1     1   -1    1                                                                                                   
    1    1    0     1   -1    1                                                                                                   
    0    1   -1     1    1    1                                                                                                   
    1    0   -1     1    1    1                                                                                                   
    1   -1    0     1    1    1                                                                                                   
   {112}<111> SLIP                                                                                                                
 2  12  1   0                       modex,nsmx,iopsysx,itwtypex                                                                   
   -2    1   -1    -1   -1    1       slip (n-b)                                                                                  
    1   -2   -1    -1   -1    1                                                                                                   
    1    1    2    -1   -1    1                                                                                                   
   -2   -1   -1    -1    1    1                                                                                                   
    1    2   -1    -1    1    1                                                                                                   
    1   -1    2    -1    1    1                                                                                                   
    2    1   -1     1   -1    1                                                                                                   
   -1   -2   -1     1   -1    1                                                                                                   
   -1    1    2     1   -1    1                                                                                                   
    2   -1   -1     1    1    1                                                                                                   
   -1    2   -1     1    1    1                                                                                                   
   -1   -1    2     1    1    1                                                                                                   
   {123}<111> SLIP                                                                                                                
 3  24  1   0                       modex,nsmx,iopsysx,itwtypex                                                                   
    1    2    3     1    1   -1       slip (n-b)                                                                                  
   -1    3    2     1    1   -1                                                                                                   
    2    1    3     1    1   -1                                                                                                   
   -2    3    1     1    1   -1                                                                                                   
    3   -1    2     1    1   -1                                                                                                   
    3   -2    1     1    1   -1                                                                                                   
   -1    2   -3     1   -1   -1                                                                                                   
    1    3   -2     1   -1   -1                                                                                                   
    2   -1    3     1   -1   -1                                                                                                   
    2    3   -1     1   -1   -1                                                                                                   
    3    1    2     1   -1   -1                                                                                                   
    3    2    1     1   -1   -1                                                                                                   
    1   -2   -3     1   -1    1                                                                                                   
    1    3    2     1   -1    1                                                                                                   
    2   -1   -3     1   -1    1                                                                                                   
    2    3    1     1   -1    1                                                                                                   
    3    1   -2     1   -1    1                                                                                                   
    3    2   -1     1   -1    1                                                                                                   
    1    2   -3     1    1    1                                                                                                   
    1   -3    2     1    1    1                                                                                                   
    2    1   -3     1    1    1                                                                                                   
    2   -3    1     1    1    1                                                                                                   
   -3    1    2     1    1    1                                                                                                   
   -3    2    1     1    1    1                                                                                                   
*Constitutive law                                                                                                                 
   0      Voce=0, MTS=1                                                                                                           
   1      iratesens (0:rate insensitive, 1:rate sensitive)                                                                        
   50     grsze --> grain size only matters if HPfactor is non-zero                                                               
 {110}<111> SLIP -------------------------------------------                                                                      
 20                               nrsx                                                                                            
 4.0   0.0   0.0   0.0   0.        tau0x,tau1x,thet0,thet1, hpfac                                                                 
 1.0    1.0                          hlatex(1,im),im=1,nmodes                                                                     
                                                                                                                                 
**** END OF CRYSTAL DATA FILE ****


 CHECKING THAT CELCC*SELCC-ID6=0   0.2220446E-15
 *********** PHASE   2
 RANDOM PX BULK & POISSON MODULI     167.667       0.273
 RANDOM PX ELASTIC CTES C11, C12, C44     287.400     107.800      89.800

 INSIDE SUBROUTINE DATA_CRYSTAL
 SHEAR MODULUS FOR MODE  1 IN PHASE  2 IS      71.667
 N & B FOR MODE  1 IN PHASE  2
     0.000     0.707     0.707        0.577     0.577    -0.577
     0.707     0.000     0.707        0.577     0.577    -0.577
     0.707    -0.707     0.000        0.577     0.577    -0.577
     0.000     0.707    -0.707        0.577    -0.577    -0.577
     0.707     0.000     0.707        0.577    -0.577    -0.577
     0.707     0.707     0.000        0.577    -0.577    -0.577
     0.000     0.707     0.707        0.577    -0.577     0.577
     0.707     0.000    -0.707        0.577    -0.577     0.577
     0.707     0.707     0.000        0.577    -0.577     0.577
     0.000     0.707    -0.707        0.577     0.577     0.577
     0.707     0.000    -0.707        0.577     0.577     0.577
     0.707    -0.707     0.000        0.577     0.577     0.577

 **** CRYST TEXTURE (FIRST FEW LINES) ****
dummy                                                                                                                             
dummy                                                                                                                             
random texture generated by RANDTEXT.FOR (23/01/97)                                                                               
B   500                                                                                                                           
    102.74    119.56     33.65  1.0                                                                                               
    219.06     36.21     70.51  1.0                                                                                               
    166.66     28.59     45.80  1.0                                                                                               
    149.74     86.13     38.68  1.0                                                                                               
    143.88     72.50      9.75  1.0                                                                                               
     27.71      7.88    225.69  1.0                                                                                               
     10.26     81.59    324.82  1.0                                                                                               
    213.21    156.91    352.41  1.0                                                                                               
    313.75     60.06    131.59  1.0                                                                                               
    283.74    137.64    213.65  1.0                                                                                               
    329.59    158.18    298.33  1.0                                                                                               
     61.37    171.68    104.65  1.0                                                                                               
     44.90     68.33     40.28  1.0                                                                                               
     29.40    114.77    163.14  1.0                                                                                               
     56.39    115.89    341.90  1.0                                                                                               
    271.21     76.66    171.67  1.0                                                                                               
    .........................
 **** END OF CRYST TEXTURE DATA FILE ****


*** RUNNING INTERACTION NEFF=   10.00


 UB THERMAL TENSOR (VOIGT NOTATION)
  0.4888E-06  0.4888E-06  0.4888E-06 -0.1550E-23 -0.1317E-23 -0.1027E-23

 UB ELASTIC STIFFNESS (VOIGT NOTATION)
  0.2836E+03  0.1035E+03  0.1049E+03  0.1454E+00  0.1283E+01  0.5248E+00
  0.1035E+03  0.2842E+03  0.1044E+03 -0.1024E+01  0.1170E+00 -0.6804E+00
  0.1049E+03  0.1044E+03  0.2827E+03  0.8783E+00 -0.1400E+01  0.1556E+00
  0.1454E+00 -0.1024E+01  0.8783E+00  0.8935E+02  0.1556E+00  0.1170E+00
  0.1283E+01  0.1170E+00 -0.1400E+01  0.1556E+00  0.8991E+02  0.1454E+00
  0.5248E+00 -0.6804E+00  0.1556E+00  0.1170E+00  0.1454E+00  0.8848E+02

 LB THERMAL TENSOR (VOIGT NOTATION)
  0.5000E-06  0.5000E-06  0.5000E-06  0.1329E-23 -0.6078E-24 -0.6291E-24

 LB ELASTIC STIFFNESS (VOIGT NOTATION)
  0.2532E+03  0.1186E+03  0.1199E+03  0.1489E+00  0.1209E+01  0.4936E+00
  0.1186E+03  0.2538E+03  0.1194E+03 -0.9661E+00  0.1003E+00 -0.6375E+00
  0.1199E+03  0.1194E+03  0.2524E+03  0.8172E+00 -0.1310E+01  0.1439E+00
  0.1489E+00 -0.9661E+00  0.8172E+00  0.6665E+02  0.1392E+00  0.1143E+00
  0.1209E+01  0.1003E+00 -0.1310E+01  0.1392E+00  0.6718E+02  0.1381E+00
  0.4936E+00 -0.6375E+00  0.1439E+00  0.1143E+00  0.1381E+00  0.6584E+02


*** LOAD CONDITIONS FOR THIS RUN
  50   3   0.02    298.   298.       nsteps  ictrl  eqincr  temp                                                                  
* boundary conditions                                                                                                             
    1       1       1           iudot    |    flag for vel.grad.                                                                  
    1       1       1                    |    (0:unknown-1:known)                                                                 
    1       1       1                    |                                                                                        
                                         |                                                                                        
    1.0     0.      0.          udot     |    vel.grad                                                                            
    0.      0.00    0.                   |                                                                                        
    0.      0.     -1.0                  |                                                                                        
                                         |                                                                                        
    0       0       0           iscau    |    flag for Cauchy                                                                     
            0       0                    |                                                                                        
                    0                    |                                                                                        
                                         |                                                                                        
    0.      0.      0.          scauchy  |    Cauchy stress                                                                       
            0.      0.                   |                                                                                        
                    0.                   @                                                                                        

*******   STEP   1      *** N_EFF=cte CALCULATION              
   18   0.217E-03   0.327E-03   0.276E-03

*******   STEP   2      *** N_EFF=cte CALCULATION              
    8   0.418E-03   0.884E-03   0.260E-03

*******   STEP   3      *** N_EFF=cte CALCULATION              
   10   0.236E-03   0.702E-03   0.864E-04

*******   STEP   4      *** N_EFF=cte CALCULATION              
   10   0.211E-03   0.863E-03   0.288E-03

*******   STEP   5      *** N_EFF=cte CALCULATION              
   14   0.267E-03   0.583E-03   0.113E-03

*******   STEP   6      *** N_EFF=cte CALCULATION              
   14   0.291E-03   0.816E-03   0.462E-03

*******   STEP   7      *** N_EFF=cte CALCULATION              
   14   0.262E-03   0.756E-03   0.340E-03

*******   STEP   8      *** N_EFF=cte CALCULATION              
   14   0.281E-03   0.893E-03   0.442E-03

*******   STEP   9      *** N_EFF=cte CALCULATION              
   15   0.230E-03   0.752E-03   0.322E-03

*******   STEP  10      *** N_EFF=cte CALCULATION              
   13   0.734E-04   0.971E-03   0.546E-03

*******   STEP  11      *** N_EFF=cte CALCULATION              
   14   0.931E-04   0.931E-03   0.469E-03

*******   STEP  12      *** N_EFF=cte CALCULATION              
   14   0.679E-04   0.859E-03   0.408E-03

*******   STEP  13      *** N_EFF=cte CALCULATION              
   14   0.681E-04   0.966E-03   0.418E-03

*******   STEP  14      *** N_EFF=cte CALCULATION              
   15   0.135E-03   0.981E-03   0.527E-03

*******   STEP  15      *** N_EFF=cte CALCULATION              
   14   0.632E-04   0.989E-03   0.429E-03

*******   STEP  16      *** N_EFF=cte CALCULATION              
   14   0.602E-04   0.923E-03   0.412E-03

*******   STEP  17      *** N_EFF=cte CALCULATION              
   13   0.109E-03   0.914E-03   0.270E-03

*******   STEP  18      *** N_EFF=cte CALCULATION              
   13   0.693E-04   0.767E-03   0.312E-03

*******   STEP  19      *** N_EFF=cte CALCULATION              
   12   0.200E-03   0.829E-03   0.568E-04

*******   STEP  20      *** N_EFF=cte CALCULATION              
   11   0.214E-03   0.849E-03   0.187E-03

*******   STEP  21      *** N_EFF=cte CALCULATION              
   10   0.190E-03   0.774E-03   0.306E-03

*******   STEP  22      *** N_EFF=cte CALCULATION              
    7   0.294E-03   0.342E-03   0.371E-03

*******   STEP  23      *** N_EFF=cte CALCULATION              
    8   0.185E-03   0.241E-03   0.451E-03

*******   STEP  24      *** N_EFF=cte CALCULATION              
    8   0.142E-03   0.769E-03   0.456E-03

*******   STEP  25      *** N_EFF=cte CALCULATION              
    8   0.129E-03   0.870E-03   0.479E-03

*******   STEP  26      *** N_EFF=cte CALCULATION              
    9   0.115E-03   0.865E-03   0.258E-03

*******   STEP  27      *** N_EFF=cte CALCULATION              
    9   0.119E-03   0.761E-03   0.215E-03

*******   STEP  28      *** N_EFF=cte CALCULATION              
    8   0.908E-04   0.552E-03   0.323E-03

*******   STEP  29      *** N_EFF=cte CALCULATION              
    8   0.966E-04   0.526E-03   0.163E-03

*******   STEP  30      *** N_EFF=cte CALCULATION              
    8   0.159E-03   0.487E-03   0.302E-04

*******   STEP  31      *** N_EFF=cte CALCULATION              
    7   0.205E-03   0.898E-03   0.318E-03

*******   STEP  32      *** N_EFF=cte CALCULATION              
    7   0.240E-03   0.644E-03   0.621E-03

*******   STEP  33      *** N_EFF=cte CALCULATION              
   10   0.208E-03   0.182E-03   0.405E-03

*******   STEP  34      *** N_EFF=cte CALCULATION              
    8   0.327E-03   0.275E-03   0.598E-03

*******   STEP  35      *** N_EFF=cte CALCULATION              
    6   0.320E-03   0.599E-03   0.980E-03

*******   STEP  36      *** N_EFF=cte CALCULATION              
    6   0.378E-03   0.332E-03   0.681E-03

*******   STEP  37      *** N_EFF=cte CALCULATION              
    6   0.430E-03   0.566E-03   0.496E-03

*******   STEP  38      *** N_EFF=cte CALCULATION              
    9   0.288E-03   0.319E-03   0.920E-03

*******   STEP  39      *** N_EFF=cte CALCULATION              
    6   0.298E-03   0.757E-03   0.667E-03

*******   STEP  40      *** N_EFF=cte CALCULATION              
    7   0.430E-03   0.784E-03   0.503E-03

*******   STEP  41      *** N_EFF=cte CALCULATION              
    9   0.216E-03   0.250E-03   0.706E-03

*******   STEP  42      *** N_EFF=cte CALCULATION              
    5   0.185E-03   0.560E-03   0.413E-03

*******   STEP  43      *** N_EFF=cte CALCULATION              
    5   0.626E-03   0.936E-03   0.953E-03

*******   STEP  44      *** N_EFF=cte CALCULATION              
    8   0.438E-03   0.752E-03   0.729E-03

*******   STEP  45      *** N_EFF=cte CALCULATION              
    9   0.167E-03   0.273E-03   0.590E-03

*******   STEP  46      *** N_EFF=cte CALCULATION              
    8   0.499E-03   0.771E-03   0.831E-03
 *********************************************
   STOPS UPDATING GRAIN SHAPE FOR PHASE            1
 *********************************************

*******   STEP  47      *** N_EFF=cte CALCULATION              
    5   0.433E-03   0.922E-03   0.447E-03

*******   STEP  48      *** N_EFF=cte CALCULATION              
    8   0.234E-03   0.991E-03   0.737E-03

*******   STEP  49      *** N_EFF=cte CALCULATION              
    8   0.334E-03   0.559E-03   0.312E-03

*******   STEP  50      *** N_EFF=cte CALCULATION              
    8   0.326E-03   0.538E-03   0.328E-03

*******   STEP  51      *** N_EFF=cte CALCULATION              
    5   0.252E-03   0.704E-03   0.398E-03

 ******* STARTS A PCYS CALCULATION *******

 CENTRO-SYMMETRIC YIELD SURFACE

NORM OF STRAIN-RATE PROBES IS HARDWIRED TO  0.100E+01

WILL CALCULATE A   1   2   PCYS PROJECTION
 INDICES OF THE COMPONENTS DEFINING STRESS SPACE
    1 = (S22-S11)/SQRT(2)
    2 = (2*S33-S22-S11)/SQRT(6)
    3 = S23*SQRT(2)
    4 = S13*SQRT(2)
    5 = S12*SQRT(2)


*******   STEP   1      *** N_EFF=cte CALCULATION              
 step & DBAR in PCYS    1    0.0000    1.0000    0.0000    0.0000    0.0000
   12   0.135E-03   0.744E-03   0.199E-03

*******   STEP   2      *** N_EFF=cte CALCULATION              
 step & DBAR in PCYS    2    0.0872    0.9962    0.0000    0.0000    0.0000
    7   0.610E-04   0.395E-03   0.176E-03

*******   STEP   3      *** N_EFF=cte CALCULATION              
 step & DBAR in PCYS    3    0.1736    0.9848    0.0000    0.0000    0.0000
    7   0.619E-04   0.577E-03   0.103E-03

*******   STEP   4      *** N_EFF=cte CALCULATION              
 step & DBAR in PCYS    4    0.2588    0.9659    0.0000    0.0000    0.0000
    7   0.114E-03   0.913E-03   0.106E-03

*******   STEP   5      *** N_EFF=cte CALCULATION              
 step & DBAR in PCYS    5    0.3420    0.9397    0.0000    0.0000    0.0000
    8   0.169E-03   0.356E-03   0.131E-03

*******   STEP   6      *** N_EFF=cte CALCULATION              
 step & DBAR in PCYS    6    0.4226    0.9063    0.0000    0.0000    0.0000
    9   0.264E-03   0.378E-03   0.169E-03

*******   STEP   7      *** N_EFF=cte CALCULATION              
 step & DBAR in PCYS    7    0.5000    0.8660    0.0000    0.0000    0.0000
   10   0.390E-03   0.484E-03   0.286E-03

*******   STEP   8      *** N_EFF=cte CALCULATION              
 step & DBAR in PCYS    8    0.5736    0.8192    0.0000    0.0000    0.0000
   15   0.340E-03   0.907E-03   0.511E-03

*******   STEP   9      *** N_EFF=cte CALCULATION              
 step & DBAR in PCYS    9    0.6428    0.7660    0.0000    0.0000    0.0000
   10   0.450E-03   0.328E-03   0.495E-03

*******   STEP  10      *** N_EFF=cte CALCULATION              
 step & DBAR in PCYS   10    0.7071    0.7071    0.0000    0.0000    0.0000
   10   0.246E-03   0.359E-03   0.256E-03

*******   STEP  11      *** N_EFF=cte CALCULATION              
 step & DBAR in PCYS   11    0.7660    0.6428    0.0000    0.0000    0.0000
    9   0.336E-03   0.562E-03   0.325E-03

*******   STEP  12      *** N_EFF=cte CALCULATION              
 step & DBAR in PCYS   12    0.8192    0.5736    0.0000    0.0000    0.0000
    9   0.288E-03   0.389E-03   0.271E-03

*******   STEP  13      *** N_EFF=cte CALCULATION              
 step & DBAR in PCYS   13    0.8660    0.5000    0.0000    0.0000    0.0000
    9   0.274E-03   0.359E-03   0.264E-03

*******   STEP  14      *** N_EFF=cte CALCULATION              
 step & DBAR in PCYS   14    0.9063    0.4226    0.0000    0.0000    0.0000
    9   0.288E-03   0.434E-03   0.270E-03

*******   STEP  15      *** N_EFF=cte CALCULATION              
 step & DBAR in PCYS   15    0.9397    0.3420    0.0000    0.0000    0.0000
    9   0.339E-03   0.630E-03   0.280E-03

*******   STEP  16      *** N_EFF=cte CALCULATION              
 step & DBAR in PCYS   16    0.9659    0.2588    0.0000    0.0000    0.0000
   10   0.155E-03   0.344E-03   0.322E-03

*******   STEP  17      *** N_EFF=cte CALCULATION              
 step & DBAR in PCYS   17    0.9848    0.1736    0.0000    0.0000    0.0000
   11   0.151E-03   0.123E-03   0.198E-03

*******   STEP  18      *** N_EFF=cte CALCULATION              
 step & DBAR in PCYS   18    0.9962    0.0872    0.0000    0.0000    0.0000
   12   0.221E-03   0.410E-03   0.157E-03

*******   STEP  19      *** N_EFF=cte CALCULATION              
 step & DBAR in PCYS   19    1.0000    0.0000    0.0000    0.0000    0.0000
   17   0.116E-03   0.783E-03   0.138E-03

*******   STEP  20      *** N_EFF=cte CALCULATION              
 step & DBAR in PCYS   20    0.9962   -0.0872    0.0000    0.0000    0.0000
   21   0.149E-03   0.922E-03   0.135E-03

*******   STEP  21      *** N_EFF=cte CALCULATION              
 step & DBAR in PCYS   21    0.9848   -0.1736    0.0000    0.0000    0.0000
   16   0.369E-03   0.758E-03   0.124E-03

*******   STEP  22      *** N_EFF=cte CALCULATION              
 step & DBAR in PCYS   22    0.9659   -0.2588    0.0000    0.0000    0.0000
   12   0.274E-03   0.435E-03   0.645E-03

*******   STEP  23      *** N_EFF=cte CALCULATION              
 step & DBAR in PCYS   23    0.9397   -0.3420    0.0000    0.0000    0.0000
    8   0.178E-03   0.378E-03   0.102E-03

*******   STEP  24      *** N_EFF=cte CALCULATION              
 step & DBAR in PCYS   24    0.9063   -0.4226    0.0000    0.0000    0.0000
    8   0.553E-03   0.654E-03   0.385E-03

*******   STEP  25      *** N_EFF=cte CALCULATION              
 step & DBAR in PCYS   25    0.8660   -0.5000    0.0000    0.0000    0.0000
    8   0.524E-03   0.786E-03   0.454E-03

*******   STEP  26      *** N_EFF=cte CALCULATION              
 step & DBAR in PCYS   26    0.8192   -0.5736    0.0000    0.0000    0.0000
   12   0.334E-03   0.277E-03   0.411E-03

*******   STEP  27      *** N_EFF=cte CALCULATION              
 step & DBAR in PCYS   27    0.7660   -0.6428    0.0000    0.0000    0.0000
   12   0.315E-03   0.469E-03   0.295E-03

*******   STEP  28      *** N_EFF=cte CALCULATION              
 step & DBAR in PCYS   28    0.7071   -0.7071    0.0000    0.0000    0.0000
    8   0.396E-03   0.810E-03   0.748E-03

*******   STEP  29      *** N_EFF=cte CALCULATION              
 step & DBAR in PCYS   29    0.6428   -0.7660    0.0000    0.0000    0.0000
    9   0.360E-03   0.888E-03   0.481E-03

*******   STEP  30      *** N_EFF=cte CALCULATION              
 step & DBAR in PCYS   30    0.5736   -0.8192    0.0000    0.0000    0.0000
    9   0.270E-03   0.730E-03   0.564E-03

*******   STEP  31      *** N_EFF=cte CALCULATION              
 step & DBAR in PCYS   31    0.5000   -0.8660    0.0000    0.0000    0.0000
   18   0.262E-03   0.694E-03   0.214E-03

*******   STEP  32      *** N_EFF=cte CALCULATION              
 step & DBAR in PCYS   32    0.4226   -0.9063    0.0000    0.0000    0.0000
   14   0.369E-03   0.773E-03   0.546E-03

*******   STEP  33      *** N_EFF=cte CALCULATION              
 step & DBAR in PCYS   33    0.3420   -0.9397    0.0000    0.0000    0.0000
   12   0.823E-03   0.973E-03   0.849E-03

*******   STEP  34      *** N_EFF=cte CALCULATION              
 step & DBAR in PCYS   34    0.2588   -0.9659    0.0000    0.0000    0.0000
   27   0.974E-03   0.496E-03   0.756E-03

*******   STEP  35      *** N_EFF=cte CALCULATION              
 step & DBAR in PCYS   35    0.1736   -0.9848    0.0000    0.0000    0.0000
    8   0.441E-03   0.766E-03   0.266E-03

*******   STEP  36      *** N_EFF=cte CALCULATION              
 step & DBAR in PCYS   36    0.0872   -0.9962    0.0000    0.0000    0.0000
    8   0.231E-03   0.203E-03   0.279E-03

*** STARTS LANKFORD CALCULATION PROBING EVERY     10.00 DEGREES

*******   STEP   1      *** N_EFF=cte CALCULATION              

  INSIDE SUBROUTINE TEXTURE_ROTATION

  EULER ANGLES & ELLIPSOID AXES OF PHASE  1 before rotation
    90.065     0.000     0.000          1.016     4.899     0.190

  EULER ANGLES & ELLIPSOID AXES OF PHASE  1 after rotation
    90.065     0.000     0.000          1.016     4.899     0.190

  INSIDE SUBROUTINE TEXTURE_ROTATION

  EULER ANGLES & ELLIPSOID AXES OF PHASE  2 before rotation
    90.639     0.000     0.000          0.981     1.306     0.779

  EULER ANGLES & ELLIPSOID AXES OF PHASE  2 after rotation
    90.639     0.000     0.000          0.981     1.306     0.779
   18   0.275E-03   0.848E-03   0.255E-03

*******   STEP   2      *** N_EFF=cte CALCULATION              

  INSIDE SUBROUTINE TEXTURE_ROTATION

  EULER ANGLES & ELLIPSOID AXES OF PHASE  1 before rotation
    90.065     0.000     0.000          1.016     4.899     0.190

  EULER ANGLES & ELLIPSOID AXES OF PHASE  1 after rotation
    80.065     0.000     0.000          1.016     4.899     0.190

  INSIDE SUBROUTINE TEXTURE_ROTATION

  EULER ANGLES & ELLIPSOID AXES OF PHASE  2 before rotation
    90.639     0.000     0.000          0.981     1.306     0.779

  EULER ANGLES & ELLIPSOID AXES OF PHASE  2 after rotation
    80.639     0.000     0.000          0.981     1.306     0.779
   18   0.282E-03   0.991E-03   0.368E-03

*******   STEP   3      *** N_EFF=cte CALCULATION              

  INSIDE SUBROUTINE TEXTURE_ROTATION

  EULER ANGLES & ELLIPSOID AXES OF PHASE  1 before rotation
    80.065     0.000     0.000          1.016     4.899     0.190

  EULER ANGLES & ELLIPSOID AXES OF PHASE  1 after rotation
    70.065     0.000     0.000          1.016     4.899     0.190

  INSIDE SUBROUTINE TEXTURE_ROTATION

  EULER ANGLES & ELLIPSOID AXES OF PHASE  2 before rotation
    80.639     0.000     0.000          0.981     1.306     0.779

  EULER ANGLES & ELLIPSOID AXES OF PHASE  2 after rotation
    70.639     0.000     0.000          0.981     1.306     0.779
   27   0.219E-03   0.807E-03   0.833E-04

*******   STEP   4      *** N_EFF=cte CALCULATION              

  INSIDE SUBROUTINE TEXTURE_ROTATION

  EULER ANGLES & ELLIPSOID AXES OF PHASE  1 before rotation
    70.065     0.000     0.000          1.016     4.899     0.190

  EULER ANGLES & ELLIPSOID AXES OF PHASE  1 after rotation
    60.065     0.000     0.000          1.016     4.899     0.190

  INSIDE SUBROUTINE TEXTURE_ROTATION

  EULER ANGLES & ELLIPSOID AXES OF PHASE  2 before rotation
    70.639     0.000     0.000          0.981     1.306     0.779

  EULER ANGLES & ELLIPSOID AXES OF PHASE  2 after rotation
    60.639     0.000     0.000          0.981     1.306     0.779
   25   0.278E-03   0.963E-03   0.131E-03

*******   STEP   5      *** N_EFF=cte CALCULATION              

  INSIDE SUBROUTINE TEXTURE_ROTATION

  EULER ANGLES & ELLIPSOID AXES OF PHASE  1 before rotation
    60.065     0.000     0.000          1.016     4.899     0.190

  EULER ANGLES & ELLIPSOID AXES OF PHASE  1 after rotation
    50.065     0.000     0.000          1.016     4.899     0.190

  INSIDE SUBROUTINE TEXTURE_ROTATION

  EULER ANGLES & ELLIPSOID AXES OF PHASE  2 before rotation
    60.639     0.000     0.000          0.981     1.306     0.779

  EULER ANGLES & ELLIPSOID AXES OF PHASE  2 after rotation
    50.639     0.000     0.000          0.981     1.306     0.779
   14   0.294E-03   0.789E-03   0.390E-03

*******   STEP   6      *** N_EFF=cte CALCULATION              

  INSIDE SUBROUTINE TEXTURE_ROTATION

  EULER ANGLES & ELLIPSOID AXES OF PHASE  1 before rotation
    50.065     0.000     0.000          1.016     4.899     0.190

  EULER ANGLES & ELLIPSOID AXES OF PHASE  1 after rotation
    40.065     0.000     0.000          1.016     4.899     0.190

  INSIDE SUBROUTINE TEXTURE_ROTATION

  EULER ANGLES & ELLIPSOID AXES OF PHASE  2 before rotation
    50.639     0.000     0.000          0.981     1.306     0.779

  EULER ANGLES & ELLIPSOID AXES OF PHASE  2 after rotation
    40.639     0.000     0.000          0.981     1.306     0.779
   20   0.491E-03   0.996E-03   0.265E-03

*******   STEP   7      *** N_EFF=cte CALCULATION              

  INSIDE SUBROUTINE TEXTURE_ROTATION

  EULER ANGLES & ELLIPSOID AXES OF PHASE  1 before rotation
    40.065     0.000     0.000          1.016     4.899     0.190

  EULER ANGLES & ELLIPSOID AXES OF PHASE  1 after rotation
    30.065     0.000     0.000          1.016     4.899     0.190

  INSIDE SUBROUTINE TEXTURE_ROTATION

  EULER ANGLES & ELLIPSOID AXES OF PHASE  2 before rotation
    40.639     0.000     0.000          0.981     1.306     0.779

  EULER ANGLES & ELLIPSOID AXES OF PHASE  2 after rotation
    30.639     0.000     0.000          0.981     1.306     0.779
   27   0.473E-03   0.849E-03   0.378E-03

*******   STEP   8      *** N_EFF=cte CALCULATION              

  INSIDE SUBROUTINE TEXTURE_ROTATION

  EULER ANGLES & ELLIPSOID AXES OF PHASE  1 before rotation
    30.065     0.000     0.000          1.016     4.899     0.190

  EULER ANGLES & ELLIPSOID AXES OF PHASE  1 after rotation
    20.065     0.000     0.000          1.016     4.899     0.190

  INSIDE SUBROUTINE TEXTURE_ROTATION

  EULER ANGLES & ELLIPSOID AXES OF PHASE  2 before rotation
    30.639     0.000     0.000          0.981     1.306     0.779

  EULER ANGLES & ELLIPSOID AXES OF PHASE  2 after rotation
    20.639     0.000     0.000          0.981     1.306     0.779
   25   0.492E-03   0.717E-03   0.431E-03

*******   STEP   9      *** N_EFF=cte CALCULATION              

  INSIDE SUBROUTINE TEXTURE_ROTATION

  EULER ANGLES & ELLIPSOID AXES OF PHASE  1 before rotation
    20.065     0.000     0.000          1.016     4.899     0.190

  EULER ANGLES & ELLIPSOID AXES OF PHASE  1 after rotation
    10.065     0.000     0.000          1.016     4.899     0.190

  INSIDE SUBROUTINE TEXTURE_ROTATION

  EULER ANGLES & ELLIPSOID AXES OF PHASE  2 before rotation
    20.639     0.000     0.000          0.981     1.306     0.779

  EULER ANGLES & ELLIPSOID AXES OF PHASE  2 after rotation
    10.639     0.000     0.000          0.981     1.306     0.779
   23   0.595E-03   0.746E-03   0.481E-03

*******   STEP  10      *** N_EFF=cte CALCULATION              

  INSIDE SUBROUTINE TEXTURE_ROTATION

  EULER ANGLES & ELLIPSOID AXES OF PHASE  1 before rotation
    10.065     0.000     0.000          1.016     4.899     0.190

  EULER ANGLES & ELLIPSOID AXES OF PHASE  1 after rotation
     0.065     0.000     0.000          1.016     4.899     0.190

  INSIDE SUBROUTINE TEXTURE_ROTATION

  EULER ANGLES & ELLIPSOID AXES OF PHASE  2 before rotation
    10.639     0.000     0.000          0.981     1.306     0.779

  EULER ANGLES & ELLIPSOID AXES OF PHASE  2 after rotation
     0.639     0.000     0.000          0.981     1.306     0.779
   19   0.692E-03   0.735E-03   0.493E-03

  INSIDE SUBROUTINE TEXTURE_ROTATION

  EULER ANGLES & ELLIPSOID AXES OF PHASE  1 before rotation
     0.065     0.000     0.000          1.016     4.899     0.190

  EULER ANGLES & ELLIPSOID AXES OF PHASE  1 after rotation
    90.065     0.000     0.000          1.016     4.899     0.190

  INSIDE SUBROUTINE TEXTURE_ROTATION

  EULER ANGLES & ELLIPSOID AXES OF PHASE  2 before rotation
     0.639     0.000     0.000          0.981     1.306     0.779

  EULER ANGLES & ELLIPSOID AXES OF PHASE  2 after rotation
    90.639     0.000     0.000          0.981     1.306     0.779

 TIME ELAPSED   24.05secs
