          Evm          Svm          E11          E22          E33          E23          E13          E12             SDEV11       SDEV22       SDEV33       SDEV23       SDEV13       SDEV12      TEMP      TIME    TAYLAV      WORKAV      WRATE1      WRATE2 
  0.00000E+00  0.49389E+01     0.00000E+00  0.00000E+00  0.00000E+00  0.00000E+00  0.00000E+00  0.00000E+00     0.28520E+01 -0.14388E-02 -0.28506E+01  0.15358E-01  0.11334E-01 -0.21163E-01      298. 0.000E+00     1.874  0.6076E-01  0.5702E+01  0.3038E+01
  0.23093E-01  0.49270E+01     0.20000E-01  0.00000E+00 -0.20000E-01  0.00000E+00  0.00000E+00  0.00000E+00     0.28425E+01  0.38558E-02 -0.28464E+01  0.16684E-01  0.11599E-01 -0.14968E-01      298. 0.200E-01     1.871  0.1214E+00  0.5683E+01  0.3030E+01
  0.46186E-01  0.49220E+01     0.40000E-01  0.00000E+00 -0.40000E-01  0.00000E+00  0.00000E+00  0.00000E+00     0.28456E+01 -0.80248E-02 -0.28376E+01  0.18350E-01  0.13545E-01 -0.89244E-02      298. 0.400E-01     1.870  0.1820E+00  0.5682E+01  0.3032E+01
  0.69279E-01  0.49105E+01     0.60000E-01  0.00000E+00 -0.60000E-01  0.00000E+00  0.00000E+00  0.00000E+00     0.28444E+01 -0.18935E-01 -0.28254E+01  0.22172E-01  0.18726E-01 -0.32721E-02      298. 0.600E-01     1.869  0.2427E+00  0.5671E+01  0.3033E+01
  0.92371E-01  0.48883E+01     0.80000E-01  0.00000E+00 -0.80000E-01  0.00000E+00  0.00000E+00  0.00000E+00     0.28371E+01 -0.30228E-01 -0.28068E+01  0.24609E-01  0.21929E-01  0.19823E-02      298. 0.800E-01     1.866  0.3033E+00  0.5647E+01  0.3030E+01
  0.11546E+00  0.48729E+01     0.10000E+00  0.00000E+00 -0.10000E+00  0.00000E+00  0.00000E+00  0.00000E+00     0.28343E+01 -0.42792E-01 -0.27915E+01  0.25542E-01  0.24632E-01  0.83279E-02      298. 0.100E+00     1.864  0.3639E+00  0.5632E+01  0.3033E+01
  0.13855E+00  0.48628E+01     0.12000E+00  0.00000E+00 -0.12000E+00  0.00000E+00  0.00000E+00  0.00000E+00     0.28347E+01 -0.55810E-01 -0.27789E+01  0.24701E-01  0.28543E-01  0.14631E-01      298. 0.120E+00     1.864  0.4247E+00  0.5619E+01  0.3036E+01
  0.16164E+00  0.48584E+01     0.14000E+00  0.00000E+00 -0.14000E+00  0.00000E+00  0.00000E+00  0.00000E+00     0.28388E+01 -0.69771E-01 -0.27691E+01  0.23525E-01  0.32972E-01  0.19873E-01      298. 0.140E+00     1.864  0.4855E+00  0.5614E+01  0.3044E+01
  0.18473E+00  0.48627E+01     0.16000E+00  0.00000E+00 -0.16000E+00  0.00000E+00  0.00000E+00  0.00000E+00     0.28486E+01 -0.84982E-01 -0.27636E+01  0.21800E-01  0.36342E-01  0.23526E-01      298. 0.160E+00     1.866  0.5466E+00  0.5617E+01  0.3053E+01
  0.20781E+00  0.48809E+01     0.18000E+00  0.00000E+00 -0.18000E+00  0.00000E+00  0.00000E+00  0.00000E+00     0.28680E+01 -0.10371E+00 -0.27643E+01  0.19979E-01  0.37948E-01  0.26260E-01      298. 0.180E+00     1.870  0.6080E+00  0.5637E+01  0.3068E+01
  0.23089E+00  0.49038E+01     0.20000E+00  0.00000E+00 -0.20000E+00  0.00000E+00  0.00000E+00  0.00000E+00     0.28905E+01 -0.12350E+00 -0.27670E+01  0.18823E-01  0.36882E-01  0.28754E-01      298. 0.200E+00     1.875  0.6696E+00  0.5662E+01  0.3083E+01
  0.25396E+00  0.49349E+01     0.22000E+00  0.00000E+00 -0.22000E+00  0.00000E+00  0.00000E+00  0.00000E+00     0.29182E+01 -0.14441E+00 -0.27738E+01  0.18386E-01  0.34177E-01  0.31272E-01      298. 0.220E+00     1.881  0.7317E+00  0.5695E+01  0.3102E+01
  0.27703E+00  0.49705E+01     0.24000E+00  0.00000E+00 -0.24000E+00  0.00000E+00  0.00000E+00  0.00000E+00     0.29490E+01 -0.16657E+00 -0.27824E+01  0.18070E-01  0.31188E-01  0.33332E-01      298. 0.240E+00     1.888  0.7942E+00  0.5735E+01  0.3125E+01
  0.30009E+00  0.50080E+01     0.26000E+00  0.00000E+00 -0.26000E+00  0.00000E+00  0.00000E+00  0.00000E+00     0.29807E+01 -0.18879E+00 -0.27920E+01  0.17524E-01  0.28431E-01  0.35042E-01      298. 0.260E+00     1.896  0.8572E+00  0.5779E+01  0.3152E+01
  0.32315E+00  0.50522E+01     0.28000E+00  0.00000E+00 -0.28000E+00  0.00000E+00  0.00000E+00  0.00000E+00     0.30163E+01 -0.21120E+00 -0.28051E+01  0.16381E-01  0.25965E-01  0.36472E-01      298. 0.280E+00     1.904  0.9209E+00  0.5826E+01  0.3182E+01
  0.34619E+00  0.50975E+01     0.30000E+00  0.00000E+00 -0.30000E+00  0.00000E+00  0.00000E+00  0.00000E+00     0.30518E+01 -0.23207E+00 -0.28198E+01  0.14620E-01  0.23866E-01  0.37354E-01      298. 0.300E+00     1.913  0.9852E+00  0.5876E+01  0.3218E+01
  0.36923E+00  0.51459E+01     0.32000E+00  0.00000E+00 -0.32000E+00  0.00000E+00  0.00000E+00  0.00000E+00     0.30886E+01 -0.25196E+00 -0.28366E+01  0.12546E-01  0.22400E-01  0.37774E-01      298. 0.320E+00     1.923  0.1050E+01  0.5927E+01  0.3258E+01
  0.39226E+00  0.51927E+01     0.34000E+00  0.00000E+00 -0.34000E+00  0.00000E+00  0.00000E+00  0.00000E+00     0.31234E+01 -0.26981E+00 -0.28536E+01  0.10583E-01  0.21608E-01  0.37904E-01      298. 0.340E+00     1.932  0.1116E+01  0.5980E+01  0.3303E+01
  0.41528E+00  0.52421E+01     0.36000E+00  0.00000E+00 -0.36000E+00  0.00000E+00  0.00000E+00  0.00000E+00     0.31591E+01 -0.28615E+00 -0.28730E+01  0.89478E-02  0.21383E-01  0.37829E-01      298. 0.360E+00     1.941  0.1183E+01  0.6030E+01  0.3352E+01
  0.43829E+00  0.52888E+01     0.38000E+00  0.00000E+00 -0.38000E+00  0.00000E+00  0.00000E+00  0.00000E+00     0.31919E+01 -0.29958E+00 -0.28924E+01  0.77332E-02  0.21381E-01  0.37445E-01      298. 0.380E+00     1.950  0.1252E+01  0.6080E+01  0.3405E+01
  0.46130E+00  0.53341E+01     0.40000E+00  0.00000E+00 -0.40000E+00  0.00000E+00  0.00000E+00  0.00000E+00     0.32225E+01 -0.30970E+00 -0.29128E+01  0.68335E-02  0.21560E-01  0.36751E-01      298. 0.400E+00     1.959  0.1321E+01  0.6130E+01  0.3463E+01
  0.48430E+00  0.53728E+01     0.42000E+00  0.00000E+00 -0.42000E+00  0.00000E+00  0.00000E+00  0.00000E+00     0.32477E+01 -0.31631E+00 -0.29314E+01  0.60716E-02  0.21911E-01  0.35717E-01      298. 0.420E+00     1.968  0.1391E+01  0.6178E+01  0.3522E+01
  0.50731E+00  0.54167E+01     0.44000E+00  0.00000E+00 -0.44000E+00  0.00000E+00  0.00000E+00  0.00000E+00     0.32745E+01 -0.31948E+00 -0.29551E+01  0.59746E-02  0.22291E-01  0.34765E-01      298. 0.440E+00     1.976  0.1463E+01  0.6227E+01  0.3587E+01
  0.53031E+00  0.54580E+01     0.46000E+00  0.00000E+00 -0.46000E+00  0.00000E+00  0.00000E+00  0.00000E+00     0.32986E+01 -0.31984E+00 -0.29788E+01  0.61443E-02  0.22774E-01  0.33596E-01      298. 0.460E+00     1.984  0.1536E+01  0.6274E+01  0.3653E+01
  0.55331E+00  0.54986E+01     0.48000E+00  0.00000E+00 -0.48000E+00  0.00000E+00  0.00000E+00  0.00000E+00     0.33235E+01 -0.32290E+00 -0.30006E+01  0.66757E-02  0.23219E-01  0.32428E-01      298. 0.480E+00     1.992  0.1610E+01  0.6317E+01  0.3717E+01
  0.57631E+00  0.55346E+01     0.50000E+00  0.00000E+00 -0.50000E+00  0.00000E+00  0.00000E+00  0.00000E+00     0.33433E+01 -0.32031E+00 -0.30229E+01  0.72547E-02  0.23682E-01  0.31085E-01      298. 0.500E+00     1.999  0.1686E+01  0.6362E+01  0.3785E+01
  0.59932E+00  0.55698E+01     0.52000E+00  0.00000E+00 -0.52000E+00  0.00000E+00  0.00000E+00  0.00000E+00     0.33623E+01 -0.31707E+00 -0.30452E+01  0.77138E-02  0.24019E-01  0.29743E-01      298. 0.520E+00     2.007  0.1763E+01  0.6403E+01  0.3852E+01
  0.62233E+00  0.56020E+01     0.54000E+00  0.00000E+00 -0.54000E+00  0.00000E+00  0.00000E+00  0.00000E+00     0.33790E+01 -0.31258E+00 -0.30664E+01  0.79977E-02  0.24280E-01  0.28469E-01      298. 0.540E+00     2.013  0.1841E+01  0.6442E+01  0.3917E+01
  0.64534E+00  0.56349E+01     0.56000E+00  0.00000E+00 -0.56000E+00  0.00000E+00  0.00000E+00  0.00000E+00     0.33958E+01 -0.30704E+00 -0.30887E+01  0.81083E-02  0.24630E-01  0.27044E-01      298. 0.560E+00     2.020  0.1921E+01  0.6481E+01  0.3983E+01
  0.66835E+00  0.56661E+01     0.58000E+00  0.00000E+00 -0.58000E+00  0.00000E+00  0.00000E+00  0.00000E+00     0.34111E+01 -0.30071E+00 -0.31104E+01  0.80695E-02  0.24999E-01  0.25633E-01      298. 0.580E+00     2.027  0.2002E+01  0.6519E+01  0.4049E+01
  0.69137E+00  0.56973E+01     0.60000E+00  0.00000E+00 -0.60000E+00  0.00000E+00  0.00000E+00  0.00000E+00     0.34258E+01 -0.29292E+00 -0.31329E+01  0.79393E-02  0.25246E-01  0.24381E-01      298. 0.600E+00     2.033  0.2084E+01  0.6552E+01  0.4109E+01
  0.71439E+00  0.57218E+01     0.62000E+00  0.00000E+00 -0.62000E+00  0.00000E+00  0.00000E+00  0.00000E+00     0.34383E+01 -0.28891E+00 -0.31494E+01  0.77107E-02  0.25472E-01  0.23266E-01      298. 0.620E+00     2.039  0.2168E+01  0.6582E+01  0.4167E+01
  0.73742E+00  0.57505E+01     0.64000E+00  0.00000E+00 -0.64000E+00  0.00000E+00  0.00000E+00  0.00000E+00     0.34512E+01 -0.28046E+00 -0.31707E+01  0.73824E-02  0.26454E-01  0.21604E-01      298. 0.640E+00     2.045  0.2252E+01  0.6624E+01  0.4234E+01
  0.76045E+00  0.57789E+01     0.66000E+00  0.00000E+00 -0.66000E+00  0.00000E+00  0.00000E+00  0.00000E+00     0.34640E+01 -0.27225E+00 -0.31918E+01  0.71491E-02  0.26780E-01  0.20559E-01      298. 0.660E+00     2.051  0.2338E+01  0.6658E+01  0.4295E+01
  0.78349E+00  0.58037E+01     0.68000E+00  0.00000E+00 -0.68000E+00  0.00000E+00  0.00000E+00  0.00000E+00     0.34750E+01 -0.26449E+00 -0.32105E+01  0.66426E-02  0.26679E-01  0.19735E-01      298. 0.680E+00     2.056  0.2425E+01  0.6676E+01  0.4339E+01
  0.80653E+00  0.58271E+01     0.70000E+00  0.00000E+00 -0.70000E+00  0.00000E+00  0.00000E+00  0.00000E+00     0.34850E+01 -0.25661E+00 -0.32284E+01  0.62634E-02  0.27039E-01  0.18616E-01      298. 0.700E+00     2.062  0.2513E+01  0.6708E+01  0.4396E+01
  0.82957E+00  0.58530E+01     0.72000E+00  0.00000E+00 -0.72000E+00  0.00000E+00  0.00000E+00  0.00000E+00     0.34962E+01 -0.24786E+00 -0.32483E+01  0.59542E-02  0.27837E-01  0.17440E-01      298. 0.720E+00     2.067  0.2602E+01  0.6742E+01  0.4456E+01
  0.85261E+00  0.58798E+01     0.74000E+00  0.00000E+00 -0.74000E+00  0.00000E+00  0.00000E+00  0.00000E+00     0.35094E+01 -0.24287E+00 -0.32666E+01  0.56628E-02  0.29299E-01  0.16312E-01      298. 0.740E+00     2.073  0.2692E+01  0.6783E+01  0.4521E+01
  0.87566E+00  0.59038E+01     0.76000E+00  0.00000E+00 -0.76000E+00  0.00000E+00  0.00000E+00  0.00000E+00     0.35211E+01 -0.23781E+00 -0.32833E+01  0.53313E-02  0.28955E-01  0.15988E-01      298. 0.760E+00     2.077  0.2784E+01  0.6798E+01  0.4560E+01
  0.89871E+00  0.59305E+01     0.78000E+00  0.00000E+00 -0.78000E+00  0.00000E+00  0.00000E+00  0.00000E+00     0.35337E+01 -0.23169E+00 -0.33021E+01  0.51213E-02  0.30100E-01  0.15234E-01      298. 0.780E+00     2.082  0.2876E+01  0.6836E+01  0.4620E+01
  0.92177E+00  0.59482E+01     0.80000E+00  0.00000E+00 -0.80000E+00  0.00000E+00  0.00000E+00  0.00000E+00     0.35400E+01 -0.22290E+00 -0.33171E+01  0.49352E-02  0.30798E-01  0.14449E-01      298. 0.800E+00     2.087  0.2969E+01  0.6863E+01  0.4670E+01
  0.94482E+00  0.59694E+01     0.82000E+00  0.00000E+00 -0.82000E+00  0.00000E+00  0.00000E+00  0.00000E+00     0.35480E+01 -0.21338E+00 -0.33346E+01  0.44791E-02  0.30613E-01  0.14398E-01      298. 0.820E+00     2.091  0.3064E+01  0.6878E+01  0.4707E+01
  0.96788E+00  0.59870E+01     0.84000E+00  0.00000E+00 -0.84000E+00  0.00000E+00  0.00000E+00  0.00000E+00     0.35537E+01 -0.20348E+00 -0.33502E+01  0.43098E-02  0.30847E-01  0.13696E-01      298. 0.840E+00     2.095  0.3159E+01  0.6898E+01  0.4748E+01
  0.99095E+00  0.60108E+01     0.86000E+00  0.00000E+00 -0.86000E+00  0.00000E+00  0.00000E+00  0.00000E+00     0.35680E+01 -0.20480E+00 -0.33632E+01  0.43111E-02  0.31454E-01  0.12953E-01      298. 0.860E+00     2.100  0.3255E+01  0.6934E+01  0.4804E+01
  0.10140E+01  0.60259E+01     0.88000E+00  0.00000E+00 -0.88000E+00  0.00000E+00  0.00000E+00  0.00000E+00     0.35727E+01 -0.19581E+00 -0.33769E+01  0.41086E-02  0.31789E-01  0.11991E-01      298. 0.880E+00     2.104  0.3352E+01  0.6955E+01  0.4846E+01
  0.10371E+01  0.60477E+01     0.90000E+00  0.00000E+00 -0.90000E+00  0.00000E+00  0.00000E+00  0.00000E+00     0.35835E+01 -0.19192E+00 -0.33916E+01  0.40270E-02  0.31795E-01  0.11042E-01      298. 0.900E+00     2.108  0.3449E+01  0.6978E+01  0.4888E+01
  0.10601E+01  0.60604E+01     0.92000E+00  0.00000E+00 -0.92000E+00  0.00000E+00  0.00000E+00  0.00000E+00     0.35842E+01 -0.17754E+00 -0.34066E+01  0.38564E-02  0.31193E-01  0.94566E-02      298. 0.920E+00     2.111  0.3548E+01  0.6988E+01  0.4918E+01
  0.10832E+01  0.60660E+01     0.94000E+00  0.00000E+00 -0.94000E+00  0.00000E+00  0.00000E+00  0.00000E+00     0.35878E+01 -0.17821E+00 -0.34096E+01  0.37918E-02  0.31577E-01  0.84578E-02      298. 0.940E+00     2.113  0.3646E+01  0.7003E+01  0.4931E+01
  0.11063E+01  0.60741E+01     0.96000E+00  0.00000E+00 -0.96000E+00  0.00000E+00  0.00000E+00  0.00000E+00     0.35942E+01 -0.18203E+00 -0.34122E+01  0.36774E-02  0.31435E-01  0.76822E-02      298. 0.960E+00     2.114  0.3745E+01  0.7005E+01  0.4931E+01
  0.11294E+01  0.60786E+01     0.98000E+00  0.00000E+00 -0.98000E+00  0.00000E+00  0.00000E+00  0.00000E+00     0.35963E+01 -0.18101E+00 -0.34153E+01  0.36285E-02  0.31228E-01  0.64233E-02      298. 0.980E+00     2.116  0.3844E+01  0.7011E+01  0.4935E+01
  0.11524E+01  0.60782E+01     0.10000E+01  0.00000E+00 -0.10000E+01  0.00000E+00  0.00000E+00  0.00000E+00     0.35958E+01 -0.18033E+00 -0.34155E+01  0.34872E-02  0.30051E-01  0.47599E-02      298. 0.100E+01     2.117  0.3942E+01  0.7010E+01  0.4933E+01
          Dvm          Svm          D11          D22          D33          D23          D13          D12             SDEV11       SDEV22       SDEV33       SDEV23       SDEV13       SDEV12      TEMP    TAYLAV      WORKAV      WRATE1      WRATE2 
  0.78955E+00  0.58615E+01    -0.40825E+00 -0.40825E+00  0.81650E+00  0.00000E+00  0.00000E+00  0.00000E+00    -0.27508E+01 -0.10278E+01  0.37787E+01 -0.79345E-02 -0.29607E-01 -0.19942E-01      298.     2.093  0.4003E+01  0.4626E+01  0.3048E+01
  0.79795E+00  0.58569E+01    -0.46832E+00 -0.34507E+00  0.81339E+00  0.00000E+00  0.00000E+00  0.00000E+00    -0.28658E+01 -0.86354E+00  0.37293E+01 -0.53646E-02 -0.27892E-01 -0.18418E-01      298.     2.104  0.4066E+01  0.4674E+01  0.3128E+01
  0.80518E+00  0.58615E+01    -0.52483E+00 -0.27926E+00  0.80409E+00  0.00000E+00  0.00000E+00  0.00000E+00    -0.29728E+01 -0.70975E+00  0.36826E+01 -0.49314E-02 -0.28286E-01 -0.16772E-01      298.     2.109  0.4130E+01  0.4721E+01  0.3198E+01
  0.81061E+00  0.58725E+01    -0.57735E+00 -0.21132E+00  0.78868E+00  0.00000E+00  0.00000E+00  0.00000E+00    -0.30792E+01 -0.55404E+00  0.36332E+01 -0.42712E-02 -0.28730E-01 -0.14679E-01      298.     2.108  0.4195E+01  0.4762E+01  0.3258E+01
  0.81415E+00  0.58918E+01    -0.62547E+00 -0.14178E+00  0.76726E+00  0.00000E+00  0.00000E+00  0.00000E+00    -0.31901E+01 -0.38924E+00  0.35794E+01 -0.38805E-02 -0.29209E-01 -0.12180E-01      298.     2.100  0.4261E+01  0.4797E+01  0.3311E+01
  0.81563E+00  0.59217E+01    -0.66883E+00 -0.71162E-01  0.74000E+00  0.00000E+00  0.00000E+00  0.00000E+00    -0.33325E+01 -0.16644E+00  0.34989E+01 -0.31479E-02 -0.29653E-01 -0.86775E-02      298.     2.088  0.4328E+01  0.4829E+01  0.3365E+01
  0.81564E+00  0.59750E+01    -0.70711E+00  0.00000E+00  0.70711E+00  0.00000E+00  0.00000E+00  0.00000E+00    -0.35355E+01  0.17882E+00  0.33567E+01 -0.35999E-02 -0.30049E-01 -0.44752E-02      298.     2.080  0.4397E+01  0.4875E+01  0.3432E+01
  0.80321E+00  0.60942E+01    -0.74000E+00  0.71162E-01  0.66883E+00  0.00000E+00  0.00000E+00  0.00000E+00    -0.39303E+01  0.10745E+01  0.28558E+01 -0.20405E-02 -0.30878E-01 -0.12531E-01      298.     2.098  0.4467E+01  0.4893E+01  0.3502E+01
  0.80058E+00  0.60981E+01    -0.76726E+00  0.14178E+00  0.62547E+00  0.00000E+00  0.00000E+00  0.00000E+00    -0.40187E+01  0.14779E+01  0.25408E+01 -0.32556E-03 -0.30014E-01 -0.16318E-01      298.     2.120  0.4538E+01  0.4885E+01  0.3563E+01
  0.80547E+00  0.60840E+01    -0.78868E+00  0.21132E+00  0.57735E+00  0.00000E+00  0.00000E+00  0.00000E+00    -0.40366E+01  0.16763E+01  0.23602E+01  0.99901E-03 -0.28900E-01 -0.15107E-01      298.     2.145  0.4611E+01  0.4900E+01  0.3627E+01
  0.81076E+00  0.60708E+01    -0.80409E+00  0.27926E+00  0.52483E+00  0.00000E+00  0.00000E+00  0.00000E+00    -0.40407E+01  0.18235E+01  0.22172E+01  0.23302E-02 -0.27498E-01 -0.10837E-01      298.     2.166  0.4685E+01  0.4921E+01  0.3691E+01
  0.81464E+00  0.60580E+01    -0.81339E+00  0.34507E+00  0.46832E+00  0.00000E+00  0.00000E+00  0.00000E+00    -0.40377E+01  0.19480E+01  0.20897E+01  0.36147E-02 -0.25902E-01 -0.56450E-02      298.     2.182  0.4760E+01  0.4935E+01  0.3745E+01
  0.81640E+00  0.60446E+01    -0.81650E+00  0.40825E+00  0.40825E+00  0.00000E+00  0.00000E+00  0.00000E+00    -0.40293E+01  0.20620E+01  0.19673E+01  0.48514E-02 -0.23855E-01 -0.20400E-02      298.     2.189  0.4835E+01  0.4936E+01  0.3783E+01
  0.81581E+00  0.60302E+01    -0.81339E+00  0.46832E+00  0.34507E+00  0.00000E+00  0.00000E+00  0.00000E+00    -0.40156E+01  0.21709E+01  0.18447E+01  0.61245E-02 -0.21171E-01 -0.36609E-03      298.     2.187  0.4911E+01  0.4921E+01  0.3801E+01
  0.81294E+00  0.60150E+01    -0.80409E+00  0.52483E+00  0.27926E+00  0.00000E+00  0.00000E+00  0.00000E+00    -0.39967E+01  0.22805E+01  0.17162E+01  0.74240E-02 -0.17641E-01 -0.29234E-03      298.     2.177  0.4987E+01  0.4892E+01  0.3801E+01
  0.80802E+00  0.59997E+01    -0.78868E+00  0.57735E+00  0.21132E+00  0.00000E+00  0.00000E+00  0.00000E+00    -0.39721E+01  0.23928E+01  0.15793E+01  0.83478E-02 -0.13595E-01 -0.19206E-02      298.     2.159  0.5063E+01  0.4849E+01  0.3780E+01
  0.80195E+00  0.59868E+01    -0.76726E+00  0.62547E+00  0.14178E+00  0.00000E+00  0.00000E+00  0.00000E+00    -0.39402E+01  0.25210E+01  0.14192E+01  0.90235E-02 -0.69748E-02 -0.44665E-02      298.     2.135  0.5138E+01  0.4800E+01  0.3739E+01
  0.79614E+00  0.59754E+01    -0.74000E+00  0.66883E+00  0.71162E-01  0.00000E+00  0.00000E+00  0.00000E+00    -0.38939E+01  0.26749E+01  0.12190E+01  0.92608E-02  0.26879E-02 -0.86661E-02      298.     2.109  0.5211E+01  0.4757E+01  0.3683E+01
  0.79520E+00  0.59764E+01    -0.70711E+00  0.70711E+00  0.00000E+00  0.00000E+00  0.00000E+00  0.00000E+00    -0.38123E+01  0.29087E+01  0.90357E+00  0.86939E-02  0.17723E-01 -0.14829E-01      298.     2.091  0.5284E+01  0.4754E+01  0.3620E+01
  0.80939E+00  0.60503E+01    -0.66883E+00  0.74000E+00 -0.71162E-01  0.00000E+00  0.00000E+00  0.00000E+00    -0.35776E+01  0.34011E+01  0.17647E+00  0.93412E-02  0.51040E-01 -0.23325E-01      298.     2.119  0.5355E+01  0.4895E+01  0.3558E+01
  0.81552E+00  0.62092E+01    -0.62547E+00  0.76726E+00 -0.14178E+00  0.00000E+00  0.00000E+00  0.00000E+00    -0.32840E+01  0.38230E+01 -0.53903E+00  0.89248E-02  0.74110E-01 -0.22664E-01      298.     2.161  0.5426E+01  0.5061E+01  0.3554E+01
  0.81606E+00  0.62818E+01    -0.57735E+00  0.78868E+00 -0.21132E+00  0.00000E+00  0.00000E+00  0.00000E+00    -0.30182E+01  0.40216E+01 -0.10033E+01  0.62514E-02  0.90731E-01 -0.23882E-01      298.     2.174  0.5497E+01  0.5130E+01  0.3573E+01
  0.81519E+00  0.61758E+01    -0.52483E+00  0.80409E+00 -0.27926E+00  0.00000E+00  0.00000E+00  0.00000E+00    -0.28021E+01  0.40119E+01 -0.12098E+01  0.59822E-02  0.86007E-01 -0.21504E-01      298.     2.143  0.5566E+01  0.5034E+01  0.3453E+01
  0.81263E+00  0.60947E+01    -0.46832E+00  0.81339E+00 -0.34507E+00  0.00000E+00  0.00000E+00  0.00000E+00    -0.26339E+01  0.39950E+01 -0.13611E+01  0.48182E-02  0.78996E-01 -0.15847E-01      298.     2.124  0.5633E+01  0.4951E+01  0.3340E+01
  0.80773E+00  0.60020E+01    -0.40825E+00  0.81650E+00 -0.40825E+00  0.00000E+00  0.00000E+00  0.00000E+00    -0.24798E+01  0.39584E+01 -0.14785E+01  0.19372E-02  0.74666E-01 -0.15383E-01      298.     2.102  0.5697E+01  0.4845E+01  0.3206E+01
  0.80032E+00  0.58984E+01    -0.34507E+00  0.81339E+00 -0.46832E+00  0.00000E+00  0.00000E+00  0.00000E+00    -0.23306E+01  0.39072E+01 -0.15765E+01  0.59115E-04  0.71083E-01 -0.14354E-01      298.     2.074  0.5758E+01  0.4719E+01  0.3054E+01
  0.79117E+00  0.57928E+01    -0.27926E+00  0.80409E+00 -0.52483E+00  0.00000E+00  0.00000E+00  0.00000E+00    -0.21737E+01  0.38504E+01 -0.16767E+01 -0.18571E-02  0.67476E-01 -0.11752E-01      298.     2.042  0.5816E+01  0.4586E+01  0.2898E+01
  0.78153E+00  0.56909E+01    -0.21132E+00  0.78868E+00 -0.57735E+00  0.00000E+00  0.00000E+00  0.00000E+00    -0.19985E+01  0.37913E+01 -0.17929E+01 -0.35701E-02  0.64301E-01 -0.36080E-02      298.     2.006  0.5871E+01  0.4441E+01  0.2735E+01
  0.77485E+00  0.55603E+01    -0.14178E+00  0.76726E+00 -0.62547E+00  0.00000E+00  0.00000E+00  0.00000E+00    -0.17596E+01  0.37046E+01 -0.19450E+01 -0.42581E-02  0.62178E-01  0.10747E-01      298.     1.970  0.5923E+01  0.4304E+01  0.2576E+01
  0.77574E+00  0.53697E+01    -0.71162E-01  0.74000E+00 -0.66883E+00  0.00000E+00  0.00000E+00  0.00000E+00    -0.14063E+01  0.35533E+01 -0.21470E+01 -0.48328E-02  0.61278E-01  0.28795E-01      298.     1.933  0.5971E+01  0.4162E+01  0.2410E+01
  0.81349E+00  0.50324E+01     0.00000E+00  0.70711E+00 -0.70711E+00  0.00000E+00  0.00000E+00  0.00000E+00    -0.27653E+00  0.30330E+01 -0.27565E+01 -0.39000E-02  0.59398E-01  0.32662E-01      298.     1.914  0.6017E+01  0.4096E+01  0.2300E+01
  0.77487E+00  0.54131E+01     0.71162E-01  0.66883E+00 -0.74000E+00  0.00000E+00  0.00000E+00  0.00000E+00     0.14299E+01  0.21539E+01 -0.35838E+01 -0.41001E-02  0.48352E-01  0.28214E-01      298.     1.938  0.6064E+01  0.4199E+01  0.2369E+01
  0.76803E+00  0.56571E+01     0.14178E+00  0.62547E+00 -0.76726E+00  0.00000E+00  0.00000E+00  0.00000E+00     0.18756E+01  0.18955E+01 -0.37710E+01 -0.25112E-02  0.36294E-01  0.24220E-01      298.     1.979  0.6115E+01  0.4352E+01  0.2559E+01
  0.77416E+00  0.58941E+01     0.21132E+00  0.57735E+00 -0.78868E+00  0.00000E+00  0.00000E+00  0.00000E+00     0.21699E+01  0.17519E+01 -0.39218E+01  0.25319E-02  0.29898E-01  0.20259E-01      298.     2.045  0.6171E+01  0.4560E+01  0.2793E+01
  0.77344E+00  0.58991E+01     0.27926E+00  0.52483E+00 -0.80409E+00  0.00000E+00  0.00000E+00  0.00000E+00     0.24578E+01  0.14297E+01 -0.38875E+01  0.71172E-02  0.27365E-01  0.20955E-01      298.     2.062  0.6229E+01  0.4564E+01  0.2877E+01
  0.78060E+00  0.58703E+01     0.34507E+00  0.46832E+00 -0.81339E+00  0.00000E+00  0.00000E+00  0.00000E+00     0.26206E+01  0.12066E+01 -0.38272E+01  0.65475E-02  0.27482E-01  0.20667E-01      298.     2.077  0.6288E+01  0.4582E+01  0.2961E+01
          Dvm          Svm          D11          D22          D33          D23          D13          D12             SCAU11       SCAU22       SCAU33       SCAU23       SCAU13       SCAU12      TEMP    TAYLAV      WORKAV      WRATE1      WRATE2 
  0.81647E+00  0.60510E+01     0.81650E+00 -0.38572E+00 -0.43077E+00  0.00000E+00  0.00000E+00  0.00000E+00     0.60509E+01  0.00000E+00  0.00000E+00 -0.42089E-02  0.25005E-01  0.32716E-02      298.     2.187  0.6363E+01  0.4941E+01  0.3774E+01
  0.81274E+00  0.60319E+01     0.81650E+00 -0.39326E+00 -0.42324E+00  0.00000E+00  0.00000E+00  0.00000E+00     0.60042E+01  0.00000E+00  0.00000E+00 -0.16855E-02  0.21539E-01 -0.33305E+00      298.     2.164  0.6438E+01  0.4905E+01  0.3741E+01
  0.80720E+00  0.59813E+01     0.81650E+00 -0.42401E+00 -0.39249E+00  0.00000E+00  0.00000E+00  0.00000E+00     0.59132E+01  0.00000E+00  0.00000E+00  0.12797E-01  0.10385E-01 -0.51949E+00      298.     2.100  0.6511E+01  0.4828E+01  0.3639E+01
  0.80498E+00  0.58975E+01     0.81650E+00 -0.46063E+00 -0.35586E+00  0.00000E+00  0.00000E+00  0.00000E+00     0.58143E+01  0.00000E+00  0.00000E+00  0.28651E-01  0.27165E-02 -0.56916E+00      298.     2.021  0.6581E+01  0.4748E+01  0.3477E+01
  0.81167E+00  0.58519E+01     0.81650E+00 -0.48420E+00 -0.33230E+00  0.00000E+00  0.00000E+00  0.00000E+00     0.58173E+01  0.00000E+00  0.00000E+00  0.18675E-01  0.16278E-01 -0.36611E+00      298.     1.971  0.6648E+01  0.4752E+01  0.3350E+01
  0.81610E+00  0.58340E+01     0.81650E+00 -0.46785E+00 -0.34865E+00  0.00000E+00  0.00000E+00  0.00000E+00     0.58311E+01  0.00000E+00  0.00000E+00 -0.22119E-01  0.48573E-01 -0.91015E-01      298.     1.985  0.6712E+01  0.4760E+01  0.3214E+01
  0.81622E+00  0.57889E+01     0.81650E+00 -0.37080E+00 -0.44570E+00  0.00000E+00  0.00000E+00  0.00000E+00     0.57870E+01  0.00000E+00  0.00000E+00 -0.56666E-01  0.64969E-01 -0.29506E-02      298.     2.028  0.6773E+01  0.4723E+01  0.3065E+01
  0.81622E+00  0.57895E+01     0.81650E+00 -0.27915E+00 -0.53735E+00  0.00000E+00  0.00000E+00  0.00000E+00     0.57875E+01  0.00000E+00  0.00000E+00 -0.68027E-01  0.54632E-01  0.31072E-02      298.     2.043  0.6833E+01  0.4723E+01  0.2982E+01
  0.81630E+00  0.57054E+01     0.81650E+00 -0.21676E+00 -0.59973E+00  0.00000E+00  0.00000E+00  0.00000E+00     0.57040E+01  0.00000E+00  0.00000E+00 -0.67921E-01  0.26418E-01  0.58626E-02      298.     2.016  0.6890E+01  0.4656E+01  0.2855E+01
  0.81634E+00  0.56342E+01     0.81650E+00 -0.18308E+00 -0.63341E+00  0.00000E+00  0.00000E+00  0.00000E+00     0.56331E+01  0.00000E+00  0.00000E+00 -0.62808E-01 -0.39898E-02 -0.40023E-02      298.     1.992  0.6946E+01  0.4598E+01  0.2789E+01
