TEXTURE AT STRAIN =    1.0000
   0.981   1.306   0.779  <-- length of average ellipsoid axes for phase
   90.64    0.00    0.00  <-- Euler angles of average ellipsoid axes for phase
B       500
   99.45  123.50   33.65   0.0010000
 -135.47   45.54   49.70   0.0010000
  165.40   34.38   49.30   0.0010000
  147.19   79.81   35.24   0.0010000
  138.44   72.80   21.27   0.0010000
   34.65    8.54 -154.64   0.0010000
    9.54   81.35  -34.83   0.0010000
  176.80  151.70  -46.23   0.0010000
  -49.51   56.59  133.24   0.0010000
  -75.38  136.27 -149.62   0.0010000
  -17.50  154.65  -52.54   0.0010000
    2.74  172.75   46.89   0.0010000
   50.05   59.88   42.06   0.0010000
   37.83  105.27 -174.80   0.0010000
   58.69  115.70  -16.77   0.0010000
  -92.74   75.62  175.06   0.0010000
  166.31    9.70  143.03   0.0010000
   90.88   55.50    5.68   0.0010000
   84.53   55.46 -156.30   0.0010000
  -88.39   33.11  174.17   0.0010000
 -137.50  121.61  -23.24   0.0010000
  -10.44  141.61 -136.59   0.0010000
    7.38    4.44  -45.89   0.0010000
  178.89   37.47 -134.86   0.0010000
  128.86  109.57   68.23   0.0010000
  100.50  116.32  -51.95   0.0010000
  -53.27   83.88  -85.63   0.0010000
  -26.20   66.09 -155.09   0.0010000
  -74.69   98.56  -94.66   0.0010000
  -32.51  124.40  -37.79   0.0010000
  124.80  104.81   77.43   0.0010000
   20.30   47.15  -44.84   0.0010000
 -170.51  122.29  127.68   0.0010000
  -90.81   66.94 -104.63   0.0010000
  -38.10  132.98 -134.07   0.0010000
   30.30   63.82 -122.63   0.0010000
   24.49  139.57 -130.80   0.0010000
 -109.68   54.55 -178.46   0.0010000
 -123.41  115.36  115.86   0.0010000
   36.13   76.10   70.47   0.0010000
 -118.06  134.47   66.26   0.0010000
  122.61   76.87   98.22   0.0010000
  157.89   75.86 -156.82   0.0010000
  -58.37   51.57  138.46   0.0010000
 -177.30   58.78 -120.60   0.0010000
 -152.67   91.48 -140.05   0.0010000
  -86.56   47.62    6.12   0.0010000
  127.04   60.91  127.76   0.0010000
  -40.28   58.45 -144.71   0.0010000
  -52.29   38.67 -178.02   0.0010000
  -33.28   17.15 -108.86   0.0010000
  -59.10  113.37  158.93   0.0010000
   39.95  118.91 -135.44   0.0010000
  164.39  150.73  -51.04   0.0010000
   72.54   54.09 -137.54   0.0010000
  -89.62  121.51  -12.12   0.0010000
   74.53  116.53  -68.94   0.0010000
  -24.71   44.63   41.87   0.0010000
  -63.95    5.48  -12.19   0.0010000
   47.11  104.44  105.32   0.0010000
 -167.26   14.89  -51.90   0.0010000
  -16.88  107.71  152.00   0.0010000
 -101.71   59.76 -130.27   0.0010000
 -173.33  159.81  -41.81   0.0010000
  -60.80   59.95 -139.01   0.0010000
  166.18   61.07 -139.22   0.0010000
   22.31  143.43 -129.59   0.0010000
   39.84  123.91 -137.42   0.0010000
 -170.00   34.34  123.79   0.0010000
 -123.25   59.10 -145.77   0.0010000
   30.11   84.54   20.92   0.0010000
  -12.16   99.70  160.53   0.0010000
  172.82    3.79   66.64   0.0010000
 -115.78  115.04  -63.28   0.0010000
  -20.38  164.22   35.68   0.0010000
  -57.40  168.98   15.21   0.0010000
   10.44  140.42 -133.00   0.0010000
  162.53   43.84   47.38   0.0010000
  129.98   72.36  104.03   0.0010000
    4.83  139.37   46.22   0.0010000
 -173.67   62.58  157.05   0.0010000
   27.59   12.79 -151.77   0.0010000
  -51.18  153.82  111.30   0.0010000
  -51.06   99.38 -179.39   0.0010000
   59.48    3.90   19.38   0.0010000
  147.49   72.90 -155.92   0.0010000
  175.74   86.19  137.57   0.0010000
   52.59  106.82  105.08   0.0010000
    8.31  118.32   50.70   0.0010000
   16.57   73.43  -49.62   0.0010000
 -147.13   28.19  -50.27   0.0010000
  121.22   18.92   -2.00   0.0010000
   99.50   83.54  173.64   0.0010000
   33.82  133.20 -128.98   0.0010000
  -49.64  101.68  -10.11   0.0010000
 -173.10  141.52 -133.39   0.0010000
  114.33  135.60  119.77   0.0010000
   83.64   67.68  -60.65   0.0010000
   93.29  119.73  -53.14   0.0010000
 -172.08   83.30   66.64   0.0010000
   74.74   58.51  -37.32   0.0010000
 -178.58   86.72   82.95   0.0010000
  133.76   58.91   37.51   0.0010000
  174.85  133.90  133.13   0.0010000
   43.49   94.16   94.51   0.0010000
  116.15   67.45  -56.61   0.0010000
   26.27   22.29   31.92   0.0010000
  -37.28   51.18  137.51   0.0010000
   -3.59  119.02 -130.03   0.0010000
  -22.52   85.13 -115.18   0.0010000
   18.54   39.05 -138.23   0.0010000
   69.40  121.62   71.72   0.0010000
  -82.97  122.83  133.36   0.0010000
 -135.00   62.61 -152.33   0.0010000
  119.70  111.01 -106.67   0.0010000
  130.33  124.91  -43.13   0.0010000
   82.48   57.69   31.41   0.0010000
  -64.14   47.28  -43.38   0.0010000
 -142.05  112.07   28.14   0.0010000
    1.62  141.27  -39.45   0.0010000
   37.02   20.35  -61.57   0.0010000
   27.70   93.15   96.96   0.0010000
   64.14   51.98  177.03   0.0010000
  -96.34   58.32  147.69   0.0010000
 -144.87  148.35   53.24   0.0010000
   72.64  137.76    5.40   0.0010000
   82.69   90.01  -88.36   0.0010000
 -166.65  131.20  -44.91   0.0010000
 -160.97   55.16 -133.67   0.0010000
   30.42  159.11  -32.67   0.0010000
   22.61   84.33   -9.52   0.0010000
 -122.45  117.71  121.00   0.0010000
   44.03   87.91  -92.36   0.0010000
  -79.38   48.87  -74.57   0.0010000
 -154.99  121.71 -147.09   0.0010000
  -87.63  120.05  -32.20   0.0010000
  -85.05   59.89   88.52   0.0010000
  165.07   82.57  146.28   0.0010000
  -67.80   71.19   11.55   0.0010000
   29.01  123.90  153.62   0.0010000
  -59.32  147.12  117.38   0.0010000
  116.20  136.24  101.79   0.0010000
 -165.45   75.70   72.06   0.0010000
   20.19   16.64  118.01   0.0010000
 -143.70  100.95  104.49   0.0010000
  141.40  112.17   39.41   0.0010000
  138.35   61.13  124.94   0.0010000
  104.44   74.61  100.04   0.0010000
   38.75   91.29  -88.17   0.0010000
   92.26   61.20  128.74   0.0010000
 -175.91  124.88   47.32   0.0010000
  -54.97  123.27  -43.21   0.0010000
   64.85   72.03    7.46   0.0010000
 -119.92   62.37   60.65   0.0010000
 -104.70   68.93 -104.64   0.0010000
 -178.45  152.58 -138.94   0.0010000
 -115.63  132.48  -64.37   0.0010000
   42.57  146.75   47.94   0.0010000
  147.84   96.32   77.89   0.0010000
  173.55   88.48 -147.34   0.0010000
    9.45  123.63   59.57   0.0010000
  122.59   49.12 -175.54   0.0010000
 -117.03  120.41   34.13   0.0010000
 -141.09  129.40 -136.20   0.0010000
   80.51   61.83   62.95   0.0010000
   54.27  123.47   44.54   0.0010000
  -38.99   33.06  145.07   0.0010000
 -176.46    1.36   49.29   0.0010000
  118.57   95.08  177.64   0.0010000
  110.69   55.15  153.19   0.0010000
  -36.67  112.07 -119.28   0.0010000
   23.11  162.52   54.48   0.0010000
  142.16   24.13 -125.21   0.0010000
 -108.24   68.03  -18.43   0.0010000
  -98.92  134.89   14.19   0.0010000
  136.68  110.43  -31.59   0.0010000
  164.95  111.56  133.30   0.0010000
 -152.38  114.29 -150.39   0.0010000
 -117.15  117.88  -61.80   0.0010000
  113.86   69.41  -80.72   0.0010000
    9.89   46.14   48.06   0.0010000
  123.29   77.42 -171.83   0.0010000
 -131.06  117.51  122.01   0.0010000
 -103.63   57.74 -129.10   0.0010000
  116.03  123.12  120.18   0.0010000
  127.16   56.80   35.34   0.0010000
  164.64   67.94 -151.05   0.0010000
   40.55   99.65   74.48   0.0010000
 -162.44  102.87 -149.38   0.0010000
  140.47   72.24  -66.82   0.0010000
 -141.71   65.30  -86.53   0.0010000
  146.54   52.63  -48.98   0.0010000
  -64.88  129.11  -39.93   0.0010000
  -63.25   96.51   86.92   0.0010000
  -58.86  112.29  158.19   0.0010000
   62.97   99.50    2.79   0.0010000
 -175.52  152.06 -133.47   0.0010000
    4.70  162.14   47.70   0.0010000
   40.74  154.06 -176.07   0.0010000
 -105.12   49.66   12.39   0.0010000
   96.81  146.53  175.63   0.0010000
   23.41  125.57   39.61   0.0010000
   24.72  106.96 -127.24   0.0010000
  107.86   89.19  -94.62   0.0010000
  -38.20  104.81  -19.80   0.0010000
   47.50   95.92  -68.76   0.0010000
 -177.93  146.81   42.42   0.0010000
  -98.75  116.88    0.12   0.0010000
   30.35   14.59  113.44   0.0010000
  -72.91  129.82  -58.06   0.0010000
  -83.30   52.33 -103.51   0.0010000
  166.53   36.69   47.31   0.0010000
  -53.31  146.75 -141.79   0.0010000
   35.82   83.78  170.25   0.0010000
   50.09  172.85 -114.49   0.0010000
  103.72   64.94  -63.75   0.0010000
   21.93  111.13 -134.98   0.0010000
   -5.14   34.22 -133.26   0.0010000
   25.95   79.47 -178.93   0.0010000
 -147.86   72.22  154.78   0.0010000
   78.81  145.53  -32.94   0.0010000
 -150.82   90.88    7.04   0.0010000
 -166.05   69.77 -138.70   0.0010000
  -43.21  137.25  -56.43   0.0010000
  -45.03   89.81 -179.78   0.0010000
  131.13   64.95 -151.04   0.0010000
  -39.99  109.64  156.09   0.0010000
  -24.75   77.30   22.57   0.0010000
 -124.94   38.27 -151.90   0.0010000
 -140.04   87.66  -93.03   0.0010000
  -59.13   89.49  -91.14   0.0010000
  -19.19   82.05   19.13   0.0010000
 -143.27  168.11  151.75   0.0010000
  133.71   56.59   62.19   0.0010000
  165.99  141.62  131.55   0.0010000
 -145.50   97.61  102.55   0.0010000
  157.09   99.76 -110.02   0.0010000
 -120.05   75.48  168.93   0.0010000
   58.97   67.83 -108.91   0.0010000
 -134.06   98.23 -171.81   0.0010000
   33.45   82.09  -12.88   0.0010000
   53.24   56.93 -111.05   0.0010000
  -12.64  138.50   43.03   0.0010000
  -33.60  163.47  -64.30   0.0010000
  -41.47   82.40  -80.93   0.0010000
  -63.35  118.89   60.50   0.0010000
 -122.69  116.91 -151.58   0.0010000
  102.62  134.49 -149.48   0.0010000
 -106.41  125.33   52.12   0.0010000
  -69.15  104.28  176.09   0.0010000
 -102.88  103.74   91.12   0.0010000
  125.21   78.36  -82.59   0.0010000
  -91.22   60.91 -176.17   0.0010000
  -46.10   69.18 -157.48   0.0010000
   -7.09   52.66  134.16   0.0010000
  142.68   39.51   46.48   0.0010000
  -90.85  138.42 -179.33   0.0010000
   28.90  110.60   36.08   0.0010000
   20.22  133.19  -43.65   0.0010000
  114.37  121.83 -131.17   0.0010000
 -123.96   79.42  178.33   0.0010000
  -76.74   77.41  -83.29   0.0010000
  -38.58  136.99   46.89   0.0010000
  141.61   50.81  127.86   0.0010000
 -115.36  147.24  168.08   0.0010000
  -21.18   47.27  -43.65   0.0010000
   11.00  146.15   48.25   0.0010000
 -102.65  160.47    0.42   0.0010000
 -148.61   97.95  -60.48   0.0010000
  -57.17  116.39 -117.29   0.0010000
  -52.58  121.20  133.45   0.0010000
 -174.43  137.26 -133.80   0.0010000
 -116.39  120.64  -56.16   0.0010000
  -88.41  118.09  129.42   0.0010000
  -91.75  123.56  133.65   0.0010000
   14.35  128.06  -48.03   0.0010000
 -114.01  130.80  -12.11   0.0010000
 -165.32  109.43   25.58   0.0010000
 -174.72  151.75 -136.03   0.0010000
   53.81  124.92   47.97   0.0010000
 -114.87  125.78  -46.79   0.0010000
  151.64   64.99  -43.88   0.0010000
 -110.24  134.35 -135.68   0.0010000
   74.30   70.10   91.59   0.0010000
  175.53  159.74  133.22   0.0010000
  -97.68  121.24  -46.08   0.0010000
   57.36  115.05  113.17   0.0010000
  143.33   82.03   59.90   0.0010000
  -33.94  109.94 -149.36   0.0010000
  -18.96   25.57 -126.82   0.0010000
  -70.77  128.66   56.30   0.0010000
   16.80   46.20  134.22   0.0010000
   72.75   61.77 -155.32   0.0010000
  -69.51   54.21    9.87   0.0010000
 -172.61  155.15  -41.84   0.0010000
  -16.16   59.25  142.73   0.0010000
  135.15  101.35 -153.18   0.0010000
  -99.44   62.66  154.64   0.0010000
 -137.54  149.47  144.94   0.0010000
 -159.40  134.17  152.81   0.0010000
   35.08   71.04  -25.23   0.0010000
   27.33   39.29  127.54   0.0010000
    1.51   34.58   44.83   0.0010000
 -145.58  105.81   21.84   0.0010000
  -61.72  173.64   15.62   0.0010000
  -43.25  107.47 -111.91   0.0010000
  -47.42   86.21 -176.45   0.0010000
 -123.34   71.35  164.88   0.0010000
  160.98   99.91 -172.86   0.0010000
 -112.28   90.39   89.43   0.0010000
   38.05  117.50  124.40   0.0010000
  -61.18  122.95  135.23   0.0010000
  171.61   52.15  131.65   0.0010000
  179.53  128.79  137.65   0.0010000
 -118.76   42.68 -171.42   0.0010000
   57.69  109.18 -164.59   0.0010000
  -20.74   87.74   79.08   0.0010000
 -114.85   63.20   65.09   0.0010000
  -52.61   66.53 -154.78   0.0010000
 -165.48   92.35   15.45   0.0010000
   32.97  146.86   52.82   0.0010000
  121.12   97.01  -94.20   0.0010000
  -41.84   99.23  167.60   0.0010000
  104.08  129.59 -143.22   0.0010000
   35.68   21.73  122.55   0.0010000
  -41.44   94.61  -95.34   0.0010000
    8.68  131.58  134.36   0.0010000
   18.29  109.12   31.10   0.0010000
  121.20   91.11   -1.21   0.0010000
  173.91   81.63   28.73   0.0010000
  -57.27  116.18   62.79   0.0010000
   45.30   99.07  -80.52   0.0010000
  174.28  166.51  130.63   0.0010000
 -115.10   41.67   -2.42   0.0010000
   36.98  107.13  111.38   0.0010000
 -119.37   82.08   88.39   0.0010000
   11.69  140.71  137.71   0.0010000
   71.08  111.09 -166.57   0.0010000
  -25.04  106.31 -117.32   0.0010000
  171.61  110.09  -39.24   0.0010000
  163.62   24.08  -33.03   0.0010000
   71.28  119.60 -149.37   0.0010000
   89.92   47.52   59.85   0.0010000
   40.25  153.95   50.69   0.0010000
  104.10   75.73   20.30   0.0010000
 -166.73  131.98 -136.19   0.0010000
   60.74   88.40    0.53   0.0010000
 -140.41  149.37   49.62   0.0010000
   57.40   53.99 -150.62   0.0010000
 -144.15  120.57   38.85   0.0010000
  130.52  124.98 -129.41   0.0010000
 -103.99  115.17   40.87   0.0010000
  -32.59  127.52  132.27   0.0010000
  102.94  102.34  -94.26   0.0010000
 -168.78   19.49  130.27   0.0010000
 -119.22   87.82  178.75   0.0010000
   13.50   99.14   -9.64   0.0010000
 -100.37   55.42   62.11   0.0010000
 -138.74  112.31   32.09   0.0010000
 -109.47   30.93 -132.25   0.0010000
  143.20   85.57   96.74   0.0010000
  -52.83  106.88   75.59   0.0010000
  149.79  108.62  154.38   0.0010000
 -158.52  113.75  -59.02   0.0010000
  130.30   62.05 -147.42   0.0010000
 -147.23  151.07   49.74   0.0010000
   24.84   86.69 -110.92   0.0010000
  110.31   60.44  129.38   0.0010000
   -8.50  158.93   40.71   0.0010000
  -47.35   91.16  179.44   0.0010000
  135.03  139.65  -35.44   0.0010000
  117.82   48.55  161.85   0.0010000
 -114.22   53.68  -59.79   0.0010000
  -39.01   14.59 -107.76   0.0010000
   19.46  121.29  -63.31   0.0010000
   57.20   85.50  -90.92   0.0010000
 -104.98  163.24 -125.69   0.0010000
  -18.57   60.50  -57.04   0.0010000
   70.99   34.71  -68.46   0.0010000
  -47.82   70.21   98.10   0.0010000
  -94.56   55.81  -84.30   0.0010000
   22.57  131.13  132.85   0.0010000
 -178.04  139.40  135.56   0.0010000
  161.67   39.55  138.07   0.0010000
  -90.39  127.25  -21.45   0.0010000
   41.51   90.17 -179.73   0.0010000
    8.06  100.64  -43.60   0.0010000
   90.58   50.68 -138.03   0.0010000
  172.99  135.57  133.30   0.0010000
  119.53   69.77  107.79   0.0010000
  128.75  155.72  124.29   0.0010000
  129.61   70.74  -69.70   0.0010000
 -124.45  109.12  -73.89   0.0010000
  135.32   46.60  149.26   0.0010000
   43.07   73.62   70.38   0.0010000
 -170.16  135.35 -133.47   0.0010000
  -91.73  138.65  -73.74   0.0010000
 -164.80   54.49 -129.78   0.0010000
   88.77   46.83   27.84   0.0010000
   78.75   56.28  -64.32   0.0010000
   74.12   27.44  -78.08   0.0010000
 -133.68   36.85  101.58   0.0010000
 -157.39   96.75   17.46   0.0010000
 -134.00   39.30  -48.46   0.0010000
   62.91   58.75 -165.70   0.0010000
 -144.41  105.84  -52.03   0.0010000
 -158.24  112.63  -65.41   0.0010000
 -122.31  118.77 -150.44   0.0010000
 -118.23   62.03  151.41   0.0010000
  -91.70   62.86   50.75   0.0010000
 -159.74  102.43   51.59   0.0010000
  129.69  144.32  -48.61   0.0010000
  -46.21   80.86 -103.68   0.0010000
   19.67   89.25  -94.85   0.0010000
  167.40  150.05  -53.05   0.0010000
  -19.05   58.78 -145.87   0.0010000
  -78.79  111.76   27.18   0.0010000
  -54.19   65.42 -153.61   0.0010000
  155.28   45.24 -136.58   0.0010000
   -8.98  172.11 -139.50   0.0010000
   75.33  133.16  151.73   0.0010000
  121.50   80.25 -174.57   0.0010000
   14.27  125.01 -139.46   0.0010000
  131.64  129.16 -130.02   0.0010000
   -2.26   65.63   52.84   0.0010000
  -99.45  116.73  166.14   0.0010000
 -141.15  116.48   27.71   0.0010000
 -159.57  111.76  -61.24   0.0010000
  -29.10  171.02 -167.98   0.0010000
   -2.50   66.37   30.72   0.0010000
  156.78  109.60   67.39   0.0010000
   72.04   55.21 -150.46   0.0010000
 -171.48  136.90 -134.79   0.0010000
  -88.79   41.79  -92.77   0.0010000
  155.82  107.24  -28.48   0.0010000
   36.64   11.77 -154.79   0.0010000
   65.92   52.49  128.13   0.0010000
 -139.65   52.92  -26.93   0.0010000
  -83.67   54.21  160.53   0.0010000
 -140.60   94.16    5.94   0.0010000
   91.35  112.18   99.53   0.0010000
   52.54   82.04  -10.01   0.0010000
   -3.64   80.74   39.06   0.0010000
    5.92  112.48  124.66   0.0010000
  -27.30  176.02  125.13   0.0010000
  -84.91  139.64  112.96   0.0010000
  155.01   24.40 -125.09   0.0010000
   79.85  113.00  -73.96   0.0010000
  -62.92  108.23  168.71   0.0010000
  164.28   36.33   66.39   0.0010000
 -163.21   26.19  -52.14   0.0010000
   76.66  122.04   45.79   0.0010000
  133.91   46.36   40.29   0.0010000
  172.11  100.93 -150.30   0.0010000
 -163.44   35.18 -139.83   0.0010000
  123.48  120.57 -126.05   0.0010000
  -91.35   54.50  -51.43   0.0010000
  -97.36   60.90  107.19   0.0010000
  145.95   87.96   89.86   0.0010000
  -67.15   61.79 -152.27   0.0010000
   35.79  106.93  120.05   0.0010000
 -168.34   75.91   59.61   0.0010000
   -5.60   99.72  -25.28   0.0010000
  -12.71  135.09   43.24   0.0010000
   52.77   50.61  110.50   0.0010000
   20.96  105.10  111.90   0.0010000
 -148.24   14.43 -152.15   0.0010000
  -53.71   92.50  146.14   0.0010000
  -33.77   61.29   32.08   0.0010000
    3.35  137.69  136.74   0.0010000
 -118.71  134.74  -32.71   0.0010000
  144.42   21.99  149.68   0.0010000
  -37.51  114.07 -120.19   0.0010000
   64.67  119.75 -129.22   0.0010000
 -129.83  115.37  -61.34   0.0010000
   36.07  154.71  147.81   0.0010000
  -85.84  137.84   16.05   0.0010000
  -70.80   62.78   24.59   0.0010000
 -114.95  143.83  -28.51   0.0010000
 -163.32   44.98 -137.18   0.0010000
    4.52   66.19  139.36   0.0010000
   42.26   83.61   -7.02   0.0010000
 -162.02  106.21 -124.24   0.0010000
   36.33   50.08  -27.33   0.0010000
  141.92    9.77 -146.76   0.0010000
  122.31   78.82 -173.48   0.0010000
  -96.39   44.44  124.56   0.0010000
 -110.71   76.80  173.89   0.0010000
  101.50  118.06  122.86   0.0010000
  139.95  156.56 -150.35   0.0010000
 -126.54  108.86   16.49   0.0010000
 -131.70   70.74   69.35   0.0010000
   52.14   62.76   61.16   0.0010000
  145.15  160.76  -61.32   0.0010000
 -166.19   92.16  -44.63   0.0010000
  -58.97  116.97  -11.09   0.0010000
  118.93   94.29   -3.19   0.0010000
   31.98  114.18   52.62   0.0010000
   -7.63  117.34   47.41   0.0010000
 -124.13  111.19  -70.87   0.0010000
