TEXTURE AT STRAIN =    1.0000
   1.016   4.899   0.190  <-- length of average ellipsoid axes for phase
   90.07    0.00    0.00  <-- Euler angles of average ellipsoid axes for phase
B       500
  124.36  104.96   32.21   0.0010000
 -129.90   37.59   68.97   0.0010000
 -132.32   37.62  -20.93   0.0010000
  130.85  107.46   29.34   0.0010000
  154.33   59.29  -18.69   0.0010000
  -17.46   35.49  -82.06   0.0010000
   36.38  113.91  -22.85   0.0010000
 -113.73  146.08   31.72   0.0010000
  -52.16   73.75  149.27   0.0010000
  -75.58  147.02 -127.12   0.0010000
  -83.82  147.41 -131.54   0.0010000
   87.09  146.85  133.44   0.0010000
   49.26   71.60   29.23   0.0010000
   31.58  117.05  159.60   0.0010000
   44.04  110.47  -26.02   0.0010000
  -81.86   87.89  144.06   0.0010000
   88.46   32.50 -134.12   0.0010000
  128.31   69.86  -26.13   0.0010000
   51.56   72.21 -150.11   0.0010000
  -76.39   33.53  127.91   0.0010000
 -142.16  113.76  -23.87   0.0010000
   53.46  143.04  -66.92   0.0010000
  -76.07   33.59   37.54   0.0010000
 -117.99   35.09  150.13   0.0010000
  128.83   72.47   59.72   0.0010000
  122.34   99.59  -52.53   0.0010000
  -54.02  106.64  -58.70   0.0010000
  -26.37   50.90  170.93   0.0010000
  -79.80   88.93 -130.19   0.0010000
  -30.83  136.20   -1.37   0.0010000
  127.84   72.87   59.24   0.0010000
  -31.64   45.56   -0.15   0.0010000
  155.84  124.85  104.22   0.0010000
  -69.84   82.52 -127.85   0.0010000
  -33.86  139.68  -99.99   0.0010000
   26.05   48.26  -83.69   0.0010000
  -34.78  138.73  172.48   0.0010000
 -140.61   67.14 -156.23   0.0010000
 -124.67   75.63  122.90   0.0010000
   22.23   55.76  105.88   0.0010000
 -138.20  112.03   64.58   0.0010000
  107.72   97.76  125.97   0.0010000
  161.68   48.23  174.53   0.0010000
  -59.28   35.49  118.28   0.0010000
  156.12   56.45 -106.51   0.0010000
 -131.31   72.29 -150.97   0.0010000
  -70.52   35.09   28.59   0.0010000
  126.67   75.03  146.75   0.0010000
  -41.98   41.12 -171.10   0.0010000
  -69.16   34.24 -146.44   0.0010000
  -84.37   33.20  -48.06   0.0010000
  -56.21   76.29  146.37   0.0010000
   47.16  108.91 -117.66   0.0010000
 -128.73  143.68   22.74   0.0010000
   58.09   75.78 -145.90   0.0010000
 -120.85  108.23  -25.70   0.0010000
   43.82  111.00 -115.47   0.0010000
   29.95   44.09   -0.82   0.0010000
    1.73   27.82  -90.53   0.0010000
   47.13   70.60  118.10   0.0010000
  114.03   33.87   31.84   0.0010000
    0.84  117.20  178.35   0.0010000
 -122.21   86.90 -137.84   0.0010000
  110.66  145.85 -123.94   0.0010000
  -54.26   76.16 -123.46   0.0010000
 -154.58   60.13 -161.70   0.0010000
  -41.99  140.80  166.59   0.0010000
   51.80  106.60 -120.31   0.0010000
 -116.93   35.05   59.94   0.0010000
 -131.19   71.83 -151.53   0.0010000
   38.47   66.58   24.16   0.0010000
    5.87  130.88  179.79   0.0010000
  110.42   33.48  123.83   0.0010000
 -124.09   77.54  -55.13   0.0010000
   60.00  144.64  118.81   0.0010000
    3.54  148.83   91.77   0.0010000
  -51.72  143.28  158.74   0.0010000
  113.26   34.12  120.85   0.0010000
  146.60   63.93   68.00   0.0010000
  -54.22  144.24  -24.60   0.0010000
  156.47   49.27  171.90   0.0010000
   91.84   32.50  134.06   0.0010000
  -93.54  147.48   43.09   0.0010000
  -40.46  112.50 -155.02   0.0010000
   -0.65   30.74   90.69   0.0010000
  157.55   52.94  166.99   0.0010000
  144.34   65.67  156.65   0.0010000
   51.48   72.55  120.34   0.0010000
   30.70  117.59   69.99   0.0010000
   37.19   65.98  -66.36   0.0010000
  148.34   42.00    5.56   0.0010000
   88.65   32.50   45.77   0.0010000
  107.82   83.41  141.82   0.0010000
   36.72  114.37 -112.49   0.0010000
  -39.54  112.98   24.55   0.0010000
 -108.83  146.58  -55.69   0.0010000
  110.47  145.90  145.83   0.0010000
   60.68   81.85  -50.45   0.0010000
  115.35   94.63  -48.86   0.0010000
 -179.30   70.25   88.63   0.0010000
   57.28   88.58  -45.68   0.0010000
  177.64   52.56   88.59   0.0010000
  137.55   40.21    9.46   0.0010000
  152.18  122.99  105.81   0.0010000
   36.19  114.41   67.55   0.0010000
  125.79  101.48  -54.34   0.0010000
   84.01   32.59  -41.58   0.0010000
  -42.48   68.77  154.72   0.0010000
   26.56  120.45 -107.95   0.0010000
  -37.87   66.59 -113.28   0.0010000
  -45.22   39.20  -74.42   0.0010000
   46.64  109.25   62.72   0.0010000
  -63.00   96.93  130.35   0.0010000
 -137.68   68.71 -154.79   0.0010000
  107.85   80.09 -122.92   0.0010000
  129.96  142.41  -21.02   0.0010000
   57.75   75.63   33.94   0.0010000
  -65.60   34.61  -58.20   0.0010000
 -155.72  125.24  -14.91   0.0010000
   57.72  143.86   25.93   0.0010000
  -23.22   39.00    8.68   0.0010000
   10.00  127.08   84.87   0.0010000
   33.42   63.74 -158.12   0.0010000
 -142.72   64.43 -158.42   0.0010000
  151.61  137.30   -5.32   0.0010000
   79.95  146.59   39.37   0.0010000
   89.53   89.45  -56.42   0.0010000
  152.02  128.92  -80.88   0.0010000
  160.25   55.48 -105.52   0.0010000
  -39.27  141.02 -104.06   0.0010000
   15.19   49.98    6.98   0.0010000
 -125.30   76.53  123.83   0.0010000
   40.45  112.22 -114.34   0.0010000
  -78.48   33.49  -51.50   0.0010000
 -156.16  134.52  178.47   0.0010000
 -107.43   93.77  -40.87   0.0010000
  -46.20   70.44   63.05   0.0010000
  143.10   65.82  156.50   0.0010000
  -65.69   96.10   40.73   0.0010000
   33.36  116.04  158.84   0.0010000
  -66.78  146.40  147.09   0.0010000
  147.07  117.65  110.01   0.0010000
 -162.26   46.86   91.19   0.0010000
   80.50   32.73   50.34   0.0010000
 -153.12  119.93   70.74   0.0010000
  134.81  109.78   26.74   0.0010000
  151.84   50.96   79.99   0.0010000
  109.44   91.96  132.23   0.0010000
   11.28  121.12 -102.25   0.0010000
   93.04   89.49  134.53   0.0010000
 -152.83  120.00   70.78   0.0010000
  -53.39  106.18  -58.09   0.0010000
   45.12   69.66   27.09   0.0010000
 -123.69  103.03   54.68   0.0010000
 -112.81   93.45 -132.50   0.0010000
  115.68  145.22  148.95   0.0010000
 -110.96  146.36  -56.88   0.0010000
   28.26  137.57    5.73   0.0010000
  173.16  120.64   95.52   0.0010000
  144.66  114.55 -157.69   0.0010000
   28.01  119.56   71.39   0.0010000
  150.94   60.21  160.66   0.0010000
 -125.04   81.44   38.05   0.0010000
 -138.83  141.64 -164.03   0.0010000
   71.55   90.89   46.91   0.0010000
   52.80  106.03   59.02   0.0010000
    8.88   40.31   89.04   0.0010000
  104.58   32.99  127.03   0.0010000
  100.69   85.85  144.51   0.0010000
  130.33   71.67  150.67   0.0010000
  -47.41   71.41 -118.04   0.0010000
  -56.28  144.69  -26.14   0.0010000
 -151.39   42.57  174.49   0.0010000
 -119.52   97.13  -40.30   0.0010000
  -97.34  147.34   40.64   0.0010000
  128.71   73.01  -30.95   0.0010000
  143.15  113.91  112.86   0.0010000
 -153.48  130.82  172.27   0.0010000
 -123.35   78.86  -53.89   0.0010000
  140.06   67.21 -114.72   0.0010000
  -29.21   52.11   79.73   0.0010000
  118.24  101.63 -144.41   0.0010000
 -154.10  123.51   73.53   0.0010000
 -120.63   87.86 -137.09   0.0010000
  130.80  107.92  118.77   0.0010000
  125.18   36.19   22.91   0.0010000
 -164.96   48.17 -177.89   0.0010000
   40.52  112.18   65.62   0.0010000
 -140.87   67.28 -156.11   0.0010000
  133.84  109.30  -62.75   0.0010000
 -148.12   63.10  -69.48   0.0010000
  151.22   42.38  -85.56   0.0010000
  -66.04  146.07  -31.62   0.0010000
  -76.55   85.89   52.55   0.0010000
  -54.52   75.16  147.62   0.0010000
   46.28  109.51  -27.00   0.0010000
  114.29  145.41  148.12   0.0010000
   81.06  146.67  130.19   0.0010000
   68.40  145.70 -146.66   0.0010000
 -136.61   69.02   25.51   0.0010000
   82.38  146.74  131.00   0.0010000
  -18.94  133.74    2.29   0.0010000
   39.99  112.42 -114.16   0.0010000
  112.45   79.73 -126.78   0.0010000
  -23.14  122.64   17.25   0.0010000
   47.78   70.90  -61.56   0.0010000
  118.71  144.75  -29.19   0.0010000
 -134.11  110.09  -27.35   0.0010000
   87.28   32.52   46.58   0.0010000
  -77.15  147.36  -39.50   0.0010000
  -47.27   70.66 -117.15   0.0010000
 -127.47   37.14  -22.50   0.0010000
  -52.22  144.06 -113.94   0.0010000
   12.83   54.39 -168.54   0.0010000
   -7.16  141.81  178.78   0.0010000
  121.41   94.99  -49.08   0.0010000
   40.91  111.92 -114.63   0.0010000
   59.18   34.95  152.47   0.0010000
   28.76   61.37 -159.84   0.0010000
 -156.18   52.68 -168.50   0.0010000
   76.43  146.42  -52.26   0.0010000
 -145.28   64.84   21.84   0.0010000
 -143.61   65.73 -157.44   0.0010000
  -35.97  115.07  -67.21   0.0010000
  -40.04   67.67  155.76   0.0010000
  127.55  106.02 -148.99   0.0010000
  -25.38  121.39 -161.79   0.0010000
  -14.19   50.57   -5.77   0.0010000
 -117.92   30.10 -127.57   0.0010000
 -168.87   60.08  -77.58   0.0010000
  -49.93   72.25 -118.95   0.0010000
   -5.06   55.17   -1.72   0.0010000
  153.12  139.89   80.62   0.0010000
  138.88   67.80   64.73   0.0010000
 -131.85  142.48 -161.33   0.0010000
 -154.97   64.12  110.08   0.0010000
  170.39  127.44  -85.87   0.0010000
 -124.42  105.34  147.14   0.0010000
   57.77  103.07 -124.29   0.0010000
 -135.86   69.59 -153.92   0.0010000
   19.48   54.18   14.21   0.0010000
   27.78   58.11  -72.24   0.0010000
   47.51  141.28  106.88   0.0010000
  -90.47  147.50 -135.27   0.0010000
  -32.28   63.54 -110.83   0.0010000
  -30.88  117.77  110.76   0.0010000
 -124.30   76.38 -146.29   0.0010000
  103.12  146.47 -127.99   0.0010000
 -124.18  105.22   57.00   0.0010000
  -47.59  109.52 -152.05   0.0010000
  -94.45   93.76   68.11   0.0010000
  139.40   67.54 -115.02   0.0010000
 -130.74   71.09 -152.48   0.0010000
  -28.55   61.04  160.99   0.0010000
   25.02   55.59  105.69   0.0010000
  158.79   42.72    2.16   0.0010000
  -79.27  148.12 -133.23   0.0010000
   49.26  101.62   54.99   0.0010000
  -33.35  136.76  -92.44   0.0010000
  124.91  101.80 -144.55   0.0010000
 -138.38   68.34 -155.13   0.0010000
  -82.97   91.24  -48.67   0.0010000
  -33.61  138.78   82.34   0.0010000
  136.36   39.08  103.59   0.0010000
  -88.53  147.50 -134.37   0.0010000
   32.64   42.99  -93.05   0.0010000
  -55.83  144.47  -25.39   0.0010000
  -76.72  147.11   52.17   0.0010000
 -134.63   70.27  -63.22   0.0010000
  -55.98   76.21 -123.54   0.0010000
  -50.76  107.70  120.09   0.0010000
 -126.52  143.09  -70.12   0.0010000
 -123.68   80.79  -52.30   0.0010000
  -67.10   91.33  134.25   0.0010000
  -92.50  147.48  133.52   0.0010000
  -25.96  128.40  -78.81   0.0010000
 -139.75  112.68  -24.82   0.0010000
  171.23  133.07   -0.08   0.0010000
  117.06  145.03  149.73   0.0010000
   50.87  107.15   60.36   0.0010000
 -117.44  145.55  -60.54   0.0010000
  138.24   68.15  -25.60   0.0010000
 -108.83  146.61 -145.53   0.0010000
   46.01   70.00  117.45   0.0010000
 -108.26  146.67 -145.19   0.0010000
 -118.92   93.14  -43.06   0.0010000
   30.82  117.70   70.06   0.0010000
  135.92   69.21   63.35   0.0010000
  -40.30  112.56 -155.07   0.0010000
   45.34   37.23  160.44   0.0010000
  -71.17  146.62   55.52   0.0010000
  -34.17   45.00 -179.17   0.0010000
   51.80   72.69 -149.50   0.0010000
  -32.29   62.90  -20.39   0.0010000
  114.53  145.40 -121.80   0.0010000
  -32.25   63.45  159.24   0.0010000
  134.35  109.58 -153.05   0.0010000
 -102.01   91.56  137.63   0.0010000
  179.10  138.10   89.16   0.0010000
 -152.02  119.90  160.70   0.0010000
   23.61   54.79   14.96   0.0010000
   58.39   36.13   68.03   0.0010000
  -61.88   35.14  119.63   0.0010000
 -156.78  124.35  -15.79   0.0010000
    1.44  146.33   90.96   0.0010000
  -47.74   71.44 -118.06   0.0010000
  -41.15   68.20  155.26   0.0010000
 -114.61  102.51  144.86   0.0010000
  150.77  118.22 -160.47   0.0010000
  -91.89   91.25   63.67   0.0010000
   28.22  129.22   81.31   0.0010000
  -54.41  105.43  122.79   0.0010000
 -153.94   55.28  104.30   0.0010000
 -154.13  122.03  162.26   0.0010000
 -140.95   49.38 -174.15   0.0010000
   60.14   76.94 -144.74   0.0010000
  -33.17   64.12   68.74   0.0010000
 -145.13   64.67  111.72   0.0010000
  -53.15  106.46 -148.43   0.0010000
 -151.19   62.96   20.24   0.0010000
  -31.09  138.00   -5.54   0.0010000
  119.76   76.48 -124.76   0.0010000
  -43.29   69.28  154.22   0.0010000
  104.85  146.35 -127.04   0.0010000
  -32.05   41.43 -171.14   0.0010000
  -38.59   66.96 -113.60   0.0010000
  -26.79  126.35  103.49   0.0010000
   31.31   65.08   22.55   0.0010000
  118.10   75.79  -33.78   0.0010000
 -179.32   87.39    9.24   0.0010000
  -55.12   75.93   56.76   0.0010000
   36.24  114.39 -112.47   0.0010000
   97.81  146.73   49.22   0.0010000
 -106.36   33.86  -35.86   0.0010000
   25.97  121.28   72.66   0.0010000
 -134.85   70.02  116.52   0.0010000
  -49.45  142.79   70.34   0.0010000
   68.79   85.03 -138.93   0.0010000
  -40.84   68.19 -114.73   0.0010000
 -151.01  117.96  -20.59   0.0010000
  104.93   33.03   36.73   0.0010000
   60.30   83.02 -139.60   0.0010000
   91.16   32.50   44.47   0.0010000
   -5.69  136.78    0.36   0.0010000
  119.43   95.79   40.42   0.0010000
  151.22  128.78 -170.81   0.0010000
   55.27   73.44   31.30   0.0010000
 -174.73  136.66   -0.43   0.0010000
   45.69   69.92 -152.63   0.0010000
 -131.79  108.76   61.18   0.0010000
  127.23  142.87 -112.48   0.0010000
 -123.93   97.70   50.41   0.0010000
  -39.52  112.96  114.56   0.0010000
   89.49   89.64 -127.70   0.0010000
  113.00   33.78 -147.71   0.0010000
  -96.09   92.97  149.08   0.0010000
   27.84  119.06  -18.93   0.0010000
 -104.06   33.67   52.85   0.0010000
 -128.06   75.21   32.36   0.0010000
 -106.13   33.77 -126.34   0.0010000
  171.86  114.06   99.55   0.0010000
  -54.28   74.20   58.78   0.0010000
  155.72  127.54 -168.77   0.0010000
  178.85  131.57  -90.61   0.0010000
  154.48   56.43  163.57   0.0010000
  147.84  137.50   -6.22   0.0010000
   39.25  112.79 -113.83   0.0010000
  125.17   80.07  142.21   0.0010000
  -80.06  147.27  -39.51   0.0010000
  -41.44  112.04 -154.58   0.0010000
  126.05  143.45  -24.57   0.0010000
  138.84   67.75  154.78   0.0010000
 -131.06   71.82  -61.54   0.0010000
  -90.54   33.13  -44.74   0.0010000
   20.37  134.54  -89.75   0.0010000
   46.17   70.10  -62.45   0.0010000
 -107.26  146.77 -144.57   0.0010000
   16.47   46.28  -88.05   0.0010000
   72.19   33.24  -35.28   0.0010000
  -33.48   64.15   68.70   0.0010000
 -133.40   70.48  -63.03   0.0010000
  -28.51  134.83   91.11   0.0010000
 -122.15  144.57 -154.23   0.0010000
 -135.01   39.39   75.21   0.0010000
  -42.40  112.49   24.95   0.0010000
   34.79  115.10  158.12   0.0010000
   38.56  112.86  -23.76   0.0010000
   90.56   32.50 -135.27   0.0010000
  146.27  129.87   97.08   0.0010000
  124.70  104.41  122.87   0.0010000
  157.26  138.43  174.57   0.0010000
  129.56  107.27  -60.47   0.0010000
 -125.08   74.83  -58.03   0.0010000
  141.92   66.27  156.11   0.0010000
   39.42  112.26   65.72   0.0010000
 -150.14  125.74 -103.69   0.0010000
  -87.02  147.49  -43.51   0.0010000
  155.12   50.70 -100.13   0.0010000
   87.72   32.51   46.25   0.0010000
   52.33   72.82  -59.34   0.0010000
  108.34   32.51 -142.31   0.0010000
 -109.61   34.16   55.89   0.0010000
 -144.46   65.41   22.29   0.0010000
 -140.13   39.45  -14.89   0.0010000
   43.04   68.71 -153.87   0.0010000
 -128.77  105.57  -32.47   0.0010000
 -154.06  132.07  -95.76   0.0010000
 -152.47  121.54  161.93   0.0010000
 -150.70   60.81 -161.12   0.0010000
  -91.59   90.56   45.35   0.0010000
 -141.01  113.14   65.60   0.0010000
  131.22  142.61  -21.74   0.0010000
  -42.20   68.74 -115.25   0.0010000
    1.21   73.96  -89.92   0.0010000
  108.90  145.99 -124.75   0.0010000
   19.03   46.19 -177.82   0.0010000
  -57.59  103.34   35.03   0.0010000
  -53.96  105.90 -147.76   0.0010000
 -150.08   44.29  177.89   0.0010000
   68.94  145.83  -56.08   0.0010000
   76.03  146.41  127.62   0.0010000
  113.10   98.95 -142.54   0.0010000
  -24.15  128.03 -168.18   0.0010000
  126.67  143.16 -113.57   0.0010000
  -29.05   61.55   70.63   0.0010000
 -129.58  108.06  150.39   0.0010000
 -154.10  124.52  -15.51   0.0010000
 -167.76  132.98  -91.97   0.0010000
  -80.09  147.27  140.45   0.0010000
   24.11   57.74   17.57   0.0010000
  154.92  130.34   97.34   0.0010000
   51.70   72.61 -149.59   0.0010000
  129.73  141.93  161.20   0.0010000
  -76.18   32.71 -139.15   0.0010000
  142.05   66.49  -24.07   0.0010000
  -19.48   37.10  -81.83   0.0010000
   52.90   73.11  121.00   0.0010000
 -129.52   38.12  -18.46   0.0010000
  -48.80   71.46  151.97   0.0010000
 -141.17   66.98   23.62   0.0010000
  119.30  104.45  122.45   0.0010000
   48.18  108.49  -28.11   0.0010000
   30.64   64.27   22.04   0.0010000
  -25.26  120.80  108.62   0.0010000
   27.82  142.56 -167.25   0.0010000
  -81.67  147.35  139.50   0.0010000
 -136.04   38.65  162.47   0.0010000
   82.80   88.87  -47.87   0.0010000
  -78.57   84.44  148.67   0.0010000
  122.11   35.39  115.87   0.0010000
  127.85   36.03   23.64   0.0010000
   57.92   99.08   52.11   0.0010000
  128.52   36.52   22.01   0.0010000
  146.71  115.85 -158.71   0.0010000
  132.64   37.42  -70.94   0.0010000
  149.56  128.13  -80.23   0.0010000
  -92.50   33.14  -43.71   0.0010000
 -129.04   72.68  119.42   0.0010000
  147.07   63.75   68.15   0.0010000
  -61.16   99.31 -141.42   0.0010000
   48.27   71.27  118.87   0.0010000
 -162.61  111.32   71.84   0.0010000
   19.29  119.09  -17.84   0.0010000
  -28.48  123.80   15.89   0.0010000
   38.90   66.72  114.29   0.0010000
   23.09  131.93   85.41   0.0010000
  153.84   38.14  -79.52   0.0010000
  -52.51   74.04  148.92   0.0010000
  -28.96   50.32   -7.92   0.0010000
   54.23  142.74 -158.78   0.0010000
 -111.89  146.38  -56.91   0.0010000
 -149.08   41.09   80.78   0.0010000
  -24.90  126.29  -76.22   0.0010000
   53.65  105.58 -121.50   0.0010000
 -150.49  117.85 -110.64   0.0010000
  -31.00  138.70   82.78   0.0010000
  -83.37  147.42   48.43   0.0010000
  -63.73   96.72   40.45   0.0010000
 -111.99  146.34  -57.09   0.0010000
  140.54   40.64  -81.14   0.0010000
  -29.21   61.92  160.38   0.0010000
   33.39   63.99   22.06   0.0010000
 -144.24  114.77 -113.02   0.0010000
   48.55   37.89  -17.11   0.0010000
  158.88   40.76 -175.26   0.0010000
  109.49   97.68 -142.70   0.0010000
  -98.23   33.29  139.40   0.0010000
 -104.71   93.55  140.08   0.0010000
  122.88  102.68  124.69   0.0010000
 -154.06  138.34  -84.70   0.0010000
 -145.74  115.61  -22.37   0.0010000
 -149.38   62.34  109.96   0.0010000
   26.95   59.10  108.58   0.0010000
 -151.02  139.77    8.99   0.0010000
 -135.74  110.22  -27.25   0.0010000
  -34.13  115.72   22.26   0.0010000
  120.87   75.62  -33.87   0.0010000
   41.31  111.78   65.25   0.0010000
   27.81  118.61   70.78   0.0010000
 -125.65   74.66  -58.23   0.0010000
