
 **** INPUT FILE VPSC.IN FOR THIS RUN ****
1                          number of elements (nelem)                                                                             
1                          number of phases (nph)                                                                                 
1.0  0.0                   relative vol. fract. of phases (wph(i))                                                                
*INFORMATION ABOUT PHASE #1                                                                                                       
0   0   25                    grain shape contrl, fragmentn, crit aspect ratio                                                    
1.0  1.0  1.0                 initial ellipsoid ratios (dummy if ishape=4)                                                        
0.0  0.0  0.0                 init Eul ang ellips axes (dummy if ishape=3,4)                                                      
* name and path of texture file (filetext)                                                                                        
ex01_elast\rand1000.tex                                                                                                           
* name and path of single crystal file (filecrys)                                                                                 
ex01_elast\zr_76K.sx                                                                                                              
* name and path of grain shape file (dummy if ishape=0) (fileaxes)                                                                
shape1.100                                                                                                                        
* name and path of diffraction file (dummy if idiff=0)                                                                            
0                                                                                                                                 
dummy                                                                                                                             
*PRECISION SETTINGS FOR CONVERGENCE PROCEDURES (default values)                                                                   
1.e-3  1.e-3  1.e-3   0.01     errs,errd,errm,errso                                                                               
100 100 25     itmax:   max # of iter, external, internal and SO loops                                                            
0  2  10  2    irsvar & jrsini,jrsfin,jrstep (dummy if irsvar=0)                                                                  
*INPUT/OUTPUT SETTINGS FOR THE RUN (default is zero)                                                                              
0              irecover:read grain states from POSTMORT.IN (1) or not (0)?                                                        
0              isave:   write grain states in POSTMORT.OUT at step 'isave'?                                                       
0              icubcomp:calculate fcc rolling components?                                                                         
0              nwrite (frequency of texture downloads)                                                                            
*MODELING CONDITIONS FOR THE RUN                                                                                                  
1              interaction (0:FC,1:affine,2:secant,3:neff=10,4:tangent,5:SO)                                                      
1  1  1        iupdate: update orient, grain shape, hardening                                                                     
0              nneigh (0 for no neighbors, 1 for pairs, etc.)                                                                     
0              iflu (0: don't calc, 1: calc fluctuations)                                                                         
*NUMBER OF PROCESSES (Lij const; Lij variable; PCYS ;LANKFORD; rigid rotatn)                                                      
1                                                                                                                                 
*IVGVAR AND PATH\NAME OF FILE FOR EACH PROCESS (dummy if ivgvar=2,3)                                                              
0                  -->   15% through-thickness compression                                                                        
ex01_elast\ipc15.1                                                                                                                


 **** CRYSTAL DATA FILE ****
*Material: zirconium                                                                                                              
HEXAGONAL                                crysym                                                                                   
1.  1.  1.594     90.  90.  120.         cdim(i),cang(i)                                                                          
*Elastic stiffness of single crystal [MPa]                                                                                        
  143.5e3    72.5e3    65.4e3     0.0     0.0     0.0                                                                             
   72.5e3   143.5e3    65.4e3     0.0     0.0     0.0                                                                             
   65.4e3    65.4e3   164.9e3     0.0     0.0     0.0                                                                             
    0.0     0.0     0.0    32.1e3     0.0e3     0.0e3                                                                             
    0.0     0.0     0.0     0.0e3    32.1e3     0.0e3                                                                             
    0.0     0.0     0.0     0.0e3     0.0e3    35.5e3                                                                             
*Thermal expansion coefficients of single crystal[K^(-1)]                                                                         
  5.7e-6   5.7e-6  10.3e-6   0.0e0   0.0e0   0.0e0                                                                                
SLIP AND TWINNING MODES                                                                                                           
6                               nmodesx                                                                                           
4                               nmodes                                                                                            
1  4  5  6                      mode(i)                                                                                           
PRISMATIC <a>                                                                                                                     
  1    3   1   0                       modex,nsmx,isensex,itwtypex                                                                
 1  0 -1  0    -1  2 -1  0                                                                                                        
 0 -1  1  0     2 -1 -1  0                                                                                                        
 -1  1  0  0    -1 -1  2  0                                                                                                       
BASAL <a>                                                                                                                         
  2    3   1   0                       modex,nsmx,isensex,itwtypex                                                                
 0  0  0  1     2 -1 -1  0                                                                                                        
 0  0  0  1    -1  2 -1  0                                                                                                        
 0  0  0  1    -1 -1  2  0                                                                                                        
PYRAMIDAL<a>                                                                                                                      
  3    6   1   0                       modex,nsmx,isensex,itwtypex                                                                
 1  0 -1  1    -1  2 -1  0                                                                                                        
 0 -1  1  1     2 -1 -1  0                                                                                                        
 -1  1  0  1    -1 -1  2  0                                                                                                       
 -1  0  1  1    -1  2 -1  0                                                                                                       
 0  1 -1  1     2 -1 -1  0                                                                                                        
 1 -1  0  1     1  1 -2  0                                                                                                        
PYRAMIDAL<c+a>                                                                                                                    
  4   12   1   0                       modex,nsmx,isensex,itwtypex                                                                
 1  0 -1  1    -1 -1  2  3                                                                                                        
 1  0 -1  1    -2  1  1  3                                                                                                        
 0 -1  1  1     1  1 -2  3                                                                                                        
 0 -1  1  1    -1  2 -1  3                                                                                                        
 -1  1  0  1     2 -1 -1  3                                                                                                       
 -1  1  0  1     1 -2  1  3                                                                                                       
 -1  0  1  1     2 -1 -1  3                                                                                                       
 -1  0  1  1     1  1 -2  3                                                                                                       
 0  1 -1  1    -1 -1  2  3                                                                                                        
 0  1 -1  1     1 -2  1  3                                                                                                        
 1 -1  0  1    -2  1  1  3                                                                                                        
 1 -1  0  1    -1  2 -1  3                                                                                                        
TENSILE TWIN {10-12}                                                                                                              
  5    6   0   2                       modex,nsmx,isensex,itwtypex                                                                
 0.167                                 twshx                                                                                      
 1  0 -1  2    -1  0  1  1                                                                                                        
 0  1 -1  2     0 -1  1  1                                                                                                        
 -1  1  0  2     1 -1  0  1                                                                                                       
 -1  0  1  2     1  0 -1  1                                                                                                       
 0 -1  1  2     0  1 -1  1                                                                                                        
 1 -1  0  2    -1  1  0  1                                                                                                        
COMPRESSIVE TWIN {11-22}                                                                                                          
  6    6   0   2                       modex,nsmx,isensex,itwtypex                                                                
 0.225                                 twshx                                                                                      
 2 -1 -1  2     2 -1 -1 -3                                                                                                        
 1  1 -2  2     1  1 -2 -3                                                                                                        
 -1  2 -1  2    -1  2 -1 -3                                                                                                       
 -2  1  1  2    -2  1  1 -3                                                                                                       
 -1 -1  2  2    -1 -1  2 -3                                                                                                       
 1 -2  1  2     1 -2  1 -3                                                                                                        
*Constitutive law                                                                                                                 
   0      Voce=0, MTS=1                                                                                                           
   1      iratesens (0:rate insensitive, 1:rate sensitive)                                                                        
   25     grsze --> grain size only matters if HPfactor is non-zero                                                               
 PRISMATIC <a> SLIP -------------------------------------------                                                                   
 20                               nrsx                                                                                            
   45.   42.  1290. 25.   0.      tau0x,tau1x,thet0,thet1, hpfac                                                                  
 1.0    1.0   10.0    2.0         hlatex(1,im),im=1,nmodes                                                                        
 PYRAMIDAL <c+a> SLIP -------------------------------------------                                                                 
 20                               nrsx                                                                                            
  495. 100. 1000. 15.   0.        tau0x,tau1x,thet0,thet1, hpfac                                                                  
 1.0    1.0    2.0   2.0          hlatex(1,im),im=1,nmodes                                                                        
 {10-12} TENSILE TWIN --------------------------------------                                                                      
 20                               nrsx                                                                                            
  102.  17.  100. 30.   0.        tau0x,tau1x,thet0,thet1, hpfac                                                                  
 1.0    1.0    10.0   16.0        hlatex(1,im),im=1,nmodes                                                                        
  1   1   0.10   0.50             isectw,itwinlaw,thres1,thres2                                                                   
  {11-22} COMPRESSIVE TWIN --------------------------------------                                                                 
 20                               nrsx                                                                                            
  270.  30.  1000. 178.   0.      tau0x,tau1x,thet0,thet1, hpfac                                                                  
 1.0    1.0    10.0   5.0         hlatex(1,im),im=1,nmodes                                                                        
  1   1   0.10  0.50              isectw,itwinlaw,thres1,thres2                                                                   
                                                                                                                                 
**** END OF CRYSTAL DATA FILE ****


 CHECKING THAT CELCC*SELCC-ID6=0   0.2297933E-15
 *********** PHASE   1
 RANDOM PX BULK & POISSON MODULI   95388.889       0.330
 RANDOM PX ELASTIC CTES C11, C12, C44  144073.333   71046.667   36513.333

 INSIDE SUBROUTINE DATA_CRYSTAL
 SHEAR MODULUS FOR MODE  1 IN PHASE  1 IS   35500.000
 N & B FOR MODE  1 IN PHASE  1
     0.866     0.500     0.000       -0.500     0.866     0.000
     0.000    -1.000     0.000        1.000     0.000     0.000
    -0.866     0.500     0.000       -0.500    -0.866     0.000
 SHEAR MODULUS FOR MODE  2 IN PHASE  1 IS   40331.548
 N & B FOR MODE  2 IN PHASE  1
     0.761     0.439     0.477       -0.266    -0.460     0.847
     0.761     0.439     0.477       -0.531     0.000     0.847
     0.000    -0.879     0.477        0.266     0.460     0.847
     0.000    -0.879     0.477       -0.266     0.460     0.847
    -0.761     0.439     0.477        0.531     0.000     0.847
    -0.761     0.439     0.477        0.266    -0.460     0.847
    -0.761    -0.439     0.477        0.531     0.000     0.847
    -0.761    -0.439     0.477        0.266     0.460     0.847
     0.000     0.879     0.477       -0.266    -0.460     0.847
     0.000     0.879     0.477        0.266    -0.460     0.847
     0.761    -0.439     0.477       -0.531     0.000     0.847
     0.761    -0.439     0.477       -0.266     0.460     0.847
 SHEAR MODULUS FOR MODE  3 IN PHASE  1 IS   44315.532
 N & B FOR MODE  3 IN PHASE  1
     0.586     0.339     0.736       -0.637    -0.368     0.677
     0.000     0.677     0.736        0.000    -0.736     0.677
    -0.586     0.339     0.736        0.637    -0.368     0.677
    -0.586    -0.339     0.736        0.637     0.368     0.677
     0.000    -0.677     0.736        0.000     0.736     0.677
     0.586    -0.339     0.736       -0.637     0.368     0.677
 SHEAR MODULUS FOR MODE  4 IN PHASE  1 IS   42070.802
 N & B FOR MODE  4 IN PHASE  1
     0.847     0.000     0.531        0.531     0.000    -0.847
     0.424     0.734     0.531        0.266     0.460    -0.847
    -0.424     0.734     0.531       -0.266     0.460    -0.847
    -0.847     0.000     0.531       -0.531     0.000    -0.847
    -0.424    -0.734     0.531       -0.266    -0.460    -0.847
     0.424    -0.734     0.531        0.266    -0.460    -0.847

 **** CRYST TEXTURE (FIRST FEW LINES) ****
axes of the ellipsoid                                                                                                             
  1.0  1.0  1.0                                                                                                                   
random texture generated by RANDTEXT.FOR (23/01/97)                                                                               
B  1000   0                                                                                                                       
    102.74    119.56     33.65  1.0                                                                                               
    219.06     36.21     70.51  1.0                                                                                               
    166.66     28.59     45.80  1.0                                                                                               
    149.74     86.13     38.68  1.0                                                                                               
    143.88     72.50      9.75  1.0                                                                                               
     27.71      7.88    225.69  1.0                                                                                               
     10.26     81.59    324.82  1.0                                                                                               
    213.21    156.91    352.41  1.0                                                                                               
    313.75     60.06    131.59  1.0                                                                                               
    283.74    137.64    213.65  1.0                                                                                               
    329.59    158.18    298.33  1.0                                                                                               
     61.37    171.68    104.65  1.0                                                                                               
     44.90     68.33     40.28  1.0                                                                                               
     29.40    114.77    163.14  1.0                                                                                               
     56.39    115.89    341.90  1.0                                                                                               
    271.21     76.66    171.67  1.0                                                                                               
    .........................
 **** END OF CRYST TEXTURE DATA FILE ****


*** RUNNING INTERACTION NEFF=    0.00


 UB THERMAL TENSOR (VOIGT NOTATION)
  0.7283E-05  0.7348E-05  0.7222E-05  0.6385E-08  0.4312E-07  0.1074E-08

 UB ELASTIC STIFFNESS (VOIGT NOTATION)
  0.1442E+06  0.7105E+05  0.7094E+05 -0.7235E+02  0.3469E+02  0.1698E+03
  0.7105E+05  0.1441E+06  0.7120E+05  0.4473E+02  0.5394E+02 -0.9829E+02
  0.7094E+05  0.7120E+05  0.1439E+06  0.4284E+02  0.1450E+02 -0.6918E+02
 -0.7235E+02  0.4473E+02  0.4284E+02  0.3667E+05 -0.6857E+02  0.8062E+02
  0.3469E+02  0.5394E+02  0.1450E+02 -0.6857E+02  0.3637E+05 -0.6842E+02
  0.1698E+03 -0.9829E+02 -0.6918E+02  0.8062E+02 -0.6842E+02  0.3656E+05

 LB THERMAL TENSOR (VOIGT NOTATION)
  0.7232E-05  0.7282E-05  0.7185E-05  0.4893E-08  0.3317E-07  0.7562E-09

 LB ELASTIC STIFFNESS (VOIGT NOTATION)
  0.1430E+06  0.7140E+05  0.7128E+05 -0.6145E+02  0.2172E+02  0.1458E+03
  0.7140E+05  0.1429E+06  0.7151E+05  0.3716E+02  0.5127E+02 -0.8466E+02
  0.7128E+05  0.7151E+05  0.1428E+06  0.3570E+02  0.4688E+01 -0.5948E+02
 -0.6145E+02  0.3716E+02  0.3570E+02  0.3590E+05 -0.5911E+02  0.6287E+02
  0.2172E+02  0.5127E+02  0.4688E+01 -0.5911E+02  0.3565E+05 -0.5965E+02
  0.1458E+03 -0.8466E+02 -0.5948E+02  0.6287E+02 -0.5965E+02  0.3580E+05


*** LOAD CONDITIONS FOR THIS RUN
   15   1   0.01    298  298          nsteps   ictrl   eqincr   temp_i   temp_f                                                   
* boundary conditions                                                                                                             
    1       1       1           iudot     |    flag for vel.grad.                                                                 
    1       0       1                     |    (0:unknown-1:known)                                                                
    1       1       0                     |                                                                                       
                                          |                                                                                       
   -0.001   0.      0.          udot      |    vel.grad                                                                           
    0.      0.0008  0.                    |                                                                                       
    0.      0.      0.0002                |                                                                                       
                                          |                                                                                       
    0       0        0           iscau    |    flag for Cauchy                                                                    
            1        0                    |                                                                                       
                     1                    |                                                                                       
                                          |                                                                                       
    0.      0.       0.          scauchy  |    Cauchy stress                                                                      
            0.       0.                   |                                                                                       
                     0.                   @                                                                                       

*******   STEP   1      *** AFFINE CALCULATION                 
   19   0.867E-03   0.515E-04   0.785E-04

*******   STEP   2      *** AFFINE CALCULATION                 
   15   0.738E-03   0.643E-04   0.190E-03

*******   STEP   3      *** AFFINE CALCULATION                 
   12   0.872E-03   0.223E-03   0.725E-03

*******   STEP   4      *** AFFINE CALCULATION                 
   10   0.329E-03   0.209E-03   0.694E-03

*******   STEP   5      *** AFFINE CALCULATION                 
   16   0.448E-03   0.167E-04   0.542E-04

*******   STEP   6      *** AFFINE CALCULATION                 
   13   0.561E-03   0.650E-05   0.107E-04

*******   STEP   7      *** AFFINE CALCULATION                 
   12   0.226E-03   0.212E-03   0.825E-03

*******   STEP   8      *** AFFINE CALCULATION                 
    6   0.455E-03   0.118E-03   0.181E-03

*******   STEP   9      *** AFFINE CALCULATION                 
    6   0.555E-03   0.289E-03   0.890E-03

*******   STEP  10      *** AFFINE CALCULATION                 
   10   0.688E-03   0.995E-04   0.446E-03

*******   STEP  11      *** AFFINE CALCULATION                 
   11   0.416E-03   0.130E-03   0.618E-03

*******   STEP  12      *** AFFINE CALCULATION                 
   12   0.265E-03   0.131E-03   0.649E-03

*******   STEP  13      *** AFFINE CALCULATION                 
   15   0.358E-03   0.169E-03   0.865E-03

*******   STEP  14      *** AFFINE CALCULATION                 
    7   0.241E-03   0.138E-03   0.702E-03

*******   STEP  15      *** AFFINE CALCULATION                 
    7   0.246E-03   0.142E-03   0.714E-03

*******   STEP  16      *** AFFINE CALCULATION                 
    7   0.240E-03   0.878E-04   0.446E-03

 TIME ELAPSED   16.83secs
