TEXTURE AT STRAIN =    0.1500
   1.068   1.073   0.872  <-- length of average ellipsoid axes for phase
   90.01   90.07   -2.36  <-- Euler angles of average ellipsoid axes for phase
B      1000
 -114.36  169.51   -1.92   0.0010000
 -133.86   37.65   69.83   0.0010000
  -85.30   82.30  147.45   0.0010000
  148.02   86.69   44.39   0.0010000
  144.59   72.50   10.25   0.0010000
   49.81   14.57 -159.27   0.0010000
   18.13   82.67  -40.43   0.0010000
 -131.31  153.69    1.02   0.0010000
  -43.62   59.07  136.14   0.0010000
  -75.12  140.74 -139.80   0.0010000
  -45.16  152.97  -78.96   0.0010000
   67.49  164.00  115.38   0.0010000
   41.54   67.24   41.55   0.0010000
   32.94  114.02  164.19   0.0010000
   51.86  119.12  -22.94   0.0010000
 -143.51   24.50   31.09   0.0010000
  100.59   19.00 -156.54   0.0010000
 -151.49   22.31   85.21   0.0010000
 -113.09   11.13 -133.58   0.0010000
  -90.23   32.48  169.08   0.0010000
 -138.33  121.84  -27.85   0.0010000
   31.56  141.64  -96.17   0.0010000
  -80.87   22.54   51.31   0.0010000
 -163.46   28.55 -146.06   0.0010000
  136.47   86.73   61.04   0.0010000
  169.25  143.47  164.61   0.0010000
    4.30  109.27  116.30   0.0010000
  -21.34   56.79 -176.96   0.0010000
  -23.76   73.67   68.10   0.0010000
  -35.13  129.40  -30.04   0.0010000
 -168.82   79.24 -124.15   0.0010000
  -80.64   88.72 -164.41   0.0010000
  165.60  126.32  107.17   0.0010000
  -27.35   17.14   25.40   0.0010000
  -40.80  133.70 -136.54   0.0010000
   31.50   60.88 -121.18   0.0010000
   29.54  141.15 -135.76   0.0010000
 -114.44   49.57 -175.15   0.0010000
  166.52   93.78  -68.15   0.0010000
   31.51   73.02   82.30   0.0010000
 -120.23  136.15   59.84   0.0010000
 -175.53   52.71 -118.62   0.0010000
  158.50   68.20 -164.95   0.0010000
  -55.36   45.78  124.43   0.0010000
  156.65   57.07 -100.81   0.0010000
 -150.42   89.45 -132.66   0.0010000
  -84.08   42.62   10.31   0.0010000
  137.82   76.25  131.05   0.0010000
  -36.74   49.97 -163.60   0.0010000
  -58.14   40.29 -179.13   0.0010000
  -70.99   30.89  -67.15   0.0010000
    9.43  113.47    0.01   0.0010000
   36.73  115.37 -138.86   0.0010000
  -85.15   86.90 -142.90   0.0010000
   69.35   51.00 -130.35   0.0010000
   27.22  163.72  -87.74   0.0010000
  -12.11  145.34   47.19   0.0010000
  -12.41   40.84   19.44   0.0010000
   96.71   87.35    2.53   0.0010000
   42.06   88.86  112.24   0.0010000
  -93.94   89.65   70.28   0.0010000
  -21.72  109.76  157.71   0.0010000
 -162.85   17.88   96.94   0.0010000
  147.08  161.25  -84.14   0.0010000
  -48.32   75.48 -138.47   0.0010000
  159.32   62.37 -132.13   0.0010000
  -82.37   85.09  -28.51   0.0010000
   39.58  124.36 -145.12   0.0010000
 -131.02   40.47   83.78   0.0010000
 -133.59   63.83 -144.45   0.0010000
   30.56   80.15   27.40   0.0010000
  -12.49  107.60  168.00   0.0010000
   98.51   24.21  148.29   0.0010000
  172.27   94.38  122.26   0.0010000
   60.95  156.75  125.46   0.0010000
  -68.87  159.90    9.14   0.0010000
  -32.00  142.91 -174.49   0.0010000
  151.03   44.03   59.23   0.0010000
  136.76   62.41   83.14   0.0010000
   16.81  143.23   60.79   0.0010000
  165.70   61.94  177.12   0.0010000
   68.17   24.89  175.62   0.0010000
  -64.31  148.87  106.05   0.0010000
  -47.14  114.66 -158.92   0.0010000
  -93.77   91.18   -3.40   0.0010000
  152.36   68.15 -171.70   0.0010000
  167.96   84.17  133.34   0.0010000
  -13.26   81.51  -62.58   0.0010000
   23.40  117.64   63.13   0.0010000
   23.62   75.41  -56.66   0.0010000
  156.86   34.49   12.50   0.0010000
  104.99   29.98   11.02   0.0010000
  161.26   41.53  -49.13   0.0010000
   40.27  132.42 -129.28   0.0010000
  -46.59  100.76   -5.90   0.0010000
   77.81  100.64  -30.56   0.0010000
  115.94  139.58  123.85   0.0010000
   19.17   32.31  158.48   0.0010000
  178.00  147.99 -176.24   0.0010000
 -167.03   85.28   66.50   0.0010000
   -6.58   45.73 -172.63   0.0010000
   83.15   78.64  -81.62   0.0010000
  137.67   55.07   25.74   0.0010000
  149.48  134.55  107.37   0.0010000
   37.11   96.66   81.53   0.0010000
 -168.14   81.07  122.89   0.0010000
   59.24   28.26    3.40   0.0010000
  -38.71   52.70  139.85   0.0010000
   13.75  118.27 -119.00   0.0010000
  -25.51   84.25 -119.22   0.0010000
   66.05  108.19   32.38   0.0010000
   61.47  123.82   63.80   0.0010000
   10.41  143.07   17.18   0.0010000
 -138.53   61.97 -147.58   0.0010000
 -165.44  134.93  126.56   0.0010000
  133.63  129.01  -33.33   0.0010000
  -63.33    4.85   -4.06   0.0010000
  -62.48   39.89  -59.05   0.0010000
 -146.61  116.26   12.73   0.0010000
  -70.70  105.70   96.44   0.0010000
  -70.97   86.04 -138.15   0.0010000
  -76.86   89.88  -97.51   0.0010000
   60.83   48.01 -175.87   0.0010000
   84.34   10.98  151.06   0.0010000
  110.24   84.95  148.68   0.0010000
   70.86  140.88    4.69   0.0010000
   79.43   25.26  100.58   0.0010000
  112.51   68.79  103.26   0.0010000
   77.75   58.62  136.55   0.0010000
   69.46   89.32  158.27   0.0010000
  -91.66   63.88 -132.73   0.0010000
  163.87   98.51  -64.57   0.0010000
   38.55   99.88 -106.53   0.0010000
  -75.84   44.42  -73.87   0.0010000
  116.02   76.55   -9.82   0.0010000
  114.67  175.65   -6.65   0.0010000
   75.26    9.26  108.84   0.0010000
 -108.16   94.71  -38.06   0.0010000
  -11.05   70.11 -179.30   0.0010000
   38.26  124.03  154.14   0.0010000
  -64.40  147.36  116.45   0.0010000
  118.22  138.83  109.61   0.0010000
   91.65   93.98  -63.80   0.0010000
   69.15   30.71   63.94   0.0010000
 -151.05  111.74   79.27   0.0010000
  144.04  110.12   41.87   0.0010000
  140.53   55.76  107.65   0.0010000
  158.44   98.78  -63.63   0.0010000
   31.12   91.83  -90.87   0.0010000
  152.80   20.01  -97.70   0.0010000
   85.32  114.52  166.82   0.0010000
  -46.52  116.43  -35.91   0.0010000
  -19.88   38.95 -107.18   0.0010000
  168.73   82.45 -108.31   0.0010000
 -152.47   40.49   96.21   0.0010000
 -102.24  110.74   94.84   0.0010000
 -118.67  138.37  -71.57   0.0010000
 -115.61  110.79   76.30   0.0010000
 -109.99  106.83  -84.18   0.0010000
  -96.49   85.05   28.99   0.0010000
   31.07  121.55   75.15   0.0010000
  125.70   46.11  172.91   0.0010000
  163.58  127.13  172.14   0.0010000
 -138.30  131.28 -141.75   0.0010000
    8.52   27.50  -65.52   0.0010000
   46.16  118.73   36.71   0.0010000
  102.66   67.70 -158.73   0.0010000
 -119.70   81.35 -171.32   0.0010000
  166.60   95.12   -1.74   0.0010000
  121.85   57.70  153.18   0.0010000
  -33.84  106.38 -123.32   0.0010000
  100.95  109.11  -73.27   0.0010000
   64.88   79.60   98.80   0.0010000
 -163.66  118.02  132.23   0.0010000
 -100.32  138.37   14.57   0.0010000
  144.28   95.46  -39.68   0.0010000
  -97.15  109.63   -6.50   0.0010000
   82.32  120.71  -73.59   0.0010000
  172.85   96.94  109.28   0.0010000
 -165.62   48.93   45.51   0.0010000
   60.73   99.38 -135.51   0.0010000
 -178.23   78.10   -0.14   0.0010000
 -137.24  121.97   98.82   0.0010000
  148.54   21.45  147.13   0.0010000
  125.95  121.17  128.48   0.0010000
  131.72   47.50   19.58   0.0010000
 -104.22  102.82    4.12   0.0010000
   36.23  107.79   68.34   0.0010000
  107.93   90.54   18.21   0.0010000
  145.46   80.22  -61.59   0.0010000
 -144.68   61.29  -75.27   0.0010000
  144.08   53.09  -45.85   0.0010000
  -61.20  136.60  -29.94   0.0010000
  -16.55   69.60 -111.29   0.0010000
   10.81   65.29  -56.67   0.0010000
   -2.31  149.46  122.07   0.0010000
 -104.44   96.07   98.88   0.0010000
 -106.82   98.43  128.72   0.0010000
   62.89  144.17 -156.91   0.0010000
 -110.13   45.95    9.61   0.0010000
   98.86  147.16  169.96   0.0010000
  -70.65   90.44  172.73   0.0010000
   28.75  105.80 -121.21   0.0010000
  133.06   16.86   50.39   0.0010000
  -32.60  105.99  -10.00   0.0010000
   41.01   78.77  -62.89   0.0010000
 -105.35  107.92  -90.20   0.0010000
  166.47  152.64  106.17   0.0010000
  -94.58   65.87   53.70   0.0010000
  -68.80  132.91  -56.44   0.0010000
  -80.02   46.67 -105.04   0.0010000
   93.23   74.63  -91.41   0.0010000
   73.52  107.29  157.54   0.0010000
   28.25   81.79  173.69   0.0010000
  -60.64   82.27  -52.43   0.0010000
  166.23   84.01  121.57   0.0010000
  -74.78  106.63    8.09   0.0010000
  -76.45   95.21   94.34   0.0010000
  -76.78   75.81   47.77   0.0010000
 -152.68   66.90  171.31   0.0010000
   81.51  147.85  -36.64   0.0010000
  107.91   74.71 -145.62   0.0010000
  110.29  104.07   51.73   0.0010000
  -47.76  135.87  -54.86   0.0010000
  -40.69   82.67  177.44   0.0010000
  138.05   74.83 -158.40   0.0010000
   79.36  117.85   64.76   0.0010000
   68.03  105.00 -165.85   0.0010000
 -124.23   38.68 -157.51   0.0010000
 -147.80   87.94  -91.54   0.0010000
  107.12   67.95  179.09   0.0010000
   75.51  106.98 -160.54   0.0010000
 -105.73   88.58  -13.23   0.0010000
  136.68   57.13   66.66   0.0010000
  -83.15   88.84   27.77   0.0010000
  111.81  108.51  -96.48   0.0010000
 -100.41  111.40  103.02   0.0010000
  102.43   67.74  111.76   0.0010000
  104.99   77.29 -141.57   0.0010000
 -138.17   89.13 -173.74   0.0010000
  -77.32   60.24 -133.80   0.0010000
   47.85   48.30  -93.07   0.0010000
 -117.78  104.15  150.95   0.0010000
   81.79  109.30 -132.65   0.0010000
  -34.33   79.23  -98.95   0.0010000
   27.50  144.41  -41.79   0.0010000
  162.36  119.39   -5.82   0.0010000
  103.26  140.17 -140.90   0.0010000
  -67.22  111.20   96.85   0.0010000
   65.89   75.16  -84.95   0.0010000
  114.62   93.68  -55.74   0.0010000
 -164.57   56.58   52.11   0.0010000
  -73.41  100.25  157.61   0.0010000
  -39.01   60.38 -176.67   0.0010000
 -108.75   68.60   17.21   0.0010000
 -118.30   89.88  155.94   0.0010000
  -91.80  141.19 -177.81   0.0010000
  -65.69   94.02 -167.90   0.0010000
 -109.18  115.16   34.80   0.0010000
 -166.19  110.05   69.15   0.0010000
  154.65   39.17   72.38   0.0010000
  -30.57   49.40   80.82   0.0010000
   80.86  107.36  -33.33   0.0010000
 -112.80   82.31 -140.00   0.0010000
 -114.18  145.16  174.17   0.0010000
  107.75   63.17   34.70   0.0010000
   83.37  100.21  -87.44   0.0010000
   73.31  112.38   -3.12   0.0010000
 -149.60   91.61  -56.65   0.0010000
  -51.45  109.82 -112.89   0.0010000
  -43.20  112.92  135.88   0.0010000
   80.74  109.90  -28.18   0.0010000
  152.01  149.88   44.10   0.0010000
  107.49  110.50  -89.82   0.0010000
 -115.60   88.34  103.94   0.0010000
   70.42   67.36  133.01   0.0010000
 -117.88  132.99  -11.89   0.0010000
  103.84   69.10 -177.09   0.0010000
 -100.26  110.27   94.96   0.0010000
   46.74  122.40   39.67   0.0010000
 -117.84  131.67  -59.95   0.0010000
 -121.98  103.30  125.82   0.0010000
 -111.86  140.57 -143.93   0.0010000
  -70.07   94.65 -123.17   0.0010000
  104.15  103.70 -103.80   0.0010000
  -61.95   92.56  -11.54   0.0010000
   51.05  123.77   94.73   0.0010000
  145.35   78.43   61.61   0.0010000
  -34.87  109.79 -143.74   0.0010000
  110.07   27.38  127.33   0.0010000
  -67.45  135.41   64.23   0.0010000
  -88.22   89.10   17.60   0.0010000
  107.93   64.97  161.52   0.0010000
  -65.71   47.91    1.53   0.0010000
  -64.69   99.79 -132.65   0.0010000
   63.25   94.61  -62.88   0.0010000
  139.95  107.51 -143.15   0.0010000
  115.42   92.64  -64.22   0.0010000
   81.15  108.44 -158.45   0.0010000
  118.08   99.57  -74.16   0.0010000
  -83.75   58.97 -116.57   0.0010000
  -78.22   71.44   25.41   0.0010000
  108.90   74.10  140.97   0.0010000
   97.88  118.92  120.59   0.0010000
  136.99  145.40 -160.45   0.0010000
  -37.05   91.64 -118.60   0.0010000
   17.94   86.91   -5.63   0.0010000
 -103.04  113.17 -167.50   0.0010000
  -99.35  103.80   44.91   0.0010000
 -100.52  157.11  -95.43   0.0010000
  -70.51  106.81 -125.46   0.0010000
   24.34  135.33    8.50   0.0010000
   70.83   62.92   20.81   0.0010000
  108.66   93.84  -72.70   0.0010000
 -120.02   40.93 -171.14   0.0010000
   77.87   64.91  168.52   0.0010000
   75.50  114.26  -95.79   0.0010000
  -70.63   69.25   27.23   0.0010000
   18.79   66.48    0.40   0.0010000
   98.39   74.28 -152.13   0.0010000
  -71.81   82.36  149.33   0.0010000
 -101.92  117.57 -109.33   0.0010000
  -35.92   84.61  162.76   0.0010000
  105.50  135.85 -135.68   0.0010000
  112.73   80.10 -101.54   0.0010000
  -34.71   88.20 -106.52   0.0010000
  109.90  115.06   25.35   0.0010000
  -71.51   86.04 -169.83   0.0010000
  -94.68   67.26  -29.64   0.0010000
  -93.23   94.83 -158.43   0.0010000
   13.80   95.21 -112.90   0.0010000
   40.29   98.05  -90.55   0.0010000
  -72.81  108.95   57.62   0.0010000
 -116.11   39.69    0.03   0.0010000
  -60.62   81.48 -119.05   0.0010000
 -104.20  111.97  117.33   0.0010000
  117.04  103.59   32.39   0.0010000
  -66.36   88.87   75.71   0.0010000
   77.08  119.06  107.21   0.0010000
  -90.17   99.61  171.06   0.0010000
 -116.79   74.68   85.05   0.0010000
   74.37   72.56 -171.60   0.0010000
   89.75   43.94   59.48   0.0010000
  -62.76   74.02  144.92   0.0010000
  -79.20  119.34  126.60   0.0010000
  -89.26   96.83   76.19   0.0010000
  -67.42  102.50   84.35   0.0010000
  117.62   78.03  147.85   0.0010000
   50.64   55.29 -150.77   0.0010000
 -143.41  119.22   33.06   0.0010000
  132.67  134.16 -105.34   0.0010000
   94.55  114.22   38.26   0.0010000
   68.24  102.78    8.76   0.0010000
 -114.88  104.50   59.10   0.0010000
  -94.48   72.35 -104.65   0.0010000
   98.97  117.57  150.56   0.0010000
  -85.43  105.28  136.78   0.0010000
  149.36   30.63  -26.25   0.0010000
 -145.10   99.80   36.22   0.0010000
 -106.92   32.30 -130.55   0.0010000
 -115.00   78.05  -92.41   0.0010000
   14.80  129.73  -62.04   0.0010000
  -89.20  118.75   65.56   0.0010000
   93.74  116.41   59.95   0.0010000
  136.50   59.32 -158.99   0.0010000
  -66.84  104.03  -85.22   0.0010000
  -69.50   63.07   90.09   0.0010000
   81.06   61.04  172.24   0.0010000
   65.12   90.73  -76.45   0.0010000
  -44.49  102.34 -175.58   0.0010000
  -83.53  116.39  -81.97   0.0010000
  121.68   47.15  162.52   0.0010000
 -122.16   53.45  -52.28   0.0010000
   88.43   67.01  -51.91   0.0010000
  -87.28   86.41   50.00   0.0010000
   75.75  114.74  -59.89   0.0010000
   74.33  114.43 -121.28   0.0010000
   97.45   69.84   53.64   0.0010000
   72.05   33.94  -66.57   0.0010000
  -40.90   60.34   79.91   0.0010000
  -62.38   81.57 -121.12   0.0010000
 -104.89  112.44 -139.53   0.0010000
  110.41   89.08  -85.91   0.0010000
  113.78  110.15  -32.44   0.0010000
   64.98  163.62  -52.44   0.0010000
   34.10   92.33  178.90   0.0010000
  -79.89   70.83  138.76   0.0010000
  -62.69   19.01 -173.35   0.0010000
  -82.09  109.26   25.46   0.0010000
   92.37   62.67  147.57   0.0010000
 -122.74   85.98   37.20   0.0010000
  136.28   92.35  -62.68   0.0010000
  -89.12   68.10  -99.21   0.0010000
  134.23   47.91  151.35   0.0010000
   36.65   78.73   70.37   0.0010000
   85.05  107.31  -23.28   0.0010000
  -91.39  141.83  -78.99   0.0010000
   68.30   70.36  133.00   0.0010000
   89.34   42.48   28.84   0.0010000
  115.50   75.98 -103.73   0.0010000
  -60.40   72.45 -138.95   0.0010000
 -123.11   39.64   85.90   0.0010000
  107.53   76.88 -156.22   0.0010000
   69.78   61.35  -73.88   0.0010000
  -29.13   41.43   80.80   0.0010000
 -147.33   99.04  -50.78   0.0010000
  101.18   84.45   54.76   0.0010000
 -129.09  126.13 -164.48   0.0010000
  160.25   59.07   19.48   0.0010000
   66.02   72.72 -129.65   0.0010000
  104.51  115.17 -164.13   0.0010000
  -72.56  115.71  -72.28   0.0010000
  -41.08   69.89 -109.72   0.0010000
  -85.73   76.62   90.58   0.0010000
  -79.40  117.52 -135.00   0.0010000
   74.66  102.42   -5.35   0.0010000
  111.58  112.57  131.81   0.0010000
   17.74   64.57    0.24   0.0010000
 -105.13   96.01  -17.48   0.0010000
 -120.12   90.38  -56.98   0.0010000
   74.81  138.67  142.54   0.0010000
  -97.11  118.08 -158.34   0.0010000
  -90.28   80.91   -7.61   0.0010000
 -121.15   98.04  140.38   0.0010000
   97.60   62.17  177.70   0.0010000
 -110.67   69.88  142.26   0.0010000
   97.65  114.23  106.47   0.0010000
   93.45  111.78   60.89   0.0010000
   76.37  112.98  109.21   0.0010000
  -86.12   77.57 -124.94   0.0010000
 -103.77   80.64  -56.84   0.0010000
  -17.62   51.41   77.71   0.0010000
  -99.89   99.33   82.18   0.0010000
  -88.49   37.82  -92.70   0.0010000
 -113.26   84.04  167.04   0.0010000
 -110.85   83.64  173.11   0.0010000
   59.90   52.01  132.00   0.0010000
   96.11   66.02  -97.26   0.0010000
  122.53   14.98  126.09   0.0010000
 -147.40   85.38    8.45   0.0010000
 -119.77   85.44 -131.48   0.0010000
  -18.78  127.31  116.17   0.0010000
   94.02   77.81 -160.11   0.0010000
   78.12   60.10  -65.09   0.0010000
 -111.93   97.85 -117.28   0.0010000
  -84.72  142.98  109.00   0.0010000
   12.79   69.19  -63.33   0.0010000
 -108.24  110.97  149.50   0.0010000
   99.88  110.16 -130.21   0.0010000
  133.67   43.57   94.82   0.0010000
  112.35  156.73   57.26   0.0010000
  116.15  108.40   87.95   0.0010000
  -83.23   61.55   83.92   0.0010000
 -160.55  128.31 -161.38   0.0010000
   59.00   76.30  157.30   0.0010000
  129.41  122.88 -110.52   0.0010000
   38.02   21.46   14.61   0.0010000
  -63.18   83.33   72.63   0.0010000
 -115.20  108.67 -100.10   0.0010000
  -73.63  107.40 -175.83   0.0010000
   32.10   97.05  124.23   0.0010000
   88.26   60.12  -71.53   0.0010000
   57.50   17.02    5.69   0.0010000
   64.49   79.07 -100.52   0.0010000
   50.58   49.60  111.60   0.0010000
  -35.80   34.72   37.58   0.0010000
   65.94   82.93  171.91   0.0010000
   21.44   71.89  -60.60   0.0010000
   93.84   62.90  101.95   0.0010000
  -67.19   93.55  -82.68   0.0010000
 -120.26  137.63  -35.48   0.0010000
  -70.17   81.79 -163.45   0.0010000
   64.28   96.29  122.18   0.0010000
  -12.09   91.13   45.01   0.0010000
 -136.15  111.38  -67.46   0.0010000
 -108.97   93.37 -157.99   0.0010000
  -86.62  141.23   23.00   0.0010000
  -80.14  110.77    2.96   0.0010000
 -111.58  145.31  -36.18   0.0010000
  116.96  107.33   80.22   0.0010000
 -150.65   29.85 -150.20   0.0010000
   34.86   80.64   -0.38   0.0010000
  100.95  118.73   10.24   0.0010000
  -90.28   65.05  -94.59   0.0010000
  -60.58   76.57 -111.66   0.0010000
  -82.14   62.16  135.05   0.0010000
  -96.48   39.20  126.71   0.0010000
  118.14   87.27  -85.33   0.0010000
 -109.34   73.98 -149.47   0.0010000
  -73.13   98.46  162.03   0.0010000
  161.61  106.50  166.83   0.0010000
 -138.29   69.70   89.48   0.0010000
   45.53   53.76   85.93   0.0010000
 -107.95   86.52 -136.23   0.0010000
  103.43   71.33  147.97   0.0010000
  -53.81  125.96    8.96   0.0010000
 -112.50  104.40  -78.91   0.0010000
  -73.15  113.76 -177.65   0.0010000
   76.17   67.45 -120.57   0.0010000
  -91.65   64.13  -96.46   0.0010000
 -145.84   81.38  -91.75   0.0010000
  -76.57  112.46  -67.15   0.0010000
  120.51  153.11  126.95   0.0010000
  -63.78  113.10   36.51   0.0010000
 -115.36  112.13   12.68   0.0010000
 -160.71  110.88   72.99   0.0010000
 -110.77   87.76  -68.08   0.0010000
  -62.25  103.58 -157.64   0.0010000
  116.41   40.75  -76.93   0.0010000
 -107.77  104.79  -16.67   0.0010000
   79.86  110.40 -138.51   0.0010000
  100.77  116.27   56.76   0.0010000
  -47.09   59.96 -131.96   0.0010000
  -51.41  133.62   11.18   0.0010000
 -154.33   42.83  159.31   0.0010000
   83.71   69.79 -171.30   0.0010000
   19.82   33.16   55.32   0.0010000
  -27.20   34.62   88.95   0.0010000
  -21.31  128.31 -151.67   0.0010000
 -121.32   94.57  162.63   0.0010000
   83.73   65.09  -18.78   0.0010000
  130.83   22.88  -12.55   0.0010000
 -112.34   63.71  -43.36   0.0010000
   37.76  125.07   30.89   0.0010000
 -158.37  131.51   18.47   0.0010000
   60.88   83.97  -87.49   0.0010000
 -134.77  128.76  158.00   0.0010000
  -69.30  104.84  -98.50   0.0010000
   84.00   33.36  -26.97   0.0010000
 -170.73   68.26  115.94   0.0010000
   22.08   44.61   95.41   0.0010000
  -75.74  111.61  -86.47   0.0010000
  -61.46  107.14  167.56   0.0010000
  -18.87   21.62  -42.62   0.0010000
   61.31   67.93 -110.83   0.0010000
 -138.00  128.68  141.36   0.0010000
   23.73   50.65   46.17   0.0010000
  158.61  142.86  -65.43   0.0010000
   70.97  106.43  -24.44   0.0010000
 -148.87  105.79   63.12   0.0010000
  -64.82   79.85   29.92   0.0010000
 -155.91  100.73    4.63   0.0010000
 -100.72  114.80  -13.12   0.0010000
  -87.57  112.56 -131.25   0.0010000
   67.38  142.18   68.53   0.0010000
   20.35   75.58   53.97   0.0010000
  102.04  108.61 -176.86   0.0010000
   34.78  110.21   24.85   0.0010000
   62.43  113.19   21.44   0.0010000
   92.24   63.73   94.09   0.0010000
   65.71   36.97 -111.21   0.0010000
  -32.05   46.12  -88.60   0.0010000
 -113.37  105.34  -90.63   0.0010000
  -40.94   86.40  -47.56   0.0010000
  -78.82   61.92   22.61   0.0010000
  100.93  108.90   31.46   0.0010000
   25.97  153.11  -45.79   0.0010000
   13.87   68.17  -66.11   0.0010000
   67.40   96.33   87.18   0.0010000
  -62.58   93.45  -50.72   0.0010000
   20.74   66.61  -67.75   0.0010000
  -41.42  123.55  167.64   0.0010000
   68.20   82.85   81.55   0.0010000
  120.37   94.59   95.06   0.0010000
  -55.19  101.43  -91.11   0.0010000
  160.18   54.86    3.76   0.0010000
 -111.39   98.12   81.35   0.0010000
   21.74   56.94  168.94   0.0010000
 -144.42   71.41   57.17   0.0010000
 -123.24   12.83  172.76   0.0010000
 -123.73  138.50  -11.34   0.0010000
 -122.16   84.03 -146.96   0.0010000
  -56.72   17.66   61.56   0.0010000
 -142.82  157.75 -137.73   0.0010000
  -33.85   97.19  172.70   0.0010000
  114.70   73.32 -164.33   0.0010000
 -156.36  105.24  123.05   0.0010000
  -79.67  115.87   79.58   0.0010000
  106.64   63.75 -117.22   0.0010000
   91.44   14.17 -102.66   0.0010000
  -66.68   75.77 -100.39   0.0010000
   54.63   87.60  -23.26   0.0010000
   52.53   52.90   24.09   0.0010000
 -101.24  113.58   14.49   0.0010000
  140.66   97.55  165.62   0.0010000
 -116.24   78.41   95.95   0.0010000
   93.96   66.75  -12.41   0.0010000
   97.34  119.16   -1.95   0.0010000
  -67.42   76.48  120.62   0.0010000
  120.01   85.35   93.41   0.0010000
  169.10   88.35   72.75   0.0010000
   42.81   61.87   37.18   0.0010000
   61.89   84.05 -129.86   0.0010000
 -100.31   60.96  -10.69   0.0010000
  -64.86   81.29  -33.93   0.0010000
  -25.23   61.89 -107.64   0.0010000
  168.07   82.00  -10.57   0.0010000
   96.20  117.25  -71.81   0.0010000
   50.94  149.35   46.60   0.0010000
  111.08  142.61   -5.05   0.0010000
  -39.88    6.17   -7.50   0.0010000
  -21.39   88.70  176.98   0.0010000
   21.42  151.50 -118.49   0.0010000
 -159.88   98.87 -114.31   0.0010000
 -103.43   67.69   -8.51   0.0010000
 -157.36   77.51  175.08   0.0010000
   95.46  119.92  -57.93   0.0010000
   60.65  108.58 -138.17   0.0010000
  110.42   69.29   89.70   0.0010000
   78.99   62.58  167.43   0.0010000
  -96.12   58.91 -161.18   0.0010000
  -79.79  120.02 -116.70   0.0010000
  -89.08  122.86  -14.15   0.0010000
  -67.48   41.11 -122.46   0.0010000
 -170.75  133.76    5.81   0.0010000
   89.30   63.77  -43.92   0.0010000
  171.96   49.50  140.86   0.0010000
  163.16   32.49  -61.60   0.0010000
  -63.00  110.97 -137.87   0.0010000
  159.39   67.07  -58.23   0.0010000
   93.54   61.12    5.33   0.0010000
  -91.60  117.11  -91.76   0.0010000
 -114.72  111.60  -95.50   0.0010000
  -35.03  102.63  171.47   0.0010000
   29.62   82.74  117.83   0.0010000
 -117.87   47.08  142.83   0.0010000
  -51.44  127.57   26.37   0.0010000
  148.03   94.84  -12.94   0.0010000
  115.16   78.47 -153.47   0.0010000
  148.29   76.33 -179.69   0.0010000
 -133.86  151.04   38.01   0.0010000
   61.52   77.80  -92.63   0.0010000
  -94.14  139.90   45.59   0.0010000
  110.18   67.40 -131.74   0.0010000
  -60.10  130.84  154.35   0.0010000
  109.29  106.08  136.91   0.0010000
 -121.35  104.47 -128.15   0.0010000
  -37.09   79.02 -129.28   0.0010000
   30.31   19.62  149.83   0.0010000
  147.25   28.47 -148.78   0.0010000
  157.28  140.15 -145.11   0.0010000
   21.91  123.15  -47.70   0.0010000
   16.54   99.84  114.94   0.0010000
    6.85   55.26   44.05   0.0010000
  -74.22   64.65  -58.62   0.0010000
 -111.88  138.17 -100.11   0.0010000
 -161.02   49.24 -142.16   0.0010000
   59.77   92.97  144.10   0.0010000
  -66.28  109.07  138.27   0.0010000
   39.28  158.37  156.14   0.0010000
  -35.80   35.46   26.47   0.0010000
  168.17  142.49 -177.83   0.0010000
 -157.05   31.40   92.41   0.0010000
   39.36   66.94 -136.61   0.0010000
  106.23  108.47  -97.11   0.0010000
   41.37   14.52  164.35   0.0010000
 -112.87  142.39 -145.58   0.0010000
 -147.64   84.20   -5.51   0.0010000
  -61.35   96.16   61.63   0.0010000
  -89.22   66.62   84.56   0.0010000
  -61.89   73.47  -58.60   0.0010000
  -85.95   66.16  175.95   0.0010000
   11.07   70.07  -64.15   0.0010000
  121.60   86.55  -63.40   0.0010000
   28.62   46.75  -19.97   0.0010000
  118.60  108.47  -50.45   0.0010000
 -141.48   99.99    1.41   0.0010000
  -16.63   54.62   84.29   0.0010000
 -146.66   89.62  117.09   0.0010000
  138.46  118.90  150.11   0.0010000
  -48.53   24.29  -77.66   0.0010000
  137.93   22.10 -149.80   0.0010000
  150.78  137.30  155.25   0.0010000
 -131.53   56.13  158.34   0.0010000
   14.86  116.07  173.98   0.0010000
   31.04   35.38  -83.51   0.0010000
 -170.22   52.76   98.25   0.0010000
   23.63   57.16  116.66   0.0010000
  146.30   17.46  162.56   0.0010000
   63.02   65.41  -22.10   0.0010000
  -68.42   13.55  112.56   0.0010000
   68.68   99.41 -136.73   0.0010000
  -48.04  158.53   10.03   0.0010000
   84.34   64.66   -2.03   0.0010000
 -134.46  130.02  -42.66   0.0010000
  156.56   92.62 -123.63   0.0010000
   61.49  105.76    8.92   0.0010000
   -9.73   59.65   66.35   0.0010000
 -143.93   62.70  -79.70   0.0010000
  141.55   62.10  150.47   0.0010000
  155.13  131.80  -68.03   0.0010000
   69.42   71.83   25.83   0.0010000
  -11.41   83.85  131.05   0.0010000
  131.97   52.52 -150.82   0.0010000
   86.16   37.82   23.30   0.0010000
   51.35  164.68   51.89   0.0010000
  116.24   84.27  -82.21   0.0010000
   71.07   75.65   23.92   0.0010000
   92.45   11.27  133.02   0.0010000
   74.37  105.17   91.11   0.0010000
  -99.35   40.74  101.31   0.0010000
  -76.72  112.56 -140.57   0.0010000
   30.78   49.28 -138.00   0.0010000
   68.13   64.75  -53.77   0.0010000
   31.41   82.11   82.85   0.0010000
   79.85  114.31 -109.61   0.0010000
  126.68   53.80  -36.35   0.0010000
  -77.28   21.27  -45.36   0.0010000
  -62.91  104.20 -103.67   0.0010000
  105.28   63.10 -110.96   0.0010000
 -106.67   17.70   -9.11   0.0010000
  -47.84  133.19   14.43   0.0010000
 -123.17  161.87  118.15   0.0010000
   22.32  113.28  -49.82   0.0010000
   80.07  148.63  -48.45   0.0010000
 -155.39   53.41  -20.23   0.0010000
   13.98   57.51  125.60   0.0010000
   64.85  105.06   53.58   0.0010000
   17.59   86.64 -113.54   0.0010000
  161.20   92.28  -66.10   0.0010000
   99.48  113.55  -17.67   0.0010000
  -95.11   61.58  106.16   0.0010000
  132.39  134.92 -168.70   0.0010000
 -156.25  125.95   74.82   0.0010000
  -83.26   59.68  136.71   0.0010000
   77.41  107.72   11.98   0.0010000
   64.81  110.80  -54.09   0.0010000
  159.98   63.44   79.33   0.0010000
   93.12   60.60  140.72   0.0010000
   87.58   65.39   52.46   0.0010000
   41.27  126.10  -55.38   0.0010000
  113.19   74.81  100.10   0.0010000
 -117.37   76.44   96.72   0.0010000
   78.01   68.23  121.37   0.0010000
 -105.51   69.40  -68.01   0.0010000
   27.36  120.99  -44.03   0.0010000
 -145.51  113.78   70.78   0.0010000
   88.61   66.54 -170.15   0.0010000
   18.87   84.64  108.06   0.0010000
  -69.39  107.05 -147.03   0.0010000
  -29.77  144.64  151.94   0.0010000
  118.66   90.50 -106.51   0.0010000
 -116.02   75.28  -49.86   0.0010000
  -96.28  112.41 -102.48   0.0010000
  159.82  120.54   -9.94   0.0010000
 -164.30  121.46 -165.04   0.0010000
   45.95  149.24  104.11   0.0010000
   37.48   32.45 -152.07   0.0010000
   57.92  157.87   63.19   0.0010000
   74.12   73.64  -59.25   0.0010000
 -140.14   92.04  130.08   0.0010000
  -64.50   79.28 -178.91   0.0010000
   23.85  150.57  -28.02   0.0010000
   61.93   42.93 -113.11   0.0010000
   76.11   67.98  -40.67   0.0010000
   18.71   53.45   91.68   0.0010000
 -122.47   90.81   42.86   0.0010000
   18.25   72.58   53.38   0.0010000
   81.83   68.11  -66.92   0.0010000
 -107.59  118.92  137.18   0.0010000
   39.89   68.52 -147.78   0.0010000
  135.60  125.27   36.59   0.0010000
   68.41  115.72  -91.55   0.0010000
  117.66  105.66   36.46   0.0010000
 -123.95   40.75    3.56   0.0010000
   70.93  115.23  -86.85   0.0010000
  -36.43   83.41 -113.11   0.0010000
   99.45   83.05  -21.99   0.0010000
   80.55   70.15  -13.31   0.0010000
  -78.39   70.89 -166.21   0.0010000
   73.28  109.59   56.96   0.0010000
  -30.75   98.70  169.81   0.0010000
   60.36   92.25 -104.06   0.0010000
 -101.67   64.58  112.64   0.0010000
  106.68   73.14  106.83   0.0010000
 -115.17  136.56  -54.40   0.0010000
  132.04   34.34  103.02   0.0010000
   71.45   69.44  144.05   0.0010000
 -111.69   92.75  -46.66   0.0010000
  100.31  114.08  175.20   0.0010000
   62.98   72.24   87.40   0.0010000
   79.73   31.97  109.60   0.0010000
   87.45  101.00   72.43   0.0010000
  -99.35   69.35 -121.39   0.0010000
  -87.80  116.18  -18.77   0.0010000
  140.01   89.82  176.04   0.0010000
   68.89   91.29   51.91   0.0010000
  -66.22   83.57  173.95   0.0010000
 -103.06   76.47   39.04   0.0010000
  101.21  121.93 -140.68   0.0010000
   57.77   86.81  178.90   0.0010000
  -63.85   97.13  149.30   0.0010000
   23.78   52.46  108.95   0.0010000
  -69.83   92.89 -138.14   0.0010000
  101.79   58.13 -161.07   0.0010000
  140.03   63.14 -164.22   0.0010000
 -132.70  105.67 -127.39   0.0010000
 -135.74  126.55  -95.05   0.0010000
  138.73   22.81   92.52   0.0010000
  -74.00   66.55   43.95   0.0010000
  140.89   92.95  -65.73   0.0010000
  -70.97  116.26  140.63   0.0010000
  -70.62   98.06  -37.71   0.0010000
 -138.05   59.68   22.19   0.0010000
  -94.78   67.40  -84.49   0.0010000
   90.39   94.05  -34.57   0.0010000
  -90.89   62.17   48.89   0.0010000
  -79.47  115.87  106.75   0.0010000
  -22.67  109.93   -7.27   0.0010000
  108.70  108.16 -150.93   0.0010000
  -72.54   61.39  118.19   0.0010000
  -77.22  145.26 -155.90   0.0010000
  101.10   60.90   -8.24   0.0010000
   96.64   63.91   31.04   0.0010000
 -123.01   85.35  127.34   0.0010000
 -107.33  103.43 -113.57   0.0010000
 -136.79  125.67  147.29   0.0010000
 -100.82   42.70   50.42   0.0010000
  -87.81   76.21  145.70   0.0010000
   87.19   33.43  157.90   0.0010000
  104.10  112.54  -93.87   0.0010000
  123.39   97.60   95.22   0.0010000
 -102.20   68.80    3.71   0.0010000
   88.27  105.33  -84.13   0.0010000
 -116.57   93.51   12.93   0.0010000
 -119.31  161.85  122.47   0.0010000
  120.99   40.43  178.42   0.0010000
 -162.56  119.58   64.81   0.0010000
   32.73  100.20 -105.07   0.0010000
   75.30  115.37  127.26   0.0010000
  -64.01   72.97    4.81   0.0010000
  -39.25   70.08 -153.44   0.0010000
  -35.25   74.98   -2.43   0.0010000
 -143.68  110.17 -152.27   0.0010000
  107.54   67.78  -71.80   0.0010000
   62.46   82.02  -57.29   0.0010000
   96.91  105.71 -128.05   0.0010000
   78.38   83.53  132.82   0.0010000
 -100.81  112.80    7.14   0.0010000
   85.31   72.65  -38.50   0.0010000
  118.60   80.21   -1.06   0.0010000
  116.88   94.19  -66.07   0.0010000
 -126.42   41.00  145.53   0.0010000
 -117.89  104.34  175.57   0.0010000
   57.23   82.08 -172.21   0.0010000
  -67.34  110.93   34.85   0.0010000
  -57.45   94.34   44.28   0.0010000
 -146.55  111.42  -55.71   0.0010000
  123.78  121.17  168.31   0.0010000
  -35.79   83.85 -120.81   0.0010000
   98.66   62.45  -83.83   0.0010000
  121.15   82.89 -152.12   0.0010000
   54.29   88.03  -76.82   0.0010000
   60.36   82.00    7.55   0.0010000
   87.19   62.45   33.04   0.0010000
  -85.50  100.35  160.38   0.0010000
   98.84   33.37   49.38   0.0010000
  114.00   90.84  178.97   0.0010000
  125.73   58.61  163.96   0.0010000
 -104.46  106.39  -50.68   0.0010000
   30.63  101.33  -43.46   0.0010000
  -82.56   79.37   24.17   0.0010000
  112.43  106.62   27.15   0.0010000
   32.39   91.16  -72.11   0.0010000
 -100.16  140.93  174.65   0.0010000
   67.80   66.13   68.50   0.0010000
 -112.63   74.59 -131.11   0.0010000
  114.29   67.49 -121.29   0.0010000
  -79.21  112.83 -177.61   0.0010000
   88.05  112.06  -28.28   0.0010000
  100.51   82.28   17.20   0.0010000
  100.60   38.32   39.95   0.0010000
  112.40   87.58 -170.18   0.0010000
   88.89  113.88  -93.61   0.0010000
  106.45  103.06  111.55   0.0010000
  118.89   82.09 -108.26   0.0010000
   48.08   64.66  -68.57   0.0010000
  -64.24   94.92  104.22   0.0010000
   64.56   41.22  -89.49   0.0010000
   97.27  109.20  -54.07   0.0010000
   83.05   94.26   10.60   0.0010000
  -82.99  117.29   51.40   0.0010000
  -80.58  108.58   71.44   0.0010000
   92.78   56.38  -63.59   0.0010000
   69.38  163.79 -103.24   0.0010000
  136.22   91.11  -53.58   0.0010000
  -83.28   40.33    8.07   0.0010000
 -144.80  104.16 -151.76   0.0010000
  -82.41   69.45 -120.63   0.0010000
  161.86  144.01  -76.44   0.0010000
  -69.95  104.62  -29.04   0.0010000
   43.30   46.56   -4.64   0.0010000
  -90.57  115.19  -89.32   0.0010000
  -80.61   67.59 -161.01   0.0010000
   46.18  136.97   52.53   0.0010000
  172.86   70.50 -113.84   0.0010000
   -7.63  104.23 -119.37   0.0010000
  131.42   45.60 -108.49   0.0010000
  113.21   92.08  173.91   0.0010000
  -92.54   63.46  153.17   0.0010000
  -99.73  118.06   79.56   0.0010000
  -54.20  139.02  137.90   0.0010000
   41.10   60.44  -65.12   0.0010000
  -36.56   61.33  147.82   0.0010000
 -108.71   91.51  145.69   0.0010000
 -139.64   53.10  105.86   0.0010000
   86.94   58.71  131.75   0.0010000
  153.60   31.08   20.14   0.0010000
   -1.31   79.32    0.28   0.0010000
  -46.64   59.32 -164.37   0.0010000
  112.45  111.12 -116.00   0.0010000
 -104.81  108.65  -96.62   0.0010000
   61.04  100.01  107.86   0.0010000
   59.86  166.60  114.60   0.0010000
 -169.61   72.04    4.89   0.0010000
  -83.68   78.60 -162.23   0.0010000
 -156.55  139.64 -102.76   0.0010000
 -109.27   87.63   -0.48   0.0010000
   13.68  110.51 -174.49   0.0010000
   35.43   66.68 -133.99   0.0010000
   30.54   75.63  -55.84   0.0010000
   51.39  137.93   22.51   0.0010000
 -111.79   83.57  -36.17   0.0010000
  -12.69  103.69   -1.67   0.0010000
 -136.77   91.84  147.91   0.0010000
  149.46   78.52   53.57   0.0010000
   -3.15  118.82  -53.78   0.0010000
  -65.22   69.52  154.03   0.0010000
   64.70  131.51  -76.65   0.0010000
  -49.64  134.72   73.04   0.0010000
  -42.72   64.41   76.21   0.0010000
  -88.25   34.96  -80.40   0.0010000
   33.92  114.28  -25.09   0.0010000
 -176.43   58.69  178.37   0.0010000
   57.28   83.92  -32.33   0.0010000
  102.48   66.20 -142.53   0.0010000
  -34.96  119.47   45.04   0.0010000
  133.46   88.68  157.53   0.0010000
 -156.78  160.97  -44.28   0.0010000
  114.50   81.76  122.49   0.0010000
   81.84  114.91 -121.43   0.0010000
  -22.00   90.61  121.19   0.0010000
 -135.00   68.79   42.63   0.0010000
  -94.63  158.70   35.07   0.0010000
   -7.56   87.60 -122.24   0.0010000
   11.07   83.53 -167.90   0.0010000
  145.91  106.28   28.40   0.0010000
  -61.02  131.35  -96.79   0.0010000
 -126.03  134.09  -22.60   0.0010000
 -110.31   38.09  -13.31   0.0010000
  -96.99  150.66   80.51   0.0010000
 -107.39   43.18  -73.40   0.0010000
 -138.54   60.18   95.58   0.0010000
  -32.60  111.42   10.42   0.0010000
 -122.29  151.57 -123.62   0.0010000
   90.95   87.88   94.58   0.0010000
 -160.42  143.28   19.56   0.0010000
   22.53  142.05  147.76   0.0010000
  156.31  125.37  -81.32   0.0010000
    9.81   83.39  177.69   0.0010000
  101.79   97.42  178.38   0.0010000
  -12.19   88.45  129.87   0.0010000
   48.93   61.94 -126.14   0.0010000
   -6.05   87.55  116.39   0.0010000
  -42.63  108.96   41.46   0.0010000
  -82.99   21.93 -120.24   0.0010000
  -33.92  130.53 -144.21   0.0010000
   14.00   64.31  171.87   0.0010000
 -172.11   86.03  117.38   0.0010000
   39.15   54.22  142.98   0.0010000
  -14.48  104.58  -53.44   0.0010000
  113.95  142.99 -124.38   0.0010000
  105.67    6.15   72.33   0.0010000
   37.10  132.76   45.69   0.0010000
 -164.11  121.80 -165.53   0.0010000
  137.91   43.41 -119.43   0.0010000
  -10.24  154.98  112.01   0.0010000
 -136.49  110.06  127.29   0.0010000
   42.71  144.91   34.83   0.0010000
    7.78  148.68 -108.12   0.0010000
   86.50   88.62   40.73   0.0010000
  160.95   94.37  -74.30   0.0010000
  -38.08   79.56  -97.50   0.0010000
    9.21  128.21    9.88   0.0010000
   65.56  164.70  123.15   0.0010000
  -85.77   94.18 -118.40   0.0010000
  106.76   48.10 -129.67   0.0010000
 -129.20   43.86 -165.72   0.0010000
   73.37   27.84  103.98   0.0010000
  161.46  115.52 -126.46   0.0010000
 -114.09  130.93  -70.89   0.0010000
 -157.49   95.39 -173.23   0.0010000
    5.86   72.83  -62.68   0.0010000
  129.09  140.50   21.80   0.0010000
  142.29   72.29 -112.00   0.0010000
  156.11  145.11 -148.06   0.0010000
   26.87  124.50    2.33   0.0010000
  -29.97  103.72  118.94   0.0010000
  121.88   38.58 -155.17   0.0010000
    8.54   65.16    3.16   0.0010000
