  0.3387E+00  0.8050E+01
  0.5103E+00  0.9042E+01
  0.3387E+00  0.8050E+01
  0.5754E+00  0.7998E+01
  0.8198E+00  0.8971E+01
  0.5754E+00  0.7998E+01
  0.8382E+00  0.7922E+01
  0.1147E+01  0.8868E+01
  0.8382E+00  0.7922E+01
  0.1148E+01  0.7808E+01
  0.1507E+01  0.8727E+01
  0.1148E+01  0.7808E+01
  0.1515E+01  0.7655E+01
  0.1902E+01  0.8550E+01
  0.1515E+01  0.7655E+01
  0.2021E+01  0.7426E+01
  0.2426E+01  0.8299E+01
  0.2021E+01  0.7426E+01
  0.3396E+01  0.6748E+01
  0.3840E+01  0.7581E+01
  0.3396E+01  0.6748E+01
  0.6452E+01  0.4802E+01
  0.7105E+01  0.5567E+01
  0.6452E+01  0.4802E+01
  0.6979E+01  0.4327E+01
  0.7720E+01  0.5037E+01
  0.6979E+01  0.4327E+01
  0.7222E+01  0.4053E+01
  0.8029E+01  0.4702E+01
  0.7222E+01  0.4053E+01
  0.7384E+01  0.3837E+01
  0.8242E+01  0.4425E+01
  0.7384E+01  0.3837E+01
  0.7506E+01  0.3645E+01
  0.8405E+01  0.4175E+01
  0.7506E+01  0.3645E+01
  0.7604E+01  0.3466E+01
  0.8536E+01  0.3938E+01
  0.7604E+01  0.3466E+01
  0.7686E+01  0.3290E+01
  0.8645E+01  0.3707E+01
  0.7686E+01  0.3290E+01
  0.7758E+01  0.3112E+01
  0.8738E+01  0.3474E+01
  0.7758E+01  0.3112E+01
  0.7822E+01  0.2923E+01
  0.8819E+01  0.3231E+01
  0.7822E+01  0.2923E+01
  0.7879E+01  0.2715E+01
  0.8890E+01  0.2967E+01
  0.7879E+01  0.2715E+01
  0.7934E+01  0.2466E+01
  0.8953E+01  0.2663E+01
  0.7934E+01  0.2466E+01
  0.7987E+01  0.2130E+01
  0.9011E+01  0.2270E+01
  0.7987E+01  0.2130E+01
  0.8050E+01  0.1466E+01
  0.9070E+01  0.1542E+01
  0.8050E+01  0.1466E+01
  0.8012E+01 -0.1425E+01
  0.9021E+01 -0.1554E+01
  0.8012E+01 -0.1425E+01
  0.7805E+01 -0.2594E+01
  0.8788E+01 -0.2898E+01
  0.7805E+01 -0.2594E+01
  0.7474E+01 -0.3399E+01
  0.8372E+01 -0.3895E+01
  0.7474E+01 -0.3399E+01
  0.7191E+01 -0.3838E+01
  0.8026E+01 -0.4423E+01
  0.7191E+01 -0.3838E+01
  0.6931E+01 -0.4185E+01
  0.7727E+01 -0.4811E+01
  0.6931E+01 -0.4185E+01
  0.6674E+01 -0.4498E+01
  0.7432E+01 -0.5159E+01
  0.6674E+01 -0.4498E+01
  0.6393E+01 -0.4802E+01
  0.7110E+01 -0.5498E+01
  0.6393E+01 -0.4802E+01
  0.6080E+01 -0.5108E+01
  0.6760E+01 -0.5830E+01
  0.6080E+01 -0.5108E+01
  0.5714E+01 -0.5438E+01
  0.6360E+01 -0.6183E+01
  0.5714E+01 -0.5438E+01
  0.5239E+01 -0.5830E+01
  0.5847E+01 -0.6598E+01
  0.5239E+01 -0.5830E+01
  0.4467E+01 -0.6401E+01
  0.5009E+01 -0.7213E+01
  0.4467E+01 -0.6401E+01
  0.2821E+01 -0.7288E+01
  0.3233E+01 -0.8174E+01
  0.2821E+01 -0.7288E+01
  0.1666E+01 -0.7769E+01
  0.1979E+01 -0.8712E+01
  0.1666E+01 -0.7769E+01
  0.5556E+00 -0.8057E+01
  0.6791E+00 -0.9059E+01
  0.5556E+00 -0.8057E+01
  0.1681E+00 -0.8088E+01
  0.1845E+00 -0.9099E+01
  0.1681E+00 -0.8088E+01
 -0.9990E-01 -0.8081E+01
 -0.1817E+00 -0.9088E+01
 -0.9990E-01 -0.8081E+01
 -0.3387E+00 -0.8050E+01
 -0.5103E+00 -0.9042E+01
 -0.3387E+00 -0.8050E+01
 -0.5754E+00 -0.7998E+01
 -0.8198E+00 -0.8971E+01
 -0.5754E+00 -0.7998E+01
 -0.8382E+00 -0.7922E+01
 -0.1147E+01 -0.8868E+01
 -0.8382E+00 -0.7922E+01
 -0.1148E+01 -0.7808E+01
 -0.1507E+01 -0.8727E+01
 -0.1148E+01 -0.7808E+01
 -0.1515E+01 -0.7655E+01
 -0.1902E+01 -0.8550E+01
 -0.1515E+01 -0.7655E+01
 -0.2021E+01 -0.7426E+01
 -0.2426E+01 -0.8299E+01
 -0.2021E+01 -0.7426E+01
 -0.3396E+01 -0.6748E+01
 -0.3840E+01 -0.7581E+01
 -0.3396E+01 -0.6748E+01
 -0.6452E+01 -0.4802E+01
 -0.7105E+01 -0.5567E+01
 -0.6452E+01 -0.4802E+01
 -0.6979E+01 -0.4327E+01
 -0.7720E+01 -0.5037E+01
 -0.6979E+01 -0.4327E+01
 -0.7222E+01 -0.4053E+01
 -0.8029E+01 -0.4702E+01
 -0.7222E+01 -0.4053E+01
 -0.7384E+01 -0.3837E+01
 -0.8242E+01 -0.4425E+01
 -0.7384E+01 -0.3837E+01
 -0.7506E+01 -0.3645E+01
 -0.8405E+01 -0.4175E+01
 -0.7506E+01 -0.3645E+01
 -0.7604E+01 -0.3466E+01
 -0.8536E+01 -0.3938E+01
 -0.7604E+01 -0.3466E+01
 -0.7686E+01 -0.3290E+01
 -0.8645E+01 -0.3707E+01
 -0.7686E+01 -0.3290E+01
 -0.7758E+01 -0.3112E+01
 -0.8738E+01 -0.3474E+01
 -0.7758E+01 -0.3112E+01
 -0.7822E+01 -0.2923E+01
 -0.8819E+01 -0.3231E+01
 -0.7822E+01 -0.2923E+01
 -0.7879E+01 -0.2715E+01
 -0.8890E+01 -0.2967E+01
 -0.7879E+01 -0.2715E+01
 -0.7934E+01 -0.2466E+01
 -0.8953E+01 -0.2663E+01
 -0.7934E+01 -0.2466E+01
 -0.7987E+01 -0.2130E+01
 -0.9011E+01 -0.2270E+01
 -0.7987E+01 -0.2130E+01
 -0.8050E+01 -0.1466E+01
 -0.9072E+01 -0.1519E+01
 -0.8050E+01 -0.1466E+01
 -0.8012E+01  0.1425E+01
 -0.9024E+01  0.1526E+01
 -0.8012E+01  0.1425E+01
 -0.7805E+01  0.2594E+01
 -0.8788E+01  0.2898E+01
 -0.7805E+01  0.2594E+01
 -0.7474E+01  0.3399E+01
 -0.8372E+01  0.3895E+01
 -0.7474E+01  0.3399E+01
 -0.7191E+01  0.3838E+01
 -0.8026E+01  0.4423E+01
 -0.7191E+01  0.3838E+01
 -0.6931E+01  0.4185E+01
 -0.7727E+01  0.4811E+01
 -0.6931E+01  0.4185E+01
 -0.6674E+01  0.4498E+01
 -0.7432E+01  0.5159E+01
 -0.6674E+01  0.4498E+01
 -0.6393E+01  0.4802E+01
 -0.7110E+01  0.5498E+01
 -0.6393E+01  0.4802E+01
 -0.6080E+01  0.5108E+01
 -0.6760E+01  0.5830E+01
 -0.6080E+01  0.5108E+01
 -0.5714E+01  0.5438E+01
 -0.6360E+01  0.6183E+01
 -0.5714E+01  0.5438E+01
 -0.5239E+01  0.5830E+01
 -0.5847E+01  0.6598E+01
 -0.5239E+01  0.5830E+01
 -0.4467E+01  0.6401E+01
 -0.5009E+01  0.7213E+01
 -0.4467E+01  0.6401E+01
 -0.2821E+01  0.7288E+01
 -0.3233E+01  0.8174E+01
 -0.2821E+01  0.7288E+01
 -0.1666E+01  0.7769E+01
 -0.1979E+01  0.8712E+01
 -0.1666E+01  0.7769E+01
 -0.5556E+00  0.8057E+01
 -0.6791E+00  0.9059E+01
 -0.5556E+00  0.8057E+01
 -0.1681E+00  0.8088E+01
 -0.1845E+00  0.9099E+01
 -0.1681E+00  0.8088E+01
  0.9990E-01  0.8081E+01
  0.1817E+00  0.9088E+01
  0.9990E-01  0.8081E+01
  0.3387E+00  0.8050E+01
   -   -   
