  0.3387E+00  0.8050E+01
  0.3385E+00  0.9057E+01
  0.3387E+00  0.8050E+01
  0.5754E+00  0.7998E+01
  0.6621E+00  0.8997E+01
  0.5754E+00  0.7998E+01
  0.8382E+00  0.7922E+01
  0.1011E+01  0.8902E+01
  0.8382E+00  0.7922E+01
  0.1148E+01  0.7808E+01
  0.1403E+01  0.8761E+01
  0.1148E+01  0.7808E+01
  0.1515E+01  0.7655E+01
  0.1848E+01  0.8571E+01
  0.1515E+01  0.7655E+01
  0.2021E+01  0.7426E+01
  0.2428E+01  0.8298E+01
  0.2021E+01  0.7426E+01
  0.3396E+01  0.6748E+01
  0.3868E+01  0.7565E+01
  0.3396E+01  0.6748E+01
  0.6452E+01  0.4802E+01
  0.7029E+01  0.5625E+01
  0.6452E+01  0.4802E+01
  0.6979E+01  0.4327E+01
  0.7639E+01  0.5113E+01
  0.6979E+01  0.4327E+01
  0.7222E+01  0.4053E+01
  0.7954E+01  0.4785E+01
  0.7222E+01  0.4053E+01
  0.7384E+01  0.3837E+01
  0.8181E+01  0.4505E+01
  0.7384E+01  0.3837E+01
  0.7506E+01  0.3645E+01
  0.8360E+01  0.4244E+01
  0.7506E+01  0.3645E+01
  0.7604E+01  0.3466E+01
  0.8508E+01  0.3989E+01
  0.7604E+01  0.3466E+01
  0.7686E+01  0.3290E+01
  0.8633E+01  0.3733E+01
  0.7686E+01  0.3290E+01
  0.7758E+01  0.3112E+01
  0.8740E+01  0.3469E+01
  0.7758E+01  0.3112E+01
  0.7822E+01  0.2923E+01
  0.8830E+01  0.3194E+01
  0.7822E+01  0.2923E+01
  0.7879E+01  0.2715E+01
  0.8905E+01  0.2896E+01
  0.7879E+01  0.2715E+01
  0.7934E+01  0.2466E+01
  0.8968E+01  0.2557E+01
  0.7934E+01  0.2466E+01
  0.7987E+01  0.2130E+01
  0.9020E+01  0.2130E+01
  0.7987E+01  0.2130E+01
  0.8050E+01  0.1466E+01
  0.9069E+01  0.1376E+01
  0.8050E+01  0.1466E+01
  0.8012E+01 -0.1425E+01
  0.9014E+01 -0.1602E+01
  0.8012E+01 -0.1425E+01
  0.7805E+01 -0.2594E+01
  0.8798E+01 -0.2860E+01
  0.7805E+01 -0.2594E+01
  0.7474E+01 -0.3399E+01
  0.8438E+01 -0.3749E+01
  0.7474E+01 -0.3399E+01
  0.7191E+01 -0.3838E+01
  0.8115E+01 -0.4268E+01
  0.7191E+01 -0.3838E+01
  0.6931E+01 -0.4185E+01
  0.7808E+01 -0.4691E+01
  0.6931E+01 -0.4185E+01
  0.6674E+01 -0.4498E+01
  0.7498E+01 -0.5075E+01
  0.6674E+01 -0.4498E+01
  0.6393E+01 -0.4802E+01
  0.7159E+01 -0.5444E+01
  0.6393E+01 -0.4802E+01
  0.6080E+01 -0.5108E+01
  0.6782E+01 -0.5809E+01
  0.6080E+01 -0.5108E+01
  0.5714E+01 -0.5438E+01
  0.6348E+01 -0.6193E+01
  0.5714E+01 -0.5438E+01
  0.5239E+01 -0.5830E+01
  0.5802E+01 -0.6632E+01
  0.5239E+01 -0.5830E+01
  0.4467E+01 -0.6401E+01
  0.4955E+01 -0.7246E+01
  0.4467E+01 -0.6401E+01
  0.2821E+01 -0.7288E+01
  0.3234E+01 -0.8173E+01
  0.2821E+01 -0.7288E+01
  0.1666E+01 -0.7769E+01
  0.2006E+01 -0.8703E+01
  0.1666E+01 -0.7769E+01
  0.5556E+00 -0.8057E+01
  0.8172E+00 -0.9033E+01
  0.5556E+00 -0.8057E+01
  0.1681E+00 -0.8088E+01
  0.3437E+00 -0.9084E+01
  0.1681E+00 -0.8088E+01
 -0.9990E-01 -0.8081E+01
 -0.1189E-01 -0.9087E+01
 -0.9990E-01 -0.8081E+01
 -0.3387E+00 -0.8050E+01
 -0.3385E+00 -0.9057E+01
 -0.3387E+00 -0.8050E+01
 -0.5754E+00 -0.7998E+01
 -0.6621E+00 -0.8997E+01
 -0.5754E+00 -0.7998E+01
 -0.8382E+00 -0.7922E+01
 -0.1011E+01 -0.8902E+01
 -0.8382E+00 -0.7922E+01
 -0.1148E+01 -0.7808E+01
 -0.1403E+01 -0.8761E+01
 -0.1148E+01 -0.7808E+01
 -0.1515E+01 -0.7655E+01
 -0.1848E+01 -0.8571E+01
 -0.1515E+01 -0.7655E+01
 -0.2021E+01 -0.7426E+01
 -0.2428E+01 -0.8298E+01
 -0.2021E+01 -0.7426E+01
 -0.3396E+01 -0.6748E+01
 -0.3868E+01 -0.7565E+01
 -0.3396E+01 -0.6748E+01
 -0.6452E+01 -0.4802E+01
 -0.7029E+01 -0.5625E+01
 -0.6452E+01 -0.4802E+01
 -0.6979E+01 -0.4327E+01
 -0.7639E+01 -0.5113E+01
 -0.6979E+01 -0.4327E+01
 -0.7222E+01 -0.4053E+01
 -0.7954E+01 -0.4785E+01
 -0.7222E+01 -0.4053E+01
 -0.7384E+01 -0.3837E+01
 -0.8181E+01 -0.4505E+01
 -0.7384E+01 -0.3837E+01
 -0.7506E+01 -0.3645E+01
 -0.8360E+01 -0.4244E+01
 -0.7506E+01 -0.3645E+01
 -0.7604E+01 -0.3466E+01
 -0.8508E+01 -0.3989E+01
 -0.7604E+01 -0.3466E+01
 -0.7686E+01 -0.3290E+01
 -0.8633E+01 -0.3733E+01
 -0.7686E+01 -0.3290E+01
 -0.7758E+01 -0.3112E+01
 -0.8740E+01 -0.3469E+01
 -0.7758E+01 -0.3112E+01
 -0.7822E+01 -0.2923E+01
 -0.8830E+01 -0.3194E+01
 -0.7822E+01 -0.2923E+01
 -0.7879E+01 -0.2715E+01
 -0.8905E+01 -0.2896E+01
 -0.7879E+01 -0.2715E+01
 -0.7934E+01 -0.2466E+01
 -0.8968E+01 -0.2557E+01
 -0.7934E+01 -0.2466E+01
 -0.7987E+01 -0.2130E+01
 -0.9020E+01 -0.2130E+01
 -0.7987E+01 -0.2130E+01
 -0.8050E+01 -0.1466E+01
 -0.9069E+01 -0.1376E+01
 -0.8050E+01 -0.1466E+01
 -0.8012E+01  0.1425E+01
 -0.9014E+01  0.1602E+01
 -0.8012E+01  0.1425E+01
 -0.7805E+01  0.2594E+01
 -0.8798E+01  0.2860E+01
 -0.7805E+01  0.2594E+01
 -0.7474E+01  0.3399E+01
 -0.8438E+01  0.3749E+01
 -0.7474E+01  0.3399E+01
 -0.7191E+01  0.3838E+01
 -0.8115E+01  0.4268E+01
 -0.7191E+01  0.3838E+01
 -0.6931E+01  0.4185E+01
 -0.7808E+01  0.4691E+01
 -0.6931E+01  0.4185E+01
 -0.6674E+01  0.4498E+01
 -0.7498E+01  0.5075E+01
 -0.6674E+01  0.4498E+01
 -0.6393E+01  0.4802E+01
 -0.7159E+01  0.5444E+01
 -0.6393E+01  0.4802E+01
 -0.6080E+01  0.5108E+01
 -0.6782E+01  0.5809E+01
 -0.6080E+01  0.5108E+01
 -0.5714E+01  0.5438E+01
 -0.6348E+01  0.6193E+01
 -0.5714E+01  0.5438E+01
 -0.5239E+01  0.5830E+01
 -0.5802E+01  0.6632E+01
 -0.5239E+01  0.5830E+01
 -0.4467E+01  0.6401E+01
 -0.4955E+01  0.7246E+01
 -0.4467E+01  0.6401E+01
 -0.2821E+01  0.7288E+01
 -0.3234E+01  0.8173E+01
 -0.2821E+01  0.7288E+01
 -0.1666E+01  0.7769E+01
 -0.2006E+01  0.8703E+01
 -0.1666E+01  0.7769E+01
 -0.5556E+00  0.8057E+01
 -0.8172E+00  0.9033E+01
 -0.5556E+00  0.8057E+01
 -0.1681E+00  0.8088E+01
 -0.3437E+00  0.9084E+01
 -0.1681E+00  0.8088E+01
  0.9990E-01  0.8081E+01
  0.1189E-01  0.9087E+01
  0.9990E-01  0.8081E+01
  0.3387E+00  0.8050E+01
   -   -   
