        EPSvm          Svm        SDEV1    SDEV2    SDEV3    SDEV4    SDEV5    SDEV6        DDEV1    DDEV2    DDEV3    DDEV4    DDEV5    DDEV6
  0.00000E+00  0.26995E+01        0.114    0.159    0.193    0.196    0.190    0.000        0.097    0.158    0.125    0.177    0.124    0.000
  0.23091E-01  0.28469E+01        0.115    0.158    0.187    0.197    0.195    0.000        0.098    0.160    0.124    0.174    0.125    0.000
  0.46182E-01  0.29939E+01        0.117    0.157    0.183    0.195    0.199    0.000        0.098    0.160    0.123    0.174    0.127    0.000
  0.69273E-01  0.31419E+01        0.118    0.156    0.179    0.194    0.203    0.000        0.097    0.159    0.121    0.173    0.128    0.000
  0.92363E-01  0.32906E+01        0.120    0.154    0.175    0.192    0.207    0.000        0.096    0.158    0.119    0.173    0.130    0.000
  0.11545E+00  0.34403E+01        0.121    0.152    0.170    0.191    0.210    0.000        0.096    0.157    0.117    0.174    0.131    0.000
  0.13854E+00  0.35898E+01        0.122    0.151    0.165    0.189    0.212    0.000        0.095    0.158    0.115    0.177    0.132    0.000
  0.16163E+00  0.37388E+01        0.123    0.149    0.159    0.186    0.212    0.000        0.096    0.160    0.113    0.181    0.134    0.000
  0.18471E+00  0.38889E+01        0.124    0.146    0.154    0.183    0.213    0.000        0.096    0.161    0.111    0.186    0.136    0.000
  0.20779E+00  0.40398E+01        0.125    0.144    0.148    0.181    0.214    0.000        0.097    0.163    0.109    0.190    0.138    0.000
  0.23088E+00  0.41912E+01        0.126    0.141    0.142    0.178    0.214    0.000        0.097    0.163    0.107    0.195    0.140    0.000
  0.25396E+00  0.43428E+01        0.127    0.139    0.137    0.174    0.215    0.000        0.097    0.164    0.105    0.199    0.142    0.000
  0.27704E+00  0.44946E+01        0.128    0.137    0.132    0.170    0.215    0.000        0.097    0.164    0.103    0.203    0.144    0.000
  0.30012E+00  0.46466E+01        0.129    0.135    0.127    0.166    0.215    0.000        0.097    0.164    0.101    0.207    0.145    0.000
  0.32319E+00  0.47989E+01        0.130    0.133    0.123    0.162    0.215    0.000        0.097    0.164    0.099    0.211    0.147    0.000
  0.34627E+00  0.49514E+01        0.130    0.131    0.120    0.158    0.215    0.000        0.096    0.164    0.097    0.215    0.148    0.000
  0.36935E+00  0.51038E+01        0.131    0.129    0.116    0.154    0.215    0.000        0.096    0.163    0.096    0.219    0.150    0.000
  0.39242E+00  0.52564E+01        0.132    0.128    0.113    0.150    0.215    0.000        0.095    0.162    0.094    0.223    0.151    0.000
  0.41550E+00  0.54093E+01        0.134    0.126    0.110    0.147    0.215    0.000        0.094    0.161    0.092    0.227    0.152    0.000
  0.43857E+00  0.55623E+01        0.135    0.124    0.108    0.143    0.215    0.000        0.093    0.159    0.091    0.232    0.153    0.000
  0.46164E+00  0.57153E+01        0.136    0.123    0.105    0.140    0.215    0.000        0.092    0.157    0.090    0.236    0.154    0.000
  0.48472E+00  0.58680E+01        0.137    0.121    0.103    0.137    0.216    0.000        0.091    0.155    0.088    0.240    0.155    0.000
  0.50779E+00  0.60209E+01        0.138    0.120    0.102    0.133    0.216    0.000        0.090    0.152    0.087    0.245    0.155    0.000
  0.53086E+00  0.61737E+01        0.139    0.119    0.101    0.130    0.216    0.000        0.089    0.150    0.087    0.250    0.156    0.000
  0.55393E+00  0.63264E+01        0.140    0.118    0.099    0.127    0.217    0.000        0.087    0.147    0.086    0.254    0.157    0.000
  0.57700E+00  0.64792E+01        0.142    0.117    0.099    0.124    0.217    0.000        0.086    0.144    0.085    0.259    0.157    0.000
  0.60008E+00  0.66322E+01        0.143    0.116    0.098    0.122    0.218    0.000        0.084    0.141    0.085    0.263    0.158    0.000
  0.62315E+00  0.67859E+01        0.144    0.115    0.097    0.119    0.218    0.000        0.083    0.138    0.084    0.268    0.158    0.000
  0.64622E+00  0.69393E+01        0.146    0.114    0.096    0.117    0.219    0.000        0.081    0.135    0.084    0.273    0.159    0.000
  0.66930E+00  0.70929E+01        0.147    0.113    0.095    0.114    0.220    0.000        0.080    0.132    0.083    0.279    0.159    0.000
  0.69237E+00  0.72466E+01        0.148    0.113    0.095    0.112    0.220    0.000        0.078    0.129    0.082    0.284    0.160    0.000
  0.71544E+00  0.74006E+01        0.150    0.112    0.094    0.110    0.221    0.000        0.077    0.126    0.082    0.289    0.160    0.000
  0.73851E+00  0.75550E+01        0.151    0.111    0.093    0.108    0.222    0.000        0.075    0.123    0.081    0.295    0.161    0.000
  0.76159E+00  0.77097E+01        0.153    0.111    0.093    0.105    0.223    0.000        0.073    0.120    0.081    0.300    0.161    0.000
  0.78466E+00  0.78648E+01        0.154    0.111    0.092    0.103    0.224    0.000        0.072    0.117    0.081    0.305    0.161    0.000
  0.80773E+00  0.80203E+01        0.156    0.110    0.092    0.101    0.225    0.000        0.070    0.114    0.080    0.310    0.162    0.000
  0.83080E+00  0.81769E+01        0.157    0.110    0.092    0.099    0.226    0.000        0.069    0.111    0.080    0.315    0.162    0.000
  0.85387E+00  0.83336E+01        0.159    0.110    0.091    0.097    0.227    0.000        0.067    0.108    0.080    0.319    0.162    0.000
  0.87694E+00  0.84908E+01        0.160    0.109    0.091    0.095    0.229    0.000        0.066    0.106    0.079    0.324    0.162    0.000
  0.90001E+00  0.86487E+01        0.161    0.109    0.091    0.093    0.230    0.000        0.064    0.103    0.079    0.329    0.163    0.000
  0.92308E+00  0.88055E+01        0.163    0.109    0.090    0.091    0.231    0.000        0.063    0.100    0.079    0.334    0.163    0.000
  0.94614E+00  0.89661E+01        0.164    0.109    0.090    0.089    0.233    0.000        0.061    0.097    0.079    0.338    0.163    0.000
  0.96921E+00  0.91259E+01        0.166    0.109    0.090    0.087    0.235    0.000        0.059    0.094    0.079    0.342    0.163    0.000
  0.99228E+00  0.92863E+01        0.167    0.108    0.090    0.086    0.236    0.000        0.058    0.092    0.078    0.346    0.163    0.000
  0.10153E+01  0.94472E+01        0.168    0.108    0.090    0.084    0.238    0.000        0.056    0.089    0.078    0.350    0.163    0.000
  0.10384E+01  0.96086E+01        0.170    0.108    0.089    0.082    0.240    0.000        0.055    0.086    0.078    0.354    0.163    0.000
  0.10615E+01  0.97705E+01        0.171    0.108    0.089    0.081    0.242    0.000        0.053    0.084    0.078    0.358    0.163    0.000
  0.10845E+01  0.99272E+01        0.174    0.108    0.087    0.078    0.244    0.000        0.052    0.081    0.079    0.366    0.164    0.000
  0.11076E+01  0.10090E+02        0.175    0.108    0.087    0.076    0.246    0.000        0.051    0.079    0.079    0.370    0.164    0.000
  0.11306E+01  0.10252E+02        0.176    0.108    0.086    0.074    0.247    0.000        0.050    0.076    0.079    0.374    0.164    0.000
  0.11537E+01  0.10417E+02        0.178    0.108    0.086    0.073    0.249    0.000        0.048    0.074    0.079    0.377    0.164    0.000
        EPSvm          Svm        SDEV1    SDEV2    SDEV3    SDEV4    SDEV5    SDEV6        DDEV1    DDEV2    DDEV3    DDEV4    DDEV5    DDEV6
  0.81563E+00  0.10953E+02        0.255    0.056    0.036    0.062    0.297    0.000        0.162    0.144    0.137    0.348    0.264    0.000
  0.81627E+00  0.10900E+02        0.245    0.055    0.036    0.063    0.288    0.000        0.147    0.110    0.127    0.377    0.264    0.000
  0.81442E+00  0.10823E+02        0.231    0.056    0.038    0.064    0.277    0.000        0.127    0.081    0.122    0.400    0.257    0.000
  0.81091E+00  0.10715E+02        0.211    0.061    0.042    0.065    0.264    0.000        0.106    0.064    0.122    0.415    0.244    0.000
  0.80682E+00  0.10585E+02        0.188    0.071    0.048    0.067    0.252    0.000        0.085    0.063    0.124    0.422    0.227    0.000
  0.80452E+00  0.10432E+02        0.164    0.086    0.059    0.068    0.241    0.000        0.064    0.075    0.122    0.417    0.204    0.000
  0.81492E+00  0.10238E+02        0.178    0.108    0.086    0.073    0.249    0.000        0.048    0.074    0.079    0.377    0.164    0.000
  0.77466E+00  0.10909E+02        0.164    0.084    0.055    0.053    0.257    0.000        0.065    0.071    0.115    0.287    0.192    0.000
  0.77543E+00  0.11148E+02        0.146    0.091    0.045    0.042    0.235    0.000        0.074    0.091    0.158    0.254    0.201    0.000
  0.78587E+00  0.11255E+02        0.138    0.094    0.042    0.035    0.219    0.000        0.079    0.109    0.182    0.223    0.200    0.000
  0.79688E+00  0.11318E+02        0.134    0.096    0.041    0.029    0.206    0.000        0.084    0.124    0.199    0.191    0.196    0.000
  0.80613E+00  0.11357E+02        0.130    0.098    0.040    0.024    0.196    0.000        0.088    0.135    0.212    0.161    0.190    0.000
  0.81267E+00  0.11379E+02        0.128    0.099    0.041    0.020    0.188    0.000        0.091    0.143    0.222    0.136    0.183    0.000
  0.81604E+00  0.11388E+02        0.126    0.099    0.041    0.019    0.182    0.000        0.093    0.147    0.229    0.125    0.177    0.000
  0.81604E+00  0.11384E+02        0.124    0.098    0.042    0.020    0.178    0.000        0.093    0.146    0.233    0.133    0.170    0.000
  0.81273E+00  0.11369E+02        0.123    0.097    0.043    0.025    0.176    0.000        0.092    0.141    0.234    0.158    0.164    0.000
  0.80642E+00  0.11342E+02        0.122    0.094    0.045    0.032    0.177    0.000        0.088    0.130    0.232    0.196    0.157    0.000
  0.79785E+00  0.11299E+02        0.122    0.092    0.048    0.043    0.180    0.000        0.080    0.112    0.224    0.238    0.149    0.000
  0.78892E+00  0.11232E+02        0.122    0.091    0.053    0.057    0.186    0.000        0.068    0.089    0.210    0.282    0.137    0.000
  0.78740E+00  0.11113E+02        0.124    0.103    0.066    0.084    0.197    0.000        0.050    0.065    0.174    0.319    0.116    0.000
  0.81628E+00  0.11070E+02        0.134    0.231    0.125    0.157    0.201    0.000        0.036    0.095    0.175    0.397    0.086    0.000
  0.81472E+00  0.11197E+02        0.134    0.219    0.130    0.175    0.181    0.000        0.035    0.109    0.228    0.477    0.080    0.000
  0.81357E+00  0.11176E+02        0.126    0.184    0.110    0.177    0.157    0.000        0.043    0.124    0.247    0.496    0.067    0.000
  0.81490E+00  0.11092E+02        0.122    0.174    0.092    0.168    0.136    0.000        0.056    0.147    0.245    0.488    0.060    0.000
  0.81598E+00  0.11014E+02        0.120    0.169    0.079    0.159    0.124    0.000        0.068    0.167    0.239    0.469    0.055    0.000
  0.81606E+00  0.10944E+02        0.117    0.167    0.069    0.152    0.125    0.000        0.079    0.184    0.231    0.444    0.055    0.000
  0.81505E+00  0.10868E+02        0.115    0.164    0.062    0.144    0.137    0.000        0.090    0.200    0.223    0.415    0.060    0.000
  0.81323E+00  0.10787E+02        0.112    0.162    0.057    0.136    0.162    0.000        0.102    0.215    0.217    0.382    0.070    0.000
  0.81124E+00  0.10711E+02        0.106    0.159    0.054    0.130    0.198    0.000        0.112    0.228    0.214    0.345    0.083    0.000
  0.81036E+00  0.10639E+02        0.094    0.157    0.054    0.126    0.246    0.000        0.121    0.239    0.216    0.304    0.097    0.000
  0.81324E+00  0.10596E+02        0.072    0.149    0.058    0.131    0.312    0.000        0.131    0.246    0.228    0.259    0.111    0.000
  0.81434E+00  0.10610E+02        0.211    0.114    0.056    0.113    0.352    0.000        0.150    0.252    0.221    0.231    0.144    0.000
  0.80839E+00  0.10794E+02        0.266    0.097    0.057    0.093    0.342    0.000        0.152    0.240    0.212    0.201    0.160    0.000
  0.80111E+00  0.10974E+02        0.272    0.070    0.048    0.069    0.325    0.000        0.173    0.241    0.193    0.227    0.203    0.000
  0.80669E+00  0.10995E+02        0.268    0.063    0.042    0.062    0.316    0.000        0.179    0.213    0.169    0.272    0.237    0.000
  0.81230E+00  0.10987E+02        0.263    0.060    0.038    0.061    0.307    0.000        0.173    0.178    0.151    0.312    0.256    0.000
        EPSvm          Svm        SDEV1    SDEV2    SDEV3    SDEV4    SDEV5    SDEV6        DDEV1    DDEV2    DDEV3    DDEV4    DDEV5    DDEV6
  0.81632E+00  0.11252E+02        0.115    0.076    0.035    0.031    0.183    0.090        0.077    0.103    0.175    0.233    0.201    0.000
  0.81324E+00  0.11182E+02        0.117    0.079    0.041    0.029    0.178    0.091        0.094    0.116    0.211    0.214    0.190    0.000
  0.80439E+00  0.10917E+02        0.119    0.092    0.057    0.027    0.178    0.091        0.109    0.123    0.272    0.166    0.140    0.000
  0.80274E+00  0.10430E+02        0.128    0.110    0.083    0.028    0.201    0.103        0.110    0.100    0.310    0.110    0.085    0.000
  0.81269E+00  0.99188E+01        0.149    0.147    0.101    0.042    0.224    0.125        0.097    0.087    0.273    0.095    0.051    0.000
  0.81618E+00  0.98492E+01        0.160    0.191    0.100    0.060    0.202    0.139        0.077    0.111    0.243    0.125    0.056    0.000
  0.81162E+00  0.10262E+02        0.140    0.219    0.109    0.071    0.182    0.135        0.063    0.138    0.310    0.169    0.068    0.000
  0.81238E+00  0.10687E+02        0.121    0.202    0.125    0.075    0.154    0.121        0.049    0.159    0.398    0.213    0.068    0.000
  0.81410E+00  0.10944E+02        0.105    0.160    0.130    0.070    0.125    0.102        0.057    0.163    0.463    0.239    0.065    0.000
  0.81613E+00  0.11043E+02        0.098    0.139    0.133    0.068    0.104    0.085        0.064    0.160    0.477    0.242    0.057    0.000
