          Evm          Svm          E11          E22          E33          E23          E13          E12             SDEV11       SDEV22       SDEV33       SDEV23       SDEV13       SDEV12      TEMP      TIME    TAYLAV      WORKAV      WRATE1      WRATE2 
  0.00000E+00  0.26995E+01     0.00000E+00  0.00000E+00  0.00000E+00  0.00000E+00  0.00000E+00  0.00000E+00     0.15571E+01  0.26434E-02 -0.15597E+01  0.10814E-01  0.96310E-02 -0.20825E-01      298. 0.000E+00     2.204  0.5506E-01  0.3120E+01  0.2753E+01
  0.23091E-01  0.28469E+01     0.20000E-01  0.00000E+00 -0.20000E-01  0.00000E+00  0.00000E+00  0.00000E+00     0.16382E+01  0.10569E-01 -0.16488E+01  0.12944E-01  0.93324E-02 -0.18486E-01      298. 0.200E-01     2.203  0.1130E+00  0.3284E+01  0.2897E+01
  0.46182E-01  0.29939E+01     0.40000E-01  0.00000E+00 -0.40000E-01  0.00000E+00  0.00000E+00  0.00000E+00     0.17191E+01  0.18342E-01 -0.17374E+01  0.15237E-01  0.10119E-01 -0.15533E-01      298. 0.400E-01     2.203  0.1740E+00  0.3455E+01  0.3049E+01
  0.69273E-01  0.31419E+01     0.60000E-01  0.00000E+00 -0.60000E-01  0.00000E+00  0.00000E+00  0.00000E+00     0.18005E+01  0.26244E-01 -0.18268E+01  0.17870E-01  0.11470E-01 -0.11994E-01      298. 0.600E-01     2.203  0.2380E+00  0.3625E+01  0.3202E+01
  0.92363E-01  0.32906E+01     0.80000E-01  0.00000E+00 -0.80000E-01  0.00000E+00  0.00000E+00  0.00000E+00     0.18824E+01  0.34060E-01 -0.19165E+01  0.20888E-01  0.13155E-01 -0.83415E-02      298. 0.800E-01     2.203  0.3051E+00  0.3796E+01  0.3355E+01
  0.11545E+00  0.34403E+01     0.10000E+00  0.00000E+00 -0.10000E+00  0.00000E+00  0.00000E+00  0.00000E+00     0.19649E+01  0.41655E-01 -0.20065E+01  0.24176E-01  0.15369E-01 -0.50228E-02      298. 0.100E+00     2.204  0.3753E+00  0.3968E+01  0.3510E+01
  0.13854E+00  0.35898E+01     0.12000E+00  0.00000E+00 -0.12000E+00  0.00000E+00  0.00000E+00  0.00000E+00     0.20476E+01  0.48629E-01 -0.20962E+01  0.27634E-01  0.17854E-01 -0.18363E-02      298. 0.120E+00     2.205  0.4486E+00  0.4141E+01  0.3664E+01
  0.16163E+00  0.37388E+01     0.14000E+00  0.00000E+00 -0.14000E+00  0.00000E+00  0.00000E+00  0.00000E+00     0.21302E+01  0.55178E-01 -0.21854E+01  0.30746E-01  0.20183E-01  0.17513E-02      298. 0.140E+00     2.205  0.5250E+00  0.4319E+01  0.3822E+01
  0.18471E+00  0.38889E+01     0.16000E+00  0.00000E+00 -0.16000E+00  0.00000E+00  0.00000E+00  0.00000E+00     0.22133E+01  0.61924E-01 -0.22752E+01  0.32989E-01  0.22512E-01  0.59731E-02      298. 0.160E+00     2.206  0.6045E+00  0.4493E+01  0.3976E+01
  0.20779E+00  0.40398E+01     0.18000E+00  0.00000E+00 -0.18000E+00  0.00000E+00  0.00000E+00  0.00000E+00     0.22968E+01  0.68797E-01 -0.23656E+01  0.34215E-01  0.25284E-01  0.10805E-01      298. 0.180E+00     2.207  0.6872E+00  0.4667E+01  0.4131E+01
  0.23088E+00  0.41912E+01     0.20000E+00  0.00000E+00 -0.20000E+00  0.00000E+00  0.00000E+00  0.00000E+00     0.23808E+01  0.75300E-01 -0.24561E+01  0.34655E-01  0.28713E-01  0.16192E-01      298. 0.200E+00     2.208  0.7729E+00  0.4842E+01  0.4288E+01
  0.25396E+00  0.43428E+01     0.22000E+00  0.00000E+00 -0.22000E+00  0.00000E+00  0.00000E+00  0.00000E+00     0.24651E+01  0.81294E-01 -0.25464E+01  0.34741E-01  0.32791E-01  0.21543E-01      298. 0.220E+00     2.209  0.8619E+00  0.5017E+01  0.4446E+01
  0.27704E+00  0.44946E+01     0.24000E+00  0.00000E+00 -0.24000E+00  0.00000E+00  0.00000E+00  0.00000E+00     0.25497E+01  0.87063E-01 -0.26367E+01  0.34612E-01  0.36992E-01  0.26499E-01      298. 0.240E+00     2.210  0.9539E+00  0.5191E+01  0.4604E+01
  0.30012E+00  0.46466E+01     0.26000E+00  0.00000E+00 -0.26000E+00  0.00000E+00  0.00000E+00  0.00000E+00     0.26345E+01  0.92685E-01 -0.27272E+01  0.34292E-01  0.40507E-01  0.30979E-01      298. 0.260E+00     2.211  0.1049E+01  0.5366E+01  0.4763E+01
  0.32319E+00  0.47989E+01     0.28000E+00  0.00000E+00 -0.28000E+00  0.00000E+00  0.00000E+00  0.00000E+00     0.27195E+01  0.98059E-01 -0.28176E+01  0.34024E-01  0.43258E-01  0.35053E-01      298. 0.280E+00     2.212  0.1148E+01  0.5541E+01  0.4923E+01
  0.34627E+00  0.49514E+01     0.30000E+00  0.00000E+00 -0.30000E+00  0.00000E+00  0.00000E+00  0.00000E+00     0.28048E+01  0.10338E+00 -0.29081E+01  0.34040E-01  0.45617E-01  0.38702E-01      298. 0.300E+00     2.213  0.1249E+01  0.5717E+01  0.5084E+01
  0.36935E+00  0.51038E+01     0.32000E+00  0.00000E+00 -0.32000E+00  0.00000E+00  0.00000E+00  0.00000E+00     0.28899E+01  0.10889E+00 -0.29987E+01  0.34433E-01  0.47771E-01  0.41998E-01      298. 0.320E+00     2.214  0.1354E+01  0.5892E+01  0.5245E+01
  0.39242E+00  0.52564E+01     0.34000E+00  0.00000E+00 -0.34000E+00  0.00000E+00  0.00000E+00  0.00000E+00     0.29748E+01  0.11479E+00 -0.30896E+01  0.35034E-01  0.49799E-01  0.45090E-01      298. 0.340E+00     2.215  0.1462E+01  0.6068E+01  0.5406E+01
  0.41550E+00  0.54093E+01     0.36000E+00  0.00000E+00 -0.36000E+00  0.00000E+00  0.00000E+00  0.00000E+00     0.30599E+01  0.12081E+00 -0.31807E+01  0.35599E-01  0.51803E-01  0.48023E-01      298. 0.360E+00     2.215  0.1574E+01  0.6244E+01  0.5569E+01
  0.43857E+00  0.55623E+01     0.38000E+00  0.00000E+00 -0.38000E+00  0.00000E+00  0.00000E+00  0.00000E+00     0.31452E+01  0.12650E+00 -0.32717E+01  0.35919E-01  0.53806E-01  0.50761E-01      298. 0.380E+00     2.216  0.1688E+01  0.6421E+01  0.5732E+01
  0.46164E+00  0.57153E+01     0.40000E+00  0.00000E+00 -0.40000E+00  0.00000E+00  0.00000E+00  0.00000E+00     0.32308E+01  0.13170E+00 -0.33625E+01  0.35890E-01  0.55737E-01  0.53436E-01      298. 0.400E+00     2.216  0.1806E+01  0.6597E+01  0.5894E+01
  0.48472E+00  0.58680E+01     0.42000E+00  0.00000E+00 -0.42000E+00  0.00000E+00  0.00000E+00  0.00000E+00     0.33166E+01  0.13615E+00 -0.34528E+01  0.35576E-01  0.57408E-01  0.56133E-01      298. 0.420E+00     2.217  0.1927E+01  0.6774E+01  0.6058E+01
  0.50779E+00  0.60209E+01     0.44000E+00  0.00000E+00 -0.44000E+00  0.00000E+00  0.00000E+00  0.00000E+00     0.34028E+01  0.14010E+00 -0.35429E+01  0.35072E-01  0.58774E-01  0.58881E-01      298. 0.440E+00     2.217  0.2052E+01  0.6950E+01  0.6220E+01
  0.53086E+00  0.61737E+01     0.46000E+00  0.00000E+00 -0.46000E+00  0.00000E+00  0.00000E+00  0.00000E+00     0.34892E+01  0.14365E+00 -0.36328E+01  0.34498E-01  0.59828E-01  0.61647E-01      298. 0.460E+00     2.217  0.2179E+01  0.7126E+01  0.6383E+01
  0.55393E+00  0.63264E+01     0.48000E+00  0.00000E+00 -0.48000E+00  0.00000E+00  0.00000E+00  0.00000E+00     0.35758E+01  0.14670E+00 -0.37225E+01  0.33912E-01  0.60626E-01  0.64468E-01      298. 0.480E+00     2.217  0.2310E+01  0.7302E+01  0.6546E+01
  0.57700E+00  0.64792E+01     0.50000E+00  0.00000E+00 -0.50000E+00  0.00000E+00  0.00000E+00  0.00000E+00     0.36625E+01  0.14947E+00 -0.38120E+01  0.33232E-01  0.61166E-01  0.67316E-01      298. 0.500E+00     2.217  0.2445E+01  0.7478E+01  0.6709E+01
  0.60008E+00  0.66322E+01     0.52000E+00  0.00000E+00 -0.52000E+00  0.00000E+00  0.00000E+00  0.00000E+00     0.37495E+01  0.15211E+00 -0.39016E+01  0.32463E-01  0.61421E-01  0.70234E-01      298. 0.520E+00     2.217  0.2582E+01  0.7655E+01  0.6872E+01
  0.62315E+00  0.67859E+01     0.54000E+00  0.00000E+00 -0.54000E+00  0.00000E+00  0.00000E+00  0.00000E+00     0.38367E+01  0.15506E+00 -0.39918E+01  0.31684E-01  0.61409E-01  0.73341E-01      298. 0.540E+00     2.217  0.2723E+01  0.7827E+01  0.7031E+01
  0.64622E+00  0.69393E+01     0.56000E+00  0.00000E+00 -0.56000E+00  0.00000E+00  0.00000E+00  0.00000E+00     0.39237E+01  0.15800E+00 -0.40817E+01  0.30965E-01  0.61254E-01  0.76534E-01      298. 0.560E+00     2.217  0.2867E+01  0.8004E+01  0.7194E+01
  0.66930E+00  0.70929E+01     0.58000E+00  0.00000E+00 -0.58000E+00  0.00000E+00  0.00000E+00  0.00000E+00     0.40106E+01  0.16137E+00 -0.41720E+01  0.30283E-01  0.61179E-01  0.79780E-01      298. 0.580E+00     2.217  0.3014E+01  0.8181E+01  0.7357E+01
  0.69237E+00  0.72466E+01     0.60000E+00  0.00000E+00 -0.60000E+00  0.00000E+00  0.00000E+00  0.00000E+00     0.40973E+01  0.16538E+00 -0.42627E+01  0.29599E-01  0.61325E-01  0.83012E-01      298. 0.600E+00     2.218  0.3164E+01  0.8358E+01  0.7521E+01
  0.71544E+00  0.74006E+01     0.62000E+00  0.00000E+00 -0.62000E+00  0.00000E+00  0.00000E+00  0.00000E+00     0.41837E+01  0.17014E+00 -0.43539E+01  0.28877E-01  0.61701E-01  0.86181E-01      298. 0.620E+00     2.218  0.3318E+01  0.8536E+01  0.7685E+01
  0.73851E+00  0.75550E+01     0.64000E+00  0.00000E+00 -0.64000E+00  0.00000E+00  0.00000E+00  0.00000E+00     0.42699E+01  0.17564E+00 -0.44456E+01  0.28055E-01  0.62226E-01  0.89232E-01      298. 0.640E+00     2.218  0.3475E+01  0.8714E+01  0.7849E+01
  0.76159E+00  0.77097E+01     0.66000E+00  0.00000E+00 -0.66000E+00  0.00000E+00  0.00000E+00  0.00000E+00     0.43561E+01  0.18169E+00 -0.45378E+01  0.27102E-01  0.62790E-01  0.92120E-01      298. 0.660E+00     2.218  0.3635E+01  0.8892E+01  0.8014E+01
  0.78466E+00  0.78648E+01     0.68000E+00  0.00000E+00 -0.68000E+00  0.00000E+00  0.00000E+00  0.00000E+00     0.44422E+01  0.18817E+00 -0.46304E+01  0.26061E-01  0.63339E-01  0.94816E-01      298. 0.680E+00     2.218  0.3799E+01  0.9071E+01  0.8179E+01
  0.80773E+00  0.80203E+01     0.70000E+00  0.00000E+00 -0.70000E+00  0.00000E+00  0.00000E+00  0.00000E+00     0.45283E+01  0.19518E+00 -0.47235E+01  0.25009E-01  0.63882E-01  0.97304E-01      298. 0.700E+00     2.218  0.3966E+01  0.9251E+01  0.8345E+01
  0.83080E+00  0.81769E+01     0.72000E+00  0.00000E+00 -0.72000E+00  0.00000E+00  0.00000E+00  0.00000E+00     0.46145E+01  0.20321E+00 -0.48177E+01  0.23989E-01  0.64436E-01  0.99682E-01      298. 0.720E+00     2.219  0.4136E+01  0.9434E+01  0.8515E+01
  0.85387E+00  0.83336E+01     0.74000E+00  0.00000E+00 -0.74000E+00  0.00000E+00  0.00000E+00  0.00000E+00     0.47005E+01  0.21157E+00 -0.49121E+01  0.23056E-01  0.65007E-01  0.10182E+00      298. 0.740E+00     2.219  0.4309E+01  0.9615E+01  0.8682E+01
  0.87694E+00  0.84908E+01     0.76000E+00  0.00000E+00 -0.76000E+00  0.00000E+00  0.00000E+00  0.00000E+00     0.47865E+01  0.22079E+00 -0.50073E+01  0.22209E-01  0.65594E-01  0.10384E+00      298. 0.760E+00     2.220  0.4486E+01  0.9796E+01  0.8850E+01
  0.90001E+00  0.86487E+01     0.78000E+00  0.00000E+00 -0.78000E+00  0.00000E+00  0.00000E+00  0.00000E+00     0.48723E+01  0.23090E+00 -0.51032E+01  0.21457E-01  0.66192E-01  0.10577E+00      298. 0.780E+00     2.220  0.4667E+01  0.9977E+01  0.9018E+01
  0.92308E+00  0.88055E+01     0.80000E+00  0.00000E+00 -0.80000E+00  0.00000E+00  0.00000E+00  0.00000E+00     0.49576E+01  0.24082E+00 -0.51984E+01  0.20833E-01  0.66814E-01  0.10746E+00      298. 0.800E+00     2.221  0.4851E+01  0.1017E+02  0.9192E+01
  0.94614E+00  0.89661E+01     0.82000E+00  0.00000E+00 -0.82000E+00  0.00000E+00  0.00000E+00  0.00000E+00     0.50433E+01  0.25392E+00 -0.52972E+01  0.20229E-01  0.67425E-01  0.10952E+00      298. 0.820E+00     2.222  0.5038E+01  0.1035E+02  0.9363E+01
  0.96921E+00  0.91259E+01     0.84000E+00  0.00000E+00 -0.84000E+00  0.00000E+00  0.00000E+00  0.00000E+00     0.51286E+01  0.26695E+00 -0.53956E+01  0.19733E-01  0.68063E-01  0.11144E+00      298. 0.840E+00     2.223  0.5229E+01  0.1053E+02  0.9535E+01
  0.99228E+00  0.92863E+01     0.86000E+00  0.00000E+00 -0.86000E+00  0.00000E+00  0.00000E+00  0.00000E+00     0.52137E+01  0.28097E+00 -0.54947E+01  0.19328E-01  0.68728E-01  0.11345E+00      298. 0.860E+00     2.223  0.5423E+01  0.1072E+02  0.9706E+01
  0.10153E+01  0.94472E+01     0.88000E+00  0.00000E+00 -0.88000E+00  0.00000E+00  0.00000E+00  0.00000E+00     0.52987E+01  0.29588E+00 -0.55945E+01  0.19024E-01  0.69408E-01  0.11558E+00      298. 0.880E+00     2.224  0.5620E+01  0.1090E+02  0.9879E+01
  0.10384E+01  0.96086E+01     0.90000E+00  0.00000E+00 -0.90000E+00  0.00000E+00  0.00000E+00  0.00000E+00     0.53834E+01  0.31169E+00 -0.56951E+01  0.18822E-01  0.70073E-01  0.11785E+00      298. 0.900E+00     2.225  0.5821E+01  0.1109E+02  0.1005E+02
  0.10615E+01  0.97705E+01     0.92000E+00  0.00000E+00 -0.92000E+00  0.00000E+00  0.00000E+00  0.00000E+00     0.54678E+01  0.32841E+00 -0.57962E+01  0.18709E-01  0.70693E-01  0.12022E+00      298. 0.920E+00     2.226  0.6026E+01  0.1128E+02  0.1023E+02
  0.10845E+01  0.99272E+01     0.94000E+00  0.00000E+00 -0.94000E+00  0.00000E+00  0.00000E+00  0.00000E+00     0.55547E+01  0.33517E+00 -0.58899E+01  0.19055E-01  0.71498E-01  0.12241E+00      298. 0.940E+00     2.226  0.6234E+01  0.1146E+02  0.1039E+02
  0.11076E+01  0.10090E+02     0.96000E+00  0.00000E+00 -0.96000E+00  0.00000E+00  0.00000E+00  0.00000E+00     0.56385E+01  0.35387E+00 -0.59924E+01  0.19147E-01  0.72004E-01  0.12484E+00      298. 0.960E+00     2.227  0.6445E+01  0.1164E+02  0.1057E+02
  0.11306E+01  0.10252E+02     0.98000E+00  0.00000E+00 -0.98000E+00  0.00000E+00  0.00000E+00  0.00000E+00     0.57216E+01  0.37298E+00 -0.60946E+01  0.19337E-01  0.72490E-01  0.12711E+00      298. 0.980E+00     2.227  0.6660E+01  0.1183E+02  0.1074E+02
  0.11537E+01  0.10417E+02     0.10000E+01  0.00000E+00 -0.10000E+01  0.00000E+00  0.00000E+00  0.00000E+00     0.58048E+01  0.39510E+00 -0.61999E+01  0.19602E-01  0.72914E-01  0.12967E+00      298. 0.100E+01     2.229  0.6878E+01  0.1202E+02  0.1092E+02
          Dvm          Svm          D11          D22          D33          D23          D13          D12             SDEV11       SDEV22       SDEV33       SDEV23       SDEV13       SDEV12      TEMP    TAYLAV      WORKAV      WRATE1      WRATE2 
  0.81563E+00  0.10953E+02    -0.40825E+00 -0.40825E+00  0.81650E+00  0.00000E+00  0.00000E+00  0.00000E+00    -0.39136E+01 -0.33809E+01  0.72945E+01 -0.39202E-01 -0.76298E-01 -0.82524E-01      298.     2.348  0.7030E+01  0.8939E+01  0.7596E+01
  0.81627E+00  0.10900E+02    -0.46832E+00 -0.34507E+00  0.81339E+00  0.00000E+00  0.00000E+00  0.00000E+00    -0.40766E+01 -0.31699E+01  0.72465E+01 -0.38846E-01 -0.72540E-01 -0.80215E-01      298.     2.338  0.7183E+01  0.8899E+01  0.7626E+01
  0.81442E+00  0.10823E+02    -0.52483E+00 -0.27926E+00  0.80409E+00  0.00000E+00  0.00000E+00  0.00000E+00    -0.42446E+01 -0.29295E+01  0.71742E+01 -0.38221E-01 -0.70268E-01 -0.76362E-01      298.     2.316  0.7335E+01  0.8817E+01  0.7640E+01
  0.81091E+00  0.10715E+02    -0.57735E+00 -0.21132E+00  0.78868E+00  0.00000E+00  0.00000E+00  0.00000E+00    -0.44334E+01 -0.26326E+01  0.70660E+01 -0.37266E-01 -0.69153E-01 -0.73753E-01      298.     2.282  0.7488E+01  0.8693E+01  0.7626E+01
  0.80682E+00  0.10585E+02    -0.62547E+00 -0.14178E+00  0.76726E+00  0.00000E+00  0.00000E+00  0.00000E+00    -0.46499E+01 -0.22703E+01  0.69202E+01 -0.36145E-01 -0.69261E-01 -0.75666E-01      298.     2.243  0.7640E+01  0.8542E+01  0.7582E+01
  0.80452E+00  0.10432E+02    -0.66883E+00 -0.71162E-01  0.74000E+00  0.00000E+00  0.00000E+00  0.00000E+00    -0.49368E+01 -0.17722E+01  0.67091E+01 -0.34362E-01 -0.70612E-01 -0.84213E-01      298.     2.204  0.7790E+01  0.8398E+01  0.7532E+01
  0.81492E+00  0.10238E+02    -0.70711E+00  0.00000E+00  0.70711E+00  0.00000E+00  0.00000E+00  0.00000E+00    -0.57052E+01 -0.38838E+00  0.60936E+01 -0.19279E-01 -0.71659E-01 -0.12738E+00      298.     2.190  0.7942E+01  0.8346E+01  0.7583E+01
  0.77466E+00  0.10909E+02    -0.74000E+00  0.71162E-01  0.66883E+00  0.00000E+00  0.00000E+00  0.00000E+00    -0.72208E+01  0.28807E+01  0.43401E+01  0.21928E-02 -0.78829E-01 -0.16934E+00      298.     2.218  0.8095E+01  0.8449E+01  0.7670E+01
  0.77543E+00  0.11148E+02    -0.76726E+00  0.14178E+00  0.62547E+00  0.00000E+00  0.00000E+00  0.00000E+00    -0.74262E+01  0.35109E+01  0.39153E+01  0.79102E-02 -0.77430E-01 -0.13310E+00      298.     2.269  0.8253E+01  0.8646E+01  0.7886E+01
  0.78587E+00  0.11255E+02    -0.78868E+00  0.21132E+00  0.57735E+00  0.00000E+00  0.00000E+00  0.00000E+00    -0.75012E+01  0.38302E+01  0.36710E+01  0.11025E-01 -0.74597E-01 -0.10346E+00      298.     2.321  0.8416E+01  0.8851E+01  0.8123E+01
  0.79688E+00  0.11318E+02    -0.80409E+00  0.27926E+00  0.52483E+00  0.00000E+00  0.00000E+00  0.00000E+00    -0.75370E+01  0.40590E+01  0.34779E+01  0.13194E-01 -0.71076E-01 -0.79541E-01      298.     2.367  0.8582E+01  0.9024E+01  0.8330E+01
  0.80613E+00  0.11357E+02    -0.81339E+00  0.34507E+00  0.46832E+00  0.00000E+00  0.00000E+00  0.00000E+00    -0.75512E+01  0.42450E+01  0.33063E+01  0.14834E-01 -0.66835E-01 -0.59383E-01      298.     2.403  0.8752E+01  0.9162E+01  0.8496E+01
  0.81267E+00  0.11379E+02    -0.81650E+00  0.40825E+00  0.40825E+00  0.00000E+00  0.00000E+00  0.00000E+00    -0.75505E+01  0.44058E+01  0.31447E+01  0.16215E-01 -0.61874E-01 -0.42945E-01      298.     2.428  0.8924E+01  0.9249E+01  0.8608E+01
  0.81604E+00  0.11388E+02    -0.81339E+00  0.46832E+00  0.34507E+00  0.00000E+00  0.00000E+00  0.00000E+00    -0.75373E+01  0.45513E+01  0.29860E+01  0.17458E-01 -0.56099E-01 -0.29921E-01      298.     2.440  0.9098E+01  0.9291E+01  0.8669E+01
  0.81604E+00  0.11384E+02    -0.80409E+00  0.52483E+00  0.27926E+00  0.00000E+00  0.00000E+00  0.00000E+00    -0.75126E+01  0.46883E+01  0.28243E+01  0.18598E-01 -0.49375E-01 -0.19817E-01      298.     2.440  0.9271E+01  0.9286E+01  0.8679E+01
  0.81273E+00  0.11369E+02    -0.78868E+00  0.57735E+00  0.21132E+00  0.00000E+00  0.00000E+00  0.00000E+00    -0.74751E+01  0.48224E+01  0.26527E+01  0.19650E-01 -0.41464E-01 -0.12473E-01      298.     2.427  0.9444E+01  0.9233E+01  0.8635E+01
  0.80642E+00  0.11342E+02    -0.76726E+00  0.62547E+00  0.14178E+00  0.00000E+00  0.00000E+00  0.00000E+00    -0.74222E+01  0.49599E+01  0.24623E+01  0.20606E-01 -0.31948E-01 -0.79838E-02      298.     2.402  0.9615E+01  0.9138E+01  0.8543E+01
  0.79785E+00  0.11299E+02    -0.74000E+00  0.66883E+00  0.71162E-01  0.00000E+00  0.00000E+00  0.00000E+00    -0.73471E+01  0.51115E+01  0.22356E+01  0.21304E-01 -0.19898E-01 -0.67265E-02      298.     2.368  0.9783E+01  0.9008E+01  0.8408E+01
  0.78892E+00  0.11232E+02    -0.70711E+00  0.70711E+00  0.00000E+00  0.00000E+00  0.00000E+00  0.00000E+00    -0.72308E+01  0.53012E+01  0.19295E+01  0.21184E-01 -0.29466E-02 -0.91708E-02      298.     2.329  0.9948E+01  0.8856E+01  0.8241E+01
  0.78740E+00  0.11113E+02    -0.66883E+00  0.74000E+00 -0.71162E-01  0.00000E+00  0.00000E+00  0.00000E+00    -0.69765E+01  0.56471E+01  0.13295E+01  0.19530E-01  0.30932E-01 -0.13720E-01      298.     2.300  0.1011E+02  0.8745E+01  0.8083E+01
  0.81628E+00  0.11070E+02    -0.62547E+00  0.76726E+00 -0.14178E+00  0.00000E+00  0.00000E+00  0.00000E+00    -0.56487E+01  0.69348E+01 -0.12860E+01  0.12973E-01  0.14323E+00 -0.22779E-01      298.     2.376  0.1027E+02  0.9043E+01  0.7906E+01
  0.81472E+00  0.11197E+02    -0.57735E+00  0.78868E+00 -0.21132E+00  0.00000E+00  0.00000E+00  0.00000E+00    -0.49539E+01  0.73088E+01 -0.23548E+01 -0.75717E-02  0.18298E+00 -0.41996E-01      298.     2.399  0.1042E+02  0.9128E+01  0.7732E+01
  0.81357E+00  0.11176E+02    -0.52483E+00  0.80409E+00 -0.27926E+00  0.00000E+00  0.00000E+00  0.00000E+00    -0.43255E+01  0.74122E+01 -0.30867E+01 -0.92073E-02  0.20456E+00 -0.42036E-01      298.     2.392  0.1058E+02  0.9096E+01  0.7743E+01
  0.81490E+00  0.11092E+02    -0.46832E+00  0.81339E+00 -0.34507E+00  0.00000E+00  0.00000E+00  0.00000E+00    -0.39040E+01  0.73870E+01 -0.34829E+01 -0.49597E-02  0.19300E+00 -0.42588E-01      298.     2.378  0.1073E+02  0.9038E+01  0.7789E+01
  0.81598E+00  0.11014E+02    -0.40825E+00  0.81650E+00 -0.40825E+00  0.00000E+00  0.00000E+00  0.00000E+00    -0.35426E+01  0.73382E+01 -0.37956E+01 -0.31397E-03  0.17994E+00 -0.48116E-01      298.     2.364  0.1089E+02  0.8983E+01  0.7832E+01
  0.81606E+00  0.10944E+02    -0.34507E+00  0.81339E+00 -0.46832E+00  0.00000E+00  0.00000E+00  0.00000E+00    -0.31976E+01  0.72756E+01 -0.40780E+01  0.20977E-02  0.16904E+00 -0.47207E-01      298.     2.350  0.1105E+02  0.8927E+01  0.7855E+01
  0.81505E+00  0.10868E+02    -0.27926E+00  0.80409E+00 -0.52483E+00  0.00000E+00  0.00000E+00  0.00000E+00    -0.28377E+01  0.71896E+01 -0.43519E+01  0.25476E-02  0.15837E+00 -0.37715E-01      298.     2.330  0.1120E+02  0.8855E+01  0.7847E+01
  0.81323E+00  0.10787E+02    -0.21132E+00  0.78868E+00 -0.57735E+00  0.00000E+00  0.00000E+00  0.00000E+00    -0.24515E+01  0.70788E+01 -0.46273E+01  0.38271E-03  0.14799E+00 -0.23565E-01      298.     2.308  0.1136E+02  0.8772E+01  0.7808E+01
  0.81124E+00  0.10711E+02    -0.14178E+00  0.76726E+00 -0.62547E+00  0.00000E+00  0.00000E+00  0.00000E+00    -0.20127E+01  0.69377E+01 -0.49250E+01 -0.21169E-02  0.13892E+00  0.37803E-02      298.     2.286  0.1151E+02  0.8686E+01  0.7739E+01
  0.81036E+00  0.10639E+02    -0.71162E-01  0.74000E+00 -0.66883E+00  0.00000E+00  0.00000E+00  0.00000E+00    -0.14628E+01  0.67404E+01 -0.52775E+01 -0.40974E-02  0.13345E+00  0.48882E-01      298.     2.268  0.1167E+02  0.8617E+01  0.7652E+01
  0.81324E+00  0.10596E+02     0.00000E+00  0.70711E+00 -0.70711E+00  0.00000E+00  0.00000E+00  0.00000E+00    -0.60386E+00  0.63953E+01 -0.57915E+01 -0.36685E-02  0.13536E+00  0.80545E-01      298.     2.267  0.1182E+02  0.8615E+01  0.7572E+01
  0.81434E+00  0.10610E+02     0.71162E-01  0.66883E+00 -0.74000E+00  0.00000E+00  0.00000E+00  0.00000E+00     0.10884E+01  0.55060E+01 -0.65944E+01  0.55938E-02  0.14681E+00  0.82975E-01      298.     2.274  0.1197E+02  0.8648E+01  0.7479E+01
  0.80839E+00  0.10794E+02     0.14178E+00  0.62547E+00 -0.76726E+00  0.00000E+00  0.00000E+00  0.00000E+00     0.22168E+01  0.48185E+01 -0.70354E+01  0.22199E-01  0.13395E+00  0.83632E-01      298.     2.296  0.1212E+02  0.8721E+01  0.7532E+01
  0.80111E+00  0.10974E+02     0.21132E+00  0.57735E+00 -0.78868E+00  0.00000E+00  0.00000E+00  0.00000E+00     0.32143E+01  0.40825E+01 -0.72967E+01  0.32029E-01  0.10911E+00  0.82657E-01      298.     2.312  0.1227E+02  0.8793E+01  0.7487E+01
  0.80669E+00  0.10995E+02     0.27926E+00  0.52483E+00 -0.80409E+00  0.00000E+00  0.00000E+00  0.00000E+00     0.35316E+01  0.37952E+01 -0.73268E+01  0.36310E-01  0.93252E-01  0.82958E-01      298.     2.332  0.1242E+02  0.8875E+01  0.7497E+01
  0.81230E+00  0.10987E+02     0.34507E+00  0.46832E+00 -0.81339E+00  0.00000E+00  0.00000E+00  0.00000E+00     0.37397E+01  0.35832E+01 -0.73228E+01  0.38603E-01  0.82656E-01  0.83279E-01      298.     2.346  0.1257E+02  0.8923E+01  0.7543E+01
          Dvm          Svm          D11          D22          D33          D23          D13          D12             SCAU11       SCAU22       SCAU33       SCAU23       SCAU13       SCAU12      TEMP    TAYLAV      WORKAV      WRATE1      WRATE2 
  0.81632E+00  0.11252E+02     0.81650E+00 -0.19752E+00 -0.61897E+00  0.00000E+00  0.00000E+00  0.00000E+00     0.11249E+02  0.00000E+00  0.00000E+00 -0.10197E-01  0.75741E-01  0.11243E+00      298.     2.310  0.1274E+02  0.9194E+01  0.8422E+01
  0.81324E+00  0.11182E+02     0.81650E+00 -0.22919E+00 -0.58730E+00  0.00000E+00  0.00000E+00  0.00000E+00     0.11137E+02  0.00000E+00  0.00000E+00  0.25833E-02  0.66059E-01 -0.57201E+00      298.     2.315  0.1290E+02  0.9093E+01  0.8330E+01
  0.80439E+00  0.10917E+02     0.81650E+00 -0.30685E+00 -0.50965E+00  0.00000E+00  0.00000E+00  0.00000E+00     0.10755E+02  0.00000E+00  0.00000E+00  0.45660E-01  0.40104E-01 -0.10798E+01      298.     2.284  0.1307E+02  0.8790E+01  0.8076E+01
  0.80274E+00  0.10430E+02     0.81650E+00 -0.42249E+00 -0.39400E+00  0.00000E+00  0.00000E+00  0.00000E+00     0.10254E+02  0.00000E+00  0.00000E+00  0.12296E+00 -0.70112E-02 -0.10936E+01      298.     2.201  0.1322E+02  0.8378E+01  0.7685E+01
  0.81269E+00  0.99188E+01     0.81650E+00 -0.53118E+00 -0.28532E+00  0.00000E+00  0.00000E+00  0.00000E+00     0.98726E+01  0.00000E+00  0.00000E+00  0.14264E+00 -0.47895E-01 -0.53131E+00      298.     2.087  0.1337E+02  0.8066E+01  0.7401E+01
  0.81618E+00  0.98492E+01     0.81650E+00 -0.59191E+00 -0.22459E+00  0.00000E+00  0.00000E+00  0.00000E+00     0.98454E+01  0.00000E+00  0.00000E+00 -0.54642E-01  0.51863E-01  0.14041E+00      298.     2.044  0.1351E+02  0.8040E+01  0.7334E+01
  0.81162E+00  0.10262E+02     0.81650E+00 -0.58426E+00 -0.23224E+00  0.00000E+00  0.00000E+00  0.00000E+00     0.10200E+02  0.00000E+00  0.00000E+00 -0.21874E+00  0.13560E+00  0.59310E+00      298.     2.124  0.1366E+02  0.8334E+01  0.7400E+01
  0.81238E+00  0.10687E+02     0.81650E+00 -0.52576E+00 -0.29074E+00  0.00000E+00  0.00000E+00  0.00000E+00     0.10633E+02  0.00000E+00  0.00000E+00 -0.22642E+00  0.87884E-01  0.56932E+00      298.     2.251  0.1381E+02  0.8677E+01  0.7538E+01
  0.81410E+00  0.10944E+02     0.81650E+00 -0.46582E+00 -0.35068E+00  0.00000E+00  0.00000E+00  0.00000E+00     0.10912E+02  0.00000E+00  0.00000E+00 -0.19951E+00  0.60186E-01  0.43608E+00      298.     2.336  0.1397E+02  0.8919E+01  0.7716E+01
  0.81613E+00  0.11043E+02     0.81650E+00 -0.43225E+00 -0.38425E+00  0.00000E+00  0.00000E+00  0.00000E+00     0.11039E+02  0.00000E+00  0.00000E+00 -0.18468E+00 -0.17437E-02  0.46178E-01      298.     2.369  0.1412E+02  0.9006E+01  0.7819E+01
