TEXTURE AT STRAIN =    1.0000
   1.000   2.693   0.364  <-- length of average ellipsoid axes for phase
   90.00    0.00    0.00  <-- Euler angles of average ellipsoid axes for phase
B       500
  120.50  103.76   31.32   0.0020000
 -135.97   39.11   75.49   0.0020000
 -134.95   36.68  -18.91   0.0020000
  137.17  102.56   33.45   0.0020000
  152.88   58.21  -16.48   0.0020000
  -20.77   25.57  -76.40   0.0020000
   31.13  110.13  -24.38   0.0020000
 -117.17  145.30   25.91   0.0020000
  -49.07   77.60  145.89   0.0020000
  -73.92  147.06 -125.32   0.0020000
  -83.39  147.70 -128.56   0.0020000
   86.46  147.25  132.28   0.0020000
   46.90   74.26   31.10   0.0020000
   33.58  119.10  161.72   0.0020000
   43.80  109.85  -26.40   0.0020000
  -86.54   87.86  152.92   0.0020000
   87.32   32.33 -133.44   0.0020000
  113.08   65.80  -11.72   0.0020000
   55.66   71.92 -153.48   0.0020000
  -76.74   32.27  130.72   0.0020000
 -141.08  114.27  -22.98   0.0020000
   46.24  140.13  -77.99   0.0020000
  -74.40   33.30   35.22   0.0020000
 -122.93   35.32  156.31   0.0020000
  131.28   75.64   57.43   0.0020000
  120.01   96.69  -50.57   0.0020000
  -56.92  106.50  -62.00   0.0020000
  -25.64   48.96  173.99   0.0020000
  -84.47   89.04 -124.59   0.0020000
  -25.12  135.74   -0.59   0.0020000
  129.11   75.42   57.62   0.0020000
  -27.88   45.20    0.02   0.0020000
  155.66  127.26  101.10   0.0020000
  -77.05   83.94 -121.89   0.0020000
  -26.67  140.96  -97.63   0.0020000
   23.73   47.45  -86.37   0.0020000
  -30.35  138.63  174.38   0.0020000
 -138.13   66.21 -157.21   0.0020000
 -126.48   79.11  125.58   0.0020000
   20.30   57.29  104.54   0.0020000
 -134.64  113.11   65.99   0.0020000
  105.59   99.01  117.67   0.0020000
  165.55   51.09  175.02   0.0020000
  -55.51   36.14  112.70   0.0020000
  154.47   53.88 -103.07   0.0020000
 -138.42   76.85 -147.16   0.0020000
  -63.31   44.37    1.57   0.0020000
  131.86   83.39  140.42   0.0020000
  -36.59   44.44 -178.31   0.0020000
  -65.35   35.24 -155.10   0.0020000
  -84.31   32.89  -49.19   0.0020000
  -56.22   78.95  144.33   0.0020000
   44.79  106.82 -119.46   0.0020000
 -132.46  143.95   20.25   0.0020000
   59.57   77.69 -145.28   0.0020000
 -109.29  111.86  -12.14   0.0020000
   81.39   88.95  -67.62   0.0020000
   24.21   44.48   -0.24   0.0020000
   -1.26   13.73  -87.76   0.0020000
   45.64   72.26  118.98   0.0020000
  115.31   33.53   30.10   0.0020000
   -0.39  116.67  178.32   0.0020000
 -118.83   88.75 -136.23   0.0020000
  112.48  146.10 -120.89   0.0020000
  -50.61   83.11 -129.15   0.0020000
 -158.94   62.85 -162.64   0.0020000
  -37.11  139.87  170.30   0.0020000
   29.99  138.83 -172.52   0.0020000
 -122.64   36.92   70.65   0.0020000
 -132.88   73.62 -150.14   0.0020000
   38.40   66.37   23.48   0.0020000
    1.21  126.54 -179.82   0.0020000
  112.38   33.25  121.97   0.0020000
 -125.86   82.59  -51.10   0.0020000
   56.45  144.80  115.19   0.0020000
    1.81  158.93   89.64   0.0020000
  -44.78  140.21  169.33   0.0020000
 -145.78   38.61   -9.55   0.0020000
  144.43   62.75   69.67   0.0020000
  -49.29  143.12  -18.05   0.0020000
  159.99   49.90  173.43   0.0020000
   92.10   32.34  134.57   0.0020000
  -93.82  147.78   44.35   0.0020000
  -40.72  112.02 -155.07   0.0020000
   -1.35   17.03   90.87   0.0020000
  159.06   53.32  168.54   0.0020000
  149.31   69.16  154.54   0.0020000
   50.08   74.76  121.56   0.0020000
   32.70  119.79   72.24   0.0020000
   36.82   65.87  -66.94   0.0020000
  153.58   40.96    5.07   0.0020000
   87.23   32.40   46.60   0.0020000
  101.37   84.36  148.71   0.0020000
   42.02  118.92 -108.63   0.0020000
  -40.82  113.14   23.55   0.0020000
 -118.93  155.90  -75.47   0.0020000
  112.44  146.45  147.28   0.0020000
   64.83   83.02  -51.38   0.0020000
  109.05   92.84  -49.87   0.0020000
 -178.60   78.47   84.64   0.0020000
   60.45   89.37  -45.12   0.0020000
  178.84   60.89   88.36   0.0020000
  143.60   44.19    1.18   0.0020000
  142.40  130.36   96.24   0.0020000
   36.77  115.07   68.50   0.0020000
  128.55   93.32  -47.89   0.0020000
   83.08   32.59  -38.93   0.0020000
  -45.10   66.87  155.72   0.0020000
   27.93  122.84 -105.30   0.0020000
  -37.41   66.54 -113.05   0.0020000
  -38.69   41.47  -81.62   0.0020000
   46.42  108.22   62.05   0.0020000
  -68.82   93.85  130.35   0.0020000
 -137.97   68.94 -154.69   0.0020000
  111.64   78.56 -119.72   0.0020000
  136.07  140.32  -13.16   0.0020000
   62.77   77.00   32.35   0.0020000
  -62.28   35.15  -64.14   0.0020000
 -154.02  128.14  -10.90   0.0020000
   50.06  140.49   11.89   0.0020000
  -23.49   33.94   11.02   0.0020000
    6.27  118.20   84.81   0.0020000
   38.94   60.85 -161.29   0.0020000
 -109.78   62.88 -174.03   0.0020000
  156.69  139.10   -4.79   0.0020000
   79.06  146.34   33.24   0.0020000
   89.32   88.97  -68.60   0.0020000
  149.68  132.97  -86.54   0.0020000
  163.86   55.19 -101.92   0.0020000
  -36.28  143.51 -105.08   0.0020000
   10.52   55.15    5.76   0.0020000
 -128.71   82.98  128.85   0.0020000
   40.39  112.34 -114.03   0.0020000
  -76.48   34.06  -59.47   0.0020000
 -161.59  134.16  179.04   0.0020000
  -99.92   91.75  -39.15   0.0020000
  -49.44   69.87   65.03   0.0020000
  143.64   65.81  157.04   0.0020000
  -70.54   95.68   37.15   0.0020000
   35.66  118.11  160.86   0.0020000
  -67.58  150.55  139.90   0.0020000
  133.88  125.13  102.37   0.0020000
 -167.82   48.83   91.13   0.0020000
   78.95   32.83   53.34   0.0020000
 -151.52  121.66   73.26   0.0020000
  136.60  107.99   28.31   0.0020000
  147.29   46.12   87.44   0.0020000
  103.36   91.67  129.22   0.0020000
   11.44  106.67 -101.63   0.0020000
   92.07   89.75  134.12   0.0020000
 -148.90  123.39   74.68   0.0020000
  -50.18  101.53  -54.48   0.0020000
   45.14   70.75   27.50   0.0020000
 -125.26   97.96   50.98   0.0020000
 -107.54   93.04 -130.14   0.0020000
  119.28  144.49  155.65   0.0020000
 -115.67  144.91  -65.89   0.0020000
   20.93  139.91    4.40   0.0020000
  172.13  112.84   96.89   0.0020000
  147.12  112.77 -156.91   0.0020000
   31.41  122.91   74.87   0.0020000
  140.94   54.20  167.85   0.0020000
 -126.01   87.98   43.14   0.0020000
 -148.64  142.34 -168.81   0.0020000
   74.58   91.22   48.58   0.0020000
   49.86  102.51   56.16   0.0020000
   10.91   37.46   87.97   0.0020000
  105.83   32.77  125.66   0.0020000
   97.25   85.38  155.15   0.0020000
  131.02   73.67  149.48   0.0020000
  -43.52   74.88 -120.90   0.0020000
  -52.89  144.67  -23.09   0.0020000
 -158.04   40.45  175.61   0.0020000
 -115.58   95.89  -39.79   0.0020000
  -98.50  146.92   34.67   0.0020000
  134.28   78.78  -35.35   0.0020000
  143.89  113.67  112.93   0.0020000
 -155.10  132.25  175.48   0.0020000
 -123.89   83.13  -50.51   0.0020000
  138.77   67.13 -114.07   0.0020000
  -35.51   46.44   87.99   0.0020000
  113.27  102.19 -149.71   0.0020000
 -147.61  129.35   81.04   0.0020000
 -116.07   89.09 -135.91   0.0020000
  131.97  105.82  120.50   0.0020000
  133.16   40.31    8.49   0.0020000
 -172.06   50.73 -179.04   0.0020000
   40.38  112.33   65.88   0.0020000
 -143.64   68.90 -155.15   0.0020000
  136.12  107.09  -60.97   0.0020000
 -145.74   60.88  -71.72   0.0020000
  158.84   42.30  -87.81   0.0020000
  -62.60  145.08  -24.82   0.0020000
  -81.16   85.44   61.22   0.0020000
  -52.68   78.79  144.56   0.0020000
   48.14  109.74  -25.80   0.0020000
  117.17  145.07  153.49   0.0020000
   79.70  146.95  127.45   0.0020000
   65.13  145.19 -152.61   0.0020000
 -133.53   68.10   24.34   0.0020000
   80.90  147.19  130.53   0.0020000
  -12.81  133.32    1.17   0.0020000
   39.27  112.41 -114.08   0.0020000
  104.84   80.93 -119.03   0.0020000
  -22.60  121.67   15.93   0.0020000
   45.90   72.93  -60.27   0.0020000
  123.48  143.38  -20.41   0.0020000
 -132.22  110.12  -26.13   0.0020000
   86.93   32.44   47.89   0.0020000
  -59.42  113.25  -67.40   0.0020000
  -51.53   69.14 -113.94   0.0020000
 -134.18   39.71  -12.72   0.0020000
  -47.60  145.88 -113.48   0.0020000
   11.21   63.52 -167.93   0.0020000
   -6.10  149.63  177.21   0.0020000
  117.56   92.82  -47.68   0.0020000
   39.17  111.08 -115.36   0.0020000
   54.72   36.19  159.05   0.0020000
   29.75   60.04 -161.96   0.0020000
 -157.77   52.22 -170.50   0.0020000
   74.05  146.50  -55.67   0.0020000
 -145.67   64.38   20.97   0.0020000
 -143.97   65.23 -158.05   0.0020000
  -44.68  121.73  -73.44   0.0020000
  -40.04   68.03  155.66   0.0020000
  130.70  101.64 -145.35   0.0020000
  -28.63  124.21 -165.42   0.0020000
  -12.09   54.91   -6.40   0.0020000
 -100.22   24.47 -154.77   0.0020000
 -166.93   74.29  -78.30   0.0020000
  -52.09   72.69 -117.84   0.0020000
   -5.01   61.24   -2.65   0.0020000
  155.91  145.48   78.66   0.0020000
  138.79   68.29   64.71   0.0020000
 -137.90  140.23 -168.45   0.0020000
 -169.80  104.49   87.39   0.0020000
  171.49  122.25  -84.82   0.0020000
 -123.97  103.27  146.35   0.0020000
   59.09  101.95 -124.16   0.0020000
 -136.54   70.23 -153.63   0.0020000
   15.83   59.16   13.64   0.0020000
   37.75   51.32  -80.93   0.0020000
   39.68  137.98   96.91   0.0020000
  -91.60  147.66 -135.52   0.0020000
  -33.29   62.89 -109.73   0.0020000
  -39.23  120.46  105.20   0.0020000
 -126.31   80.77 -142.84   0.0020000
  104.89  146.70 -125.97   0.0020000
 -123.91  102.89   55.79   0.0020000
  -53.05  110.51 -157.20   0.0020000
  -93.56   95.39   87.23   0.0020000
  138.52   67.83 -114.68   0.0020000
 -121.95   68.76 -160.71   0.0020000
  -31.87   58.42  163.91   0.0020000
   29.16   50.96   99.91   0.0020000
  165.66   40.78    1.76   0.0020000
  -88.78  149.30 -157.45   0.0020000
   39.76   88.73   44.07   0.0020000
  -28.07  135.69  -90.49   0.0020000
  126.95   95.27 -139.20   0.0020000
 -137.95   68.46 -155.21   0.0020000
  -85.41   90.90  -52.90   0.0020000
  -27.95  139.82   83.36   0.0020000
  142.47   41.20   97.81   0.0020000
  -88.58  147.66 -136.81   0.0020000
   26.28   44.21  -90.57   0.0020000
  -51.58  143.09  -18.62   0.0020000
  -76.23  147.85   50.89   0.0020000
 -137.45   71.84  -61.95   0.0020000
  -55.21   79.46 -126.16   0.0020000
  -48.00  104.25  122.71   0.0020000
 -132.88  139.01  -83.17   0.0020000
 -123.81   86.39  -48.08   0.0020000
  -73.26   90.88  133.50   0.0020000
  -93.27   90.40  134.43   0.0020000
  -27.17  131.67  -83.70   0.0020000
 -137.19  113.22  -23.89   0.0020000
  174.84  130.90    0.30   0.0020000
  120.82  144.21  156.60   0.0020000
   48.75  104.88   58.56   0.0020000
 -121.85  144.04  -68.33   0.0020000
  139.44   69.33  -26.31   0.0020000
 -111.98  145.99 -150.85   0.0020000
   47.18   70.47  116.94   0.0020000
 -111.02  146.26 -149.75   0.0020000
 -113.39   91.59  -43.58   0.0020000
   35.02  121.01   73.43   0.0020000
  137.43   70.62   62.51   0.0020000
  -39.97  112.12 -155.10   0.0020000
   44.05   34.37  158.78   0.0020000
  -67.98  145.76   62.33   0.0020000
  -31.46   45.07 -179.77   0.0020000
   50.87   75.03 -148.09   0.0020000
  -39.94   59.33  -16.67   0.0020000
  117.11  145.30 -117.40   0.0020000
  -34.30   61.94  160.87   0.0020000
  135.80  107.96 -151.69   0.0020000
 -102.07   91.64  139.55   0.0020000
  175.12  140.94   88.73   0.0020000
 -144.87  125.48  167.11   0.0020000
   23.83   53.10   11.94   0.0020000
   56.83   39.27   79.72   0.0020000
  -57.85   36.05  112.31   0.0020000
 -157.47  125.17  -13.37   0.0020000
    0.13  158.02   89.31   0.0020000
  -45.48   73.70 -119.93   0.0020000
  -41.39   68.63  155.16   0.0020000
 -114.17  103.91  151.85   0.0020000
  150.99  118.66 -161.71   0.0020000
  -92.21   92.08   78.71   0.0020000
   30.16  133.09   86.91   0.0020000
  -51.55  100.61  126.50   0.0020000
 -149.69   50.15   98.17   0.0020000
 -148.04  127.38  168.67   0.0020000
 -126.19   43.87  177.69   0.0020000
   62.81   76.68 -148.47   0.0020000
  -32.48   64.23   69.29   0.0020000
 -139.93   61.94  108.24   0.0020000
  -50.68  102.73 -145.71   0.0020000
 -163.70   75.33   18.30   0.0020000
  -26.43  139.26   -5.30   0.0020000
  113.57   76.63 -119.18   0.0020000
  -42.15   70.30  153.46   0.0020000
  106.49  146.49 -124.55   0.0020000
  -27.45   38.66 -171.02   0.0020000
  -38.24   67.28 -113.59   0.0020000
  -33.70  132.62   94.53   0.0020000
   16.90   81.82   22.95   0.0020000
  107.59   76.98  -24.16   0.0020000
  177.98   90.61   21.51   0.0020000
  -53.15   80.29   53.09   0.0020000
   36.95  115.06 -111.36   0.0020000
   98.34  147.03   50.78   0.0020000
 -108.93   34.79  -26.76   0.0020000
   28.25  124.24   75.88   0.0020000
 -134.25   70.43  116.48   0.0020000
  -43.29  140.27   78.77   0.0020000
   72.62   85.02 -142.55   0.0020000
  -38.41   70.50 -116.45   0.0020000
 -153.77  114.84  -20.31   0.0020000
  106.27   33.23   33.24   0.0020000
   62.46   85.39 -138.75   0.0020000
   90.44   32.47   46.34   0.0020000
   -4.54  138.81   -0.17   0.0020000
  114.82   94.55   40.12   0.0020000
  147.49  133.32 -177.29   0.0020000
   63.22   72.99   23.67   0.0020000
 -177.54  138.47   -0.20   0.0020000
   45.22   71.09 -152.07   0.0020000
 -135.75  104.53   57.61   0.0020000
  134.48  139.78 -100.82   0.0020000
 -123.17   92.78   46.71   0.0020000
  -39.94  113.11  114.12   0.0020000
   90.64   89.94 -120.39   0.0020000
  115.40   34.13 -151.87   0.0020000
  -95.02   94.15  163.46   0.0020000
   25.32  117.72  -17.93   0.0020000
 -108.86   34.99   63.94   0.0020000
 -134.93   81.89   37.43   0.0020000
 -108.62   33.84 -122.21   0.0020000
  168.77   92.72   96.49   0.0020000
  -55.92   74.69   60.51   0.0020000
  156.91  128.39 -170.80   0.0020000
 -175.90  129.52  -90.90   0.0020000
  148.02   50.88  170.90   0.0020000
  153.83  138.39   -4.97   0.0020000
   38.47  112.93 -113.51   0.0020000
  126.21   87.02  136.93   0.0020000
  -79.52  147.35  -37.45   0.0020000
  -41.40  111.36 -154.50   0.0020000
  130.84  142.23  -18.01   0.0020000
  137.05   67.65  155.35   0.0020000
 -131.55   73.12  -60.69   0.0020000
  -91.51   32.77  -44.36   0.0020000
   14.59  134.14  -90.02   0.0020000
   46.74   70.80  -62.66   0.0020000
 -110.41  146.63 -147.96   0.0020000
   10.59   47.53  -88.83   0.0020000
   70.19   32.49  -35.17   0.0020000
  -35.50   62.87   70.11   0.0020000
 -130.13   69.30  -65.41   0.0020000
  -23.49  134.95   90.55   0.0020000
 -128.92  141.55 -166.42   0.0020000
 -141.99   41.79   82.61   0.0020000
  -69.64  117.28    8.63   0.0020000
   34.65  115.09  158.77   0.0020000
   33.92  111.20  -25.06   0.0020000
   90.31   32.48 -135.24   0.0020000
  137.44  135.07   89.49   0.0020000
  125.44  101.37  125.37   0.0020000
  163.41  142.14  175.05   0.0020000
  131.68  104.55  -58.22   0.0020000
 -125.13   76.40  -57.43   0.0020000
  139.69   65.03  157.59   0.0020000
   29.63   96.80   73.44   0.0020000
 -138.35  134.00  -92.05   0.0020000
  -86.39  147.61  -44.97   0.0020000
  156.46   49.05  -96.69   0.0020000
   86.97   32.44   45.77   0.0020000
   53.10   74.37  -59.04   0.0020000
   98.69   25.96 -121.77   0.0020000
 -113.05   35.31   65.47   0.0020000
 -147.22   67.61   22.61   0.0020000
 -146.66   37.05  -13.18   0.0020000
   43.32   69.39 -153.74   0.0020000
 -137.19   95.97  -39.89   0.0020000
 -157.59  132.35  -93.61   0.0020000
 -143.58  127.64  169.62   0.0020000
 -144.03   55.88 -166.53   0.0020000
  -91.83   90.30   45.67   0.0020000
 -141.81  112.90   65.84   0.0020000
  136.45  144.20  -20.31   0.0020000
  -41.72   69.53 -115.85   0.0020000
    1.95   83.68  -91.09   0.0020000
  111.49  145.64 -119.06   0.0020000
   12.90   47.28 -178.68   0.0020000
  -60.34  101.21   35.38   0.0020000
  -51.43  101.73 -144.65   0.0020000
 -156.36   44.19  178.79   0.0020000
   68.99  147.31  -55.39   0.0020000
   74.26  146.80  126.26   0.0020000
  107.66   99.48 -149.65   0.0020000
  -23.30  129.96 -171.88   0.0020000
  132.58  141.03 -104.37   0.0020000
  -30.56   59.95   72.56   0.0020000
 -128.21  107.04  150.76   0.0020000
 -148.00  130.45   -7.78   0.0020000
 -169.85  131.14  -91.54   0.0020000
  -79.23  147.31  142.18   0.0020000
   23.27   56.79   15.12   0.0020000
  158.01  130.37   95.95   0.0020000
   51.03   74.73 -148.40   0.0020000
  138.21  137.56  174.63   0.0020000
  -85.71   29.91 -118.74   0.0020000
  145.95   70.87  -25.61   0.0020000
  -20.99   29.11  -77.67   0.0020000
   52.52   75.00  121.93   0.0020000
 -138.42   42.91   -4.48   0.0020000
  -52.68   70.67  154.80   0.0020000
 -141.37   66.61   23.06   0.0020000
  106.22  102.50  113.59   0.0020000
   46.95  106.99  -29.19   0.0020000
   25.46   71.82   23.85   0.0020000
  -23.81  120.72  106.81   0.0020000
   25.29  151.59 -164.32   0.0020000
  -80.58  147.47  139.94   0.0020000
 -140.06   36.86  163.41   0.0020000
   82.60   88.75  -50.74   0.0020000
  -75.85   82.99  151.84   0.0020000
  128.99   38.55  102.83   0.0020000
  130.13   35.23   22.45   0.0020000
   60.18   95.90   49.85   0.0020000
  133.50   38.22   15.45   0.0020000
  146.70  116.48 -159.68   0.0020000
  136.65   38.31  -75.04   0.0020000
  143.10  132.58  -86.88   0.0020000
  -92.15   32.93  -44.48   0.0020000
 -127.17   73.40  118.96   0.0020000
  146.49   63.15   69.43   0.0020000
  -62.07   97.19 -141.44   0.0020000
   44.09   74.54  121.23   0.0020000
 -169.67   95.30   68.30   0.0020000
    7.82  106.94  -12.77   0.0020000
  -41.26  133.11    3.39   0.0020000
   40.63   66.00  113.24   0.0020000
   18.15  130.51   86.27   0.0020000
  151.54   31.14  -74.21   0.0020000
  -49.06   78.83  144.83   0.0020000
  -31.41   46.49   -2.27   0.0020000
   47.57  138.87 -172.36   0.0020000
 -114.37  146.94  -57.96   0.0020000
 -153.40   37.41   80.68   0.0020000
  -27.58  129.96  -81.27   0.0020000
   51.24  102.22 -124.18   0.0020000
 -148.52  116.57 -103.83   0.0020000
  -27.09  141.17   82.12   0.0020000
  -82.72  147.67   46.48   0.0020000
  -65.95   95.60   39.05   0.0020000
 -115.27  146.64  -59.27   0.0020000
  147.18   43.13  -87.14   0.0020000
  -28.50   61.90  161.29   0.0020000
   34.50   63.22   20.62   0.0020000
 -143.76  115.48 -111.88   0.0020000
   40.31   42.11   -5.79   0.0020000
  163.93   36.15 -174.63   0.0020000
  105.86   98.80 -150.71   0.0020000
  -99.73   33.08  141.43   0.0020000
 -100.43   93.79  145.78   0.0020000
  121.07  100.03  126.52   0.0020000
 -159.03  141.58  -84.67   0.0020000
 -143.41  116.98  -20.50   0.0020000
 -147.01   60.14  107.55   0.0020000
   33.79   53.67  102.13   0.0020000
 -153.96  144.46   10.39   0.0020000
 -143.87  106.20  -30.52   0.0020000
  -36.92  117.15   20.43   0.0020000
  114.18   75.87  -28.07   0.0020000
   40.74  111.61   65.17   0.0020000
   25.26  117.48   71.41   0.0020000
 -126.81   76.98  -56.64   0.0020000
