 -0.1086E-01  0.8539E+01
  0.7052E-03  0.9606E+01
 -0.1086E-01  0.8539E+01
  0.2257E+00  0.8530E+01
  0.2923E+00  0.9594E+01
  0.2257E+00  0.8530E+01
  0.4784E+00  0.8507E+01
  0.6017E+00  0.9565E+01
  0.4784E+00  0.8507E+01
  0.7788E+00  0.8462E+01
  0.9672E+00  0.9508E+01
  0.7788E+00  0.8462E+01
  0.1199E+01  0.8368E+01
  0.1463E+01  0.9391E+01
  0.1199E+01  0.8368E+01
  0.1965E+01  0.8119E+01
  0.2323E+01  0.9100E+01
  0.1965E+01  0.8119E+01
  0.4146E+01  0.7042E+01
  0.4670E+01  0.7918E+01
  0.4146E+01  0.7042E+01
  0.5395E+01  0.6209E+01
  0.5997E+01  0.7043E+01
  0.5395E+01  0.6209E+01
  0.6015E+01  0.5741E+01
  0.6656E+01  0.6560E+01
  0.6015E+01  0.5741E+01
  0.6559E+01  0.5300E+01
  0.7248E+01  0.6098E+01
  0.6559E+01  0.5300E+01
  0.7094E+01  0.4809E+01
  0.7870E+01  0.5548E+01
  0.7094E+01  0.4809E+01
  0.7531E+01  0.4288E+01
  0.8431E+01  0.4892E+01
  0.7531E+01  0.4288E+01
  0.7801E+01  0.3798E+01
  0.8777E+01  0.4270E+01
  0.7801E+01  0.3798E+01
  0.8002E+01  0.3323E+01
  0.9016E+01  0.3706E+01
  0.8002E+01  0.3323E+01
  0.8163E+01  0.2838E+01
  0.9201E+01  0.3137E+01
  0.8163E+01  0.2838E+01
  0.8288E+01  0.2327E+01
  0.9341E+01  0.2549E+01
  0.8288E+01  0.2327E+01
  0.8386E+01  0.1770E+01
  0.9445E+01  0.1932E+01
  0.8386E+01  0.1770E+01
  0.8468E+01  0.1117E+01
  0.9530E+01  0.1229E+01
  0.8468E+01  0.1117E+01
  0.8542E+01  0.1727E+00
  0.9609E+01  0.2075E+00
  0.8542E+01  0.1727E+00
  0.8509E+01 -0.1067E+01
  0.9577E+01 -0.1152E+01
  0.8509E+01 -0.1067E+01
  0.8385E+01 -0.2073E+01
  0.9447E+01 -0.2267E+01
  0.8385E+01 -0.2073E+01
  0.8210E+01 -0.2835E+01
  0.9250E+01 -0.3147E+01
  0.8210E+01 -0.2835E+01
  0.7997E+01 -0.3428E+01
  0.8994E+01 -0.3862E+01
  0.7997E+01 -0.3428E+01
  0.7769E+01 -0.3885E+01
  0.8720E+01 -0.4409E+01
  0.7769E+01 -0.3885E+01
  0.7530E+01 -0.4282E+01
  0.8438E+01 -0.4872E+01
  0.7530E+01 -0.4282E+01
  0.7261E+01 -0.4666E+01
  0.8119E+01 -0.5321E+01
  0.7261E+01 -0.4666E+01
  0.6941E+01 -0.5050E+01
  0.7741E+01 -0.5765E+01
  0.6941E+01 -0.5050E+01
  0.6548E+01 -0.5456E+01
  0.7286E+01 -0.6226E+01
  0.6548E+01 -0.5456E+01
  0.6039E+01 -0.5902E+01
  0.6704E+01 -0.6721E+01
  0.6039E+01 -0.5902E+01
  0.5361E+01 -0.6402E+01
  0.5952E+01 -0.7263E+01
  0.5361E+01 -0.6402E+01
  0.4449E+01 -0.6971E+01
  0.4971E+01 -0.7863E+01
  0.4449E+01 -0.6971E+01
  0.2929E+01 -0.7770E+01
  0.3358E+01 -0.8715E+01
  0.2929E+01 -0.7770E+01
  0.1624E+01 -0.8290E+01
  0.1926E+01 -0.9301E+01
  0.1624E+01 -0.8290E+01
  0.9562E+00 -0.8459E+01
  0.1147E+01 -0.9506E+01
  0.9562E+00 -0.8459E+01
  0.5445E+00 -0.8516E+01
  0.6452E+00 -0.9578E+01
  0.5445E+00 -0.8516E+01
  0.2570E+00 -0.8535E+01
  0.2981E+00 -0.9601E+01
  0.2570E+00 -0.8535E+01
  0.1086E-01 -0.8539E+01
 -0.7052E-03 -0.9606E+01
  0.1086E-01 -0.8539E+01
 -0.2257E+00 -0.8530E+01
 -0.2923E+00 -0.9594E+01
 -0.2257E+00 -0.8530E+01
 -0.4784E+00 -0.8507E+01
 -0.6017E+00 -0.9565E+01
 -0.4784E+00 -0.8507E+01
 -0.7788E+00 -0.8462E+01
 -0.9672E+00 -0.9508E+01
 -0.7788E+00 -0.8462E+01
 -0.1199E+01 -0.8368E+01
 -0.1463E+01 -0.9391E+01
 -0.1199E+01 -0.8368E+01
 -0.1965E+01 -0.8119E+01
 -0.2323E+01 -0.9100E+01
 -0.1965E+01 -0.8119E+01
 -0.4146E+01 -0.7042E+01
 -0.4670E+01 -0.7918E+01
 -0.4146E+01 -0.7042E+01
 -0.5395E+01 -0.6209E+01
 -0.5997E+01 -0.7043E+01
 -0.5395E+01 -0.6209E+01
 -0.6015E+01 -0.5741E+01
 -0.6656E+01 -0.6560E+01
 -0.6015E+01 -0.5741E+01
 -0.6559E+01 -0.5300E+01
 -0.7248E+01 -0.6098E+01
 -0.6559E+01 -0.5300E+01
 -0.7094E+01 -0.4809E+01
 -0.7870E+01 -0.5548E+01
 -0.7094E+01 -0.4809E+01
 -0.7531E+01 -0.4288E+01
 -0.8431E+01 -0.4892E+01
 -0.7531E+01 -0.4288E+01
 -0.7801E+01 -0.3798E+01
 -0.8777E+01 -0.4270E+01
 -0.7801E+01 -0.3798E+01
 -0.8002E+01 -0.3323E+01
 -0.9016E+01 -0.3706E+01
 -0.8002E+01 -0.3323E+01
 -0.8163E+01 -0.2838E+01
 -0.9201E+01 -0.3137E+01
 -0.8163E+01 -0.2838E+01
 -0.8288E+01 -0.2327E+01
 -0.9341E+01 -0.2549E+01
 -0.8288E+01 -0.2327E+01
 -0.8386E+01 -0.1770E+01
 -0.9445E+01 -0.1932E+01
 -0.8386E+01 -0.1770E+01
 -0.8468E+01 -0.1117E+01
 -0.9530E+01 -0.1229E+01
 -0.8468E+01 -0.1117E+01
 -0.8542E+01 -0.1727E+00
 -0.9609E+01 -0.1968E+00
 -0.8542E+01 -0.1727E+00
 -0.8509E+01  0.1067E+01
 -0.9578E+01  0.1133E+01
 -0.8509E+01  0.1067E+01
 -0.8385E+01  0.2073E+01
 -0.9447E+01  0.2267E+01
 -0.8385E+01  0.2073E+01
 -0.8210E+01  0.2835E+01
 -0.9250E+01  0.3147E+01
 -0.8210E+01  0.2835E+01
 -0.7997E+01  0.3428E+01
 -0.8994E+01  0.3862E+01
 -0.7997E+01  0.3428E+01
 -0.7769E+01  0.3885E+01
 -0.8720E+01  0.4409E+01
 -0.7769E+01  0.3885E+01
 -0.7530E+01  0.4282E+01
 -0.8438E+01  0.4872E+01
 -0.7530E+01  0.4282E+01
 -0.7261E+01  0.4666E+01
 -0.8119E+01  0.5321E+01
 -0.7261E+01  0.4666E+01
 -0.6941E+01  0.5050E+01
 -0.7741E+01  0.5765E+01
 -0.6941E+01  0.5050E+01
 -0.6548E+01  0.5456E+01
 -0.7286E+01  0.6226E+01
 -0.6548E+01  0.5456E+01
 -0.6039E+01  0.5902E+01
 -0.6704E+01  0.6721E+01
 -0.6039E+01  0.5902E+01
 -0.5361E+01  0.6402E+01
 -0.5952E+01  0.7263E+01
 -0.5361E+01  0.6402E+01
 -0.4449E+01  0.6971E+01
 -0.4971E+01  0.7863E+01
 -0.4449E+01  0.6971E+01
 -0.2929E+01  0.7770E+01
 -0.3358E+01  0.8715E+01
 -0.2929E+01  0.7770E+01
 -0.1624E+01  0.8290E+01
 -0.1926E+01  0.9301E+01
 -0.1624E+01  0.8290E+01
 -0.9562E+00  0.8459E+01
 -0.1147E+01  0.9506E+01
 -0.9562E+00  0.8459E+01
 -0.5445E+00  0.8516E+01
 -0.6452E+00  0.9578E+01
 -0.5445E+00  0.8516E+01
 -0.2570E+00  0.8535E+01
 -0.2981E+00  0.9601E+01
 -0.2570E+00  0.8535E+01
 -0.1086E-01  0.8539E+01
   -   -   
