
 **** INPUT FILE VPSC.IN FOR THIS RUN ****
1                          VP (1) or ELAST (-1) regime                                                                            
1                          number of phases (nph)                                                                                 
1.0  0.0                   relative vol. fract. of phases (wph(i))                                                                
*INFORMATION ABOUT PHASE #1                                                                                                       
0   0   25                    grain shape contrl, fragmentn, crit aspect ratio                                                    
1.0  1.0  1.0                 initial ellipsoid ratios (dummy if ishape=4)                                                        
0.0  0.0  0.0                 init Eul ang ellips axes (dummy if ishape=3,4)                                                      
* name and path of texture file (filetext)                                                                                        
ex03_FCC\rand500.tex                                                                                                              
* name and path of single crystal file (filecrys)                                                                                 
ex03_FCC\fcc.sx2                                                                                                                  
* name and path of grain shape file (dummy if ishape=0) (fileaxes)                                                                
dummy                                                                                                                             
* name and path of diffraction file (dummy if idiff=0)                                                                            
0                                                                                                                                 
dummy                                                                                                                             
*PRECISION SETTINGS FOR CONVERGENCE PROCEDURES (default values)                                                                   
0.001 0.001 0.001 0.001    errs,errd,errm,errso                                                                                   
100 100 25     itmax:   max # of iter, external, internal and SO loops                                                            
0  2  10  2    irsvar & jrsini,jrsfin,jrstep (dummy if irsvar=0)                                                                  
*INPUT/OUTPUT SETTINGS FOR THE RUN (default is zero)                                                                              
0              irecover:read grain states from POSTMORT.IN (1) or not (0)?                                                        
0              isave:   write grain states in POSTMORT.OUT at step 'isave'?                                                       
1              icubcomp:calculate fcc rolling components?                                                                         
0              nwrite (frequency of texture downloads)                                                                            
*MODELING CONDITIONS FOR THE RUN                                                                                                  
1  10          interaction (0:FC,1:aff,2:sec,3:neff or RDC,4:tan,5:SO), neffx                                                     
1  1  1        iupdate: update orient, grain shape, hardening                                                                     
0              nneigh (0 for no neighbors, 1 for pairs, etc.)                                                                     
0              iflu (0: don't calc, 1: calc fluctuations)                                                                         
*NUMBER OF PROCESSES (Lij const; Lij variable; PCYS ;LANKFORD; rigid rotatn)                                                      
3                                                                                                                                 
*IVGVAR AND PATH\NAME OF FILE OR STRESS SUBSPACE OR ANGULAR INCREMENT                                                             
1                                                                                                                                 
ex03_FCC\lij_hist_pure_shear.dat                                                                                                  
2         ivgvar=2 will calculate PCYS at the end                                                                                 
1 2             -->   section of stress space                                                                                     
3         ivgvar=3 will calculate Lankford coefficients at the end                                                                
10              -->   angular increment for tensile probing                                                                       


 **** CRYSTAL DATA FILE ****
*Material: AUSTENITIC STEEL                                                                                                       
cubic           crysym                                                                                                            
   1.0   1.0   1.0   90.   90.   90.   unit cell axes and angles                                                                  
Elastic stiffness (single crystal [GPa]; scaled=0.85xINTERPOLATED)                                                                
 205.0   138.0   138.0   000.0   000.0   000.0                                                                                    
 138.0   205.0   138.0   000.0   000.0   000.0                                                                                    
 138.0   138.0   205.0   000.0   000.0   000.0                                                                                    
 000.0   000.0   000.0   126.0   000.0   000.0                                                                                    
 000.0   000.0   000.0   000.0   126.0   000.0                                                                                    
 000.0   000.0   000.0   000.0   000.0   126.0                                                                                    
*Thermal expansion coefficients (single crystal in crystal axis):                                                                 
  0.0e-6   0.0e-6  0.0e-6   0.0e0   0.0e0   0.0e0                                                                                 
*Info about slip & twinning modes in this file:                                                                                   
  2          nmodesx    (total # of modes listed in file)                                                                         
  1          nmodes     (# of modes to be used in the calculation)                                                                
  1          mode(i)    (label of the modes to be used)                                                                           
  {111}<110> SLIP                                                                                                                 
 1  12  1   0                       modex,nsmx,isensex,itwtypex                                                                   
   1  1  1        0  1 -1           slip (n & b)                                                                                  
   1  1  1        1  0 -1                                                                                                         
   1  1  1        1 -1  0                                                                                                         
  -1  1  1        0  1 -1                                                                                                         
  -1  1  1        1  0  1                                                                                                         
  -1  1  1        1  1  0                                                                                                         
  -1 -1  1        0  1  1                                                                                                         
  -1 -1  1        1  0  1                                                                                                         
  -1 -1  1        1 -1  0                                                                                                         
   1 -1  1        0  1  1                                                                                                         
   1 -1  1        1  0 -1                                                                                                         
   1 -1  1        1  1  0                                                                                                         
 {111}<112> TWIN                                                                                                                  
 2  12  0   2                        modex,nsmx,isensex,itwtypex                                                                  
 0.707                               twshx                                                                                        
   1  1  1       -2  1  1                                                                                                         
   1  1  1        1 -2  1                                                                                                         
   1  1  1        1  1 -2                                                                                                         
  -1  1  1        2  1  1                                                                                                         
  -1  1  1       -1 -2  1                                                                                                         
  -1  1  1       -1  1 -2                                                                                                         
  -1 -1  1        2 -1  1                                                                                                         
  -1 -1  1       -1  2  1                                                                                                         
  -1 -1  1       -1 -1 -2                                                                                                         
   1 -1  1       -2 -1  1                                                                                                         
   1 -1  1        1  2  1                                                                                                         
   1 -1  1        1 -1 -2                                                                                                         
*Constitutive law                                                                                                                 
   0      Voce=0, MTS=1                                                                                                           
   1      iratesens (0:rate insensitive, 1:rate sensitive)                                                                        
   50     grsze --> grain size only matters if HPfactor is non-zero                                                               
  {111}<110> SLIP -------------------------------------------                                                                     
 20                               nrsx                                                                                            
 1.0   0.0   1.0   1.0   0.        tau0x,tau1x,thet0,thet1, hpfac                                                                 
 1.0    1.0                          hlatex(1,im),im=1,nmodes                                                                     
  {111}<112> TWIN --------------------------------------                                                                          
 20                               nrsx                                                                                            
 1.0   0.0    0.   0.   0.        tau0x,tau1x,thet0,thet1, hpfac                                                                  
 1.0    1.0                       hlatex(1,im),im=1,nmodes                                                                        
 0     0.05   0.50                isectw, thres1,thres2                                                                           
**** END OF CRYSTAL DATA FILE ****


 CHECKING THAT CELCC*SELCC-ID6=0   0.2134069E-31
 *********** PHASE   1
 RANDOM PX BULK & POISSON MODULI     160.333       0.266
 RANDOM PX ELASTIC CTES C11, C12, C44     279.000     101.000      89.000

 INSIDE SUBROUTINE DATA_CRYSTAL
 SHEAR MODULUS FOR MODE  1 IN PHASE  1 IS      64.333
 N & B FOR MODE  1 IN PHASE  1
     0.577     0.577     0.577        0.000     0.707    -0.707
     0.577     0.577     0.577        0.707     0.000    -0.707
     0.577     0.577     0.577        0.707    -0.707     0.000
    -0.577     0.577     0.577        0.000     0.707    -0.707
    -0.577     0.577     0.577        0.707     0.000     0.707
    -0.577     0.577     0.577        0.707     0.707     0.000
    -0.577    -0.577     0.577        0.000     0.707     0.707
    -0.577    -0.577     0.577        0.707     0.000     0.707
    -0.577    -0.577     0.577        0.707    -0.707     0.000
     0.577    -0.577     0.577        0.000     0.707     0.707
     0.577    -0.577     0.577        0.707     0.000    -0.707
     0.577    -0.577     0.577        0.707     0.707     0.000

 **** CRYST TEXTURE (FIRST FEW LINES) ****
dummy                                                                                                                             
dummy                                                                                                                             
random texture generated by RANDTEXT.FOR (23/01/97)                                                                               
B   500   0                                                                                                                       
    102.74    119.56     33.65  1.000000                                                                                          
    219.06     36.21     70.51  1.000000                                                                                          
    166.66     28.59     45.80  1.000000                                                                                          
    149.74     86.13     38.68  1.000000                                                                                          
    143.88     72.50      9.75  1.000000                                                                                          
     27.71      7.88    225.69  1.000000                                                                                          
     10.26     81.59    324.82  1.000000                                                                                          
    213.21    156.91    352.41  1.000000                                                                                          
    313.75     60.06    131.59  1.000000                                                                                          
    283.74    137.64    213.65  1.000000                                                                                          
    329.59    158.18    298.33  1.000000                                                                                          
     61.37    171.68    104.65  1.000000                                                                                          
     44.90     68.33     40.28  1.000000                                                                                          
     29.40    114.77    163.14  1.000000                                                                                          
     56.39    115.89    341.90  1.000000                                                                                          
    271.21     76.66    171.67  1.000000                                                                                          
    .........................
 **** END OF CRYST TEXTURE DATA FILE ****


*** RUNNING INTERACTION NEFF=    0.00


 UB THERMAL TENSOR (VOIGT NOTATION)
  0.0000E+00  0.0000E+00  0.0000E+00  0.0000E+00  0.0000E+00  0.0000E+00

 UB ELASTIC STIFFNESS (VOIGT NOTATION)
  0.2795E+03  0.9994E+02  0.1016E+03  0.1676E+00  0.1479E+01  0.6049E+00
  0.9994E+02  0.2801E+03  0.1009E+03 -0.1180E+01  0.1349E+00 -0.7842E+00
  0.1016E+03  0.1009E+03  0.2785E+03  0.1012E+01 -0.1614E+01  0.1793E+00
  0.1676E+00 -0.1180E+01  0.1012E+01  0.8894E+02  0.1793E+00  0.1349E+00
  0.1479E+01  0.1349E+00 -0.1614E+01  0.1793E+00  0.8959E+02  0.1676E+00
  0.6049E+00 -0.7842E+00  0.1793E+00  0.1349E+00  0.1676E+00  0.8794E+02

 LB THERMAL TENSOR (VOIGT NOTATION)
  0.0000E+00  0.0000E+00  0.0000E+00  0.0000E+00  0.0000E+00  0.0000E+00

 LB ELASTIC STIFFNESS (VOIGT NOTATION)
  0.2406E+03  0.1195E+03  0.1209E+03  0.1580E+00  0.1267E+01  0.5168E+00
  0.1195E+03  0.2412E+03  0.1203E+03 -0.1012E+01  0.1034E+00 -0.6672E+00
  0.1209E+03  0.1203E+03  0.2398E+03  0.8542E+00 -0.1370E+01  0.1503E+00
  0.1580E+00 -0.1012E+01  0.8542E+00  0.5984E+02  0.1446E+00  0.1204E+00
  0.1267E+01  0.1034E+00 -0.1370E+01  0.1446E+00  0.6040E+02  0.1448E+00
  0.5168E+00 -0.6672E+00  0.1503E+00  0.1204E+00  0.1448E+00  0.5899E+02


*** LOAD HISTORY FOR THIS RUN
 51    nsteps                                                                                                                     
 step         L11         L12         L13         L21         L22         L23         L31         L32         L33         tincr   
  1    0.1000E+01  0.0000E+00  0.0000E+00  0.0000E+00  0.0000E+00  0.0000E+00  0.0000E+00  0.0000E+00 -0.1000E+01     0.2000E-01  
  2    0.1000E+01  0.0000E+00  0.1567E+00  0.0000E+00  0.0000E+00  0.0000E+00  0.1567E+00  0.0000E+00 -0.1000E+01     0.2000E-01  
  3    0.1000E+01  0.0000E+00  0.3109E+00  0.0000E+00  0.0000E+00  0.0000E+00  0.3109E+00  0.0000E+00 -0.1000E+01     0.2000E-01  
  4    0.1000E+01  0.0000E+00  0.4602E+00  0.0000E+00  0.0000E+00  0.0000E+00  0.4602E+00  0.0000E+00 -0.1000E+01     0.2000E-01  
  5    0.1000E+01  0.0000E+00  0.6022E+00  0.0000E+00  0.0000E+00  0.0000E+00  0.6022E+00  0.0000E+00 -0.1000E+01     0.2000E-01  
  6    0.1000E+01  0.0000E+00  0.7347E+00  0.0000E+00  0.0000E+00  0.0000E+00  0.7347E+00  0.0000E+00 -0.1000E+01     0.2000E-01  
  7    0.1000E+01  0.0000E+00  0.8557E+00  0.0000E+00  0.0000E+00  0.0000E+00  0.8557E+00  0.0000E+00 -0.1000E+01     0.2000E-01  
  8    0.1000E+01  0.0000E+00  0.9631E+00  0.0000E+00  0.0000E+00  0.0000E+00  0.9631E+00  0.0000E+00 -0.1000E+01     0.2000E-01  
  9    0.1000E+01  0.0000E+00  0.1055E+01  0.0000E+00  0.0000E+00  0.0000E+00  0.1055E+01  0.0000E+00 -0.1000E+01     0.2000E-01  
 10    0.1000E+01  0.0000E+00  0.1131E+01  0.0000E+00  0.0000E+00  0.0000E+00  0.1131E+01  0.0000E+00 -0.1000E+01     0.2000E-01  
 11    0.1000E+01  0.0000E+00  0.1189E+01  0.0000E+00  0.0000E+00  0.0000E+00  0.1189E+01  0.0000E+00 -0.1000E+01     0.2000E-01  
 12    0.1000E+01  0.0000E+00  0.1228E+01  0.0000E+00  0.0000E+00  0.0000E+00  0.1228E+01  0.0000E+00 -0.1000E+01     0.2000E-01  
 13    0.1000E+01  0.0000E+00  0.1248E+01  0.0000E+00  0.0000E+00  0.0000E+00  0.1248E+01  0.0000E+00 -0.1000E+01     0.2000E-01  
 14    0.1000E+01  0.0000E+00  0.1248E+01  0.0000E+00  0.0000E+00  0.0000E+00  0.1248E+01  0.0000E+00 -0.1000E+01     0.2000E-01  
 15    0.1000E+01  0.0000E+00  0.1228E+01  0.0000E+00  0.0000E+00  0.0000E+00  0.1228E+01  0.0000E+00 -0.1000E+01     0.2000E-01  
 16    0.1000E+01  0.0000E+00  0.1189E+01  0.0000E+00  0.0000E+00  0.0000E+00  0.1189E+01  0.0000E+00 -0.1000E+01     0.2000E-01  
 17    0.1000E+01  0.0000E+00  0.1131E+01  0.0000E+00  0.0000E+00  0.0000E+00  0.1131E+01  0.0000E+00 -0.1000E+01     0.2000E-01  
 18    0.1000E+01  0.0000E+00  0.1055E+01  0.0000E+00  0.0000E+00  0.0000E+00  0.1055E+01  0.0000E+00 -0.1000E+01     0.2000E-01  
 19    0.1000E+01  0.0000E+00  0.9631E+00  0.0000E+00  0.0000E+00  0.0000E+00  0.9631E+00  0.0000E+00 -0.1000E+01     0.2000E-01  
 20    0.1000E+01  0.0000E+00  0.8557E+00  0.0000E+00  0.0000E+00  0.0000E+00  0.8557E+00  0.0000E+00 -0.1000E+01     0.2000E-01  
 21    0.1000E+01  0.0000E+00  0.7347E+00  0.0000E+00  0.0000E+00  0.0000E+00  0.7347E+00  0.0000E+00 -0.1000E+01     0.2000E-01  
 22    0.1000E+01  0.0000E+00  0.6022E+00  0.0000E+00  0.0000E+00  0.0000E+00  0.6022E+00  0.0000E+00 -0.1000E+01     0.2000E-01  
 23    0.1000E+01  0.0000E+00  0.4602E+00  0.0000E+00  0.0000E+00  0.0000E+00  0.4602E+00  0.0000E+00 -0.1000E+01     0.2000E-01  
 24    0.1000E+01  0.0000E+00  0.3109E+00  0.0000E+00  0.0000E+00  0.0000E+00  0.3109E+00  0.0000E+00 -0.1000E+01     0.2000E-01  
 25    0.1000E+01  0.0000E+00  0.1567E+00  0.0000E+00  0.0000E+00  0.0000E+00  0.1567E+00  0.0000E+00 -0.1000E+01     0.2000E-01  
 26    0.1000E+01  0.0000E+00  0.1531E-15  0.0000E+00  0.0000E+00  0.0000E+00  0.1531E-15  0.0000E+00 -0.1000E+01     0.2000E-01  
 27    0.1000E+01  0.0000E+00 -0.1567E+00  0.0000E+00  0.0000E+00  0.0000E+00 -0.1567E+00  0.0000E+00 -0.1000E+01     0.2000E-01  
 28    0.1000E+01  0.0000E+00 -0.3109E+00  0.0000E+00  0.0000E+00  0.0000E+00 -0.3109E+00  0.0000E+00 -0.1000E+01     0.2000E-01  
 29    0.1000E+01  0.0000E+00 -0.4602E+00  0.0000E+00  0.0000E+00  0.0000E+00 -0.4602E+00  0.0000E+00 -0.1000E+01     0.2000E-01  
 30    0.1000E+01  0.0000E+00 -0.6022E+00  0.0000E+00  0.0000E+00  0.0000E+00 -0.6022E+00  0.0000E+00 -0.1000E+01     0.2000E-01  
 31    0.1000E+01  0.0000E+00 -0.7347E+00  0.0000E+00  0.0000E+00  0.0000E+00 -0.7347E+00  0.0000E+00 -0.1000E+01     0.2000E-01  
 32    0.1000E+01  0.0000E+00 -0.8557E+00  0.0000E+00  0.0000E+00  0.0000E+00 -0.8557E+00  0.0000E+00 -0.1000E+01     0.2000E-01  
 33    0.1000E+01  0.0000E+00 -0.9631E+00  0.0000E+00  0.0000E+00  0.0000E+00 -0.9631E+00  0.0000E+00 -0.1000E+01     0.2000E-01  
 34    0.1000E+01  0.0000E+00 -0.1055E+01  0.0000E+00  0.0000E+00  0.0000E+00 -0.1055E+01  0.0000E+00 -0.1000E+01     0.2000E-01  
 35    0.1000E+01  0.0000E+00 -0.1131E+01  0.0000E+00  0.0000E+00  0.0000E+00 -0.1131E+01  0.0000E+00 -0.1000E+01     0.2000E-01  
 36    0.1000E+01  0.0000E+00 -0.1189E+01  0.0000E+00  0.0000E+00  0.0000E+00 -0.1189E+01  0.0000E+00 -0.1000E+01     0.2000E-01  
 37    0.1000E+01  0.0000E+00 -0.1228E+01  0.0000E+00  0.0000E+00  0.0000E+00 -0.1228E+01  0.0000E+00 -0.1000E+01     0.2000E-01  
 38    0.1000E+01  0.0000E+00 -0.1248E+01  0.0000E+00  0.0000E+00  0.0000E+00 -0.1248E+01  0.0000E+00 -0.1000E+01     0.2000E-01  
 39    0.1000E+01  0.0000E+00 -0.1248E+01  0.0000E+00  0.0000E+00  0.0000E+00 -0.1248E+01  0.0000E+00 -0.1000E+01     0.2000E-01  
 40    0.1000E+01  0.0000E+00 -0.1228E+01  0.0000E+00  0.0000E+00  0.0000E+00 -0.1228E+01  0.0000E+00 -0.1000E+01     0.2000E-01  
 41    0.1000E+01  0.0000E+00 -0.1189E+01  0.0000E+00  0.0000E+00  0.0000E+00 -0.1189E+01  0.0000E+00 -0.1000E+01     0.2000E-01  
 42    0.1000E+01  0.0000E+00 -0.1131E+01  0.0000E+00  0.0000E+00  0.0000E+00 -0.1131E+01  0.0000E+00 -0.1000E+01     0.2000E-01  
 43    0.1000E+01  0.0000E+00 -0.1055E+01  0.0000E+00  0.0000E+00  0.0000E+00 -0.1055E+01  0.0000E+00 -0.1000E+01     0.2000E-01  
 44    0.1000E+01  0.0000E+00 -0.9631E+00  0.0000E+00  0.0000E+00  0.0000E+00 -0.9631E+00  0.0000E+00 -0.1000E+01     0.2000E-01  
 45    0.1000E+01  0.0000E+00 -0.8557E+00  0.0000E+00  0.0000E+00  0.0000E+00 -0.8557E+00  0.0000E+00 -0.1000E+01     0.2000E-01  
 46    0.1000E+01  0.0000E+00 -0.7347E+00  0.0000E+00  0.0000E+00  0.0000E+00 -0.7347E+00  0.0000E+00 -0.1000E+01     0.2000E-01  
 47    0.1000E+01  0.0000E+00 -0.6022E+00  0.0000E+00  0.0000E+00  0.0000E+00 -0.6022E+00  0.0000E+00 -0.1000E+01     0.2000E-01  
 48    0.1000E+01  0.0000E+00 -0.4602E+00  0.0000E+00  0.0000E+00  0.0000E+00 -0.4602E+00  0.0000E+00 -0.1000E+01     0.2000E-01  

*******   STEP   1      *** AFFINE CALCULATION                 
 variable velocity gradient LIJBARc
   1.00000   0.00000   0.00000
   0.00000   0.00000   0.00000
   0.00000   0.00000  -1.00000
 rotation B(i,j) from ellipsoid to sample
   1.00000   0.00000   0.00000
   0.00000   1.00000   0.00000
   0.00000   0.00000   1.00000
 testing orhtogonality ROT_PD*ROT_PD_t=I
   1.00000   0.00000   0.00000
   0.00000   1.00000   0.00000
   0.00000   0.00000   1.00000
 tensor U_diagonal
   1.02000   1.00000   0.98000
 co-rotational rotation matrix ROT_PD
   1.00000   0.00000   0.00000
   0.00000   1.00000   0.00000
   0.00000   0.00000   1.00000
 corotational stretch U_PD
   1.02000   0.00000   0.00000
   0.00000   1.00000   0.00000
   0.00000   0.00000   0.98000
 deformation gradient FIJ_PD
   1.02000   0.00000   0.00000
   0.00000   1.00000   0.00000
   0.00000   0.00000   0.98000
 co-rotational strain rate DCOROT
   1.00000   0.00000   0.00000
   0.00000   0.00000   0.00000
   0.00000   0.00000  -1.00000
 co-rotational velocity gradient LCOROT
   1.00000   0.00000   0.00000
   0.00000   0.00000   0.00000
   0.00000   0.00000  -1.00000
   13   0.117E-03   0.907E-04   0.948E-03

*******   STEP   2      *** AFFINE CALCULATION                 
 variable velocity gradient LIJBARc
   1.00000   0.00000   0.15670
   0.00000   0.00000   0.00000
   0.15670   0.00000  -1.00000
 rotation B(i,j) from ellipsoid to sample
   0.99923   0.00000  -0.03912
   0.00000   1.00000   0.00000
   0.03912   0.00000   0.99923
 testing orhtogonality ROT_PD*ROT_PD_t=I
   1.00000   0.00000   0.00000
   0.00000   1.00000   0.00000
   0.00000   0.00000   1.00000
 tensor U_diagonal
   1.04052   1.00000   0.96028
 co-rotational rotation matrix ROT_PD
   0.99923   0.00000  -0.03912
   0.00000   1.00000   0.00000
   0.03912   0.00000   0.99923
 corotational stretch U_PD
   1.03973   0.00000   0.04064
   0.00000   1.00000   0.00000
  -0.03750   0.00000   0.95954
 deformation gradient FIJ_PD
   1.04040   0.00000   0.00307
   0.00000   1.00000   0.00000
   0.00320   0.00000   0.96040
 co-rotational strain rate DCOROT
   1.00919   0.00000   0.07775
   0.00000   0.00000   0.00000
   0.07775   0.00000  -1.00300
 co-rotational velocity gradient LCOROT
   1.00919   0.00000   0.07769
   0.00000   0.00000   0.00000
   0.07781   0.00000  -1.00300
    7   0.714E-03   0.559E-03   0.541E-03

*******   STEP   3      *** AFFINE CALCULATION                 
 variable velocity gradient LIJBARc
   1.00000   0.00000   0.31090
   0.00000   0.00000   0.00000
   0.31090   0.00000  -1.00000
 rotation B(i,j) from ellipsoid to sample
   0.99700   0.00000  -0.07736
   0.00000   1.00000   0.00000
   0.07736   0.00000   0.99700
 testing orhtogonality ROT_PD*ROT_PD_t=I
   1.00000   0.00000   0.00000
   0.00000   1.00000   0.00000
   0.00000   0.00000   1.00000
 tensor U_diagonal
   1.06195   1.00000   0.94049
 co-rotational rotation matrix ROT_PD
   0.99700   0.00000  -0.07736
   0.00000   1.00000   0.00000
   0.07736   0.00000   0.99700
 corotational stretch U_PD
   1.05879   0.00000   0.08189
   0.00000   1.00000   0.00000
  -0.07252   0.00000   0.93769
 deformation gradient FIJ_PD
   1.06123   0.00000   0.00910
   0.00000   1.00000   0.00000
   0.00960   0.00000   0.94121
 co-rotational strain rate DCOROT
   1.03599   0.00000   0.15063
   0.00000   0.00000   0.00000
   0.15063   0.00000  -1.01105
 co-rotational velocity gradient LCOROT
   1.03599   0.00000   0.15015
   0.00000   0.00000   0.00000
   0.15111   0.00000  -1.01105
   11   0.964E-04   0.749E-04   0.675E-03

*******   STEP   4      *** AFFINE CALCULATION                 
 variable velocity gradient LIJBARc
   1.00000   0.00000   0.46020
   0.00000   0.00000   0.00000
   0.46020   0.00000  -1.00000
 rotation B(i,j) from ellipsoid to sample
   0.99348   0.00000  -0.11401
   0.00000   1.00000   0.00000
   0.11401   0.00000   0.99348
 testing orhtogonality ROT_PD*ROT_PD_t=I
   1.00000   0.00000  -0.00000
   0.00000   1.00000   0.00000
  -0.00000   0.00000   1.00000
 tensor U_diagonal
   1.08467   1.00000   0.92035
 co-rotational rotation matrix ROT_PD
   0.99348   0.00000  -0.11401
   0.00000   1.00000   0.00000
   0.11401   0.00000   0.99348
 corotational stretch U_PD
   1.07767   0.00000   0.12301
   0.00000   1.00000   0.00000
  -0.10437   0.00000   0.91441
 deformation gradient FIJ_PD
   1.08254   0.00000   0.01795
   0.00000   1.00000   0.00000
   0.01918   0.00000   0.92247
 co-rotational strain rate DCOROT
   1.07826   0.00000   0.21444
   0.00000   0.00000   0.00000
   0.21444   0.00000  -1.02156
 co-rotational velocity gradient LCOROT
   1.07826   0.00000   0.21283
   0.00000   0.00000   0.00000
   0.21605   0.00000  -1.02156
   11   0.826E-04   0.592E-04   0.533E-03

*******   STEP   5      *** AFFINE CALCULATION                 
 variable velocity gradient LIJBARc
   1.00000   0.00000   0.60220
   0.00000   0.00000   0.00000
   0.60220   0.00000  -1.00000
 rotation B(i,j) from ellipsoid to sample
   0.98891   0.00000  -0.14851
   0.00000   1.00000   0.00000
   0.14851   0.00000   0.98891
 testing orhtogonality ROT_PD*ROT_PD_t=I
   1.00000   0.00000  -0.00000
   0.00000   1.00000   0.00000
  -0.00000   0.00000   1.00000
 tensor U_diagonal
   1.10900   1.00000   0.89966
 co-rotational rotation matrix ROT_PD
   0.98891   0.00000  -0.14851
   0.00000   1.00000   0.00000
   0.14851   0.00000   0.98891
 corotational stretch U_PD
   1.09690   0.00000   0.16338
   0.00000   1.00000   0.00000
  -0.13254   0.00000   0.88984
 deformation gradient FIJ_PD
   1.10442   0.00000   0.02942
   0.00000   1.00000   0.00000
   0.03183   0.00000   0.90424
 co-rotational strain rate DCOROT
   1.13277   0.00000   0.26615
   0.00000   0.00000   0.00000
   0.26615   0.00000  -1.03114
 co-rotational velocity gradient LCOROT
   1.13277   0.00000   0.26241
   0.00000   0.00000   0.00000
   0.26990   0.00000  -1.03114
    6   0.793E-03   0.538E-03   0.625E-03

*******   STEP   6      *** AFFINE CALCULATION                 
 variable velocity gradient LIJBARc
   1.00000   0.00000   0.73470
   0.00000   0.00000   0.00000
   0.73470   0.00000  -1.00000
 rotation B(i,j) from ellipsoid to sample
   0.98358   0.00000  -0.18046
   0.00000   1.00000   0.00000
   0.18046   0.00000   0.98358
 testing orhtogonality ROT_PD*ROT_PD_t=I
   1.00000   0.00000  -0.00000
   0.00000   1.00000   0.00000
  -0.00000   0.00000   1.00000
 tensor U_diagonal
   1.13525   1.00000   0.87831
 co-rotational rotation matrix ROT_PD
   0.98358   0.00000  -0.18046
   0.00000   1.00000   0.00000
   0.18046   0.00000   0.98358
 corotational stretch U_PD
   1.11704   0.00000   0.20257
   0.00000   1.00000   0.00000
  -0.15672   0.00000   0.86422
 deformation gradient FIJ_PD
   1.12698   0.00000   0.04329
   0.00000   1.00000   0.00000
   0.04742   0.00000   0.88658
 co-rotational strain rate DCOROT
   1.19568   0.00000   0.30426
   0.00000   0.00000   0.00000
   0.30426   0.00000  -1.03651
 co-rotational velocity gradient LCOROT
   1.19568   0.00000   0.29713
   0.00000   0.00000   0.00000
   0.31138   0.00000  -1.03651
    6   0.465E-03   0.318E-03   0.307E-03

*******   STEP   7      *** AFFINE CALCULATION                 
 variable velocity gradient LIJBARc
   1.00000   0.00000   0.85570
   0.00000   0.00000   0.00000
   0.85570   0.00000  -1.00000
 rotation B(i,j) from ellipsoid to sample
   0.97778   0.00000  -0.20962
   0.00000   1.00000   0.00000
   0.20962   0.00000   0.97778
 testing orhtogonality ROT_PD*ROT_PD_t=I
   1.00000   0.00000  -0.00000
   0.00000   1.00000   0.00000
  -0.00000   0.00000   1.00000
 tensor U_diagonal
   1.16364   1.00000   0.85629
 co-rotational rotation matrix ROT_PD
   0.97778   0.00000  -0.20962
   0.00000   1.00000   0.00000
   0.20962   0.00000   0.97778
 corotational stretch U_PD
   1.13856   0.00000   0.24030
   0.00000   1.00000   0.00000
  -0.17683   0.00000   0.83784
 deformation gradient FIJ_PD
   1.15033   0.00000   0.05933
   0.00000   1.00000   0.00000
   0.06576   0.00000   0.86959
 co-rotational strain rate DCOROT
   1.26289   0.00000   0.32854
   0.00000   0.00000   0.00000
   0.32854   0.00000  -1.03524
 co-rotational velocity gradient LCOROT
   1.26289   0.00000   0.31669
   0.00000   0.00000   0.00000
   0.34038   0.00000  -1.03524
    6   0.257E-03   0.137E-03   0.440E-03

*******   STEP   8      *** AFFINE CALCULATION                 
 variable velocity gradient LIJBARc
   1.00000   0.00000   0.96310
   0.00000   0.00000   0.00000
   0.96310   0.00000  -1.00000
 rotation B(i,j) from ellipsoid to sample
   0.97178   0.00000  -0.23591
   0.00000   1.00000   0.00000
   0.23591   0.00000   0.97178
 testing orhtogonality ROT_PD*ROT_PD_t=I
   1.00000   0.00000  -0.00000
   0.00000   1.00000   0.00000
  -0.00000   0.00000   1.00000
 tensor U_diagonal
   1.19431   1.00000   0.83366
 co-rotational rotation matrix ROT_PD
   0.97178   0.00000  -0.23591
   0.00000   1.00000   0.00000
   0.23591   0.00000   0.97178
 corotational stretch U_PD
   1.16188   0.00000   0.27640
   0.00000   1.00000   0.00000
  -0.19293   0.00000   0.81103
 deformation gradient FIJ_PD
   1.17460   0.00000   0.07727
   0.00000   1.00000   0.00000
   0.08660   0.00000   0.85335
 co-rotational strain rate DCOROT
   1.33027   0.00000   0.33954
   0.00000   0.00000   0.00000
   0.33954   0.00000  -1.02600
 co-rotational velocity gradient LCOROT
   1.33027   0.00000   0.32170
   0.00000   0.00000   0.00000
   0.35739   0.00000  -1.02600
    6   0.200E-03   0.109E-03   0.813E-03

*******   STEP   9      *** AFFINE CALCULATION                 
 variable velocity gradient LIJBARc
   1.00000   0.00000   1.05500
   0.00000   0.00000   0.00000
   1.05500   0.00000  -1.00000
 rotation B(i,j) from ellipsoid to sample
   0.96579   0.00000  -0.25932
   0.00000   1.00000   0.00000
   0.25932   0.00000   0.96579
 testing orhtogonality ROT_PD*ROT_PD_t=I
   1.00000   0.00000   0.00000
   0.00000   1.00000   0.00000
   0.00000   0.00000   1.00000
 tensor U_diagonal
   1.22731   1.00000   0.81056
 co-rotational rotation matrix ROT_PD
   0.96579   0.00000  -0.25932
   0.00000   1.00000   0.00000
   0.25932   0.00000   0.96579
 corotational stretch U_PD
   1.18731   0.00000   0.31080
   0.00000   1.00000   0.00000
  -0.20526   0.00000   0.78414
 deformation gradient FIJ_PD
   1.19992   0.00000   0.09682
   0.00000   1.00000   0.00000
   0.10966   0.00000   0.83791
 co-rotational strain rate DCOROT
   1.39395   0.00000   0.33847
   0.00000   0.00000   0.00000
   0.33847   0.00000  -1.00855
 co-rotational velocity gradient LCOROT
   1.39395   0.00000   0.31354
   0.00000   0.00000   0.00000
   0.36340   0.00000  -1.00855
    5   0.957E-03   0.354E-03   0.851E-03

*******   STEP  10      *** AFFINE CALCULATION                 
 variable velocity gradient LIJBARc
   1.00000   0.00000   1.13100
   0.00000   0.00000   0.00000
   1.13100   0.00000  -1.00000
 rotation B(i,j) from ellipsoid to sample
   0.96000   0.00000  -0.27999
   0.00000   1.00000   0.00000
   0.27999   0.00000   0.96000
 testing orhtogonality ROT_PD*ROT_PD_t=I
   1.00000   0.00000   0.00000
   0.00000   1.00000   0.00000
   0.00000   0.00000   1.00000
 tensor U_diagonal
   1.26267   1.00000   0.78714
 co-rotational rotation matrix ROT_PD
   0.96000   0.00000  -0.27999
   0.00000   1.00000   0.00000
   0.27999   0.00000   0.96000
 corotational stretch U_PD
   1.21504   0.00000   0.34353
   0.00000   1.00000   0.00000
  -0.21415   0.00000   0.75745
 deformation gradient FIJ_PD
   1.22640   0.00000   0.11771
   0.00000   1.00000   0.00000
   0.13461   0.00000   0.82334
 co-rotational strain rate DCOROT
   1.45121   0.00000   0.32759
   0.00000   0.00000   0.00000
   0.32759   0.00000  -0.98395
 co-rotational velocity gradient LCOROT
   1.45121   0.00000   0.29482
   0.00000   0.00000   0.00000
   0.36037   0.00000  -0.98395
    5   0.793E-03   0.451E-03   0.570E-03

*******   STEP  11      *** AFFINE CALCULATION                 
 variable velocity gradient LIJBARc
   1.00000   0.00000   1.18900
   0.00000   0.00000   0.00000
   1.18900   0.00000  -1.00000
 rotation B(i,j) from ellipsoid to sample
   0.95456   0.00000  -0.29802
   0.00000   1.00000   0.00000
   0.29802   0.00000   0.95456
 testing orhtogonality ROT_PD*ROT_PD_t=I
   1.00000   0.00000   0.00000
   0.00000   1.00000   0.00000
   0.00000   0.00000   1.00000
 tensor U_diagonal
   1.30027   1.00000   0.76364
 co-rotational rotation matrix ROT_PD
   0.95456   0.00000  -0.29802
   0.00000   1.00000   0.00000
   0.29802   0.00000   0.95456
 corotational stretch U_PD
   1.24515   0.00000   0.37460
   0.00000   1.00000   0.00000
  -0.22000   0.00000   0.73126
 deformation gradient FIJ_PD
   1.25413   0.00000   0.13964
   0.00000   1.00000   0.00000
   0.16108   0.00000   0.80967
 co-rotational strain rate DCOROT
   1.49886   0.00000   0.30787
   0.00000   0.00000   0.00000
   0.30787   0.00000  -0.95323
 co-rotational velocity gradient LCOROT
   1.49886   0.00000   0.26693
   0.00000   0.00000   0.00000
   0.34882   0.00000  -0.95323
    5   0.850E-03   0.547E-03   0.763E-03

*******   STEP  12      *** AFFINE CALCULATION                 
 variable velocity gradient LIJBARc
   1.00000   0.00000   1.22800
   0.00000   0.00000   0.00000
   1.22800   0.00000  -1.00000
 rotation B(i,j) from ellipsoid to sample
   0.94957   0.00000  -0.31355
   0.00000   1.00000   0.00000
   0.31355   0.00000   0.94957
 testing orhtogonality ROT_PD*ROT_PD_t=I
   1.00000   0.00000  -0.00000
   0.00000   1.00000   0.00000
  -0.00000   0.00000   1.00000
 tensor U_diagonal
   1.33997   1.00000   0.74027
 co-rotational rotation matrix ROT_PD
   0.94957   0.00000  -0.31355
   0.00000   1.00000   0.00000
   0.31355   0.00000   0.94957
 corotational stretch U_PD
   1.27761   0.00000   0.40401
   0.00000   1.00000   0.00000
  -0.22320   0.00000   0.70583
 deformation gradient FIJ_PD
   1.28317   0.00000   0.16232
   0.00000   1.00000   0.00000
   0.18866   0.00000   0.79691
 co-rotational strain rate DCOROT
   1.53462   0.00000   0.28085
   0.00000   0.00000   0.00000
   0.28085   0.00000  -0.91805
 co-rotational velocity gradient LCOROT
   1.53462   0.00000   0.23188
   0.00000   0.00000   0.00000
   0.32981   0.00000  -0.91805
   10   0.733E-04   0.233E-04   0.146E-03

*******   STEP  13      *** AFFINE CALCULATION                 
 variable velocity gradient LIJBARc
   1.00000   0.00000   1.24800
   0.00000   0.00000   0.00000
   1.24800   0.00000  -1.00000
 rotation B(i,j) from ellipsoid to sample
   0.94512   0.00000  -0.32673
   0.00000   1.00000   0.00000
   0.32673   0.00000   0.94512
 testing orhtogonality ROT_PD*ROT_PD_t=I
   1.00000   0.00000   0.00000
   0.00000   1.00000   0.00000
   0.00000   0.00000   1.00000
 tensor U_diagonal
   1.38153   1.00000   0.71727
 co-rotational rotation matrix ROT_PD
   0.94512   0.00000  -0.32673
   0.00000   1.00000   0.00000
   0.32673   0.00000   0.94512
 corotational stretch U_PD
   1.31232   0.00000   0.43177
   0.00000   1.00000   0.00000
  -0.22417   0.00000   0.68134
 deformation gradient FIJ_PD
   1.31354   0.00000   0.18546
   0.00000   1.00000   0.00000
   0.21691   0.00000   0.78502
 co-rotational strain rate DCOROT
   1.55726   0.00000   0.24823
   0.00000   0.00000   0.00000
   0.24823   0.00000  -0.88030
 co-rotational velocity gradient LCOROT
   1.55726   0.00000   0.19185
   0.00000   0.00000   0.00000
   0.30460   0.00000  -0.88030
   10   0.725E-04   0.179E-04   0.844E-04

*******   STEP  14      *** AFFINE CALCULATION                 
 variable velocity gradient LIJBARc
   1.00000   0.00000   1.24800
   0.00000   0.00000   0.00000
   1.24800   0.00000  -1.00000
 rotation B(i,j) from ellipsoid to sample
   0.94126   0.00000  -0.33768
   0.00000   1.00000   0.00000
   0.33768   0.00000   0.94126
 testing orhtogonality ROT_PD*ROT_PD_t=I
   1.00000   0.00000   0.00000
   0.00000   1.00000   0.00000
   0.00000   0.00000   1.00000
 tensor U_diagonal
   1.42464   1.00000   0.69486
 co-rotational rotation matrix ROT_PD
   0.94126   0.00000  -0.33768
   0.00000   1.00000   0.00000
   0.33768   0.00000   0.94126
 corotational stretch U_PD
   1.34906   0.00000   0.45785
   0.00000   1.00000   0.00000
  -0.22331   0.00000   0.65799
 deformation gradient FIJ_PD
   1.34523   0.00000   0.20876
   0.00000   1.00000   0.00000
   0.24536   0.00000   0.77395
 co-rotational strain rate DCOROT
   1.56529   0.00000   0.21073
   0.00000   0.00000   0.00000
   0.21073   0.00000  -0.84144
 co-rotational velocity gradient LCOROT
   1.56529   0.00000   0.14801
   0.00000   0.00000   0.00000
   0.27344   0.00000  -0.84144
   10   0.710E-04   0.247E-04   0.173E-03

*******   STEP  15      *** AFFINE CALCULATION                 
 variable velocity gradient LIJBARc
   1.00000   0.00000   1.22800
   0.00000   0.00000   0.00000
   1.22800   0.00000  -1.00000
 rotation B(i,j) from ellipsoid to sample
   0.93805   0.00000  -0.34650
   0.00000   1.00000   0.00000
   0.34650   0.00000   0.93805
 testing orhtogonality ROT_PD*ROT_PD_t=I
   1.00000   0.00000  -0.00000
   0.00000   1.00000   0.00000
  -0.00000   0.00000   1.00000
 tensor U_diagonal
   1.46893   1.00000   0.67323
 co-rotational rotation matrix ROT_PD
   0.93805   0.00000  -0.34650
   0.00000   1.00000   0.00000
   0.34650   0.00000   0.93805
 corotational stretch U_PD
   1.38755   0.00000   0.48216
   0.00000   1.00000   0.00000
  -0.22098   0.00000   0.63593
 deformation gradient FIJ_PD
   1.37816   0.00000   0.23195
   0.00000   1.00000   0.00000
   0.27349   0.00000   0.76360
 co-rotational strain rate DCOROT
   1.55816   0.00000   0.16926
   0.00000   0.00000   0.00000
   0.16926   0.00000  -0.80289
 co-rotational velocity gradient LCOROT
   1.55816   0.00000   0.10164
   0.00000   0.00000   0.00000
   0.23688   0.00000  -0.80289
   11   0.740E-04   0.280E-04   0.279E-03

*******   STEP  16      *** AFFINE CALCULATION                 
 variable velocity gradient LIJBARc
   1.00000   0.00000   1.18900
   0.00000   0.00000   0.00000
   1.18900   0.00000  -1.00000
 rotation B(i,j) from ellipsoid to sample
   0.93552   0.00000  -0.35327
   0.00000   1.00000   0.00000
   0.35327   0.00000   0.93552
 testing orhtogonality ROT_PD*ROT_PD_t=I
   1.00000   0.00000   0.00000
   0.00000   1.00000   0.00000
   0.00000   0.00000   1.00000
 tensor U_diagonal
   1.51400   1.00000   0.65256
 co-rotational rotation matrix ROT_PD
   0.93552   0.00000  -0.35327
   0.00000   1.00000   0.00000
   0.35327   0.00000   0.93552
 corotational stretch U_PD
   1.42743   0.00000   0.50463
   0.00000   1.00000   0.00000
  -0.21750   0.00000   0.61524
 deformation gradient FIJ_PD
   1.41222   0.00000   0.25474
   0.00000   1.00000   0.00000
   0.30079   0.00000   0.75384
 co-rotational strain rate DCOROT
   1.53631   0.00000   0.12481
   0.00000   0.00000   0.00000
   0.12481   0.00000  -0.76596
 co-rotational velocity gradient LCOROT
   1.53631   0.00000   0.05398
   0.00000   0.00000   0.00000
   0.19563   0.00000  -0.76596
   10   0.635E-04   0.249E-04   0.773E-04

*******   STEP  17      *** AFFINE CALCULATION                 
 variable velocity gradient LIJBARc
   1.00000   0.00000   1.13100
   0.00000   0.00000   0.00000
   1.13100   0.00000  -1.00000
 rotation B(i,j) from ellipsoid to sample
   0.93370   0.00000  -0.35807
   0.00000   1.00000   0.00000
   0.35807   0.00000   0.93370
 testing orhtogonality ROT_PD*ROT_PD_t=I
   1.00000   0.00000   0.00000
   0.00000   1.00000   0.00000
   0.00000   0.00000   1.00000
 tensor U_diagonal
   1.55938   1.00000   0.63299
 co-rotational rotation matrix ROT_PD
   0.93370   0.00000  -0.35807
   0.00000   1.00000   0.00000
   0.35807   0.00000   0.93370
 corotational stretch U_PD
   1.46830   0.00000   0.52512
   0.00000   1.00000   0.00000
  -0.21316   0.00000   0.59602
 deformation gradient FIJ_PD
   1.44727   0.00000   0.27689
   0.00000   1.00000   0.00000
   0.32672   0.00000   0.74453
 co-rotational strain rate DCOROT
   1.49982   0.00000   0.07740
   0.00000   0.00000   0.00000
   0.07740   0.00000  -0.73125
 co-rotational velocity gradient LCOROT
   1.49982   0.00000   0.00523
   0.00000   0.00000   0.00000
   0.14957   0.00000  -0.73125
   10   0.806E-04   0.781E-04   0.821E-03

*******   STEP  18      *** AFFINE CALCULATION                 
 variable velocity gradient LIJBARc
   1.00000   0.00000   1.05500
   0.00000   0.00000   0.00000
   1.05500   0.00000  -1.00000
 rotation B(i,j) from ellipsoid to sample
   0.93260   0.00000  -0.36091
   0.00000   1.00000   0.00000
   0.36091   0.00000   0.93260
 testing orhtogonality ROT_PD*ROT_PD_t=I
   1.00000   0.00000   0.00000
   0.00000   1.00000   0.00000
   0.00000   0.00000   1.00000
 tensor U_diagonal
   1.60458   1.00000   0.61464
 co-rotational rotation matrix ROT_PD
   0.93260   0.00000  -0.36091
   0.00000   1.00000   0.00000
   0.36091   0.00000   0.93260
 corotational stretch U_PD
   1.50973   0.00000   0.54349
   0.00000   1.00000   0.00000
  -0.20818   0.00000   0.57831
 deformation gradient FIJ_PD
   1.48311   0.00000   0.29814
   0.00000   1.00000   0.00000
   0.35073   0.00000   0.73548
 co-rotational strain rate DCOROT
   1.44968   0.00000   0.02723
   0.00000   0.00000   0.00000
   0.02723   0.00000  -0.69924
 co-rotational velocity gradient LCOROT
   1.44968   0.00000  -0.04437
   0.00000   0.00000   0.00000
   0.09883   0.00000  -0.69924
    6   0.471E-03   0.360E-03   0.838E-03

*******   STEP  19      *** AFFINE CALCULATION                 
 variable velocity gradient LIJBARc
   1.00000   0.00000   0.96310
   0.00000   0.00000   0.00000
   0.96310   0.00000  -1.00000
 rotation B(i,j) from ellipsoid to sample
   0.93224   0.00000  -0.36184
   0.00000   1.00000   0.00000
   0.36184   0.00000   0.93224
 testing orhtogonality ROT_PD*ROT_PD_t=I
   1.00000   0.00000   0.00000
   0.00000   1.00000   0.00000
   0.00000   0.00000   1.00000
 tensor U_diagonal
   1.64911   1.00000   0.59758
 co-rotational rotation matrix ROT_PD
   0.93224   0.00000  -0.36184
   0.00000   1.00000   0.00000
   0.36184   0.00000   0.93224
 corotational stretch U_PD
   1.55127   0.00000   0.55958
   0.00000   1.00000   0.00000
  -0.20277   0.00000   0.56212
 deformation gradient FIJ_PD
   1.51953   0.00000   0.31827
   0.00000   1.00000   0.00000
   0.37228   0.00000   0.72651
 co-rotational strain rate DCOROT
   1.38789   0.00000  -0.02534
   0.00000   0.00000   0.00000
  -0.02534   0.00000  -0.67026
 co-rotational velocity gradient LCOROT
   1.38789   0.00000  -0.09458
   0.00000   0.00000   0.00000
   0.04390   0.00000  -0.67026
    7   0.263E-03   0.207E-03   0.925E-03

*******   STEP  20      *** AFFINE CALCULATION                 
 variable velocity gradient LIJBARc
   1.00000   0.00000   0.85570
   0.00000   0.00000   0.00000
   0.85570   0.00000  -1.00000
 rotation B(i,j) from ellipsoid to sample
   0.93263   0.00000  -0.36084
   0.00000   1.00000   0.00000
   0.36084   0.00000   0.93263
 testing orhtogonality ROT_PD*ROT_PD_t=I
   1.00000   0.00000   0.00000
   0.00000   1.00000   0.00000
   0.00000   0.00000   1.00000
 tensor U_diagonal
   1.69250   1.00000   0.58186
 co-rotational rotation matrix ROT_PD
   0.93263   0.00000  -0.36084
   0.00000   1.00000   0.00000
   0.36084   0.00000   0.93263
 corotational stretch U_PD
   1.59247   0.00000   0.57324
   0.00000   1.00000   0.00000
  -0.19707   0.00000   0.54747
 deformation gradient FIJ_PD
   1.55629   0.00000   0.33707
   0.00000   1.00000   0.00000
   0.39084   0.00000   0.71743
 co-rotational strain rate DCOROT
   1.31553   0.00000  -0.08114
   0.00000   0.00000   0.00000
  -0.08114   0.00000  -0.64389
 co-rotational velocity gradient LCOROT
   1.31553   0.00000  -0.14638
   0.00000   0.00000   0.00000
  -0.01591   0.00000  -0.64389
   10   0.733E-04   0.889E-04   0.969E-03

*******   STEP  21      *** AFFINE CALCULATION                 
 variable velocity gradient LIJBARc
   1.00000   0.00000   0.73470
   0.00000   0.00000   0.00000
   0.73470   0.00000  -1.00000
 rotation B(i,j) from ellipsoid to sample
   0.93376   0.00000  -0.35790
   0.00000   1.00000   0.00000
   0.35790   0.00000   0.93376
 testing orhtogonality ROT_PD*ROT_PD_t=I
   1.00000   0.00000   0.00000
   0.00000   1.00000   0.00000
   0.00000   0.00000   1.00000
 tensor U_diagonal
   1.73428   1.00000   0.56749
 co-rotational rotation matrix ROT_PD
   0.93376   0.00000  -0.35790
   0.00000   1.00000   0.00000
   0.35790   0.00000   0.93376
 corotational stretch U_PD
   1.63290   0.00000   0.58428
   0.00000   1.00000   0.00000
  -0.19119   0.00000   0.53431
 deformation gradient FIJ_PD
   1.59316   0.00000   0.35435
   0.00000   1.00000   0.00000
   0.40589   0.00000   0.70803
 co-rotational strain rate DCOROT
   1.23488   0.00000  -0.14051
   0.00000   0.00000   0.00000
  -0.14051   0.00000  -0.61982
 co-rotational velocity gradient LCOROT
   1.23488   0.00000  -0.20040
   0.00000   0.00000   0.00000
  -0.08062   0.00000  -0.61982
    8   0.190E-03   0.112E-03   0.802E-03

*******   STEP  22      *** AFFINE CALCULATION                 
 variable velocity gradient LIJBARc
   1.00000   0.00000   0.60220
   0.00000   0.00000   0.00000
   0.60220   0.00000  -1.00000
 rotation B(i,j) from ellipsoid to sample
   0.93563   0.00000  -0.35298
   0.00000   1.00000   0.00000
   0.35298   0.00000   0.93563
 testing orhtogonality ROT_PD*ROT_PD_t=I
   1.00000   0.00000  -0.00000
   0.00000   1.00000   0.00000
  -0.00000   0.00000   1.00000
 tensor U_diagonal
   1.77407   1.00000   0.55446
 co-rotational rotation matrix ROT_PD
   0.93563   0.00000  -0.35298
   0.00000   1.00000   0.00000
   0.35298   0.00000   0.93563
 corotational stretch U_PD
   1.67217   0.00000   0.59258
   0.00000   1.00000   0.00000
  -0.18520   0.00000   0.52261
 deformation gradient FIJ_PD
   1.62991   0.00000   0.36996
   0.00000   1.00000   0.00000
   0.41696   0.00000   0.69814
 co-rotational strain rate DCOROT
   1.14858   0.00000  -0.20389
   0.00000   0.00000   0.00000
  -0.20389   0.00000  -0.59763
 co-rotational velocity gradient LCOROT
   1.14858   0.00000  -0.25744
   0.00000   0.00000   0.00000
  -0.15034   0.00000  -0.59763
    9   0.166E-03   0.121E-03   0.727E-03

*******   STEP  23      *** AFFINE CALCULATION                 
 variable velocity gradient LIJBARc
   1.00000   0.00000   0.46020
   0.00000   0.00000   0.00000
   0.46020   0.00000  -1.00000
 rotation B(i,j) from ellipsoid to sample
   0.93822   0.00000  -0.34603
   0.00000   1.00000   0.00000
   0.34603   0.00000   0.93822
 testing orhtogonality ROT_PD*ROT_PD_t=I
   1.00000   0.00000  -0.00000
   0.00000   1.00000   0.00000
  -0.00000   0.00000   1.00000
 tensor U_diagonal
   1.81154   1.00000   0.54273
 co-rotational rotation matrix ROT_PD
   0.93822   0.00000  -0.34603
   0.00000   1.00000   0.00000
   0.34603   0.00000   0.93822
 corotational stretch U_PD
   1.70999   0.00000   0.59801
   0.00000   1.00000   0.00000
  -0.17916   0.00000   0.51230
 deformation gradient FIJ_PD
   1.66635   0.00000   0.38379
   0.00000   1.00000   0.00000
   0.42362   0.00000   0.68758
 co-rotational strain rate DCOROT
   1.05934   0.00000  -0.27196
   0.00000   0.00000   0.00000
  -0.27196   0.00000  -0.57683
 co-rotational velocity gradient LCOROT
   1.05934   0.00000  -0.31858
   0.00000   0.00000   0.00000
  -0.22533   0.00000  -0.57683
   16   0.606E-04   0.518E-04   0.510E-03

*******   STEP  24      *** AFFINE CALCULATION                 
 variable velocity gradient LIJBARc
   1.00000   0.00000   0.31090
   0.00000   0.00000   0.00000
   0.31090   0.00000  -1.00000
 rotation B(i,j) from ellipsoid to sample
   0.94150   0.00000  -0.33701
   0.00000   1.00000   0.00000
   0.33701   0.00000   0.94150
 testing orhtogonality ROT_PD*ROT_PD_t=I
   1.00000   0.00000  -0.00000
   0.00000   1.00000   0.00000
  -0.00000   0.00000   1.00000
 tensor U_diagonal
   1.84649   1.00000   0.53222
 co-rotational rotation matrix ROT_PD
   0.94150   0.00000  -0.33701
   0.00000   1.00000   0.00000
   0.33701   0.00000   0.94150
 corotational stretch U_PD
   1.74613   0.00000   0.60048
   0.00000   1.00000   0.00000
  -0.17308   0.00000   0.50329
 deformation gradient FIJ_PD
   1.70231   0.00000   0.39574
   0.00000   1.00000   0.00000
   0.42551   0.00000   0.67622
 co-rotational strain rate DCOROT
   0.97014   0.00000  -0.34533
   0.00000   0.00000   0.00000
  -0.34533   0.00000  -0.55709
 co-rotational velocity gradient LCOROT
   0.97014   0.00000  -0.38484
   0.00000   0.00000   0.00000
  -0.30582   0.00000  -0.55709
   17   0.125E-03   0.115E-03   0.274E-03

*******   STEP  25      *** AFFINE CALCULATION                 
 variable velocity gradient LIJBARc
   1.00000   0.00000   0.15670
   0.00000   0.00000   0.00000
   0.15670   0.00000  -1.00000
 rotation B(i,j) from ellipsoid to sample
   0.94542   0.00000  -0.32586
   0.00000   1.00000   0.00000
   0.32586   0.00000   0.94542
 testing orhtogonality ROT_PD*ROT_PD_t=I
   1.00000   0.00000   0.00000
   0.00000   1.00000   0.00000
   0.00000   0.00000   1.00000
 tensor U_diagonal
   1.87884   1.00000   0.52284
 co-rotational rotation matrix ROT_PD
   0.94542   0.00000  -0.32586
   0.00000   1.00000   0.00000
   0.32586   0.00000   0.94542
 corotational stretch U_PD
   1.78046   0.00000   0.59998
   0.00000   1.00000   0.00000
  -0.16696   0.00000   0.49547
 deformation gradient FIJ_PD
   1.73769   0.00000   0.40577
   0.00000   1.00000   0.00000
   0.42234   0.00000   0.66393
 co-rotational strain rate DCOROT
   0.88418   0.00000  -0.42446
   0.00000   0.00000   0.00000
  -0.42446   0.00000  -0.53839
 co-rotational velocity gradient LCOROT
   0.88418   0.00000  -0.45705
   0.00000   0.00000   0.00000
  -0.39188   0.00000  -0.53839
    9   0.382E-03   0.398E-03   0.948E-03

*******   STEP  26      *** AFFINE CALCULATION                 
 variable velocity gradient LIJBARc
   1.00000   0.00000   0.00000
   0.00000   0.00000   0.00000
   0.00000   0.00000  -1.00000
 rotation B(i,j) from ellipsoid to sample
   0.94991   0.00000  -0.31253
   0.00000   1.00000   0.00000
   0.31253   0.00000   0.94991
 testing orhtogonality ROT_PD*ROT_PD_t=I
   1.00000   0.00000   0.00000
   0.00000   1.00000   0.00000
   0.00000   0.00000   1.00000
 tensor U_diagonal
   1.90862   1.00000   0.51448
 co-rotational rotation matrix ROT_PD
   0.94991   0.00000  -0.31253
   0.00000   1.00000   0.00000
   0.31253   0.00000   0.94991
 corotational stretch U_PD
   1.81301   0.00000   0.59651
   0.00000   1.00000   0.00000
  -0.16079   0.00000   0.48871
 deformation gradient FIJ_PD
   1.77244   0.00000   0.41389
   0.00000   1.00000   0.00000
   0.41389   0.00000   0.65066
 co-rotational strain rate DCOROT
   0.80464   0.00000  -0.50959
   0.00000   0.00000   0.00000
  -0.50959   0.00000  -0.52115
 co-rotational velocity gradient LCOROT
   0.80464   0.00000  -0.53576
   0.00000   0.00000   0.00000
  -0.48343   0.00000  -0.52115
   10   0.459E-03   0.414E-03   0.370E-03

*******   STEP  27      *** AFFINE CALCULATION                 
 variable velocity gradient LIJBARc
   1.00000   0.00000  -0.15670
   0.00000   0.00000   0.00000
  -0.15670   0.00000  -1.00000
 rotation B(i,j) from ellipsoid to sample
   0.95488   0.00000  -0.29700
   0.00000   1.00000   0.00000
   0.29700   0.00000   0.95488
 testing orhtogonality ROT_PD*ROT_PD_t=I
   1.00000   0.00000  -0.00000
   0.00000   1.00000   0.00000
  -0.00000   0.00000   1.00000
 tensor U_diagonal
   1.93604   1.00000   0.50699
 co-rotational rotation matrix ROT_PD
   0.95488   0.00000  -0.29700
   0.00000   1.00000   0.00000
   0.29700   0.00000   0.95488
 corotational stretch U_PD
   1.84389   0.00000   0.59016
   0.00000   1.00000   0.00000
  -0.15454   0.00000   0.48286
 deformation gradient FIJ_PD
   1.80659   0.00000   0.42013
   0.00000   1.00000   0.00000
   0.40006   0.00000   0.63635
 co-rotational strain rate DCOROT
   0.73471   0.00000  -0.60053
   0.00000   0.00000   0.00000
  -0.60053   0.00000  -0.50637
 co-rotational velocity gradient LCOROT
   0.73471   0.00000  -0.62101
   0.00000   0.00000   0.00000
  -0.58006   0.00000  -0.50637
   10   0.408E-03   0.348E-03   0.408E-03

*******   STEP  28      *** AFFINE CALCULATION                 
 variable velocity gradient LIJBARc
   1.00000   0.00000  -0.31090
   0.00000   0.00000   0.00000
  -0.31090   0.00000  -1.00000
 rotation B(i,j) from ellipsoid to sample
   0.96022   0.00000  -0.27924
   0.00000   1.00000   0.00000
   0.27924   0.00000   0.96022
 testing orhtogonality ROT_PD*ROT_PD_t=I
   1.00000   0.00000   0.00000
   0.00000   1.00000   0.00000
   0.00000   0.00000   1.00000
 tensor U_diagonal
   1.96143   1.00000   0.50020
 co-rotational rotation matrix ROT_PD
   0.96022   0.00000  -0.27924
   0.00000   1.00000   0.00000
   0.27924   0.00000   0.96022
 corotational stretch U_PD
   1.87338   0.00000   0.58109
   0.00000   1.00000   0.00000
  -0.14819   0.00000   0.47775
 deformation gradient FIJ_PD
   1.84024   0.00000   0.42457
   0.00000   1.00000   0.00000
   0.38082   0.00000   0.62101
 co-rotational strain rate DCOROT
   0.67733   0.00000  -0.69651
   0.00000   0.00000   0.00000
  -0.69651   0.00000  -0.49570
 co-rotational velocity gradient LCOROT
   0.67733   0.00000  -0.71216
   0.00000   0.00000   0.00000
  -0.68087   0.00000  -0.49570
    9   0.546E-03   0.452E-03   0.843E-03

*******   STEP  29      *** AFFINE CALCULATION                 
 variable velocity gradient LIJBARc
   1.00000   0.00000  -0.46020
   0.00000   0.00000   0.00000
  -0.46020   0.00000  -1.00000
 rotation B(i,j) from ellipsoid to sample
   0.96580   0.00000  -0.25929
   0.00000   1.00000   0.00000
   0.25929   0.00000   0.96580
 testing orhtogonality ROT_PD*ROT_PD_t=I
   1.00000   0.00000   0.00000
   0.00000   1.00000   0.00000
   0.00000   0.00000   1.00000
 tensor U_diagonal
   1.98528   1.00000   0.49395
 co-rotational rotation matrix ROT_PD
   0.96580   0.00000  -0.25929
   0.00000   1.00000   0.00000
   0.25929   0.00000   0.96580
 corotational stretch U_PD
   1.90184   0.00000   0.56952
   0.00000   1.00000   0.00000
  -0.14170   0.00000   0.47319
 deformation gradient FIJ_PD
   1.87354   0.00000   0.42735
   0.00000   1.00000   0.00000
   0.35627   0.00000   0.60468
 co-rotational strain rate DCOROT
   0.63505   0.00000  -0.79609
   0.00000   0.00000   0.00000
  -0.79609   0.00000  -0.49136
 co-rotational velocity gradient LCOROT
   0.63505   0.00000  -0.80777
   0.00000   0.00000   0.00000
  -0.78440   0.00000  -0.49136
    8   0.605E-03   0.555E-03   0.943E-03

*******   STEP  30      *** AFFINE CALCULATION                 
 variable velocity gradient LIJBARc
   1.00000   0.00000  -0.60220
   0.00000   0.00000   0.00000
  -0.60220   0.00000  -1.00000
 rotation B(i,j) from ellipsoid to sample
   0.97146   0.00000  -0.23722
   0.00000   1.00000   0.00000
   0.23722   0.00000   0.97146
 testing orhtogonality ROT_PD*ROT_PD_t=I
   1.00000   0.00000   0.00000
   0.00000   1.00000   0.00000
   0.00000   0.00000   1.00000
 tensor U_diagonal
   2.00819   1.00000   0.48805
 co-rotational rotation matrix ROT_PD
   0.97146   0.00000  -0.23722
   0.00000   1.00000   0.00000
   0.23722   0.00000   0.97146
 corotational stretch U_PD
   1.92976   0.00000   0.55573
   0.00000   1.00000   0.00000
  -0.13506   0.00000   0.46899
 deformation gradient FIJ_PD
   1.90672   0.00000   0.42861
   0.00000   1.00000   0.00000
   0.32658   0.00000   0.58744
 co-rotational strain rate DCOROT
   0.60990   0.00000  -0.89689
   0.00000   0.00000   0.00000
  -0.89689   0.00000  -0.49602
 co-rotational velocity gradient LCOROT
   0.60990   0.00000  -0.90543
   0.00000   0.00000   0.00000
  -0.88836   0.00000  -0.49602
    8   0.419E-03   0.372E-03   0.635E-03

*******   STEP  31      *** AFFINE CALCULATION                 
 variable velocity gradient LIJBARc
   1.00000   0.00000  -0.73470
   0.00000   0.00000   0.00000
  -0.73470   0.00000  -1.00000
 rotation B(i,j) from ellipsoid to sample
   0.97701   0.00000  -0.21318
   0.00000   1.00000   0.00000
   0.21318   0.00000   0.97701
 testing orhtogonality ROT_PD*ROT_PD_t=I
   1.00000   0.00000  -0.00000
   0.00000   1.00000   0.00000
  -0.00000   0.00000   1.00000
 tensor U_diagonal
   2.03084   1.00000   0.48231
 co-rotational rotation matrix ROT_PD
   0.97701   0.00000  -0.21318
   0.00000   1.00000   0.00000
   0.21318   0.00000   0.97701
 corotational stretch U_PD
   1.95771   0.00000   0.54009
   0.00000   1.00000   0.00000
  -0.12827   0.00000   0.46494
 deformation gradient FIJ_PD
   1.94005   0.00000   0.42855
   0.00000   1.00000   0.00000
   0.29203   0.00000   0.56939
 co-rotational strain rate DCOROT
   0.60306   0.00000  -0.99574
   0.00000   0.00000   0.00000
  -0.99574   0.00000  -0.51236
 co-rotational velocity gradient LCOROT
   0.60306   0.00000  -1.00181
   0.00000   0.00000   0.00000
  -0.98967   0.00000  -0.51236
    9   0.160E-03   0.115E-03   0.378E-03

*******   STEP  32      *** AFFINE CALCULATION                 
 variable velocity gradient LIJBARc
   1.00000   0.00000  -0.85570
   0.00000   0.00000   0.00000
  -0.85570   0.00000  -1.00000
 rotation B(i,j) from ellipsoid to sample
   0.98229   0.00000  -0.18737
   0.00000   1.00000   0.00000
   0.18737   0.00000   0.98229
 testing orhtogonality ROT_PD*ROT_PD_t=I
   1.00000   0.00000   0.00000
   0.00000   1.00000   0.00000
   0.00000   0.00000   1.00000
 tensor U_diagonal
   2.05400   1.00000   0.47654
 co-rotational rotation matrix ROT_PD
   0.98229   0.00000  -0.18737
   0.00000   1.00000   0.00000
   0.18737   0.00000   0.98229
 corotational stretch U_PD
   1.98630   0.00000   0.52299
   0.00000   1.00000   0.00000
  -0.12134   0.00000   0.46084
 deformation gradient FIJ_PD
   1.97386   0.00000   0.42738
   0.00000   1.00000   0.00000
   0.25299   0.00000   0.55067
 co-rotational strain rate DCOROT
   0.61480   0.00000  -1.08866
   0.00000   0.00000   0.00000
  -1.08866   0.00000  -0.54257
 co-rotational velocity gradient LCOROT
   0.61480   0.00000  -1.09282
   0.00000   0.00000   0.00000
  -1.08450   0.00000  -0.54257
   10   0.100E-03   0.588E-04   0.498E-03

*******   STEP  33      *** AFFINE CALCULATION                 
 variable velocity gradient LIJBARc
   1.00000   0.00000  -0.96310
   0.00000   0.00000   0.00000
  -0.96310   0.00000  -1.00000
 rotation B(i,j) from ellipsoid to sample
   0.98710   0.00000  -0.16008
   0.00000   1.00000   0.00000
   0.16008   0.00000   0.98710
 testing orhtogonality ROT_PD*ROT_PD_t=I
   1.00000   0.00000   0.00000
   0.00000   1.00000   0.00000
   0.00000   0.00000   1.00000
 tensor U_diagonal
   2.07842   1.00000   0.47058
 co-rotational rotation matrix ROT_PD
   0.98710   0.00000  -0.16008
   0.00000   1.00000   0.00000
   0.16008   0.00000   0.98710
 corotational stretch U_PD
   2.01616   0.00000   0.50491
   0.00000   1.00000   0.00000
  -0.11432   0.00000   0.45648
 deformation gradient FIJ_PD
   2.00846   0.00000   0.42532
   0.00000   1.00000   0.00000
   0.20991   0.00000   0.53142
 co-rotational strain rate DCOROT
   0.64438   0.00000  -1.17088
   0.00000   0.00000   0.00000
  -1.17088   0.00000  -0.58782
 co-rotational velocity gradient LCOROT
   0.64438   0.00000  -1.17358
   0.00000   0.00000   0.00000
  -1.16818   0.00000  -0.58782
    7   0.746E-03   0.536E-03   0.883E-03

*******   STEP  34      *** AFFINE CALCULATION                 
 variable velocity gradient LIJBARc
   1.00000   0.00000  -1.05500
   0.00000   0.00000   0.00000
  -1.05500   0.00000  -1.00000
 rotation B(i,j) from ellipsoid to sample
   0.99129   0.00000  -0.13168
   0.00000   1.00000   0.00000
   0.13168   0.00000   0.99129
 testing orhtogonality ROT_PD*ROT_PD_t=I
   1.00000   0.00000  -0.00000
   0.00000   1.00000   0.00000
  -0.00000   0.00000   1.00000
 tensor U_diagonal
   2.10486   1.00000   0.46428
 co-rotational rotation matrix ROT_PD
   0.99129   0.00000  -0.13168
   0.00000   1.00000   0.00000
   0.13168   0.00000   0.99129
 corotational stretch U_PD
   2.04791   0.00000   0.48633
   0.00000   1.00000   0.00000
  -0.10727   0.00000   0.45171
 deformation gradient FIJ_PD
   2.04420   0.00000   0.42262
   0.00000   1.00000   0.00000
   0.16333   0.00000   0.51182
 co-rotational strain rate DCOROT
   0.68990   0.00000  -1.23741
   0.00000   0.00000   0.00000
  -1.23741   0.00000  -0.64765
 co-rotational velocity gradient LCOROT
   0.68990   0.00000  -1.23900
   0.00000   0.00000   0.00000
  -1.23581   0.00000  -0.64765
    7   0.804E-03   0.623E-03   0.548E-03

*******   STEP  35      *** AFFINE CALCULATION                 
 variable velocity gradient LIJBARc
   1.00000   0.00000  -1.13100
   0.00000   0.00000   0.00000
  -1.13100   0.00000  -1.00000
 rotation B(i,j) from ellipsoid to sample
   0.99472   0.00000  -0.10258
   0.00000   1.00000   0.00000
   0.10258   0.00000   0.99472
 testing orhtogonality ROT_PD*ROT_PD_t=I
   1.00000   0.00000   0.00000
   0.00000   1.00000   0.00000
   0.00000   0.00000   1.00000
 tensor U_diagonal
   2.13398   1.00000   0.45752
 co-rotational rotation matrix ROT_PD
   0.99472   0.00000  -0.10258
   0.00000   1.00000   0.00000
   0.10258   0.00000   0.99472
 corotational stretch U_PD
   2.08209   0.00000   0.46775
   0.00000   1.00000   0.00000
  -0.10029   0.00000   0.44640
 deformation gradient FIJ_PD
   2.08139   0.00000   0.41949
   0.00000   1.00000   0.00000
   0.11382   0.00000   0.49202
 co-rotational strain rate DCOROT
   0.74814   0.00000  -1.28476
   0.00000   0.00000   0.00000
  -1.28476   0.00000  -0.71941
 co-rotational velocity gradient LCOROT
   0.74814   0.00000  -1.28558
   0.00000   0.00000   0.00000
  -1.28395   0.00000  -0.71941
    7   0.966E-03   0.747E-03   0.593E-03

*******   STEP  36      *** AFFINE CALCULATION                 
 variable velocity gradient LIJBARc
   1.00000   0.00000  -1.18900
   0.00000   0.00000   0.00000
  -1.18900   0.00000  -1.00000
 rotation B(i,j) from ellipsoid to sample
   0.99731   0.00000  -0.07326
   0.00000   1.00000   0.00000
   0.07326   0.00000   0.99731
 testing orhtogonality ROT_PD*ROT_PD_t=I
   1.00000   0.00000   0.00000
   0.00000   1.00000   0.00000
   0.00000   0.00000   1.00000
 tensor U_diagonal
   2.16634   1.00000   0.45025
 co-rotational rotation matrix ROT_PD
   0.99731   0.00000  -0.07326
   0.00000   1.00000   0.00000
   0.07326   0.00000   0.99731
 corotational stretch U_PD
   2.11916   0.00000   0.44966
   0.00000   1.00000   0.00000
  -0.09346   0.00000   0.44045
 deformation gradient FIJ_PD
   2.12031   0.00000   0.41618
   0.00000   1.00000   0.00000
   0.06205   0.00000   0.47221
 co-rotational strain rate DCOROT
   0.81551   0.00000  -1.30857
   0.00000   0.00000   0.00000
  -1.30857   0.00000  -0.79903
 co-rotational velocity gradient LCOROT
   0.81551   0.00000  -1.30889
   0.00000   0.00000   0.00000
  -1.30825   0.00000  -0.79903
   12   0.131E-03   0.979E-04   0.909E-03

*******   STEP  37      *** AFFINE CALCULATION                 
 variable velocity gradient LIJBARc
   1.00000   0.00000  -1.22800
   0.00000   0.00000   0.00000
  -1.22800   0.00000  -1.00000
 rotation B(i,j) from ellipsoid to sample
   0.99902   0.00000  -0.04424
   0.00000   1.00000   0.00000
   0.04424   0.00000   0.99902
 testing orhtogonality ROT_PD*ROT_PD_t=I
   1.00000   0.00000  -0.00000
   0.00000   1.00000   0.00000
  -0.00000   0.00000   1.00000
 tensor U_diagonal
   2.20235   1.00000   0.44245
 co-rotational rotation matrix ROT_PD
   0.99902   0.00000  -0.04424
   0.00000   1.00000   0.00000
   0.04424   0.00000   0.99902
 corotational stretch U_PD
   2.15946   0.00000   0.43252
   0.00000   1.00000   0.00000
  -0.08689   0.00000   0.43383
 deformation gradient FIJ_PD
   2.16119   0.00000   0.41291
   0.00000   1.00000   0.00000
   0.00874   0.00000   0.45254
 co-rotational strain rate DCOROT
   0.88753   0.00000  -1.30655
   0.00000   0.00000   0.00000
  -1.30655   0.00000  -0.88080
 co-rotational velocity gradient LCOROT
   0.88753   0.00000  -1.30662
   0.00000   0.00000   0.00000
  -1.30647   0.00000  -0.88080
    7   0.794E-03   0.587E-03   0.283E-03

*******   STEP  38      *** AFFINE CALCULATION                 
 variable velocity gradient LIJBARc
   1.00000   0.00000  -1.24800
   0.00000   0.00000   0.00000
  -1.24800   0.00000  -1.00000
 rotation B(i,j) from ellipsoid to sample
   0.99987   0.00000  -0.01602
   0.00000   1.00000   0.00000
   0.01602   0.00000   0.99987
 testing orhtogonality ROT_PD*ROT_PD_t=I
   1.00000   0.00000  -0.00000
   0.00000   1.00000   0.00000
  -0.00000   0.00000   1.00000
 tensor U_diagonal
   2.24226   1.00000   0.43413
 co-rotational rotation matrix ROT_PD
   0.99987   0.00000  -0.01602
   0.00000   1.00000   0.00000
   0.01602   0.00000   0.99987
 corotational stretch U_PD
   2.20319   0.00000   0.41676
   0.00000   1.00000   0.00000
  -0.08069   0.00000   0.42656
 deformation gradient FIJ_PD
   2.20420   0.00000   0.40987
   0.00000   1.00000   0.00000
  -0.04538   0.00000   0.43319
 co-rotational strain rate DCOROT
   0.95950   0.00000  -1.27874
   0.00000   0.00000   0.00000
  -1.27874   0.00000  -0.95853
 co-rotational velocity gradient LCOROT
   0.95950   0.00000  -1.27875
   0.00000   0.00000   0.00000
  -1.27874   0.00000  -0.95853
   12   0.655E-04   0.211E-04   0.206E-03

*******   STEP  39      *** AFFINE CALCULATION                 
 variable velocity gradient LIJBARc
   1.00000   0.00000  -1.24800
   0.00000   0.00000   0.00000
  -1.24800   0.00000  -1.00000
 rotation B(i,j) from ellipsoid to sample
   0.99994   0.00000   0.01092
   0.00000   1.00000   0.00000
  -0.01092   0.00000   0.99994
 testing orhtogonality ROT_PD*ROT_PD_t=I
   1.00000   0.00000  -0.00000
   0.00000   1.00000   0.00000
  -0.00000   0.00000   1.00000
 tensor U_diagonal
   2.28612   1.00000   0.42536
 co-rotational rotation matrix ROT_PD
   0.99994   0.00000   0.01092
   0.00000   1.00000   0.00000
  -0.01092   0.00000   0.99994
 corotational stretch U_PD
   2.25037   0.00000   0.40271
   0.00000   1.00000   0.00000
  -0.07493   0.00000   0.41871
 deformation gradient FIJ_PD
   2.24942   0.00000   0.40725
   0.00000   1.00000   0.00000
  -0.09949   0.00000   0.41429
 co-rotational strain rate DCOROT
   1.02701   0.00000  -1.22558
   0.00000   0.00000   0.00000
  -1.22558   0.00000  -1.02652
 co-rotational velocity gradient LCOROT
   1.02701   0.00000  -1.22558
   0.00000   0.00000   0.00000
  -1.22558   0.00000  -1.02652
   11   0.808E-04   0.544E-04   0.545E-03

*******   STEP  40      *** AFFINE CALCULATION                 
 variable velocity gradient LIJBARc
   1.00000   0.00000  -1.22800
   0.00000   0.00000   0.00000
  -1.22800   0.00000  -1.00000
 rotation B(i,j) from ellipsoid to sample
   0.99935   0.00000   0.03612
   0.00000   1.00000   0.00000
  -0.03612   0.00000   0.99935
 testing orhtogonality ROT_PD*ROT_PD_t=I
   1.00000   0.00000   0.00000
   0.00000   1.00000   0.00000
   0.00000   0.00000   1.00000
 tensor U_diagonal
   2.33380   1.00000   0.41626
 co-rotational rotation matrix ROT_PD
   0.99935   0.00000   0.03612
   0.00000   1.00000   0.00000
  -0.03612   0.00000   0.99935
 corotational stretch U_PD
   2.30087   0.00000   0.39065
   0.00000   1.00000   0.00000
  -0.06968   0.00000   0.41038
 deformation gradient FIJ_PD
   2.29685   0.00000   0.40522
   0.00000   1.00000   0.00000
  -0.15275   0.00000   0.39600
 co-rotational strain rate DCOROT
   1.08605   0.00000  -1.14954
   0.00000   0.00000   0.00000
  -1.14954   0.00000  -1.08027
 co-rotational velocity gradient LCOROT
   1.08605   0.00000  -1.14949
   0.00000   0.00000   0.00000
  -1.14959   0.00000  -1.08027
   11   0.787E-04   0.582E-04   0.569E-03

*******   STEP  41      *** AFFINE CALCULATION                 
 variable velocity gradient LIJBARc
   1.00000   0.00000  -1.18900
   0.00000   0.00000   0.00000
  -1.18900   0.00000  -1.00000
 rotation B(i,j) from ellipsoid to sample
   0.99824   0.00000   0.05923
   0.00000   1.00000   0.00000
  -0.05923   0.00000   0.99824
 testing orhtogonality ROT_PD*ROT_PD_t=I
   1.00000   0.00000  -0.00000
   0.00000   1.00000   0.00000
  -0.00000   0.00000   1.00000
 tensor U_diagonal
   2.38499   1.00000   0.40693
 co-rotational rotation matrix ROT_PD
   0.99824   0.00000   0.05923
   0.00000   1.00000   0.00000
  -0.05923   0.00000   0.99824
 corotational stretch U_PD
   2.35440   0.00000   0.38079
   0.00000   1.00000   0.00000
  -0.06497   0.00000   0.40171
 deformation gradient FIJ_PD
   2.34642   0.00000   0.40391
   0.00000   1.00000   0.00000
  -0.20431   0.00000   0.37845
 co-rotational strain rate DCOROT
   1.13359   0.00000  -1.05474
   0.00000   0.00000   0.00000
  -1.05474   0.00000  -1.11724
 co-rotational velocity gradient LCOROT
   1.13359   0.00000  -1.05450
   0.00000   0.00000   0.00000
  -1.05497   0.00000  -1.11724
   10   0.970E-04   0.775E-04   0.790E-03

*******   STEP  42      *** AFFINE CALCULATION                 
 variable velocity gradient LIJBARc
   1.00000   0.00000  -1.13100
   0.00000   0.00000   0.00000
  -1.13100   0.00000  -1.00000
 rotation B(i,j) from ellipsoid to sample
   0.99680   0.00000   0.07993
   0.00000   1.00000   0.00000
  -0.07993   0.00000   0.99680
 testing orhtogonality ROT_PD*ROT_PD_t=I
   1.00000   0.00000   0.00000
   0.00000   1.00000   0.00000
   0.00000   0.00000   1.00000
 tensor U_diagonal
   2.43926   1.00000   0.39751
 co-rotational rotation matrix ROT_PD
   0.99680   0.00000   0.07993
   0.00000   1.00000   0.00000
  -0.07993   0.00000   0.99680
 corotational stretch U_PD
   2.41054   0.00000   0.37322
   0.00000   1.00000   0.00000
  -0.06082   0.00000   0.39283
 deformation gradient FIJ_PD
   2.39797   0.00000   0.40343
   0.00000   1.00000   0.00000
  -0.25330   0.00000   0.36174
 co-rotational strain rate DCOROT
   1.16744   0.00000  -0.94446
   0.00000   0.00000   0.00000
  -0.94446   0.00000  -1.13665
 co-rotational velocity gradient LCOROT
   1.16744   0.00000  -0.94386
   0.00000   0.00000   0.00000
  -0.94506   0.00000  -1.13665
    6   0.798E-03   0.497E-03   0.517E-03

*******   STEP  43      *** AFFINE CALCULATION                 
 variable velocity gradient LIJBARc
   1.00000   0.00000  -1.05500
   0.00000   0.00000   0.00000
  -1.05500   0.00000  -1.00000
 rotation B(i,j) from ellipsoid to sample
   0.99519   0.00000   0.09798
   0.00000   1.00000   0.00000
  -0.09798   0.00000   0.99519
 testing orhtogonality ROT_PD*ROT_PD_t=I
   1.00000   0.00000  -0.00000
   0.00000   1.00000   0.00000
  -0.00000   0.00000   1.00000
 tensor U_diagonal
   2.49604   1.00000   0.38814
 co-rotational rotation matrix ROT_PD
   0.99519   0.00000   0.09798
   0.00000   1.00000   0.00000
  -0.09798   0.00000   0.99519
 corotational stretch U_PD
   2.46876   0.00000   0.36802
   0.00000   1.00000   0.00000
  -0.05723   0.00000   0.38390
 deformation gradient FIJ_PD
   2.45127   0.00000   0.40386
   0.00000   1.00000   0.00000
  -0.29883   0.00000   0.34599
 co-rotational strain rate DCOROT
   1.18654   0.00000  -0.82267
   0.00000   0.00000   0.00000
  -0.82267   0.00000  -1.13944
 co-rotational velocity gradient LCOROT
   1.18654   0.00000  -0.82155
   0.00000   0.00000   0.00000
  -0.82379   0.00000  -1.13944
   10   0.132E-03   0.386E-04   0.401E-03

*******   STEP  44      *** AFFINE CALCULATION                 
 variable velocity gradient LIJBARc
   1.00000   0.00000  -0.96310
   0.00000   0.00000   0.00000
  -0.96310   0.00000  -1.00000
 rotation B(i,j) from ellipsoid to sample
   0.99357   0.00000   0.11321
   0.00000   1.00000   0.00000
  -0.11321   0.00000   0.99357
 testing orhtogonality ROT_PD*ROT_PD_t=I
   1.00000   0.00000  -0.00000
   0.00000   1.00000   0.00000
  -0.00000   0.00000   1.00000
 tensor U_diagonal
   2.55467   1.00000   0.37894
 co-rotational rotation matrix ROT_PD
   0.99357   0.00000   0.11321
   0.00000   1.00000   0.00000
  -0.11321   0.00000   0.99357
 corotational stretch U_PD
   2.52844   0.00000   0.36516
   0.00000   1.00000   0.00000
  -0.05417   0.00000   0.37505
 deformation gradient FIJ_PD
   2.50605   0.00000   0.40528
   0.00000   1.00000   0.00000
  -0.34007   0.00000   0.33130
 co-rotational strain rate DCOROT
   1.19104   0.00000  -0.69369
   0.00000   0.00000   0.00000
  -0.69369   0.00000  -1.12798
 co-rotational velocity gradient LCOROT
   1.19104   0.00000  -0.69195
   0.00000   0.00000   0.00000
  -0.69543   0.00000  -1.12798
    6   0.931E-03   0.584E-03   0.669E-03

*******   STEP  45      *** AFFINE CALCULATION                 
 variable velocity gradient LIJBARc
   1.00000   0.00000  -0.85570
   0.00000   0.00000   0.00000
  -0.85570   0.00000  -1.00000
 rotation B(i,j) from ellipsoid to sample
   0.99209   0.00000   0.12552
   0.00000   1.00000   0.00000
  -0.12552   0.00000   0.99209
 testing orhtogonality ROT_PD*ROT_PD_t=I
   1.00000   0.00000   0.00000
   0.00000   1.00000   0.00000
   0.00000   0.00000   1.00000
 tensor U_diagonal
   2.61450   1.00000   0.37001
 co-rotational rotation matrix ROT_PD
   0.99209   0.00000   0.12552
   0.00000   1.00000   0.00000
  -0.12552   0.00000   0.99209
 corotational stretch U_PD
   2.58895   0.00000   0.36461
   0.00000   1.00000   0.00000
  -0.05160   0.00000   0.36640
 deformation gradient FIJ_PD
   2.56199   0.00000   0.40771
   0.00000   1.00000   0.00000
  -0.37616   0.00000   0.31773
 co-rotational strain rate DCOROT
   1.18161   0.00000  -0.55942
   0.00000   0.00000   0.00000
  -0.55942   0.00000  -1.10495
 co-rotational velocity gradient LCOROT
   1.18161   0.00000  -0.55706
   0.00000   0.00000   0.00000
  -0.56177   0.00000  -1.10495
    9   0.107E-03   0.936E-04   0.754E-03

*******   STEP  46      *** AFFINE CALCULATION                 
 variable velocity gradient LIJBARc
   1.00000   0.00000  -0.73470
   0.00000   0.00000   0.00000
  -0.73470   0.00000  -1.00000
 rotation B(i,j) from ellipsoid to sample
   0.99087   0.00000   0.13483
   0.00000   1.00000   0.00000
  -0.13483   0.00000   0.99087
 testing orhtogonality ROT_PD*ROT_PD_t=I
   1.00000   0.00000   0.00000
   0.00000   1.00000   0.00000
   0.00000   0.00000   1.00000
 tensor U_diagonal
   2.67482   1.00000   0.36145
 co-rotational rotation matrix ROT_PD
   0.99087   0.00000   0.13483
   0.00000   1.00000   0.00000
  -0.13483   0.00000   0.99087
 corotational stretch U_PD
   2.64963   0.00000   0.36627
   0.00000   1.00000   0.00000
  -0.04949   0.00000   0.35804
 deformation gradient FIJ_PD
   2.61876   0.00000   0.41120
   0.00000   1.00000   0.00000
  -0.40628   0.00000   0.30539
 co-rotational strain rate DCOROT
   1.15995   0.00000  -0.42229
   0.00000   0.00000   0.00000
  -0.42229   0.00000  -1.07357
 co-rotational velocity gradient LCOROT
   1.15995   0.00000  -0.41943
   0.00000   0.00000   0.00000
  -0.42516   0.00000  -1.07357
   10   0.116E-03   0.519E-04   0.356E-04

*******   STEP  47      *** AFFINE CALCULATION                 
 variable velocity gradient LIJBARc
   1.00000   0.00000  -0.60220
   0.00000   0.00000   0.00000
  -0.60220   0.00000  -1.00000
 rotation B(i,j) from ellipsoid to sample
   0.98999   0.00000   0.14110
   0.00000   1.00000   0.00000
  -0.14110   0.00000   0.98999
 testing orhtogonality ROT_PD*ROT_PD_t=I
   1.00000   0.00000   0.00000
   0.00000   1.00000   0.00000
   0.00000   0.00000   1.00000
 tensor U_diagonal
   2.73504   1.00000   0.35329
 co-rotational rotation matrix ROT_PD
   0.98999   0.00000   0.14110
   0.00000   1.00000   0.00000
  -0.14110   0.00000   0.98999
 corotational stretch U_PD
   2.70989   0.00000   0.37005
   0.00000   1.00000   0.00000
  -0.04780   0.00000   0.35005
 deformation gradient FIJ_PD
   2.67603   0.00000   0.41574
   0.00000   1.00000   0.00000
  -0.42970   0.00000   0.29433
 co-rotational strain rate DCOROT
   1.12842   0.00000  -0.28410
   0.00000   0.00000   0.00000
  -0.28410   0.00000  -1.03699
 co-rotational velocity gradient LCOROT
   1.12842   0.00000  -0.28090
   0.00000   0.00000   0.00000
  -0.28729   0.00000  -1.03699
    9   0.990E-04   0.813E-04   0.286E-03

*******   STEP  48      *** AFFINE CALCULATION                 
 variable velocity gradient LIJBARc
   1.00000   0.00000  -0.46020
   0.00000   0.00000   0.00000
  -0.46020   0.00000  -1.00000
 rotation B(i,j) from ellipsoid to sample
   0.98953   0.00000   0.14435
   0.00000   1.00000   0.00000
  -0.14435   0.00000   0.98953
 testing orhtogonality ROT_PD*ROT_PD_t=I
   1.00000   0.00000  -0.00000
   0.00000   1.00000   0.00000
  -0.00000   0.00000   1.00000
 tensor U_diagonal
   2.79461   1.00000   0.34560
 co-rotational rotation matrix ROT_PD
   0.98953   0.00000   0.14435
   0.00000   1.00000   0.00000
  -0.14435   0.00000   0.98953
 corotational stretch U_PD
   2.76922   0.00000   0.37585
   0.00000   1.00000   0.00000
  -0.04648   0.00000   0.34246
 deformation gradient FIJ_PD
   2.73351   0.00000   0.42135
   0.00000   1.00000   0.00000
  -0.44573   0.00000   0.28462
 co-rotational strain rate DCOROT
   1.08979   0.00000  -0.14583
   0.00000   0.00000   0.00000
  -0.14583   0.00000  -0.99811
 co-rotational velocity gradient LCOROT
   1.08979   0.00000  -0.14252
   0.00000   0.00000   0.00000
  -0.14914   0.00000  -0.99811
    8   0.249E-03   0.171E-03   0.356E-03

*******   STEP  49      *** AFFINE CALCULATION                 
 variable velocity gradient LIJBARc
   1.00000   0.00000  -0.31090
   0.00000   0.00000   0.00000
  -0.31090   0.00000  -1.00000
 rotation B(i,j) from ellipsoid to sample
   0.98949   0.00000   0.14460
   0.00000   1.00000   0.00000
  -0.14460   0.00000   0.98949
 testing orhtogonality ROT_PD*ROT_PD_t=I
   1.00000   0.00000  -0.00000
   0.00000   1.00000   0.00000
  -0.00000   0.00000   1.00000
 tensor U_diagonal
   2.85314   1.00000   0.33836
 co-rotational rotation matrix ROT_PD
   0.98949   0.00000   0.14460
   0.00000   1.00000   0.00000
  -0.14460   0.00000   0.98949
 corotational stretch U_PD
   2.82724   0.00000   0.38356
   0.00000   1.00000   0.00000
  -0.04549   0.00000   0.33529
 deformation gradient FIJ_PD
   2.79095   0.00000   0.42801
   0.00000   1.00000   0.00000
  -0.45382   0.00000   0.27630
 co-rotational strain rate DCOROT
   1.04715   0.00000  -0.00820
   0.00000   0.00000   0.00000
  -0.00820   0.00000  -0.95954
 co-rotational velocity gradient LCOROT
   1.04715   0.00000  -0.00500
   0.00000   0.00000   0.00000
  -0.01140   0.00000  -0.95954
    9   0.439E-03   0.437E-03   0.164E-03

*******   STEP  50      *** AFFINE CALCULATION                 
 variable velocity gradient LIJBARc
   1.00000   0.00000  -0.15670
   0.00000   0.00000   0.00000
  -0.15670   0.00000  -1.00000
 rotation B(i,j) from ellipsoid to sample
   0.98988   0.00000   0.14189
   0.00000   1.00000   0.00000
  -0.14189   0.00000   0.98988
 testing orhtogonality ROT_PD*ROT_PD_t=I
   1.00000   0.00000   0.00000
   0.00000   1.00000   0.00000
   0.00000   0.00000   1.00000
 tensor U_diagonal
   2.91038   1.00000   0.33157
 co-rotational rotation matrix ROT_PD
   0.98988   0.00000   0.14189
   0.00000   1.00000   0.00000
  -0.14189   0.00000   0.98988
 corotational stretch U_PD
   2.88372   0.00000   0.39306
   0.00000   1.00000   0.00000
  -0.04478   0.00000   0.32853
 deformation gradient FIJ_PD
   2.84819   0.00000   0.43570
   0.00000   1.00000   0.00000
  -0.45349   0.00000   0.26944
 co-rotational strain rate DCOROT
   1.00375   0.00000   0.12814
   0.00000   0.00000   0.00000
   0.12814   0.00000  -0.92367
 co-rotational velocity gradient LCOROT
   1.00375   0.00000   0.13104
   0.00000   0.00000   0.00000
   0.12524   0.00000  -0.92367
   12   0.230E-03   0.183E-03   0.562E-03

*******   STEP  51      *** AFFINE CALCULATION                 
 variable velocity gradient LIJBARc
   1.00000   0.00000  -0.00000
   0.00000   0.00000   0.00000
  -0.00000   0.00000  -1.00000
 rotation B(i,j) from ellipsoid to sample
   0.99067   0.00000   0.13629
   0.00000   1.00000   0.00000
  -0.13629   0.00000   0.99067
 testing orhtogonality ROT_PD*ROT_PD_t=I
   1.00000   0.00000  -0.00000
   0.00000   1.00000   0.00000
  -0.00000   0.00000   1.00000
 tensor U_diagonal
   2.96629   1.00000   0.32519
 co-rotational rotation matrix ROT_PD
   0.99067   0.00000   0.13629
   0.00000   1.00000   0.00000
  -0.13629   0.00000   0.99067
 corotational stretch U_PD
   2.93861   0.00000   0.40428
   0.00000   1.00000   0.00000
  -0.04432   0.00000   0.32215
 deformation gradient FIJ_PD
   2.90515   0.00000   0.44442
   0.00000   1.00000   0.00000
  -0.44442   0.00000   0.26405
 co-rotational strain rate DCOROT
   0.96285   0.00000   0.26256
   0.00000   0.00000   0.00000
   0.26256   0.00000  -0.89264
 co-rotational velocity gradient LCOROT
   0.96285   0.00000   0.26502
   0.00000   0.00000   0.00000
   0.26010   0.00000  -0.89264
   13   0.119E-03   0.114E-03   0.855E-03

  INSIDE SUBROUTINE TEXTURE_ROTATION

  EULER ANGLES & ELLIPSOID AXES OF PHASE  1 before rotation
    90.001    12.782    -0.002          0.916     2.952     0.359

  EULER ANGLES & ELLIPSOID AXES OF PHASE  1 after rotation
    90.001    20.615    -0.001          0.916     2.952     0.359

  INSIDE SUBROUTINE TEXTURE_ROTATION

  EULER ANGLES & ELLIPSOID AXES OF PHASE  1 before rotation
    90.001    20.615    -0.001          0.916     2.952     0.359

  EULER ANGLES & ELLIPSOID AXES OF PHASE  1 after rotation
    90.001    12.782    -0.002          0.916     2.952     0.359

  INSIDE SUBROUTINE TEXTURE_ROTATION

  EULER ANGLES & ELLIPSOID AXES OF PHASE  1 before rotation
    90.001    12.782    -0.002          0.916     2.952     0.359

  EULER ANGLES & ELLIPSOID AXES OF PHASE  1 after rotation
    90.001    20.615    -0.001          0.916     2.952     0.359

 ******* STARTS A PCYS CALCULATION *******

 CENTRO-SYMMETRIC YIELD SURFACE

NORM OF STRAIN-RATE PROBES IS HARDWIRED TO  0.100E+01

WILL CALCULATE A   1   2   PCYS PROJECTION
 INDICES OF THE COMPONENTS DEFINING STRESS SPACE
    1 = (S22-S11)/SQRT(2)
    2 = (2*S33-S22-S11)/SQRT(6)
    3 = S23*SQRT(2)
    4 = S13*SQRT(2)
    5 = S12*SQRT(2)


*******   STEP   1      *** AFFINE CALCULATION                 
 step & DBAR in PCYS    1    0.0000    1.0000    0.0000    0.0000    0.0000
    9   0.757E-04   0.942E-04   0.550E-03

*******   STEP   2      *** AFFINE CALCULATION                 
 step & DBAR in PCYS    2    0.0872    0.9962    0.0000    0.0000    0.0000
   13   0.110E-03   0.168E-03   0.741E-03

*******   STEP   3      *** AFFINE CALCULATION                 
 step & DBAR in PCYS    3    0.1736    0.9848    0.0000    0.0000    0.0000
   13   0.112E-03   0.168E-03   0.837E-03

*******   STEP   4      *** AFFINE CALCULATION                 
 step & DBAR in PCYS    4    0.2588    0.9659    0.0000    0.0000    0.0000
   13   0.120E-03   0.171E-03   0.983E-03

*******   STEP   5      *** AFFINE CALCULATION                 
 step & DBAR in PCYS    5    0.3420    0.9397    0.0000    0.0000    0.0000
   14   0.941E-04   0.128E-03   0.953E-03

*******   STEP   6      *** AFFINE CALCULATION                 
 step & DBAR in PCYS    6    0.4226    0.9063    0.0000    0.0000    0.0000
   15   0.814E-04   0.110E-03   0.817E-03

*******   STEP   7      *** AFFINE CALCULATION                 
 step & DBAR in PCYS    7    0.5000    0.8660    0.0000    0.0000    0.0000
   13   0.109E-03   0.116E-03   0.843E-03

*******   STEP   8      *** AFFINE CALCULATION                 
 step & DBAR in PCYS    8    0.5736    0.8192    0.0000    0.0000    0.0000
    7   0.746E-03   0.594E-03   0.480E-03

*******   STEP   9      *** AFFINE CALCULATION                 
 step & DBAR in PCYS    9    0.6428    0.7660    0.0000    0.0000    0.0000
    8   0.520E-03   0.406E-03   0.859E-03

*******   STEP  10      *** AFFINE CALCULATION                 
 step & DBAR in PCYS   10    0.7071    0.7071    0.0000    0.0000    0.0000
    7   0.788E-03   0.593E-03   0.943E-03

*******   STEP  11      *** AFFINE CALCULATION                 
 step & DBAR in PCYS   11    0.7660    0.6428    0.0000    0.0000    0.0000
   12   0.127E-03   0.656E-04   0.201E-03

*******   STEP  12      *** AFFINE CALCULATION                 
 step & DBAR in PCYS   12    0.8192    0.5736    0.0000    0.0000    0.0000
   12   0.258E-03   0.144E-03   0.781E-03

*******   STEP  13      *** AFFINE CALCULATION                 
 step & DBAR in PCYS   13    0.8660    0.5000    0.0000    0.0000    0.0000
   10   0.284E-03   0.256E-03   0.772E-03

*******   STEP  14      *** AFFINE CALCULATION                 
 step & DBAR in PCYS   14    0.9063    0.4226    0.0000    0.0000    0.0000
   10   0.303E-03   0.206E-03   0.936E-03

*******   STEP  15      *** AFFINE CALCULATION                 
 step & DBAR in PCYS   15    0.9397    0.3420    0.0000    0.0000    0.0000
   10   0.233E-03   0.173E-03   0.595E-03

*******   STEP  16      *** AFFINE CALCULATION                 
 step & DBAR in PCYS   16    0.9659    0.2588    0.0000    0.0000    0.0000
   10   0.216E-03   0.165E-03   0.286E-03

*******   STEP  17      *** AFFINE CALCULATION                 
 step & DBAR in PCYS   17    0.9848    0.1736    0.0000    0.0000    0.0000
    9   0.334E-03   0.250E-03   0.312E-03

*******   STEP  18      *** AFFINE CALCULATION                 
 step & DBAR in PCYS   18    0.9962    0.0872    0.0000    0.0000    0.0000
   10   0.363E-03   0.229E-03   0.496E-03

*******   STEP  19      *** AFFINE CALCULATION                 
 step & DBAR in PCYS   19    1.0000    0.0000    0.0000    0.0000    0.0000
    9   0.362E-03   0.165E-03   0.527E-03

*******   STEP  20      *** AFFINE CALCULATION                 
 step & DBAR in PCYS   20    0.9962   -0.0872    0.0000    0.0000    0.0000
    9   0.804E-03   0.893E-03   0.797E-03

*******   STEP  21      *** AFFINE CALCULATION                 
 step & DBAR in PCYS   21    0.9848   -0.1736    0.0000    0.0000    0.0000
   11   0.298E-03   0.276E-03   0.731E-03

*******   STEP  22      *** AFFINE CALCULATION                 
 step & DBAR in PCYS   22    0.9659   -0.2588    0.0000    0.0000    0.0000
    8   0.976E-03   0.995E-03   0.985E-03

*******   STEP  23      *** AFFINE CALCULATION                 
 step & DBAR in PCYS   23    0.9397   -0.3420    0.0000    0.0000    0.0000
   12   0.118E-03   0.508E-04   0.279E-03

*******   STEP  24      *** AFFINE CALCULATION                 
 step & DBAR in PCYS   24    0.9063   -0.4226    0.0000    0.0000    0.0000
    9   0.518E-03   0.469E-03   0.719E-03

*******   STEP  25      *** AFFINE CALCULATION                 
 step & DBAR in PCYS   25    0.8660   -0.5000    0.0000    0.0000    0.0000
    9   0.519E-03   0.468E-03   0.933E-03

*******   STEP  26      *** AFFINE CALCULATION                 
 step & DBAR in PCYS   26    0.8192   -0.5736    0.0000    0.0000    0.0000
   11   0.155E-03   0.141E-03   0.328E-03

*******   STEP  27      *** AFFINE CALCULATION                 
 step & DBAR in PCYS   27    0.7660   -0.6428    0.0000    0.0000    0.0000
   10   0.298E-03   0.372E-03   0.540E-03

*******   STEP  28      *** AFFINE CALCULATION                 
 step & DBAR in PCYS   28    0.7071   -0.7071    0.0000    0.0000    0.0000
   10   0.396E-03   0.555E-03   0.789E-03

*******   STEP  29      *** AFFINE CALCULATION                 
 step & DBAR in PCYS   29    0.6428   -0.7660    0.0000    0.0000    0.0000
   10   0.526E-03   0.679E-03   0.851E-03

*******   STEP  30      *** AFFINE CALCULATION                 
 step & DBAR in PCYS   30    0.5736   -0.8192    0.0000    0.0000    0.0000
   11   0.498E-03   0.691E-03   0.826E-03

*******   STEP  31      *** AFFINE CALCULATION                 
 step & DBAR in PCYS   31    0.5000   -0.8660    0.0000    0.0000    0.0000
   11   0.756E-03   0.946E-03   0.966E-03

*******   STEP  32      *** AFFINE CALCULATION                 
 step & DBAR in PCYS   32    0.4226   -0.9063    0.0000    0.0000    0.0000
   12   0.755E-03   0.887E-03   0.586E-03

*******   STEP  33      *** AFFINE CALCULATION                 
 step & DBAR in PCYS   33    0.3420   -0.9397    0.0000    0.0000    0.0000
   12   0.358E-03   0.327E-03   0.987E-03

*******   STEP  34      *** AFFINE CALCULATION                 
 step & DBAR in PCYS   34    0.2588   -0.9659    0.0000    0.0000    0.0000
   13   0.227E-03   0.243E-03   0.838E-03

*******   STEP  35      *** AFFINE CALCULATION                 
 step & DBAR in PCYS   35    0.1736   -0.9848    0.0000    0.0000    0.0000
   12   0.213E-03   0.302E-03   0.845E-03

*******   STEP  36      *** AFFINE CALCULATION                 
 step & DBAR in PCYS   36    0.0872   -0.9962    0.0000    0.0000    0.0000
   12   0.182E-03   0.283E-03   0.805E-03

*** STARTS LANKFORD CALCULATION PROBING EVERY     10.00 DEGREES

*******   STEP   1      *** AFFINE CALCULATION                 

  INSIDE SUBROUTINE TEXTURE_ROTATION

  EULER ANGLES & ELLIPSOID AXES OF PHASE  1 before rotation
    90.001    20.615    -0.001          0.916     2.952     0.359

  EULER ANGLES & ELLIPSOID AXES OF PHASE  1 after rotation
    90.001    20.615    -0.001          0.916     2.952     0.359
   13   0.256E-03   0.214E-03   0.665E-03

*******   STEP   2      *** AFFINE CALCULATION                 

  INSIDE SUBROUTINE TEXTURE_ROTATION

  EULER ANGLES & ELLIPSOID AXES OF PHASE  1 before rotation
    90.001    20.615    -0.001          0.916     2.952     0.359

  EULER ANGLES & ELLIPSOID AXES OF PHASE  1 after rotation
    80.001    20.615    -0.001          0.916     2.952     0.359
    8   0.446E-03   0.330E-03   0.100E-02

*******   STEP   3      *** AFFINE CALCULATION                 

  INSIDE SUBROUTINE TEXTURE_ROTATION

  EULER ANGLES & ELLIPSOID AXES OF PHASE  1 before rotation
    80.001    20.615    -0.001          0.916     2.952     0.359

  EULER ANGLES & ELLIPSOID AXES OF PHASE  1 after rotation
    70.001    20.615    -0.001          0.916     2.952     0.359
   10   0.193E-03   0.173E-03   0.913E-03

*******   STEP   4      *** AFFINE CALCULATION                 

  INSIDE SUBROUTINE TEXTURE_ROTATION

  EULER ANGLES & ELLIPSOID AXES OF PHASE  1 before rotation
    70.001    20.615    -0.001          0.916     2.952     0.359

  EULER ANGLES & ELLIPSOID AXES OF PHASE  1 after rotation
    60.001    20.615    -0.001          0.916     2.952     0.359
   13   0.128E-03   0.103E-03   0.660E-03

*******   STEP   5      *** AFFINE CALCULATION                 

  INSIDE SUBROUTINE TEXTURE_ROTATION

  EULER ANGLES & ELLIPSOID AXES OF PHASE  1 before rotation
    60.001    20.615    -0.001          0.916     2.952     0.359

  EULER ANGLES & ELLIPSOID AXES OF PHASE  1 after rotation
    50.001    20.615    -0.001          0.916     2.952     0.359
   12   0.172E-03   0.173E-03   0.235E-03

*******   STEP   6      *** AFFINE CALCULATION                 

  INSIDE SUBROUTINE TEXTURE_ROTATION

  EULER ANGLES & ELLIPSOID AXES OF PHASE  1 before rotation
    50.001    20.615    -0.001          0.916     2.952     0.359

  EULER ANGLES & ELLIPSOID AXES OF PHASE  1 after rotation
    40.001    20.615    -0.001          0.916     2.952     0.359
   11   0.276E-03   0.314E-03   0.974E-03

*******   STEP   7      *** AFFINE CALCULATION                 

  INSIDE SUBROUTINE TEXTURE_ROTATION

  EULER ANGLES & ELLIPSOID AXES OF PHASE  1 before rotation
    40.001    20.615    -0.001          0.916     2.952     0.359

  EULER ANGLES & ELLIPSOID AXES OF PHASE  1 after rotation
    30.001    20.615    -0.001          0.916     2.952     0.359
   10   0.807E-04   0.610E-04   0.407E-03

*******   STEP   8      *** AFFINE CALCULATION                 

  INSIDE SUBROUTINE TEXTURE_ROTATION

  EULER ANGLES & ELLIPSOID AXES OF PHASE  1 before rotation
    30.001    20.615    -0.001          0.916     2.952     0.359

  EULER ANGLES & ELLIPSOID AXES OF PHASE  1 after rotation
    20.001    20.615    -0.001          0.916     2.952     0.359
   13   0.120E-03   0.783E-04   0.329E-03

*******   STEP   9      *** AFFINE CALCULATION                 

  INSIDE SUBROUTINE TEXTURE_ROTATION

  EULER ANGLES & ELLIPSOID AXES OF PHASE  1 before rotation
    20.001    20.615    -0.001          0.916     2.952     0.359

  EULER ANGLES & ELLIPSOID AXES OF PHASE  1 after rotation
    10.001    20.615    -0.001          0.916     2.952     0.359
   10   0.390E-03   0.366E-03   0.956E-03

*******   STEP  10      *** AFFINE CALCULATION                 

  INSIDE SUBROUTINE TEXTURE_ROTATION

  EULER ANGLES & ELLIPSOID AXES OF PHASE  1 before rotation
    10.001    20.615    -0.001          0.916     2.952     0.359

  EULER ANGLES & ELLIPSOID AXES OF PHASE  1 after rotation
     0.001    20.615    -0.001          0.916     2.952     0.359
   11   0.120E-03   0.106E-03   0.624E-03

  INSIDE SUBROUTINE TEXTURE_ROTATION

  EULER ANGLES & ELLIPSOID AXES OF PHASE  1 before rotation
     0.001    20.615    -0.001          0.916     2.952     0.359

  EULER ANGLES & ELLIPSOID AXES OF PHASE  1 after rotation
    90.001    20.615    -0.001          0.916     2.952     0.359

 TIME ELAPSED   13.78secs
