          Evm          Svm          E11          E22          E33          E23          E13          E12             SDEV11       SDEV22       SDEV33       SDEV23       SDEV13       SDEV12      TEMP      TIME    TAYLAV      WORKAV
  0.00000E+00  0.26995E+01     0.00000E+00  0.00000E+00  0.00000E+00  0.00000E+00  0.00000E+00  0.00000E+00     0.15571E+01  0.26434E-02 -0.15597E+01  0.10814E-01  0.96310E-02 -0.20825E-01        0.      0.00     2.204  0.5506E-01
  0.23091E-01  0.28527E+01     0.20000E-01  0.00000E+00 -0.20000E-01  0.00000E+00  0.00000E+00  0.00000E+00     0.16340E+01  0.12961E-01 -0.16470E+01  0.15141E-01  0.14407E+00 -0.19037E-01        0.      0.02     2.208  0.1139E+00
  0.46462E-01  0.30129E+01     0.40184E-01  0.00000E+00 -0.40184E-01  0.00000E+00  0.15609E-02  0.00000E+00     0.17059E+01  0.20042E-01 -0.17259E+01  0.20248E-01  0.28382E+00 -0.16906E-01        0.      0.04     2.215  0.1782E+00
  0.70639E-01  0.31836E+01     0.60904E-01  0.00000E+00 -0.60904E-01  0.00000E+00  0.46195E-02  0.00000E+00     0.17779E+01  0.26100E-01 -0.18040E+01  0.24854E-01  0.41212E+00 -0.13598E-01        0.      0.06     2.225  0.2496E+00
  0.96049E-01  0.33656E+01     0.82469E-01  0.00000E+00 -0.82469E-01  0.00000E+00  0.90534E-02  0.00000E+00     0.18568E+01  0.31911E-01 -0.18887E+01  0.26539E-01  0.51658E+00 -0.91992E-02        0.      0.08     2.236  0.3294E+00
  0.12299E+00  0.35579E+01     0.10512E+00  0.00000E+00 -0.10512E+00  0.00000E+00  0.14692E-01  0.00000E+00     0.19470E+01  0.37551E-01 -0.19846E+01  0.26337E-01  0.59457E+00 -0.54737E-02        0.      0.10     2.246  0.4192E+00
  0.15164E+00  0.37615E+01     0.12904E+00  0.00000E+00 -0.12904E+00  0.00000E+00  0.21329E-01  0.00000E+00     0.20501E+01  0.43092E-01 -0.20932E+01  0.25706E-01  0.65007E+00 -0.26610E-02        0.      0.12     2.256  0.5198E+00
  0.18202E+00  0.39766E+01     0.15430E+00  0.00000E+00 -0.15430E+00  0.00000E+00  0.28740E-01  0.00000E+00     0.21651E+01  0.49162E-01 -0.22142E+01  0.24641E-01  0.68850E+00  0.59853E-03        0.      0.14     2.264  0.6320E+00
  0.21407E+00  0.42027E+01     0.18090E+00  0.00000E+00 -0.18090E+00  0.00000E+00  0.36689E-01  0.00000E+00     0.22898E+01  0.55860E-01 -0.23457E+01  0.23290E-01  0.71601E+00  0.52131E-02        0.      0.16     2.272  0.7564E+00
  0.24763E+00  0.44389E+01     0.20878E+00  0.00000E+00 -0.20878E+00  0.00000E+00  0.44933E-01  0.00000E+00     0.24222E+01  0.62731E-01 -0.24849E+01  0.22817E-01  0.73789E+00  0.11037E-01        0.      0.18     2.278  0.8929E+00
  0.28248E+00  0.46833E+01     0.23780E+00  0.00000E+00 -0.23780E+00  0.00000E+00  0.53255E-01  0.00000E+00     0.25614E+01  0.68826E-01 -0.26302E+01  0.23526E-01  0.75416E+00  0.17503E-01        0.      0.20     2.283  0.1041E+01
  0.31835E+00  0.49336E+01     0.26778E+00  0.00000E+00 -0.26778E+00  0.00000E+00  0.61432E-01  0.00000E+00     0.27061E+01  0.73846E-01 -0.27799E+01  0.24331E-01  0.76442E+00  0.23881E-01        0.      0.22     2.287  0.1201E+01
  0.35490E+00  0.51862E+01     0.29847E+00  0.00000E+00 -0.29847E+00  0.00000E+00  0.69253E-01  0.00000E+00     0.28544E+01  0.77616E-01 -0.29320E+01  0.25154E-01  0.76726E+00  0.29003E-01        0.      0.24     2.289  0.1370E+01
  0.39180E+00  0.54372E+01     0.32962E+00  0.00000E+00 -0.32962E+00  0.00000E+00  0.76531E-01  0.00000E+00     0.30044E+01  0.79869E-01 -0.30843E+01  0.26635E-01  0.76144E+00  0.32393E-01        0.      0.26     2.289  0.1549E+01
  0.42870E+00  0.56870E+01     0.36092E+00  0.00000E+00 -0.36092E+00  0.00000E+00  0.83085E-01  0.00000E+00     0.31552E+01  0.82353E-01 -0.32376E+01  0.28568E-01  0.74611E+00  0.35647E-01        0.      0.28     2.287  0.1734E+01
  0.46521E+00  0.59313E+01     0.39209E+00  0.00000E+00 -0.39209E+00  0.00000E+00  0.88746E-01  0.00000E+00     0.33043E+01  0.85289E-01 -0.33896E+01  0.31188E-01  0.71911E+00  0.39914E-01        0.      0.30     2.284  0.1923E+01
  0.50101E+00  0.61660E+01     0.42281E+00  0.00000E+00 -0.42281E+00  0.00000E+00  0.93371E-01  0.00000E+00     0.34495E+01  0.88202E-01 -0.35377E+01  0.35189E-01  0.67739E+00  0.45288E-01        0.      0.32     2.278  0.2114E+01
  0.53576E+00  0.63878E+01     0.45281E+00  0.00000E+00 -0.45281E+00  0.00000E+00  0.96818E-01  0.00000E+00     0.35892E+01  0.90763E-01 -0.36800E+01  0.40605E-01  0.61684E+00  0.51674E-01        0.      0.34     2.269  0.2305E+01
  0.56917E+00  0.65943E+01     0.48180E+00  0.00000E+00 -0.48180E+00  0.00000E+00  0.98957E-01  0.00000E+00     0.37221E+01  0.92174E-01 -0.38142E+01  0.47304E-01  0.53280E+00  0.58873E-01        0.      0.36     2.257  0.2493E+01
  0.60101E+00  0.67846E+01     0.50956E+00  0.00000E+00 -0.50956E+00  0.00000E+00  0.99683E-01  0.00000E+00     0.38467E+01  0.92116E-01 -0.39389E+01  0.55887E-01  0.41937E+00  0.66672E-01        0.      0.38     2.241  0.2676E+01
  0.63110E+00  0.69569E+01     0.53587E+00  0.00000E+00 -0.53587E+00  0.00000E+00  0.98879E-01  0.00000E+00     0.39600E+01  0.90756E-01 -0.40508E+01  0.67185E-01  0.26983E+00  0.76109E-01        0.      0.40     2.221  0.2852E+01
  0.65935E+00  0.71064E+01     0.56057E+00  0.00000E+00 -0.56057E+00  0.00000E+00  0.96441E-01  0.00000E+00     0.40565E+01  0.86643E-01 -0.41431E+01  0.80836E-01  0.72872E-01  0.87634E-01        0.      0.42     2.195  0.3020E+01
  0.68577E+00  0.72346E+01     0.58354E+00  0.00000E+00 -0.58354E+00  0.00000E+00  0.92273E-01  0.00000E+00     0.41278E+01  0.82959E-01 -0.42107E+01  0.97973E-01 -0.19678E+00  0.10085E+00        0.      0.44     2.166  0.3181E+01
  0.71051E+00  0.73341E+01     0.60473E+00  0.00000E+00 -0.60473E+00  0.00000E+00  0.86287E-01  0.00000E+00     0.41412E+01  0.87507E-01 -0.42287E+01  0.12867E+00 -0.61744E+00  0.11145E+00        0.      0.46     2.140  0.3336E+01
  0.73398E+00  0.73242E+01     0.62413E+00  0.00000E+00 -0.62413E+00  0.00000E+00  0.78400E-01  0.00000E+00     0.37781E+01  0.16629E+00 -0.39443E+01  0.16210E+00 -0.17082E+01  0.86256E-01        0.      0.48     2.143  0.3492E+01
  0.75723E+00  0.73982E+01     0.64181E+00  0.00000E+00 -0.64181E+00  0.00000E+00  0.68546E-01  0.00000E+00     0.28573E+01  0.44286E+00 -0.33001E+01  0.14005E+00 -0.29319E+01  0.60151E-01        0.      0.50     2.107  0.3645E+01
  0.78003E+00  0.75520E+01     0.65791E+00  0.00000E+00 -0.65791E+00  0.00000E+00  0.56671E-01  0.00000E+00     0.25209E+01  0.35280E+00 -0.28737E+01  0.13694E+00 -0.34086E+01  0.68537E-01        0.      0.52     2.109  0.3802E+01
  0.80310E+00  0.77050E+01     0.67260E+00  0.00000E+00 -0.67260E+00  0.00000E+00  0.42746E-01  0.00000E+00     0.23090E+01  0.26991E+00 -0.25789E+01  0.13281E+00 -0.37063E+01  0.82214E-01        0.      0.54     2.120  0.3967E+01
  0.82706E+00  0.78608E+01     0.68615E+00  0.00000E+00 -0.68615E+00  0.00000E+00  0.26772E-01  0.00000E+00     0.21435E+01  0.23551E+00 -0.23791E+01  0.12328E+00 -0.39266E+01  0.93600E-01        0.      0.56     2.130  0.4144E+01
  0.85233E+00  0.80173E+01     0.69885E+00  0.00000E+00 -0.69885E+00  0.00000E+00  0.87890E-02  0.00000E+00     0.20092E+01  0.23574E+00 -0.22449E+01  0.11278E+00 -0.41033E+01  0.10162E+00        0.      0.58     2.135  0.4336E+01
  0.87918E+00  0.81731E+01     0.71105E+00  0.00000E+00 -0.71105E+00  0.00000E+00 -0.11118E-01  0.00000E+00     0.19045E+01  0.26676E+00 -0.21713E+01  0.10619E+00 -0.42470E+01  0.10777E+00        0.      0.60     2.136  0.4545E+01
  0.90774E+00  0.83282E+01     0.72311E+00  0.00000E+00 -0.72311E+00  0.00000E+00 -0.32807E-01  0.00000E+00     0.18301E+01  0.32401E+00 -0.21541E+01  0.10260E+00 -0.43645E+01  0.11393E+00        0.      0.62     2.131  0.4771E+01
  0.93802E+00  0.84781E+01     0.73540E+00  0.00000E+00 -0.73540E+00  0.00000E+00 -0.56082E-01  0.00000E+00     0.17919E+01  0.40176E+00 -0.21937E+01  0.96497E-01 -0.44545E+01  0.12152E+00        0.      0.64     2.121  0.5014E+01
  0.96992E+00  0.86204E+01     0.74829E+00  0.00000E+00 -0.74829E+00  0.00000E+00 -0.80677E-01  0.00000E+00     0.18035E+01  0.48665E+00 -0.22902E+01  0.87117E-01 -0.45142E+01  0.13310E+00        0.      0.66     2.106  0.5275E+01
  0.10033E+01  0.87478E+01     0.76209E+00  0.00000E+00 -0.76209E+00  0.00000E+00 -0.10627E+00  0.00000E+00     0.18998E+01  0.56413E+00 -0.24639E+01  0.75275E-01 -0.45255E+01  0.15109E+00        0.      0.68     2.086  0.5552E+01
  0.10379E+01  0.88635E+01     0.77705E+00  0.00000E+00 -0.77705E+00  0.00000E+00 -0.13249E+00  0.00000E+00     0.21085E+01  0.62522E+00 -0.27337E+01  0.58810E-01 -0.44718E+01  0.17741E+00        0.      0.70     2.064  0.5841E+01
  0.10735E+01  0.89946E+01     0.79336E+00  0.00000E+00 -0.79336E+00  0.00000E+00 -0.15894E+00  0.00000E+00     0.24225E+01  0.68788E+00 -0.31104E+01  0.42840E-01 -0.43492E+01  0.20490E+00        0.      0.72     2.046  0.6142E+01
  0.11098E+01  0.91780E+01     0.81111E+00  0.00000E+00 -0.81111E+00  0.00000E+00 -0.18517E+00  0.00000E+00     0.28252E+01  0.75345E+00 -0.35786E+01  0.19812E-01 -0.41653E+01  0.22501E+00        0.      0.74     2.039  0.6453E+01
  0.11464E+01  0.94328E+01     0.83030E+00  0.00000E+00 -0.83030E+00  0.00000E+00 -0.21076E+00  0.00000E+00     0.33120E+01  0.78881E+00 -0.41008E+01 -0.25986E-01 -0.39244E+01  0.23295E+00        0.      0.76     2.044  0.6771E+01
  0.11829E+01  0.97372E+01     0.85084E+00  0.00000E+00 -0.85084E+00  0.00000E+00 -0.23528E+00  0.00000E+00     0.38176E+01  0.77415E+00 -0.45917E+01 -0.66682E-01 -0.36640E+01  0.21515E+00        0.      0.78     2.058  0.7095E+01
  0.12190E+01  0.10038E+02     0.87256E+00  0.00000E+00 -0.87256E+00  0.00000E+00 -0.25833E+00  0.00000E+00     0.42461E+01  0.73073E+00 -0.49768E+01 -0.89133E-01 -0.34461E+01  0.19058E+00        0.      0.80     2.076  0.7420E+01
  0.12544E+01  0.10328E+02     0.89524E+00  0.00000E+00 -0.89524E+00  0.00000E+00 -0.27958E+00  0.00000E+00     0.46072E+01  0.68652E+00 -0.52938E+01 -0.10089E+00 -0.32642E+01  0.17200E+00        0.      0.82     2.095  0.7744E+01
  0.12889E+01  0.10593E+02     0.91859E+00  0.00000E+00 -0.91859E+00  0.00000E+00 -0.29872E+00  0.00000E+00     0.49112E+01  0.65961E+00 -0.55708E+01 -0.11308E+00 -0.30939E+01  0.15760E+00        0.      0.84     2.111  0.8064E+01
  0.13222E+01  0.10835E+02     0.94232E+00  0.00000E+00 -0.94232E+00  0.00000E+00 -0.31552E+00  0.00000E+00     0.51888E+01  0.64300E+00 -0.58317E+01 -0.12282E+00 -0.29029E+01  0.14418E+00        0.      0.86     2.124  0.8377E+01
  0.13541E+01  0.11061E+02     0.96614E+00  0.00000E+00 -0.96614E+00  0.00000E+00 -0.32978E+00  0.00000E+00     0.54575E+01  0.63396E+00 -0.60915E+01 -0.12577E+00 -0.26649E+01  0.12975E+00        0.      0.88     2.132  0.8680E+01
  0.13844E+01  0.11264E+02     0.98977E+00  0.00000E+00 -0.98977E+00  0.00000E+00 -0.34138E+00  0.00000E+00     0.57158E+01  0.64109E+00 -0.63569E+01 -0.12286E+00 -0.23496E+01  0.11712E+00        0.      0.90     2.135  0.8972E+01
  0.14129E+01  0.11449E+02     0.10130E+01  0.00000E+00 -0.10130E+01  0.00000E+00 -0.35019E+00  0.00000E+00     0.59629E+01  0.67042E+00 -0.66333E+01 -0.11805E+00 -0.19137E+01  0.10773E+00        0.      0.92     2.134  0.9252E+01
  0.14397E+01  0.11608E+02     0.10355E+01  0.00000E+00 -0.10355E+01  0.00000E+00 -0.35617E+00  0.00000E+00     0.61790E+01  0.73910E+00 -0.69181E+01 -0.11733E+00 -0.12658E+01  0.95726E-01        0.      0.94     2.130  0.9521E+01
  0.14650E+01  0.11769E+02     0.10573E+01  0.00000E+00 -0.10573E+01  0.00000E+00 -0.35928E+00  0.00000E+00     0.63405E+01  0.82587E+00 -0.71663E+01 -0.13365E+00 -0.15952E+00  0.67172E-01        0.      0.96     2.130  0.9783E+01
  0.14890E+01  0.12098E+02     0.10783E+01  0.00000E+00 -0.10783E+01  0.00000E+00 -0.35951E+00  0.00000E+00     0.63072E+01  0.76454E+00 -0.70718E+01 -0.17833E+00  0.18893E+01  0.23415E-01        0.      0.98     2.142  0.1004E+02
  0.15120E+01  0.12497E+02     0.10984E+01  0.00000E+00 -0.10984E+01  0.00000E+00 -0.35690E+00  0.00000E+00     0.62407E+01  0.32337E+00 -0.65640E+01 -0.17634E+00  0.33099E+01 -0.58617E-01        0.      1.00     2.174  0.1030E+02
          Dvm          Svm          D11          D22          D33          D23          D13          D12             SDEV11       SDEV22       SDEV33       SDEV23       SDEV13       SDEV12      TEMP    TAYLAV      WORKAV
  0.81295E+00  0.12766E+02    -0.40825E+00 -0.40825E+00  0.81650E+00  0.00000E+00  0.00000E+00  0.00000E+00    -0.41891E+01 -0.42847E+01  0.84739E+01  0.13630E+00 -0.66738E+00  0.69943E-01        0.     2.264  0.1049E+02
  0.81069E+00  0.12756E+02    -0.46832E+00 -0.34507E+00  0.81339E+00  0.00000E+00  0.00000E+00  0.00000E+00    -0.43501E+01 -0.41137E+01  0.84639E+01  0.13714E+00 -0.68810E+00  0.73278E-01        0.     2.255  0.1068E+02
  0.80501E+00  0.12737E+02    -0.52483E+00 -0.27926E+00  0.80409E+00  0.00000E+00  0.00000E+00  0.00000E+00    -0.45132E+01 -0.39285E+01  0.84417E+01  0.13632E+00 -0.72278E+00  0.76804E-01        0.     2.235  0.1087E+02
  0.79657E+00  0.12708E+02    -0.57735E+00 -0.21132E+00  0.78868E+00  0.00000E+00  0.00000E+00  0.00000E+00    -0.46988E+01 -0.37039E+01  0.84027E+01  0.13188E+00 -0.77699E+00  0.82049E-01        0.     2.205  0.1105E+02
  0.78711E+00  0.12655E+02    -0.62547E+00 -0.14178E+00  0.76726E+00  0.00000E+00  0.00000E+00  0.00000E+00    -0.49439E+01 -0.33833E+01  0.83272E+01  0.12396E+00 -0.86394E+00  0.90864E-01        0.     2.169  0.1124E+02
  0.78141E+00  0.12553E+02    -0.66883E+00 -0.71162E-01  0.74000E+00  0.00000E+00  0.00000E+00  0.00000E+00    -0.53514E+01 -0.27988E+01  0.81501E+01  0.12027E+00 -0.10290E+01  0.94270E-01        0.     2.136  0.1142E+02
  0.79874E+00  0.12283E+02    -0.70711E+00  0.00000E+00  0.70711E+00  0.00000E+00  0.00000E+00  0.00000E+00    -0.67792E+01 -0.31640E+00  0.70956E+01  0.16396E+00 -0.14335E+01  0.80773E-01        0.     2.136  0.1160E+02
  0.79170E+00  0.12440E+02    -0.74000E+00  0.71162E-01  0.66883E+00  0.00000E+00  0.00000E+00  0.00000E+00    -0.78431E+01  0.20088E+01  0.58343E+01  0.15906E+00 -0.13282E+01 -0.59929E-01        0.     2.144  0.1178E+02
  0.79029E+00  0.12753E+02    -0.76726E+00  0.14178E+00  0.62547E+00  0.00000E+00  0.00000E+00  0.00000E+00    -0.83087E+01  0.30864E+01  0.52223E+01  0.18614E+00 -0.11224E+01 -0.75043E-01        0.     2.194  0.1196E+02
  0.79375E+00  0.13028E+02    -0.78868E+00  0.21132E+00  0.57735E+00  0.00000E+00  0.00000E+00  0.00000E+00    -0.86353E+01  0.39753E+01  0.46600E+01  0.22546E+00 -0.68803E+00 -0.90482E-01        0.     2.251  0.1214E+02
  0.79960E+00  0.13121E+02    -0.80409E+00  0.27926E+00  0.52483E+00  0.00000E+00  0.00000E+00  0.00000E+00    -0.87383E+01  0.45639E+01  0.41744E+01  0.22879E+00 -0.14743E+00 -0.97406E-01        0.     2.284  0.1232E+02
  0.80334E+00  0.13150E+02    -0.81339E+00  0.34507E+00  0.46832E+00  0.00000E+00  0.00000E+00  0.00000E+00    -0.87231E+01  0.50018E+01  0.37213E+01  0.22222E+00  0.31979E+00 -0.10430E+00        0.     2.300  0.1251E+02
  0.80566E+00  0.13162E+02    -0.81650E+00  0.40825E+00  0.40825E+00  0.00000E+00  0.00000E+00  0.00000E+00    -0.86581E+01  0.53383E+01  0.33198E+01  0.21216E+00  0.66821E+00 -0.11249E+00        0.     2.309  0.1270E+02
  0.80694E+00  0.13175E+02    -0.81339E+00  0.46832E+00  0.34507E+00  0.00000E+00  0.00000E+00  0.00000E+00    -0.85793E+01  0.56192E+01  0.29601E+01  0.20155E+00  0.91343E+00 -0.11662E+00        0.     2.316  0.1288E+02
  0.80695E+00  0.13181E+02    -0.80409E+00  0.52483E+00  0.27926E+00  0.00000E+00  0.00000E+00  0.00000E+00    -0.84877E+01  0.58679E+01  0.26198E+01  0.19458E+00  0.10906E+01 -0.12077E+00        0.     2.317  0.1307E+02
  0.80576E+00  0.13182E+02    -0.78868E+00  0.57735E+00  0.21132E+00  0.00000E+00  0.00000E+00  0.00000E+00    -0.83873E+01  0.61031E+01  0.22841E+01  0.19158E+00  0.12083E+01 -0.12617E+00        0.     2.315  0.1327E+02
  0.80366E+00  0.13171E+02    -0.76726E+00  0.62547E+00  0.14178E+00  0.00000E+00  0.00000E+00  0.00000E+00    -0.82684E+01  0.63448E+01  0.19237E+01  0.18970E+00  0.12695E+01 -0.13385E+00        0.     2.308  0.1346E+02
  0.80187E+00  0.13146E+02    -0.74000E+00  0.66883E+00  0.71162E-01  0.00000E+00  0.00000E+00  0.00000E+00    -0.81183E+01  0.66198E+01  0.14985E+01  0.18503E+00  0.12519E+01 -0.14526E+00        0.     2.299  0.1365E+02
  0.80481E+00  0.13113E+02    -0.70711E+00  0.70711E+00  0.00000E+00  0.00000E+00  0.00000E+00  0.00000E+00    -0.78875E+01  0.70374E+01  0.85010E+00  0.17462E+00  0.10151E+01 -0.16102E+00        0.     2.302  0.1384E+02
  0.81121E+00  0.13056E+02    -0.66883E+00  0.74000E+00 -0.71162E-01  0.00000E+00  0.00000E+00  0.00000E+00    -0.73417E+01  0.76472E+01 -0.30552E+00  0.15467E+00  0.72643E+00 -0.17333E+00        0.     2.311  0.1403E+02
  0.81363E+00  0.13061E+02    -0.62547E+00  0.76726E+00 -0.14178E+00  0.00000E+00  0.00000E+00  0.00000E+00    -0.66711E+01  0.81402E+01 -0.14690E+01  0.13088E+00  0.58942E+00 -0.18028E+00        0.     2.320  0.1422E+02
  0.81434E+00  0.13088E+02    -0.57735E+00  0.78868E+00 -0.21132E+00  0.00000E+00  0.00000E+00  0.00000E+00    -0.60013E+01  0.84617E+01 -0.24604E+01  0.10063E+00  0.47501E+00 -0.17560E+00        0.     2.328  0.1440E+02
  0.81472E+00  0.13057E+02    -0.52483E+00  0.80409E+00 -0.27926E+00  0.00000E+00  0.00000E+00  0.00000E+00    -0.53325E+01  0.86108E+01 -0.32783E+01  0.59355E-01  0.37329E+00 -0.15456E+00        0.     2.324  0.1459E+02
  0.81530E+00  0.12951E+02    -0.46832E+00  0.81339E+00 -0.34507E+00  0.00000E+00  0.00000E+00  0.00000E+00    -0.47278E+01  0.86118E+01 -0.38840E+01  0.16582E-01  0.30820E+00 -0.12374E+00        0.     2.308  0.1477E+02
  0.81569E+00  0.12851E+02    -0.40825E+00  0.81650E+00 -0.40825E+00  0.00000E+00  0.00000E+00  0.00000E+00    -0.42230E+01  0.85590E+01 -0.43361E+01 -0.20026E-01  0.30996E+00 -0.95362E-01        0.     2.292  0.1496E+02
  0.81528E+00  0.12783E+02    -0.34507E+00  0.81339E+00 -0.46832E+00  0.00000E+00  0.00000E+00  0.00000E+00    -0.37568E+01  0.84926E+01 -0.47358E+01 -0.47843E-01  0.36336E+00 -0.70219E-01        0.     2.278  0.1514E+02
  0.81399E+00  0.12719E+02    -0.27926E+00  0.80409E+00 -0.52483E+00  0.00000E+00  0.00000E+00  0.00000E+00    -0.32705E+01  0.83951E+01 -0.51246E+01 -0.75206E-01  0.44628E+00 -0.54890E-01        0.     2.263  0.1533E+02
  0.81214E+00  0.12644E+02    -0.21132E+00  0.78868E+00 -0.57735E+00  0.00000E+00  0.00000E+00  0.00000E+00    -0.27280E+01  0.82483E+01 -0.55203E+01 -0.10443E+00  0.55141E+00 -0.44265E-01        0.     2.245  0.1551E+02
  0.81028E+00  0.12557E+02    -0.14178E+00  0.76726E+00 -0.62547E+00  0.00000E+00  0.00000E+00  0.00000E+00    -0.20939E+01  0.80325E+01 -0.59387E+01 -0.13442E+00  0.67164E+00 -0.25732E-01        0.     2.224  0.1570E+02
  0.80941E+00  0.12458E+02    -0.71162E-01  0.74000E+00 -0.66883E+00  0.00000E+00  0.00000E+00  0.00000E+00    -0.13033E+01  0.77102E+01 -0.64068E+01 -0.16305E+00  0.78001E+00  0.10990E-01        0.     2.204  0.1588E+02
  0.81019E+00  0.12362E+02     0.00000E+00  0.70711E+00 -0.70711E+00  0.00000E+00  0.00000E+00  0.00000E+00    -0.25175E+00  0.72081E+01 -0.69563E+01 -0.17545E+00  0.83863E+00  0.46258E-01        0.     2.189  0.1607E+02
  0.80801E+00  0.12434E+02     0.71162E-01  0.66883E+00 -0.74000E+00  0.00000E+00  0.00000E+00  0.00000E+00     0.13774E+01  0.63381E+01 -0.77156E+01 -0.15725E+00  0.84243E+00  0.88673E-02        0.     2.196  0.1625E+02
  0.80066E+00  0.12659E+02     0.14178E+00  0.62547E+00 -0.76726E+00  0.00000E+00  0.00000E+00  0.00000E+00     0.27735E+01  0.54675E+01 -0.82409E+01 -0.14953E+00  0.80450E+00 -0.32368E-01        0.     2.215  0.1644E+02
  0.80251E+00  0.12749E+02     0.21132E+00  0.57735E+00 -0.78868E+00  0.00000E+00  0.00000E+00  0.00000E+00     0.34183E+01  0.49871E+01 -0.84054E+01 -0.14258E+00  0.74094E+00 -0.52328E-01        0.     2.235  0.1662E+02
  0.80754E+00  0.12770E+02     0.27926E+00  0.52483E+00 -0.80409E+00  0.00000E+00  0.00000E+00  0.00000E+00     0.37882E+01  0.46715E+01 -0.84596E+01 -0.13669E+00  0.68055E+00 -0.61074E-01        0.     2.251  0.1681E+02
  0.81173E+00  0.12769E+02     0.34507E+00  0.46832E+00 -0.81339E+00  0.00000E+00  0.00000E+00  0.00000E+00     0.40130E+01  0.44598E+01 -0.84728E+01 -0.13539E+00  0.66078E+00 -0.66305E-01        0.     2.262  0.1700E+02
          Dvm          Svm          D11          D22          D33          D23          D13          D12             SCAU11       SCAU22       SCAU33       SCAU23       SCAU13       SCAU12      TEMP    TAYLAV      WORKAV
  0.81516E+00  0.13109E+02     0.81650E+00 -0.25882E+00 -0.55768E+00  0.00000E+00  0.00000E+00  0.00000E+00     0.13088E+02  0.00000E+00  0.00000E+00 -0.23040E+00  0.35299E+00  0.95867E-01        0.     2.276  0.1719E+02
  0.81447E+00  0.12989E+02     0.81650E+00 -0.28271E+00 -0.53378E+00  0.00000E+00  0.00000E+00  0.00000E+00     0.12957E+02  0.00000E+00  0.00000E+00 -0.50521E+00  0.95152E-02 -0.15536E+00        0.     2.269  0.1737E+02
  0.81241E+00  0.12697E+02     0.81650E+00 -0.34681E+00 -0.46969E+00  0.00000E+00  0.00000E+00  0.00000E+00     0.12634E+02  0.00000E+00  0.00000E+00 -0.53035E+00 -0.38851E+00 -0.32255E+00        0.     2.241  0.1756E+02
  0.81114E+00  0.12358E+02     0.81650E+00 -0.43620E+00 -0.38029E+00  0.00000E+00  0.00000E+00  0.00000E+00     0.12277E+02  0.00000E+00  0.00000E+00 -0.57709E+00 -0.44733E+00 -0.36468E+00        0.     2.186  0.1774E+02
  0.81308E+00  0.12134E+02     0.81650E+00 -0.51805E+00 -0.29845E+00  0.00000E+00  0.00000E+00  0.00000E+00     0.12083E+02  0.00000E+00  0.00000E+00 -0.59572E+00 -0.57651E-01 -0.22641E+00        0.     2.129  0.1791E+02
  0.81267E+00  0.12116E+02     0.81650E+00 -0.56762E+00 -0.24887E+00  0.00000E+00  0.00000E+00  0.00000E+00     0.12059E+02  0.00000E+00  0.00000E+00 -0.59230E+00  0.32257E+00  0.46938E-01        0.     2.099  0.1809E+02
  0.81271E+00  0.12318E+02     0.81650E+00 -0.54833E+00 -0.26817E+00  0.00000E+00  0.00000E+00  0.00000E+00     0.12261E+02  0.00000E+00  0.00000E+00 -0.47902E+00  0.34725E+00  0.34420E+00        0.     2.146  0.1827E+02
  0.81393E+00  0.12554E+02     0.81650E+00 -0.47478E+00 -0.34172E+00  0.00000E+00  0.00000E+00  0.00000E+00     0.12515E+02  0.00000E+00  0.00000E+00 -0.35521E+00  0.26097E+00  0.36733E+00        0.     2.224  0.1845E+02
  0.81503E+00  0.12765E+02     0.81650E+00 -0.42625E+00 -0.39024E+00  0.00000E+00  0.00000E+00  0.00000E+00     0.12742E+02  0.00000E+00  0.00000E+00 -0.30661E+00  0.15081E+00  0.28076E+00        0.     2.273  0.1864E+02
  0.81573E+00  0.12863E+02     0.81650E+00 -0.41605E+00 -0.40045E+00  0.00000E+00  0.00000E+00  0.00000E+00     0.12851E+02  0.00000E+00  0.00000E+00 -0.30683E+00 -0.15979E-01  0.98850E-01        0.     2.293  0.1882E+02
