dotss
   9   next lines in POLE8.OUT is text
2014/ 5/19  15:43
example2/fcc_comp.tex                               500
example2/fcc_tens.tex                               500
* CUBIC crystal
 * inverse pole figure
 * equal area projectn



 1 (dot representation)
  2.25 (pole figure radious)
 0 (pole figure symmetrization)
 1 (invers pole figure)

    1    2  npoles,ntextures
  0  0  1     sample axis
   48   points in the circular section
    0.0000    2.2500    2.2499    2.2494    2.2487    2.2476    2.2463    2.2447
    2.2428    2.2406    2.2381    2.2352    2.2321    2.2287    2.2249    2.2209
    2.2165    2.2119    2.2069    2.2015    2.1959    2.1899    2.1836    2.1769
    2.1699    2.1625    2.1548    2.1467    2.1383    2.1294    2.1202    2.1106
    2.1006    2.0901    2.0793    2.0680    2.0563    2.0441    2.0314    2.0182
    2.0046    1.9904    1.9757    1.9605    1.9446    1.9282    1.9112    0.0000
    0.0000    0.0000    0.0408    0.0817    0.1225    0.1633    0.2042    0.2451
    0.2860    0.3270    0.3679    0.4089    0.4500    0.4911    0.5323    0.5735
    0.6148    0.6561    0.6975    0.7390    0.7806    0.8222    0.8640    0.9058
    0.9478    0.9898    1.0320    1.0743    1.1167    1.1592    1.2019    1.2448
    1.2878    1.3309    1.3743    1.4178    1.4615    1.5054    1.5495    1.5938
    1.6384    1.6831    1.7282    1.7735    1.8191    1.8650    1.9112    0.0000
 weight  npoles
   1     0  wgt & npoles
   2     0  wgt & npoles
   3     0  wgt & npoles
   4     0  wgt & npoles
   5     0  wgt & npoles
   6     0  wgt & npoles
   7     0  wgt & npoles
   8     0  wgt & npoles
   9     0  wgt & npoles
  10   497  wgt & npoles
    1.9684    2.2049    1.7094    2.2168    1.9215    0.9222    2.2001    2.0555
    2.2044    2.1916    1.9697    1.6949    2.2210    2.0768    2.1027    1.8144
    1.8881    2.2001    2.1792    2.1835    2.1792    2.2073    0.9848    1.8876
    2.1925    1.6664    2.2206    1.8188    2.2301    2.0417    2.1953    2.2049
    1.8213    2.1820    2.1720    2.1090    2.2063    2.1074    1.9336    2.2362
    1.6174    1.9602    2.1841    2.1754    2.2338    2.2382    2.2239    2.2467
    2.2328    2.1094    2.0739    2.2452    1.9211    2.1948    2.1649    2.0687
    2.2257    1.5193    1.9694    1.7973    2.0451    2.2367    1.7868    2.2424
    2.1663    2.1192    2.1609    2.2315    2.1505    2.1147    1.7803    1.8625
    2.2191    1.9660    1.8233    2.1924    2.0801    2.1171    1.7031    2.1678
    2.0162    2.1275    2.0292    0.8127    2.0687    2.2443    1.9704    2.1195
    2.2210    2.1657    2.1241    1.6440    2.1968    1.7338    1.9948    2.2020
    2.1477    2.1720    2.0273    2.2172    0.8847    2.1935    2.2110    1.6147
    2.2310    2.0941    2.1499    2.1467    2.1372    2.1681    2.1444    2.2305
    2.0466    1.9163    2.2401    2.0322    2.1791    2.1386    2.2400    1.7638
    1.6803    2.2339    2.1491    2.0850    2.2453    1.4516    2.1905    2.2222
    2.0387    1.8695    2.2053    1.6935    2.2372    2.2363    2.0843    2.1592
    2.1897    1.9229    2.1916    2.1199    2.2433    2.1027    2.0993    2.0186
    2.2082    2.1954    2.0056    1.2514    2.2148    2.2424    2.2296    2.0773
    2.1195    2.0538    2.1786    2.2296    2.1103    1.8178    2.1854    2.1906
    2.2415    2.1853    2.1939    2.1237    2.2372    1.8046    1.7291    1.5657
    2.1372    2.1209    2.0180    2.0955    2.1520    2.2419    2.2244    2.2320
    2.2106    2.1361    2.1080    2.2428    1.7746    2.1587    1.7193    2.2405
    2.0470    2.0133    2.1710    2.0532    2.1572    2.2443    2.2338    1.6954
    2.1725    1.9752    2.0422    1.8478    2.1806    2.2277    2.1882    2.2192
    2.2058    1.7563    1.8729    2.1563    2.2043    2.1123    2.0845    2.2462
    2.2144    2.2082    1.8213    1.1418    1.6825    2.2034    2.2481    2.0293
    1.5466    2.0932    2.0648    1.9887    2.2191    2.2015    0.8184    2.1151
    2.1520    1.8366    2.1835    0.9408    1.8286    1.9326    1.8606    2.1816
    2.0808    1.8376    1.9000    2.0302    1.9440    1.7841    1.8578    2.2457
    2.1577    2.0631    1.7783    2.0922    2.1189    2.2106    2.1456    1.9989
    1.9626    1.9646    2.1448    2.1635    2.2329    2.1419    2.2338    2.2015
    2.1708    2.2495    2.0639    1.8885    2.1810    2.2318    2.1844    2.1387
    2.1480    2.0696    2.1977    2.0035    2.2391    2.1710    2.0640    2.2272
    2.2201    2.2386    2.2391    2.1090    2.1743    2.2225    2.2424    2.2453
    2.1744    2.0725    2.0146    2.2409    2.1706    2.1863    2.1367    1.5777
    2.2491    2.1820    1.9198    2.2192    1.9345    2.1749    2.1443    2.0518
    1.9529    2.2495    2.1324    2.1787    2.0936    2.0946    1.4701    2.1228
    1.6640    1.7520    1.9277    1.3457    2.1773    2.2490    2.2334    2.2429
    2.2462    1.5362    2.0360    2.0812    2.1267    2.0046    2.1198    1.7219
    2.0345    2.2163    2.0436    1.7704    2.2385    2.1233    1.5783    2.1348
    2.1367    1.5058    1.9699    2.2453    2.1434    1.9993    2.1283    1.8080
    2.1324    2.2044    2.1590    2.0455    2.2358    2.1185    2.1658    2.2328
    1.7939    2.1237    2.1859    2.1552    2.2432    2.2367    2.2397    1.6086
    2.0290    1.2803    1.9263    2.2105    1.9756    1.6830    1.5230    2.1620
    1.9990    2.1506    2.1619    2.1285    2.2419    1.9267    1.7323    2.1781
    2.2401    2.1720    2.0797    2.2225    1.9166    2.0190    2.1944    2.1620
    2.1549    2.1949    2.2356    2.1610    2.1777    2.2163    0.8099    2.2410
    2.2134    2.1786    2.1400    1.9551    2.1190    1.9354    2.2333    1.7331
    2.1567    2.2225    2.2197    2.2395    2.1171    2.1152    2.2353    2.0301
    2.0930    2.1649    2.2329    2.2120    2.2096    2.1362    2.2243    2.2168
    2.0382    1.8704    1.7400    2.1829    2.2044    2.1089    2.1482    2.2224
    1.5498    2.2310    1.7816    2.2192    2.2214    1.9003    2.0417    2.2367
    2.1080    1.8953    2.0567    2.1911    2.0567    2.2148    2.2414    2.1204
    1.4863    2.1764    2.2472    2.1992    1.9010    1.9931    1.9737    2.2258
    1.8563    0.8017    2.2025    2.0335    1.9631    1.9079    2.2385    1.9077
    2.2390    2.2057    2.1214    2.0402    2.1258    2.2192    2.0941    1.8705
    1.9092    2.1982    2.1348    2.0610    2.1426    2.2358    2.1138    1.3705
    2.2168    2.2391    2.2149    2.1958    1.8980    2.1716    2.2096    1.4914
    2.0396    2.2267    1.7290    2.1280    2.1102    2.1906    1.7195    2.1672
    2.2277    1.8675    1.4538    2.1867    1.6998    2.1524    1.9355    1.9941
    1.9608    2.2154    1.7632    2.2495    2.1921    0.7916    2.1934    2.2077
    2.0474
    0.1056    0.0119    0.1390    0.0011    0.0158    0.5475    0.0166    0.0280
    0.0122    0.0073    0.0523    0.0071    0.0227    0.0169    0.0004    0.0079
    0.0366    0.0104    0.0072    0.0076    0.0000    0.0069    0.5214    0.0702
    0.0182    0.0000    0.0238    0.0243    0.0217    0.0071    0.0195    0.0231
    0.0288    0.0149    0.0072    0.0412    0.0036    0.0357    0.0273    0.0074
    0.0960    0.0038    0.0351    0.0221    0.0205    0.0146    0.0078    0.0244
    0.0210    0.0085    0.0307    0.0194    0.0557    0.1349    0.0072    0.0161
    0.0190    0.0865    0.0038    0.0436    0.0131    0.0227    0.0293    0.0089
    0.0061    0.0329    0.0825    0.0047    0.0193    0.0088    0.0224    0.0224
    0.0249    0.0051    0.0404    0.0264    0.0657    0.0102    0.1655    0.0225
    0.0109    0.0256    0.0062    0.5892    0.0074    0.0094    0.0016    0.0024
    0.0161    0.0215    0.0263    0.0793    0.0092    0.0413    0.0529    0.0077
    0.0226    0.0177    0.0087    0.0249    0.6124    0.0200    0.0205    0.0168
    0.0111    0.0088    0.0694    0.0085    0.0006    0.0193    0.0053    0.0266
    0.0195    0.0628    0.0272    0.0700    0.0232    0.0020    0.0066    0.0530
    0.0399    0.0020    0.0077    0.0106    0.0035    0.1022    0.0180    0.0681
    0.0224    0.0091    0.0260    0.0150    0.0189    0.0181    0.0543    0.0169
    0.0055    0.0206    0.0076    0.0207    0.0168    0.0229    0.0125    0.0063
    0.0039    0.0215    0.0246    0.1380    0.0216    0.0094    0.0100    0.0041
    0.0077    0.0142    0.0198    0.0043    0.0162    0.0340    0.0094    0.0124
    0.0209    0.0276    0.0096    0.0314    0.0200    0.0857    0.0238    0.0394
    0.0174    0.0116    0.0208    0.0073    0.0210    0.0043    0.0011    0.0061
    0.0143    0.0325    0.0016    0.0239    0.0549    0.0017    0.1597    0.0232
    0.0000    0.0180    0.0215    0.0230    0.0121    0.0153    0.0234    0.0214
    0.0155    0.0013    0.0007    0.0332    0.0030    0.0087    0.0122    0.0258
    0.0210    0.0380    0.0194    0.0171    0.0212    0.0065    0.0091    0.0114
    0.0123    0.0081    0.0410    0.3948    0.0226    0.0188    0.0178    0.0404
    0.1478    0.0287    0.0133    0.0300    0.0177    0.0211    0.6161    0.0192
    0.0182    0.0546    0.0088    0.4774    0.0144    0.0228    0.0182    0.0184
    0.0370    0.0546    0.0331    0.0159    0.0506    0.0345    0.0195    0.0043
    0.0015    0.0339    0.0277    0.0127    0.0358    0.0046    0.0435    0.0084
    0.0038    0.0093    0.0142    0.0274    0.0140    0.0093    0.0113    0.0155
    0.0326    0.0106    0.0058    0.0016    0.0198    0.0238    0.0053    0.0392
    0.0289    0.0072    0.0227    0.0529    0.0067    0.0110    0.0685    0.0194
    0.0715    0.0240    0.0051    0.0073    0.0197    0.0089    0.0020    0.0006
    0.0099    0.0058    0.0257    0.0239    0.0072    0.0011    0.0006    0.1578
    0.0216    0.0187    0.0472    0.0206    0.0105    0.0205    0.0105    0.0077
    0.0089    0.0051    0.0004    0.0023    0.0022    0.0049    0.1325    0.0127
    0.0171    0.0725    0.0266    0.1661    0.0188    0.0100    0.0130    0.0094
    0.0035    0.1456    0.0077    0.0214    0.0088    0.0289    0.0274    0.0220
    0.0170    0.0004    0.0168    0.0188    0.0246    0.0033    0.0625    0.0105
    0.0193    0.1333    0.0017    0.0016    0.0186    0.0008    0.0342    0.0329
    0.0017    0.0100    0.0268    0.0306    0.0039    0.0170    0.0204    0.0234
    0.0110    0.0200    0.0012    0.0436    0.0239    0.0239    0.0407    0.1030
    0.0283    0.1834    0.0071    0.0238    0.0134    0.0450    0.1663    0.0250
    0.0516    0.0133    0.0219    0.0259    0.0128    0.0478    0.0319    0.0220
    0.0165    0.0108    0.0022    0.0206    0.0056    0.0197    0.0203    0.0147
    0.0266    0.0116    0.0238    0.0128    0.0057    0.0131    0.5422    0.0144
    0.0031    0.0160    0.0193    0.0338    0.0171    0.0446    0.0199    0.0956
    0.0128    0.0058    0.0234    0.0176    0.0090    0.0107    0.0004    0.0355
    0.0208    0.0040    0.0216    0.0163    0.0012    0.0126    0.0211    0.0166
    0.0299    0.0168    0.0290    0.0175    0.0203    0.0082    0.0044    0.0159
    0.0723    0.0140    0.0382    0.0238    0.0233    0.1019    0.0054    0.0102
    0.0029    0.0043    0.0141    0.0228    0.0418    0.0224    0.0110    0.0149
    0.1353    0.0297    0.0106    0.0112    0.0320    0.0097    0.0169    0.0100
    0.0849    0.6659    0.0054    0.0114    0.0011    0.0287    0.0238    0.0513
    0.0228    0.0246    0.0077    0.0474    0.0431    0.0297    0.0176    0.0081
    0.1015    0.0166    0.0022    0.0088    0.0370    0.0024    0.0236    0.2323
    0.0089    0.0240    0.0031    0.0111    0.0252    0.0197    0.0249    0.2556
    0.0263    0.0086    0.1326    0.0145    0.0516    0.0149    0.0036    0.0144
    0.0136    0.0101    0.1768    0.0176    0.0316    0.0187    0.0429    0.0265
    0.0406    0.0036    0.0705    0.0161    0.0168    0.6996    0.0216    0.0050
    0.0372
  0  0  1     sample axis
   48   points in the circular section
    3.1500    5.4000    5.3999    5.3994    5.3987    5.3976    5.3963    5.3947
    5.3928    5.3906    5.3881    5.3852    5.3821    5.3787    5.3749    5.3709
    5.3665    5.3619    5.3569    5.3515    5.3459    5.3399    5.3336    5.3269
    5.3199    5.3125    5.3048    5.2967    5.2883    5.2794    5.2702    5.2606
    5.2506    5.2401    5.2293    5.2180    5.2063    5.1941    5.1814    5.1682
    5.1546    5.1404    5.1257    5.1105    5.0946    5.0782    5.0612    3.1500
    0.0000    0.0000    0.0408    0.0817    0.1225    0.1633    0.2042    0.2451
    0.2860    0.3270    0.3679    0.4089    0.4500    0.4911    0.5323    0.5735
    0.6148    0.6561    0.6975    0.7390    0.7806    0.8222    0.8640    0.9058
    0.9478    0.9898    1.0320    1.0743    1.1167    1.1592    1.2019    1.2448
    1.2878    1.3309    1.3743    1.4178    1.4615    1.5054    1.5495    1.5938
    1.6384    1.6831    1.7282    1.7735    1.8191    1.8650    1.9112    0.0000
 weight  npoles
   1     0  wgt & npoles
   2     0  wgt & npoles
   3     0  wgt & npoles
   4     0  wgt & npoles
   5     0  wgt & npoles
   6     0  wgt & npoles
   7     0  wgt & npoles
   8     0  wgt & npoles
   9     0  wgt & npoles
  10   496  wgt & npoles
    4.9935    4.5766    4.4517    4.4818    3.3794    3.1767    4.5268    3.3201
    5.0567    4.9492    3.5369    3.1844    5.0074    4.4659    4.5056    3.2495
    3.2166    4.3430    4.7931    3.9775    4.7131    4.3914    3.2471    4.4792
    3.8181    4.5828    3.1792    4.3619    3.1967    5.0522    3.7724    5.0145
    4.8749    4.2631    4.9917    4.7655    4.7319    4.1974    4.3772    3.3055
    5.0506    3.2054    4.2565    5.0452    4.5304    3.7094    4.9311    4.9726
    4.9868    4.5932    4.1812    3.6983    5.0629    3.8096    4.4572    4.5549
    4.9075    3.1710    3.2480    3.1914    4.5321    5.0527    3.2089    5.0772
    5.0410    4.5144    5.0579    4.3283    4.9064    4.3677    3.4427    3.4761
    4.1571    3.4044    3.1990    4.4803    4.9180    3.7601    4.5965    4.4384
    3.2754    4.2444    4.2901    3.1633    3.8548    4.6882    3.2480    4.9909
    4.8800    3.5197    4.0321    3.3317    5.0323    3.1916    4.5316    4.9345
    4.4518    4.9518    3.4663    4.9901    3.1823    4.9447    4.8978    3.1674
    4.4855    3.4143    5.0595    4.9952    4.3198    4.5524    4.5777    5.0509
    4.7880    3.8976    5.0568    4.8490    4.8869    4.4077    4.1064    3.3997
    3.1741    3.7682    5.0007    4.4368    4.6353    3.1639    5.0226    5.0614
    3.3258    3.2367    4.5106    3.2597    5.0153    4.8907    4.9019    3.5042
    4.4320    3.3554    4.7908    4.4945    4.9508    3.3485    4.3131    3.6256
    4.9662    4.7717    3.2706    3.1536    4.9674    5.0410    5.0621    4.2483
    4.5418    3.5340    4.4088    4.9666    4.3992    3.2152    3.5464    4.6305
    4.1006    4.7637    5.0479    4.6582    5.0661    4.5181    3.2157    3.1685
    4.7995    4.5583    3.7372    3.3295    3.4674    5.0737    4.4836    5.0521
    4.4984    4.5283    3.4791    5.0380    3.1946    4.5774    5.0431    4.8741
    5.0222    4.5706    4.4737    4.5140    4.0825    4.5547    5.0605    5.0213
    3.1767    4.2279    3.2408    3.3170    3.2069    4.5365    4.8884    3.9406
    5.0545    4.8490    3.3163    3.3260    4.4667    4.2287    3.3352    3.7349
    5.0596    4.7379    3.9833    4.4498    3.1767    3.1792    3.7048    5.0687
    4.3341    4.3548    4.0424    4.5164    3.3038    5.0090    4.9741    3.1849
    4.4756    3.4867    4.2078    4.6755    3.1562    3.2449    3.4520    3.2116
    4.8909    4.5391    3.2116    3.5998    3.7817    3.1890    3.2085    4.4343
    4.6536    3.2951    3.1910    4.6634    4.4873    4.9724    5.0313    3.2629
    3.2393    3.2424    3.6539    3.5903    5.0648    4.6726    4.3158    4.8319
    5.0015    5.0533    3.8769    3.2229    4.6764    4.7971    4.3747    5.0235
    3.7973    3.3098    3.5192    4.4790    5.0211    4.6993    4.8306    4.8281
    5.0589    5.0474    4.7983    4.3984    4.3654    5.0527    5.0649    5.0509
    4.9239    3.3511    3.3720    5.0650    4.3469    4.5225    4.6364    3.4632
    5.0630    4.9629    4.5119    4.5166    3.2643    4.9915    4.5792    4.6375
    4.4397    4.8756    3.6658    4.7670    4.3137    3.3270    3.1705    3.3766
    3.1751    3.3512    4.2831    3.1664    4.7533    5.0413    5.0365    5.0510
    4.8103    3.3768    3.4359    4.5498    4.1101    3.2588    4.4465    3.2105
    3.4399    5.0505    3.2931    3.1834    5.0031    4.6233    3.1890    4.3526
    4.4180    3.1690    3.3582    4.4687    4.2642    3.2890    4.5381    3.9636
    4.5049    4.9073    4.1834    4.8084    5.0571    3.4639    4.4071    5.0157
    3.2059    4.2898    4.9577    5.0377    5.0437    4.7880    5.0627    3.1967
    3.5927    3.1618    3.9940    4.9809    4.6130    4.5133    3.1736    3.2280
    3.5150    4.7337    4.6179    3.4324    3.3981    5.0468    3.2381    3.2726
    4.5137    4.9670    4.9979    3.5085    4.0458    3.2459    4.3238    4.7406
    4.5232    4.4327    4.3927    5.0355    4.5657    4.5842    4.8887    3.1582
    5.0420    4.8090    4.2650    3.6548    3.4620    3.2879    5.0515    3.3130
    4.8672    4.8582    5.0008    5.0479    4.7448    3.7873    4.1532    3.3728
    4.5724    4.4966    4.8756    3.6292    4.5863    4.6018    4.9019    4.6998
    4.4622    4.4722    3.1751    3.4769    4.8192    4.4521    4.3060    4.9717
    3.1685    5.0170    3.1880    5.0178    4.7950    4.8477    4.3318    4.3012
    4.5703    4.5137    4.2561    4.8640    4.6530    4.4663    4.5260    3.1861
    5.0561    4.7472    4.7942    3.2444    3.6494    4.3416    4.6565    4.6737
    3.1895    4.7969    3.3069    4.3272    3.4062    4.6174    3.4025    5.0428
    4.6319    4.4264    4.4514    4.8774    5.0583    4.4854    3.3666    4.6524
    4.4571    4.4954    4.2121    4.9200    4.9307    3.3526    3.2034    4.6248
    4.6171    4.6473    4.9979    3.3731    4.4800    4.8043    4.4835    3.4672
    4.9119    4.5902    4.5723    4.9167    5.0141    3.1890    4.6068    4.6670
    3.3469    3.1818    4.9456    3.2131    4.5982    3.4503    3.3327    3.3579
    4.4509    3.2610    4.8646    3.5194    3.2300    4.9902    5.0474    3.3479
    1.8398    1.4227    1.2967    1.3259    0.2047    0.0000    1.3734    0.0854
    1.8939    1.7955    0.3811    0.0000    1.8509    1.3127    1.3554    0.0856
    0.0225    1.1903    1.6392    0.8209    1.5622    1.2354    0.0944    1.3236
    0.6582    1.4267    0.0133    1.2071    0.0010    1.8823    0.6202    1.8560
    1.7231    1.1061    1.8385    1.6107    1.5759    1.0464    1.2224    0.1179
    1.8755    0.0405    1.0982    1.8939    1.3802    0.0593    1.7568    1.8138
    1.8140    1.4382    1.0268    0.5435    1.8943    0.6555    1.3049    1.3981
    1.7520    0.0000    0.0185    0.0073    1.3757    1.8727    0.0279    1.8665
    1.8906    1.3591    1.9077    1.1770    1.7550    1.2135    0.2816    0.3248
    0.9992    0.2324    0.0223    1.3252    1.7637    0.5971    1.4410    1.2876
    0.0469    1.0899    1.1363    0.0000    0.6922    1.5311    0.0021    1.8363
    1.7235    0.2810    0.8815    0.1772    1.8712    0.0139    1.3748    1.7801
    1.3015    1.7954    0.2907    1.8383    0.0313    1.7879    1.7399    0.0056
    1.3266    0.2065    1.9042    1.8399    1.1682    1.3951    1.4268    1.9007
    1.6357    0.7436    1.8982    1.6964    1.7363    1.2523    0.9366    0.2492
    0.0026    0.5281    1.8483    1.2792    1.4816    0.0077    1.8648    1.9100
    0.0986    0.0533    1.3561    0.0985    1.8410    1.7314    1.7487    0.2729
    1.2818    0.1776    1.6372    1.3413    1.7801    0.0456    1.1623    0.4679
    1.8086    1.6149    0.0210    0.0021    1.8141    1.8839    1.8942    1.0972
    1.3848    0.3551    1.2561    1.7990    1.2449    0.0359    0.2884    1.4763
    0.9092    1.6081    1.8899    1.5020    1.8970    1.3643    0.0558    0.0031
    1.6446    1.4016    0.5779    0.0030    0.2091    1.8610    1.3270    1.8813
    1.3430    1.3732    0.2782    1.8360    0.0190    1.4217    1.8875    1.7202
    1.8398    1.4139    1.3217    1.3601    0.9248    1.4014    1.8979    1.8628
    0.0041    1.0733    0.0092    0.0801    0.0111    1.3836    1.7299    0.7781
    1.8978    1.6968    0.1578    0.1517    1.3141    1.0734    0.0077    0.5788
    1.8884    1.5849    0.8180    1.2966    0.0154    0.0000    0.4834    1.8887
    1.1775    1.2010    0.8890    1.3626    0.1088    1.8560    1.8229    0.0333
    1.3190    0.2450    1.0535    1.5192    0.0041    0.0764    0.2886    0.0178
    1.7374    1.3838    0.0349    0.4437    0.6265    0.0087    0.0010    1.2754
    1.4978    0.0046    0.0108    1.5080    1.3319    1.8180    1.8803    0.0267
    0.0108    0.0103    0.4835    0.3864    1.8936    1.5194    1.1609    1.6762
    1.8463    1.8700    0.7265    0.0159    1.5237    1.6431    1.2174    1.8716
    0.6383    0.0560    0.1753    1.3231    1.8648    1.5439    1.6741    1.6749
    1.9049    1.8757    1.6431    1.2443    1.2129    1.9004    1.8944    1.8882
    1.7690    0.1260    0.1822    1.8952    1.1897    1.3705    1.4850    0.3102
    1.8838    1.8066    1.3615    1.3634    0.0637    1.8406    1.4264    1.4814
    1.2825    1.7160    0.4904    1.6125    1.1560    0.0051    0.0000    0.0986
    0.0092    0.2002    1.1300    0.0072    1.5995    1.8775    1.8608    1.8744
    1.6459    0.2177    0.2614    1.3931    0.9540    0.0226    1.2916    0.0436
    0.2619    1.8932    0.0177    0.0087    1.8427    1.4693    0.0303    1.1957
    1.2615    0.0139    0.1779    1.3169    1.1093    0.0856    1.3827    0.8055
    1.3478    1.7492    1.0330    1.6536    1.8826    0.2502    1.2507    1.8437
    0.0287    1.1319    1.8054    1.8868    1.8636    1.6293    1.9047    0.0446
    0.4270    0.0092    0.8389    1.8300    1.4587    1.3595    0.0092    0.0765
    0.2840    1.5802    1.4618    0.0965    0.1361    1.8506    0.0393    0.1133
    1.3632    1.8024    1.8437    0.3264    0.8757    0.0539    1.1689    1.5846
    1.3675    1.2821    1.2401    1.8803    1.4098    1.4287    1.7324    0.0067
    1.8580    1.6532    1.1103    0.5013    0.2445    0.1032    1.8830    0.1591
    1.7131    1.7016    1.8452    1.8814    1.5925    0.6355    0.9900    0.1864
    1.4174    1.3460    1.7209    0.3792    1.4295    1.4458    1.7400    1.5447
    1.3117    1.3201    0.0000    0.1495    1.6637    1.2978    1.1502    1.8128
    0.0000    1.8541    0.0010    1.8624    1.6433    1.6975    1.1818    1.1505
    1.4162    1.3590    1.1011    1.7120    1.4957    1.3117    1.3702    0.0350
    1.9010    1.5894    1.6410    0.0585    0.4988    1.1905    1.4997    1.5215
    0.0389    1.6446    0.0715    1.1697    0.2384    1.4643    0.2397    1.8793
    1.4803    1.2743    1.2964    1.7222    1.9010    1.3329    0.2033    1.4978
    1.3016    1.3423    1.0555    1.7657    1.7749    0.0143    0.0472    1.4705
    1.4642    1.4906    1.8473    0.2006    1.3225    1.6542    1.3284    0.2897
    1.7527    1.4355    1.4168    1.7605    1.8594    0.0195    1.4524    1.5081
    0.1746    0.0272    1.7906    0.0436    1.4429    0.2897    0.1373    0.1854
    1.2952    0.0999    1.6840    0.2177    0.0785    1.8391    1.8942    0.1350
