  0.1287E+01  0.3783E+01
  0.1373E+01  0.4275E+01
  0.1287E+01  0.3783E+01
  0.1387E+01  0.3766E+01
  0.1476E+01  0.4259E+01
  0.1387E+01  0.3766E+01
  0.1487E+01  0.3747E+01
  0.1590E+01  0.4240E+01
  0.1487E+01  0.3747E+01
  0.1599E+01  0.3721E+01
  0.1727E+01  0.4211E+01
  0.1599E+01  0.3721E+01
  0.1742E+01  0.3678E+01
  0.1901E+01  0.4161E+01
  0.1742E+01  0.3678E+01
  0.1938E+01  0.3605E+01
  0.2128E+01  0.4081E+01
  0.1938E+01  0.3605E+01
  0.2305E+01  0.3437E+01
  0.2540E+01  0.3898E+01
  0.2305E+01  0.3437E+01
  0.3317E+01  0.2748E+01
  0.3694E+01  0.3132E+01
  0.3317E+01  0.2748E+01
  0.3571E+01  0.2470E+01
  0.4004E+01  0.2798E+01
  0.3571E+01  0.2470E+01
  0.3675E+01  0.2319E+01
  0.4132E+01  0.2613E+01
  0.3675E+01  0.2319E+01
  0.3747E+01  0.2202E+01
  0.4216E+01  0.2475E+01
  0.3747E+01  0.2202E+01
  0.3805E+01  0.2098E+01
  0.4283E+01  0.2355E+01
  0.3805E+01  0.2098E+01
  0.3854E+01  0.2002E+01
  0.4341E+01  0.2243E+01
  0.3854E+01  0.2002E+01
  0.3898E+01  0.1910E+01
  0.4393E+01  0.2133E+01
  0.3898E+01  0.1910E+01
  0.3938E+01  0.1817E+01
  0.4439E+01  0.2024E+01
  0.3938E+01  0.1817E+01
  0.3976E+01  0.1721E+01
  0.4483E+01  0.1912E+01
  0.3976E+01  0.1721E+01
  0.4014E+01  0.1616E+01
  0.4525E+01  0.1792E+01
  0.4014E+01  0.1616E+01
  0.4054E+01  0.1493E+01
  0.4570E+01  0.1652E+01
  0.4054E+01  0.1493E+01
  0.4103E+01  0.1321E+01
  0.4624E+01  0.1459E+01
  0.4103E+01  0.1321E+01
  0.4192E+01  0.9086E+00
  0.4720E+01  0.1000E+01
  0.4192E+01  0.9086E+00
  0.4265E+01 -0.2388E+00
  0.4783E+01 -0.3674E+00
  0.4265E+01 -0.2388E+00
  0.4096E+01 -0.6764E+00
  0.4542E+01 -0.9433E+00
  0.4096E+01 -0.6764E+00
  0.4001E+01 -0.8166E+00
  0.4424E+01 -0.1102E+01
  0.4001E+01 -0.8166E+00
  0.3918E+01 -0.9414E+00
  0.4327E+01 -0.1235E+01
  0.3918E+01 -0.9414E+00
  0.3831E+01 -0.1054E+01
  0.4209E+01 -0.1376E+01
  0.3831E+01 -0.1054E+01
  0.3736E+01 -0.1156E+01
  0.4080E+01 -0.1503E+01
  0.3736E+01 -0.1156E+01
  0.3623E+01 -0.1259E+01
  0.3938E+01 -0.1621E+01
  0.3623E+01 -0.1259E+01
  0.3474E+01 -0.1381E+01
  0.3763E+01 -0.1749E+01
  0.3474E+01 -0.1381E+01
  0.3229E+01 -0.1560E+01
  0.3487E+01 -0.1927E+01
  0.3229E+01 -0.1560E+01
  0.2657E+01 -0.1935E+01
  0.2870E+01 -0.2286E+01
  0.2657E+01 -0.1935E+01
  0.1589E+01 -0.2552E+01
  0.1772E+01 -0.2880E+01
  0.1589E+01 -0.2552E+01
  0.2853E+00 -0.3259E+01
  0.4961E+00 -0.3609E+01
  0.2853E+00 -0.3259E+01
 -0.4913E+00 -0.3696E+01
 -0.2781E+00 -0.4110E+01
 -0.4913E+00 -0.3696E+01
 -0.8486E+00 -0.3870E+01
 -0.8092E+00 -0.4363E+01
 -0.8486E+00 -0.3870E+01
 -0.1061E+01 -0.3827E+01
 -0.1162E+01 -0.4313E+01
 -0.1061E+01 -0.3827E+01
 -0.1184E+01 -0.3801E+01
 -0.1277E+01 -0.4290E+01
 -0.1184E+01 -0.3801E+01
 -0.1287E+01 -0.3783E+01
 -0.1373E+01 -0.4275E+01
 -0.1287E+01 -0.3783E+01
 -0.1387E+01 -0.3766E+01
 -0.1476E+01 -0.4259E+01
 -0.1387E+01 -0.3766E+01
 -0.1487E+01 -0.3747E+01
 -0.1590E+01 -0.4240E+01
 -0.1487E+01 -0.3747E+01
 -0.1599E+01 -0.3721E+01
 -0.1727E+01 -0.4211E+01
 -0.1599E+01 -0.3721E+01
 -0.1742E+01 -0.3678E+01
 -0.1901E+01 -0.4161E+01
 -0.1742E+01 -0.3678E+01
 -0.1938E+01 -0.3605E+01
 -0.2128E+01 -0.4081E+01
 -0.1938E+01 -0.3605E+01
 -0.2305E+01 -0.3437E+01
 -0.2540E+01 -0.3898E+01
 -0.2305E+01 -0.3437E+01
 -0.3317E+01 -0.2748E+01
 -0.3694E+01 -0.3132E+01
 -0.3317E+01 -0.2748E+01
 -0.3571E+01 -0.2470E+01
 -0.4004E+01 -0.2798E+01
 -0.3571E+01 -0.2470E+01
 -0.3675E+01 -0.2319E+01
 -0.4132E+01 -0.2613E+01
 -0.3675E+01 -0.2319E+01
 -0.3747E+01 -0.2202E+01
 -0.4216E+01 -0.2475E+01
 -0.3747E+01 -0.2202E+01
 -0.3805E+01 -0.2098E+01
 -0.4283E+01 -0.2355E+01
 -0.3805E+01 -0.2098E+01
 -0.3854E+01 -0.2002E+01
 -0.4341E+01 -0.2243E+01
 -0.3854E+01 -0.2002E+01
 -0.3898E+01 -0.1910E+01
 -0.4393E+01 -0.2133E+01
 -0.3898E+01 -0.1910E+01
 -0.3938E+01 -0.1817E+01
 -0.4439E+01 -0.2024E+01
 -0.3938E+01 -0.1817E+01
 -0.3976E+01 -0.1721E+01
 -0.4483E+01 -0.1912E+01
 -0.3976E+01 -0.1721E+01
 -0.4014E+01 -0.1616E+01
 -0.4525E+01 -0.1792E+01
 -0.4014E+01 -0.1616E+01
 -0.4054E+01 -0.1493E+01
 -0.4570E+01 -0.1652E+01
 -0.4054E+01 -0.1493E+01
 -0.4103E+01 -0.1321E+01
 -0.4624E+01 -0.1459E+01
 -0.4103E+01 -0.1321E+01
 -0.4192E+01 -0.9086E+00
 -0.4721E+01 -0.9950E+00
 -0.4192E+01 -0.9086E+00
 -0.4265E+01  0.2388E+00
 -0.4772E+01  0.4037E+00
 -0.4265E+01  0.2388E+00
 -0.4096E+01  0.6764E+00
 -0.4542E+01  0.9433E+00
 -0.4096E+01  0.6764E+00
 -0.4001E+01  0.8166E+00
 -0.4424E+01  0.1102E+01
 -0.4001E+01  0.8166E+00
 -0.3918E+01  0.9414E+00
 -0.4327E+01  0.1235E+01
 -0.3918E+01  0.9414E+00
 -0.3831E+01  0.1054E+01
 -0.4209E+01  0.1376E+01
 -0.3831E+01  0.1054E+01
 -0.3736E+01  0.1156E+01
 -0.4080E+01  0.1503E+01
 -0.3736E+01  0.1156E+01
 -0.3623E+01  0.1259E+01
 -0.3938E+01  0.1621E+01
 -0.3623E+01  0.1259E+01
 -0.3474E+01  0.1381E+01
 -0.3763E+01  0.1749E+01
 -0.3474E+01  0.1381E+01
 -0.3229E+01  0.1560E+01
 -0.3487E+01  0.1927E+01
 -0.3229E+01  0.1560E+01
 -0.2657E+01  0.1935E+01
 -0.2870E+01  0.2286E+01
 -0.2657E+01  0.1935E+01
 -0.1589E+01  0.2552E+01
 -0.1772E+01  0.2880E+01
 -0.1589E+01  0.2552E+01
 -0.2853E+00  0.3259E+01
 -0.4961E+00  0.3609E+01
 -0.2853E+00  0.3259E+01
  0.4913E+00  0.3696E+01
  0.2781E+00  0.4110E+01
  0.4913E+00  0.3696E+01
  0.8486E+00  0.3870E+01
  0.8092E+00  0.4363E+01
  0.8486E+00  0.3870E+01
  0.1061E+01  0.3827E+01
  0.1162E+01  0.4313E+01
  0.1061E+01  0.3827E+01
  0.1184E+01  0.3801E+01
  0.1277E+01  0.4290E+01
  0.1184E+01  0.3801E+01
  0.1287E+01  0.3783E+01
   -   -   
