TEXTURE AT STRAIN =    1.0000
   0.993   1.107   0.909  <-- length of average ellipsoid axes for phase
   90.80    0.00    0.00  <-- Euler angles of average ellipsoid axes for phase
B       500
  101.56  120.25   33.41   0.0010000
 -136.96   40.44   59.06   0.0010000
  163.02   30.28   50.24   0.0010000
  149.52   85.48   37.86   0.0010000
  141.03   75.84   17.44   0.0010000
   38.21    8.52 -151.85   0.0010000
    9.93   81.43  -34.41   0.0010000
 -178.96  157.20  -41.23   0.0010000
  -47.28   59.62  132.19   0.0010000
  -76.15  138.08 -146.68   0.0010000
  -25.00  158.03  -57.72   0.0010000
   21.19  174.82   64.85   0.0010000
   45.38   66.41   41.10   0.0010000
   30.69  113.37  166.56   0.0010000
   56.54  115.24  -17.58   0.0010000
  -89.73   76.70  172.65   0.0010000
  140.14    8.86  166.23   0.0010000
   91.02   55.96    5.61   0.0010000
   82.81   57.10 -156.13   0.0010000
  -89.52   32.29  173.50   0.0010000
 -137.17  121.64  -23.00   0.0010000
   -2.43  145.16 -127.49   0.0010000
  -51.47    5.43   17.18   0.0010000
  178.83   32.18 -135.01   0.0010000
  129.84   96.97   64.77   0.0010000
  104.69  107.34  -53.89   0.0010000
  -57.86   85.42  -86.19   0.0010000
  -21.50   59.14 -167.45   0.0010000
  -82.50   95.71  -97.90   0.0010000
  -31.22  127.34  -32.97   0.0010000
  122.13   95.60   74.62   0.0010000
   15.70   45.65  -39.59   0.0010000
 -178.12  123.43  120.65   0.0010000
  -87.35   71.50 -105.96   0.0010000
  -37.07  135.59 -129.65   0.0010000
   28.52   61.44 -118.35   0.0010000
   21.66  141.51 -134.98   0.0010000
 -110.62   54.73 -177.89   0.0010000
 -124.19  111.24  112.69   0.0010000
   32.61   77.54   73.20   0.0010000
 -118.45  134.45   66.11   0.0010000
  118.27   77.33   97.02   0.0010000
  161.36   73.37 -160.21   0.0010000
  -58.26   49.79  134.13   0.0010000
  171.86   58.22 -111.47   0.0010000
 -153.12   90.57 -139.56   0.0010000
  -86.38   47.75    6.12   0.0010000
  130.94   69.89  129.31   0.0010000
  -38.72   53.87 -152.96   0.0010000
  -58.49   41.07 -172.57   0.0010000
  -68.66   26.82  -74.90   0.0010000
  -59.78  109.63  161.12   0.0010000
   37.44  114.88 -134.59   0.0010000
  161.86  154.82  -51.65   0.0010000
   71.51   55.51 -136.30   0.0010000
  -90.40  120.54  -12.11   0.0010000
   76.35  115.00  -68.87   0.0010000
  -15.67   43.11   31.07   0.0010000
  -68.95    6.81  -14.96   0.0010000
   46.53   98.55  103.62   0.0010000
 -163.29   11.49  -53.08   0.0010000
  -14.86  108.92  154.50   0.0010000
 -102.94   65.32 -132.06   0.0010000
 -171.40  164.76  -41.18   0.0010000
  -56.86   69.32 -136.91   0.0010000
  168.03   60.44 -141.15   0.0010000
   19.71  146.00 -133.88   0.0010000
   38.80  123.82 -138.91   0.0010000
 -136.88   37.10   90.48   0.0010000
 -128.29   65.03 -146.37   0.0010000
   27.27   79.75   27.11   0.0010000
   -7.66  102.91  164.73   0.0010000
  111.18   11.37  135.24   0.0010000
 -116.47  104.51  -59.64   0.0010000
   -2.20  166.90   58.55   0.0010000
  -62.22  167.59   18.15   0.0010000
    5.27  144.22 -138.99   0.0010000
  161.57   41.25   47.23   0.0010000
  132.32   65.46   89.49   0.0010000
    5.43  144.23   46.53   0.0010000
  179.10   59.38  164.47   0.0010000
   56.56   15.86 -176.48   0.0010000
  -57.16  152.53  106.93   0.0010000
  -50.90  111.69 -167.27   0.0010000
   51.77    4.04   33.27   0.0010000
  150.63   72.37 -159.56   0.0010000
  175.40   86.09  137.60   0.0010000
   53.53  102.46  102.63   0.0010000
   15.34  119.88   56.20   0.0010000
   18.08   72.91  -50.42   0.0010000
 -165.39   26.90  -27.98   0.0010000
  105.40   26.38   11.42   0.0010000
   95.83   76.50  168.83   0.0010000
   35.03  133.37 -127.97   0.0010000
  -50.86   99.80   -6.28   0.0010000
 -171.35  146.51 -132.17   0.0010000
  113.77  136.88  122.04   0.0010000
   79.05   74.39  -59.75   0.0010000
   95.00  115.23  -53.69   0.0010000
 -173.69   82.74   67.78   0.0010000
   73.90   62.92  -38.20   0.0010000
 -179.36   84.10   81.67   0.0010000
  135.35   58.20   32.73   0.0010000
  165.27  137.13  124.18   0.0010000
   42.04   93.06   92.79   0.0010000
  120.07   82.23  -51.22   0.0010000
   47.49   23.40   13.91   0.0010000
  -37.17   51.06  137.35   0.0010000
    2.38  120.45 -124.99   0.0010000
  -22.21   82.98 -117.32   0.0010000
   14.36   36.43 -132.76   0.0010000
   65.20  118.52   71.47   0.0010000
  -82.19  120.29  132.93   0.0010000
 -135.92   63.56 -152.52   0.0010000
  117.82  109.43 -103.80   0.0010000
  131.21  126.16  -38.72   0.0010000
   79.67   61.33   31.20   0.0010000
  -64.53   43.39  -50.67   0.0010000
 -144.61  111.88   23.85   0.0010000
   29.74  141.84  -11.27   0.0010000
   38.34   19.92  -58.05   0.0010000
   20.28   94.24   96.14   0.0010000
   63.43   50.80  179.42   0.0010000
  -96.10   58.80  148.01   0.0010000
 -151.85  149.90   43.66   0.0010000
   72.60  137.68    5.49   0.0010000
   86.88   88.49  -86.95   0.0010000
 -170.05  133.50  -48.72   0.0010000
 -161.95   54.48 -132.45   0.0010000
   20.31  161.06  -47.45   0.0010000
   14.16   80.54   -3.80   0.0010000
 -124.01  111.18  120.68   0.0010000
   43.19   92.52  -95.57   0.0010000
  -79.31   48.80  -74.80   0.0010000
 -158.64  125.68 -154.88   0.0010000
  -88.70  117.12  -32.50   0.0010000
  -83.35   61.03   88.33   0.0010000
  162.92   82.10  147.14   0.0010000
  -72.41   73.75   13.26   0.0010000
   36.11  123.66  159.38   0.0010000
  -59.51  149.03  119.70   0.0010000
  116.17  136.15  101.61   0.0010000
 -171.37   68.98   80.95   0.0010000
   62.67   24.08   75.62   0.0010000
 -148.44  103.80   96.43   0.0010000
  143.32  109.40   38.49   0.0010000
  140.07   59.84  119.93   0.0010000
   98.26   80.88  105.08   0.0010000
   34.46   90.95  -88.44   0.0010000
   91.69   67.54  129.60   0.0010000
 -168.01  127.29   53.93   0.0010000
  -51.72  118.04  -42.85   0.0010000
   65.38   65.66   11.10   0.0010000
 -120.72   65.95   63.42   0.0010000
 -100.87   74.19 -108.11   0.0010000
  140.09  150.75  177.50   0.0010000
 -117.09  137.09  -73.52   0.0010000
   33.50  149.73   33.66   0.0010000
  153.14   95.67   77.46   0.0010000
  172.25   88.72 -148.10   0.0010000
   24.59  123.74   72.59   0.0010000
  123.85   47.11  179.95   0.0010000
 -118.28  116.43   32.46   0.0010000
 -141.78  131.44 -139.43   0.0010000
   81.65   66.16   61.10   0.0010000
   51.13  118.44   44.44   0.0010000
  -35.85   31.87  139.66   0.0010000
  107.60    3.26  130.00   0.0010000
  111.20   94.22  176.93   0.0010000
  114.94   58.80  152.71   0.0010000
  -33.83  108.46 -117.97   0.0010000
    0.17  164.84   26.86   0.0010000
  159.99   22.54 -148.06   0.0010000
 -105.32   76.28  -22.88   0.0010000
  -99.04  135.06   14.24   0.0010000
  140.92   97.69  -36.43   0.0010000
  163.58  112.00  132.37   0.0010000
 -154.81  118.44 -156.77   0.0010000
 -117.52  114.25  -63.89   0.0010000
  110.99   64.01  -85.39   0.0010000
   -4.34   44.13   62.50   0.0010000
  119.04   78.80 -172.64   0.0010000
 -133.16  116.70  116.76   0.0010000
 -104.03   60.41 -129.07   0.0010000
  120.62  118.30  120.09   0.0010000
  128.79   51.12   23.57   0.0010000
  168.36   65.79 -156.30   0.0010000
   38.01  106.79   66.77   0.0010000
 -162.59  101.90 -149.11   0.0010000
  143.26   76.89  -68.61   0.0010000
 -145.75   60.67  -74.69   0.0010000
  147.48   50.76  -52.13   0.0010000
  -64.59  133.92  -30.67   0.0010000
  -70.93   95.26   85.66   0.0010000
  -59.07  102.57  155.48   0.0010000
   69.66  103.89    1.17   0.0010000
 -179.89  157.46 -138.74   0.0010000
   12.28  166.80   54.65   0.0010000
   60.28  145.37 -155.85   0.0010000
 -106.26   50.28   12.73   0.0010000
   97.93  147.17  174.71   0.0010000
   20.60  126.48   36.17   0.0010000
   25.50  107.05 -126.70   0.0010000
   99.58   77.72  -99.89   0.0010000
  -35.08  102.45  -16.86   0.0010000
   45.13   79.43  -60.02   0.0010000
  150.98  148.01   10.29   0.0010000
 -100.70  116.43   -0.33   0.0010000
   67.26   22.66   79.11   0.0010000
  -72.32  129.58  -56.99   0.0010000
  -82.31   53.09 -103.72   0.0010000
  176.63   33.38   35.79   0.0010000
  -52.12  150.58 -134.86   0.0010000
   31.16   84.77  171.11   0.0010000
   38.15  172.63 -134.14   0.0010000
  102.64   73.63  -59.50   0.0010000
   22.12  111.02 -134.72   0.0010000
   -5.12   28.80 -133.91   0.0010000
   16.54   72.52 -160.79   0.0010000
 -150.96   71.21  158.66   0.0010000
   79.94  147.64  -36.36   0.0010000
 -158.06   87.53   14.41   0.0010000
 -163.97   69.17 -140.11   0.0010000
  -43.73  137.44  -56.90   0.0010000
  -45.08   88.37  178.55   0.0010000
  133.14   69.53 -154.29   0.0010000
  -36.98  111.55  164.14   0.0010000
  -20.91   76.19   21.07   0.0010000
 -124.94   37.68 -151.36   0.0010000
 -143.69   88.53  -92.63   0.0010000
  -66.08   84.88  -93.08   0.0010000
  -14.33   80.63   19.05   0.0010000
 -156.60  169.33  131.31   0.0010000
  134.46   57.18   62.12   0.0010000
  166.10  145.56  132.83   0.0010000
 -150.09   96.13  102.42   0.0010000
  161.73  100.97 -109.44   0.0010000
 -115.77   84.71  164.84   0.0010000
   59.99   70.73 -106.10   0.0010000
 -134.08   94.68 -173.53   0.0010000
   28.51   82.11  -10.92   0.0010000
   48.97   48.88  -93.28   0.0010000
  -10.66  141.87   45.94   0.0010000
  -58.00  159.56  -84.15   0.0010000
  -38.71   84.21  -83.83   0.0010000
  -62.90  117.53   64.87   0.0010000
 -123.78  113.04 -154.86   0.0010000
  101.86  135.76 -147.13   0.0010000
 -109.06  121.71   52.03   0.0010000
  -75.84  109.14  177.17   0.0010000
  -97.17  107.70   90.72   0.0010000
  121.59   75.86  -86.97   0.0010000
  -92.24   62.22 -176.07   0.0010000
  -43.51   66.53 -167.85   0.0010000
   -1.71   50.24  129.09   0.0010000
  147.47   36.87   38.20   0.0010000
  -90.90  138.60 -179.24   0.0010000
   27.36  107.26   37.41   0.0010000
   17.39  134.95  -47.18   0.0010000
  116.74  115.64 -132.15   0.0010000
 -121.72   69.04 -172.89   0.0010000
  -83.80   81.83  -79.32   0.0010000
  -35.68  140.79   54.89   0.0010000
  143.70   45.52  118.71   0.0010000
 -114.99  147.42  169.38   0.0010000
  -19.24   45.72  -46.36   0.0010000
    6.54  150.58   42.57   0.0010000
  -98.59  157.67    3.19   0.0010000
 -150.99   91.59  -56.94   0.0010000
  -56.19  113.10 -113.18   0.0010000
  -47.84  114.09  132.55   0.0010000
 -168.94  141.48 -128.74   0.0010000
 -117.46  118.02  -59.24   0.0010000
  -86.92  110.74  129.40   0.0010000
  -91.73  123.19  133.68   0.0010000
    7.07  129.50  -55.16   0.0010000
 -114.73  130.59  -12.33   0.0010000
 -170.03  113.16   18.26   0.0010000
  148.97  152.42 -174.42   0.0010000
   50.84  120.87   47.82   0.0010000
 -115.25  127.49  -51.75   0.0010000
  151.92   65.47  -43.77   0.0010000
 -110.03  138.35 -142.77   0.0010000
   75.21   66.10   93.40   0.0010000
 -168.71  164.11  150.38   0.0010000
  -98.87  116.92  -45.02   0.0010000
   56.28  118.08  103.32   0.0010000
  144.52   77.97   57.23   0.0010000
  -34.09  110.10 -149.30   0.0010000
  -23.32   22.34 -125.07   0.0010000
  -70.50  132.43   63.48   0.0010000
   12.97   44.07  138.70   0.0010000
   67.07   66.99 -155.70   0.0010000
  -68.94   52.86    7.00   0.0010000
 -172.40  160.39  -42.84   0.0010000
  -23.96   57.93  148.85   0.0010000
  136.48  105.79 -150.45   0.0010000
  -98.08   66.71  152.95   0.0010000
 -144.23  151.38  135.30   0.0010000
 -141.73  133.04  168.73   0.0010000
   32.11   70.29  -20.63   0.0010000
   34.93   38.26  121.17   0.0010000
   -1.57   29.34   48.32   0.0010000
 -149.10  106.72   17.12   0.0010000
  -58.85  173.23   25.64   0.0010000
  -41.06   98.81 -113.25   0.0010000
  -49.02   86.40 -178.66   0.0010000
 -121.81   73.42  168.21   0.0010000
  166.70  104.15 -161.53   0.0010000
 -103.41   92.39   88.78   0.0010000
   36.24  118.72  119.84   0.0010000
  -57.40  116.39  134.66   0.0010000
 -179.69   50.45  123.25   0.0010000
 -169.96  131.31  147.17   0.0010000
 -118.30   42.89 -171.92   0.0010000
   59.44  106.94 -167.39   0.0010000
  -14.56   84.42   70.12   0.0010000
 -114.34   64.63   68.54   0.0010000
  -51.70   71.72 -157.23   0.0010000
 -170.42   92.15   18.47   0.0010000
   26.26  148.44   43.71   0.0010000
  114.61   93.95  -95.55   0.0010000
  -39.59   89.96  162.79   0.0010000
  103.66  130.52 -141.08   0.0010000
   22.48   20.02  140.83   0.0010000
  -38.95   91.94  -95.26   0.0010000
    0.87  134.10  126.66   0.0010000
   17.27  109.12   30.32   0.0010000
  113.98   88.42   -2.18   0.0010000
  174.75   81.62   27.39   0.0010000
  -56.49  111.84   65.42   0.0010000
   44.51   96.23  -83.45   0.0010000
  131.39  165.53   88.09   0.0010000
 -114.51   42.01   -2.98   0.0010000
   33.35  110.85  102.02   0.0010000
 -113.31   75.14   91.92   0.0010000
   10.61  144.83  135.74   0.0010000
   75.00  108.55 -164.85   0.0010000
  -22.75  104.61 -117.97   0.0010000
  173.13  110.61  -38.06   0.0010000
  128.46   27.33    1.87   0.0010000
   71.50  116.75 -150.03   0.0010000
   89.76   47.18   59.54   0.0010000
   22.09  155.00   27.73   0.0010000
  101.74   90.91   28.10   0.0010000
 -174.49  133.85 -144.21   0.0010000
   68.39   84.33    1.93   0.0010000
 -153.97  151.87   31.61   0.0010000
   54.42   56.44 -150.27   0.0010000
 -145.58  119.75   37.85   0.0010000
  131.34  129.19 -121.24   0.0010000
 -107.25  105.04   44.12   0.0010000
  -32.73  127.56  132.19   0.0010000
   95.89  101.35  -96.48   0.0010000
  171.21   15.79  152.84   0.0010000
 -111.94   88.86  178.31   0.0010000
    9.09  102.34  -17.99   0.0010000
 -100.37   54.50   64.04   0.0010000
 -142.55  102.42   35.23   0.0010000
 -107.33   31.86 -131.27   0.0010000
  147.74   86.83   96.72   0.0010000
  -53.82  104.15   79.42   0.0010000
  152.80  111.53  159.96   0.0010000
 -160.64  115.76  -62.60   0.0010000
  132.34   63.32 -152.46   0.0010000
 -166.32  152.55   26.49   0.0010000
   21.71   90.64 -116.14   0.0010000
  113.00   68.95  131.81   0.0010000
  -17.28  163.56   33.11   0.0010000
  -48.80   96.24 -175.38   0.0010000
  135.04  143.21  -27.32   0.0010000
  118.58   48.84  161.56   0.0010000
 -117.67   57.07  -59.45   0.0010000
  -71.07   24.18  -79.44   0.0010000
   11.10  126.87  -77.81   0.0010000
   63.40   79.92  -88.04   0.0010000
 -102.60  155.53 -121.35   0.0010000
  -13.70   58.10  -63.85   0.0010000
   71.93   32.93  -66.46   0.0010000
  -43.63   62.21   81.82   0.0010000
  -96.07   56.78  -83.99   0.0010000
   17.04  132.31  126.73   0.0010000
 -173.43  144.04  140.11   0.0010000
  165.63   37.00  132.82   0.0010000
  -90.25  127.18  -21.35   0.0010000
   38.82   90.45  179.81   0.0010000
    8.57  100.79  -43.27   0.0010000
   90.60   50.34 -138.12   0.0010000
  166.82  139.26  127.67   0.0010000
  117.82   78.77  110.93   0.0010000
  140.99  157.25  141.02   0.0010000
  130.15   79.07  -69.37   0.0010000
 -123.28  105.93  -76.90   0.0010000
  134.91   46.55  149.64   0.0010000
   40.86   77.69   73.86   0.0010000
 -166.21  139.12 -130.26   0.0010000
  -92.21  139.20  -73.05   0.0010000
 -171.46   53.34 -123.32   0.0010000
   89.01   46.44   28.25   0.0010000
   75.18   59.54  -64.08   0.0010000
   73.86   26.20  -77.64   0.0010000
 -123.37   39.38   91.73   0.0010000
 -162.59   96.28   19.82   0.0010000
 -135.20   35.92  -42.28   0.0010000
   60.62   59.81 -165.28   0.0010000
 -147.41   99.51  -49.46   0.0010000
 -164.17  119.67  -77.99   0.0010000
 -123.80  121.99 -160.09   0.0010000
 -118.85   62.94  156.76   0.0010000
  -91.07   71.17   49.92   0.0010000
 -158.82  102.73   52.00   0.0010000
  130.79  148.06  -41.43   0.0010000
  -44.80   71.56 -111.42   0.0010000
   10.88   89.29  -96.70   0.0010000
  136.41  149.32  -83.77   0.0010000
  -13.96   56.66 -152.65   0.0010000
  -73.79  107.51   27.40   0.0010000
  -53.32   70.60 -155.76   0.0010000
  161.74   44.01 -144.22   0.0010000
  -15.32  174.27 -142.82   0.0010000
   75.73  133.88  150.11   0.0010000
  115.82   81.53 -174.11   0.0010000
    7.99  126.26 -145.45   0.0010000
  132.62  134.27 -120.64   0.0010000
   -8.91   64.28   57.91   0.0010000
 -103.65  113.99  166.09   0.0010000
 -146.02  124.45   11.30   0.0010000
 -162.32  114.69  -66.12   0.0010000
  -74.77  157.41  143.96   0.0010000
    5.08   65.71   24.71   0.0010000
  161.90  116.37   78.64   0.0010000
   67.96   59.14 -150.17   0.0010000
  179.94  140.02 -143.89   0.0010000
  -88.91   41.79  -92.81   0.0010000
  157.83  106.34  -28.65   0.0010000
   40.14   11.88 -152.09   0.0010000
   63.93   54.53  129.23   0.0010000
 -142.28   46.34  -12.68   0.0010000
  -82.36   55.48  160.34   0.0010000
 -144.04   89.93    8.45   0.0010000
   94.11  109.54  100.15   0.0010000
   54.52   97.07  -17.47   0.0010000
   -3.23   80.57   38.78   0.0010000
    0.63  113.35  120.63   0.0010000
   22.74  176.04 -176.59   0.0010000
  -85.77  140.86  114.66   0.0010000
  157.74   22.04 -131.36   0.0010000
   83.00  108.34  -71.22   0.0010000
  -67.22  108.09  169.66   0.0010000
  138.61   40.26   91.05   0.0010000
 -160.44   22.36  -52.66   0.0010000
   74.64  117.07   46.85   0.0010000
  135.85   40.49   29.52   0.0010000
  167.62  101.39 -152.98   0.0010000
 -163.11   31.40 -138.68   0.0010000
  125.11  118.78 -121.58   0.0010000
  -91.31   54.63  -51.41   0.0010000
 -101.22   64.18  107.22   0.0010000
  152.86   83.09   80.34   0.0010000
  -67.53   64.08 -154.34   0.0010000
   32.35   97.68  124.31   0.0010000
 -169.30   75.95   60.59   0.0010000
   -3.36  100.06  -23.03   0.0010000
  -15.53  138.39   41.36   0.0010000
   52.55   50.70  110.51   0.0010000
   16.41  110.14  104.94   0.0010000
 -143.56   14.18 -151.48   0.0010000
  -48.71   84.43  141.94   0.0010000
  -31.58   56.29   23.66   0.0010000
   14.20  141.22  147.41   0.0010000
 -118.48  136.18  -35.04   0.0010000
  147.08   20.95  142.41   0.0010000
  -35.26  115.04 -115.30   0.0010000
   58.80  110.64 -127.61   0.0010000
 -131.88  111.89  -65.72   0.0010000
   29.30  156.14  137.04   0.0010000
  -86.30  138.40   16.83   0.0010000
  -72.09   65.46   24.42   0.0010000
 -114.13  146.31  -31.78   0.0010000
 -164.43   42.31 -135.26   0.0010000
    1.40   65.16  141.83   0.0010000
   39.83   84.91   -4.24   0.0010000
 -158.87  106.82 -122.45   0.0010000
   28.55   41.42   -6.51   0.0010000
  146.16   15.68 -149.50   0.0010000
  117.25   79.40 -173.85   0.0010000
  -95.85   43.40  126.50   0.0010000
 -103.94   78.30  171.95   0.0010000
  106.00  111.12  121.61   0.0010000
  145.03  157.56 -140.61   0.0010000
 -126.43  107.32   11.12   0.0010000
 -133.37   74.17   74.39   0.0010000
   49.95   59.12   71.86   0.0010000
  144.79  161.36  -56.44   0.0010000
 -166.02   92.24  -44.69   0.0010000
  -57.04  123.06    0.31   0.0010000
  111.18   89.18   -5.62   0.0010000
   32.00  113.81   52.97   0.0010000
   -5.94  118.32   48.99   0.0010000
 -123.63  107.02  -73.50   0.0010000
