   STRAIN    AVACS    MODE1    MODE2
   0.0000   3.6521   0.6793   0.3207
   0.0010   3.4129   0.6973   0.3027
   0.0020   3.3024   0.7032   0.2968
   0.0030   3.2418   0.7070   0.2930
   0.0040   3.2179   0.7098   0.2902
   0.0050   3.1950   0.7121   0.2879
   0.0060   3.1790   0.7141   0.2859
   0.0070   3.1638   0.7157   0.2843
   0.0080   3.1465   0.7172   0.2828
   0.0090   3.1319   0.7185   0.2815
   0.0100   3.1203   0.7196   0.2804
   0.0110   3.1076   0.7206   0.2794
   0.0120   3.0956   0.7216   0.2784
   0.0130   3.0812   0.7225   0.2775
   0.0140   3.0710   0.7233   0.2767
   0.0150   3.0601   0.7241   0.2759
   0.0160   3.0549   0.7248   0.2752
   0.0170   3.0435   0.7255   0.2745
   0.0180   3.0300   0.7261   0.2739
   0.0190   3.0167   0.7267   0.2733
   0.0200   2.9967   0.7273   0.2727
   0.0210   2.9962   0.7278   0.2722
   0.0220   2.9894   0.7283   0.2717
   0.0230   2.9774   0.7288   0.2712
   0.0240   2.9704   0.7293   0.2707
   0.0250   2.9701   0.7297   0.2703
   0.0260   2.9568   0.7301   0.2699
   0.0270   2.9521   0.7305   0.2695
   0.0280   2.9477   0.7309   0.2691
   0.0290   2.9363   0.7313   0.2687
   0.0300   2.9279   0.7316   0.2684
   0.0310   2.9320   0.7319   0.2681
   0.0320   2.9295   0.7323   0.2677
   0.0330   2.9217   0.7326   0.2674
   0.0340   2.9212   0.7329   0.2671
   0.0350   2.9121   0.7331   0.2669
   0.0360   2.8996   0.7334   0.2666
   0.0370   2.9169   0.7337   0.2663
   0.0380   2.9049   0.7339   0.2661
   0.0390   2.9052   0.7342   0.2658
   0.0400   2.9041   0.7344   0.2656
   0.0410   2.8987   0.7346   0.2654
   0.0420   2.8973   0.7348   0.2652
   0.0430   2.8981   0.7350   0.2650
   0.0440   2.8969   0.7352   0.2648
   0.0450   2.9020   0.7354   0.2646
   0.0460   2.8911   0.7356   0.2644
   0.0470   2.8862   0.7357   0.2643
   0.0480   2.8853   0.7359   0.2641
   0.0490   2.8820   0.7361   0.2639
   0.0500   2.8794   0.7362   0.2638
   0.0510   2.8786   0.7364   0.2636
   0.0520   2.8665   0.7365   0.2635
   0.0530   2.8689   0.7366   0.2634
   0.0540   2.8699   0.7368   0.2632
   0.0550   2.8686   0.7369   0.2631
   0.0560   2.8859   0.7370   0.2630
   0.0570   2.8880   0.7372   0.2628
   0.0580   2.8778   0.7373   0.2627
   0.0590   2.8965   0.7374   0.2626
   0.0600   2.9010   0.7375   0.2625
   0.0610   2.8937   0.7376   0.2624
   0.0620   2.8944   0.7377   0.2623
   0.0630   2.9086   0.7378   0.2622
   0.0640   2.9069   0.7379   0.2621
   0.0650   2.8972   0.7380   0.2620
   0.0660   2.9004   0.7381   0.2619
   0.0670   2.9002   0.7382   0.2618
   0.0680   2.8894   0.7383   0.2617
   0.0690   2.8861   0.7384   0.2616
   0.0700   2.8828   0.7385   0.2615
   0.0710   2.8877   0.7385   0.2615
   0.0720   2.8639   0.7386   0.2614
   0.0730   2.8653   0.7387   0.2613
   0.0740   2.8533   0.7387   0.2613
   0.0750   2.8410   0.7388   0.2612
   0.0760   2.8261   0.7389   0.2611
   0.0770   2.8269   0.7390   0.2610
   0.0780   2.8259   0.7390   0.2610
   0.0790   2.8252   0.7391   0.2609
   0.0800   2.8297   0.7392   0.2608
   0.0810   2.8288   0.7393   0.2607
   0.0820   2.8265   0.7393   0.2607
   0.0830   2.8267   0.7394   0.2606
   0.0840   2.8257   0.7395   0.2605
   0.0850   2.8269   0.7395   0.2605
   0.0860   2.8205   0.7396   0.2604
   0.0870   2.8204   0.7396   0.2604
   0.0880   2.8214   0.7397   0.2603
   0.0890   2.8235   0.7398   0.2602
   0.0900   2.8216   0.7398   0.2602
   0.0910   2.8259   0.7399   0.2601
   0.0920   2.8263   0.7399   0.2601
   0.0930   2.8260   0.7400   0.2600
   0.0940   2.8292   0.7400   0.2600
   0.0950   2.8295   0.7400   0.2600
   0.0960   2.8301   0.7401   0.2599
   0.0970   2.8350   0.7401   0.2599
   0.0980   2.8234   0.7401   0.2599
   0.0990   2.8237   0.7402   0.2598
   0.1000   2.8240   0.7402   0.2598
   0.1010   2.8230   0.7402   0.2598
   0.1020   2.8197   0.7402   0.2598
   0.1030   2.8210   0.7403   0.2597
   0.1040   2.8223   0.7403   0.2597
   0.1050   2.8207   0.7403   0.2597
   0.1060   2.8251   0.7403   0.2597
   0.1070   2.8263   0.7403   0.2597
   0.1080   2.8159   0.7403   0.2597
   0.1090   2.8173   0.7403   0.2597
   0.1100   2.8171   0.7403   0.2597
   0.1110   2.8186   0.7403   0.2597
   0.1120   2.8164   0.7403   0.2597
   0.1130   2.8104   0.7403   0.2597
   0.1140   2.8074   0.7403   0.2597
   0.1150   2.8067   0.7403   0.2597
   0.1160   2.8061   0.7403   0.2597
   0.1170   2.8088   0.7403   0.2597
   0.1180   2.8093   0.7402   0.2598
   0.1190   2.8007   0.7402   0.2598
   0.1200   2.8166   0.7402   0.2598
   0.1210   2.8210   0.7402   0.2598
   0.1220   2.8238   0.7402   0.2598
   0.1230   2.8265   0.7402   0.2598
   0.1240   2.8374   0.7402   0.2598
   0.1250   2.8526   0.7402   0.2598
   0.1260   2.8503   0.7401   0.2599
   0.1270   2.8576   0.7401   0.2599
   0.1280   2.8575   0.7401   0.2599
   0.1290   2.8605   0.7401   0.2599
   0.1300   2.8657   0.7401   0.2599
   0.1310   2.8597   0.7401   0.2599
   0.1320   2.8661   0.7400   0.2600
   0.1330   2.8587   0.7400   0.2600
   0.1340   2.8631   0.7400   0.2600
   0.1350   2.8797   0.7400   0.2600
   0.1360   2.8920   0.7400   0.2600
   0.1370   2.8962   0.7400   0.2600
   0.1380   2.8984   0.7399   0.2601
   0.1390   2.9002   0.7400   0.2600
   0.1400   2.8945   0.7400   0.2600
   0.1410   2.8998   0.7399   0.2601
   0.1420   2.8974   0.7399   0.2601
   0.1430   2.8923   0.7399   0.2601
   0.1440   2.8918   0.7399   0.2601
   0.1450   2.8923   0.7399   0.2601
   0.1460   2.8838   0.7399   0.2601
   0.1470   2.8992   0.7399   0.2601
   0.1480   2.8831   0.7399   0.2601
   0.1490   2.8876   0.7399   0.2601
   0.1500   2.8816   0.7398   0.2602
   0.1510   2.8906   0.7399   0.2601
   0.1520   2.8900   0.7399   0.2601
   0.1530   2.8899   0.7398   0.2602
   0.1540   2.8876   0.7399   0.2601
   0.1550   2.8893   0.7399   0.2601
   0.1560   2.8900   0.7398   0.2602
   0.1570   2.8976   0.7398   0.2602
   0.1580   2.9006   0.7399   0.2601
   0.1590   2.9048   0.7398   0.2602
   0.1600   2.9140   0.7398   0.2602
   0.1610   2.9050   0.7399   0.2601
   0.1620   2.9065   0.7398   0.2602
   0.1630   2.9062   0.7398   0.2602
   0.1640   2.9063   0.7399   0.2601
   0.1650   2.9045   0.7398   0.2602
   0.1660   2.9079   0.7399   0.2601
   0.1670   2.9039   0.7399   0.2601
   0.1680   2.8993   0.7399   0.2601
   0.1690   2.8931   0.7399   0.2601
   0.1700   2.8904   0.7399   0.2601
   0.1710   2.8882   0.7399   0.2601
   0.1720   2.8876   0.7400   0.2600
   0.1730   2.8875   0.7399   0.2601
   0.1740   2.8848   0.7399   0.2601
   0.1750   2.8787   0.7399   0.2601
   0.1760   2.8842   0.7399   0.2601
   0.1770   2.8826   0.7400   0.2600
   0.1780   2.8818   0.7399   0.2601
   0.1790   2.8834   0.7399   0.2601
   0.1800   2.8860   0.7399   0.2601
   0.1810   2.8853   0.7400   0.2600
   0.1820   2.8858   0.7400   0.2600
   0.1830   2.8813   0.7400   0.2600
   0.1840   2.8835   0.7399   0.2601
   0.1850   2.8869   0.7400   0.2600
   0.1860   2.8903   0.7400   0.2600
   0.1870   2.8918   0.7399   0.2601
   0.1880   2.8869   0.7400   0.2600
   0.1890   2.8812   0.7400   0.2600
   0.1900   2.8799   0.7400   0.2600
   0.1910   2.8853   0.7400   0.2600
   0.1920   2.8869   0.7400   0.2600
   0.1930   2.8881   0.7400   0.2600
   0.1940   2.8876   0.7400   0.2600
   0.1950   2.8874   0.7400   0.2600
   0.1960   2.8862   0.7400   0.2600
   0.1970   2.8845   0.7400   0.2600
   0.1980   2.8903   0.7400   0.2600
   0.1990   2.8887   0.7400   0.2600
   0.2000   2.8963   0.7400   0.2600
   0.2010   2.8961   0.7400   0.2600
   0.2020   2.8970   0.7400   0.2600
   0.2030   2.8954   0.7400   0.2600
   0.2040   2.8756   0.7400   0.2600
   0.2050   2.8888   0.7400   0.2600
   0.2060   2.8873   0.7399   0.2601
   0.2070   2.9011   0.7399   0.2601
   0.2080   2.9037   0.7399   0.2601
   0.2090   2.9105   0.7399   0.2601
   0.2100   2.9098   0.7399   0.2601
   0.2110   2.9088   0.7398   0.2602
   0.2120   2.9224   0.7398   0.2602
   0.2130   2.9226   0.7398   0.2602
   0.2140   2.9223   0.7397   0.2603
   0.2150   2.9200   0.7397   0.2603
   0.2160   2.9191   0.7397   0.2603
   0.2170   2.9197   0.7396   0.2604
   0.2180   2.9200   0.7396   0.2604
   0.2190   2.9368   0.7396   0.2604
   0.2200   2.9381   0.7395   0.2605
   0.2210   2.9362   0.7395   0.2605
   0.2220   2.9373   0.7394   0.2606
   0.2230   2.9329   0.7394   0.2606
   0.2240   2.9314   0.7393   0.2607
   0.2250   2.9348   0.7393   0.2607
   0.2260   2.9351   0.7392   0.2608
   0.2270   2.9348   0.7391   0.2609
   0.2280   2.9378   0.7391   0.2609
   0.2290   2.9407   0.7390   0.2610
   0.2300   2.9446   0.7390   0.2610
   0.2310   2.9425   0.7389   0.2611
   0.2320   2.9406   0.7388   0.2612
   0.2330   2.9521   0.7388   0.2612
   0.2340   2.9563   0.7387   0.2613
   0.2350   2.9580   0.7386   0.2614
   0.2360   2.9575   0.7385   0.2615
   0.2370   2.9582   0.7385   0.2615
   0.2380   2.9589   0.7383   0.2617
   0.2390   2.9550   0.7382   0.2618
   0.2400   2.9551   0.7381   0.2619
   0.2410   2.9570   0.7381   0.2619
   0.2420   2.9554   0.7380   0.2620
   0.2430   2.9602   0.7379   0.2621
   0.2440   2.9612   0.7378   0.2622
   0.2450   2.9564   0.7377   0.2623
   0.2460   2.9646   0.7376   0.2624
   0.2470   2.9653   0.7376   0.2624
   0.2480   2.9691   0.7375   0.2625
   0.2490   2.9818   0.7374   0.2626
   0.2500   2.9840   0.7373   0.2627
   0.2510   2.9867   0.7372   0.2628
   0.2520   2.9879   0.7371   0.2629
   0.2530   2.9930   0.7370   0.2630
   0.2540   2.9846   0.7369   0.2631
   0.2550   2.9915   0.7368   0.2632
   0.2560   2.9907   0.7367   0.2633
   0.2570   2.9904   0.7366   0.2634
   0.2580   2.9852   0.7366   0.2634
   0.2590   2.9860   0.7365   0.2635
   0.2600   2.9851   0.7364   0.2636
   0.2610   2.9835   0.7363   0.2637
   0.2620   2.9719   0.7362   0.2638
   0.2630   2.9684   0.7361   0.2639
   0.2640   2.9680   0.7360   0.2640
   0.2650   2.9648   0.7359   0.2641
   0.2660   2.9713   0.7358   0.2642
   0.2670   2.9721   0.7357   0.2643
   0.2680   2.9742   0.7356   0.2644
   0.2690   2.9722   0.7355   0.2645
   0.2700   2.9759   0.7354   0.2646
   0.2710   2.9947   0.7353   0.2647
   0.2720   2.9822   0.7352   0.2648
   0.2730   2.9783   0.7351   0.2649
   0.2740   2.9792   0.7351   0.2649
   0.2750   2.9784   0.7350   0.2650
   0.2760   2.9784   0.7349   0.2651
   0.2770   2.9749   0.7348   0.2652
   0.2780   2.9713   0.7347   0.2653
   0.2790   2.9720   0.7346   0.2654
   0.2800   2.9755   0.7345   0.2655
   0.2810   2.9757   0.7344   0.2656
   0.2820   2.9683   0.7343   0.2657
   0.2830   2.9761   0.7342   0.2658
   0.2840   2.9767   0.7341   0.2659
   0.2850   2.9771   0.7340   0.2660
   0.2860   2.9752   0.7339   0.2661
   0.2870   2.9678   0.7338   0.2662
   0.2880   2.9681   0.7337   0.2663
   0.2890   2.9685   0.7336   0.2664
   0.2900   2.9795   0.7335   0.2665
   0.2910   2.9818   0.7334   0.2666
   0.2920   2.9835   0.7333   0.2667
   0.2930   2.9854   0.7332   0.2668
   0.2940   2.9743   0.7331   0.2669
   0.2950   2.9764   0.7330   0.2670
   0.2960   2.9730   0.7329   0.2671
   0.2970   2.9792   0.7328   0.2672
   0.2980   2.9945   0.7327   0.2673
   0.2990   2.9930   0.7326   0.2674
   0.3000   2.9949   0.7325   0.2675
   STRAIN    AVACS    MODE1    MODE2
   0.3000   2.9947   0.7325   0.2675
   0.3010   3.1336   0.7243   0.2757
   0.3020   2.9312   0.7310   0.2690
   0.3030   2.9374   0.7310   0.2690
   0.3040   2.9352   0.7310   0.2690
   0.3050   2.9425   0.7309   0.2691
   0.3060   2.9331   0.7309   0.2691
   0.3070   2.9409   0.7308   0.2692
   0.3080   2.9330   0.7307   0.2693
   0.3090   2.9297   0.7306   0.2694
   0.3100   2.9369   0.7306   0.2694
   0.3110   2.9394   0.7305   0.2695
   0.3120   2.9468   0.7304   0.2696
   0.3130   2.9490   0.7304   0.2696
   0.3140   2.9397   0.7303   0.2697
   0.3150   2.9387   0.7303   0.2697
   0.3160   2.9461   0.7303   0.2697
   0.3170   2.9479   0.7303   0.2697
   0.3180   2.9670   0.7303   0.2697
   0.3190   2.9661   0.7303   0.2697
   0.3200   2.9694   0.7303   0.2697
   0.3210   2.9744   0.7299   0.2701
   0.3220   2.9722   0.7303   0.2697
   0.3230   2.9722   0.7303   0.2697
   0.3240   2.9732   0.7303   0.2697
   0.3250   2.9767   0.7303   0.2697
   0.3260   2.9793   0.7302   0.2698
   0.3270   2.9788   0.7305   0.2695
   0.3280   2.9821   0.7305   0.2695
   0.3290   2.9984   0.7324   0.2676
   0.3300   2.9839   0.7306   0.2694
   0.3310   2.9904   0.7314   0.2686
   0.3320   2.9855   0.7310   0.2690
   0.3330   2.9878   0.7307   0.2693
   0.3340   2.9849   0.7305   0.2695
   0.3350   2.9900   0.7307   0.2693
   0.3360   2.9866   0.7314   0.2686
   0.3370   2.9848   0.7313   0.2687
   0.3380   2.9877   0.7316   0.2684
   0.3390   2.9833   0.7313   0.2687
   0.3400   2.9874   0.7317   0.2683
   0.3410   3.0022   0.7256   0.2744
   0.3420   2.9975   0.7293   0.2707
   0.3430   2.9905   0.7300   0.2700
   0.3440   2.9908   0.7320   0.2680
   0.3450   2.9936   0.7324   0.2676
   0.3460   2.9948   0.7324   0.2676
   0.3470   2.9978   0.7335   0.2665
   0.3480   2.9958   0.7324   0.2676
   0.3490   2.9811   0.7330   0.2670
   0.3500   2.9814   0.7324   0.2676
   0.3510   2.9862   0.7329   0.2671
   0.3520   2.9851   0.7329   0.2671
   0.3530   2.9899   0.7326   0.2674
   0.3540   2.9887   0.7320   0.2680
   0.3550   2.9824   0.7334   0.2666
   0.3560   2.9809   0.7332   0.2668
   0.3570   2.9777   0.7337   0.2663
   0.3580   2.9761   0.7339   0.2661
   0.3590   2.9656   0.7340   0.2660
   0.3600   2.9648   0.7341   0.2659
   0.3610   2.9643   0.7343   0.2657
   0.3620   2.9719   0.7349   0.2651
   0.3630   2.9674   0.7354   0.2646
   0.3640   2.9636   0.7357   0.2643
   0.3650   2.9598   0.7370   0.2630
   0.3660   2.9720   0.7353   0.2647
   0.3670   2.9622   0.7339   0.2661
   0.3680   2.9577   0.7335   0.2665
   0.3690   2.9560   0.7346   0.2654
   0.3700   2.9458   0.7347   0.2653
   0.3710   2.9439   0.7351   0.2649
   0.3720   2.9257   0.7347   0.2653
   0.3730   2.9267   0.7353   0.2647
   0.3740   2.9276   0.7350   0.2650
   0.3750   2.9282   0.7362   0.2638
   0.3760   2.9267   0.7362   0.2638
   0.3770   2.9148   0.7378   0.2622
   0.3780   2.9255   0.7369   0.2631
   0.3790   2.9240   0.7364   0.2636
   0.3800   2.9242   0.7356   0.2644
   0.3810   2.9190   0.7370   0.2630
   0.3820   2.9245   0.7367   0.2633
   0.3830   2.9241   0.7370   0.2630
   0.3840   2.9338   0.7372   0.2628
   0.3850   2.9245   0.7353   0.2647
   0.3860   2.9200   0.7372   0.2628
   0.3870   2.9365   0.7313   0.2687
   0.3880   2.9083   0.7382   0.2618
   0.3890   2.9199   0.7368   0.2632
   0.3900   2.9132   0.7379   0.2621
   0.3910   2.9397   0.7358   0.2642
   0.3920   2.9369   0.7374   0.2626
   0.3930   2.9447   0.7310   0.2690
   0.3940   2.9252   0.7397   0.2603
   0.3950   2.9382   0.7371   0.2629
   0.3960   2.9384   0.7380   0.2620
   0.3970   2.9337   0.7384   0.2616
   0.3980   2.9289   0.7386   0.2614
   0.3990   2.9280   0.7385   0.2615
   0.4000   2.9302   0.7401   0.2599
   0.4010   2.9250   0.7362   0.2638
   0.4020   2.9276   0.7390   0.2610
   0.4030   2.9251   0.7393   0.2607
   0.4040   2.9239   0.7399   0.2601
   0.4050   2.9262   0.7397   0.2603
   0.4060   2.9308   0.7402   0.2598
   0.4070   2.9357   0.7368   0.2632
   0.4080   2.9325   0.7400   0.2600
   0.4090   2.9307   0.7370   0.2630
   0.4100   2.9272   0.7403   0.2597
   0.4110   2.9302   0.7394   0.2606
   0.4120   2.9253   0.7399   0.2601
   0.4130   2.9223   0.7405   0.2595
   0.4140   2.9655   0.7305   0.2695
   0.4150   2.9106   0.7415   0.2585
   0.4160   2.9252   0.7340   0.2660
   0.4170   2.8994   0.7423   0.2577
   0.4180   2.9527   0.7316   0.2684
   0.4190   2.8984   0.7426   0.2574
   0.4200   2.9176   0.7390   0.2610
   0.4210   2.9124   0.7422   0.2578
   0.4220   2.9166   0.7366   0.2634
   0.4230   2.9054   0.7433   0.2567
   0.4240   2.9184   0.7413   0.2587
   0.4250   2.9013   0.7424   0.2576
   0.4260   2.9155   0.7404   0.2596
   0.4270   2.8973   0.7442   0.2558
   0.4280   2.9236   0.7404   0.2596
   0.4290   2.9480   0.7374   0.2626
   0.4300   2.9198   0.7435   0.2565
   0.4310   2.9435   0.7316   0.2684
   0.4320   2.9187   0.7385   0.2615
   0.4330   2.9394   0.7407   0.2593
   0.4340   2.9217   0.7435   0.2565
   0.4350   2.9111   0.7424   0.2576
   0.4360   2.9124   0.7434   0.2566
   0.4370   2.9048   0.7417   0.2583
   0.4380   2.9104   0.7429   0.2571
   0.4390   2.9107   0.7438   0.2562
   0.4400   2.8991   0.7443   0.2557
   0.4410   2.9049   0.7442   0.2558
   0.4420   2.9253   0.7417   0.2583
   0.4430   2.9159   0.7442   0.2558
   0.4440   2.9393   0.7393   0.2607
   0.4450   2.9121   0.7451   0.2549
   0.4460   2.9298   0.7414   0.2586
   0.4470   2.9032   0.7437   0.2563
   0.4480   2.9136   0.7440   0.2560
   0.4490   2.9215   0.7449   0.2551
   0.4500   2.9176   0.7433   0.2567
   0.4510   2.9166   0.7440   0.2560
   0.4520   2.9193   0.7427   0.2573
   0.4530   2.9144   0.7447   0.2553
   0.4540   2.9253   0.7366   0.2634
   0.4550   2.8954   0.7443   0.2557
   0.4560   2.9370   0.7329   0.2671
   0.4570   2.8664   0.7452   0.2548
   0.4580   2.8732   0.7443   0.2557
   0.4590   2.8675   0.7441   0.2559
   0.4600   2.8653   0.7427   0.2573
   0.4610   2.8556   0.7458   0.2542
   0.4620   2.9058   0.7326   0.2674
   0.4630   2.8630   0.7449   0.2551
   0.4640   2.8879   0.7328   0.2672
   0.4650   2.8558   0.7452   0.2548
   0.4660   2.8762   0.7424   0.2576
   0.4670   2.8489   0.7453   0.2547
   0.4680   2.8632   0.7415   0.2585
   0.4690   2.8389   0.7456   0.2544
   0.4700   2.8385   0.7458   0.2542
   0.4710   2.8445   0.7451   0.2549
   0.4720   2.8448   0.7453   0.2547
   0.4730   2.8509   0.7401   0.2599
   0.4740   2.8299   0.7458   0.2542
   0.4750   2.8254   0.7436   0.2564
   0.4760   2.8278   0.7449   0.2551
   0.4770   2.8311   0.7435   0.2565
   0.4780   2.8093   0.7460   0.2540
   0.4790   2.8068   0.7448   0.2552
   0.4800   2.8018   0.7453   0.2547
   0.4810   2.8009   0.7461   0.2539
   0.4820   2.8201   0.7400   0.2600
   0.4830   2.8010   0.7462   0.2538
   0.4840   2.8032   0.7469   0.2531
   0.4850   2.8081   0.7444   0.2556
   0.4860   2.8092   0.7461   0.2539
   0.4870   2.7957   0.7423   0.2577
   0.4880   2.8083   0.7460   0.2540
   0.4890   2.7914   0.7409   0.2591
   0.4900   2.7988   0.7450   0.2550
   0.4910   2.7931   0.7472   0.2528
   0.4920   2.7933   0.7461   0.2539
   0.4930   2.7962   0.7462   0.2538
   0.4940   2.8012   0.7461   0.2539
   0.4950   2.8054   0.7478   0.2522
   0.4960   2.8041   0.7454   0.2546
   0.4970   2.8128   0.7472   0.2528
   0.4980   2.8031   0.7464   0.2536
   0.4990   2.8178   0.7458   0.2542
   0.5000   2.8174   0.7458   0.2542
   0.5010   2.8301   0.7461   0.2539
   0.5020   2.8376   0.7448   0.2552
   0.5030   2.8190   0.7464   0.2536
   0.5040   2.8168   0.7436   0.2564
   0.5050   2.8166   0.7460   0.2540
   0.5060   2.8146   0.7440   0.2560
   0.5070   2.8100   0.7438   0.2562
   0.5080   2.8242   0.7453   0.2547
   0.5090   2.8146   0.7461   0.2539
   0.5100   2.8075   0.7458   0.2542
   0.5110   2.8061   0.7459   0.2541
   0.5120   2.8183   0.7435   0.2565
   0.5130   2.8051   0.7473   0.2527
   0.5140   2.8026   0.7453   0.2547
   0.5150   2.8036   0.7454   0.2546
   0.5160   2.8175   0.7460   0.2540
   0.5170   2.8000   0.7456   0.2544
   0.5180   2.8003   0.7458   0.2542
   0.5190   2.7988   0.7453   0.2547
   0.5200   2.8159   0.7462   0.2538
   0.5210   2.8146   0.7449   0.2551
   0.5220   2.8022   0.7448   0.2552
   0.5230   2.8166   0.7466   0.2534
   0.5240   2.8362   0.7432   0.2568
   0.5250   2.8143   0.7456   0.2544
   0.5260   2.8461   0.7410   0.2590
   0.5270   2.8405   0.7443   0.2557
   0.5280   2.8675   0.7369   0.2631
   0.5290   2.8193   0.7468   0.2532
   0.5300   2.8234   0.7455   0.2545
   0.5310   2.8235   0.7457   0.2543
   0.5320   2.8267   0.7453   0.2547
   0.5330   2.8277   0.7459   0.2541
   0.5340   2.8171   0.7450   0.2550
   0.5350   2.8222   0.7414   0.2586
   0.5360   2.8171   0.7455   0.2545
   0.5370   2.8199   0.7450   0.2550
   0.5380   2.8080   0.7460   0.2540
   0.5390   2.8133   0.7443   0.2557
   0.5400   2.8126   0.7437   0.2563
   0.5410   2.8163   0.7346   0.2654
   0.5420   2.8088   0.7445   0.2555
   0.5430   2.8155   0.7452   0.2548
   0.5440   2.8073   0.7449   0.2551
   0.5450   2.8183   0.7445   0.2555
   0.5460   2.8129   0.7444   0.2556
   0.5470   2.8167   0.7440   0.2560
   0.5480   2.8297   0.7397   0.2603
   0.5490   2.8104   0.7451   0.2549
   0.5500   2.8321   0.7423   0.2577
   0.5510   2.8016   0.7447   0.2553
   0.5520   2.8119   0.7456   0.2544
   0.5530   2.8069   0.7448   0.2552
   0.5540   2.8004   0.7454   0.2546
   0.5550   2.7990   0.7445   0.2555
   0.5560   2.7942   0.7456   0.2544
   0.5570   2.8019   0.7458   0.2542
   0.5580   2.7966   0.7449   0.2551
   0.5590   2.7968   0.7453   0.2547
   0.5600   2.7964   0.7449   0.2551
   0.5610   2.8000   0.7450   0.2550
   0.5620   2.8026   0.7449   0.2551
   0.5630   2.7980   0.7445   0.2555
   0.5640   2.7881   0.7451   0.2549
   0.5650   2.7853   0.7444   0.2556
   0.5660   2.7851   0.7448   0.2552
   0.5670   2.7919   0.7438   0.2562
   0.5680   2.7862   0.7444   0.2556
   0.5690   2.7868   0.7442   0.2558
   0.5700   2.7820   0.7447   0.2553
   0.5710   2.7910   0.7445   0.2555
   0.5720   2.7884   0.7432   0.2568
   0.5730   2.7849   0.7445   0.2555
   0.5740   2.7932   0.7442   0.2558
   0.5750   2.7921   0.7451   0.2549
   0.5760   2.7862   0.7451   0.2549
   0.5770   2.7833   0.7444   0.2556
   0.5780   2.7865   0.7436   0.2564
   0.5790   2.7900   0.7443   0.2557
   0.5800   2.7873   0.7452   0.2548
   0.5810   2.7856   0.7442   0.2558
   0.5820   2.7893   0.7443   0.2557
   0.5830   2.7938   0.7436   0.2564
   0.5840   2.7991   0.7441   0.2559
   0.5850   2.8237   0.7437   0.2563
   0.5860   2.8176   0.7440   0.2560
   0.5870   2.8253   0.7436   0.2564
   0.5880   2.8342   0.7439   0.2561
   0.5890   2.8245   0.7447   0.2553
   0.5900   2.8256   0.7439   0.2561
   0.5910   2.8212   0.7438   0.2562
   0.5920   2.8213   0.7447   0.2553
   0.5930   2.8149   0.7436   0.2564
   0.5940   2.8241   0.7439   0.2561
   0.5950   2.8218   0.7436   0.2564
   0.5960   2.8207   0.7436   0.2564
   0.5970   2.8235   0.7435   0.2565
   0.5980   2.8228   0.7436   0.2564
   0.5990   2.8295   0.7434   0.2566
   0.6000   2.8026   0.7432   0.2568
   0.6010   2.8273   0.7434   0.2566
   0.6020   2.8236   0.7423   0.2577
   0.6030   2.8311   0.7434   0.2566
   0.6040   2.8320   0.7433   0.2567
   0.6050   2.8283   0.7433   0.2567
   0.6060   2.8369   0.7433   0.2567
   0.6070   2.8378   0.7432   0.2568
   0.6080   2.8333   0.7433   0.2567
   0.6090   2.8353   0.7410   0.2590
   0.6100   2.8388   0.7429   0.2571
   0.6110   2.8418   0.7423   0.2577
   0.6120   2.8769   0.7430   0.2570
   0.6130   2.8802   0.7430   0.2570
   0.6140   2.8843   0.7430   0.2570
   0.6150   2.8887   0.7428   0.2572
   0.6160   2.8805   0.7429   0.2571
   0.6170   2.8831   0.7431   0.2569
   0.6180   2.8940   0.7407   0.2593
   0.6190   2.8937   0.7427   0.2573
   0.6200   2.9039   0.7428   0.2572
   0.6210   2.8961   0.7426   0.2574
   0.6220   2.8780   0.7425   0.2575
   0.6230   2.8781   0.7425   0.2575
   0.6240   2.8840   0.7425   0.2575
   0.6250   2.8823   0.7424   0.2576
   0.6260   2.8876   0.7417   0.2583
   0.6270   2.8852   0.7423   0.2577
   0.6280   2.8914   0.7422   0.2578
   0.6290   2.8942   0.7422   0.2578
   0.6300   2.8939   0.7422   0.2578
   0.6310   2.8929   0.7399   0.2601
   0.6320   2.9042   0.7420   0.2580
   0.6330   2.9051   0.7415   0.2585
   0.6340   2.8897   0.7419   0.2581
   0.6350   2.8953   0.7416   0.2584
   0.6360   2.8904   0.7418   0.2582
   0.6370   2.8927   0.7417   0.2583
   0.6380   2.8892   0.7417   0.2583
   0.6390   2.8874   0.7416   0.2584
   0.6400   2.8923   0.7419   0.2581
   0.6410   2.8847   0.7415   0.2585
   0.6420   2.8819   0.7415   0.2585
   0.6430   2.8836   0.7413   0.2587
   0.6440   2.8800   0.7413   0.2587
   0.6450   2.8831   0.7412   0.2588
   0.6460   2.8904   0.7411   0.2589
   0.6470   2.8921   0.7411   0.2589
   0.6480   2.8890   0.7410   0.2590
   0.6490   2.8966   0.7409   0.2591
   0.6500   2.9075   0.7397   0.2603
   0.6510   2.9042   0.7407   0.2593
   0.6520   2.9008   0.7407   0.2593
   0.6530   2.9005   0.7406   0.2594
   0.6540   2.9086   0.7405   0.2595
   0.6550   2.9121   0.7399   0.2601
   0.6560   2.9094   0.7404   0.2596
   0.6570   2.9104   0.7403   0.2597
   0.6580   2.9082   0.7402   0.2598
   0.6590   2.9067   0.7401   0.2599
   0.6600   2.9042   0.7401   0.2599
   0.6610   2.9099   0.7400   0.2600
   0.6620   2.9124   0.7399   0.2601
   0.6630   2.9152   0.7397   0.2603
   0.6640   2.9132   0.7397   0.2603
   0.6650   2.9102   0.7395   0.2605
   0.6660   2.9144   0.7395   0.2605
   0.6670   2.9146   0.7394   0.2606
   0.6680   2.9094   0.7393   0.2607
   0.6690   2.9148   0.7392   0.2608
   0.6700   2.9160   0.7391   0.2609
   0.6710   2.9095   0.7388   0.2612
   0.6720   2.9091   0.7390   0.2610
   0.6730   2.9144   0.7388   0.2612
   0.6740   2.9091   0.7388   0.2612
   0.6750   2.9119   0.7387   0.2613
   0.6760   2.9112   0.7386   0.2614
   0.6770   2.9030   0.7385   0.2615
   0.6780   2.9108   0.7384   0.2616
   0.6790   2.9175   0.7383   0.2617
   0.6800   2.9211   0.7382   0.2618
   0.6810   2.9198   0.7381   0.2619
   0.6820   2.9231   0.7380   0.2620
   0.6830   2.9252   0.7379   0.2621
   0.6840   2.9215   0.7378   0.2622
   0.6850   2.9226   0.7377   0.2623
   0.6860   2.9199   0.7376   0.2624
   0.6870   2.9185   0.7375   0.2625
   0.6880   2.9267   0.7374   0.2626
   0.6890   2.9218   0.7373   0.2627
   0.6900   2.9198   0.7372   0.2628
   0.6910   2.9160   0.7371   0.2629
   0.6920   2.9183   0.7370   0.2630
   0.6930   2.9166   0.7369   0.2631
   0.6940   2.9159   0.7368   0.2632
   0.6950   2.9160   0.7367   0.2633
   0.6960   2.9232   0.7366   0.2634
   0.6970   2.9204   0.7365   0.2635
   0.6980   2.9264   0.7364   0.2636
   0.6990   2.9206   0.7363   0.2637
   0.7000   2.9157   0.7362   0.2638
   0.7010   2.9127   0.7361   0.2639
   0.7020   2.9115   0.7360   0.2640
   0.7030   2.9105   0.7359   0.2641
   0.7040   2.9112   0.7358   0.2642
   0.7050   2.9078   0.7357   0.2643
   0.7060   2.9121   0.7356   0.2644
   0.7070   2.9105   0.7355   0.2645
   0.7080   2.9143   0.7354   0.2646
   0.7090   2.9115   0.7349   0.2651
   0.7100   2.9100   0.7352   0.2648
   0.7110   2.9270   0.7351   0.2649
   0.7120   2.9243   0.7349   0.2651
   0.7130   2.9208   0.7348   0.2652
   0.7140   2.9305   0.7347   0.2653
   0.7150   2.9256   0.7346   0.2654
   0.7160   2.9323   0.7345   0.2655
   0.7170   2.9401   0.7344   0.2656
   0.7180   2.9349   0.7342   0.2658
   0.7190   2.9321   0.7341   0.2659
   0.7200   2.9466   0.7339   0.2661
   0.7210   2.9510   0.7339   0.2661
   0.7220   2.9567   0.7337   0.2663
   0.7230   2.9533   0.7336   0.2664
   0.7240   2.9574   0.7335   0.2665
   0.7250   2.9587   0.7334   0.2666
   0.7260   2.9626   0.7333   0.2667
   0.7270   2.9601   0.7331   0.2669
   0.7280   2.9639   0.7330   0.2670
   0.7290   2.9662   0.7329   0.2671
   0.7300   2.9765   0.7327   0.2673
   0.7310   2.9777   0.7326   0.2674
   0.7320   2.9789   0.7325   0.2675
   0.7330   2.9915   0.7323   0.2677
   0.7340   2.9909   0.7322   0.2678
   0.7350   2.9960   0.7321   0.2679
   0.7360   2.9930   0.7319   0.2681
   0.7370   2.9990   0.7318   0.2682
   0.7380   2.9873   0.7317   0.2683
   0.7390   2.9825   0.7315   0.2685
   0.7400   2.9802   0.7314   0.2686
   0.7410   2.9754   0.7312   0.2688
   0.7420   2.9717   0.7311   0.2689
   0.7430   2.9741   0.7310   0.2690
   0.7440   2.9736   0.7308   0.2692
   0.7450   2.9836   0.7307   0.2693
   0.7460   2.9858   0.7305   0.2695
   0.7470   2.9882   0.7304   0.2696
   0.7480   2.9907   0.7302   0.2698
   0.7490   2.9940   0.7301   0.2699
   0.7500   2.9933   0.7300   0.2700
   0.7510   3.0119   0.7298   0.2702
   0.7520   3.0099   0.7297   0.2703
   0.7530   3.0107   0.7295   0.2705
   0.7540   3.0067   0.7294   0.2706
   0.7550   3.0099   0.7292   0.2708
   0.7560   3.0076   0.7291   0.2709
   0.7570   3.0079   0.7289   0.2711
   0.7580   3.0107   0.7288   0.2712
   0.7590   3.0142   0.7286   0.2714
   0.7600   3.0182   0.7285   0.2715
   0.7610   3.0173   0.7283   0.2717
   0.7620   3.0158   0.7282   0.2718
   0.7630   3.0181   0.7280   0.2720
   0.7640   3.0211   0.7279   0.2721
   0.7650   3.0293   0.7277   0.2723
   0.7660   3.0304   0.7276   0.2724
   0.7670   3.0316   0.7274   0.2726
   0.7680   3.0338   0.7272   0.2728
   0.7690   3.0404   0.7271   0.2729
   0.7700   3.0404   0.7269   0.2731
   0.7710   3.0383   0.7268   0.2732
   0.7720   3.0422   0.7266   0.2734
   0.7730   3.0443   0.7265   0.2735
   0.7740   3.0493   0.7263   0.2737
   0.7750   3.0502   0.7262   0.2738
   0.7760   3.0353   0.7260   0.2740
   0.7770   3.0389   0.7259   0.2741
   0.7780   3.0429   0.7257   0.2743
   0.7790   3.0469   0.7256   0.2744
   0.7800   3.0501   0.7254   0.2746
   0.7810   3.0490   0.7253   0.2747
   0.7820   3.0433   0.7251   0.2749
   0.7830   3.0419   0.7250   0.2750
   0.7840   3.0418   0.7248   0.2752
   0.7850   3.0445   0.7247   0.2753
   0.7860   3.0454   0.7245   0.2755
   0.7870   3.0435   0.7244   0.2756
   0.7880   3.0514   0.7242   0.2758
   0.7890   3.0514   0.7241   0.2759
   0.7900   3.0522   0.7239   0.2761
   0.7910   3.0510   0.7238   0.2762
   0.7920   3.0555   0.7236   0.2764
   0.7930   3.0564   0.7235   0.2765
   0.7940   3.0574   0.7234   0.2766
   0.7950   3.0575   0.7232   0.2768
   0.7960   3.0661   0.7231   0.2769
   0.7970   3.0681   0.7229   0.2771
   0.7980   3.0713   0.7228   0.2772
   0.7990   3.0704   0.7224   0.2776
   0.8000   3.0543   0.7225   0.2775
   0.8010   3.0533   0.7224   0.2776
   0.8020   3.0522   0.7223   0.2777
   0.8030   3.0563   0.7221   0.2779
   0.8040   3.0572   0.7220   0.2780
   0.8050   3.0607   0.7219   0.2781
   0.8060   3.0548   0.7218   0.2782
   0.8070   3.0539   0.7216   0.2784
   0.8080   3.0515   0.7215   0.2785
   0.8090   3.0547   0.7214   0.2786
   0.8100   3.0577   0.7213   0.2787
   0.8110   3.0586   0.7212   0.2788
   0.8120   3.0589   0.7211   0.2789
   0.8130   3.0818   0.7209   0.2791
   0.8140   3.1090   0.7208   0.2792
   0.8150   3.1114   0.7207   0.2793
   0.8160   3.1123   0.7206   0.2794
   0.8170   3.1070   0.7205   0.2795
   0.8180   3.1091   0.7204   0.2796
   0.8190   3.1106   0.7203   0.2797
   0.8200   3.1131   0.7202   0.2798
   0.8210   3.1170   0.7201   0.2799
   0.8220   3.1187   0.7199   0.2801
   0.8230   3.1251   0.7198   0.2802
   0.8240   3.1286   0.7197   0.2803
   0.8250   3.1291   0.7196   0.2804
   0.8260   3.1428   0.7195   0.2805
   0.8270   3.1437   0.7194   0.2806
   0.8280   3.1466   0.7193   0.2807
   0.8290   3.1442   0.7192   0.2808
   0.8300   3.1423   0.7191   0.2809
   0.8310   3.1378   0.7190   0.2810
   0.8320   3.1360   0.7188   0.2812
   0.8330   3.1381   0.7188   0.2812
   0.8340   3.1351   0.7186   0.2814
   0.8350   3.1318   0.7185   0.2815
   0.8360   3.1325   0.7184   0.2816
   0.8370   3.1342   0.7183   0.2817
   0.8380   3.1347   0.7182   0.2818
   0.8390   3.1333   0.7181   0.2819
   0.8400   3.1368   0.7180   0.2820
   0.8410   3.1530   0.7178   0.2822
   0.8420   3.1533   0.7177   0.2823
   0.8430   3.1543   0.7176   0.2824
   0.8440   3.1356   0.7175   0.2825
   0.8450   3.1368   0.7174   0.2826
   0.8460   3.1312   0.7172   0.2828
   0.8470   3.1498   0.7171   0.2829
   0.8480   3.1504   0.7170   0.2830
   0.8490   3.1564   0.7169   0.2831
   0.8500   3.1567   0.7168   0.2832
   0.8510   3.1572   0.7167   0.2833
   0.8520   3.1601   0.7165   0.2835
   0.8530   3.1664   0.7164   0.2836
   0.8540   3.1663   0.7163   0.2837
   0.8550   3.1681   0.7162   0.2838
   0.8560   3.1692   0.7160   0.2840
   0.8570   3.1697   0.7159   0.2841
   0.8580   3.1738   0.7158   0.2842
   0.8590   3.1707   0.7157   0.2843
   0.8600   3.1703   0.7156   0.2844
   0.8610   3.1716   0.7154   0.2846
   0.8620   3.1777   0.7153   0.2847
   0.8630   3.1737   0.7152   0.2848
   0.8640   3.1838   0.7151   0.2849
   0.8650   3.1820   0.7149   0.2851
   0.8660   3.1808   0.7148   0.2852
   0.8670   3.1823   0.7147   0.2853
   0.8680   3.1797   0.7146   0.2854
   0.8690   3.1797   0.7144   0.2856
   0.8700   3.1792   0.7143   0.2857
   0.8710   3.1834   0.7142   0.2858
   0.8720   3.1817   0.7141   0.2859
   0.8730   3.1871   0.7138   0.2862
   0.8740   3.1901   0.7138   0.2862
   0.8750   3.1924   0.7137   0.2863
   0.8760   3.1856   0.7136   0.2864
   0.8770   3.1882   0.7134   0.2866
   0.8780   3.1927   0.7133   0.2867
   0.8790   3.1963   0.7132   0.2868
   0.8800   3.2000   0.7131   0.2869
   0.8810   3.2013   0.7129   0.2871
   0.8820   3.2017   0.7128   0.2872
   0.8830   3.2002   0.7127   0.2873
   0.8840   3.2006   0.7126   0.2874
   0.8850   3.2033   0.7124   0.2876
   0.8860   3.2053   0.7123   0.2877
   0.8870   3.2031   0.7122   0.2878
   0.8880   3.2012   0.7120   0.2880
   0.8890   3.2024   0.7119   0.2881
   0.8900   3.2016   0.7118   0.2882
   0.8910   3.2068   0.7116   0.2884
   0.8920   3.2060   0.7115   0.2885
   0.8930   3.2140   0.7114   0.2886
   0.8940   3.2156   0.7113   0.2887
   0.8950   3.2234   0.7111   0.2889
   0.8960   3.2230   0.7110   0.2890
   0.8970   3.2266   0.7109   0.2891
   0.8980   3.2264   0.7105   0.2895
   0.8990   3.2276   0.7106   0.2894
   0.9000   3.2274   0.7104   0.2896
