    EPSACU     EPSVM   EPSctrl    RHOforest     RHOreverse      RHOtotal       RHOmod1       RHOmod2
    0.0010    0.0012    0.0010    0.1060E+10    0.3357E+12    0.3368E+12    0.2287E+12    0.1081E+12
    0.0020    0.0023    0.0020    0.1906E+10    0.6780E+12    0.6800E+12    0.4680E+12    0.2119E+12
    0.0030    0.0035    0.0030    0.2765E+10    0.1023E+13    0.1026E+13    0.7115E+12    0.3147E+12
    0.0040    0.0046    0.0040    0.3633E+10    0.1370E+13    0.1374E+13    0.9575E+12    0.4166E+12
    0.0050    0.0058    0.0050    0.4511E+10    0.1719E+13    0.1723E+13    0.1205E+13    0.5178E+12
    0.0060    0.0069    0.0060    0.5397E+10    0.2068E+13    0.2073E+13    0.1455E+13    0.6185E+12
    0.0070    0.0081    0.0070    0.6290E+10    0.2417E+13    0.2424E+13    0.1705E+13    0.7186E+12
    0.0080    0.0092    0.0080    0.7191E+10    0.2768E+13    0.2775E+13    0.1957E+13    0.8184E+12
    0.0090    0.0104    0.0090    0.8099E+10    0.3119E+13    0.3127E+13    0.2209E+13    0.9177E+12
    0.0100    0.0115    0.0100    0.9015E+10    0.3470E+13    0.3479E+13    0.2462E+13    0.1017E+13
    0.0110    0.0127    0.0110    0.9938E+10    0.3821E+13    0.3831E+13    0.2716E+13    0.1115E+13
    0.0120    0.0139    0.0120    0.1087E+11    0.4174E+13    0.4184E+13    0.2971E+13    0.1214E+13
    0.0130    0.0150    0.0130    0.1181E+11    0.4526E+13    0.4538E+13    0.3226E+13    0.1312E+13
    0.0140    0.0162    0.0140    0.1275E+11    0.4878E+13    0.4891E+13    0.3481E+13    0.1410E+13
    0.0150    0.0173    0.0150    0.1370E+11    0.5231E+13    0.5244E+13    0.3737E+13    0.1507E+13
    0.0160    0.0185    0.0160    0.1466E+11    0.5583E+13    0.5598E+13    0.3993E+13    0.1605E+13
    0.0170    0.0196    0.0170    0.1562E+11    0.5936E+13    0.5951E+13    0.4249E+13    0.1702E+13
    0.0180    0.0208    0.0180    0.1659E+11    0.6288E+13    0.6304E+13    0.4506E+13    0.1798E+13
    0.0190    0.0219    0.0190    0.1757E+11    0.6640E+13    0.6657E+13    0.4763E+13    0.1895E+13
    0.0200    0.0231    0.0200    0.1855E+11    0.6992E+13    0.7010E+13    0.5019E+13    0.1991E+13
    0.0210    0.0242    0.0210    0.1954E+11    0.7344E+13    0.7363E+13    0.5276E+13    0.2087E+13
    0.0220    0.0254    0.0220    0.2054E+11    0.7696E+13    0.7716E+13    0.5534E+13    0.2183E+13
    0.0230    0.0266    0.0230    0.2154E+11    0.8047E+13    0.8069E+13    0.5791E+13    0.2278E+13
    0.0240    0.0277    0.0240    0.2255E+11    0.8399E+13    0.8421E+13    0.6048E+13    0.2373E+13
    0.0250    0.0289    0.0250    0.2357E+11    0.8750E+13    0.8774E+13    0.6305E+13    0.2468E+13
    0.0260    0.0300    0.0260    0.2459E+11    0.9101E+13    0.9126E+13    0.6562E+13    0.2563E+13
    0.0270    0.0312    0.0270    0.2562E+11    0.9452E+13    0.9477E+13    0.6820E+13    0.2658E+13
    0.0280    0.0323    0.0280    0.2665E+11    0.9802E+13    0.9829E+13    0.7077E+13    0.2752E+13
    0.0290    0.0335    0.0290    0.2770E+11    0.1015E+14    0.1018E+14    0.7334E+13    0.2846E+13
    0.0300    0.0346    0.0300    0.2875E+11    0.1050E+14    0.1053E+14    0.7591E+13    0.2940E+13
    0.0310    0.0358    0.0310    0.2980E+11    0.1085E+14    0.1088E+14    0.7848E+13    0.3033E+13
    0.0320    0.0369    0.0320    0.3086E+11    0.1120E+14    0.1123E+14    0.8105E+13    0.3127E+13
    0.0330    0.0381    0.0330    0.3193E+11    0.1155E+14    0.1158E+14    0.8362E+13    0.3220E+13
    0.0340    0.0393    0.0340    0.3301E+11    0.1190E+14    0.1193E+14    0.8619E+13    0.3313E+13
    0.0350    0.0404    0.0350    0.3409E+11    0.1225E+14    0.1228E+14    0.8875E+13    0.3406E+13
    0.0360    0.0416    0.0360    0.3518E+11    0.1259E+14    0.1263E+14    0.9131E+13    0.3499E+13
    0.0370    0.0427    0.0370    0.3628E+11    0.1294E+14    0.1298E+14    0.9388E+13    0.3591E+13
    0.0380    0.0439    0.0380    0.3738E+11    0.1329E+14    0.1333E+14    0.9644E+13    0.3683E+13
    0.0390    0.0450    0.0390    0.3849E+11    0.1364E+14    0.1367E+14    0.9900E+13    0.3775E+13
    0.0400    0.0462    0.0400    0.3961E+11    0.1398E+14    0.1402E+14    0.1016E+14    0.3867E+13
    0.0410    0.0473    0.0410    0.4073E+11    0.1433E+14    0.1437E+14    0.1041E+14    0.3959E+13
    0.0420    0.0485    0.0420    0.4186E+11    0.1467E+14    0.1472E+14    0.1067E+14    0.4050E+13
    0.0430    0.0496    0.0430    0.4300E+11    0.1502E+14    0.1506E+14    0.1092E+14    0.4141E+13
    0.0440    0.0508    0.0440    0.4415E+11    0.1537E+14    0.1541E+14    0.1118E+14    0.4232E+13
    0.0450    0.0519    0.0450    0.4530E+11    0.1571E+14    0.1575E+14    0.1143E+14    0.4323E+13
    0.0460    0.0531    0.0460    0.4646E+11    0.1605E+14    0.1610E+14    0.1169E+14    0.4414E+13
    0.0470    0.0543    0.0470    0.4762E+11    0.1640E+14    0.1644E+14    0.1194E+14    0.4504E+13
    0.0480    0.0554    0.0480    0.4880E+11    0.1674E+14    0.1679E+14    0.1219E+14    0.4595E+13
    0.0490    0.0566    0.0490    0.4998E+11    0.1708E+14    0.1713E+14    0.1245E+14    0.4685E+13
    0.0500    0.0577    0.0500    0.5116E+11    0.1742E+14    0.1747E+14    0.1270E+14    0.4775E+13
    0.0510    0.0589    0.0510    0.5236E+11    0.1777E+14    0.1782E+14    0.1295E+14    0.4864E+13
    0.0520    0.0600    0.0520    0.5356E+11    0.1811E+14    0.1816E+14    0.1321E+14    0.4954E+13
    0.0530    0.0612    0.0530    0.5477E+11    0.1845E+14    0.1850E+14    0.1346E+14    0.5043E+13
    0.0540    0.0623    0.0540    0.5599E+11    0.1879E+14    0.1884E+14    0.1371E+14    0.5132E+13
    0.0550    0.0635    0.0550    0.5721E+11    0.1913E+14    0.1918E+14    0.1396E+14    0.5221E+13
    0.0560    0.0646    0.0560    0.5844E+11    0.1946E+14    0.1952E+14    0.1421E+14    0.5310E+13
    0.0570    0.0658    0.0570    0.5968E+11    0.1980E+14    0.1986E+14    0.1446E+14    0.5398E+13
    0.0580    0.0670    0.0580    0.6093E+11    0.2014E+14    0.2020E+14    0.1472E+14    0.5487E+13
    0.0590    0.0681    0.0590    0.6219E+11    0.2048E+14    0.2054E+14    0.1497E+14    0.5575E+13
    0.0600    0.0693    0.0600    0.6345E+11    0.2082E+14    0.2088E+14    0.1522E+14    0.5663E+13
    0.0610    0.0704    0.0610    0.6472E+11    0.2115E+14    0.2122E+14    0.1547E+14    0.5751E+13
    0.0620    0.0716    0.0620    0.6600E+11    0.2149E+14    0.2155E+14    0.1572E+14    0.5839E+13
    0.0630    0.0727    0.0630    0.6729E+11    0.2182E+14    0.2189E+14    0.1596E+14    0.5926E+13
    0.0640    0.0739    0.0640    0.6858E+11    0.2216E+14    0.2223E+14    0.1621E+14    0.6013E+13
    0.0650    0.0750    0.0650    0.6988E+11    0.2249E+14    0.2256E+14    0.1646E+14    0.6100E+13
    0.0660    0.0762    0.0660    0.7119E+11    0.2283E+14    0.2290E+14    0.1671E+14    0.6187E+13
    0.0670    0.0773    0.0670    0.7251E+11    0.2316E+14    0.2323E+14    0.1696E+14    0.6274E+13
    0.0680    0.0785    0.0680    0.7384E+11    0.2349E+14    0.2357E+14    0.1721E+14    0.6361E+13
    0.0690    0.0797    0.0690    0.7518E+11    0.2382E+14    0.2390E+14    0.1745E+14    0.6447E+13
    0.0700    0.0808    0.0700    0.7652E+11    0.2416E+14    0.2423E+14    0.1770E+14    0.6533E+13
    0.0710    0.0820    0.0710    0.7787E+11    0.2449E+14    0.2456E+14    0.1795E+14    0.6619E+13
    0.0720    0.0831    0.0720    0.7923E+11    0.2482E+14    0.2490E+14    0.1819E+14    0.6705E+13
    0.0730    0.0843    0.0730    0.8060E+11    0.2515E+14    0.2523E+14    0.1844E+14    0.6791E+13
    0.0740    0.0854    0.0740    0.8198E+11    0.2548E+14    0.2556E+14    0.1868E+14    0.6877E+13
    0.0750    0.0866    0.0750    0.8337E+11    0.2581E+14    0.2589E+14    0.1893E+14    0.6962E+13
    0.0760    0.0877    0.0760    0.8477E+11    0.2613E+14    0.2622E+14    0.1917E+14    0.7047E+13
    0.0770    0.0889    0.0770    0.8617E+11    0.2646E+14    0.2655E+14    0.1942E+14    0.7132E+13
    0.0780    0.0900    0.0780    0.8759E+11    0.2679E+14    0.2688E+14    0.1966E+14    0.7217E+13
    0.0790    0.0912    0.0790    0.8901E+11    0.2712E+14    0.2720E+14    0.1990E+14    0.7302E+13
    0.0800    0.0923    0.0800    0.9044E+11    0.2744E+14    0.2753E+14    0.2015E+14    0.7386E+13
    0.0810    0.0935    0.0810    0.9188E+11    0.2777E+14    0.2786E+14    0.2039E+14    0.7471E+13
    0.0820    0.0947    0.0820    0.9333E+11    0.2809E+14    0.2819E+14    0.2063E+14    0.7555E+13
    0.0830    0.0958    0.0830    0.9479E+11    0.2842E+14    0.2851E+14    0.2087E+14    0.7639E+13
    0.0840    0.0970    0.0840    0.9626E+11    0.2874E+14    0.2884E+14    0.2111E+14    0.7723E+13
    0.0850    0.0981    0.0850    0.9774E+11    0.2906E+14    0.2916E+14    0.2136E+14    0.7806E+13
    0.0860    0.0993    0.0860    0.9923E+11    0.2939E+14    0.2949E+14    0.2160E+14    0.7890E+13
    0.0870    0.1004    0.0870    0.1007E+12    0.2971E+14    0.2981E+14    0.2184E+14    0.7973E+13
    0.0880    0.1016    0.0880    0.1022E+12    0.3003E+14    0.3013E+14    0.2208E+14    0.8056E+13
    0.0890    0.1027    0.0890    0.1038E+12    0.3035E+14    0.3045E+14    0.2232E+14    0.8139E+13
    0.0900    0.1039    0.0900    0.1053E+12    0.3067E+14    0.3078E+14    0.2255E+14    0.8222E+13
    0.0910    0.1050    0.0910    0.1068E+12    0.3099E+14    0.3110E+14    0.2279E+14    0.8304E+13
    0.0920    0.1062    0.0920    0.1084E+12    0.3131E+14    0.3142E+14    0.2303E+14    0.8387E+13
    0.0930    0.1073    0.0930    0.1099E+12    0.3163E+14    0.3174E+14    0.2327E+14    0.8469E+13
    0.0940    0.1085    0.0940    0.1115E+12    0.3195E+14    0.3206E+14    0.2351E+14    0.8551E+13
    0.0950    0.1096    0.0950    0.1131E+12    0.3226E+14    0.3238E+14    0.2374E+14    0.8633E+13
    0.0960    0.1108    0.0960    0.1147E+12    0.3258E+14    0.3270E+14    0.2398E+14    0.8715E+13
    0.0970    0.1119    0.0970    0.1163E+12    0.3290E+14    0.3301E+14    0.2422E+14    0.8796E+13
    0.0980    0.1131    0.0980    0.1179E+12    0.3321E+14    0.3333E+14    0.2445E+14    0.8878E+13
    0.0990    0.1143    0.0990    0.1195E+12    0.3353E+14    0.3365E+14    0.2469E+14    0.8959E+13
    0.1000    0.1154    0.1000    0.1211E+12    0.3384E+14    0.3396E+14    0.2492E+14    0.9040E+13
    0.1010    0.1166    0.1010    0.1228E+12    0.3416E+14    0.3428E+14    0.2516E+14    0.9121E+13
    0.1020    0.1177    0.1020    0.1244E+12    0.3447E+14    0.3459E+14    0.2539E+14    0.9202E+13
    0.1030    0.1189    0.1030    0.1261E+12    0.3478E+14    0.3491E+14    0.2563E+14    0.9282E+13
    0.1040    0.1200    0.1040    0.1278E+12    0.3510E+14    0.3522E+14    0.2586E+14    0.9363E+13
    0.1050    0.1212    0.1050    0.1294E+12    0.3541E+14    0.3554E+14    0.2609E+14    0.9443E+13
    0.1060    0.1223    0.1060    0.1311E+12    0.3572E+14    0.3585E+14    0.2633E+14    0.9523E+13
    0.1070    0.1235    0.1070    0.1328E+12    0.3603E+14    0.3616E+14    0.2656E+14    0.9603E+13
    0.1080    0.1246    0.1080    0.1346E+12    0.3634E+14    0.3647E+14    0.2679E+14    0.9683E+13
    0.1090    0.1258    0.1090    0.1363E+12    0.3665E+14    0.3678E+14    0.2702E+14    0.9762E+13
    0.1100    0.1269    0.1100    0.1380E+12    0.3696E+14    0.3709E+14    0.2725E+14    0.9842E+13
    0.1110    0.1281    0.1110    0.1398E+12    0.3726E+14    0.3740E+14    0.2748E+14    0.9921E+13
    0.1120    0.1292    0.1120    0.1416E+12    0.3757E+14    0.3771E+14    0.2771E+14    0.1000E+14
    0.1130    0.1304    0.1130    0.1433E+12    0.3788E+14    0.3802E+14    0.2794E+14    0.1008E+14
    0.1140    0.1315    0.1140    0.1451E+12    0.3818E+14    0.3833E+14    0.2817E+14    0.1016E+14
    0.1150    0.1327    0.1150    0.1469E+12    0.3849E+14    0.3864E+14    0.2840E+14    0.1024E+14
    0.1160    0.1338    0.1160    0.1488E+12    0.3879E+14    0.3894E+14    0.2863E+14    0.1032E+14
    0.1170    0.1350    0.1170    0.1506E+12    0.3910E+14    0.3925E+14    0.2886E+14    0.1039E+14
    0.1180    0.1361    0.1180    0.1524E+12    0.3940E+14    0.3956E+14    0.2908E+14    0.1047E+14
    0.1190    0.1373    0.1190    0.1543E+12    0.3971E+14    0.3986E+14    0.2931E+14    0.1055E+14
    0.1200    0.1384    0.1200    0.1561E+12    0.4001E+14    0.4016E+14    0.2954E+14    0.1063E+14
    0.1210    0.1396    0.1210    0.1580E+12    0.4031E+14    0.4047E+14    0.2976E+14    0.1071E+14
    0.1220    0.1407    0.1220    0.1599E+12    0.4061E+14    0.4077E+14    0.2999E+14    0.1078E+14
    0.1230    0.1419    0.1230    0.1618E+12    0.4091E+14    0.4107E+14    0.3021E+14    0.1086E+14
    0.1240    0.1431    0.1240    0.1637E+12    0.4121E+14    0.4138E+14    0.3044E+14    0.1094E+14
    0.1250    0.1442    0.1250    0.1657E+12    0.4151E+14    0.4168E+14    0.3066E+14    0.1102E+14
    0.1260    0.1454    0.1260    0.1676E+12    0.4181E+14    0.4198E+14    0.3089E+14    0.1109E+14
    0.1270    0.1465    0.1270    0.1696E+12    0.4211E+14    0.4228E+14    0.3111E+14    0.1117E+14
    0.1280    0.1477    0.1280    0.1715E+12    0.4241E+14    0.4258E+14    0.3133E+14    0.1125E+14
    0.1290    0.1488    0.1290    0.1735E+12    0.4270E+14    0.4288E+14    0.3155E+14    0.1132E+14
    0.1300    0.1500    0.1300    0.1755E+12    0.4300E+14    0.4318E+14    0.3178E+14    0.1140E+14
    0.1310    0.1511    0.1310    0.1775E+12    0.4330E+14    0.4347E+14    0.3200E+14    0.1148E+14
    0.1320    0.1523    0.1320    0.1796E+12    0.4359E+14    0.4377E+14    0.3222E+14    0.1155E+14
    0.1330    0.1534    0.1330    0.1816E+12    0.4389E+14    0.4407E+14    0.3244E+14    0.1163E+14
    0.1340    0.1546    0.1340    0.1837E+12    0.4418E+14    0.4436E+14    0.3266E+14    0.1170E+14
    0.1350    0.1557    0.1350    0.1857E+12    0.4447E+14    0.4466E+14    0.3288E+14    0.1178E+14
    0.1360    0.1569    0.1360    0.1878E+12    0.4477E+14    0.4496E+14    0.3310E+14    0.1186E+14
    0.1370    0.1580    0.1370    0.1899E+12    0.4506E+14    0.4525E+14    0.3332E+14    0.1193E+14
    0.1380    0.1592    0.1380    0.1920E+12    0.4535E+14    0.4554E+14    0.3354E+14    0.1201E+14
    0.1390    0.1603    0.1390    0.1941E+12    0.4564E+14    0.4584E+14    0.3375E+14    0.1208E+14
    0.1400    0.1615    0.1400    0.1963E+12    0.4593E+14    0.4613E+14    0.3397E+14    0.1216E+14
    0.1410    0.1626    0.1410    0.1984E+12    0.4622E+14    0.4642E+14    0.3419E+14    0.1223E+14
    0.1420    0.1638    0.1420    0.2006E+12    0.4651E+14    0.4671E+14    0.3441E+14    0.1231E+14
    0.1430    0.1649    0.1430    0.2028E+12    0.4680E+14    0.4700E+14    0.3462E+14    0.1238E+14
    0.1440    0.1661    0.1440    0.2050E+12    0.4709E+14    0.4729E+14    0.3484E+14    0.1246E+14
    0.1450    0.1672    0.1450    0.2072E+12    0.4738E+14    0.4758E+14    0.3505E+14    0.1253E+14
    0.1460    0.1684    0.1460    0.2095E+12    0.4766E+14    0.4787E+14    0.3527E+14    0.1260E+14
    0.1470    0.1695    0.1470    0.2117E+12    0.4795E+14    0.4816E+14    0.3548E+14    0.1268E+14
    0.1480    0.1706    0.1480    0.2140E+12    0.4824E+14    0.4845E+14    0.3570E+14    0.1275E+14
    0.1490    0.1718    0.1490    0.2163E+12    0.4852E+14    0.4874E+14    0.3591E+14    0.1283E+14
    0.1500    0.1729    0.1500    0.2186E+12    0.4880E+14    0.4902E+14    0.3612E+14    0.1290E+14
    0.1510    0.1741    0.1510    0.2209E+12    0.4909E+14    0.4931E+14    0.3634E+14    0.1297E+14
    0.1520    0.1752    0.1520    0.2232E+12    0.4937E+14    0.4960E+14    0.3655E+14    0.1305E+14
    0.1530    0.1764    0.1530    0.2256E+12    0.4965E+14    0.4988E+14    0.3676E+14    0.1312E+14
    0.1540    0.1775    0.1540    0.2279E+12    0.4994E+14    0.5016E+14    0.3697E+14    0.1319E+14
    0.1550    0.1787    0.1550    0.2303E+12    0.5022E+14    0.5045E+14    0.3718E+14    0.1326E+14
    0.1560    0.1798    0.1560    0.2327E+12    0.5050E+14    0.5073E+14    0.3739E+14    0.1334E+14
    0.1570    0.1810    0.1570    0.2351E+12    0.5078E+14    0.5101E+14    0.3761E+14    0.1341E+14
    0.1580    0.1821    0.1580    0.2376E+12    0.5106E+14    0.5130E+14    0.3781E+14    0.1348E+14
    0.1590    0.1833    0.1590    0.2400E+12    0.5134E+14    0.5158E+14    0.3802E+14    0.1355E+14
    0.1600    0.1844    0.1600    0.2425E+12    0.5162E+14    0.5186E+14    0.3823E+14    0.1363E+14
    0.1610    0.1856    0.1610    0.2450E+12    0.5189E+14    0.5214E+14    0.3844E+14    0.1370E+14
    0.1620    0.1867    0.1620    0.2475E+12    0.5217E+14    0.5242E+14    0.3865E+14    0.1377E+14
    0.1630    0.1879    0.1630    0.2500E+12    0.5245E+14    0.5270E+14    0.3886E+14    0.1384E+14
    0.1640    0.1890    0.1640    0.2525E+12    0.5272E+14    0.5298E+14    0.3906E+14    0.1391E+14
    0.1650    0.1902    0.1650    0.2551E+12    0.5300E+14    0.5326E+14    0.3927E+14    0.1398E+14
    0.1660    0.1913    0.1660    0.2577E+12    0.5328E+14    0.5353E+14    0.3948E+14    0.1405E+14
    0.1670    0.1924    0.1670    0.2603E+12    0.5355E+14    0.5381E+14    0.3968E+14    0.1413E+14
    0.1680    0.1936    0.1680    0.2629E+12    0.5382E+14    0.5409E+14    0.3989E+14    0.1420E+14
    0.1690    0.1947    0.1690    0.2655E+12    0.5410E+14    0.5436E+14    0.4009E+14    0.1427E+14
    0.1700    0.1959    0.1700    0.2682E+12    0.5437E+14    0.5464E+14    0.4030E+14    0.1434E+14
    0.1710    0.1970    0.1710    0.2708E+12    0.5464E+14    0.5491E+14    0.4050E+14    0.1441E+14
    0.1720    0.1982    0.1720    0.2735E+12    0.5491E+14    0.5519E+14    0.4071E+14    0.1448E+14
    0.1730    0.1993    0.1730    0.2763E+12    0.5518E+14    0.5546E+14    0.4091E+14    0.1455E+14
    0.1740    0.2005    0.1740    0.2790E+12    0.5545E+14    0.5573E+14    0.4111E+14    0.1462E+14
    0.1750    0.2016    0.1750    0.2817E+12    0.5572E+14    0.5600E+14    0.4132E+14    0.1469E+14
    0.1760    0.2028    0.1760    0.2845E+12    0.5599E+14    0.5628E+14    0.4152E+14    0.1476E+14
    0.1770    0.2039    0.1770    0.2873E+12    0.5626E+14    0.5655E+14    0.4172E+14    0.1483E+14
    0.1780    0.2050    0.1780    0.2901E+12    0.5653E+14    0.5682E+14    0.4192E+14    0.1490E+14
    0.1790    0.2062    0.1790    0.2930E+12    0.5680E+14    0.5709E+14    0.4212E+14    0.1497E+14
    0.1800    0.2073    0.1800    0.2958E+12    0.5706E+14    0.5736E+14    0.4232E+14    0.1503E+14
    0.1810    0.2085    0.1810    0.2987E+12    0.5733E+14    0.5763E+14    0.4252E+14    0.1510E+14
    0.1820    0.2096    0.1820    0.3016E+12    0.5759E+14    0.5790E+14    0.4272E+14    0.1517E+14
    0.1830    0.2108    0.1830    0.3045E+12    0.5786E+14    0.5816E+14    0.4292E+14    0.1524E+14
    0.1840    0.2119    0.1840    0.3075E+12    0.5812E+14    0.5843E+14    0.4312E+14    0.1531E+14
    0.1850    0.2131    0.1850    0.3104E+12    0.5839E+14    0.5870E+14    0.4332E+14    0.1538E+14
    0.1860    0.2142    0.1860    0.3134E+12    0.5865E+14    0.5896E+14    0.4352E+14    0.1544E+14
    0.1870    0.2153    0.1870    0.3164E+12    0.5891E+14    0.5923E+14    0.4372E+14    0.1551E+14
    0.1880    0.2165    0.1880    0.3194E+12    0.5917E+14    0.5949E+14    0.4391E+14    0.1558E+14
    0.1890    0.2176    0.1890    0.3225E+12    0.5944E+14    0.5976E+14    0.4411E+14    0.1565E+14
    0.1900    0.2188    0.1900    0.3256E+12    0.5970E+14    0.6002E+14    0.4431E+14    0.1572E+14
    0.1910    0.2199    0.1910    0.3287E+12    0.5996E+14    0.6029E+14    0.4450E+14    0.1578E+14
    0.1920    0.2211    0.1920    0.3318E+12    0.6022E+14    0.6055E+14    0.4470E+14    0.1585E+14
    0.1930    0.2222    0.1930    0.3349E+12    0.6048E+14    0.6081E+14    0.4489E+14    0.1592E+14
    0.1940    0.2233    0.1940    0.3381E+12    0.6073E+14    0.6107E+14    0.4509E+14    0.1598E+14
    0.1950    0.2245    0.1950    0.3413E+12    0.6099E+14    0.6133E+14    0.4528E+14    0.1605E+14
    0.1960    0.2256    0.1960    0.3445E+12    0.6125E+14    0.6159E+14    0.4548E+14    0.1612E+14
    0.1970    0.2268    0.1970    0.3477E+12    0.6151E+14    0.6185E+14    0.4567E+14    0.1618E+14
    0.1980    0.2279    0.1980    0.3510E+12    0.6176E+14    0.6211E+14    0.4586E+14    0.1625E+14
    0.1990    0.2290    0.1990    0.3543E+12    0.6202E+14    0.6237E+14    0.4606E+14    0.1632E+14
    0.2000    0.2302    0.2000    0.3576E+12    0.6227E+14    0.6263E+14    0.4625E+14    0.1638E+14
    0.2010    0.2313    0.2010    0.3609E+12    0.6253E+14    0.6289E+14    0.4644E+14    0.1645E+14
    0.2020    0.2325    0.2020    0.3643E+12    0.6278E+14    0.6314E+14    0.4663E+14    0.1651E+14
    0.2030    0.2336    0.2030    0.3677E+12    0.6303E+14    0.6340E+14    0.4682E+14    0.1658E+14
    0.2040    0.2347    0.2040    0.3711E+12    0.6329E+14    0.6366E+14    0.4701E+14    0.1664E+14
    0.2050    0.2359    0.2050    0.3745E+12    0.6354E+14    0.6391E+14    0.4720E+14    0.1671E+14
    0.2060    0.2370    0.2060    0.3780E+12    0.6379E+14    0.6417E+14    0.4739E+14    0.1677E+14
    0.2070    0.2382    0.2070    0.3815E+12    0.6404E+14    0.6442E+14    0.4758E+14    0.1684E+14
    0.2080    0.2393    0.2080    0.3850E+12    0.6429E+14    0.6468E+14    0.4777E+14    0.1690E+14
    0.2090    0.2404    0.2090    0.3885E+12    0.6454E+14    0.6493E+14    0.4796E+14    0.1697E+14
    0.2100    0.2416    0.2100    0.3921E+12    0.6479E+14    0.6518E+14    0.4815E+14    0.1703E+14
    0.2110    0.2427    0.2110    0.3957E+12    0.6504E+14    0.6543E+14    0.4834E+14    0.1710E+14
    0.2120    0.2439    0.2120    0.3993E+12    0.6529E+14    0.6568E+14    0.4852E+14    0.1716E+14
    0.2130    0.2450    0.2130    0.4030E+12    0.6553E+14    0.6594E+14    0.4871E+14    0.1723E+14
    0.2140    0.2461    0.2140    0.4067E+12    0.6578E+14    0.6619E+14    0.4890E+14    0.1729E+14
    0.2150    0.2473    0.2150    0.4104E+12    0.6603E+14    0.6644E+14    0.4908E+14    0.1735E+14
    0.2160    0.2484    0.2160    0.4141E+12    0.6627E+14    0.6668E+14    0.4927E+14    0.1742E+14
    0.2170    0.2495    0.2170    0.4179E+12    0.6652E+14    0.6693E+14    0.4945E+14    0.1748E+14
    0.2180    0.2507    0.2180    0.4217E+12    0.6676E+14    0.6718E+14    0.4964E+14    0.1754E+14
    0.2190    0.2518    0.2190    0.4255E+12    0.6700E+14    0.6743E+14    0.4982E+14    0.1761E+14
    0.2200    0.2529    0.2200    0.4294E+12    0.6725E+14    0.6768E+14    0.5001E+14    0.1767E+14
    0.2210    0.2541    0.2210    0.4332E+12    0.6749E+14    0.6792E+14    0.5019E+14    0.1773E+14
    0.2220    0.2552    0.2220    0.4371E+12    0.6773E+14    0.6817E+14    0.5037E+14    0.1780E+14
    0.2230    0.2564    0.2230    0.4411E+12    0.6797E+14    0.6841E+14    0.5055E+14    0.1786E+14
    0.2240    0.2575    0.2240    0.4451E+12    0.6821E+14    0.6866E+14    0.5074E+14    0.1792E+14
    0.2250    0.2586    0.2250    0.4491E+12    0.6845E+14    0.6890E+14    0.5092E+14    0.1799E+14
    0.2260    0.2598    0.2260    0.4531E+12    0.6869E+14    0.6915E+14    0.5110E+14    0.1805E+14
    0.2270    0.2609    0.2270    0.4572E+12    0.6893E+14    0.6939E+14    0.5128E+14    0.1811E+14
    0.2280    0.2620    0.2280    0.4613E+12    0.6917E+14    0.6963E+14    0.5146E+14    0.1817E+14
    0.2290    0.2632    0.2290    0.4654E+12    0.6941E+14    0.6988E+14    0.5164E+14    0.1824E+14
    0.2300    0.2643    0.2300    0.4695E+12    0.6965E+14    0.7012E+14    0.5182E+14    0.1830E+14
    0.2310    0.2654    0.2310    0.4737E+12    0.6989E+14    0.7036E+14    0.5200E+14    0.1836E+14
    0.2320    0.2666    0.2320    0.4780E+12    0.7012E+14    0.7060E+14    0.5218E+14    0.1842E+14
    0.2330    0.2677    0.2330    0.4822E+12    0.7036E+14    0.7084E+14    0.5236E+14    0.1848E+14
    0.2340    0.2688    0.2340    0.4865E+12    0.7059E+14    0.7108E+14    0.5253E+14    0.1854E+14
    0.2350    0.2700    0.2350    0.4908E+12    0.7083E+14    0.7132E+14    0.5271E+14    0.1861E+14
    0.2360    0.2711    0.2360    0.4952E+12    0.7106E+14    0.7156E+14    0.5289E+14    0.1867E+14
    0.2370    0.2722    0.2370    0.4996E+12    0.7129E+14    0.7179E+14    0.5307E+14    0.1873E+14
    0.2380    0.2734    0.2380    0.5040E+12    0.7153E+14    0.7203E+14    0.5324E+14    0.1879E+14
    0.2390    0.2745    0.2390    0.5084E+12    0.7176E+14    0.7227E+14    0.5342E+14    0.1885E+14
    0.2400    0.2756    0.2400    0.5129E+12    0.7199E+14    0.7250E+14    0.5359E+14    0.1891E+14
    0.2410    0.2768    0.2410    0.5175E+12    0.7222E+14    0.7274E+14    0.5377E+14    0.1897E+14
    0.2420    0.2779    0.2420    0.5220E+12    0.7245E+14    0.7298E+14    0.5394E+14    0.1903E+14
    0.2430    0.2790    0.2430    0.5266E+12    0.7268E+14    0.7321E+14    0.5412E+14    0.1909E+14
    0.2440    0.2802    0.2440    0.5313E+12    0.7291E+14    0.7345E+14    0.5429E+14    0.1916E+14
    0.2450    0.2813    0.2450    0.5359E+12    0.7314E+14    0.7368E+14    0.5446E+14    0.1922E+14
    0.2460    0.2824    0.2460    0.5406E+12    0.7337E+14    0.7391E+14    0.5464E+14    0.1928E+14
    0.2470    0.2835    0.2470    0.5454E+12    0.7360E+14    0.7414E+14    0.5481E+14    0.1934E+14
    0.2480    0.2847    0.2480    0.5502E+12    0.7383E+14    0.7438E+14    0.5498E+14    0.1940E+14
    0.2490    0.2858    0.2490    0.5550E+12    0.7405E+14    0.7461E+14    0.5515E+14    0.1946E+14
    0.2500    0.2869    0.2500    0.5599E+12    0.7428E+14    0.7484E+14    0.5532E+14    0.1952E+14
    0.2510    0.2881    0.2510    0.5647E+12    0.7451E+14    0.7507E+14    0.5549E+14    0.1958E+14
    0.2520    0.2892    0.2520    0.5697E+12    0.7473E+14    0.7530E+14    0.5566E+14    0.1964E+14
    0.2530    0.2903    0.2530    0.5747E+12    0.7495E+14    0.7553E+14    0.5583E+14    0.1970E+14
    0.2540    0.2914    0.2540    0.5797E+12    0.7518E+14    0.7576E+14    0.5600E+14    0.1976E+14
    0.2550    0.2926    0.2550    0.5847E+12    0.7540E+14    0.7599E+14    0.5617E+14    0.1982E+14
    0.2560    0.2937    0.2560    0.5898E+12    0.7563E+14    0.7621E+14    0.5634E+14    0.1988E+14
    0.2570    0.2948    0.2570    0.5949E+12    0.7585E+14    0.7644E+14    0.5651E+14    0.1993E+14
    0.2580    0.2960    0.2580    0.6001E+12    0.7607E+14    0.7667E+14    0.5668E+14    0.1999E+14
    0.2590    0.2971    0.2590    0.6053E+12    0.7629E+14    0.7690E+14    0.5684E+14    0.2005E+14
    0.2600    0.2982    0.2600    0.6106E+12    0.7651E+14    0.7712E+14    0.5701E+14    0.2011E+14
    0.2610    0.2993    0.2610    0.6159E+12    0.7673E+14    0.7735E+14    0.5718E+14    0.2017E+14
    0.2620    0.3005    0.2620    0.6212E+12    0.7695E+14    0.7757E+14    0.5734E+14    0.2023E+14
    0.2630    0.3016    0.2630    0.6266E+12    0.7717E+14    0.7780E+14    0.5751E+14    0.2029E+14
    0.2640    0.3027    0.2640    0.6320E+12    0.7739E+14    0.7802E+14    0.5767E+14    0.2035E+14
    0.2650    0.3038    0.2650    0.6375E+12    0.7761E+14    0.7824E+14    0.5784E+14    0.2041E+14
    0.2660    0.3050    0.2660    0.6430E+12    0.7782E+14    0.7847E+14    0.5800E+14    0.2046E+14
    0.2670    0.3061    0.2670    0.6485E+12    0.7804E+14    0.7869E+14    0.5816E+14    0.2052E+14
    0.2680    0.3072    0.2680    0.6541E+12    0.7825E+14    0.7891E+14    0.5833E+14    0.2058E+14
    0.2690    0.3083    0.2690    0.6598E+12    0.7847E+14    0.7913E+14    0.5849E+14    0.2064E+14
    0.2700    0.3095    0.2700    0.6655E+12    0.7869E+14    0.7935E+14    0.5865E+14    0.2070E+14
    0.2710    0.3106    0.2710    0.6712E+12    0.7890E+14    0.7957E+14    0.5882E+14    0.2076E+14
    0.2720    0.3117    0.2720    0.6770E+12    0.7911E+14    0.7979E+14    0.5898E+14    0.2081E+14
    0.2730    0.3128    0.2730    0.6828E+12    0.7933E+14    0.8001E+14    0.5914E+14    0.2087E+14
    0.2740    0.3139    0.2740    0.6887E+12    0.7954E+14    0.8023E+14    0.5930E+14    0.2093E+14
    0.2750    0.3151    0.2750    0.6946E+12    0.7975E+14    0.8045E+14    0.5946E+14    0.2099E+14
    0.2760    0.3162    0.2760    0.7005E+12    0.7996E+14    0.8066E+14    0.5962E+14    0.2104E+14
    0.2770    0.3173    0.2770    0.7066E+12    0.8017E+14    0.8088E+14    0.5978E+14    0.2110E+14
    0.2780    0.3184    0.2780    0.7126E+12    0.8038E+14    0.8110E+14    0.5994E+14    0.2116E+14
    0.2790    0.3196    0.2790    0.7187E+12    0.8059E+14    0.8131E+14    0.6010E+14    0.2122E+14
    0.2800    0.3207    0.2800    0.7249E+12    0.8080E+14    0.8153E+14    0.6026E+14    0.2127E+14
    0.2810    0.3218    0.2810    0.7311E+12    0.8101E+14    0.8174E+14    0.6041E+14    0.2133E+14
    0.2820    0.3229    0.2820    0.7373E+12    0.8122E+14    0.8196E+14    0.6057E+14    0.2139E+14
    0.2830    0.3240    0.2830    0.7436E+12    0.8143E+14    0.8217E+14    0.6073E+14    0.2144E+14
    0.2840    0.3252    0.2840    0.7500E+12    0.8164E+14    0.8239E+14    0.6088E+14    0.2150E+14
    0.2850    0.3263    0.2850    0.7564E+12    0.8184E+14    0.8260E+14    0.6104E+14    0.2156E+14
    0.2860    0.3274    0.2860    0.7628E+12    0.8205E+14    0.8281E+14    0.6120E+14    0.2161E+14
    0.2870    0.3285    0.2870    0.7693E+12    0.8225E+14    0.8302E+14    0.6135E+14    0.2167E+14
    0.2880    0.3296    0.2880    0.7759E+12    0.8246E+14    0.8324E+14    0.6151E+14    0.2173E+14
    0.2890    0.3307    0.2890    0.7825E+12    0.8266E+14    0.8345E+14    0.6166E+14    0.2178E+14
    0.2900    0.3319    0.2900    0.7892E+12    0.8287E+14    0.8366E+14    0.6182E+14    0.2184E+14
    0.2910    0.3330    0.2910    0.7959E+12    0.8307E+14    0.8387E+14    0.6197E+14    0.2190E+14
    0.2920    0.3341    0.2920    0.8026E+12    0.8327E+14    0.8408E+14    0.6212E+14    0.2195E+14
    0.2930    0.3352    0.2930    0.8095E+12    0.8348E+14    0.8429E+14    0.6228E+14    0.2201E+14
    0.2940    0.3363    0.2940    0.8163E+12    0.8368E+14    0.8449E+14    0.6243E+14    0.2206E+14
    0.2950    0.3374    0.2950    0.8233E+12    0.8388E+14    0.8470E+14    0.6258E+14    0.2212E+14
    0.2960    0.3386    0.2960    0.8302E+12    0.8408E+14    0.8491E+14    0.6273E+14    0.2218E+14
    0.2970    0.3397    0.2970    0.8373E+12    0.8428E+14    0.8512E+14    0.6288E+14    0.2223E+14
    0.2980    0.3408    0.2980    0.8444E+12    0.8448E+14    0.8532E+14    0.6304E+14    0.2229E+14
    0.2990    0.3419    0.2990    0.8515E+12    0.8468E+14    0.8553E+14    0.6319E+14    0.2234E+14
    0.3000    0.3430    0.3000    0.8587E+12    0.8488E+14    0.8573E+14    0.6334E+14    0.2240E+14
    0.3010    0.3441    0.2990    0.8660E+12    0.8486E+14    0.8573E+14    0.6333E+14    0.2240E+14
    0.3020    0.3453    0.2980    0.8722E+12    0.8485E+14    0.8572E+14    0.6333E+14    0.2239E+14
    0.3030    0.3464    0.2970    0.8789E+12    0.8484E+14    0.8572E+14    0.6333E+14    0.2239E+14
    0.3040    0.3475    0.2960    0.8856E+12    0.8482E+14    0.8571E+14    0.6332E+14    0.2239E+14
    0.3050    0.3486    0.2950    0.8924E+12    0.8481E+14    0.8570E+14    0.6332E+14    0.2239E+14
    0.3060    0.3497    0.2940    0.8991E+12    0.8480E+14    0.8570E+14    0.6332E+14    0.2238E+14
    0.3070    0.3508    0.2930    0.9058E+12    0.8479E+14    0.8569E+14    0.6331E+14    0.2238E+14
    0.3080    0.3519    0.2920    0.9125E+12    0.8477E+14    0.8569E+14    0.6331E+14    0.2238E+14
    0.3090    0.3530    0.2910    0.9191E+12    0.8476E+14    0.8568E+14    0.6330E+14    0.2238E+14
    0.3100    0.3542    0.2900    0.9258E+12    0.8475E+14    0.8567E+14    0.6330E+14    0.2237E+14
    0.3110    0.3553    0.2890    0.9324E+12    0.8474E+14    0.8567E+14    0.6330E+14    0.2237E+14
    0.3120    0.3564    0.2880    0.9390E+12    0.8472E+14    0.8566E+14    0.6329E+14    0.2237E+14
    0.3130    0.3575    0.2870    0.9456E+12    0.8471E+14    0.8566E+14    0.6329E+14    0.2237E+14
    0.3140    0.3586    0.2860    0.9521E+12    0.8470E+14    0.8565E+14    0.6329E+14    0.2236E+14
    0.3150    0.3597    0.2850    0.9587E+12    0.8469E+14    0.8565E+14    0.6328E+14    0.2236E+14
    0.3160    0.3608    0.2840    0.9652E+12    0.8467E+14    0.8564E+14    0.6328E+14    0.2236E+14
    0.3170    0.3619    0.2830    0.9716E+12    0.8466E+14    0.8563E+14    0.6327E+14    0.2236E+14
    0.3180    0.3630    0.2820    0.9781E+12    0.8465E+14    0.8563E+14    0.6327E+14    0.2236E+14
    0.3190    0.3641    0.2810    0.9845E+12    0.8464E+14    0.8562E+14    0.6327E+14    0.2236E+14
    0.3200    0.3652    0.2800    0.9909E+12    0.8463E+14    0.8562E+14    0.6326E+14    0.2235E+14
    0.3210    0.3663    0.2790    0.9973E+12    0.8461E+14    0.8561E+14    0.6326E+14    0.2235E+14
    0.3220    0.3674    0.2780    0.1004E+13    0.8460E+14    0.8561E+14    0.6326E+14    0.2235E+14
    0.3230    0.3685    0.2770    0.1010E+13    0.8459E+14    0.8560E+14    0.6325E+14    0.2235E+14
    0.3240    0.3696    0.2760    0.1016E+13    0.8458E+14    0.8560E+14    0.6325E+14    0.2235E+14
    0.3250    0.3707    0.2750    0.1023E+13    0.8457E+14    0.8559E+14    0.6325E+14    0.2234E+14
    0.3260    0.3718    0.2740    0.1029E+13    0.8456E+14    0.8558E+14    0.6324E+14    0.2234E+14
    0.3270    0.3729    0.2730    0.1035E+13    0.8454E+14    0.8558E+14    0.6324E+14    0.2234E+14
    0.3280    0.3740    0.2720    0.1041E+13    0.8453E+14    0.8557E+14    0.6323E+14    0.2234E+14
    0.3290    0.3751    0.2710    0.1047E+13    0.8452E+14    0.8557E+14    0.6323E+14    0.2234E+14
    0.3300    0.3762    0.2700    0.1054E+13    0.8451E+14    0.8556E+14    0.6323E+14    0.2234E+14
    0.3310    0.3773    0.2690    0.1060E+13    0.8450E+14    0.8556E+14    0.6322E+14    0.2234E+14
    0.3320    0.3784    0.2680    0.1066E+13    0.8449E+14    0.8555E+14    0.6322E+14    0.2233E+14
    0.3330    0.3795    0.2670    0.1072E+13    0.8448E+14    0.8555E+14    0.6322E+14    0.2233E+14
    0.3340    0.3806    0.2660    0.1078E+13    0.8447E+14    0.8554E+14    0.6321E+14    0.2233E+14
    0.3350    0.3817    0.2650    0.1084E+13    0.8446E+14    0.8554E+14    0.6321E+14    0.2233E+14
    0.3360    0.3828    0.2640    0.1090E+13    0.8445E+14    0.8554E+14    0.6321E+14    0.2233E+14
    0.3370    0.3840    0.2630    0.1096E+13    0.8444E+14    0.8553E+14    0.6320E+14    0.2233E+14
    0.3380    0.3851    0.2620    0.1102E+13    0.8443E+14    0.8553E+14    0.6320E+14    0.2233E+14
    0.3390    0.3862    0.2610    0.1108E+13    0.8442E+14    0.8552E+14    0.6320E+14    0.2233E+14
    0.3400    0.3873    0.2600    0.1114E+13    0.8440E+14    0.8552E+14    0.6319E+14    0.2232E+14
    0.3410    0.3884    0.2590    0.1119E+13    0.8440E+14    0.8551E+14    0.6319E+14    0.2232E+14
    0.3420    0.3895    0.2580    0.1125E+13    0.8439E+14    0.8551E+14    0.6319E+14    0.2232E+14
    0.3430    0.3906    0.2570    0.1131E+13    0.8438E+14    0.8551E+14    0.6318E+14    0.2232E+14
    0.3440    0.3917    0.2560    0.1137E+13    0.8437E+14    0.8550E+14    0.6318E+14    0.2232E+14
    0.3450    0.3929    0.2550    0.1142E+13    0.8436E+14    0.8550E+14    0.6318E+14    0.2232E+14
    0.3460    0.3940    0.2540    0.1148E+13    0.8435E+14    0.8550E+14    0.6318E+14    0.2232E+14
    0.3470    0.3951    0.2530    0.1154E+13    0.8434E+14    0.8549E+14    0.6318E+14    0.2232E+14
    0.3480    0.3962    0.2520    0.1159E+13    0.8433E+14    0.8549E+14    0.6317E+14    0.2232E+14
    0.3490    0.3973    0.2510    0.1165E+13    0.8432E+14    0.8549E+14    0.6317E+14    0.2232E+14
    0.3500    0.3984    0.2500    0.1171E+13    0.8432E+14    0.8549E+14    0.6317E+14    0.2232E+14
    0.3510    0.3995    0.2490    0.1176E+13    0.8431E+14    0.8548E+14    0.6317E+14    0.2232E+14
    0.3520    0.4007    0.2480    0.1182E+13    0.8430E+14    0.8548E+14    0.6317E+14    0.2232E+14
    0.3530    0.4018    0.2470    0.1188E+13    0.8429E+14    0.8548E+14    0.6316E+14    0.2232E+14
    0.3540    0.4029    0.2460    0.1193E+13    0.8429E+14    0.8548E+14    0.6316E+14    0.2232E+14
    0.3550    0.4040    0.2450    0.1199E+13    0.8428E+14    0.8548E+14    0.6316E+14    0.2232E+14
    0.3560    0.4051    0.2440    0.1204E+13    0.8427E+14    0.8547E+14    0.6316E+14    0.2231E+14
    0.3570    0.4063    0.2430    0.1210E+13    0.8426E+14    0.8547E+14    0.6316E+14    0.2231E+14
    0.3580    0.4074    0.2420    0.1215E+13    0.8426E+14    0.8547E+14    0.6316E+14    0.2231E+14
    0.3590    0.4085    0.2410    0.1221E+13    0.8425E+14    0.8547E+14    0.6316E+14    0.2231E+14
    0.3600    0.4096    0.2400    0.1226E+13    0.8424E+14    0.8547E+14    0.6315E+14    0.2231E+14
    0.3610    0.4107    0.2390    0.1232E+13    0.8424E+14    0.8547E+14    0.6315E+14    0.2231E+14
    0.3620    0.4119    0.2380    0.1237E+13    0.8423E+14    0.8547E+14    0.6315E+14    0.2231E+14
    0.3630    0.4130    0.2370    0.1242E+13    0.8422E+14    0.8546E+14    0.6315E+14    0.2231E+14
    0.3640    0.4141    0.2360    0.1248E+13    0.8422E+14    0.8546E+14    0.6315E+14    0.2231E+14
    0.3650    0.4152    0.2350    0.1253E+13    0.8421E+14    0.8546E+14    0.6315E+14    0.2231E+14
    0.3660    0.4164    0.2340    0.1258E+13    0.8420E+14    0.8546E+14    0.6315E+14    0.2231E+14
    0.3670    0.4175    0.2330    0.1264E+13    0.8420E+14    0.8546E+14    0.6315E+14    0.2231E+14
    0.3680    0.4186    0.2320    0.1269E+13    0.8419E+14    0.8546E+14    0.6315E+14    0.2231E+14
    0.3690    0.4197    0.2310    0.1274E+13    0.8419E+14    0.8546E+14    0.6315E+14    0.2231E+14
    0.3700    0.4209    0.2300    0.1279E+13    0.8418E+14    0.8546E+14    0.6315E+14    0.2231E+14
    0.3710    0.4220    0.2290    0.1285E+13    0.8418E+14    0.8546E+14    0.6315E+14    0.2231E+14
    0.3720    0.4231    0.2280    0.1290E+13    0.8417E+14    0.8546E+14    0.6315E+14    0.2231E+14
    0.3730    0.4243    0.2270    0.1295E+13    0.8417E+14    0.8546E+14    0.6315E+14    0.2231E+14
    0.3740    0.4254    0.2260    0.1300E+13    0.8416E+14    0.8546E+14    0.6315E+14    0.2231E+14
    0.3750    0.4265    0.2250    0.1305E+13    0.8416E+14    0.8546E+14    0.6315E+14    0.2231E+14
    0.3760    0.4276    0.2240    0.1310E+13    0.8415E+14    0.8546E+14    0.6315E+14    0.2231E+14
    0.3770    0.4288    0.2230    0.1315E+13    0.8415E+14    0.8546E+14    0.6315E+14    0.2231E+14
    0.3780    0.4299    0.2220    0.1320E+13    0.8414E+14    0.8546E+14    0.6315E+14    0.2231E+14
    0.3790    0.4310    0.2210    0.1325E+13    0.8414E+14    0.8546E+14    0.6315E+14    0.2231E+14
    0.3800    0.4322    0.2200    0.1330E+13    0.8414E+14    0.8547E+14    0.6315E+14    0.2231E+14
    0.3810    0.4333    0.2190    0.1335E+13    0.8413E+14    0.8547E+14    0.6315E+14    0.2231E+14
    0.3820    0.4344    0.2180    0.1340E+13    0.8413E+14    0.8547E+14    0.6315E+14    0.2231E+14
    0.3830    0.4356    0.2170    0.1345E+13    0.8413E+14    0.8547E+14    0.6316E+14    0.2231E+14
    0.3840    0.4367    0.2160    0.1350E+13    0.8412E+14    0.8547E+14    0.6316E+14    0.2231E+14
    0.3850    0.4378    0.2150    0.1355E+13    0.8412E+14    0.8547E+14    0.6316E+14    0.2231E+14
    0.3860    0.4389    0.2140    0.1360E+13    0.8412E+14    0.8548E+14    0.6316E+14    0.2232E+14
    0.3870    0.4401    0.2130    0.1364E+13    0.8411E+14    0.8548E+14    0.6316E+14    0.2232E+14
    0.3880    0.4412    0.2120    0.1369E+13    0.8411E+14    0.8548E+14    0.6316E+14    0.2232E+14
    0.3890    0.4423    0.2110    0.1374E+13    0.8411E+14    0.8548E+14    0.6317E+14    0.2232E+14
    0.3900    0.4435    0.2100    0.1379E+13    0.8411E+14    0.8548E+14    0.6317E+14    0.2232E+14
    0.3910    0.4446    0.2090    0.1383E+13    0.8410E+14    0.8549E+14    0.6317E+14    0.2232E+14
    0.3920    0.4457    0.2080    0.1388E+13    0.8410E+14    0.8549E+14    0.6317E+14    0.2232E+14
    0.3930    0.4469    0.2070    0.1393E+13    0.8410E+14    0.8549E+14    0.6317E+14    0.2232E+14
    0.3940    0.4480    0.2060    0.1398E+13    0.8410E+14    0.8550E+14    0.6318E+14    0.2232E+14
    0.3950    0.4491    0.2050    0.1402E+13    0.8410E+14    0.8550E+14    0.6318E+14    0.2232E+14
    0.3960    0.4503    0.2040    0.1407E+13    0.8410E+14    0.8550E+14    0.6318E+14    0.2232E+14
    0.3970    0.4514    0.2030    0.1411E+13    0.8410E+14    0.8551E+14    0.6319E+14    0.2232E+14
    0.3980    0.4525    0.2020    0.1416E+13    0.8410E+14    0.8551E+14    0.6319E+14    0.2232E+14
    0.3990    0.4537    0.2010    0.1420E+13    0.8410E+14    0.8552E+14    0.6319E+14    0.2232E+14
    0.4000    0.4548    0.2000    0.1425E+13    0.8409E+14    0.8552E+14    0.6320E+14    0.2232E+14
    0.4010    0.4560    0.1990    0.1429E+13    0.8409E+14    0.8552E+14    0.6320E+14    0.2232E+14
    0.4020    0.4571    0.1980    0.1434E+13    0.8409E+14    0.8553E+14    0.6320E+14    0.2232E+14
    0.4030    0.4582    0.1970    0.1438E+13    0.8410E+14    0.8553E+14    0.6321E+14    0.2233E+14
    0.4040    0.4594    0.1960    0.1443E+13    0.8410E+14    0.8554E+14    0.6321E+14    0.2233E+14
    0.4050    0.4605    0.1950    0.1447E+13    0.8410E+14    0.8554E+14    0.6322E+14    0.2233E+14
    0.4060    0.4616    0.1940    0.1452E+13    0.8410E+14    0.8555E+14    0.6322E+14    0.2233E+14
    0.4070    0.4628    0.1930    0.1456E+13    0.8410E+14    0.8555E+14    0.6323E+14    0.2233E+14
    0.4080    0.4639    0.1920    0.1460E+13    0.8410E+14    0.8556E+14    0.6323E+14    0.2233E+14
    0.4090    0.4651    0.1910    0.1465E+13    0.8410E+14    0.8557E+14    0.6324E+14    0.2233E+14
    0.4100    0.4662    0.1900    0.1469E+13    0.8410E+14    0.8557E+14    0.6324E+14    0.2233E+14
    0.4110    0.4673    0.1890    0.1473E+13    0.8410E+14    0.8558E+14    0.6325E+14    0.2233E+14
    0.4120    0.4685    0.1880    0.1477E+13    0.8411E+14    0.8558E+14    0.6325E+14    0.2233E+14
    0.4130    0.4696    0.1870    0.1481E+13    0.8411E+14    0.8559E+14    0.6326E+14    0.2233E+14
    0.4140    0.4707    0.1860    0.1486E+13    0.8411E+14    0.8560E+14    0.6326E+14    0.2234E+14
    0.4150    0.4719    0.1850    0.1490E+13    0.8412E+14    0.8561E+14    0.6327E+14    0.2234E+14
    0.4160    0.4730    0.1840    0.1494E+13    0.8412E+14    0.8561E+14    0.6327E+14    0.2234E+14
    0.4170    0.4742    0.1830    0.1498E+13    0.8412E+14    0.8562E+14    0.6328E+14    0.2234E+14
    0.4180    0.4753    0.1820    0.1502E+13    0.8413E+14    0.8563E+14    0.6329E+14    0.2234E+14
    0.4190    0.4764    0.1810    0.1506E+13    0.8413E+14    0.8564E+14    0.6329E+14    0.2234E+14
    0.4200    0.4776    0.1800    0.1510E+13    0.8413E+14    0.8564E+14    0.6330E+14    0.2235E+14
    0.4210    0.4787    0.1790    0.1514E+13    0.8414E+14    0.8565E+14    0.6330E+14    0.2235E+14
    0.4220    0.4799    0.1780    0.1518E+13    0.8414E+14    0.8566E+14    0.6331E+14    0.2235E+14
    0.4230    0.4810    0.1770    0.1522E+13    0.8415E+14    0.8567E+14    0.6332E+14    0.2235E+14
    0.4240    0.4821    0.1760    0.1526E+13    0.8415E+14    0.8568E+14    0.6333E+14    0.2235E+14
    0.4250    0.4833    0.1750    0.1530E+13    0.8416E+14    0.8569E+14    0.6334E+14    0.2235E+14
    0.4260    0.4844    0.1740    0.1533E+13    0.8416E+14    0.8570E+14    0.6334E+14    0.2235E+14
    0.4270    0.4856    0.1730    0.1537E+13    0.8417E+14    0.8571E+14    0.6335E+14    0.2236E+14
    0.4280    0.4867    0.1720    0.1541E+13    0.8418E+14    0.8572E+14    0.6336E+14    0.2236E+14
    0.4290    0.4879    0.1710    0.1545E+13    0.8418E+14    0.8573E+14    0.6337E+14    0.2236E+14
    0.4300    0.4890    0.1700    0.1549E+13    0.8419E+14    0.8574E+14    0.6338E+14    0.2236E+14
    0.4310    0.4901    0.1690    0.1552E+13    0.8420E+14    0.8575E+14    0.6339E+14    0.2236E+14
    0.4320    0.4913    0.1680    0.1556E+13    0.8420E+14    0.8576E+14    0.6339E+14    0.2237E+14
    0.4330    0.4924    0.1670    0.1560E+13    0.8421E+14    0.8577E+14    0.6340E+14    0.2237E+14
    0.4340    0.4936    0.1660    0.1563E+13    0.8422E+14    0.8578E+14    0.6341E+14    0.2237E+14
    0.4350    0.4947    0.1650    0.1567E+13    0.8423E+14    0.8580E+14    0.6342E+14    0.2237E+14
    0.4360    0.4958    0.1640    0.1571E+13    0.8424E+14    0.8581E+14    0.6343E+14    0.2237E+14
    0.4370    0.4970    0.1630    0.1574E+13    0.8425E+14    0.8582E+14    0.6344E+14    0.2238E+14
    0.4380    0.4981    0.1620    0.1578E+13    0.8426E+14    0.8583E+14    0.6345E+14    0.2238E+14
    0.4390    0.4993    0.1610    0.1581E+13    0.8426E+14    0.8585E+14    0.6347E+14    0.2238E+14
    0.4400    0.5004    0.1600    0.1585E+13    0.8427E+14    0.8586E+14    0.6348E+14    0.2238E+14
    0.4410    0.5016    0.1590    0.1588E+13    0.8428E+14    0.8587E+14    0.6349E+14    0.2238E+14
    0.4420    0.5027    0.1580    0.1592E+13    0.8430E+14    0.8589E+14    0.6350E+14    0.2239E+14
    0.4430    0.5039    0.1570    0.1595E+13    0.8431E+14    0.8590E+14    0.6351E+14    0.2239E+14
    0.4440    0.5050    0.1560    0.1598E+13    0.8432E+14    0.8592E+14    0.6352E+14    0.2239E+14
    0.4450    0.5061    0.1550    0.1602E+13    0.8433E+14    0.8593E+14    0.6354E+14    0.2239E+14
    0.4460    0.5073    0.1540    0.1605E+13    0.8434E+14    0.8594E+14    0.6355E+14    0.2240E+14
    0.4470    0.5084    0.1530    0.1608E+13    0.8435E+14    0.8596E+14    0.6356E+14    0.2240E+14
    0.4480    0.5096    0.1520    0.1612E+13    0.8436E+14    0.8598E+14    0.6357E+14    0.2240E+14
    0.4490    0.5107    0.1510    0.1615E+13    0.8438E+14    0.8599E+14    0.6359E+14    0.2240E+14
    0.4500    0.5119    0.1500    0.1618E+13    0.8439E+14    0.8601E+14    0.6360E+14    0.2241E+14
    0.4510    0.5130    0.1490    0.1622E+13    0.8440E+14    0.8603E+14    0.6362E+14    0.2241E+14
    0.4520    0.5142    0.1480    0.1625E+13    0.8442E+14    0.8604E+14    0.6363E+14    0.2241E+14
    0.4530    0.5153    0.1470    0.1628E+13    0.8443E+14    0.8606E+14    0.6364E+14    0.2242E+14
    0.4540    0.5165    0.1460    0.1631E+13    0.8445E+14    0.8608E+14    0.6366E+14    0.2242E+14
    0.4550    0.5176    0.1450    0.1634E+13    0.8446E+14    0.8610E+14    0.6367E+14    0.2243E+14
    0.4560    0.5188    0.1440    0.1637E+13    0.8448E+14    0.8611E+14    0.6369E+14    0.2243E+14
    0.4570    0.5199    0.1430    0.1640E+13    0.8449E+14    0.8613E+14    0.6370E+14    0.2243E+14
    0.4580    0.5210    0.1420    0.1643E+13    0.8451E+14    0.8615E+14    0.6372E+14    0.2244E+14
    0.4590    0.5222    0.1410    0.1646E+13    0.8452E+14    0.8617E+14    0.6373E+14    0.2244E+14
    0.4600    0.5233    0.1400    0.1649E+13    0.8454E+14    0.8619E+14    0.6375E+14    0.2244E+14
    0.4610    0.5245    0.1390    0.1652E+13    0.8456E+14    0.8621E+14    0.6376E+14    0.2245E+14
    0.4620    0.5256    0.1380    0.1655E+13    0.8458E+14    0.8623E+14    0.6378E+14    0.2245E+14
    0.4630    0.5268    0.1370    0.1658E+13    0.8459E+14    0.8625E+14    0.6380E+14    0.2246E+14
    0.4640    0.5279    0.1360    0.1661E+13    0.8461E+14    0.8627E+14    0.6381E+14    0.2246E+14
    0.4650    0.5291    0.1350    0.1664E+13    0.8463E+14    0.8630E+14    0.6383E+14    0.2247E+14
    0.4660    0.5302    0.1340    0.1666E+13    0.8465E+14    0.8632E+14    0.6385E+14    0.2247E+14
    0.4670    0.5314    0.1330    0.1669E+13    0.8467E+14    0.8634E+14    0.6386E+14    0.2248E+14
    0.4680    0.5325    0.1320    0.1672E+13    0.8469E+14    0.8636E+14    0.6388E+14    0.2248E+14
    0.4690    0.5337    0.1310    0.1675E+13    0.8471E+14    0.8639E+14    0.6390E+14    0.2249E+14
    0.4700    0.5348    0.1300    0.1677E+13    0.8473E+14    0.8641E+14    0.6392E+14    0.2249E+14
    0.4710    0.5360    0.1290    0.1680E+13    0.8475E+14    0.8643E+14    0.6394E+14    0.2249E+14
    0.4720    0.5371    0.1280    0.1683E+13    0.8478E+14    0.8646E+14    0.6396E+14    0.2250E+14
    0.4730    0.5383    0.1270    0.1686E+13    0.8480E+14    0.8648E+14    0.6398E+14    0.2250E+14
    0.4740    0.5394    0.1260    0.1688E+13    0.8482E+14    0.8651E+14    0.6400E+14    0.2251E+14
    0.4750    0.5406    0.1250    0.1691E+13    0.8484E+14    0.8653E+14    0.6402E+14    0.2251E+14
    0.4760    0.5417    0.1240    0.1693E+13    0.8487E+14    0.8656E+14    0.6404E+14    0.2252E+14
    0.4770    0.5429    0.1230    0.1696E+13    0.8489E+14    0.8659E+14    0.6406E+14    0.2252E+14
    0.4780    0.5440    0.1220    0.1698E+13    0.8492E+14    0.8661E+14    0.6409E+14    0.2253E+14
    0.4790    0.5452    0.1210    0.1701E+13    0.8494E+14    0.8664E+14    0.6411E+14    0.2253E+14
    0.4800    0.5463    0.1200    0.1703E+13    0.8497E+14    0.8667E+14    0.6413E+14    0.2254E+14
    0.4810    0.5475    0.1190    0.1706E+13    0.8499E+14    0.8670E+14    0.6415E+14    0.2255E+14
    0.4820    0.5486    0.1180    0.1708E+13    0.8502E+14    0.8673E+14    0.6418E+14    0.2255E+14
    0.4830    0.5498    0.1170    0.1711E+13    0.8505E+14    0.8676E+14    0.6420E+14    0.2256E+14
    0.4840    0.5509    0.1160    0.1713E+13    0.8507E+14    0.8679E+14    0.6422E+14    0.2256E+14
    0.4850    0.5521    0.1150    0.1716E+13    0.8510E+14    0.8682E+14    0.6425E+14    0.2257E+14
    0.4860    0.5532    0.1140    0.1718E+13    0.8513E+14    0.8685E+14    0.6427E+14    0.2258E+14
    0.4870    0.5544    0.1130    0.1720E+13    0.8516E+14    0.8688E+14    0.6430E+14    0.2258E+14
    0.4880    0.5555    0.1120    0.1723E+13    0.8519E+14    0.8691E+14    0.6432E+14    0.2259E+14
    0.4890    0.5567    0.1110    0.1725E+13    0.8522E+14    0.8695E+14    0.6435E+14    0.2260E+14
    0.4900    0.5578    0.1100    0.1727E+13    0.8525E+14    0.8698E+14    0.6437E+14    0.2261E+14
    0.4910    0.5590    0.1090    0.1729E+13    0.8528E+14    0.8701E+14    0.6440E+14    0.2261E+14
    0.4920    0.5601    0.1080    0.1732E+13    0.8531E+14    0.8705E+14    0.6443E+14    0.2262E+14
    0.4930    0.5613    0.1070    0.1734E+13    0.8535E+14    0.8708E+14    0.6445E+14    0.2263E+14
    0.4940    0.5624    0.1060    0.1736E+13    0.8538E+14    0.8712E+14    0.6448E+14    0.2263E+14
    0.4950    0.5636    0.1050    0.1738E+13    0.8541E+14    0.8715E+14    0.6451E+14    0.2264E+14
    0.4960    0.5647    0.1040    0.1740E+13    0.8545E+14    0.8719E+14    0.6454E+14    0.2265E+14
    0.4970    0.5659    0.1030    0.1742E+13    0.8548E+14    0.8723E+14    0.6457E+14    0.2266E+14
    0.4980    0.5670    0.1020    0.1745E+13    0.8552E+14    0.8726E+14    0.6460E+14    0.2267E+14
    0.4990    0.5682    0.1010    0.1747E+13    0.8555E+14    0.8730E+14    0.6463E+14    0.2267E+14
    0.5000    0.5693    0.1000    0.1749E+13    0.8559E+14    0.8734E+14    0.6466E+14    0.2268E+14
    0.5010    0.5705    0.0990    0.1751E+13    0.8563E+14    0.8738E+14    0.6469E+14    0.2269E+14
    0.5020    0.5716    0.0980    0.1753E+13    0.8567E+14    0.8742E+14    0.6472E+14    0.2270E+14
    0.5030    0.5728    0.0970    0.1755E+13    0.8570E+14    0.8746E+14    0.6475E+14    0.2271E+14
    0.5040    0.5739    0.0960    0.1757E+13    0.8574E+14    0.8750E+14    0.6478E+14    0.2272E+14
    0.5050    0.5751    0.0950    0.1759E+13    0.8578E+14    0.8754E+14    0.6481E+14    0.2273E+14
    0.5060    0.5762    0.0940    0.1761E+13    0.8582E+14    0.8758E+14    0.6485E+14    0.2274E+14
    0.5070    0.5774    0.0930    0.1763E+13    0.8586E+14    0.8763E+14    0.6488E+14    0.2275E+14
    0.5080    0.5785    0.0920    0.1765E+13    0.8591E+14    0.8767E+14    0.6491E+14    0.2276E+14
    0.5090    0.5797    0.0910    0.1767E+13    0.8595E+14    0.8771E+14    0.6495E+14    0.2277E+14
    0.5100    0.5808    0.0900    0.1768E+13    0.8599E+14    0.8776E+14    0.6498E+14    0.2278E+14
    0.5110    0.5820    0.0890    0.1770E+13    0.8603E+14    0.8780E+14    0.6502E+14    0.2279E+14
    0.5120    0.5831    0.0880    0.1772E+13    0.8608E+14    0.8785E+14    0.6505E+14    0.2280E+14
    0.5130    0.5843    0.0870    0.1774E+13    0.8612E+14    0.8790E+14    0.6509E+14    0.2281E+14
    0.5140    0.5854    0.0860    0.1776E+13    0.8617E+14    0.8794E+14    0.6512E+14    0.2282E+14
    0.5150    0.5866    0.0850    0.1778E+13    0.8622E+14    0.8799E+14    0.6516E+14    0.2283E+14
    0.5160    0.5877    0.0840    0.1780E+13    0.8626E+14    0.8804E+14    0.6520E+14    0.2284E+14
    0.5170    0.5889    0.0830    0.1781E+13    0.8631E+14    0.8809E+14    0.6524E+14    0.2286E+14
    0.5180    0.5900    0.0820    0.1783E+13    0.8636E+14    0.8814E+14    0.6528E+14    0.2287E+14
    0.5190    0.5912    0.0810    0.1785E+13    0.8641E+14    0.8819E+14    0.6531E+14    0.2288E+14
    0.5200    0.5924    0.0800    0.1787E+13    0.8646E+14    0.8825E+14    0.6535E+14    0.2289E+14
    0.5210    0.5935    0.0790    0.1788E+13    0.8651E+14    0.8830E+14    0.6539E+14    0.2290E+14
    0.5220    0.5947    0.0780    0.1790E+13    0.8656E+14    0.8835E+14    0.6543E+14    0.2292E+14
    0.5230    0.5958    0.0770    0.1792E+13    0.8661E+14    0.8841E+14    0.6548E+14    0.2293E+14
    0.5240    0.5970    0.0760    0.1793E+13    0.8667E+14    0.8846E+14    0.6552E+14    0.2294E+14
    0.5250    0.5981    0.0750    0.1795E+13    0.8672E+14    0.8852E+14    0.6556E+14    0.2296E+14
    0.5260    0.5993    0.0740    0.1797E+13    0.8678E+14    0.8857E+14    0.6560E+14    0.2297E+14
    0.5270    0.6004    0.0730    0.1798E+13    0.8683E+14    0.8863E+14    0.6564E+14    0.2299E+14
    0.5280    0.6016    0.0720    0.1800E+13    0.8689E+14    0.8869E+14    0.6569E+14    0.2300E+14
    0.5290    0.6027    0.0710    0.1801E+13    0.8695E+14    0.8875E+14    0.6573E+14    0.2302E+14
    0.5300    0.6039    0.0700    0.1803E+13    0.8701E+14    0.8881E+14    0.6578E+14    0.2303E+14
    0.5310    0.6050    0.0690    0.1805E+13    0.8707E+14    0.8887E+14    0.6582E+14    0.2305E+14
    0.5320    0.6062    0.0680    0.1806E+13    0.8713E+14    0.8893E+14    0.6587E+14    0.2307E+14
    0.5330    0.6073    0.0670    0.1808E+13    0.8719E+14    0.8900E+14    0.6591E+14    0.2308E+14
    0.5340    0.6085    0.0660    0.1809E+13    0.8725E+14    0.8906E+14    0.6596E+14    0.2310E+14
    0.5350    0.6096    0.0650    0.1811E+13    0.8731E+14    0.8913E+14    0.6601E+14    0.2311E+14
    0.5360    0.6108    0.0640    0.1813E+13    0.8738E+14    0.8919E+14    0.6606E+14    0.2313E+14
    0.5370    0.6119    0.0630    0.1814E+13    0.8744E+14    0.8926E+14    0.6611E+14    0.2315E+14
    0.5380    0.6131    0.0620    0.1816E+13    0.8751E+14    0.8933E+14    0.6616E+14    0.2317E+14
    0.5390    0.6142    0.0610    0.1817E+13    0.8758E+14    0.8939E+14    0.6621E+14    0.2318E+14
    0.5400    0.6154    0.0600    0.1819E+13    0.8765E+14    0.8946E+14    0.6626E+14    0.2320E+14
    0.5410    0.6165    0.0590    0.1820E+13    0.8772E+14    0.8954E+14    0.6631E+14    0.2322E+14
    0.5420    0.6177    0.0580    0.1822E+13    0.8779E+14    0.8961E+14    0.6636E+14    0.2324E+14
    0.5430    0.6188    0.0570    0.1823E+13    0.8786E+14    0.8968E+14    0.6642E+14    0.2326E+14
    0.5440    0.6200    0.0560    0.1825E+13    0.8793E+14    0.8975E+14    0.6647E+14    0.2328E+14
    0.5450    0.6211    0.0550    0.1826E+13    0.8800E+14    0.8983E+14    0.6653E+14    0.2330E+14
    0.5460    0.6223    0.0540    0.1828E+13    0.8808E+14    0.8990E+14    0.6658E+14    0.2332E+14
    0.5470    0.6234    0.0530    0.1829E+13    0.8815E+14    0.8998E+14    0.6664E+14    0.2334E+14
    0.5480    0.6246    0.0520    0.1831E+13    0.8823E+14    0.9006E+14    0.6670E+14    0.2336E+14
    0.5490    0.6258    0.0510    0.1832E+13    0.8831E+14    0.9014E+14    0.6675E+14    0.2338E+14
    0.5500    0.6269    0.0500    0.1834E+13    0.8838E+14    0.9022E+14    0.6681E+14    0.2340E+14
    0.5510    0.6281    0.0490    0.1835E+13    0.8846E+14    0.9030E+14    0.6687E+14    0.2343E+14
    0.5520    0.6292    0.0480    0.1837E+13    0.8854E+14    0.9038E+14    0.6693E+14    0.2345E+14
    0.5530    0.6304    0.0470    0.1838E+13    0.8863E+14    0.9046E+14    0.6699E+14    0.2347E+14
    0.5540    0.6315    0.0460    0.1840E+13    0.8871E+14    0.9055E+14    0.6706E+14    0.2349E+14
    0.5550    0.6327    0.0450    0.1841E+13    0.8879E+14    0.9063E+14    0.6712E+14    0.2351E+14
    0.5560    0.6338    0.0440    0.1843E+13    0.8888E+14    0.9072E+14    0.6718E+14    0.2354E+14
    0.5570    0.6350    0.0430    0.1844E+13    0.8896E+14    0.9081E+14    0.6725E+14    0.2356E+14
    0.5580    0.6361    0.0420    0.1846E+13    0.8905E+14    0.9090E+14    0.6731E+14    0.2358E+14
    0.5590    0.6373    0.0410    0.1847E+13    0.8914E+14    0.9099E+14    0.6738E+14    0.2361E+14
    0.5600    0.6384    0.0400    0.1849E+13    0.8923E+14    0.9108E+14    0.6745E+14    0.2363E+14
    0.5610    0.6396    0.0390    0.1850E+13    0.8932E+14    0.9117E+14    0.6751E+14    0.2365E+14
    0.5620    0.6407    0.0380    0.1852E+13    0.8941E+14    0.9126E+14    0.6758E+14    0.2368E+14
    0.5630    0.6419    0.0370    0.1853E+13    0.8950E+14    0.9136E+14    0.6765E+14    0.2370E+14
    0.5640    0.6430    0.0360    0.1855E+13    0.8960E+14    0.9145E+14    0.6772E+14    0.2373E+14
    0.5650    0.6442    0.0350    0.1856E+13    0.8969E+14    0.9155E+14    0.6779E+14    0.2375E+14
    0.5660    0.6453    0.0340    0.1858E+13    0.8979E+14    0.9165E+14    0.6787E+14    0.2378E+14
    0.5670    0.6465    0.0330    0.1859E+13    0.8989E+14    0.9174E+14    0.6794E+14    0.2381E+14
    0.5680    0.6476    0.0320    0.1861E+13    0.8998E+14    0.9184E+14    0.6801E+14    0.2383E+14
    0.5690    0.6488    0.0310    0.1862E+13    0.9008E+14    0.9195E+14    0.6809E+14    0.2386E+14
    0.5700    0.6499    0.0300    0.1864E+13    0.9018E+14    0.9205E+14    0.6816E+14    0.2389E+14
    0.5710    0.6511    0.0290    0.1865E+13    0.9029E+14    0.9215E+14    0.6824E+14    0.2391E+14
    0.5720    0.6522    0.0280    0.1867E+13    0.9039E+14    0.9226E+14    0.6831E+14    0.2394E+14
    0.5730    0.6534    0.0270    0.1869E+13    0.9049E+14    0.9236E+14    0.6839E+14    0.2397E+14
    0.5740    0.6545    0.0260    0.1870E+13    0.9060E+14    0.9247E+14    0.6847E+14    0.2400E+14
    0.5750    0.6557    0.0250    0.1872E+13    0.9070E+14    0.9258E+14    0.6855E+14    0.2403E+14
    0.5760    0.6568    0.0240    0.1874E+13    0.9081E+14    0.9268E+14    0.6863E+14    0.2406E+14
    0.5770    0.6580    0.0230    0.1875E+13    0.9092E+14    0.9279E+14    0.6871E+14    0.2409E+14
    0.5780    0.6591    0.0220    0.1877E+13    0.9103E+14    0.9291E+14    0.6879E+14    0.2412E+14
    0.5790    0.6603    0.0210    0.1879E+13    0.9114E+14    0.9302E+14    0.6887E+14    0.2415E+14
    0.5800    0.6614    0.0200    0.1880E+13    0.9125E+14    0.9313E+14    0.6896E+14    0.2418E+14
    0.5810    0.6626    0.0190    0.1882E+13    0.9136E+14    0.9325E+14    0.6904E+14    0.2421E+14
    0.5820    0.6637    0.0180    0.1884E+13    0.9148E+14    0.9336E+14    0.6912E+14    0.2424E+14
    0.5830    0.6649    0.0170    0.1886E+13    0.9159E+14    0.9348E+14    0.6921E+14    0.2427E+14
    0.5840    0.6661    0.0160    0.1887E+13    0.9171E+14    0.9359E+14    0.6930E+14    0.2430E+14
    0.5850    0.6672    0.0150    0.1889E+13    0.9182E+14    0.9371E+14    0.6938E+14    0.2433E+14
    0.5860    0.6684    0.0140    0.1891E+13    0.9194E+14    0.9383E+14    0.6947E+14    0.2436E+14
    0.5870    0.6695    0.0130    0.1893E+13    0.9206E+14    0.9395E+14    0.6956E+14    0.2440E+14
    0.5880    0.6707    0.0120    0.1895E+13    0.9218E+14    0.9408E+14    0.6965E+14    0.2443E+14
    0.5890    0.6718    0.0110    0.1897E+13    0.9230E+14    0.9420E+14    0.6974E+14    0.2446E+14
    0.5900    0.6730    0.0100    0.1899E+13    0.9242E+14    0.9432E+14    0.6983E+14    0.2449E+14
    0.5910    0.6741    0.0090    0.1900E+13    0.9255E+14    0.9445E+14    0.6992E+14    0.2453E+14
    0.5920    0.6753    0.0080    0.1902E+13    0.9267E+14    0.9457E+14    0.7001E+14    0.2456E+14
    0.5930    0.6764    0.0070    0.1904E+13    0.9280E+14    0.9470E+14    0.7011E+14    0.2459E+14
    0.5940    0.6776    0.0060    0.1907E+13    0.9292E+14    0.9483E+14    0.7020E+14    0.2463E+14
    0.5950    0.6787    0.0050    0.1909E+13    0.9305E+14    0.9496E+14    0.7030E+14    0.2466E+14
    0.5960    0.6799    0.0040    0.1911E+13    0.9318E+14    0.9509E+14    0.7039E+14    0.2470E+14
    0.5970    0.6810    0.0030    0.1913E+13    0.9331E+14    0.9522E+14    0.7049E+14    0.2473E+14
    0.5980    0.6822    0.0020    0.1915E+13    0.9344E+14    0.9535E+14    0.7059E+14    0.2477E+14
    0.5990    0.6833    0.0010    0.1917E+13    0.9357E+14    0.9549E+14    0.7068E+14    0.2480E+14
    0.6000    0.6845   -0.0000    0.1919E+13    0.9370E+14    0.9562E+14    0.7078E+14    0.2484E+14
    0.6010    0.6856   -0.0010    0.1922E+13    0.9384E+14    0.9576E+14    0.7088E+14    0.2488E+14
    0.6020    0.6868   -0.0020    0.1924E+13    0.9397E+14    0.9589E+14    0.7098E+14    0.2491E+14
    0.6030    0.6879   -0.0030    0.1926E+13    0.9411E+14    0.9603E+14    0.7108E+14    0.2495E+14
    0.6040    0.6891   -0.0040    0.1929E+13    0.9424E+14    0.9617E+14    0.7118E+14    0.2499E+14
    0.6050    0.6902   -0.0050    0.1931E+13    0.9438E+14    0.9631E+14    0.7129E+14    0.2502E+14
    0.6060    0.6914   -0.0060    0.1934E+13    0.9452E+14    0.9645E+14    0.7139E+14    0.2506E+14
    0.6070    0.6925   -0.0070    0.1936E+13    0.9466E+14    0.9659E+14    0.7149E+14    0.2510E+14
    0.6080    0.6937   -0.0080    0.1939E+13    0.9480E+14    0.9673E+14    0.7160E+14    0.2514E+14
    0.6090    0.6948   -0.0090    0.1941E+13    0.9494E+14    0.9688E+14    0.7170E+14    0.2517E+14
    0.6100    0.6960   -0.0100    0.1944E+13    0.9508E+14    0.9702E+14    0.7181E+14    0.2521E+14
    0.6110    0.6971   -0.0110    0.1947E+13    0.9522E+14    0.9717E+14    0.7191E+14    0.2525E+14
    0.6120    0.6983   -0.0120    0.1949E+13    0.9536E+14    0.9731E+14    0.7202E+14    0.2529E+14
    0.6130    0.6994   -0.0130    0.1952E+13    0.9551E+14    0.9746E+14    0.7213E+14    0.2533E+14
    0.6140    0.7006   -0.0140    0.1955E+13    0.9565E+14    0.9760E+14    0.7224E+14    0.2537E+14
    0.6150    0.7017   -0.0150    0.1958E+13    0.9579E+14    0.9775E+14    0.7235E+14    0.2540E+14
    0.6160    0.7029   -0.0160    0.1961E+13    0.9594E+14    0.9790E+14    0.7246E+14    0.2544E+14
    0.6170    0.7040   -0.0170    0.1964E+13    0.9609E+14    0.9805E+14    0.7257E+14    0.2548E+14
    0.6180    0.7052   -0.0180    0.1967E+13    0.9623E+14    0.9820E+14    0.7268E+14    0.2552E+14
    0.6190    0.7063   -0.0190    0.1970E+13    0.9638E+14    0.9835E+14    0.7279E+14    0.2556E+14
    0.6200    0.7075   -0.0200    0.1973E+13    0.9653E+14    0.9850E+14    0.7290E+14    0.2560E+14
    0.6210    0.7086   -0.0210    0.1976E+13    0.9667E+14    0.9865E+14    0.7301E+14    0.2564E+14
    0.6220    0.7098   -0.0220    0.1979E+13    0.9682E+14    0.9880E+14    0.7312E+14    0.2568E+14
    0.6230    0.7109   -0.0230    0.1983E+13    0.9697E+14    0.9895E+14    0.7323E+14    0.2572E+14
    0.6240    0.7121   -0.0240    0.1986E+13    0.9712E+14    0.9910E+14    0.7335E+14    0.2576E+14
    0.6250    0.7132   -0.0250    0.1989E+13    0.9727E+14    0.9926E+14    0.7346E+14    0.2580E+14
    0.6260    0.7144   -0.0260    0.1993E+13    0.9742E+14    0.9941E+14    0.7357E+14    0.2584E+14
    0.6270    0.7155   -0.0270    0.1997E+13    0.9757E+14    0.9956E+14    0.7369E+14    0.2588E+14
    0.6280    0.7167   -0.0280    0.2000E+13    0.9772E+14    0.9972E+14    0.7380E+14    0.2592E+14
    0.6290    0.7178   -0.0290    0.2004E+13    0.9787E+14    0.9987E+14    0.7392E+14    0.2596E+14
    0.6300    0.7190   -0.0300    0.2007E+13    0.9802E+14    0.1000E+15    0.7403E+14    0.2599E+14
    0.6310    0.7201   -0.0310    0.2011E+13    0.9817E+14    0.1002E+15    0.7415E+14    0.2603E+14
    0.6320    0.7213   -0.0320    0.2015E+13    0.9832E+14    0.1003E+15    0.7426E+14    0.2608E+14
    0.6330    0.7224   -0.0330    0.2019E+13    0.9847E+14    0.1005E+15    0.7438E+14    0.2612E+14
    0.6340    0.7236   -0.0340    0.2023E+13    0.9863E+14    0.1006E+15    0.7449E+14    0.2616E+14
    0.6350    0.7247   -0.0350    0.2027E+13    0.9878E+14    0.1008E+15    0.7461E+14    0.2620E+14
    0.6360    0.7259   -0.0360    0.2031E+13    0.9893E+14    0.1010E+15    0.7472E+14    0.2624E+14
    0.6370    0.7270   -0.0370    0.2035E+13    0.9908E+14    0.1011E+15    0.7484E+14    0.2628E+14
    0.6380    0.7282   -0.0380    0.2040E+13    0.9923E+14    0.1013E+15    0.7496E+14    0.2632E+14
    0.6390    0.7293   -0.0390    0.2044E+13    0.9939E+14    0.1014E+15    0.7507E+14    0.2636E+14
    0.6400    0.7305   -0.0400    0.2048E+13    0.9954E+14    0.1016E+15    0.7519E+14    0.2640E+14
    0.6410    0.7316   -0.0410    0.2053E+13    0.9969E+14    0.1017E+15    0.7531E+14    0.2644E+14
    0.6420    0.7328   -0.0420    0.2057E+13    0.9984E+14    0.1019E+15    0.7542E+14    0.2648E+14
    0.6430    0.7339   -0.0430    0.2062E+13    0.1000E+15    0.1021E+15    0.7554E+14    0.2652E+14
    0.6440    0.7351   -0.0440    0.2067E+13    0.1001E+15    0.1022E+15    0.7566E+14    0.2656E+14
    0.6450    0.7362   -0.0450    0.2071E+13    0.1003E+15    0.1024E+15    0.7578E+14    0.2660E+14
    0.6460    0.7374   -0.0460    0.2076E+13    0.1005E+15    0.1025E+15    0.7589E+14    0.2664E+14
    0.6470    0.7385   -0.0470    0.2081E+13    0.1006E+15    0.1027E+15    0.7601E+14    0.2668E+14
    0.6480    0.7397   -0.0480    0.2086E+13    0.1008E+15    0.1028E+15    0.7613E+14    0.2672E+14
    0.6490    0.7408   -0.0490    0.2091E+13    0.1009E+15    0.1030E+15    0.7624E+14    0.2676E+14
    0.6500    0.7420   -0.0500    0.2096E+13    0.1011E+15    0.1032E+15    0.7636E+14    0.2680E+14
    0.6510    0.7431   -0.0510    0.2102E+13    0.1012E+15    0.1033E+15    0.7648E+14    0.2684E+14
    0.6520    0.7443   -0.0520    0.2107E+13    0.1014E+15    0.1035E+15    0.7659E+14    0.2688E+14
    0.6530    0.7454   -0.0530    0.2112E+13    0.1015E+15    0.1036E+15    0.7671E+14    0.2692E+14
    0.6540    0.7466   -0.0540    0.2118E+13    0.1017E+15    0.1038E+15    0.7683E+14    0.2696E+14
    0.6550    0.7477   -0.0550    0.2123E+13    0.1018E+15    0.1039E+15    0.7694E+14    0.2700E+14
    0.6560    0.7489   -0.0560    0.2129E+13    0.1020E+15    0.1041E+15    0.7706E+14    0.2704E+14
    0.6570    0.7500   -0.0570    0.2135E+13    0.1021E+15    0.1042E+15    0.7717E+14    0.2708E+14
    0.6580    0.7512   -0.0580    0.2140E+13    0.1023E+15    0.1044E+15    0.7729E+14    0.2712E+14
    0.6590    0.7523   -0.0590    0.2146E+13    0.1024E+15    0.1046E+15    0.7740E+14    0.2716E+14
    0.6600    0.7535   -0.0600    0.2152E+13    0.1026E+15    0.1047E+15    0.7752E+14    0.2720E+14
    0.6610    0.7546   -0.0610    0.2158E+13    0.1027E+15    0.1049E+15    0.7763E+14    0.2724E+14
    0.6620    0.7558   -0.0620    0.2164E+13    0.1029E+15    0.1050E+15    0.7775E+14    0.2727E+14
    0.6630    0.7569   -0.0630    0.2171E+13    0.1030E+15    0.1052E+15    0.7786E+14    0.2731E+14
    0.6640    0.7581   -0.0640    0.2177E+13    0.1032E+15    0.1053E+15    0.7797E+14    0.2735E+14
    0.6650    0.7592   -0.0650    0.2183E+13    0.1033E+15    0.1055E+15    0.7809E+14    0.2739E+14
    0.6660    0.7603   -0.0660    0.2190E+13    0.1034E+15    0.1056E+15    0.7820E+14    0.2743E+14
    0.6670    0.7615   -0.0670    0.2196E+13    0.1036E+15    0.1058E+15    0.7831E+14    0.2747E+14
    0.6680    0.7626   -0.0680    0.2203E+13    0.1037E+15    0.1059E+15    0.7843E+14    0.2751E+14
    0.6690    0.7638   -0.0690    0.2210E+13    0.1039E+15    0.1061E+15    0.7854E+14    0.2755E+14
    0.6700    0.7649   -0.0700    0.2217E+13    0.1040E+15    0.1062E+15    0.7865E+14    0.2759E+14
    0.6710    0.7661   -0.0710    0.2224E+13    0.1042E+15    0.1064E+15    0.7876E+14    0.2763E+14
    0.6720    0.7672   -0.0720    0.2231E+13    0.1043E+15    0.1065E+15    0.7888E+14    0.2767E+14
    0.6730    0.7684   -0.0730    0.2238E+13    0.1045E+15    0.1067E+15    0.7899E+14    0.2771E+14
    0.6740    0.7695   -0.0740    0.2245E+13    0.1046E+15    0.1068E+15    0.7910E+14    0.2775E+14
    0.6750    0.7707   -0.0750    0.2252E+13    0.1047E+15    0.1070E+15    0.7921E+14    0.2779E+14
    0.6760    0.7718   -0.0760    0.2260E+13    0.1049E+15    0.1071E+15    0.7932E+14    0.2783E+14
    0.6770    0.7730   -0.0770    0.2267E+13    0.1050E+15    0.1073E+15    0.7943E+14    0.2786E+14
    0.6780    0.7741   -0.0780    0.2275E+13    0.1052E+15    0.1074E+15    0.7954E+14    0.2790E+14
    0.6790    0.7753   -0.0790    0.2283E+13    0.1053E+15    0.1076E+15    0.7965E+14    0.2794E+14
    0.6800    0.7764   -0.0800    0.2291E+13    0.1055E+15    0.1077E+15    0.7976E+14    0.2798E+14
    0.6810    0.7776   -0.0810    0.2299E+13    0.1056E+15    0.1079E+15    0.7987E+14    0.2802E+14
    0.6820    0.7787   -0.0820    0.2307E+13    0.1057E+15    0.1080E+15    0.7998E+14    0.2806E+14
    0.6830    0.7799   -0.0830    0.2315E+13    0.1059E+15    0.1082E+15    0.8009E+14    0.2810E+14
    0.6840    0.7810   -0.0840    0.2323E+13    0.1060E+15    0.1083E+15    0.8020E+14    0.2814E+14
    0.6850    0.7821   -0.0850    0.2331E+13    0.1061E+15    0.1085E+15    0.8031E+14    0.2818E+14
    0.6860    0.7833   -0.0860    0.2340E+13    0.1063E+15    0.1086E+15    0.8041E+14    0.2821E+14
    0.6870    0.7844   -0.0870    0.2348E+13    0.1064E+15    0.1088E+15    0.8052E+14    0.2825E+14
    0.6880    0.7856   -0.0880    0.2357E+13    0.1066E+15    0.1089E+15    0.8063E+14    0.2829E+14
    0.6890    0.7867   -0.0890    0.2366E+13    0.1067E+15    0.1091E+15    0.8074E+14    0.2833E+14
    0.6900    0.7879   -0.0900    0.2375E+13    0.1068E+15    0.1092E+15    0.8084E+14    0.2837E+14
    0.6910    0.7890   -0.0910    0.2384E+13    0.1070E+15    0.1094E+15    0.8095E+14    0.2841E+14
    0.6920    0.7902   -0.0920    0.2393E+13    0.1071E+15    0.1095E+15    0.8106E+14    0.2844E+14
    0.6930    0.7913   -0.0930    0.2402E+13    0.1072E+15    0.1096E+15    0.8116E+14    0.2848E+14
    0.6940    0.7925   -0.0940    0.2412E+13    0.1074E+15    0.1098E+15    0.8127E+14    0.2852E+14
    0.6950    0.7936   -0.0950    0.2421E+13    0.1075E+15    0.1099E+15    0.8137E+14    0.2856E+14
    0.6960    0.7947   -0.0960    0.2431E+13    0.1076E+15    0.1101E+15    0.8148E+14    0.2860E+14
    0.6970    0.7959   -0.0970    0.2440E+13    0.1078E+15    0.1102E+15    0.8158E+14    0.2864E+14
    0.6980    0.7970   -0.0980    0.2450E+13    0.1079E+15    0.1104E+15    0.8169E+14    0.2867E+14
    0.6990    0.7982   -0.0990    0.2460E+13    0.1080E+15    0.1105E+15    0.8179E+14    0.2871E+14
    0.7000    0.7993   -0.1000    0.2470E+13    0.1082E+15    0.1106E+15    0.8190E+14    0.2875E+14
    0.7010    0.8005   -0.1010    0.2480E+13    0.1083E+15    0.1108E+15    0.8200E+14    0.2879E+14
    0.7020    0.8016   -0.1020    0.2490E+13    0.1084E+15    0.1109E+15    0.8210E+14    0.2883E+14
    0.7030    0.8028   -0.1030    0.2501E+13    0.1086E+15    0.1111E+15    0.8221E+14    0.2886E+14
    0.7040    0.8039   -0.1040    0.2511E+13    0.1087E+15    0.1112E+15    0.8231E+14    0.2890E+14
    0.7050    0.8050   -0.1050    0.2522E+13    0.1088E+15    0.1114E+15    0.8241E+14    0.2894E+14
    0.7060    0.8062   -0.1060    0.2533E+13    0.1090E+15    0.1115E+15    0.8251E+14    0.2898E+14
    0.7070    0.8073   -0.1070    0.2544E+13    0.1091E+15    0.1116E+15    0.8262E+14    0.2902E+14
    0.7080    0.8085   -0.1080    0.2555E+13    0.1092E+15    0.1118E+15    0.8272E+14    0.2905E+14
    0.7090    0.8096   -0.1090    0.2566E+13    0.1093E+15    0.1119E+15    0.8282E+14    0.2909E+14
    0.7100    0.8108   -0.1100    0.2577E+13    0.1095E+15    0.1120E+15    0.8292E+14    0.2913E+14
    0.7110    0.8119   -0.1110    0.2588E+13    0.1096E+15    0.1122E+15    0.8302E+14    0.2917E+14
    0.7120    0.8131   -0.1120    0.2600E+13    0.1097E+15    0.1123E+15    0.8312E+14    0.2920E+14
    0.7130    0.8142   -0.1130    0.2611E+13    0.1099E+15    0.1125E+15    0.8322E+14    0.2924E+14
    0.7140    0.8153   -0.1140    0.2623E+13    0.1100E+15    0.1126E+15    0.8332E+14    0.2928E+14
    0.7150    0.8165   -0.1150    0.2635E+13    0.1101E+15    0.1127E+15    0.8342E+14    0.2932E+14
    0.7160    0.8176   -0.1160    0.2647E+13    0.1102E+15    0.1129E+15    0.8352E+14    0.2935E+14
    0.7170    0.8188   -0.1170    0.2659E+13    0.1104E+15    0.1130E+15    0.8362E+14    0.2939E+14
    0.7180    0.8199   -0.1180    0.2671E+13    0.1105E+15    0.1131E+15    0.8372E+14    0.2943E+14
    0.7190    0.8211   -0.1190    0.2684E+13    0.1106E+15    0.1133E+15    0.8382E+14    0.2947E+14
    0.7200    0.8222   -0.1200    0.2696E+13    0.1107E+15    0.1134E+15    0.8392E+14    0.2950E+14
    0.7210    0.8233   -0.1210    0.2709E+13    0.1108E+15    0.1136E+15    0.8401E+14    0.2954E+14
    0.7220    0.8245   -0.1220    0.2722E+13    0.1110E+15    0.1137E+15    0.8411E+14    0.2958E+14
    0.7230    0.8256   -0.1230    0.2735E+13    0.1111E+15    0.1138E+15    0.8421E+14    0.2962E+14
    0.7240    0.8268   -0.1240    0.2748E+13    0.1112E+15    0.1140E+15    0.8431E+14    0.2965E+14
    0.7250    0.8279   -0.1250    0.2761E+13    0.1113E+15    0.1141E+15    0.8440E+14    0.2969E+14
    0.7260    0.8290   -0.1260    0.2774E+13    0.1115E+15    0.1142E+15    0.8450E+14    0.2973E+14
    0.7270    0.8302   -0.1270    0.2788E+13    0.1116E+15    0.1144E+15    0.8460E+14    0.2976E+14
    0.7280    0.8313   -0.1280    0.2801E+13    0.1117E+15    0.1145E+15    0.8469E+14    0.2980E+14
    0.7290    0.8325   -0.1290    0.2815E+13    0.1118E+15    0.1146E+15    0.8479E+14    0.2984E+14
    0.7300    0.8336   -0.1300    0.2829E+13    0.1119E+15    0.1148E+15    0.8488E+14    0.2988E+14
    0.7310    0.8348   -0.1310    0.2843E+13    0.1120E+15    0.1149E+15    0.8498E+14    0.2991E+14
    0.7320    0.8359   -0.1320    0.2857E+13    0.1122E+15    0.1150E+15    0.8507E+14    0.2995E+14
    0.7330    0.8370   -0.1330    0.2871E+13    0.1123E+15    0.1152E+15    0.8517E+14    0.2999E+14
    0.7340    0.8382   -0.1340    0.2886E+13    0.1124E+15    0.1153E+15    0.8526E+14    0.3002E+14
    0.7350    0.8393   -0.1350    0.2900E+13    0.1125E+15    0.1154E+15    0.8536E+14    0.3006E+14
    0.7360    0.8405   -0.1360    0.2915E+13    0.1126E+15    0.1155E+15    0.8545E+14    0.3010E+14
    0.7370    0.8416   -0.1370    0.2930E+13    0.1127E+15    0.1157E+15    0.8554E+14    0.3013E+14
    0.7380    0.8427   -0.1380    0.2945E+13    0.1129E+15    0.1158E+15    0.8564E+14    0.3017E+14
    0.7390    0.8439   -0.1390    0.2960E+13    0.1130E+15    0.1159E+15    0.8573E+14    0.3021E+14
    0.7400    0.8450   -0.1400    0.2975E+13    0.1131E+15    0.1161E+15    0.8582E+14    0.3024E+14
    0.7410    0.8462   -0.1410    0.2991E+13    0.1132E+15    0.1162E+15    0.8591E+14    0.3028E+14
    0.7420    0.8473   -0.1420    0.3007E+13    0.1133E+15    0.1163E+15    0.8601E+14    0.3032E+14
    0.7430    0.8484   -0.1430    0.3022E+13    0.1134E+15    0.1165E+15    0.8610E+14    0.3035E+14
    0.7440    0.8496   -0.1440    0.3038E+13    0.1135E+15    0.1166E+15    0.8619E+14    0.3039E+14
    0.7450    0.8507   -0.1450    0.3054E+13    0.1137E+15    0.1167E+15    0.8628E+14    0.3043E+14
    0.7460    0.8518   -0.1460    0.3070E+13    0.1138E+15    0.1168E+15    0.8637E+14    0.3046E+14
    0.7470    0.8530   -0.1470    0.3087E+13    0.1139E+15    0.1170E+15    0.8646E+14    0.3050E+14
    0.7480    0.8541   -0.1480    0.3103E+13    0.1140E+15    0.1171E+15    0.8655E+14    0.3054E+14
    0.7490    0.8553   -0.1490    0.3120E+13    0.1141E+15    0.1172E+15    0.8664E+14    0.3057E+14
    0.7500    0.8564   -0.1500    0.3137E+13    0.1142E+15    0.1173E+15    0.8673E+14    0.3061E+14
    0.7510    0.8575   -0.1510    0.3154E+13    0.1143E+15    0.1175E+15    0.8682E+14    0.3065E+14
    0.7520    0.8587   -0.1520    0.3171E+13    0.1144E+15    0.1176E+15    0.8691E+14    0.3068E+14
    0.7530    0.8598   -0.1530    0.3188E+13    0.1145E+15    0.1177E+15    0.8700E+14    0.3072E+14
    0.7540    0.8609   -0.1540    0.3205E+13    0.1146E+15    0.1178E+15    0.8709E+14    0.3075E+14
    0.7550    0.8621   -0.1550    0.3223E+13    0.1147E+15    0.1180E+15    0.8717E+14    0.3079E+14
    0.7560    0.8632   -0.1560    0.3241E+13    0.1148E+15    0.1181E+15    0.8726E+14    0.3083E+14
    0.7570    0.8644   -0.1570    0.3259E+13    0.1150E+15    0.1182E+15    0.8735E+14    0.3086E+14
    0.7580    0.8655   -0.1580    0.3277E+13    0.1151E+15    0.1183E+15    0.8744E+14    0.3090E+14
    0.7590    0.8666   -0.1590    0.3295E+13    0.1152E+15    0.1185E+15    0.8752E+14    0.3094E+14
    0.7600    0.8678   -0.1600    0.3313E+13    0.1153E+15    0.1186E+15    0.8761E+14    0.3097E+14
    0.7610    0.8689   -0.1610    0.3332E+13    0.1154E+15    0.1187E+15    0.8770E+14    0.3101E+14
    0.7620    0.8700   -0.1620    0.3350E+13    0.1155E+15    0.1188E+15    0.8778E+14    0.3104E+14
    0.7630    0.8712   -0.1630    0.3369E+13    0.1156E+15    0.1190E+15    0.8787E+14    0.3108E+14
    0.7640    0.8723   -0.1640    0.3388E+13    0.1157E+15    0.1191E+15    0.8796E+14    0.3112E+14
    0.7650    0.8734   -0.1650    0.3407E+13    0.1158E+15    0.1192E+15    0.8804E+14    0.3115E+14
    0.7660    0.8746   -0.1660    0.3427E+13    0.1159E+15    0.1193E+15    0.8813E+14    0.3119E+14
    0.7670    0.8757   -0.1670    0.3446E+13    0.1160E+15    0.1194E+15    0.8821E+14    0.3122E+14
    0.7680    0.8768   -0.1680    0.3466E+13    0.1161E+15    0.1196E+15    0.8830E+14    0.3126E+14
    0.7690    0.8780   -0.1690    0.3485E+13    0.1162E+15    0.1197E+15    0.8838E+14    0.3130E+14
    0.7700    0.8791   -0.1700    0.3505E+13    0.1163E+15    0.1198E+15    0.8846E+14    0.3133E+14
    0.7710    0.8803   -0.1710    0.3526E+13    0.1164E+15    0.1199E+15    0.8855E+14    0.3137E+14
    0.7720    0.8814   -0.1720    0.3546E+13    0.1165E+15    0.1200E+15    0.8863E+14    0.3140E+14
    0.7730    0.8825   -0.1730    0.3566E+13    0.1166E+15    0.1202E+15    0.8871E+14    0.3144E+14
    0.7740    0.8837   -0.1740    0.3587E+13    0.1167E+15    0.1203E+15    0.8880E+14    0.3148E+14
    0.7750    0.8848   -0.1750    0.3608E+13    0.1168E+15    0.1204E+15    0.8888E+14    0.3151E+14
    0.7760    0.8859   -0.1760    0.3629E+13    0.1169E+15    0.1205E+15    0.8896E+14    0.3155E+14
    0.7770    0.8871   -0.1770    0.3650E+13    0.1170E+15    0.1206E+15    0.8904E+14    0.3158E+14
    0.7780    0.8882   -0.1780    0.3671E+13    0.1171E+15    0.1207E+15    0.8913E+14    0.3162E+14
    0.7790    0.8893   -0.1790    0.3693E+13    0.1172E+15    0.1209E+15    0.8921E+14    0.3166E+14
    0.7800    0.8904   -0.1800    0.3714E+13    0.1173E+15    0.1210E+15    0.8929E+14    0.3169E+14
    0.7810    0.8916   -0.1810    0.3736E+13    0.1174E+15    0.1211E+15    0.8937E+14    0.3173E+14
    0.7820    0.8927   -0.1820    0.3758E+13    0.1175E+15    0.1212E+15    0.8945E+14    0.3176E+14
    0.7830    0.8938   -0.1830    0.3780E+13    0.1175E+15    0.1213E+15    0.8953E+14    0.3180E+14
    0.7840    0.8950   -0.1840    0.3802E+13    0.1176E+15    0.1214E+15    0.8961E+14    0.3183E+14
    0.7850    0.8961   -0.1850    0.3825E+13    0.1177E+15    0.1216E+15    0.8969E+14    0.3187E+14
    0.7860    0.8972   -0.1860    0.3847E+13    0.1178E+15    0.1217E+15    0.8977E+14    0.3191E+14
    0.7870    0.8984   -0.1870    0.3870E+13    0.1179E+15    0.1218E+15    0.8985E+14    0.3194E+14
    0.7880    0.8995   -0.1880    0.3893E+13    0.1180E+15    0.1219E+15    0.8993E+14    0.3198E+14
    0.7890    0.9006   -0.1890    0.3916E+13    0.1181E+15    0.1220E+15    0.9001E+14    0.3201E+14
    0.7900    0.9018   -0.1900    0.3940E+13    0.1182E+15    0.1221E+15    0.9009E+14    0.3205E+14
    0.7910    0.9029   -0.1910    0.3963E+13    0.1183E+15    0.1222E+15    0.9017E+14    0.3208E+14
    0.7920    0.9040   -0.1920    0.3987E+13    0.1184E+15    0.1224E+15    0.9024E+14    0.3212E+14
    0.7930    0.9051   -0.1930    0.4011E+13    0.1185E+15    0.1225E+15    0.9032E+14    0.3215E+14
    0.7940    0.9063   -0.1940    0.4035E+13    0.1186E+15    0.1226E+15    0.9040E+14    0.3219E+14
    0.7950    0.9074   -0.1950    0.4059E+13    0.1186E+15    0.1227E+15    0.9048E+14    0.3222E+14
    0.7960    0.9085   -0.1960    0.4084E+13    0.1187E+15    0.1228E+15    0.9055E+14    0.3226E+14
    0.7970    0.9097   -0.1970    0.4108E+13    0.1188E+15    0.1229E+15    0.9063E+14    0.3230E+14
    0.7980    0.9108   -0.1980    0.4133E+13    0.1189E+15    0.1230E+15    0.9071E+14    0.3233E+14
    0.7990    0.9119   -0.1990    0.4158E+13    0.1190E+15    0.1232E+15    0.9078E+14    0.3237E+14
    0.8000    0.9131   -0.2000    0.4183E+13    0.1191E+15    0.1233E+15    0.9086E+14    0.3240E+14
    0.8010    0.9142   -0.2010    0.4208E+13    0.1192E+15    0.1234E+15    0.9094E+14    0.3244E+14
    0.8020    0.9153   -0.2020    0.4234E+13    0.1193E+15    0.1235E+15    0.9101E+14    0.3247E+14
    0.8030    0.9164   -0.2030    0.4259E+13    0.1193E+15    0.1236E+15    0.9109E+14    0.3251E+14
    0.8040    0.9176   -0.2040    0.4285E+13    0.1194E+15    0.1237E+15    0.9116E+14    0.3254E+14
    0.8050    0.9187   -0.2050    0.4311E+13    0.1195E+15    0.1238E+15    0.9124E+14    0.3258E+14
    0.8060    0.9198   -0.2060    0.4337E+13    0.1196E+15    0.1239E+15    0.9131E+14    0.3261E+14
    0.8070    0.9209   -0.2070    0.4363E+13    0.1197E+15    0.1240E+15    0.9139E+14    0.3265E+14
    0.8080    0.9221   -0.2080    0.4390E+13    0.1198E+15    0.1241E+15    0.9146E+14    0.3268E+14
    0.8090    0.9232   -0.2090    0.4417E+13    0.1198E+15    0.1243E+15    0.9153E+14    0.3272E+14
    0.8100    0.9243   -0.2100    0.4444E+13    0.1199E+15    0.1244E+15    0.9161E+14    0.3275E+14
    0.8110    0.9254   -0.2110    0.4471E+13    0.1200E+15    0.1245E+15    0.9168E+14    0.3279E+14
    0.8120    0.9266   -0.2120    0.4498E+13    0.1201E+15    0.1246E+15    0.9176E+14    0.3282E+14
    0.8130    0.9277   -0.2130    0.4525E+13    0.1202E+15    0.1247E+15    0.9183E+14    0.3286E+14
    0.8140    0.9288   -0.2140    0.4553E+13    0.1202E+15    0.1248E+15    0.9190E+14    0.3289E+14
    0.8150    0.9299   -0.2150    0.4581E+13    0.1203E+15    0.1249E+15    0.9197E+14    0.3293E+14
    0.8160    0.9311   -0.2160    0.4609E+13    0.1204E+15    0.1250E+15    0.9205E+14    0.3296E+14
    0.8170    0.9322   -0.2170    0.4637E+13    0.1205E+15    0.1251E+15    0.9212E+14    0.3300E+14
    0.8180    0.9333   -0.2180    0.4665E+13    0.1206E+15    0.1252E+15    0.9219E+14    0.3303E+14
    0.8190    0.9344   -0.2190    0.4694E+13    0.1206E+15    0.1253E+15    0.9226E+14    0.3307E+14
    0.8200    0.9356   -0.2200    0.4722E+13    0.1207E+15    0.1254E+15    0.9233E+14    0.3310E+14
    0.8210    0.9367   -0.2210    0.4751E+13    0.1208E+15    0.1255E+15    0.9240E+14    0.3314E+14
    0.8220    0.9378   -0.2220    0.4780E+13    0.1209E+15    0.1256E+15    0.9248E+14    0.3317E+14
    0.8230    0.9389   -0.2230    0.4809E+13    0.1209E+15    0.1258E+15    0.9255E+14    0.3320E+14
    0.8240    0.9401   -0.2240    0.4839E+13    0.1210E+15    0.1259E+15    0.9262E+14    0.3324E+14
    0.8250    0.9412   -0.2250    0.4868E+13    0.1211E+15    0.1260E+15    0.9269E+14    0.3327E+14
    0.8260    0.9423   -0.2260    0.4898E+13    0.1212E+15    0.1261E+15    0.9276E+14    0.3331E+14
    0.8270    0.9434   -0.2270    0.4928E+13    0.1212E+15    0.1262E+15    0.9283E+14    0.3334E+14
    0.8280    0.9445   -0.2280    0.4958E+13    0.1213E+15    0.1263E+15    0.9290E+14    0.3338E+14
    0.8290    0.9457   -0.2290    0.4989E+13    0.1214E+15    0.1264E+15    0.9297E+14    0.3341E+14
    0.8300    0.9468   -0.2300    0.5019E+13    0.1215E+15    0.1265E+15    0.9304E+14    0.3344E+14
    0.8310    0.9479   -0.2310    0.5050E+13    0.1215E+15    0.1266E+15    0.9310E+14    0.3348E+14
    0.8320    0.9490   -0.2320    0.5081E+13    0.1216E+15    0.1267E+15    0.9317E+14    0.3351E+14
    0.8330    0.9501   -0.2330    0.5112E+13    0.1217E+15    0.1268E+15    0.9324E+14    0.3355E+14
    0.8340    0.9513   -0.2340    0.5143E+13    0.1217E+15    0.1269E+15    0.9331E+14    0.3358E+14
    0.8350    0.9524   -0.2350    0.5174E+13    0.1218E+15    0.1270E+15    0.9338E+14    0.3361E+14
    0.8360    0.9535   -0.2360    0.5206E+13    0.1219E+15    0.1271E+15    0.9345E+14    0.3365E+14
    0.8370    0.9546   -0.2370    0.5238E+13    0.1220E+15    0.1272E+15    0.9351E+14    0.3368E+14
    0.8380    0.9557   -0.2380    0.5270E+13    0.1220E+15    0.1273E+15    0.9358E+14    0.3372E+14
    0.8390    0.9569   -0.2390    0.5302E+13    0.1221E+15    0.1274E+15    0.9365E+14    0.3375E+14
    0.8400    0.9580   -0.2400    0.5334E+13    0.1222E+15    0.1275E+15    0.9372E+14    0.3378E+14
    0.8410    0.9591   -0.2410    0.5367E+13    0.1222E+15    0.1276E+15    0.9378E+14    0.3382E+14
    0.8420    0.9602   -0.2420    0.5399E+13    0.1223E+15    0.1277E+15    0.9385E+14    0.3385E+14
    0.8430    0.9613   -0.2430    0.5432E+13    0.1224E+15    0.1278E+15    0.9392E+14    0.3389E+14
    0.8440    0.9625   -0.2440    0.5465E+13    0.1224E+15    0.1279E+15    0.9398E+14    0.3392E+14
    0.8450    0.9636   -0.2450    0.5498E+13    0.1225E+15    0.1280E+15    0.9405E+14    0.3395E+14
    0.8460    0.9647   -0.2460    0.5532E+13    0.1226E+15    0.1281E+15    0.9411E+14    0.3399E+14
    0.8470    0.9658   -0.2470    0.5565E+13    0.1226E+15    0.1282E+15    0.9418E+14    0.3402E+14
    0.8480    0.9669   -0.2480    0.5599E+13    0.1227E+15    0.1283E+15    0.9424E+14    0.3405E+14
    0.8490    0.9680   -0.2490    0.5633E+13    0.1228E+15    0.1284E+15    0.9431E+14    0.3409E+14
    0.8500    0.9692   -0.2500    0.5667E+13    0.1228E+15    0.1285E+15    0.9437E+14    0.3412E+14
    0.8510    0.9703   -0.2510    0.5701E+13    0.1229E+15    0.1286E+15    0.9444E+14    0.3415E+14
    0.8520    0.9714   -0.2520    0.5736E+13    0.1230E+15    0.1287E+15    0.9450E+14    0.3419E+14
    0.8530    0.9725   -0.2530    0.5770E+13    0.1230E+15    0.1288E+15    0.9457E+14    0.3422E+14
    0.8540    0.9736   -0.2540    0.5805E+13    0.1231E+15    0.1289E+15    0.9463E+14    0.3425E+14
    0.8550    0.9747   -0.2550    0.5840E+13    0.1231E+15    0.1290E+15    0.9470E+14    0.3429E+14
    0.8560    0.9758   -0.2560    0.5875E+13    0.1232E+15    0.1291E+15    0.9476E+14    0.3432E+14
    0.8570    0.9770   -0.2570    0.5911E+13    0.1233E+15    0.1292E+15    0.9482E+14    0.3435E+14
    0.8580    0.9781   -0.2580    0.5946E+13    0.1233E+15    0.1293E+15    0.9489E+14    0.3439E+14
    0.8590    0.9792   -0.2590    0.5982E+13    0.1234E+15    0.1294E+15    0.9495E+14    0.3442E+14
    0.8600    0.9803   -0.2600    0.6018E+13    0.1234E+15    0.1295E+15    0.9501E+14    0.3445E+14
    0.8610    0.9814   -0.2610    0.6054E+13    0.1235E+15    0.1296E+15    0.9507E+14    0.3449E+14
    0.8620    0.9825   -0.2620    0.6090E+13    0.1236E+15    0.1297E+15    0.9514E+14    0.3452E+14
    0.8630    0.9836   -0.2630    0.6127E+13    0.1236E+15    0.1298E+15    0.9520E+14    0.3455E+14
    0.8640    0.9848   -0.2640    0.6163E+13    0.1237E+15    0.1298E+15    0.9526E+14    0.3458E+14
    0.8650    0.9859   -0.2650    0.6200E+13    0.1237E+15    0.1299E+15    0.9532E+14    0.3462E+14
    0.8660    0.9870   -0.2660    0.6237E+13    0.1238E+15    0.1300E+15    0.9538E+14    0.3465E+14
    0.8670    0.9881   -0.2670    0.6274E+13    0.1239E+15    0.1301E+15    0.9545E+14    0.3468E+14
    0.8680    0.9892   -0.2680    0.6311E+13    0.1239E+15    0.1302E+15    0.9551E+14    0.3472E+14
    0.8690    0.9903   -0.2690    0.6349E+13    0.1240E+15    0.1303E+15    0.9557E+14    0.3475E+14
    0.8700    0.9914   -0.2700    0.6387E+13    0.1240E+15    0.1304E+15    0.9563E+14    0.3478E+14
    0.8710    0.9925   -0.2710    0.6424E+13    0.1241E+15    0.1305E+15    0.9569E+14    0.3481E+14
    0.8720    0.9936   -0.2720    0.6462E+13    0.1241E+15    0.1306E+15    0.9575E+14    0.3485E+14
    0.8730    0.9947   -0.2730    0.6501E+13    0.1242E+15    0.1307E+15    0.9581E+14    0.3488E+14
    0.8740    0.9959   -0.2740    0.6539E+13    0.1242E+15    0.1308E+15    0.9587E+14    0.3491E+14
    0.8750    0.9970   -0.2750    0.6577E+13    0.1243E+15    0.1309E+15    0.9593E+14    0.3495E+14
    0.8760    0.9981   -0.2760    0.6616E+13    0.1244E+15    0.1310E+15    0.9599E+14    0.3498E+14
    0.8770    0.9992   -0.2770    0.6655E+13    0.1244E+15    0.1311E+15    0.9605E+14    0.3501E+14
    0.8780    1.0003   -0.2780    0.6694E+13    0.1245E+15    0.1312E+15    0.9611E+14    0.3504E+14
    0.8790    1.0014   -0.2790    0.6733E+13    0.1245E+15    0.1312E+15    0.9617E+14    0.3508E+14
    0.8800    1.0025   -0.2800    0.6773E+13    0.1246E+15    0.1313E+15    0.9622E+14    0.3511E+14
    0.8810    1.0036   -0.2810    0.6812E+13    0.1246E+15    0.1314E+15    0.9628E+14    0.3514E+14
    0.8820    1.0047   -0.2820    0.6852E+13    0.1247E+15    0.1315E+15    0.9634E+14    0.3517E+14
    0.8830    1.0058   -0.2830    0.6892E+13    0.1247E+15    0.1316E+15    0.9640E+14    0.3521E+14
    0.8840    1.0069   -0.2840    0.6932E+13    0.1248E+15    0.1317E+15    0.9646E+14    0.3524E+14
    0.8850    1.0080   -0.2850    0.6972E+13    0.1248E+15    0.1318E+15    0.9651E+14    0.3527E+14
    0.8860    1.0091   -0.2860    0.7013E+13    0.1249E+15    0.1319E+15    0.9657E+14    0.3530E+14
    0.8870    1.0103   -0.2870    0.7053E+13    0.1249E+15    0.1320E+15    0.9663E+14    0.3534E+14
    0.8880    1.0114   -0.2880    0.7094E+13    0.1250E+15    0.1321E+15    0.9669E+14    0.3537E+14
    0.8890    1.0125   -0.2890    0.7135E+13    0.1250E+15    0.1321E+15    0.9674E+14    0.3540E+14
    0.8900    1.0136   -0.2900    0.7176E+13    0.1251E+15    0.1322E+15    0.9680E+14    0.3543E+14
    0.8910    1.0147   -0.2910    0.7218E+13    0.1251E+15    0.1323E+15    0.9686E+14    0.3546E+14
    0.8920    1.0158   -0.2920    0.7259E+13    0.1252E+15    0.1324E+15    0.9691E+14    0.3550E+14
    0.8930    1.0169   -0.2930    0.7301E+13    0.1252E+15    0.1325E+15    0.9697E+14    0.3553E+14
    0.8940    1.0180   -0.2940    0.7343E+13    0.1252E+15    0.1326E+15    0.9702E+14    0.3556E+14
    0.8950    1.0191   -0.2950    0.7385E+13    0.1253E+15    0.1327E+15    0.9708E+14    0.3559E+14
    0.8960    1.0202   -0.2960    0.7427E+13    0.1253E+15    0.1328E+15    0.9714E+14    0.3563E+14
    0.8970    1.0213   -0.2970    0.7469E+13    0.1254E+15    0.1328E+15    0.9719E+14    0.3566E+14
    0.8980    1.0224   -0.2980    0.7512E+13    0.1254E+15    0.1329E+15    0.9725E+14    0.3569E+14
    0.8990    1.0235   -0.2990    0.7554E+13    0.1255E+15    0.1330E+15    0.9730E+14    0.3572E+14
    0.9000    1.0246   -0.3000    0.7597E+13    0.1255E+15    0.1331E+15    0.9736E+14    0.3575E+14
