          Evm          Svm          E11          E22          E33          E23          E13          E12             SCAU11       SCAU22       SCAU33       SCAU23       SCAU13       SCAU12      TEMP      TIME    TAYLAV      WORKAV
  0.00000E+00  0.14249E+03     0.00000E+00  0.00000E+00  0.00000E+00  0.00000E+00  0.00000E+00  0.00000E+00    -0.14248E+03  0.00000E+00  0.00000E+00  0.48429E-01 -0.21475E+00  0.55610E+00      298.      0.00     2.121  0.1252E+01
  0.99997E-02  0.17441E+03    -0.10000E-01  0.18157E-02  0.81843E-02  0.00000E+00  0.00000E+00  0.00000E+00    -0.17441E+03  0.00000E+00  0.00000E+00  0.60663E-01 -0.25265E+00  0.66333E+00      298.     10.00     2.112  0.2797E+01
  0.19999E-01  0.20040E+03    -0.20000E-01  0.36189E-02  0.16381E-01  0.00000E+00  0.00000E+00  0.00000E+00    -0.20039E+03  0.00000E+00  0.00000E+00  0.70212E-01 -0.29022E+00  0.71915E+00      298.     20.00     2.108  0.4573E+01
  0.29999E-01  0.22168E+03    -0.30000E-01  0.54187E-02  0.24581E-01  0.00000E+00  0.00000E+00  0.00000E+00    -0.22167E+03  0.00000E+00  0.00000E+00  0.77959E-01 -0.32750E+00  0.74232E+00      298.     30.00     2.103  0.6536E+01
  0.39999E-01  0.23933E+03    -0.40000E-01  0.72111E-02  0.32789E-01  0.00000E+00  0.00000E+00  0.00000E+00    -0.23933E+03  0.00000E+00  0.00000E+00  0.83807E-01 -0.36598E+00  0.74330E+00      298.     40.00     2.098  0.8654E+01
  0.49999E-01  0.25424E+03    -0.50000E-01  0.89944E-02  0.41006E-01  0.00000E+00  0.00000E+00  0.00000E+00    -0.25424E+03  0.00000E+00  0.00000E+00  0.90839E-01 -0.40871E+00  0.72982E+00      298.     50.00     2.092  0.1090E+02
  0.59999E-01  0.26695E+03    -0.60000E-01  0.10769E-01  0.49231E-01  0.00000E+00  0.00000E+00  0.00000E+00    -0.26695E+03  0.00000E+00  0.00000E+00  0.95317E-01 -0.45371E+00  0.70700E+00      298.     60.00     2.086  0.1326E+02
  0.69999E-01  0.27775E+03    -0.70000E-01  0.12536E-01  0.57464E-01  0.00000E+00  0.00000E+00  0.00000E+00    -0.27775E+03  0.00000E+00  0.00000E+00  0.10084E+00 -0.50205E+00  0.67829E+00      298.     70.00     2.081  0.1571E+02
  0.79998E-01  0.28722E+03    -0.80000E-01  0.14294E-01  0.65706E-01  0.00000E+00  0.00000E+00  0.00000E+00    -0.28721E+03  0.00000E+00  0.00000E+00  0.10790E+00 -0.55340E+00  0.64823E+00      298.     80.00     2.075  0.1824E+02
  0.89998E-01  0.29552E+03    -0.90000E-01  0.16043E-01  0.73957E-01  0.00000E+00  0.00000E+00  0.00000E+00    -0.29551E+03  0.00000E+00  0.00000E+00  0.11361E+00 -0.60491E+00  0.61919E+00      298.     90.00     2.070  0.2084E+02
  0.99998E-01  0.30283E+03    -0.10000E+00  0.17786E-01  0.82214E-01  0.00000E+00  0.00000E+00  0.00000E+00    -0.30283E+03  0.00000E+00  0.00000E+00  0.11760E+00 -0.65540E+00  0.59352E+00      298.    100.00     2.065  0.2350E+02
  0.11000E+00  0.30924E+03    -0.11000E+00  0.19523E-01  0.90477E-01  0.00000E+00  0.00000E+00  0.00000E+00    -0.30923E+03  0.00000E+00  0.00000E+00  0.11876E+00 -0.70361E+00  0.57326E+00      298.    110.00     2.060  0.2622E+02
  0.12000E+00  0.31493E+03    -0.12000E+00  0.21255E-01  0.98745E-01  0.00000E+00  0.00000E+00  0.00000E+00    -0.31492E+03  0.00000E+00  0.00000E+00  0.12172E+00 -0.75119E+00  0.55952E+00      298.    120.00     2.055  0.2898E+02
  0.13000E+00  0.32006E+03    -0.13000E+00  0.22982E-01  0.10702E+00  0.00000E+00  0.00000E+00  0.00000E+00    -0.32006E+03  0.00000E+00  0.00000E+00  0.12385E+00 -0.79713E+00  0.55418E+00      298.    130.00     2.051  0.3179E+02
  0.14000E+00  0.32471E+03    -0.14000E+00  0.24708E-01  0.11529E+00  0.00000E+00  0.00000E+00  0.00000E+00    -0.32471E+03  0.00000E+00  0.00000E+00  0.12224E+00 -0.84105E+00  0.55908E+00      298.    140.00     2.047  0.3464E+02
  0.15000E+00  0.32901E+03    -0.15000E+00  0.26433E-01  0.12357E+00  0.00000E+00  0.00000E+00  0.00000E+00    -0.32901E+03  0.00000E+00  0.00000E+00  0.12588E+00 -0.88590E+00  0.57119E+00      298.    150.00     2.043  0.3752E+02
  0.16000E+00  0.33287E+03    -0.16000E+00  0.28160E-01  0.13184E+00  0.00000E+00  0.00000E+00  0.00000E+00    -0.33286E+03  0.00000E+00  0.00000E+00  0.12085E+00 -0.92712E+00  0.59453E+00      298.    160.00     2.040  0.4043E+02
  0.17000E+00  0.33636E+03    -0.17000E+00  0.29890E-01  0.14011E+00  0.00000E+00  0.00000E+00  0.00000E+00    -0.33635E+03  0.00000E+00  0.00000E+00  0.11547E+00 -0.96513E+00  0.62494E+00      298.    170.00     2.037  0.4337E+02
  0.18000E+00  0.33964E+03    -0.18000E+00  0.31624E-01  0.14838E+00  0.00000E+00  0.00000E+00  0.00000E+00    -0.33963E+03  0.00000E+00  0.00000E+00  0.10929E+00 -0.99761E+00  0.66258E+00      298.    180.00     2.035  0.4633E+02
  0.19000E+00  0.34274E+03    -0.19000E+00  0.33365E-01  0.15663E+00  0.00000E+00  0.00000E+00  0.00000E+00    -0.34273E+03  0.00000E+00  0.00000E+00  0.99900E-01 -0.10207E+01  0.70749E+00      298.    190.00     2.033  0.4932E+02
  0.20000E+00  0.34559E+03    -0.20000E+00  0.35116E-01  0.16488E+00  0.00000E+00  0.00000E+00  0.00000E+00    -0.34558E+03  0.00000E+00  0.00000E+00  0.10197E+00 -0.10372E+01  0.75360E+00      298.    200.00     2.032  0.5233E+02
  0.21000E+00  0.34828E+03    -0.21000E+00  0.36878E-01  0.17312E+00  0.00000E+00  0.00000E+00  0.00000E+00    -0.34828E+03  0.00000E+00  0.00000E+00  0.99042E-01 -0.10399E+01  0.80746E+00      298.    210.00     2.031  0.5536E+02
  0.22000E+00  0.35099E+03    -0.22000E+00  0.38654E-01  0.18135E+00  0.00000E+00  0.00000E+00  0.00000E+00    -0.35098E+03  0.00000E+00  0.00000E+00  0.93895E-01 -0.10296E+01  0.86974E+00      298.    220.00     2.030  0.5841E+02
  0.23000E+00  0.35341E+03    -0.23000E+00  0.40443E-01  0.18956E+00  0.00000E+00  0.00000E+00  0.00000E+00    -0.35341E+03  0.00000E+00  0.00000E+00  0.99110E-01 -0.10119E+01  0.93466E+00      298.    230.00     2.030  0.6147E+02
  0.24000E+00  0.35574E+03    -0.24000E+00  0.42249E-01  0.19775E+00  0.00000E+00  0.00000E+00  0.00000E+00    -0.35573E+03  0.00000E+00  0.00000E+00  0.10908E+00 -0.98645E+00  0.10048E+01      298.    240.00     2.031  0.6455E+02
  0.25000E+00  0.35772E+03    -0.25000E+00  0.44073E-01  0.20593E+00  0.00000E+00  0.00000E+00  0.00000E+00    -0.35771E+03  0.00000E+00  0.00000E+00  0.11538E+00 -0.95168E+00  0.10785E+01      298.    250.00     2.031  0.6765E+02
  0.26000E+00  0.36012E+03    -0.26000E+00  0.45912E-01  0.21409E+00  0.00000E+00  0.00000E+00  0.00000E+00    -0.36011E+03  0.00000E+00  0.00000E+00  0.14515E+00 -0.91674E+00  0.11521E+01      298.    260.00     2.033  0.7075E+02
  0.26999E+00  0.36196E+03    -0.27000E+00  0.47776E-01  0.22222E+00  0.00000E+00  0.00000E+00  0.00000E+00    -0.36195E+03  0.00000E+00  0.00000E+00  0.16266E+00 -0.87159E+00  0.12233E+01      298.    270.00     2.034  0.7388E+02
  0.27999E+00  0.36409E+03    -0.28000E+00  0.49658E-01  0.23034E+00  0.00000E+00  0.00000E+00  0.00000E+00    -0.36408E+03  0.00000E+00  0.00000E+00  0.20375E+00 -0.82635E+00  0.12876E+01      298.    280.00     2.037  0.7701E+02
  0.28999E+00  0.36612E+03    -0.29000E+00  0.51567E-01  0.23843E+00  0.00000E+00  0.00000E+00  0.00000E+00    -0.36611E+03  0.00000E+00  0.00000E+00  0.23325E+00 -0.77192E+00  0.13466E+01      298.    290.00     2.039  0.8016E+02
  0.29999E+00  0.36801E+03    -0.30000E+00  0.53501E-01  0.24650E+00  0.00000E+00  0.00000E+00  0.00000E+00    -0.36800E+03  0.00000E+00  0.00000E+00  0.27105E+00 -0.71479E+00  0.13953E+01      298.    300.00     2.042  0.8331E+02
