TEXTURE AT STRAIN =    0.3000
   1.055   1.278   0.740  <-- length of average ellipsoid axes for phase
   90.00   90.00    0.00  <-- Euler angles of average ellipsoid axes for phase
B       956
    5.77  137.89   15.90   0.0010460
  173.94   42.09   16.29   0.0010460
 -178.06   40.68   13.00   0.0010460
 -178.06   40.68   13.00   0.0010460
   -2.24  139.26   12.62   0.0010460
  178.04  139.27   13.04   0.0010460
   -2.24  139.26   12.62   0.0010460
   -6.48  140.26   14.00   0.0010460
 -173.96   39.64   14.56   0.0010460
   -6.48  140.26   14.00   0.0010460
 -173.96   39.64   14.56   0.0010460
 -173.96   39.64   14.56   0.0010460
  172.44  141.15   19.80   0.0010460
   -7.84  141.09   19.39   0.0010460
   -7.84  141.09   19.39   0.0010460
 -172.66   38.83   20.05   0.0010460
  172.44  141.15   19.80   0.0010460
 -172.66   38.83   20.05   0.0010460
  169.87  141.26   24.15   0.0010460
  -10.26  141.21   23.91   0.0010460
 -170.00   38.74   24.29   0.0010460
  -10.26  141.21   23.91   0.0010460
   10.27   38.78   23.87   0.0010460
  -10.26  141.21   23.91   0.0010460
   10.27   38.78   23.87   0.0010460
  -10.26  141.21   23.91   0.0010460
 -170.00   38.74   24.29   0.0010460
  169.87  141.26   24.15   0.0010460
  -10.26  141.21   23.91   0.0010460
 -170.00   38.74   24.29   0.0010460
  -10.26  141.21   23.91   0.0010460
  169.87  141.26   24.15   0.0010460
   10.27   38.78   23.87   0.0010460
   87.43   43.46    2.89   0.0010460
 -171.45  143.86   20.47   0.0010460
  171.44   36.08   20.44   0.0010460
  177.41   34.46   20.34   0.0010460
   -2.42   34.48   20.04   0.0010460
   -2.42   34.48   20.04   0.0010460
  179.79   33.34   24.54   0.0010460
 -179.94  146.64   24.37   0.0010460
 -174.87   33.08   32.08   0.0010460
    5.09   33.09   32.07   0.0010460
 -174.87   33.08   32.08   0.0010460
   -5.21  146.89   31.99   0.0010460
    5.09   33.09   32.07   0.0010460
  174.74  146.91   31.95   0.0010460
   93.47  139.98    3.86   0.0010460
  -10.46   30.39   23.95   0.0010460
    5.35  151.13   25.47   0.0010460
    2.74   27.93   35.96   0.0010460
 -179.28  160.94   38.12   0.0010460
    8.50  137.94   25.81   0.0010460
 -171.47  137.92   25.86   0.0010460
    8.50  137.94   25.81   0.0010460
  176.24   40.28   26.47   0.0010460
 -176.35  139.68   26.38   0.0010460
    3.60  139.68   26.29   0.0010460
  177.19  140.10   32.01   0.0010460
   -2.78  140.09   32.02   0.0010460
    2.66   39.92   32.09   0.0010460
  177.19  140.10   32.01   0.0010460
 -177.32   39.91   32.14   0.0010460
  171.98  140.35   32.29   0.0010460
  171.98  140.35   32.29   0.0010460
 -172.09   39.62   32.38   0.0010460
 -172.09   39.62   32.38   0.0010460
   -8.00  140.32   32.30   0.0010460
  171.98  140.35   32.29   0.0010460
 -172.09   39.62   32.38   0.0010460
    7.99   39.67   32.29   0.0010460
   82.40   43.55    8.74   0.0010460
   95.55  136.02    8.42   0.0010460
  179.57   14.36   39.74   0.0010460
   -1.08  166.34   41.64   0.0010460
    3.48   12.81   42.36   0.0010460
    9.83   11.45   39.68   0.0010460
   24.25    9.92   29.76   0.0010460
  170.04   36.03   29.73   0.0010460
  -10.04   36.05   29.76   0.0010460
  173.98   34.67   31.79   0.0010460
  178.70  145.05   36.37   0.0010460
  178.70  145.05   36.37   0.0010460
   -5.25  146.25   36.81   0.0010460
    5.17   33.71   36.86   0.0010460
  100.36  139.60   11.20   0.0010460
  -84.24  139.46    8.85   0.0010460
  179.11  149.92   38.95   0.0010460
  175.74  151.36   39.40   0.0010460
 -174.13    8.65   42.16   0.0010460
 -174.13    8.65   42.16   0.0010460
   15.26    7.39   36.65   0.0010460
  -33.18  173.39   23.88   0.0010460
   46.95    7.20   17.24   0.0010460
    8.76  138.02   31.86   0.0010460
 -177.02   41.50   36.80   0.0010460
   -3.02  138.47   36.79   0.0010460
  176.90  138.48   36.71   0.0010460
  -76.81  136.32   15.11   0.0010460
  -79.81  135.63   13.95   0.0010460
   81.27   44.97   13.99   0.0010460
    2.08  154.19   40.23   0.0010460
   -2.28   25.83   40.35   0.0010460
    0.56   25.23   41.28   0.0010460
   -3.93  156.09   41.54   0.0010460
  170.44   36.30   35.84   0.0010460
    2.21   36.24   39.81   0.0010460
    2.21   36.24   39.81   0.0010460
    7.50   34.39   39.04   0.0010460
  -73.10  138.92   18.13   0.0010460
  -77.90  138.39   15.81   0.0010460
    4.92  158.86   41.69   0.0010460
 -179.42  158.71   41.57   0.0010460
  179.28   21.29   41.65   0.0010460
   -1.40  159.35   42.81   0.0010460
  174.35  160.54   42.09   0.0010460
  114.31  154.63   19.09   0.0010460
   74.58   45.02   19.65   0.0010460
  102.98  134.26   19.24   0.0010460
  175.41   32.18   40.66   0.0010460
 -179.68  147.56   41.01   0.0010460
 -177.36   31.35   41.63   0.0010460
   -2.57  148.62   41.76   0.0010460
    8.04   29.48   40.70   0.0010460
  108.15  137.04   22.36   0.0010460
 -104.62   43.31   20.94   0.0010460
  100.63  136.97   20.44   0.0010460
   -7.89   27.47   42.72   0.0010460
    2.32  151.74   42.24   0.0010460
    0.31   27.91   42.98   0.0010460
  179.23  152.07   42.59   0.0010460
    0.31   27.91   42.98   0.0010460
  175.75  153.21   42.70   0.0010460
    1.79  162.90   42.82   0.0010460
    0.33   16.84   43.74   0.0010460
  176.16  163.73   43.47   0.0010460
  -10.22  165.18   41.08   0.0010460
  -34.91  166.55   28.01   0.0010460
  107.49  133.40   24.51   0.0010460
   -7.96  175.20   42.91   0.0010460
  144.88  175.79   27.20   0.0010460
  131.21  174.87   21.28   0.0010460
  -65.29  172.80   14.94   0.0010460
   65.60    7.30   14.75   0.0010460
  103.69  172.65   17.75   0.0010460
   76.35    7.34   17.86   0.0010460
   77.24    4.33   29.18   0.0010460
  -71.50  177.57   43.46   0.0010460
  178.14  145.65   42.90   0.0010460
    6.58   32.66   42.52   0.0010460
 -109.71   39.68   24.49   0.0010460
  -76.27  140.91   21.84   0.0010460
   97.21  142.55   19.86   0.0010460
  -97.09   37.36   19.66   0.0010460
   82.71   37.44   19.88   0.0010460
 -177.28   40.51   43.00   0.0010460
 -109.80   45.03   26.85   0.0010460
  106.57  134.51   26.88   0.0010460
 -102.10   46.65   28.99   0.0010460
 -176.73  155.98   43.03   0.0010460
 -179.95  155.84   43.28   0.0010460
  177.40  156.36   43.83   0.0010460
   -0.40  149.07   43.93   0.0010460
    3.94   29.88   44.04   0.0010460
   87.24   29.36   21.65   0.0010460
   -5.41  143.94   43.80   0.0010460
  -12.03  145.75   42.44   0.0010460
 -115.97   42.38   31.23   0.0010460
  -69.54  137.75   29.18   0.0010460
   97.56  140.69   27.99   0.0010460
  178.43  136.32   43.84   0.0010460
    6.08   42.11   43.97   0.0010460
   68.45   47.43   32.25   0.0010460
 -107.67   48.81   33.96   0.0010460
 -102.22   50.57   37.14   0.0010460
   -1.46   12.87   44.30   0.0010460
   -4.13  167.64   44.97   0.0010460
  166.48  168.86   39.83   0.0010460
   34.63   11.11   31.89   0.0010460
  116.04  167.24   34.10   0.0010460
  -51.27  174.32   66.11   0.0010460
  -64.45  177.96   64.52   0.0010460
  178.57   50.07   43.30   0.0010460
    1.49   49.72   44.10   0.0010460
    0.43  159.69   44.53   0.0010460
 -177.75   20.07   44.86   0.0010460
  -26.32  162.83   36.20   0.0010460
  111.67  176.08   61.46   0.0010460
   39.22   27.09   35.67   0.0010460
 -102.14    9.28   50.96   0.0010460
 -102.14    9.28   50.96   0.0010460
   78.07    9.33   50.71   0.0010460
 -102.14    9.28   50.96   0.0010460
 -102.14    9.28   50.96   0.0010460
 -115.61   38.73   33.19   0.0010460
   78.93   34.51   29.73   0.0010460
  -92.73   27.49   32.51   0.0010460
  -87.24  151.73   31.96   0.0010460
  -92.73   27.49   32.51   0.0010460
   92.77  152.17   32.28   0.0010460
  -92.73   27.49   32.51   0.0010460
   92.77  152.17   32.28   0.0010460
  -10.09  142.15   44.15   0.0010460
  121.47  134.93   37.29   0.0010460
 -116.20   45.39   35.26   0.0010460
 -179.58   46.58   44.65   0.0010460
    4.28   45.52   45.10   0.0010460
  169.77  136.31   44.72   0.0010460
   -0.49  127.52   44.70   0.0010460
 -175.67   51.32   45.18   0.0010460
  170.11  130.75   45.52   0.0010460
   -2.69  127.90   46.03   0.0010460
  125.24  127.26   44.94   0.0010460
 -120.42   52.88   43.42   0.0010460
  132.94  130.19   45.91   0.0010460
 -126.36   49.90   43.29   0.0010460
   52.64   45.72   42.39   0.0010460
  -74.93  132.73   44.52   0.0010460
  114.86  141.92   36.93   0.0010460
  -72.51  144.75   36.11   0.0010460
  107.47  144.84   36.11   0.0010460
   72.53   35.17   36.11   0.0010460
 -107.38   34.97   36.06   0.0010460
  -72.51  144.75   36.11   0.0010460
  -72.51  144.75   36.11   0.0010460
   72.53   35.17   36.11   0.0010460
 -107.38   34.97   36.06   0.0010460
 -107.38   34.97   36.06   0.0010460
   72.53   35.17   36.11   0.0010460
  -79.15  151.21   39.83   0.0010460
  101.01  151.66   40.32   0.0010460
  -79.15  151.21   39.83   0.0010460
  101.01  151.66   40.32   0.0010460
  -79.15  151.21   39.83   0.0010460
  101.01  151.66   40.32   0.0010460
  101.01  151.66   40.32   0.0010460
   79.10   28.50   40.15   0.0010460
   79.10   28.50   40.15   0.0010460
  -79.15  151.21   39.83   0.0010460
  101.01  151.66   40.32   0.0010460
   79.10   28.50   40.15   0.0010460
   79.10   28.50   40.15   0.0010460
  -84.18  158.15   50.19   0.0010460
  -84.18  158.15   50.19   0.0010460
   84.47   21.84   50.29   0.0010460
  -95.76   21.33   50.47   0.0010460
   84.47   21.84   50.29   0.0010460
  -84.18  158.15   50.19   0.0010460
  -95.76   21.33   50.47   0.0010460
   95.88  158.65   50.38   0.0010460
  -84.18  158.15   50.19   0.0010460
  -84.18  158.15   50.19   0.0010460
  -84.18  158.15   50.19   0.0010460
   95.88  158.65   50.38   0.0010460
   95.88  158.65   50.38   0.0010460
  154.84  154.80   41.22   0.0010460
   53.37   30.18   42.64   0.0010460
   53.06   13.66   69.76   0.0010460
  127.17  166.32   70.09   0.0010460
  127.17  166.32   70.09   0.0010460
 -127.56   13.53   70.57   0.0010460
  127.17  166.32   70.09   0.0010460
   53.06   13.66   69.76   0.0010460
   53.06   13.66   69.76   0.0010460
  127.17  166.32   70.09   0.0010460
  123.00  170.19   73.18   0.0010460
  -57.04  170.12   73.06   0.0010460
   57.26    9.77   72.88   0.0010460
 -123.00    9.74   73.16   0.0010460
   57.26    9.77   72.88   0.0010460
   57.26    9.77   72.88   0.0010460
   57.26    9.77   72.88   0.0010460
  -57.04  170.12   73.06   0.0010460
  123.00  170.19   73.18   0.0010460
  123.00  170.19   73.18   0.0010460
   57.26    9.77   72.88   0.0010460
 -123.00    9.74   73.16   0.0010460
 -101.70    7.99   57.19   0.0010460
  102.04  172.00   57.55   0.0010460
  102.04  172.00   57.55   0.0010460
   78.60    8.03   56.92   0.0010460
  -77.77  171.96   57.73   0.0010460
  102.04  172.00   57.55   0.0010460
  -77.77  171.96   57.73   0.0010460
  -77.77  171.96   57.73   0.0010460
  -77.77  171.96   57.73   0.0010460
  -77.77  171.96   57.73   0.0010460
  102.04  172.00   57.55   0.0010460
 -101.70    7.99   57.19   0.0010460
  -50.80  158.73   43.58   0.0010460
  -46.61  163.12   57.77   0.0010460
   38.71   12.51   75.33   0.0010460
  150.36  172.74   98.34   0.0010460
   37.36    4.66   94.72   0.0010460
 -141.87    4.72   93.95   0.0010460
   37.36    4.66   94.72   0.0010460
 -141.87    4.72   93.95   0.0010460
   67.89    3.11   68.20   0.0010460
  -66.65  176.87   69.48   0.0010460
  -66.65  176.87   69.48   0.0010460
  112.49  176.79   68.62   0.0010460
  174.04  131.02   47.00   0.0010460
   48.05   53.20   49.03   0.0010460
 -125.94   53.14   47.06   0.0010460
   42.24   14.03   36.08   0.0010460
 -130.23   13.75   40.77   0.0010460
   49.83   13.83   40.63   0.0010460
  149.61  172.22   82.20   0.0010460
  161.07  176.06  111.59   0.0010460
  155.19  177.49  109.16   0.0010460
 -125.29    1.50   82.58   0.0010460
   47.26   49.27   47.72   0.0010460
 -133.16   44.08   47.14   0.0010460
  -52.81  135.73   45.23   0.0010460
  -58.76  136.15   43.37   0.0010460
 -121.24   43.80   43.21   0.0010460
   58.75   43.90   43.28   0.0010460
  121.23  136.14   43.33   0.0010460
   65.06   42.21   42.83   0.0010460
  -65.07  137.79   42.85   0.0010460
  114.89  137.83   42.79   0.0010460
  -65.07  137.79   42.85   0.0010460
  114.89  137.83   42.79   0.0010460
   65.06   42.21   42.83   0.0010460
  -65.07  137.79   42.85   0.0010460
  108.37  140.24   44.19   0.0010460
   71.56   39.99   44.43   0.0010460
   71.56   39.99   44.43   0.0010460
 -108.28   39.65   44.20   0.0010460
  -71.56  140.06   44.31   0.0010460
   71.56   39.99   44.43   0.0010460
   71.56   39.99   44.43   0.0010460
  101.03  138.93   50.92   0.0010460
  101.03  138.93   50.92   0.0010460
  101.03  138.93   50.92   0.0010460
 -100.86   41.09   51.14   0.0010460
   90.85   40.74   56.95   0.0010460
   89.53  139.68   57.26   0.0010460
   90.85   40.74   56.95   0.0010460
  -47.53  143.79   47.60   0.0010460
 -127.51   34.52   46.86   0.0010460
  -57.96  147.76   46.67   0.0010460
   57.85   32.14   46.79   0.0010460
   57.85   32.14   46.79   0.0010460
   57.85   32.14   46.79   0.0010460
  120.10  155.09   55.63   0.0010460
   60.28   25.11   55.02   0.0010460
  120.10  155.09   55.63   0.0010460
  120.10  155.09   55.63   0.0010460
 -120.54   24.52   56.36   0.0010460
 -120.54   24.52   56.36   0.0010460
  -60.54  154.61   54.52   0.0010460
   60.28   25.11   55.02   0.0010460
  120.10  155.09   55.63   0.0010460
  124.43  162.81   72.37   0.0010460
   55.97   17.26   71.90   0.0010460
  -56.09  162.57   71.62   0.0010460
  124.43  162.81   72.37   0.0010460
 -124.68   17.05   72.70   0.0010460
   55.97   17.26   71.90   0.0010460
 -124.68   17.05   72.70   0.0010460
   55.97   17.26   71.90   0.0010460
 -124.68   17.05   72.70   0.0010460
   55.97   17.26   71.90   0.0010460
   55.97   17.26   71.90   0.0010460
  -56.09  162.57   71.62   0.0010460
  124.43  162.81   72.37   0.0010460
   66.21   14.40   69.46   0.0010460
  -65.69  165.57   69.86   0.0010460
 -114.18   14.27   69.81   0.0010460
 -114.18   14.27   69.81   0.0010460
  114.35  165.71   69.95   0.0010460
 -114.18   14.27   69.81   0.0010460
  114.35  165.71   69.95   0.0010460
  -65.69  165.57   69.86   0.0010460
 -114.18   14.27   69.81   0.0010460
  114.35  165.71   69.95   0.0010460
   83.08   18.16   62.68   0.0010460
  -96.98   17.73   62.34   0.0010460
  -96.98   17.73   62.34   0.0010460
   83.08   18.16   62.68   0.0010460
  -82.86  162.21   62.53   0.0010460
   83.08   18.16   62.68   0.0010460
   83.08   18.16   62.68   0.0010460
   41.68   53.13   52.87   0.0010460
   43.10   25.57   51.69   0.0010460
   39.27   21.63   64.68   0.0010460
 -146.77   17.32   80.23   0.0010460
  -34.18  162.41   79.00   0.0010460
   25.61   14.29   96.72   0.0010460
  154.11  165.64   96.50   0.0010460
  -25.99  165.61   96.28   0.0010460
   25.61   14.29   96.72   0.0010460
   25.61   14.29   96.72   0.0010460
  -25.99  165.61   96.28   0.0010460
  -25.03  168.40  103.06   0.0010460
   24.87   11.50  103.22   0.0010460
 -154.99   11.52  103.10   0.0010460
   24.87   11.50  103.22   0.0010460
   24.87   11.50  103.22   0.0010460
 -154.99   11.52  103.10   0.0010460
  154.82  168.42  102.97   0.0010460
  154.82  168.42  102.97   0.0010460
   24.87   11.50  103.22   0.0010460
  -25.03  168.40  103.06   0.0010460
 -148.20    8.82  100.88   0.0010460
   31.68    8.79  101.00   0.0010460
  -31.50  171.12  101.21   0.0010460
  148.20  171.13  100.92   0.0010460
   31.68    8.79  101.00   0.0010460
 -148.20    8.82  100.88   0.0010460
   31.68    8.79  101.00   0.0010460
  -31.50  171.12  101.21   0.0010460
 -129.19    6.87   86.33   0.0010460
  129.48  173.10   86.66   0.0010460
  129.48  173.10   86.66   0.0010460
  129.48  173.10   86.66   0.0010460
  -99.11    7.12   61.42   0.0010460
   41.62   48.06   51.88   0.0010460
 -121.46   48.77   48.21   0.0010460
   58.48   48.85   48.30   0.0010460
  -58.53  131.21   48.32   0.0010460
  -58.53  131.21   48.32   0.0010460
   63.80   48.76   50.53   0.0010460
   63.80   48.76   50.53   0.0010460
   63.80   48.76   50.53   0.0010460
  -53.27  139.00   48.88   0.0010460
  126.75  139.04   48.91   0.0010460
  126.75  139.04   48.91   0.0010460
  120.28  141.42   48.46   0.0010460
 -120.29   38.40   48.51   0.0010460
   59.75   38.66   48.39   0.0010460
  120.28  141.42   48.46   0.0010460
 -120.29   38.40   48.51   0.0010460
  -59.77  141.30   48.39   0.0010460
  120.28  141.42   48.46   0.0010460
  -59.77  141.30   48.39   0.0010460
  -59.77  141.30   48.39   0.0010460
  -59.77  141.30   48.39   0.0010460
  120.28  141.42   48.46   0.0010460
   59.75   38.66   48.39   0.0010460
  -59.77  141.30   48.39   0.0010460
 -120.29   38.40   48.51   0.0010460
 -115.36   33.17   52.83   0.0010460
 -115.36   33.17   52.83   0.0010460
  -65.07  146.12   51.95   0.0010460
  -65.07  146.12   51.95   0.0010460
  115.18  146.49   52.45   0.0010460
 -115.36   33.17   52.83   0.0010460
  -65.07  146.12   51.95   0.0010460
   64.99   33.71   52.16   0.0010460
   64.99   33.71   52.16   0.0010460
  115.18  146.49   52.45   0.0010460
   64.99   33.71   52.16   0.0010460
  -65.07  146.12   51.95   0.0010460
   64.99   33.71   52.16   0.0010460
   66.03   27.10   64.82   0.0010460
 -114.74   26.46   65.83   0.0010460
  114.62  153.39   65.44   0.0010460
  -65.96  152.86   64.54   0.0010460
  -92.00   34.59   72.21   0.0010460
  160.23  174.89   45.01   0.0010460
  148.48  174.20   41.24   0.0010460
   45.23    6.49   39.52   0.0010460
 -135.46    6.39   40.26   0.0010460
  -45.03  173.53   39.56   0.0010460
  -45.03  173.53   39.56   0.0010460
   45.23    6.49   39.52   0.0010460
  138.71  174.98   57.88   0.0010460
  -42.59  174.89   56.53   0.0010460
   19.46    3.75   90.46   0.0010460
   20.12    1.30  118.45   0.0010460
  -37.57  161.31   46.05   0.0010460
  -37.57  161.31   46.05   0.0010460
  -37.36  163.43   58.59   0.0010460
 -143.29   16.39   59.46   0.0010460
  154.39  166.69   81.48   0.0010460
  -16.61  168.39   99.37   0.0010460
  166.35  169.00  109.82   0.0010460
   97.49  175.55   61.62   0.0010460
 -143.17   28.67   63.61   0.0010460
  -36.54  154.33   71.53   0.0010460
  143.82  154.51   72.09   0.0010460
 -149.50   20.86   87.16   0.0010460
  -31.70  158.81   85.53   0.0010460
   31.28   21.04   86.08   0.0010460
 -152.39   17.60   98.14   0.0010460
   27.96   17.64   97.70   0.0010460
   27.96   17.64   97.70   0.0010460
  152.11  162.33   97.84   0.0010460
  152.11  162.33   97.84   0.0010460
   27.96   17.64   97.70   0.0010460
  152.11  162.33   97.84   0.0010460
 -152.39   17.60   98.14   0.0010460
  152.11  162.33   97.84   0.0010460
  152.11  162.33   97.84   0.0010460
  147.97  165.14   99.52   0.0010460
   32.18   14.82   99.35   0.0010460
  147.97  165.14   99.52   0.0010460
  147.97  165.14   99.52   0.0010460
   32.18   14.82   99.35   0.0010460
 -148.07   14.80   99.60   0.0010460
 -148.07   14.80   99.60   0.0010460
  -32.09  165.08   99.41   0.0010460
  -32.09  165.08   99.41   0.0010460
   45.79   12.52   91.13   0.0010460
  134.71  167.48   91.59   0.0010460
   45.79   12.52   91.13   0.0010460
   47.87   47.65   53.15   0.0010460
  -53.89  132.94   52.15   0.0010460
  -53.89  132.94   52.15   0.0010460
 -126.12   46.99   52.06   0.0010460
  -53.89  132.94   52.15   0.0010460
 -126.12   46.99   52.06   0.0010460
  -53.89  132.94   52.15   0.0010460
  -59.69  134.57   53.00   0.0010460
  -59.69  134.57   53.00   0.0010460
  -59.69  134.57   53.00   0.0010460
 -120.26   45.24   52.95   0.0010460
 -120.26   45.24   52.95   0.0010460
 -120.26   45.24   52.95   0.0010460
 -114.32   44.88   56.77   0.0010460
  -65.60  134.87   56.70   0.0010460
  -65.60  134.87   56.70   0.0010460
  -88.34  135.23   64.08   0.0010460
  -94.83  136.94   68.18   0.0010460
  -36.50  142.94   59.10   0.0010460
  -37.97  144.36   63.79   0.0010460
  142.28  144.53   64.20   0.0010460
 -142.53   35.30   64.46   0.0010460
  139.34  146.85   67.33   0.0010460
 -139.69   32.90   67.80   0.0010460
  -41.11  146.56   66.58   0.0010460
  -41.11  146.56   66.58   0.0010460
 -139.69   32.90   67.80   0.0010460
  -41.11  146.56   66.58   0.0010460
 -139.69   32.90   67.80   0.0010460
   41.01   33.38   66.65   0.0010460
  -41.11  146.56   66.58   0.0010460
 -138.12   28.54   74.50   0.0010460
  -43.17  150.81   72.57   0.0010460
  137.60  151.19   73.77   0.0010460
  137.60  151.19   73.77   0.0010460
  137.60  151.19   73.77   0.0010460
  -43.17  150.81   72.57   0.0010460
   43.00   29.05   72.85   0.0010460
  -43.17  150.81   72.57   0.0010460
   43.00   29.05   72.85   0.0010460
  137.60  151.19   73.77   0.0010460
  137.60  151.19   73.77   0.0010460
 -138.12   28.54   74.50   0.0010460
   43.00   29.05   72.85   0.0010460
 -138.12   28.54   74.50   0.0010460
 -138.12   28.54   74.50   0.0010460
  -43.17  150.81   72.57   0.0010460
  -43.17  150.81   72.57   0.0010460
   39.81   23.87   86.60   0.0010460
 -141.12   23.62   87.79   0.0010460
   39.81   23.87   86.60   0.0010460
  -39.95  156.01   86.33   0.0010460
  140.75  156.24   87.32   0.0010460
   39.81   23.87   86.60   0.0010460
  -39.95  156.01   86.33   0.0010460
 -141.12   23.62   87.79   0.0010460
   39.81   23.87   86.60   0.0010460
 -141.12   23.62   87.79   0.0010460
 -135.95   20.69   90.32   0.0010460
  135.95  159.24   90.28   0.0010460
 -135.95   20.69   90.32   0.0010460
  -44.25  159.10   89.99   0.0010460
  -78.49  148.54   81.89   0.0010460
  154.52  132.45   57.53   0.0010460
  -36.92  128.30   58.71   0.0010460
 -126.51   53.10   56.19   0.0010460
   31.62   21.86   61.87   0.0010460
  -31.97  158.09   61.44   0.0010460
  157.76  161.31   82.36   0.0010460
   22.15   18.70   82.37   0.0010460
   15.06   16.56   98.56   0.0010460
   11.95   12.05  119.46   0.0010460
  165.76  142.20   55.81   0.0010460
   32.83   43.28   59.01   0.0010460
  -32.91  136.80   58.99   0.0010460
  143.85  136.01   61.21   0.0010460
  138.91  135.50   60.60   0.0010460
  138.91  135.50   60.60   0.0010460
 -139.03   44.43   60.63   0.0010460
 -139.03   44.43   60.63   0.0010460
  138.91  135.50   60.60   0.0010460
  138.91  135.50   60.60   0.0010460
  -41.18  135.39   60.46   0.0010460
 -139.03   44.43   60.63   0.0010460
   41.17   44.66   60.37   0.0010460
 -139.03   44.43   60.63   0.0010460
 -132.81   43.87   59.05   0.0010460
   47.37   44.13   58.79   0.0010460
  132.72  136.01   58.98   0.0010460
  132.72  136.01   58.98   0.0010460
 -132.81   43.87   59.05   0.0010460
  132.72  136.01   58.98   0.0010460
   47.37   44.13   58.79   0.0010460
 -132.81   43.87   59.05   0.0010460
  132.72  136.01   58.98   0.0010460
  132.72  136.01   58.98   0.0010460
  -47.37  135.88   58.85   0.0010460
   47.37   44.13   58.79   0.0010460
 -132.81   43.87   59.05   0.0010460
 -132.81   43.87   59.05   0.0010460
 -132.81   43.87   59.05   0.0010460
  132.72  136.01   58.98   0.0010460
 -132.81   43.87   59.05   0.0010460
   47.37   44.13   58.79   0.0010460
   47.37   44.13   58.79   0.0010460
  132.72  136.01   58.98   0.0010460
 -132.81   43.87   59.05   0.0010460
  -53.47  138.17   59.52   0.0010460
   53.46   41.79   59.54   0.0010460
  126.66  138.37   59.73   0.0010460
 -126.76   41.43   59.91   0.0010460
   53.46   41.79   59.54   0.0010460
   53.46   41.79   59.54   0.0010460
  126.66  138.37   59.73   0.0010460
  126.66  138.37   59.73   0.0010460
  126.66  138.37   59.73   0.0010460
   53.46   41.79   59.54   0.0010460
  -53.47  138.17   59.52   0.0010460
  126.66  138.37   59.73   0.0010460
   53.46   41.79   59.54   0.0010460
 -126.76   41.43   59.91   0.0010460
   53.46   41.79   59.54   0.0010460
   53.46   41.79   59.54   0.0010460
  -53.47  138.17   59.52   0.0010460
 -126.76   41.43   59.91   0.0010460
  -53.47  138.17   59.52   0.0010460
 -126.76   41.43   59.91   0.0010460
  -75.44  142.50   78.55   0.0010460
   95.57  141.58   79.51   0.0010460
  -28.97  151.68   58.67   0.0010460
  151.08  151.70   58.77   0.0010460
  155.29  154.29   73.82   0.0010460
   24.59   25.74   73.87   0.0010460
  160.61  156.80   88.24   0.0010460
 -166.53   21.02  103.13   0.0010460
  166.18  158.93  102.74   0.0010460
 -168.34   20.06  112.56   0.0010460
   11.58   20.05  112.58   0.0010460
 -168.34   20.06  112.56   0.0010460
   11.58   20.05  112.58   0.0010460
 -166.93   17.97  116.14   0.0010460
  166.77  161.98  116.02   0.0010460
  -13.10  161.95  116.12   0.0010460
 -166.93   17.97  116.14   0.0010460
 -159.61   45.79   60.32   0.0010460
  147.88  130.49   62.28   0.0010460
 -131.21   51.78   59.79   0.0010460
  -48.83  128.17   59.83   0.0010460
   48.83   51.87   59.76   0.0010460
 -131.21   51.78   59.79   0.0010460
  -48.83  128.17   59.83   0.0010460
 -131.21   51.78   59.79   0.0010460
 -125.97   50.99   61.26   0.0010460
   53.98   51.16   61.27   0.0010460
  125.98  128.95   61.23   0.0010460
 -125.97   50.99   61.26   0.0010460
 -125.97   50.99   61.26   0.0010460
  151.75  169.43   53.40   0.0010460
  -28.35  169.41   53.30   0.0010460
  -24.98  170.71   70.90   0.0010460
 -156.34    9.19   72.50   0.0010460
  -24.98  170.71   70.90   0.0010460
  -24.98  170.71   70.90   0.0010460
  155.92  170.78   71.87   0.0010460
   11.93    4.64  126.21   0.0010460
 -143.74    3.58  105.73   0.0010460
  -82.76  175.01   71.64   0.0010460
  153.38  146.43   64.31   0.0010460
 -157.53   31.21   77.86   0.0010460
 -157.53   31.21   77.86   0.0010460
  161.67  153.35   98.15   0.0010460
 -162.11   26.56   98.68   0.0010460
  161.67  153.35   98.15   0.0010460
  161.67  153.35   98.15   0.0010460
 -162.11   26.56   98.68   0.0010460
   18.48   26.69   97.84   0.0010460
  163.16  155.08  107.69   0.0010460
  163.16  155.08  107.69   0.0010460
  163.16  155.08  107.69   0.0010460
  -17.00  155.03  107.40   0.0010460
  -17.00  155.03  107.40   0.0010460
   16.88   24.91  107.54   0.0010460
   16.88   24.91  107.54   0.0010460
   16.88   24.91  107.54   0.0010460
   16.88   24.91  107.54   0.0010460
 -163.39   24.88  107.93   0.0010460
  163.16  155.08  107.69   0.0010460
   16.88   24.91  107.54   0.0010460
 -163.39   24.88  107.93   0.0010460
   16.88   24.91  107.54   0.0010460
  -20.55  157.17  109.66   0.0010460
   20.57   22.75  109.65   0.0010460
  -20.55  157.17  109.66   0.0010460
  -20.55  157.17  109.66   0.0010460
  -20.55  157.17  109.66   0.0010460
   20.57   22.75  109.65   0.0010460
  159.53  157.23  109.79   0.0010460
   20.57   22.75  109.65   0.0010460
  -20.55  157.17  109.66   0.0010460
   20.57   22.75  109.65   0.0010460
  -20.55  157.17  109.66   0.0010460
   20.57   22.75  109.65   0.0010460
 -159.67   22.72  109.92   0.0010460
  -20.55  157.17  109.66   0.0010460
 -111.33   28.64   91.04   0.0010460
 -164.01   37.99   60.93   0.0010460
  157.64  140.47   62.21   0.0010460
  -22.35  140.48   62.21   0.0010460
  154.43  140.27   67.07   0.0010460
   25.55   39.82   67.02   0.0010460
  154.98  141.44   75.15   0.0010460
   25.17   38.71   74.82   0.0010460
  -28.12  142.22   77.97   0.0010460
  -30.77  143.95   81.85   0.0010460
 -150.10   35.61   83.08   0.0010460
  -30.77  143.95   81.85   0.0010460
  149.74  144.23   82.62   0.0010460
 -150.10   35.61   83.08   0.0010460
 -150.10   35.61   83.08   0.0010460
 -150.10   35.61   83.08   0.0010460
   30.74   36.02   81.84   0.0010460
   30.74   36.02   81.84   0.0010460
 -150.10   35.61   83.08   0.0010460
   30.74   36.02   81.84   0.0010460
   30.74   36.02   81.84   0.0010460
 -150.10   35.61   83.08   0.0010460
  -30.77  143.95   81.85   0.0010460
 -150.10   35.61   83.08   0.0010460
   30.74   36.02   81.84   0.0010460
   30.74   36.02   81.84   0.0010460
  -33.10  146.71   87.29   0.0010460
   33.07   33.24   87.37   0.0010460
  147.74  147.01   88.52   0.0010460
   33.07   33.24   87.37   0.0010460
  -33.10  146.71   87.29   0.0010460
  -33.10  146.71   87.29   0.0010460
  147.74  147.01   88.52   0.0010460
 -148.18   32.83   89.11   0.0010460
  147.74  147.01   88.52   0.0010460
   33.07   33.24   87.37   0.0010460
  147.74  147.01   88.52   0.0010460
 -148.18   32.83   89.11   0.0010460
   33.07   33.24   87.37   0.0010460
  -33.10  146.71   87.29   0.0010460
  -33.10  146.71   87.29   0.0010460
 -148.18   32.83   89.11   0.0010460
  146.72  149.64   95.97   0.0010460
 -146.96   30.26   96.28   0.0010460
  146.72  149.64   95.97   0.0010460
  146.72  149.64   95.97   0.0010460
 -119.09   32.49   92.56   0.0010460
  -20.32  164.65   57.33   0.0010460
  159.63  164.65   57.29   0.0010460
  159.69  165.56   70.19   0.0010460
   20.42   14.46   70.14   0.0010460
  159.69  165.56   70.19   0.0010460
   20.42   14.46   70.14   0.0010460
 -160.13   14.38   70.84   0.0010460
 -160.13   14.38   70.84   0.0010460
    6.81   13.12   96.99   0.0010460
 -173.38   13.11   97.27   0.0010460
  173.21  166.87   97.03   0.0010460
   24.48    6.93  116.69   0.0010460
 -127.92    6.39   93.84   0.0010460
  -15.08  136.03   64.08   0.0010460
  -21.41  134.38   65.18   0.0010460
  -25.64  133.40   68.09   0.0010460
   25.53   46.65   68.17   0.0010460
 -151.59   47.06   71.16   0.0010460
  151.44  132.90   71.07   0.0010460
  -28.75  132.79   70.82   0.0010460
  -28.75  132.79   70.82   0.0010460
   34.65   48.54   69.26   0.0010460
  145.56  131.70   69.65   0.0010460
  145.56  131.70   69.65   0.0010460
   41.56   49.22   66.83   0.0010460
 -138.70   48.96   67.18   0.0010460
  138.61  130.97   67.11   0.0010460
 -138.70   48.96   67.18   0.0010460
  138.61  130.97   67.11   0.0010460
  -41.53  130.82   66.93   0.0010460
  138.61  130.97   67.11   0.0010460
  -41.53  130.82   66.93   0.0010460
   41.56   49.22   66.83   0.0010460
   41.56   49.22   66.83   0.0010460
 -138.70   48.96   67.18   0.0010460
  -41.53  130.82   66.93   0.0010460
   41.56   49.22   66.83   0.0010460
  138.61  130.97   67.11   0.0010460
 -138.70   48.96   67.18   0.0010460
 -138.70   48.96   67.18   0.0010460
  138.61  130.97   67.11   0.0010460
   41.56   49.22   66.83   0.0010460
 -138.70   48.96   67.18   0.0010460
 -132.27   47.96   67.09   0.0010460
   47.93   48.27   66.78   0.0010460
  132.20  131.92   66.96   0.0010460
  132.20  131.92   66.96   0.0010460
 -132.27   47.96   67.09   0.0010460
  -47.92  131.75   66.80   0.0010460
  132.20  131.92   66.96   0.0010460
   47.93   48.27   66.78   0.0010460
  -47.92  131.75   66.80   0.0010460
  -47.92  131.75   66.80   0.0010460
   47.93   48.27   66.78   0.0010460
  132.20  131.92   66.96   0.0010460
 -132.27   47.96   67.09   0.0010460
   47.93   48.27   66.78   0.0010460
 -132.27   47.96   67.09   0.0010460
  132.20  131.92   66.96   0.0010460
  -47.92  131.75   66.80   0.0010460
 -132.27   47.96   67.09   0.0010460
 -132.27   47.96   67.09   0.0010460
  132.20  131.92   66.96   0.0010460
   52.82   46.76   69.62   0.0010460
  127.35  133.53   69.82   0.0010460
 -127.41   46.35   70.00   0.0010460
   52.82   46.76   69.62   0.0010460
  104.70  134.00   77.03   0.0010460
   75.77   46.27   76.55   0.0010460
   75.77   46.27   76.55   0.0010460
   83.47   44.98   79.46   0.0010460
 -162.15   20.20   63.78   0.0010460
  161.87  159.75   63.37   0.0010460
   18.22   20.29   63.30   0.0010460
 -162.15   20.20   63.78   0.0010460
   18.22   20.29   63.30   0.0010460
   18.22   20.29   63.30   0.0010460
  -14.43  161.11   79.91   0.0010460
   13.89   18.85   80.59   0.0010460
  166.22  161.17   80.71   0.0010460
   -1.09  162.78  113.32   0.0010460
   -1.72  162.89  119.91   0.0010460
 -164.43   25.25   68.38   0.0010460
 -164.43   25.25   68.38   0.0010460
  164.14  154.69   67.96   0.0010460
 -164.43   25.25   68.38   0.0010460
   15.97   25.37   67.81   0.0010460
  169.01  156.11   85.09   0.0010460
  -11.66  156.06   84.23   0.0010460
  -11.66  156.06   84.23   0.0010460
   -4.34  157.09  102.01   0.0010460
   -4.34  157.09  102.01   0.0010460
   14.34   30.84   70.82   0.0010460
   14.34   30.84   70.82   0.0010460
  165.84  149.23   71.08   0.0010460
  165.84  149.23   71.08   0.0010460
  -11.54  150.39   84.55   0.0010460
  169.07  150.45   85.36   0.0010460
 -169.44   29.50   85.84   0.0010460
    6.89   28.46   98.53   0.0010460
  173.24  151.56   98.80   0.0010460
 -175.03   26.66  116.18   0.0010460
   -7.26  153.84  119.97   0.0010460
 -172.82   26.11  120.06   0.0010460
 -172.82   26.11  120.06   0.0010460
    7.12   26.11  120.09   0.0010460
    7.12   26.11  120.09   0.0010460
  -33.04  160.06  109.95   0.0010460
 -122.32   26.20  100.28   0.0010460
 -167.15   36.62   73.36   0.0010460
   13.25   36.76   72.76   0.0010460
  167.43  144.13   83.09   0.0010460
  -13.07  144.05   82.42   0.0010460
 -169.18   34.84   92.99   0.0010460
   11.17   34.96   92.47   0.0010460
   11.17   34.96   92.47   0.0010460
  168.00  146.40   98.92   0.0010460
  -10.98  147.73  107.64   0.0010460
 -169.57   32.17  108.38   0.0010460
  169.30  147.80  108.07   0.0010460
   10.83   32.23  107.78   0.0010460
  -12.86  148.37  112.98   0.0010460
   12.83   31.59  113.01   0.0010460
   12.83   31.59  113.01   0.0010460
 -167.40   31.57  113.33   0.0010460
  167.24  148.41  113.17   0.0010460
   12.83   31.59  113.01   0.0010460
  167.24  148.41  113.17   0.0010460
  -12.86  148.37  112.98   0.0010460
   12.83   31.59  113.01   0.0010460
  -12.86  148.37  112.98   0.0010460
 -167.40   31.57  113.33   0.0010460
 -167.40   31.57  113.33   0.0010460
  -12.86  148.37  112.98   0.0010460
  -12.86  148.37  112.98   0.0010460
 -167.40   31.57  113.33   0.0010460
  161.53  149.97  113.06   0.0010460
  -18.54  149.91  112.93   0.0010460
  134.65  151.77  103.18   0.0010460
 -114.64   35.11   98.46   0.0010460
  167.79  137.05   74.61   0.0010460
 -167.87   42.93   74.71   0.0010460
  165.19  137.14   80.02   0.0010460
  -15.19  137.05   79.50   0.0010460
 -164.26   42.49   86.07   0.0010460
  164.10  137.46   85.92   0.0010460
  164.10  137.46   85.92   0.0010460
 -164.26   42.49   86.07   0.0010460
  -20.70  137.59   86.60   0.0010460
  159.58  137.74   87.01   0.0010460
  -20.70  137.59   86.60   0.0010460
  159.58  137.74   87.01   0.0010460
 -155.64   41.59   88.92   0.0010460
  -25.06  138.09   87.98   0.0010460
  155.39  138.32   88.63   0.0010460
  -25.06  138.09   87.98   0.0010460
  155.39  138.32   88.63   0.0010460
 -155.64   41.59   88.92   0.0010460
  155.39  138.32   88.63   0.0010460
   30.13   41.09   89.50   0.0010460
  -30.00  138.95   89.68   0.0010460
   30.13   41.09   89.50   0.0010460
  -30.00  138.95   89.68   0.0010460
  -30.00  138.95   89.68   0.0010460
  150.73  139.24   90.73   0.0010460
  -30.00  138.95   89.68   0.0010460
   30.13   41.09   89.50   0.0010460
  150.73  139.24   90.73   0.0010460
  150.73  139.24   90.73   0.0010460
  150.73  139.24   90.73   0.0010460
 -151.00   40.65   91.11   0.0010460
 -151.00   40.65   91.11   0.0010460
 -151.00   40.65   91.11   0.0010460
   30.13   41.09   89.50   0.0010460
   30.13   41.09   89.50   0.0010460
   30.13   41.09   89.50   0.0010460
  -30.00  138.95   89.68   0.0010460
 -151.00   40.65   91.11   0.0010460
  -30.00  138.95   89.68   0.0010460
  150.73  139.24   90.73   0.0010460
   30.13   41.09   89.50   0.0010460
  -30.00  138.95   89.68   0.0010460
  150.73  139.24   90.73   0.0010460
   30.13   41.09   89.50   0.0010460
  150.73  139.24   90.73   0.0010460
   34.56   40.06   92.28   0.0010460
  -34.40  139.98   92.46   0.0010460
   34.56   40.06   92.28   0.0010460
   34.56   40.06   92.28   0.0010460
  -34.40  139.98   92.46   0.0010460
 -146.64   39.65   93.94   0.0010460
  146.39  140.26   93.58   0.0010460
   34.56   40.06   92.28   0.0010460
  121.77  140.40   94.45   0.0010460
 -109.33   40.94   92.71   0.0010460
  109.54  139.10   92.90   0.0010460
 -109.33   40.94   92.71   0.0010460
