TEXTURE AT STRAIN =    1.0000
   1.000   1.208   0.414  <-- length of average ellipsoid axes for phase
 -158.38   90.00   90.00  <-- Euler angles of average ellipsoid axes for phase
B       500
   92.40  119.40   26.63   0.0020000
  -87.81   33.19   59.10   0.0020000
  144.64   34.06   80.54   0.0020000
  164.72   85.14   42.19   0.0020000
 -179.93   68.46   17.32   0.0020000
   27.04   14.61  -93.47   0.0020000
   44.96   80.59  -43.19   0.0020000
 -112.53  142.04  -10.31   0.0020000
  -15.09   68.26  129.82   0.0020000
  -32.98  139.64 -158.74   0.0020000
  -42.39  146.53  -90.09   0.0020000
   72.58  154.92   75.68   0.0020000
   54.32   52.69   29.86   0.0020000
   67.18  132.77  169.07   0.0020000
   72.76  131.79   -5.14   0.0020000
  -54.67   81.71  173.98   0.0020000
  100.19   23.34 -119.90   0.0020000
  128.51   47.97    9.42   0.0020000
  117.79   50.71 -155.26   0.0020000
  -38.47   39.19  169.44   0.0020000
 -114.46  136.08  -12.54   0.0020000
   66.08  139.62 -100.63   0.0020000
  -65.95   13.17   83.86   0.0020000
 -128.18   35.08 -149.77   0.0020000
  164.51   91.19   48.00   0.0020000
   99.53  104.34  -52.96   0.0020000
  -13.08   91.90  -77.09   0.0020000
   19.35   47.08  168.57   0.0020000
  -54.23  107.20  -99.76   0.0020000
  -13.76  121.98  -39.17   0.0020000
  164.77   85.89   51.29   0.0020000
   44.29   45.54  -48.14   0.0020000
 -139.66  124.46  127.87   0.0020000
  -80.64   75.14 -119.03   0.0020000
  -17.04  128.24 -137.43   0.0020000
   41.91   58.81 -129.34   0.0020000
   43.59  140.62 -131.78   0.0020000
 -101.61   50.36  176.26   0.0020000
  -85.68  110.08  117.24   0.0020000
   52.21   91.49   67.15   0.0020000
 -116.35  138.73   73.01   0.0020000
  137.94   58.48   89.64   0.0020000
  176.18   59.28 -158.91   0.0020000
  -18.88   50.97  140.14   0.0020000
 -146.94   54.21 -116.11   0.0020000
 -134.33   90.72 -135.50   0.0020000
  -48.96   45.47    5.94   0.0020000
  164.49   80.14  130.85   0.0020000
   -4.31   50.53 -156.94   0.0020000
  -51.46   42.06 -169.23   0.0020000
  -67.33   35.46  -55.51   0.0020000
  -13.55   99.07  154.19   0.0020000
   47.99  121.30 -127.88   0.0020000
  142.30  155.83  -90.56   0.0020000
  101.83   51.38 -132.55   0.0020000
  -55.79  130.42  -15.58   0.0020000
   89.99  115.92  -67.13   0.0020000
   -6.31   49.18   28.35   0.0020000
  -40.50   22.69   -6.06   0.0020000
  102.84   85.77   99.49   0.0020000
 -151.37   15.44  -11.47   0.0020000
   -8.08  113.16  154.85   0.0020000
  -78.64   60.33 -131.20   0.0020000
 -133.86  162.43  -54.69   0.0020000
  -15.72   81.26 -138.70   0.0020000
  166.79   68.73 -144.45   0.0020000
   39.33  141.36 -138.71   0.0020000
   47.76  130.21 -127.89   0.0020000
 -105.96   43.81   90.36   0.0020000
 -116.74   47.16 -160.67   0.0020000
   48.15   77.02   36.04   0.0020000
    4.67  121.58  168.39   0.0020000
  155.40   25.46  146.94   0.0020000
  -79.25   88.70  -48.99   0.0020000
   90.33  148.76  112.39   0.0020000
  -38.33  146.38    8.61   0.0020000
   33.87  141.44 -147.12   0.0020000
  158.99   50.21   55.22   0.0020000
  161.34   71.69   60.35   0.0020000
   48.76  143.32   55.94   0.0020000
 -149.23   51.96  156.51   0.0020000
   67.53   32.95 -166.69   0.0020000
  -35.27  137.26  103.09   0.0020000
  -17.49  106.50 -144.13   0.0020000
   66.67    2.36   63.15   0.0020000
  178.98   56.69 -163.17   0.0020000
 -136.11   86.39  136.57   0.0020000
  106.65   92.26  109.24   0.0020000
   53.04  129.31   60.66   0.0020000
   46.09   74.37  -48.13   0.0020000
 -175.46   41.61   10.59   0.0020000
  130.09   39.77    8.49   0.0020000
  119.34   85.26  168.09   0.0020000
   51.36  139.18 -121.05   0.0020000
    5.73   96.58   -0.47   0.0020000
 -128.28  143.56 -120.41   0.0020000
  153.01  134.92  116.19   0.0020000
  107.38   69.20  -51.63   0.0020000
   95.37  119.84  -57.52   0.0020000
 -135.70   80.89   51.49   0.0020000
   97.72   58.96  -36.15   0.0020000
 -138.50   82.29   64.67   0.0020000
  167.06   61.44   35.35   0.0020000
  154.81  132.37  113.37   0.0020000
   95.88  103.66   93.52   0.0020000
  163.85   89.78  -45.20   0.0020000
   64.14   35.69   15.70   0.0020000
  -18.22   57.98  138.22   0.0020000
   46.71  114.87 -128.05   0.0020000
  -13.01   92.02 -127.45   0.0020000
   37.68   41.18 -128.15   0.0020000
  119.47  120.77   76.02   0.0020000
  -83.94  124.14  123.29   0.0020000
 -116.57   44.39 -163.93   0.0020000
  133.94  125.11  -94.50   0.0020000
  164.49  121.86  -42.26   0.0020000
  111.95   54.62   33.27   0.0020000
  -21.02   38.47  -38.81   0.0020000
 -132.65   95.16   27.02   0.0020000
   72.33  136.63   -2.60   0.0020000
   33.63   30.91  -28.43   0.0020000
   48.25   90.14  108.13   0.0020000
   77.40   47.76  176.16   0.0020000
  -89.76   57.44  155.24   0.0020000
 -144.46  140.65   34.97   0.0020000
   75.69  135.75    1.12   0.0020000
  129.59   77.63  -85.96   0.0020000
 -135.03  134.37  -40.65   0.0020000
 -133.32   51.90 -140.92   0.0020000
    5.88  142.60 -101.12   0.0020000
   36.89   81.39   -8.57   0.0020000
  -83.06  108.86  123.54   0.0020000
   77.58  124.31  -91.03   0.0020000
  -55.26   45.71  -74.78   0.0020000
 -144.35  130.52 -147.88   0.0020000
  -69.56  126.31  -35.69   0.0020000
  -47.42   48.27   93.74   0.0020000
  167.42   91.16  143.30   0.0020000
  -52.28   57.62   11.10   0.0020000
   64.75  136.94  166.70   0.0020000
  -28.70  137.61  113.30   0.0020000
  143.17  134.77  101.01   0.0020000
 -160.98   51.69   82.24   0.0020000
   75.36   42.56   89.38   0.0020000
 -110.98  126.11   81.61   0.0020000
  164.74  101.22   49.11   0.0020000
  169.16   59.40  122.26   0.0020000
  107.03   83.35  123.92   0.0020000
   84.32   91.54  -89.34   0.0020000
  104.67   59.81  134.23   0.0020000
 -123.40  136.14   65.99   0.0020000
  -15.37  107.29  -39.98   0.0020000
   96.92   67.49   -1.85   0.0020000
  -87.36   65.24   62.33   0.0020000
  -79.70   83.66 -127.30   0.0020000
  179.48  153.00  160.55   0.0020000
  -99.51  131.61  -81.04   0.0020000
   27.46  141.73   23.81   0.0020000
 -170.53  109.51   79.38   0.0020000
 -148.73   91.00 -155.12   0.0020000
   67.28  135.66   80.35   0.0020000
  136.01   45.90  179.84   0.0020000
  -85.48  118.04   31.56   0.0020000
 -133.48  135.41 -128.76   0.0020000
   94.06   63.35   59.70   0.0020000
   88.23  124.79   62.21   0.0020000
  -24.17   43.78  150.24   0.0020000
  131.68   11.64  161.78   0.0020000
  140.91  102.22 -178.83   0.0020000
  152.66   54.74  154.41   0.0020000
  -13.37  106.30 -123.83   0.0020000
   -1.89  146.12  -25.40   0.0020000
 -174.90   38.16 -167.46   0.0020000
  -77.31   95.98  -40.80   0.0020000
  -99.11  131.21    8.66   0.0020000
  164.69   96.04  -40.99   0.0020000
  166.00  103.16  139.52   0.0020000
 -150.06  129.35 -157.01   0.0020000
  -86.20  114.24  -60.67   0.0020000
  131.36   49.02  -83.55   0.0020000
   26.72   44.69   67.99   0.0020000
  147.20   71.44  176.34   0.0020000
  -95.20  126.15  106.35   0.0020000
  -85.60   55.72 -121.30   0.0020000
  159.28  117.18  126.44   0.0020000
  172.90   50.38   26.19   0.0020000
  171.02   62.49 -152.20   0.0020000
   65.18  131.07   75.21   0.0020000
 -135.10  102.48 -137.14   0.0020000
  167.07   77.61  -56.54   0.0020000
 -111.98   44.80  -80.94   0.0020000
  164.20   59.19  -46.95   0.0020000
  -75.67  135.01  -47.57   0.0020000
  -41.00   99.26   89.25   0.0020000
  -15.86   90.67  137.94   0.0020000
  115.34  100.33    2.42   0.0020000
 -150.15  157.70 -161.21   0.0020000
   65.45  148.93   73.92   0.0020000
   80.25  134.70 -171.65   0.0020000
  -55.57   50.72    7.45   0.0020000
  135.89  137.43 -179.46   0.0020000
   44.73  127.26   47.09   0.0020000
   46.74  108.32 -130.12   0.0020000
  136.07   61.62  -92.35   0.0020000
    1.39  113.83  -16.10   0.0020000
   63.79   52.76  -71.63   0.0020000
 -168.68  149.17   -1.46   0.0020000
  -59.27  108.52   -1.21   0.0020000
   72.44   39.87   94.23   0.0020000
  -31.15  134.30  -68.74   0.0020000
  -41.01   46.56  -96.20   0.0020000
 -112.70   40.05    8.73   0.0020000
  -19.42  140.73 -142.28   0.0020000
   57.97   95.69  162.40   0.0020000
   -3.58  165.33  145.08   0.0020000
  102.50   82.66  -47.84   0.0020000
   45.70  111.06 -132.98   0.0020000
   58.28   35.27 -157.82   0.0020000
   49.40   74.10 -147.38   0.0020000
 -134.89   82.61  150.05   0.0020000
  109.24  140.53  -37.72   0.0020000
 -133.49   87.73   37.91   0.0020000
 -134.09   70.51 -137.90   0.0020000
  -25.17  131.11  -61.41   0.0020000
   -2.19   93.34  156.58   0.0020000
  165.66   77.07 -143.68   0.0020000
   12.30  124.61  178.93   0.0020000
   -4.77   64.91   21.59   0.0020000
 -129.64   32.52 -146.31   0.0020000
  -90.28   89.59  -91.56   0.0020000
  -39.95   55.71  -94.93   0.0020000
    3.97   64.45   13.80   0.0020000
 -174.09  150.41   74.16   0.0020000
  159.84   62.89   53.21   0.0020000
  150.23  146.16  106.63   0.0020000
 -132.57   89.26  123.16   0.0020000
  178.89  115.53 -107.96   0.0020000
  -69.73  104.24  149.34   0.0020000
   94.49   71.07 -115.68   0.0020000
  -76.10   85.63 -175.58   0.0020000
   57.22   91.97  -12.71   0.0020000
   76.19   46.61  -92.67   0.0020000
  -22.62  142.79   26.06   0.0020000
  -43.63  140.93  -89.95   0.0020000
   20.05   81.34  -92.39   0.0020000
  -55.96  128.12   71.89   0.0020000
  -87.48  113.31 -153.34   0.0020000
   96.94  140.72 -166.66   0.0020000
  -71.75  126.72   51.56   0.0020000
  -48.16  128.83  174.28   0.0020000
  -52.15  111.73   87.39   0.0020000
  142.77   57.77  -97.16   0.0020000
  -51.67   50.58 -170.85   0.0020000
   13.12   64.40 -179.83   0.0020000
   51.68   46.74  119.96   0.0020000
  164.18   46.45   46.40   0.0020000
  -43.65  135.82 -177.72   0.0020000
   45.18  107.49   44.48   0.0020000
   45.68  136.25  -39.36   0.0020000
  164.08  103.57 -130.40   0.0020000
 -101.62   52.04  177.05   0.0020000
  -61.45   72.38  -71.05   0.0020000
  -12.51  132.93   49.53   0.0020000
  173.21   48.53  118.99   0.0020000
 -116.78  146.35  162.14   0.0020000
  -17.32   54.74  -42.30   0.0020000
   27.48  145.91   22.75   0.0020000
  -45.55  157.66    9.99   0.0020000
 -134.17   91.19  -47.23   0.0020000
  -13.08  107.00 -120.99   0.0020000
  -15.47  103.68  138.96   0.0020000
 -122.55  139.98 -112.60   0.0020000
  -88.73  120.67  -63.18   0.0020000
  -80.18  115.27  128.71   0.0020000
  -84.47  126.20  122.57   0.0020000
   40.70  128.91  -50.14   0.0020000
 -107.75  133.58   -4.90   0.0020000
 -144.61  121.38   27.89   0.0020000
 -175.16  150.53  166.41   0.0020000
   57.00  132.49   61.39   0.0020000
  -89.18  127.40  -64.61   0.0020000
  165.03   74.87  -50.46   0.0020000
  -93.12  131.01 -161.56   0.0020000
  120.96   70.84   93.97   0.0020000
 -106.37  140.80  177.67   0.0020000
  -78.81  123.55  -48.89   0.0020000
   81.41  129.45  100.11   0.0020000
  164.58   86.29   45.13   0.0020000
  -15.23   97.99 -134.15   0.0020000
  -40.49   30.37  -91.56   0.0020000
  -68.18  134.67   56.17   0.0020000
   43.91   44.10  132.04   0.0020000
  116.48   60.91 -155.67   0.0020000
  -50.20   46.01    8.22   0.0020000
 -141.44  158.22  -60.96   0.0020000
  -14.09   73.28  134.18   0.0020000
  164.61   96.97 -134.21   0.0020000
  -86.73   63.93  151.07   0.0020000
 -142.96  142.80  126.96   0.0020000
 -109.70  136.00  174.43   0.0020000
   49.40   87.44  -21.67   0.0020000
   55.86   38.93  115.04   0.0020000
   38.70   30.30   51.37   0.0020000
 -115.77   96.93    3.91   0.0020000
  -39.16  155.80    8.42   0.0020000
  -14.85   95.94 -129.70   0.0020000
    6.74   88.67  170.71   0.0020000
  -88.71   68.10  161.25   0.0020000
 -141.18  106.44 -150.87   0.0020000
  -53.10   99.37   86.36   0.0020000
   42.91  111.54  126.48   0.0020000
  -15.71  104.00  138.83   0.0020000
 -121.09   44.06  109.73   0.0020000
 -118.22  137.44  163.27   0.0020000
 -110.74   41.61 -172.34   0.0020000
   94.68  108.35 -157.65   0.0020000
   36.83   81.69   65.32   0.0020000
  -91.86   59.56   69.24   0.0020000
  -14.79   81.87 -142.21   0.0020000
 -135.02   94.76   38.50   0.0020000
   35.71  140.21   35.26   0.0020000
  145.17   67.43  -98.05   0.0020000
  -14.36   92.99  140.63   0.0020000
   90.50  129.96 -158.89   0.0020000
    7.93   38.00 -172.22   0.0020000
    1.44   97.73 -110.48   0.0020000
   39.10  132.91  128.73   0.0020000
   44.17  109.16   41.84   0.0020000
  140.34   60.36   -4.26   0.0020000
 -162.19   78.43   13.32   0.0020000
  -14.97  100.77   52.77   0.0020000
   98.17  103.08  -82.97   0.0020000
   85.79  146.58    8.52   0.0020000
 -105.55   44.07    0.31   0.0020000
   73.48  130.01   88.81   0.0020000
  -68.03   76.93   89.20   0.0020000
   41.00  143.37  134.41   0.0020000
   97.22  107.30 -149.13   0.0020000
  -11.58  106.23 -120.25   0.0020000
  169.43  106.78  -31.28   0.0020000
  116.67   35.80   28.95   0.0020000
   91.74  119.62 -152.59   0.0020000
   86.24   52.51   72.48   0.0020000
   10.56  140.66   -1.30   0.0020000
   99.94   97.01   38.49   0.0020000
 -141.12  132.48 -141.79   0.0020000
  122.05   75.47    7.62   0.0020000
 -159.86  140.86   13.69   0.0020000
   64.48   45.31 -163.59   0.0020000
 -133.57  122.69   49.28   0.0020000
  170.60  128.83 -123.07   0.0020000
  -79.06  100.16   44.21   0.0020000
  -16.91  117.09  134.43   0.0020000
  128.85  120.30  -98.39   0.0020000
  176.58   21.26 -154.03   0.0020000
  -58.29   94.90  173.67   0.0020000
   46.12   94.23  -36.48   0.0020000
  -92.84   54.48   70.58   0.0020000
 -134.19   98.77   43.67   0.0020000
  -92.41   43.86 -108.24   0.0020000
 -160.99   81.00   96.48   0.0020000
   -1.72   99.27   78.68   0.0020000
 -172.94  129.24  175.26   0.0020000
 -136.80  116.13  -49.07   0.0020000
  169.19   64.75 -150.97   0.0020000
 -173.86  138.43   -8.21   0.0020000
   45.79   89.16 -131.49   0.0020000
  163.21   82.84  133.01   0.0020000
   -4.62  170.70   -6.18   0.0020000
  -13.18   93.12 -144.42   0.0020000
  174.71  137.73  -28.79   0.0020000
  146.86   47.54  163.61   0.0020000
  -62.54   52.76  -66.39   0.0020000
  -52.02   37.02  -77.94   0.0020000
   17.16  134.28  -80.94   0.0020000
  112.64   78.70  -89.98   0.0020000
  -54.31  141.48 -104.28   0.0020000
  -10.52   59.29  -57.70   0.0020000
  129.98   41.55  -83.35   0.0020000
  -18.13   70.08   55.30   0.0020000
  -52.20   49.27  -80.38   0.0020000
   43.25  131.81  135.48   0.0020000
 -120.43  140.26  160.18   0.0020000
  153.36   35.20  156.97   0.0020000
  -60.00  131.68  -21.70   0.0020000
   94.43   96.72  179.86   0.0020000
   45.20   98.79  -44.94   0.0020000
   96.71   50.23 -124.09   0.0020000
  155.52  134.20  114.65   0.0020000
  164.05   91.59  128.80   0.0020000
  163.07  145.66  130.70   0.0020000
  164.75   87.33  -48.85   0.0020000
  -80.83  102.41  -65.58   0.0020000
  154.59   50.80  151.67   0.0020000
   91.41   75.26   77.51   0.0020000
 -126.97  139.69 -118.45   0.0020000
  -99.20  136.06  -83.49   0.0020000
 -138.54   53.61 -130.40   0.0020000
  116.10   46.35   27.29   0.0020000
  116.25   53.45  -63.37   0.0020000
  125.67   24.66  -89.07   0.0020000
 -108.51   42.64   94.29   0.0020000
 -134.90   96.86   40.09   0.0020000
 -140.78   38.50  -40.41   0.0020000
   74.54   49.60 -177.32   0.0020000
 -134.21   99.38  -44.61   0.0020000
 -165.18  131.74  -84.76   0.0020000
  -97.29  128.52 -167.56   0.0020000
  -93.15   55.89  160.99   0.0020000
  -79.49   66.56   49.75   0.0020000
 -133.90  101.42   47.92   0.0020000
  164.09  139.97  -46.92   0.0020000
  -14.89   82.09 -133.25   0.0020000
   44.99   88.61 -118.25   0.0020000
  126.41  143.47 -105.03   0.0020000
  -10.99   59.14 -146.65   0.0020000
  -34.83  117.61   13.87   0.0020000
  -14.99   81.67 -141.82   0.0020000
  166.70   52.27 -139.13   0.0020000
   75.63  170.33 -105.74   0.0020000
  117.77  134.10  155.38   0.0020000
  146.08   77.65  178.48   0.0020000
   42.20  125.91 -138.23   0.0020000
  172.65  132.92 -120.76   0.0020000
   41.41   66.80   52.44   0.0020000
  -57.53  122.67  163.74   0.0020000
 -105.49  133.15    1.17   0.0020000
 -138.96  117.39  -53.29   0.0020000
  -98.10  139.29   97.23   0.0020000
   47.45   76.70   33.39   0.0020000
 -157.81  131.22  103.99   0.0020000
  114.95   54.37 -151.77   0.0020000
 -146.29  138.27 -147.55   0.0020000
  -42.31   44.00  -94.09   0.0020000
  169.18  108.19  -28.34   0.0020000
   28.38   21.29 -100.51   0.0020000
  110.71   51.10  124.47   0.0020000
 -104.87   44.93   -1.89   0.0020000
  -49.34   52.52  176.08   0.0020000
 -116.48   67.06   16.61   0.0020000
  132.26  117.01   92.41   0.0020000
  106.81  109.13   -8.52   0.0020000
   44.12   87.83   42.98   0.0020000
   42.17  113.41  128.42   0.0020000
  131.76  153.59  -96.72   0.0020000
  -96.98  137.29   98.44   0.0020000
  141.41   24.40  -94.04   0.0020000
   97.38  108.18  -57.21   0.0020000
  -49.30  127.37  171.99   0.0020000
  134.14   39.64  100.76   0.0020000
 -142.61   29.89  -35.21   0.0020000
  103.01  123.01   43.80   0.0020000
  172.82   45.43   30.90   0.0020000
 -139.91  101.80 -147.30   0.0020000
 -139.16   34.78 -133.72   0.0020000
  165.98  115.36 -125.52   0.0020000
  -77.36   49.59  -43.36   0.0020000
  -59.53   54.48  109.96   0.0020000
 -154.08   84.13   75.31   0.0020000
  -60.60   51.78 -156.54   0.0020000
   45.69   96.42  132.80   0.0020000
 -135.72   75.25   48.73   0.0020000
   17.76  105.26  -10.94   0.0020000
  -21.41  130.16   32.59   0.0020000
   65.60   42.62  102.49   0.0020000
   21.60  127.39  100.31   0.0020000
 -150.59   25.76 -107.51   0.0020000
  -15.77   86.89  134.02   0.0020000
    0.54   49.10   14.07   0.0020000
   62.95  139.56  164.65   0.0020000
  -58.45  134.42  -17.42   0.0020000
  147.67   34.75  163.33   0.0020000
   -6.24  122.84 -114.63   0.0020000
  108.56  113.96 -125.74   0.0020000
  -92.15  118.52  -69.61   0.0020000
   20.88  143.03  104.08   0.0020000
  -51.32  142.76    8.52   0.0020000
  -63.32   52.57   26.83   0.0020000
  -54.00  138.87  -12.20   0.0020000
 -133.99   41.32 -141.69   0.0020000
   43.98   68.24  137.18   0.0020000
   82.47   62.41   -2.90   0.0020000
 -132.66  106.93 -128.26   0.0020000
   74.13   44.29   -1.44   0.0020000
  164.10   31.43 -132.24   0.0020000
  138.82   61.35  179.00   0.0020000
  -74.43   44.48  132.53   0.0020000
  -74.74   86.81  150.78   0.0020000
  142.13  119.03  103.94   0.0020000
  151.30  144.91 -157.69   0.0020000
  -96.20  122.52   11.95   0.0020000
  -96.44   57.51   78.47   0.0020000
   79.90   49.47   81.79   0.0020000
  144.96  145.46  -78.02   0.0020000
 -134.59   91.66  -44.73   0.0020000
  -41.12  130.33    3.61   0.0020000
  140.22   59.70   -4.84   0.0020000
   50.70  123.93   56.83   0.0020000
   37.02  101.02   46.54   0.0020000
  -79.95  100.03  -62.32   0.0020000
TEXTURE AT STRAIN =    1.0000
   1.000   1.208   0.414  <-- length of average ellipsoid axes for phase
  111.62   90.00   90.00  <-- Euler angles of average ellipsoid axes for phase
B       500
    2.40  119.40   26.63   0.0020000
 -177.81   33.19   59.10   0.0020000
   54.64   34.06   80.54   0.0020000
   74.72   85.14   42.19   0.0020000
   90.07   68.46   17.32   0.0020000
  -62.96   14.61  -93.47   0.0020000
  -45.04   80.59  -43.19   0.0020000
  157.47  142.04  -10.31   0.0020000
 -105.09   68.26  129.82   0.0020000
 -122.98  139.64 -158.74   0.0020000
 -132.39  146.53  -90.09   0.0020000
  -17.42  154.92   75.68   0.0020000
  -35.68   52.69   29.86   0.0020000
  -22.82  132.77  169.07   0.0020000
  -17.24  131.79   -5.14   0.0020000
 -144.67   81.71  173.98   0.0020000
   10.19   23.34 -119.90   0.0020000
   38.51   47.97    9.42   0.0020000
   27.79   50.71 -155.26   0.0020000
 -128.47   39.19  169.44   0.0020000
  155.54  136.08  -12.54   0.0020000
  -23.92  139.62 -100.63   0.0020000
 -155.95   13.17   83.86   0.0020000
  141.82   35.08 -149.77   0.0020000
   74.51   91.19   48.00   0.0020000
    9.53  104.34  -52.96   0.0020000
 -103.08   91.90  -77.09   0.0020000
  -70.65   47.08  168.57   0.0020000
 -144.23  107.20  -99.76   0.0020000
 -103.76  121.98  -39.17   0.0020000
   74.77   85.89   51.29   0.0020000
  -45.71   45.54  -48.14   0.0020000
  130.34  124.46  127.87   0.0020000
 -170.64   75.14 -119.03   0.0020000
 -107.04  128.24 -137.43   0.0020000
  -48.09   58.81 -129.34   0.0020000
  -46.41  140.62 -131.78   0.0020000
  168.39   50.36  176.26   0.0020000
 -175.68  110.08  117.24   0.0020000
  -37.79   91.49   67.15   0.0020000
  153.65  138.73   73.01   0.0020000
   47.94   58.48   89.64   0.0020000
   86.18   59.28 -158.91   0.0020000
 -108.88   50.97  140.14   0.0020000
  123.06   54.21 -116.11   0.0020000
  135.67   90.72 -135.50   0.0020000
 -138.96   45.47    5.94   0.0020000
   74.49   80.14  130.85   0.0020000
  -94.31   50.53 -156.94   0.0020000
 -141.46   42.06 -169.23   0.0020000
 -157.33   35.46  -55.51   0.0020000
 -103.55   99.07  154.19   0.0020000
  -42.01  121.30 -127.88   0.0020000
   52.30  155.83  -90.56   0.0020000
   11.83   51.38 -132.55   0.0020000
 -145.79  130.42  -15.58   0.0020000
   -0.01  115.92  -67.13   0.0020000
  -96.31   49.18   28.35   0.0020000
 -130.50   22.69   -6.06   0.0020000
   12.84   85.77   99.49   0.0020000
  118.63   15.44  -11.47   0.0020000
  -98.08  113.16  154.85   0.0020000
 -168.64   60.33 -131.20   0.0020000
  136.14  162.43  -54.69   0.0020000
 -105.72   81.26 -138.70   0.0020000
   76.79   68.73 -144.45   0.0020000
  -50.67  141.36 -138.71   0.0020000
  -42.24  130.21 -127.89   0.0020000
  164.04   43.81   90.36   0.0020000
  153.26   47.16 -160.67   0.0020000
  -41.85   77.02   36.04   0.0020000
  -85.33  121.58  168.39   0.0020000
   65.40   25.46  146.94   0.0020000
 -169.25   88.70  -48.99   0.0020000
    0.33  148.76  112.39   0.0020000
 -128.33  146.38    8.61   0.0020000
  -56.13  141.44 -147.12   0.0020000
   68.99   50.21   55.22   0.0020000
   71.34   71.69   60.35   0.0020000
  -41.24  143.32   55.94   0.0020000
  120.77   51.96  156.51   0.0020000
  -22.47   32.95 -166.69   0.0020000
 -125.27  137.26  103.09   0.0020000
 -107.49  106.50 -144.13   0.0020000
  -23.33    2.36   63.15   0.0020000
   88.98   56.69 -163.17   0.0020000
  133.89   86.39  136.57   0.0020000
   16.65   92.26  109.24   0.0020000
  -36.96  129.31   60.66   0.0020000
  -43.91   74.37  -48.13   0.0020000
   94.54   41.61   10.59   0.0020000
   40.09   39.77    8.49   0.0020000
   29.34   85.26  168.09   0.0020000
  -38.64  139.18 -121.05   0.0020000
  -84.27   96.58   -0.47   0.0020000
  141.72  143.56 -120.41   0.0020000
   63.01  134.92  116.19   0.0020000
   17.38   69.20  -51.63   0.0020000
    5.37  119.84  -57.52   0.0020000
  134.30   80.89   51.49   0.0020000
    7.72   58.96  -36.15   0.0020000
  131.50   82.29   64.67   0.0020000
   77.06   61.44   35.35   0.0020000
   64.81  132.37  113.37   0.0020000
    5.88  103.66   93.52   0.0020000
   73.85   89.78  -45.20   0.0020000
  -25.86   35.69   15.70   0.0020000
 -108.22   57.98  138.22   0.0020000
  -43.29  114.87 -128.05   0.0020000
 -103.01   92.02 -127.45   0.0020000
  -52.32   41.18 -128.15   0.0020000
   29.47  120.77   76.02   0.0020000
 -173.94  124.14  123.29   0.0020000
  153.43   44.39 -163.93   0.0020000
   43.94  125.11  -94.50   0.0020000
   74.49  121.86  -42.26   0.0020000
   21.95   54.62   33.27   0.0020000
 -111.02   38.47  -38.81   0.0020000
  137.35   95.16   27.02   0.0020000
  -17.67  136.63   -2.60   0.0020000
  -56.37   30.91  -28.43   0.0020000
  -41.75   90.14  108.13   0.0020000
  -12.60   47.76  176.16   0.0020000
 -179.76   57.44  155.24   0.0020000
  125.54  140.65   34.97   0.0020000
  -14.31  135.75    1.12   0.0020000
   39.59   77.63  -85.96   0.0020000
  134.97  134.37  -40.65   0.0020000
  136.68   51.90 -140.92   0.0020000
  -84.12  142.60 -101.12   0.0020000
  -53.11   81.39   -8.57   0.0020000
 -173.06  108.86  123.54   0.0020000
  -12.42  124.31  -91.03   0.0020000
 -145.26   45.71  -74.78   0.0020000
  125.65  130.52 -147.88   0.0020000
 -159.56  126.31  -35.69   0.0020000
 -137.42   48.27   93.74   0.0020000
   77.42   91.16  143.30   0.0020000
 -142.28   57.62   11.10   0.0020000
  -25.25  136.94  166.70   0.0020000
 -118.70  137.61  113.30   0.0020000
   53.17  134.77  101.01   0.0020000
  109.02   51.69   82.24   0.0020000
  -14.64   42.56   89.38   0.0020000
  159.02  126.11   81.61   0.0020000
   74.74  101.22   49.11   0.0020000
   79.16   59.40  122.26   0.0020000
   17.03   83.35  123.92   0.0020000
   -5.68   91.54  -89.34   0.0020000
   14.67   59.81  134.23   0.0020000
  146.60  136.14   65.99   0.0020000
 -105.37  107.29  -39.98   0.0020000
    6.92   67.49   -1.85   0.0020000
 -177.36   65.24   62.33   0.0020000
 -169.70   83.66 -127.30   0.0020000
   89.48  153.00  160.55   0.0020000
  170.49  131.61  -81.04   0.0020000
  -62.54  141.73   23.81   0.0020000
   99.47  109.51   79.38   0.0020000
  121.27   91.00 -155.12   0.0020000
  -22.72  135.66   80.35   0.0020000
   46.01   45.90  179.84   0.0020000
 -175.48  118.04   31.56   0.0020000
  136.52  135.41 -128.76   0.0020000
    4.06   63.35   59.70   0.0020000
   -1.77  124.79   62.21   0.0020000
 -114.17   43.78  150.24   0.0020000
   41.68   11.64  161.78   0.0020000
   50.91  102.22 -178.83   0.0020000
   62.66   54.74  154.41   0.0020000
 -103.37  106.30 -123.83   0.0020000
  -91.89  146.12  -25.40   0.0020000
   95.10   38.16 -167.46   0.0020000
 -167.31   95.98  -40.80   0.0020000
  170.89  131.21    8.66   0.0020000
   74.69   96.04  -40.99   0.0020000
   76.00  103.16  139.52   0.0020000
  119.94  129.35 -157.01   0.0020000
 -176.20  114.24  -60.67   0.0020000
   41.36   49.02  -83.55   0.0020000
  -63.28   44.69   67.99   0.0020000
   57.20   71.44  176.34   0.0020000
  174.80  126.15  106.35   0.0020000
 -175.60   55.72 -121.30   0.0020000
   69.28  117.18  126.44   0.0020000
   82.90   50.38   26.19   0.0020000
   81.02   62.49 -152.20   0.0020000
  -24.82  131.07   75.21   0.0020000
  134.90  102.48 -137.14   0.0020000
   77.07   77.61  -56.54   0.0020000
  158.02   44.80  -80.94   0.0020000
   74.20   59.19  -46.95   0.0020000
 -165.67  135.01  -47.57   0.0020000
 -131.00   99.26   89.25   0.0020000
 -105.86   90.67  137.94   0.0020000
   25.34  100.33    2.42   0.0020000
  119.85  157.70 -161.21   0.0020000
  -24.55  148.93   73.92   0.0020000
   -9.75  134.70 -171.65   0.0020000
 -145.57   50.72    7.45   0.0020000
   45.89  137.43 -179.46   0.0020000
  -45.27  127.26   47.09   0.0020000
  -43.26  108.32 -130.12   0.0020000
   46.07   61.62  -92.35   0.0020000
  -88.61  113.83  -16.10   0.0020000
  -26.21   52.76  -71.63   0.0020000
  101.32  149.17   -1.46   0.0020000
 -149.27  108.52   -1.21   0.0020000
  -17.56   39.87   94.23   0.0020000
 -121.15  134.30  -68.74   0.0020000
 -131.01   46.56  -96.20   0.0020000
  157.30   40.05    8.73   0.0020000
 -109.42  140.73 -142.28   0.0020000
  -32.03   95.69  162.40   0.0020000
  -93.58  165.33  145.08   0.0020000
   12.50   82.66  -47.84   0.0020000
  -44.30  111.06 -132.98   0.0020000
  -31.72   35.27 -157.82   0.0020000
  -40.60   74.10 -147.38   0.0020000
  135.11   82.61  150.05   0.0020000
   19.24  140.53  -37.72   0.0020000
  136.51   87.73   37.91   0.0020000
  135.91   70.51 -137.90   0.0020000
 -115.17  131.11  -61.41   0.0020000
  -92.19   93.34  156.58   0.0020000
   75.66   77.07 -143.68   0.0020000
  -77.70  124.61  178.93   0.0020000
  -94.77   64.91   21.59   0.0020000
  140.36   32.52 -146.31   0.0020000
  179.72   89.59  -91.56   0.0020000
 -129.95   55.71  -94.93   0.0020000
  -86.03   64.45   13.80   0.0020000
   95.91  150.41   74.16   0.0020000
   69.84   62.89   53.21   0.0020000
   60.23  146.16  106.63   0.0020000
  137.43   89.26  123.16   0.0020000
   88.89  115.53 -107.96   0.0020000
 -159.73  104.24  149.34   0.0020000
    4.49   71.07 -115.68   0.0020000
 -166.10   85.63 -175.58   0.0020000
  -32.78   91.97  -12.71   0.0020000
  -13.81   46.61  -92.67   0.0020000
 -112.62  142.79   26.06   0.0020000
 -133.63  140.93  -89.95   0.0020000
  -69.95   81.34  -92.39   0.0020000
 -145.96  128.12   71.89   0.0020000
 -177.48  113.31 -153.34   0.0020000
    6.94  140.72 -166.66   0.0020000
 -161.75  126.72   51.56   0.0020000
 -138.16  128.83  174.28   0.0020000
 -142.15  111.73   87.39   0.0020000
   52.77   57.77  -97.16   0.0020000
 -141.67   50.58 -170.85   0.0020000
  -76.88   64.40 -179.83   0.0020000
  -38.32   46.74  119.96   0.0020000
   74.18   46.45   46.40   0.0020000
 -133.65  135.82 -177.72   0.0020000
  -44.82  107.49   44.48   0.0020000
  -44.32  136.25  -39.36   0.0020000
   74.08  103.57 -130.40   0.0020000
  168.38   52.04  177.05   0.0020000
 -151.45   72.38  -71.05   0.0020000
 -102.51  132.93   49.53   0.0020000
   83.21   48.53  118.99   0.0020000
  153.22  146.35  162.14   0.0020000
 -107.32   54.74  -42.30   0.0020000
  -62.52  145.91   22.75   0.0020000
 -135.55  157.66    9.99   0.0020000
  135.83   91.19  -47.23   0.0020000
 -103.08  107.00 -120.99   0.0020000
 -105.47  103.68  138.96   0.0020000
  147.45  139.98 -112.60   0.0020000
 -178.73  120.67  -63.18   0.0020000
 -170.18  115.27  128.71   0.0020000
 -174.47  126.20  122.57   0.0020000
  -49.30  128.91  -50.14   0.0020000
  162.25  133.58   -4.90   0.0020000
  125.39  121.38   27.89   0.0020000
   94.84  150.53  166.41   0.0020000
  -33.00  132.49   61.39   0.0020000
 -179.18  127.40  -64.61   0.0020000
   75.03   74.87  -50.46   0.0020000
  176.88  131.01 -161.56   0.0020000
   30.96   70.84   93.97   0.0020000
  163.63  140.80  177.67   0.0020000
 -168.81  123.55  -48.89   0.0020000
   -8.59  129.45  100.11   0.0020000
   74.58   86.29   45.13   0.0020000
 -105.23   97.99 -134.15   0.0020000
 -130.49   30.37  -91.56   0.0020000
 -158.18  134.67   56.17   0.0020000
  -46.09   44.10  132.04   0.0020000
   26.48   60.91 -155.67   0.0020000
 -140.20   46.01    8.22   0.0020000
  128.56  158.22  -60.96   0.0020000
 -104.09   73.28  134.18   0.0020000
   74.61   96.97 -134.21   0.0020000
 -176.73   63.93  151.07   0.0020000
  127.04  142.80  126.96   0.0020000
  160.30  136.00  174.43   0.0020000
  -40.60   87.44  -21.67   0.0020000
  -34.14   38.93  115.04   0.0020000
  -51.30   30.30   51.37   0.0020000
  154.23   96.93    3.91   0.0020000
 -129.16  155.80    8.42   0.0020000
 -104.85   95.94 -129.70   0.0020000
  -83.26   88.67  170.71   0.0020000
 -178.71   68.10  161.25   0.0020000
  128.82  106.44 -150.87   0.0020000
 -143.10   99.37   86.36   0.0020000
  -47.09  111.54  126.48   0.0020000
 -105.71  104.00  138.83   0.0020000
  148.91   44.06  109.73   0.0020000
  151.78  137.44  163.27   0.0020000
  159.26   41.61 -172.34   0.0020000
    4.68  108.35 -157.65   0.0020000
  -53.17   81.69   65.32   0.0020000
  178.14   59.56   69.24   0.0020000
 -104.79   81.87 -142.21   0.0020000
  134.98   94.76   38.50   0.0020000
  -54.29  140.21   35.26   0.0020000
   55.17   67.43  -98.05   0.0020000
 -104.36   92.99  140.63   0.0020000
    0.50  129.96 -158.89   0.0020000
  -82.07   38.00 -172.22   0.0020000
  -88.56   97.73 -110.48   0.0020000
  -50.90  132.91  128.73   0.0020000
  -45.83  109.16   41.84   0.0020000
   50.34   60.36   -4.26   0.0020000
  107.81   78.43   13.32   0.0020000
 -104.97  100.77   52.77   0.0020000
    8.17  103.08  -82.97   0.0020000
   -4.21  146.58    8.52   0.0020000
  164.45   44.07    0.31   0.0020000
  -16.52  130.01   88.81   0.0020000
 -158.03   76.93   89.20   0.0020000
  -49.00  143.37  134.41   0.0020000
    7.22  107.30 -149.13   0.0020000
 -101.58  106.23 -120.25   0.0020000
   79.43  106.78  -31.28   0.0020000
   26.67   35.80   28.95   0.0020000
    1.74  119.62 -152.59   0.0020000
   -3.76   52.51   72.48   0.0020000
  -79.44  140.66   -1.30   0.0020000
    9.94   97.01   38.49   0.0020000
  128.88  132.48 -141.79   0.0020000
   32.05   75.47    7.62   0.0020000
  110.14  140.86   13.69   0.0020000
  -25.52   45.31 -163.59   0.0020000
  136.43  122.69   49.28   0.0020000
   80.60  128.83 -123.07   0.0020000
 -169.06  100.16   44.21   0.0020000
 -106.91  117.09  134.43   0.0020000
   38.85  120.30  -98.39   0.0020000
   86.58   21.26 -154.03   0.0020000
 -148.29   94.90  173.67   0.0020000
  -43.88   94.23  -36.48   0.0020000
  177.16   54.48   70.58   0.0020000
  135.81   98.77   43.67   0.0020000
  177.59   43.86 -108.24   0.0020000
  109.01   81.00   96.48   0.0020000
  -91.72   99.27   78.68   0.0020000
   97.06  129.24  175.26   0.0020000
  133.20  116.13  -49.07   0.0020000
   79.19   64.75 -150.97   0.0020000
   96.14  138.43   -8.21   0.0020000
  -44.21   89.16 -131.49   0.0020000
   73.21   82.84  133.01   0.0020000
  -94.62  170.70   -6.18   0.0020000
 -103.18   93.12 -144.42   0.0020000
   84.71  137.73  -28.79   0.0020000
   56.86   47.54  163.61   0.0020000
 -152.54   52.76  -66.39   0.0020000
 -142.02   37.02  -77.94   0.0020000
  -72.84  134.28  -80.94   0.0020000
   22.64   78.70  -89.98   0.0020000
 -144.31  141.48 -104.28   0.0020000
 -100.52   59.29  -57.70   0.0020000
   39.98   41.55  -83.35   0.0020000
 -108.13   70.08   55.30   0.0020000
 -142.20   49.27  -80.38   0.0020000
  -46.75  131.81  135.48   0.0020000
  149.57  140.26  160.18   0.0020000
   63.36   35.20  156.97   0.0020000
 -150.00  131.68  -21.70   0.0020000
    4.43   96.72  179.86   0.0020000
  -44.80   98.79  -44.94   0.0020000
    6.71   50.23 -124.09   0.0020000
   65.52  134.20  114.65   0.0020000
   74.05   91.59  128.80   0.0020000
   73.07  145.66  130.70   0.0020000
   74.75   87.33  -48.85   0.0020000
 -170.83  102.41  -65.58   0.0020000
   64.59   50.80  151.67   0.0020000
    1.41   75.26   77.51   0.0020000
  143.03  139.69 -118.45   0.0020000
  170.80  136.06  -83.49   0.0020000
  131.46   53.61 -130.40   0.0020000
   26.10   46.35   27.29   0.0020000
   26.25   53.45  -63.37   0.0020000
   35.67   24.66  -89.07   0.0020000
  161.49   42.64   94.29   0.0020000
  135.10   96.86   40.09   0.0020000
  129.22   38.50  -40.41   0.0020000
  -15.46   49.60 -177.32   0.0020000
  135.79   99.38  -44.61   0.0020000
  104.82  131.74  -84.76   0.0020000
  172.71  128.52 -167.56   0.0020000
  176.85   55.89  160.99   0.0020000
 -169.49   66.56   49.75   0.0020000
  136.10  101.42   47.92   0.0020000
   74.09  139.97  -46.92   0.0020000
 -104.89   82.09 -133.25   0.0020000
  -45.01   88.61 -118.25   0.0020000
   36.41  143.47 -105.03   0.0020000
 -100.99   59.14 -146.65   0.0020000
 -124.83  117.61   13.87   0.0020000
 -104.99   81.67 -141.82   0.0020000
   76.70   52.27 -139.13   0.0020000
  -14.37  170.33 -105.74   0.0020000
   27.77  134.10  155.38   0.0020000
   56.08   77.65  178.48   0.0020000
  -47.80  125.91 -138.23   0.0020000
   82.65  132.92 -120.76   0.0020000
  -48.59   66.80   52.44   0.0020000
 -147.53  122.67  163.74   0.0020000
  164.51  133.15    1.17   0.0020000
  131.04  117.39  -53.29   0.0020000
  171.90  139.29   97.23   0.0020000
  -42.55   76.70   33.39   0.0020000
  112.19  131.22  103.99   0.0020000
   24.95   54.37 -151.77   0.0020000
  123.71  138.27 -147.55   0.0020000
 -132.31   44.00  -94.09   0.0020000
   79.18  108.19  -28.34   0.0020000
  -61.62   21.29 -100.51   0.0020000
   20.71   51.10  124.47   0.0020000
  165.13   44.93   -1.89   0.0020000
 -139.34   52.52  176.08   0.0020000
  153.52   67.06   16.61   0.0020000
   42.26  117.01   92.41   0.0020000
   16.81  109.13   -8.52   0.0020000
  -45.88   87.83   42.98   0.0020000
  -47.83  113.41  128.42   0.0020000
   41.76  153.59  -96.72   0.0020000
  173.02  137.29   98.44   0.0020000
   51.41   24.40  -94.04   0.0020000
    7.38  108.18  -57.21   0.0020000
 -139.30  127.37  171.99   0.0020000
   44.14   39.64  100.76   0.0020000
  127.39   29.89  -35.21   0.0020000
   13.01  123.01   43.80   0.0020000
   82.82   45.43   30.90   0.0020000
  130.09  101.80 -147.30   0.0020000
  130.84   34.78 -133.72   0.0020000
   75.98  115.36 -125.52   0.0020000
 -167.36   49.59  -43.36   0.0020000
 -149.53   54.48  109.96   0.0020000
  115.92   84.13   75.31   0.0020000
 -150.60   51.78 -156.54   0.0020000
  -44.31   96.42  132.80   0.0020000
  134.28   75.25   48.73   0.0020000
  -72.24  105.26  -10.94   0.0020000
 -111.41  130.16   32.59   0.0020000
  -24.40   42.62  102.49   0.0020000
  -68.40  127.39  100.31   0.0020000
  119.41   25.76 -107.51   0.0020000
 -105.77   86.89  134.02   0.0020000
  -89.46   49.10   14.07   0.0020000
  -27.05  139.56  164.65   0.0020000
 -148.45  134.42  -17.42   0.0020000
   57.67   34.75  163.33   0.0020000
  -96.24  122.84 -114.63   0.0020000
   18.56  113.96 -125.74   0.0020000
  177.85  118.52  -69.61   0.0020000
  -69.12  143.03  104.08   0.0020000
 -141.32  142.76    8.52   0.0020000
 -153.32   52.57   26.83   0.0020000
 -144.00  138.87  -12.20   0.0020000
  136.01   41.32 -141.69   0.0020000
  -46.02   68.24  137.18   0.0020000
   -7.53   62.41   -2.90   0.0020000
  137.34  106.93 -128.26   0.0020000
  -15.87   44.29   -1.44   0.0020000
   74.10   31.43 -132.24   0.0020000
   48.82   61.35  179.00   0.0020000
 -164.43   44.48  132.53   0.0020000
 -164.74   86.81  150.78   0.0020000
   52.13  119.03  103.94   0.0020000
   61.30  144.91 -157.69   0.0020000
  173.80  122.52   11.95   0.0020000
  173.56   57.51   78.47   0.0020000
  -10.10   49.47   81.79   0.0020000
   54.96  145.46  -78.02   0.0020000
  135.41   91.66  -44.73   0.0020000
 -131.12  130.33    3.61   0.0020000
   50.22   59.70   -4.84   0.0020000
  -39.30  123.93   56.83   0.0020000
  -52.98  101.02   46.54   0.0020000
 -169.95  100.03  -62.32   0.0020000
TEXTURE AT STRAIN =    1.0000
   1.000   1.208   0.414  <-- length of average ellipsoid axes for phase
  180.00   21.62 -180.00  <-- Euler angles of average ellipsoid axes for phase
B       500
   29.42   87.91  115.45   0.0020000
 -123.17   91.20  -29.07   0.0020000
  -68.63   62.83 -140.05   0.0020000
  -17.86   16.02  149.40   0.0020000
  -90.18   21.54 -162.49   0.0020000
  -83.24  102.98  -65.66   0.0020000
  -13.20  134.28   37.51   0.0020000
  125.77   76.37  -82.19   0.0020000
 -123.14  153.75   93.77   0.0020000
  114.83  122.90   61.68   0.0020000
  114.02  114.03  137.49   0.0020000
   65.94   97.29 -178.45   0.0020000
  -43.18  117.64   96.34   0.0020000
   45.10  106.54  -84.98   0.0020000
   43.10  102.77   96.54   0.0020000
 -169.88  124.91   89.81   0.0020000
  -66.99   85.98  -20.52   0.0020000
  -49.04   62.45  127.46   0.0020000
  -42.77   68.84  -46.81   0.0020000
 -116.89  119.65  123.73   0.0020000
  131.23   73.31  -84.40   0.0020000
   52.14  105.23    8.04   0.0020000
 -102.06   95.33   17.35   0.0020000
 -118.90   69.19   87.47   0.0020000
    4.46   15.54  133.70   0.0020000
   14.53   80.77   34.65   0.0020000
  171.65  166.78 -175.23   0.0020000
  -70.39  133.70 -164.15   0.0020000
  159.12  123.95  158.21   0.0020000
  110.86  145.48  165.65   0.0020000
  -15.31   15.76  156.05   0.0020000
  -54.57  120.72    6.19   0.0020000
  133.33   51.06   71.55   0.0020000
 -164.95   99.04  153.39   0.0020000
  110.39  138.67   68.91   0.0020000
  -42.18  129.54  -69.32   0.0020000
   60.49  117.36   -2.71   0.0020000
 -139.78   81.09   78.79   0.0020000
  159.86   94.05   25.75   0.0020000
    1.89  127.78  158.31   0.0020000
  128.18   72.98    3.43   0.0020000
  -42.48   50.73 -150.27   0.0020000
  -83.60   30.93   13.64   0.0020000
 -111.76  137.30  111.64   0.0020000
 -127.11   47.16  111.95   0.0020000
  178.99   45.67  135.20   0.0020000
 -127.48  117.91  -52.66   0.0020000
  -33.03   18.31 -107.47   0.0020000
  -95.21  140.33 -163.70   0.0020000
 -125.21  114.67  131.37   0.0020000
 -123.31  102.92 -126.72   0.0020000
  145.74  163.74   31.01   0.0020000
   39.30  124.88  -12.80   0.0020000
   74.65   71.09  -50.29   0.0020000
  -39.22   80.78  -35.11   0.0020000
  134.16  115.34 -129.37   0.0020000
   25.92   90.01   22.88   0.0020000
  -97.25  138.78   18.74   0.0020000
 -105.19  107.05  -48.86   0.0020000
   -4.34   77.20 -169.54   0.0020000
  -97.54   76.49 -161.95   0.0020000
  108.19  155.55   -5.30   0.0020000
 -149.84   99.85  144.48   0.0020000
  102.86   77.92 -102.19   0.0020000
 -150.44  162.07  159.66   0.0020000
  -59.58   24.88    2.64   0.0020000
   63.13  118.88   -5.08   0.0020000
   48.79  120.89   -7.51   0.0020000
 -132.69   79.03  -11.30   0.0020000
 -133.92   70.73   90.42   0.0020000
  -17.19  130.55  114.67   0.0020000
   82.46  148.11  -20.47   0.0020000
  -78.79   66.99  -59.94   0.0020000
 -178.68  100.75 -138.74   0.0020000
   58.76   89.83 -157.90   0.0020000
  112.40  115.74 -127.89   0.0020000
   66.05  121.17   -7.76   0.0020000
  -66.71   44.17 -155.74   0.0020000
  -45.97   25.91 -166.71   0.0020000
   60.75  113.19 -178.95   0.0020000
 -123.18   47.41   20.53   0.0020000
  -59.08  102.00  -95.83   0.0020000
  118.09  123.65  -32.98   0.0020000
  135.41  156.13   83.84   0.0020000
  -87.83   90.93  129.83   0.0020000
  -88.45   33.32   14.97   0.0020000
 -174.80   44.00   42.83   0.0020000
    2.36   73.37 -161.43   0.0020000
   45.70  117.72  176.16   0.0020000
  -21.22  131.90   27.33   0.0020000
  -94.02   48.55 -163.35   0.0020000
  -57.52   65.67  131.40   0.0020000
   -5.43   60.77  -99.26   0.0020000
   56.00  114.09    0.13   0.0020000
   49.10  171.28  138.30   0.0020000
  120.10   68.41 -178.01   0.0020000
   65.53   50.88  151.99   0.0020000
  -21.71   73.78   44.72   0.0020000
   29.95   85.34   29.80   0.0020000
 -167.07   45.04  -47.73   0.0020000
  -31.27   83.39   57.85   0.0020000
 -168.46   42.08  -33.95   0.0020000
  -67.63   31.13 -170.32   0.0020000
   64.99   48.04  148.28   0.0020000
   13.73   84.29 -177.87   0.0020000
   -0.79   16.15   45.56   0.0020000
  -57.12  104.74   84.22   0.0020000
 -116.56  143.64  106.40   0.0020000
   32.49  128.47  -16.44   0.0020000
  171.10  166.84  133.88   0.0020000
  -61.86  121.41  -82.41   0.0020000
   34.37   64.99  149.89   0.0020000
  145.71   95.01   29.88   0.0020000
 -131.21   71.76   86.40   0.0020000
   44.31   55.41  -33.50   0.0020000
   66.72   35.08  -14.53   0.0020000
  -37.44   72.26  136.41   0.0020000
 -105.91  125.50  -64.95   0.0020000
  172.99   47.56  -58.24   0.0020000
   48.01  102.03  100.44   0.0020000
  -71.65  115.32    9.35   0.0020000
    0.18  131.75 -161.75   0.0020000
  -42.93   99.30 -102.39   0.0020000
 -147.44   90.20   65.37   0.0020000
  115.48   58.94   -7.76   0.0020000
   46.65   99.93  101.47   0.0020000
  -15.89   51.50   14.09   0.0020000
  125.84   59.62  -95.65   0.0020000
 -132.86   57.32   98.89   0.0020000
   85.52  127.17   71.49   0.0020000
  -14.15  142.25   70.16   0.0020000
  161.01   96.56   31.29   0.0020000
   34.95  100.24    6.05   0.0020000
 -130.11  114.07 -138.95   0.0020000
  124.29   51.85  164.29   0.0020000
  141.89  106.35 -138.14   0.0020000
 -129.54  120.33   35.19   0.0020000
    5.32   12.63 -131.89   0.0020000
 -141.28  121.11  -56.40   0.0020000
   49.80  106.93  -84.28   0.0020000
  113.67  126.26  -30.16   0.0020000
   58.86   55.37  147.76   0.0020000
 -112.41   42.11  -68.69   0.0020000
  -48.38   99.84  168.49   0.0020000
  142.00   73.19    4.35   0.0020000
   37.00   18.86  103.61   0.0020000
  -72.35   32.29  -78.37   0.0020000
   -6.95   73.09 -144.05   0.0020000
    1.55   95.68    0.81   0.0020000
  -31.03   77.35 -128.27   0.0020000
  128.74   67.58    1.42   0.0020000
  130.42  157.03 -177.21   0.0020000
  -22.66   83.61   90.81   0.0020000
 -155.22   92.40  -26.56   0.0020000
 -173.56  100.23  143.85   0.0020000
   89.73   63.00  161.13   0.0020000
  137.99   82.91 -164.70   0.0020000
   70.01  123.34  170.31   0.0020000
  114.91   21.60   52.84   0.0020000
  178.07   31.28  116.54   0.0020000
   47.97  105.66 -172.98   0.0020000
  -54.37   58.89  -54.37   0.0020000
  151.89   93.99  -60.56   0.0020000
  125.58   61.11  175.27   0.0020000
  -26.71   86.37  151.53   0.0020000
   34.80   91.45  153.22   0.0020000
 -111.43  129.14  118.37   0.0020000
  -81.26   82.29  -67.13   0.0020000
   18.96   40.67 -103.43   0.0020000
  -57.00   43.51  -67.43   0.0020000
  128.34  159.03   96.43   0.0020000
   91.27  123.86  156.87   0.0020000
  -94.00   52.02   19.02   0.0020000
  173.87  102.62 -132.15   0.0020000
  138.43   83.16  -75.31   0.0020000
   21.83   16.43   28.00   0.0020000
   44.02   19.12 -172.87   0.0020000
  121.33   47.93  160.74   0.0020000
  155.71   93.47 -152.23   0.0020000
  -49.17   60.08   36.45   0.0020000
  -66.02  128.92  103.29   0.0020000
  -31.79   37.17  -67.37   0.0020000
  143.74   85.80   19.43   0.0020000
 -145.64   93.64  151.18   0.0020000
   55.44   33.69  166.06   0.0020000
  -81.51   40.15 -164.85   0.0020000
  -73.30   28.83    8.90   0.0020000
   43.84  108.45 -177.89   0.0020000
  162.60   46.24  145.09   0.0020000
  -44.48   17.83   76.53   0.0020000
 -132.64   74.71  173.08   0.0020000
  -65.46   34.26  104.13   0.0020000
  134.08  100.07 -147.81   0.0020000
  166.04  138.15  -11.24   0.0020000
  177.53  164.13   45.57   0.0020000
   11.40   65.10   87.57   0.0020000
  101.54   70.79  166.98   0.0020000
   61.27  102.38 -174.72   0.0020000
   45.12   96.92  -74.75   0.0020000
 -135.25  115.95  -59.10   0.0020000
   57.41   60.94 -126.68   0.0020000
   47.22  124.44  168.52   0.0020000
   24.46  130.59  -23.64   0.0020000
  -37.92   50.68   23.92   0.0020000
   86.86  156.13  160.46   0.0020000
  -40.27  110.59    1.78   0.0020000
   96.68   59.83  -14.59   0.0020000
  158.71  118.98 -101.91   0.0020000
  -51.47  101.15  170.58   0.0020000
  117.93  127.77  152.14   0.0020000
 -124.72  123.22 -147.87   0.0020000
 -127.79   75.62  -99.03   0.0020000
  105.21  126.65   62.20   0.0020000
    6.70  121.85 -104.06   0.0020000
   90.94  104.64  -31.22   0.0020000
   -7.52   77.60   43.79   0.0020000
   28.28  130.68  -23.65   0.0020000
  -58.97  107.67  -94.60   0.0020000
  -20.56  128.75  -70.59   0.0020000
 -169.63   45.58   52.75   0.0020000
   52.13   77.91   37.20   0.0020000
 -176.87   46.55  -54.25   0.0020000
 -153.76   49.01  114.18   0.0020000
  115.98  132.99  154.14   0.0020000
  123.26  176.00    9.90   0.0020000
  -42.84   19.21  -12.48   0.0020000
   72.85  143.53  -22.06   0.0020000
 -100.07  154.49   10.46   0.0020000
 -116.15   69.94   88.76   0.0020000
 -179.59   89.72  178.44   0.0020000
 -133.28  129.30 -151.00   0.0020000
  -81.75  154.16   22.96   0.0020000
   93.35   60.59   67.37   0.0020000
  -56.05   33.32 -165.65   0.0020000
   71.59   61.09  141.19   0.0020000
 -178.99   47.44   32.48   0.0020000
   87.68   25.55 -105.39   0.0020000
  164.86  109.62   54.15   0.0020000
  -18.99   85.75  -24.22   0.0020000
 -175.49  103.86   95.50   0.0020000
    2.34  122.76   78.56   0.0020000
  -44.23   99.99  -12.26   0.0020000
  106.28  123.93 -126.32   0.0020000
  119.26  117.14  140.89   0.0020000
  -23.95  158.23  -24.80   0.0020000
  136.56  116.13  -40.74   0.0020000
  156.67   92.31  115.67   0.0020000
   50.93   85.62  -82.04   0.0020000
  141.86  104.54  -49.59   0.0020000
  132.79  121.31   54.97   0.0020000
  153.22  124.75  -18.66   0.0020000
  -46.19   47.66   27.91   0.0020000
 -133.66  118.63  125.80   0.0020000
  -64.66  151.44 -151.50   0.0020000
  -50.18  116.84 -178.48   0.0020000
  -74.00   45.79 -155.96   0.0020000
  123.86  120.28   55.35   0.0020000
   23.96  132.25  151.12   0.0020000
   55.59  118.89   85.84   0.0020000
   41.35   20.80  -79.84   0.0020000
 -141.47   80.87   79.84   0.0020000
 -160.12  117.10 -151.69   0.0020000
  103.11  135.63 -112.42   0.0020000
  -82.38   41.93  -71.20   0.0020000
  120.72   75.54   94.93   0.0020000
 -112.84  141.22  -70.68   0.0020000
   72.65  119.82  170.61   0.0020000
  106.35  105.44 -122.23   0.0020000
  178.34   45.84 -136.07   0.0020000
  126.52  158.67   97.49   0.0020000
  137.61  159.46    8.44   0.0020000
  125.29   69.76 -176.55   0.0020000
  149.33   91.09 -153.83   0.0020000
  154.40   98.87   34.49   0.0020000
  143.68   94.46   29.30   0.0020000
   51.07  126.15   76.00   0.0020000
  135.02   77.24  -82.45   0.0020000
  133.53   45.89  -25.87   0.0020000
   92.73   60.65  160.85   0.0020000
   47.52  113.68  175.07   0.0020000
  142.60   90.65 -155.11   0.0020000
  -46.31   21.16   83.86   0.0020000
  138.94   87.64  110.49   0.0020000
  -22.05   60.93 -164.89   0.0020000
  128.05   79.74  100.50   0.0020000
  145.94   99.31 -145.13   0.0020000
   39.77   96.62 -164.41   0.0020000
  -13.70   15.85  148.32   0.0020000
  151.87  162.85  108.79   0.0020000
 -110.83  112.61 -136.26   0.0020000
  133.21  105.33  -49.56   0.0020000
  -56.09  120.09 -174.68   0.0020000
  -31.86   67.07  -52.06   0.0020000
 -128.51  117.42  -51.72   0.0020000
  103.99   73.13 -101.61   0.0020000
 -129.01  158.26   93.08   0.0020000
   24.74   16.86  -68.00   0.0020000
 -153.89   92.93   62.51   0.0020000
  114.57   61.14   83.51   0.0020000
  132.28   76.45   98.87   0.0020000
   -3.37  130.55   66.13   0.0020000
  -56.24  110.65  177.23   0.0020000
  -69.93  113.18   94.23   0.0020000
  172.32   64.43  -82.76   0.0020000
  105.85  108.53 -129.81   0.0020000
  157.91  164.03  118.98   0.0020000
  -11.21  173.13 -110.43   0.0020000
 -158.10   91.19   71.73   0.0020000
  154.79   41.65  138.51   0.0020000
  168.34  126.33  -10.61   0.0020000
   30.10  132.94 -121.97   0.0020000
  137.35  159.08    8.12   0.0020000
 -129.65   68.96   -3.70   0.0020000
  128.98   71.35   94.84   0.0020000
 -129.72   76.40   81.85   0.0020000
   18.41   85.56  -69.13   0.0020000
  -13.69  142.37  144.40   0.0020000
 -149.54   88.39  -21.71   0.0020000
 -150.77  163.17  155.96   0.0020000
  173.28   45.18  -46.75   0.0020000
   64.08  121.31  172.17   0.0020000
  -36.05   40.71   20.83   0.0020000
  168.11  165.33   39.12   0.0020000
   39.96   89.62  -69.21   0.0020000
  -83.85  127.57 -162.19   0.0020000
   79.49  172.14   58.90   0.0020000
   55.85  124.64 -101.32   0.0020000
   26.50  132.65  150.51   0.0020000
  -41.72   48.00  116.56   0.0020000
 -146.21   21.14 -108.65   0.0020000
  143.64  161.63  -72.17   0.0020000
   13.21   82.05    5.17   0.0020000
   56.65   92.32  102.04   0.0020000
 -133.00   79.25 -101.00   0.0020000
   41.21  102.58 -170.39   0.0020000
 -165.95  111.38    4.41   0.0020000
   64.00  116.76  -92.88   0.0020000
   17.43   83.11  -61.29   0.0020000
  124.60  160.15   96.01   0.0020000
   58.70   19.75    1.59   0.0020000
  -57.20   74.78  141.12   0.0020000
   29.64   88.49  -63.45   0.0020000
  -37.55   92.98  160.19   0.0020000
   81.45  128.55  165.15   0.0020000
    7.12   80.14  127.27   0.0020000
  124.43   54.96  168.16   0.0020000
  -17.01   59.09  106.55   0.0020000
  105.65   53.66  -11.61   0.0020000
  -47.63  107.84  -92.15   0.0020000
  138.47   54.55  -13.53   0.0020000
   78.53   39.77 -108.28   0.0020000
  169.66  100.76  -47.74   0.0020000
  119.63  148.41  -11.83   0.0020000
   36.88   57.20  -30.51   0.0020000
  -88.67   68.78   22.29   0.0020000
  174.25  121.58   80.65   0.0020000
    5.86  133.73   57.57   0.0020000
 -144.45   87.69  -21.07   0.0020000
  167.86   46.46  -37.91   0.0020000
 -133.84   88.33  160.02   0.0020000
 -154.07   20.97  -17.93   0.0020000
  100.43  170.58  -90.75   0.0020000
   98.55   39.77  164.19   0.0020000
  144.38   49.12 -113.95   0.0020000
  -68.32   27.33    4.93   0.0020000
   95.42   48.72  -16.39   0.0020000
   -1.18  134.21  -42.31   0.0020000
  -23.50   18.21 -114.55   0.0020000
   90.76   99.27  178.50   0.0020000
  166.55  166.46  112.50   0.0020000
   85.21   47.95  -21.66   0.0020000
  -59.14   51.85  -60.44   0.0020000
 -139.42  111.54 -138.93   0.0020000
 -120.73  111.75 -136.01   0.0020000
   73.17  133.16   75.20   0.0020000
  -12.22   67.83    4.69   0.0020000
  122.88  111.30  136.39   0.0020000
 -107.08  147.70  -77.69   0.0020000
  -55.82   64.77   38.76   0.0020000
 -130.66  153.31   11.44   0.0020000
 -132.54  117.67 -143.53   0.0020000
   52.55  122.88  -99.20   0.0020000
  125.64   71.10   94.49   0.0020000
  -72.45   58.99  -54.58   0.0020000
  134.20  111.93 -132.71   0.0020000
    6.74   85.60  -90.66   0.0020000
   12.30  134.13   53.69   0.0020000
  -39.96   84.85  -29.79   0.0020000
   66.92   49.27  147.81   0.0020000
    5.77   16.03 -146.75   0.0020000
   78.75   57.34  150.94   0.0020000
  -10.06   15.48   50.85   0.0020000
  167.43   98.96 -157.57   0.0020000
  -62.25   45.58  -65.26   0.0020000
  -14.74   88.64  167.87   0.0020000
  124.13   67.11 -178.60   0.0020000
  133.57   83.63 -166.83   0.0020000
 -131.93   52.90  105.71   0.0020000
  -46.73   71.44  135.97   0.0020000
  -39.57   69.19   42.99   0.0020000
  -69.55   75.92   34.05   0.0020000
 -131.13   77.58   -9.55   0.0020000
  170.35   45.50  -43.12   0.0020000
 -116.70   61.16 -174.21   0.0020000
  -41.44  101.71  -97.48   0.0020000
  167.02   46.53 -125.60   0.0020000
  105.99   43.84 -106.43   0.0020000
  141.25   84.31  106.99   0.0020000
 -145.85   87.39   69.22   0.0020000
 -156.21   99.64  -36.03   0.0020000
  164.34   47.18  -31.29   0.0020000
   77.03   51.79  -26.50   0.0020000
 -151.60  163.18  164.11   0.0020000
   -1.97  134.99  -29.64   0.0020000
   59.20   69.31  -45.68   0.0020000
 -107.70  147.42 -167.38   0.0020000
  137.52  136.67 -109.79   0.0020000
 -150.48  162.90  156.59   0.0020000
  -73.44   39.68   19.75   0.0020000
   80.63   92.39   -1.57   0.0020000
   47.60   70.45 -134.74   0.0020000
  -21.41   35.85  -73.88   0.0020000
   47.15  126.87  -15.33   0.0020000
   82.17   43.43 -110.04   0.0020000
  -32.94  133.58  118.37   0.0020000
  142.77  116.87   54.78   0.0020000
  135.79   78.76  -78.09   0.0020000
  141.72   47.96 -115.43   0.0020000
  130.42   84.73   13.39   0.0020000
  -17.79  131.16  111.47   0.0020000
  113.32   45.85   72.24   0.0020000
  -38.32   69.95  -46.60   0.0020000
  116.33   56.38  170.65   0.0020000
 -123.02  120.91 -145.76   0.0020000
   60.27   21.07    3.12   0.0020000
  -79.51  108.63  -70.41   0.0020000
  -40.79   74.03 -132.17   0.0020000
 -133.95   79.56 -102.54   0.0020000
 -134.69  121.13  113.68   0.0020000
 -154.69   65.75  -84.38   0.0020000
   34.55   53.19  159.99   0.0020000
   19.92   74.14   75.83   0.0020000
   -3.12  135.84  130.74   0.0020000
   32.81  132.85 -117.90   0.0020000
   69.68   72.77  -45.38   0.0020000
  132.49   85.28   13.58   0.0020000
  -74.20   71.16   44.73   0.0020000
   18.32   82.99   30.47   0.0020000
  134.79  121.21   54.42   0.0020000
  -59.27   63.62 -132.47   0.0020000
 -109.24   66.68 -173.81   0.0020000
   33.70   79.12  126.62   0.0020000
  -82.77   45.02 -159.27   0.0020000
  162.03   41.51  136.35   0.0020000
 -114.43   64.43   92.75   0.0020000
   62.92   28.75  -95.27   0.0020000
 -138.90   99.59 -125.09   0.0020000
 -140.37  114.38   38.83   0.0020000
 -166.76   26.53  -26.58   0.0020000
 -137.89  112.68  132.68   0.0020000
    8.94  133.96 -130.97   0.0020000
 -159.35   46.18  -55.90   0.0020000
   41.81  156.74  118.47   0.0020000
  113.39  135.35 -116.11   0.0020000
  -50.03  106.25  174.03   0.0020000
   64.28  137.62 -112.79   0.0020000
 -103.33   67.76  104.53   0.0020000
 -168.68  163.94   54.91   0.0020000
  -89.37  139.09   14.89   0.0020000
   52.80  107.15  -84.11   0.0020000
  131.01  111.94 -130.67   0.0020000
  -69.65   61.21  -54.27   0.0020000
   99.56  146.64   76.77   0.0020000
   25.11   73.09  -43.51   0.0020000
  151.46   88.11 -158.58   0.0020000
   74.98  124.18 -101.44   0.0020000
  120.68  112.22 -113.99   0.0020000
 -139.41  110.89  -46.18   0.0020000
  125.24  112.75 -130.89   0.0020000
 -122.31   62.70   92.37   0.0020000
  -29.90  131.94 -153.84   0.0020000
  -27.79   96.67   83.60   0.0020000
  157.52   49.58  156.76   0.0020000
  -46.82  101.01   77.06   0.0020000
  -80.49   59.90   29.29   0.0020000
  -39.69   48.67  -62.27   0.0020000
 -133.41  100.84   53.78   0.0020000
 -176.69  105.24   61.65   0.0020000
   42.11   46.35  161.97   0.0020000
   71.36   59.72 -123.91   0.0020000
  147.33   84.77  -74.71   0.0020000
 -147.35   84.57  -15.00   0.0020000
  -40.97   97.66  165.18   0.0020000
   68.44   62.34  -37.61   0.0020000
  177.67   45.43 -133.10   0.0020000
  127.76  125.05 -122.94   0.0020000
  -42.40   48.43  116.38   0.0020000
   41.00  121.71  171.39   0.0020000
   17.92  141.60  150.76   0.0020000
  169.82   99.89 -154.09   0.0020000
TEXTURE AT STRAIN =    2.0000
   0.648   1.264   0.305  <-- length of average ellipsoid axes for phase
 -157.53   54.67   80.56  <-- Euler angles of average ellipsoid axes for phase
B       500
   47.74   79.40  125.87   0.0020000
  -77.97   88.16  -36.69   0.0020000
  -72.10   53.16 -137.93   0.0020000
   40.23    3.41  146.93   0.0020000
  -52.66   38.11 -168.17   0.0020000
  -82.38  109.08  -56.79   0.0020000
   40.81  128.40   42.99   0.0020000
  164.64   84.98 -122.12   0.0020000
 -107.08  140.14   84.57   0.0020000
  118.06  130.57   63.63   0.0020000
  158.10  122.44  133.74   0.0020000
  111.61   99.20 -176.81   0.0020000
  -17.63  107.29  126.52   0.0020000
   81.35  124.47  -84.92   0.0020000
   81.68  121.51   94.28   0.0020000
 -169.37  130.92   90.34   0.0020000
  -23.08   72.43  -22.92   0.0020000
  -12.39   67.65  127.57   0.0020000
  -13.13   74.84  -51.02   0.0020000
  -85.40  122.63  118.58   0.0020000
  174.18   88.80 -110.45   0.0020000
   84.66  120.06    8.14   0.0020000
  -78.30   94.80   31.05   0.0020000
  -95.85   58.26   81.85   0.0020000
   69.60   26.54  105.80   0.0020000
   45.97   83.84   43.18   0.0020000
 -163.03  143.11 -173.78   0.0020000
  -35.34  134.23 -167.06   0.0020000
  170.10  124.45  145.33   0.0020000
  119.44  139.66  156.77   0.0020000
   67.00   14.60  121.72   0.0020000
  -32.74  126.12   16.03   0.0020000
  151.69   51.87   66.77   0.0020000
 -133.73   96.71  139.39   0.0020000
  112.81  137.12   57.33   0.0020000
  -26.03  126.48  -63.18   0.0020000
   80.59  128.07    4.71   0.0020000
  -84.08   88.41   88.73   0.0020000
  168.93   86.57   34.84   0.0020000
   -9.20  127.49  147.83   0.0020000
  163.25   80.17  -34.93   0.0020000
  -12.25   54.16 -139.95   0.0020000
  -49.25   42.30    7.27   0.0020000
  -97.28  130.82   99.94   0.0020000
 -113.95   41.09  103.80   0.0020000
 -132.03   45.70  128.90   0.0020000
  -81.19  123.09  -54.22   0.0020000
  -93.57   34.79  -15.32   0.0020000
 -100.59  135.00 -176.14   0.0020000
  -77.92  122.28  130.83   0.0020000
  -74.92  110.18 -130.63   0.0020000
  120.24  150.01  -23.50   0.0020000
   71.77  136.84   -5.68   0.0020000
  106.56   62.40  -48.73   0.0020000
  -14.05   87.63  -46.30   0.0020000
  167.39  109.87 -127.90   0.0020000
   46.90   83.82   37.14   0.0020000
  -99.75  132.70    5.81   0.0020000
  -76.39  117.15  -46.33   0.0020000
   18.83   69.63 -177.04   0.0020000
  -57.91   58.01 -162.29   0.0020000
  130.82  140.58   -7.30   0.0020000
 -133.10  103.52  140.08   0.0020000
  147.91   61.73 -106.78   0.0020000
 -109.97  146.82  168.91   0.0020000
  -63.88   35.54   28.41   0.0020000
   79.69  128.76    3.28   0.0020000
   76.57  134.01    0.55   0.0020000
  -93.20   64.64   -7.19   0.0020000
 -100.35   52.08   86.54   0.0020000
   39.58  127.66  127.07   0.0020000
  129.08  137.44   -9.31   0.0020000
  -67.37   55.86  -58.26   0.0020000
 -134.79   98.36 -136.13   0.0020000
  102.29   94.85 -148.69   0.0020000
  111.94  126.91 -126.14   0.0020000
   78.43  129.73    1.34   0.0020000
  -71.75   44.31 -140.36   0.0020000
    9.46   28.14 -173.97   0.0020000
   82.86  124.14 -172.91   0.0020000
 -112.68   41.34   12.14   0.0020000
  -18.29  100.55  -58.01   0.0020000
  162.51  125.47  -41.42   0.0020000
  175.63  166.33   70.55   0.0020000
  -79.66   93.09  133.07   0.0020000
  -49.36   43.06    7.32   0.0020000
 -129.79   42.73   35.46   0.0020000
   43.59   82.79 -151.34   0.0020000
   77.97  132.31 -177.67   0.0020000
   37.43  126.15   37.26   0.0020000
  -54.87   46.35 -165.30   0.0020000
  -13.28   69.40  129.42   0.0020000
   28.50   54.42 -111.23   0.0020000
   81.46  126.95    5.95   0.0020000
  -29.28  169.28   15.13   0.0020000
  148.19   59.62  163.82   0.0020000
   89.07   52.80  160.39   0.0020000
  -13.43   80.63   40.11   0.0020000
   47.11   79.94   38.32   0.0020000
 -129.76   42.73  -54.45   0.0020000
  -13.61   90.65   46.53   0.0020000
 -137.01   46.88  -43.02   0.0020000
  -55.80   39.64 -163.40   0.0020000
   89.79   52.17  159.22   0.0020000
   53.01   91.46  161.88   0.0020000
   70.58   26.30   14.30   0.0020000
  -18.90  102.71  121.72   0.0020000
 -101.44  133.44   93.80   0.0020000
   68.23  137.84  -10.45   0.0020000
   86.72  176.78   -6.95   0.0020000
  -37.90  131.18  -81.30   0.0020000
   44.73   73.72  139.29   0.0020000
  166.52   88.34   42.41   0.0020000
  -98.42   54.82   84.40   0.0020000
   52.59   57.95  -45.30   0.0020000
   77.14   45.43   -1.55   0.0020000
  -13.50   79.08  130.04   0.0020000
  -90.97  126.34  -70.56   0.0020000
  167.07   52.35  -50.52   0.0020000
   85.55  117.42   97.33   0.0020000
  -38.46  130.01    8.17   0.0020000
   34.83  129.72 -149.59   0.0020000
   -8.20   96.40 -118.25   0.0020000
 -130.49  104.64   57.44   0.0020000
  141.19   48.27   -7.44   0.0020000
   88.08  113.27   96.60   0.0020000
   -6.50   50.62   28.45   0.0020000
  147.84   54.68 -106.79   0.0020000
 -104.61   44.94   90.91   0.0020000
  122.41  132.44   71.55   0.0020000
   -7.41  134.76   60.47   0.0020000
  167.71   88.91   39.26   0.0020000
   91.36   95.21   -0.24   0.0020000
  -77.68  121.67 -136.48   0.0020000
  147.41   48.82  163.29   0.0020000
  166.33   99.31 -130.61   0.0020000
  -82.46  123.97   33.96   0.0020000
   71.18   20.21 -158.60   0.0020000
 -135.44  119.63  -46.21   0.0020000
   82.63  123.29  -83.42   0.0020000
  111.59  131.76  -35.79   0.0020000
   92.95   54.69  154.13   0.0020000
 -114.30   37.31  -73.94   0.0020000
   -7.82   94.85  153.13   0.0020000
 -167.91   79.62    8.05   0.0020000
   70.71   34.53   99.79   0.0020000
  -53.09   41.13  -77.22   0.0020000
  -11.00   76.64 -147.34   0.0020000
   23.89  104.67   -1.35   0.0020000
  -13.89   85.30 -137.60   0.0020000
  159.96   72.11  -31.70   0.0020000
  100.82  144.78  128.62   0.0020000
   28.36   81.83   86.43   0.0020000
 -133.54   94.62  -39.87   0.0020000
 -134.29   95.50  136.10   0.0020000
   89.08   63.30  161.44   0.0020000
  169.80   83.97 -148.36   0.0020000
   77.51  129.83  179.60   0.0020000
  150.27   34.65   67.34   0.0020000
  144.86   32.43  170.51   0.0020000
   82.77  122.48 -173.52   0.0020000
  -12.51   63.06  -51.50   0.0020000
  167.20   87.38  -49.93   0.0020000
  148.87   56.34  161.89   0.0020000
  -12.46   92.99  141.10   0.0020000
   49.51  100.66  144.32   0.0020000
  -90.88  127.09  109.65   0.0020000
  -56.04   60.48  -74.48   0.0020000
   25.94   44.11 -110.88   0.0020000
  -15.01   42.64  -54.08   0.0020000
  112.14  146.62   55.64   0.0020000
  117.89  131.00  155.13   0.0020000
  -57.74   47.38   18.69   0.0020000
  168.72   97.74 -128.35   0.0020000
  169.96   84.10  -58.64   0.0020000
   69.63   31.15   12.54   0.0020000
   71.69   35.62 -171.77   0.0020000
  148.13   47.50  162.05   0.0020000
  167.99   86.74 -142.51   0.0020000
  -12.25   65.15   37.66   0.0020000
  -36.33  133.28  101.26   0.0020000
   -6.78   45.66  -60.08   0.0020000
  169.21   83.52   33.21   0.0020000
 -130.88  106.20  145.91   0.0020000
   77.75   45.79  177.31   0.0020000
  -52.86   44.06 -167.72   0.0020000
  -49.82   40.89    8.24   0.0020000
   80.09  126.84 -176.07   0.0020000
  163.11   54.19  147.32   0.0020000
  -78.21   32.80  139.51   0.0020000
  -97.40   57.52  173.80   0.0020000
  -65.92   39.58  121.05   0.0020000
  165.91   93.35 -133.73   0.0020000
  177.52  133.21  -21.62   0.0020000
 -107.57  154.82   77.66   0.0020000
   36.47   73.28   68.85   0.0020000
  143.51   54.49  168.45   0.0020000
   93.65  109.79 -170.15   0.0020000
   99.02   95.12  -85.39   0.0020000
 -122.43  107.54  -54.88   0.0020000
   97.15   56.82 -122.74   0.0020000
   73.79  136.09  176.94   0.0020000
   62.71  138.29  -18.01   0.0020000
  -10.58   53.26   36.51   0.0020000
  127.84  140.78  168.88   0.0020000
    8.57   93.98   12.45   0.0020000
  138.10   48.58   -4.94   0.0020000
  175.22  124.79 -113.62   0.0020000
    5.68   91.87  175.99   0.0020000
  114.94  133.08  146.99   0.0020000
  -86.50  124.87 -153.14   0.0020000
  -94.45   61.31  -98.58   0.0020000
  112.16  131.41   56.67   0.0020000
   -5.39  126.72 -115.01   0.0020000
  108.41  114.90  -35.73   0.0020000
  -12.36   82.61   41.07   0.0020000
   63.10  138.47  -17.54   0.0020000
  -24.98  111.86  -65.38   0.0020000
   36.02  128.09  -57.95   0.0020000
 -135.19   47.85   44.47   0.0020000
  105.14   72.85   36.63   0.0020000
 -128.76   45.28  -56.29   0.0020000
 -117.44   41.56  108.27   0.0020000
  109.92  134.89  141.38   0.0020000
   79.23  153.36  -82.45   0.0020000
  -81.34   33.70   54.49   0.0020000
  130.27  136.10   -6.99   0.0020000
 -105.72  145.43   -5.85   0.0020000
  -95.15   59.86   82.01   0.0020000
 -135.93   91.60 -162.63   0.0020000
  -86.30  127.49 -151.92   0.0020000
  -90.07  156.18   -0.76   0.0020000
   89.48   61.98   70.53   0.0020000
  -79.65   39.92 -125.42   0.0020000
   98.90   56.83  144.82   0.0020000
 -136.36   52.59   39.79   0.0020000
   76.02   33.79  -85.79   0.0020000
  167.91  105.91   54.16   0.0020000
  -10.42   93.64  -33.29   0.0020000
 -136.17   98.41  120.38   0.0020000
   -2.36  128.93   70.35   0.0020000
   -8.03   96.36  -27.88   0.0020000
  104.27  128.24 -134.87   0.0020000
  166.32  115.77  139.67   0.0020000
  -24.90  146.77  -61.43   0.0020000
  167.37  110.31  -38.14   0.0020000
  168.75   85.74  125.10   0.0020000
   80.50   57.40  -95.31   0.0020000
  166.19   97.49  -41.27   0.0020000
  167.97  116.33   52.58   0.0020000
  171.38  125.97  -32.12   0.0020000
  -11.89   51.83   39.37   0.0020000
  -89.41  121.76  132.52   0.0020000
  -30.59  137.96 -159.73   0.0020000
  -23.67  114.48 -152.33   0.0020000
  -66.08   45.02 -149.11   0.0020000
  167.57  116.45   52.17   0.0020000
   59.25  138.45  157.14   0.0020000
   79.16  130.84   93.48   0.0020000
   70.60   35.54  -80.40   0.0020000
  -85.81   92.26   89.94   0.0020000
 -137.90  116.53 -140.46   0.0020000
  117.17  135.40 -116.23   0.0020000
  -56.30   44.37  -72.96   0.0020000
  158.94   73.99   60.70   0.0020000
  -99.75  132.34  -83.72   0.0020000
   79.00  126.51 -179.47   0.0020000
  117.61  121.50 -114.31   0.0020000
 -131.92   46.25 -141.33   0.0020000
  122.34  145.67   70.26   0.0020000
   92.20  144.10  -65.16   0.0020000
  157.97   70.56  151.27   0.0020000
  167.78   85.64 -142.38   0.0020000
  166.43   90.84   44.36   0.0020000
  166.50   88.17   42.32   0.0020000
   72.57  136.72   85.17   0.0020000
 -174.37   85.20  -77.17   0.0020000
  153.05   49.38  -25.55   0.0020000
   88.47   62.63  162.80   0.0020000
   78.20  131.02 -177.85   0.0020000
  167.31   86.10 -141.12   0.0020000
  -83.24   35.25  147.71   0.0020000
  167.99   85.43  126.44   0.0020000
   -6.76   56.44 -152.58   0.0020000
 -177.57   87.06  101.51   0.0020000
  166.05   91.78 -134.13   0.0020000
   71.75   57.84 -173.84   0.0020000
   73.22   14.90  111.27   0.0020000
  104.90  170.85   10.33   0.0020000
  -75.56  121.45 -135.92   0.0020000
  166.17   99.07  -41.03   0.0020000
  -34.10  126.90 -165.95   0.0020000
  -12.44   72.06  -52.78   0.0020000
  -79.82  123.15  -51.76   0.0020000
  145.06   56.29 -103.35   0.0020000
 -106.31  140.98   85.39   0.0020000
   71.27   33.33  -80.61   0.0020000
 -133.44   95.66   50.30   0.0020000
  140.67   48.84   83.33   0.0020000
 -175.62   85.05  102.26   0.0020000
   -9.42  128.26   57.56   0.0020000
  -24.68  112.87 -154.54   0.0020000
  -40.01  129.22   95.76   0.0020000
 -177.36   49.62  -78.15   0.0020000
  105.11  116.62 -131.93   0.0020000
   82.97  158.10    1.34   0.0020000
  -39.20  150.47 -175.63   0.0020000
 -132.55   98.15   55.05   0.0020000
  159.42   49.03  143.98   0.0020000
  175.58  129.23  -24.19   0.0020000
   57.47  138.72 -115.42   0.0020000
   92.89  144.15  -64.09   0.0020000
  -98.14   54.14   -6.39   0.0020000
  163.07   79.30   55.99   0.0020000
  -95.66   60.21   82.74   0.0020000
   46.65   83.60  -52.33   0.0020000
  -19.63  136.28  127.50   0.0020000
 -130.47  103.27  -31.90   0.0020000
 -111.46  149.32  165.73   0.0020000
 -138.38   50.95  -46.42   0.0020000
   78.14  130.56 -178.72   0.0020000
   -7.50   47.21   31.02   0.0020000
 -140.36  178.37   34.22   0.0020000
   63.00   55.88  -73.49   0.0020000
  -93.21  121.93 -168.79   0.0020000
   95.91  148.39   32.79   0.0020000
   74.90  135.19  -91.90   0.0020000
   58.96  138.61  156.70   0.0020000
  -11.41   51.73  128.45   0.0020000
  -89.09   25.20 -117.69   0.0020000
   93.00  145.87 -153.47   0.0020000
   62.35   76.35    6.50   0.0020000
  109.00   94.89   95.76   0.0020000
  -93.37   64.62  -96.84   0.0020000
   83.33  117.87 -175.09   0.0020000
 -135.51   97.80   29.54   0.0020000
   81.12  126.44  -85.19   0.0020000
   46.16   85.18  -48.34   0.0020000
  119.02  146.36   65.54   0.0020000
   70.54   33.37   10.65   0.0020000
  -14.14   79.73  131.80   0.0020000
   47.26   81.29  -52.92   0.0020000
  -11.37   95.54  145.30   0.0020000
  126.13  132.79  166.96   0.0020000
   45.72   84.38  134.06   0.0020000
  146.32   49.91  165.04   0.0020000
   -7.80   55.46  119.99   0.0020000
  141.05   46.33   -7.60   0.0020000
  -14.94   96.03  -54.76   0.0020000
  156.21   59.73  -29.41   0.0020000
   79.54   47.02  -94.92   0.0020000
  167.17   94.72  -44.66   0.0020000
  106.14  141.40  -43.09   0.0020000
   43.27   60.20  -41.53   0.0020000
  -61.16   53.37   23.08   0.0020000
  176.59  127.76   68.24   0.0020000
   53.35  135.99   59.40   0.0020000
 -124.53  114.51  -24.44   0.0020000
 -137.55   51.92  -43.58   0.0020000
  -89.87  106.16  177.18   0.0020000
  173.37   12.20   43.10   0.0020000
  120.83  151.65 -111.59   0.0020000
  142.86   43.02  168.77   0.0020000
  156.37   54.90 -120.59   0.0020000
  -49.48   40.03    7.82   0.0020000
   85.35   53.10   -8.53   0.0020000
   48.55  133.89  -37.86   0.0020000
  -31.32    4.66  -52.81   0.0020000
  132.73  121.32  175.64   0.0020000
 -112.37  167.68  144.95   0.0020000
   84.37   50.57  -12.13   0.0020000
  -13.92   53.26  -49.90   0.0020000
 -133.45  114.18 -132.45   0.0020000
  -76.10  121.07 -136.45   0.0020000
   73.27  136.44   82.63   0.0020000
    7.34   54.72    5.30   0.0020000
  166.50  107.25  140.26   0.0020000
 -104.33  137.59  -91.41   0.0020000
  -12.91   68.96   38.46   0.0020000
 -103.29  136.87    0.80   0.0020000
  -81.60  122.66 -139.72   0.0020000
   75.94  134.55  -90.38   0.0020000
  159.93   73.81   59.12   0.0020000
  -73.50   52.79  -48.40   0.0020000
  166.90  106.08 -128.90   0.0020000
   47.00   88.13 -116.57   0.0020000
   53.90  137.55   59.71   0.0020000
  -13.76   90.97  -43.40   0.0020000
   90.36   52.68  158.36   0.0020000
   73.10   29.26 -171.83   0.0020000
   91.61   56.22  156.46   0.0020000
   75.37   12.07   18.48   0.0020000
 -155.31   95.94 -161.35   0.0020000
  -70.03   44.17  -50.49   0.0020000
   32.53   87.69  164.41   0.0020000
  152.99   63.68  157.31   0.0020000
  169.47   85.85 -148.15   0.0020000
 -108.99   42.62   96.90   0.0020000
  -13.51   77.50  129.93   0.0020000
  -13.11   75.24   38.91   0.0020000
  -51.59   57.82   12.21   0.0020000
  -94.94   61.69   -7.25   0.0020000
 -140.93   52.33  -44.11   0.0020000
 -100.56   51.04  177.10   0.0020000
    3.30   96.08 -106.57   0.0020000
 -137.35   51.23 -133.17   0.0020000
  144.41   45.05 -102.72   0.0020000
  169.64   83.59  122.15   0.0020000
 -126.08  111.84   63.93   0.0020000
 -133.74   99.33  -42.26   0.0020000
 -138.35   51.71  -41.11   0.0020000
   88.31   52.95  -18.30   0.0020000
 -107.31  145.25  172.98   0.0020000
  -14.85  130.91  -45.21   0.0020000
  104.83   59.71  -45.27   0.0020000
 -104.23  137.15  178.87   0.0020000
  171.77  131.09 -122.05   0.0020000
 -111.33  148.90  166.16   0.0020000
  -62.58   42.57   25.95   0.0020000
  128.07  106.24   -3.55   0.0020000
   54.19   65.17 -143.62   0.0020000
   -3.03   45.24  -66.92   0.0020000
   71.16  137.31   -6.66   0.0020000
   81.64   48.59  -98.04   0.0020000
  -23.47  127.40  120.99   0.0020000
  168.27  112.26   54.23   0.0020000
  173.26   82.96  -63.83   0.0020000
  155.35   52.72 -119.14   0.0020000
  168.92   86.94   32.57   0.0020000
   38.14  129.07  125.22   0.0020000
  146.20   46.15   74.81   0.0020000
  -13.19   76.10  -50.91   0.0020000
  142.01   47.76  171.33   0.0020000
  -84.97  123.71 -150.67   0.0020000
   69.44   31.98   12.69   0.0020000
  -37.82  123.99  -78.48   0.0020000
  -13.69   80.58 -139.37   0.0020000
  -91.72   67.00  -97.10   0.0020000
  -90.65  125.87  110.73   0.0020000
 -108.37   52.15  -83.76   0.0020000
   44.22   73.52  145.68   0.0020000
   45.62   82.71   53.32   0.0020000
   46.60  135.43  139.26   0.0020000
   60.50  138.90 -111.21   0.0020000
  104.65   62.83  -45.53   0.0020000
  168.86   86.68   33.16   0.0020000
  -76.72   63.38   45.17   0.0020000
   46.14   85.05   42.13   0.0020000
  167.95  116.21   52.47   0.0020000
  -14.55   66.29 -136.31   0.0020000
  -97.83   57.83  176.38   0.0020000
   47.55   72.66  128.46   0.0020000
  -58.78   45.17 -159.55   0.0020000
  157.32   46.69  148.31   0.0020000
  -98.32   54.97   84.89   0.0020000
   73.20   40.06  -84.89   0.0020000
 -128.96  115.47 -122.67   0.0020000
 -134.08  115.74   46.38   0.0020000
 -147.13   37.96  -30.68   0.0020000
 -132.37  117.45  139.58   0.0020000
   50.92  136.53 -124.61   0.0020000
 -124.41   41.76  -62.02   0.0020000
  105.98  147.74  138.87   0.0020000
  106.19  135.15 -133.01   0.0020000
  -12.46   92.91 -151.17   0.0020000
   63.90  141.17 -107.38   0.0020000
  -57.11   54.49  106.39   0.0020000
 -109.64  149.83   77.98   0.0020000
  -99.20  136.57    4.71   0.0020000
   83.54  122.17  -82.49   0.0020000
  166.95  106.65 -128.68   0.0020000
  -70.32   52.48  -52.18   0.0020000
  129.92  137.29   81.52   0.0020000
   45.85   72.20  -46.54   0.0020000
  169.86   83.18 -147.99   0.0020000
   84.62  122.24  -91.08   0.0020000
  137.87  122.73  -91.38   0.0020000
 -132.62  116.66  -40.11   0.0020000
  166.85  108.20 -128.92   0.0020000
  -99.63   51.14   85.27   0.0020000
  -22.47  124.87 -148.11   0.0020000
   16.06   98.29   81.09   0.0020000
 -142.45   53.13  144.98   0.0020000
   -8.35   96.36   62.02   0.0020000
  -67.71   52.03   32.81   0.0020000
  -11.78   51.97  -50.72   0.0020000
 -124.77  118.83   60.23   0.0020000
 -134.32   97.78   48.95   0.0020000
   85.52   50.22  164.98   0.0020000
   94.85   57.61 -118.91   0.0020000
  172.88   81.75  -62.74   0.0020000
 -119.77  117.97  -18.14   0.0020000
   -9.60   96.56  149.44   0.0020000
   98.19   57.67  -34.21   0.0020000
 -132.75   45.89 -140.02   0.0020000
  167.61  120.91 -129.12   0.0020000
  -11.38   52.16  128.34   0.0020000
   74.64  135.30  178.18   0.0020000
   60.56  139.34  159.06   0.0020000
 -141.49  100.23 -148.50   0.0020000
