 -0.1476E+01  0.6975E+01
 -0.1476E+01  0.7866E+01
 -0.1476E+01  0.6975E+01
 -0.9033E+00  0.7005E+01
 -0.8264E+00  0.7884E+01
 -0.9033E+00  0.7005E+01
  0.2562E+00  0.6943E+01
  0.4070E+00  0.7798E+01
  0.2562E+00  0.6943E+01
  0.2733E+01  0.6349E+01
  0.2957E+01  0.7183E+01
  0.2733E+01  0.6349E+01
  0.3576E+01  0.6022E+01
  0.3876E+01  0.6844E+01
  0.3576E+01  0.6022E+01
  0.4014E+01  0.5808E+01
  0.4387E+01  0.6608E+01
  0.4014E+01  0.5808E+01
  0.4326E+01  0.5629E+01
  0.4769E+01  0.6397E+01
  0.4326E+01  0.5629E+01
  0.4587E+01  0.5458E+01
  0.5098E+01  0.6189E+01
  0.4587E+01  0.5458E+01
  0.4826E+01  0.5280E+01
  0.5400E+01  0.5965E+01
  0.4826E+01  0.5280E+01
  0.5058E+01  0.5082E+01
  0.5691E+01  0.5716E+01
  0.5058E+01  0.5082E+01
  0.5303E+01  0.4846E+01
  0.5990E+01  0.5424E+01
  0.5303E+01  0.4846E+01
  0.5579E+01  0.4539E+01
  0.6314E+01  0.5055E+01
  0.5579E+01  0.4539E+01
  0.5900E+01  0.4113E+01
  0.6678E+01  0.4563E+01
  0.5900E+01  0.4113E+01
  0.6291E+01  0.3467E+01
  0.7105E+01  0.3847E+01
  0.6291E+01  0.3467E+01
  0.6770E+01  0.2366E+01
  0.7612E+01  0.2673E+01
  0.6770E+01  0.2366E+01
  0.7254E+01  0.6327E+00
  0.8133E+01  0.8682E+00
  0.7254E+01  0.6327E+00
  0.7356E+01 -0.3079E+00
  0.8263E+01 -0.1476E+00
  0.7356E+01 -0.3079E+00
  0.7359E+01 -0.7545E+00
  0.8280E+01 -0.6735E+00
  0.7359E+01 -0.7545E+00
  0.7342E+01 -0.1052E+01
  0.8269E+01 -0.1051E+01
  0.7342E+01 -0.1052E+01
  0.7314E+01 -0.1296E+01
  0.8239E+01 -0.1376E+01
  0.7314E+01 -0.1296E+01
  0.7276E+01 -0.1518E+01
  0.8191E+01 -0.1678E+01
  0.7276E+01 -0.1518E+01
  0.7226E+01 -0.1735E+01
  0.8124E+01 -0.1975E+01
  0.7226E+01 -0.1735E+01
  0.7160E+01 -0.1963E+01
  0.8032E+01 -0.2280E+01
  0.7160E+01 -0.1963E+01
  0.7072E+01 -0.2222E+01
  0.7912E+01 -0.2613E+01
  0.7072E+01 -0.2222E+01
  0.6936E+01 -0.2558E+01
  0.7737E+01 -0.3020E+01
  0.6936E+01 -0.2558E+01
  0.6674E+01 -0.3084E+01
  0.7427E+01 -0.3611E+01
  0.6674E+01 -0.3084E+01
  0.5966E+01 -0.4121E+01
  0.6661E+01 -0.4704E+01
  0.5966E+01 -0.4121E+01
  0.4689E+01 -0.5468E+01
  0.5325E+01 -0.6104E+01
  0.4689E+01 -0.5468E+01
  0.4000E+01 -0.6012E+01
  0.4580E+01 -0.6703E+01
  0.4000E+01 -0.6012E+01
  0.3592E+01 -0.6288E+01
  0.4112E+01 -0.7029E+01
  0.3592E+01 -0.6288E+01
  0.3276E+01 -0.6472E+01
  0.3729E+01 -0.7257E+01
  0.3276E+01 -0.6472E+01
  0.2998E+01 -0.6609E+01
  0.3381E+01 -0.7431E+01
  0.2998E+01 -0.6609E+01
  0.2736E+01 -0.6715E+01
  0.3046E+01 -0.7566E+01
  0.2736E+01 -0.6715E+01
  0.2470E+01 -0.6802E+01
  0.2704E+01 -0.7676E+01
  0.2470E+01 -0.6802E+01
  0.2188E+01 -0.6872E+01
  0.2345E+01 -0.7760E+01
  0.2188E+01 -0.6872E+01
  0.1870E+01 -0.6929E+01
  0.1948E+01 -0.7823E+01
  0.1870E+01 -0.6929E+01
  0.1476E+01 -0.6975E+01
  0.1476E+01 -0.7866E+01
  0.1476E+01 -0.6975E+01
  0.9033E+00 -0.7005E+01
  0.8264E+00 -0.7884E+01
  0.9033E+00 -0.7005E+01
 -0.2562E+00 -0.6943E+01
 -0.4070E+00 -0.7798E+01
 -0.2562E+00 -0.6943E+01
 -0.2733E+01 -0.6349E+01
 -0.2957E+01 -0.7183E+01
 -0.2733E+01 -0.6349E+01
 -0.3576E+01 -0.6022E+01
 -0.3876E+01 -0.6844E+01
 -0.3576E+01 -0.6022E+01
 -0.4014E+01 -0.5808E+01
 -0.4387E+01 -0.6608E+01
 -0.4014E+01 -0.5808E+01
 -0.4326E+01 -0.5629E+01
 -0.4769E+01 -0.6397E+01
 -0.4326E+01 -0.5629E+01
 -0.4587E+01 -0.5458E+01
 -0.5098E+01 -0.6189E+01
 -0.4587E+01 -0.5458E+01
 -0.4826E+01 -0.5280E+01
 -0.5400E+01 -0.5965E+01
 -0.4826E+01 -0.5280E+01
 -0.5058E+01 -0.5082E+01
 -0.5691E+01 -0.5716E+01
 -0.5058E+01 -0.5082E+01
 -0.5303E+01 -0.4846E+01
 -0.5990E+01 -0.5424E+01
 -0.5303E+01 -0.4846E+01
 -0.5579E+01 -0.4539E+01
 -0.6314E+01 -0.5055E+01
 -0.5579E+01 -0.4539E+01
 -0.5900E+01 -0.4113E+01
 -0.6678E+01 -0.4563E+01
 -0.5900E+01 -0.4113E+01
 -0.6291E+01 -0.3467E+01
 -0.7105E+01 -0.3847E+01
 -0.6291E+01 -0.3467E+01
 -0.6770E+01 -0.2366E+01
 -0.7612E+01 -0.2673E+01
 -0.6770E+01 -0.2366E+01
 -0.7254E+01 -0.6327E+00
 -0.8133E+01 -0.8682E+00
 -0.7254E+01 -0.6327E+00
 -0.7356E+01  0.3079E+00
 -0.8263E+01  0.1476E+00
 -0.7356E+01  0.3079E+00
 -0.7359E+01  0.7545E+00
 -0.8280E+01  0.6735E+00
 -0.7359E+01  0.7545E+00
 -0.7342E+01  0.1052E+01
 -0.8269E+01  0.1051E+01
 -0.7342E+01  0.1052E+01
 -0.7314E+01  0.1296E+01
 -0.8239E+01  0.1376E+01
 -0.7314E+01  0.1296E+01
 -0.7276E+01  0.1518E+01
 -0.8191E+01  0.1678E+01
 -0.7276E+01  0.1518E+01
 -0.7226E+01  0.1735E+01
 -0.8124E+01  0.1975E+01
 -0.7226E+01  0.1735E+01
 -0.7160E+01  0.1963E+01
 -0.8032E+01  0.2280E+01
 -0.7160E+01  0.1963E+01
 -0.7072E+01  0.2222E+01
 -0.7912E+01  0.2613E+01
 -0.7072E+01  0.2222E+01
 -0.6936E+01  0.2558E+01
 -0.7737E+01  0.3020E+01
 -0.6936E+01  0.2558E+01
 -0.6674E+01  0.3084E+01
 -0.7427E+01  0.3611E+01
 -0.6674E+01  0.3084E+01
 -0.5966E+01  0.4121E+01
 -0.6661E+01  0.4704E+01
 -0.5966E+01  0.4121E+01
 -0.4689E+01  0.5468E+01
 -0.5325E+01  0.6104E+01
 -0.4689E+01  0.5468E+01
 -0.4000E+01  0.6012E+01
 -0.4580E+01  0.6703E+01
 -0.4000E+01  0.6012E+01
 -0.3592E+01  0.6288E+01
 -0.4112E+01  0.7029E+01
 -0.3592E+01  0.6288E+01
 -0.3276E+01  0.6472E+01
 -0.3729E+01  0.7257E+01
 -0.3276E+01  0.6472E+01
 -0.2998E+01  0.6609E+01
 -0.3381E+01  0.7431E+01
 -0.2998E+01  0.6609E+01
 -0.2736E+01  0.6715E+01
 -0.3046E+01  0.7566E+01
 -0.2736E+01  0.6715E+01
 -0.2470E+01  0.6802E+01
 -0.2704E+01  0.7676E+01
 -0.2470E+01  0.6802E+01
 -0.2188E+01  0.6872E+01
 -0.2345E+01  0.7760E+01
 -0.2188E+01  0.6872E+01
 -0.1870E+01  0.6929E+01
 -0.1948E+01  0.7823E+01
 -0.1870E+01  0.6929E+01
 -0.1476E+01  0.6975E+01
   -   -   
 -0.2094E+01  0.1161E+02
 -0.2094E+01  0.1308E+02
 -0.2094E+01  0.1161E+02
 -0.3851E+00  0.1163E+02
 -0.2585E+00  0.1307E+02
 -0.3851E+00  0.1163E+02
  0.3780E+01  0.1103E+02
  0.4033E+01  0.1247E+02
  0.3780E+01  0.1103E+02
  0.5001E+01  0.1070E+02
  0.5383E+01  0.1213E+02
  0.5001E+01  0.1070E+02
  0.5786E+01  0.1043E+02
  0.6295E+01  0.1183E+02
  0.5786E+01  0.1043E+02
  0.6389E+01  0.1016E+02
  0.7023E+01  0.1152E+02
  0.6389E+01  0.1016E+02
  0.6938E+01  0.9860E+01
  0.7690E+01  0.1117E+02
  0.6938E+01  0.9860E+01
  0.7444E+01  0.9511E+01
  0.8309E+01  0.1075E+02
  0.7444E+01  0.9511E+01
  0.7893E+01  0.9137E+01
  0.8862E+01  0.1029E+02
  0.7893E+01  0.9137E+01
  0.8290E+01  0.8727E+01
  0.9354E+01  0.9792E+01
  0.8290E+01  0.8727E+01
  0.8669E+01  0.8273E+01
  0.9816E+01  0.9236E+01
  0.8669E+01  0.8273E+01
  0.9059E+01  0.7740E+01
  0.1028E+02  0.8594E+01
  0.9059E+01  0.7740E+01
  0.9497E+01  0.7060E+01
  0.1078E+02  0.7799E+01
  0.9497E+01  0.7060E+01
  0.1006E+02  0.6063E+01
  0.1139E+02  0.6684E+01
  0.1006E+02  0.6063E+01
  0.1118E+02  0.3153E+01
  0.1255E+02  0.3650E+01
  0.1118E+02  0.3153E+01
  0.1167E+02  0.9768E+00
  0.1308E+02  0.1355E+01
  0.1167E+02  0.9768E+00
  0.1180E+02 -0.2618E-01
  0.1325E+02  0.2305E+00
  0.1180E+02 -0.2618E-01
  0.1183E+02 -0.6089E+00
  0.1330E+02 -0.4793E+00
  0.1183E+02 -0.6089E+00
  0.1182E+02 -0.1021E+01
  0.1330E+02 -0.1020E+01
  0.1182E+02 -0.1021E+01
  0.1180E+02 -0.1365E+01
  0.1328E+02 -0.1494E+01
  0.1180E+02 -0.1365E+01
  0.1176E+02 -0.1689E+01
  0.1322E+02 -0.1946E+01
  0.1176E+02 -0.1689E+01
  0.1169E+02 -0.2025E+01
  0.1312E+02 -0.2409E+01
  0.1169E+02 -0.2025E+01
  0.1159E+02 -0.2419E+01
  0.1298E+02 -0.2925E+01
  0.1159E+02 -0.2419E+01
  0.1142E+02 -0.2963E+01
  0.1275E+02 -0.3586E+01
  0.1142E+02 -0.2963E+01
  0.1098E+02 -0.3958E+01
  0.1224E+02 -0.4687E+01
  0.1098E+02 -0.3958E+01
  0.9705E+01 -0.6075E+01
  0.1088E+02 -0.6896E+01
  0.9705E+01 -0.6075E+01
  0.7559E+01 -0.8840E+01
  0.8673E+01 -0.9775E+01
  0.7559E+01 -0.8840E+01
  0.6742E+01 -0.9605E+01
  0.7779E+01 -0.1064E+02
  0.6742E+01 -0.9605E+01
  0.6236E+01 -0.1003E+02
  0.7185E+01 -0.1116E+02
  0.6236E+01 -0.1003E+02
  0.5814E+01 -0.1035E+02
  0.6666E+01 -0.1156E+02
  0.5814E+01 -0.1035E+02
  0.5422E+01 -0.1062E+02
  0.6167E+01 -0.1191E+02
  0.5422E+01 -0.1062E+02
  0.5032E+01 -0.1085E+02
  0.5665E+01 -0.1220E+02
  0.5032E+01 -0.1085E+02
  0.4628E+01 -0.1105E+02
  0.5141E+01 -0.1245E+02
  0.4628E+01 -0.1105E+02
  0.4186E+01 -0.1122E+02
  0.4574E+01 -0.1266E+02
  0.4186E+01 -0.1122E+02
  0.3658E+01 -0.1137E+02
  0.3918E+01 -0.1284E+02
  0.3658E+01 -0.1137E+02
  0.2994E+01 -0.1150E+02
  0.3124E+01 -0.1298E+02
  0.2994E+01 -0.1150E+02
  0.2094E+01 -0.1161E+02
  0.2094E+01 -0.1308E+02
  0.2094E+01 -0.1161E+02
  0.3851E+00 -0.1163E+02
  0.2585E+00 -0.1307E+02
  0.3851E+00 -0.1163E+02
 -0.3780E+01 -0.1103E+02
 -0.4033E+01 -0.1247E+02
 -0.3780E+01 -0.1103E+02
 -0.5001E+01 -0.1070E+02
 -0.5383E+01 -0.1213E+02
 -0.5001E+01 -0.1070E+02
 -0.5786E+01 -0.1043E+02
 -0.6295E+01 -0.1183E+02
 -0.5786E+01 -0.1043E+02
 -0.6389E+01 -0.1016E+02
 -0.7023E+01 -0.1152E+02
 -0.6389E+01 -0.1016E+02
 -0.6938E+01 -0.9860E+01
 -0.7690E+01 -0.1117E+02
 -0.6938E+01 -0.9860E+01
 -0.7444E+01 -0.9511E+01
 -0.8309E+01 -0.1075E+02
 -0.7444E+01 -0.9511E+01
 -0.7893E+01 -0.9137E+01
 -0.8862E+01 -0.1029E+02
 -0.7893E+01 -0.9137E+01
 -0.8290E+01 -0.8727E+01
 -0.9354E+01 -0.9792E+01
 -0.8290E+01 -0.8727E+01
 -0.8669E+01 -0.8273E+01
 -0.9816E+01 -0.9236E+01
 -0.8669E+01 -0.8273E+01
 -0.9059E+01 -0.7740E+01
 -0.1028E+02 -0.8594E+01
 -0.9059E+01 -0.7740E+01
 -0.9497E+01 -0.7060E+01
 -0.1078E+02 -0.7799E+01
 -0.9497E+01 -0.7060E+01
 -0.1006E+02 -0.6063E+01
 -0.1139E+02 -0.6684E+01
 -0.1006E+02 -0.6063E+01
 -0.1118E+02 -0.3153E+01
 -0.1255E+02 -0.3650E+01
 -0.1118E+02 -0.3153E+01
 -0.1167E+02 -0.9768E+00
 -0.1308E+02 -0.1355E+01
 -0.1167E+02 -0.9768E+00
 -0.1180E+02  0.2618E-01
 -0.1325E+02 -0.2305E+00
 -0.1180E+02  0.2618E-01
 -0.1183E+02  0.6089E+00
 -0.1330E+02  0.4793E+00
 -0.1183E+02  0.6089E+00
 -0.1182E+02  0.1021E+01
 -0.1330E+02  0.1020E+01
 -0.1182E+02  0.1021E+01
 -0.1180E+02  0.1365E+01
 -0.1328E+02  0.1494E+01
 -0.1180E+02  0.1365E+01
 -0.1176E+02  0.1689E+01
 -0.1322E+02  0.1946E+01
 -0.1176E+02  0.1689E+01
 -0.1169E+02  0.2025E+01
 -0.1312E+02  0.2409E+01
 -0.1169E+02  0.2025E+01
 -0.1159E+02  0.2419E+01
 -0.1298E+02  0.2925E+01
 -0.1159E+02  0.2419E+01
 -0.1142E+02  0.2963E+01
 -0.1275E+02  0.3586E+01
 -0.1142E+02  0.2963E+01
 -0.1098E+02  0.3958E+01
 -0.1224E+02  0.4687E+01
 -0.1098E+02  0.3958E+01
 -0.9705E+01  0.6075E+01
 -0.1088E+02  0.6896E+01
 -0.9705E+01  0.6075E+01
 -0.7559E+01  0.8840E+01
 -0.8673E+01  0.9775E+01
 -0.7559E+01  0.8840E+01
 -0.6742E+01  0.9605E+01
 -0.7779E+01  0.1064E+02
 -0.6742E+01  0.9605E+01
 -0.6236E+01  0.1003E+02
 -0.7185E+01  0.1116E+02
 -0.6236E+01  0.1003E+02
 -0.5814E+01  0.1035E+02
 -0.6666E+01  0.1156E+02
 -0.5814E+01  0.1035E+02
 -0.5422E+01  0.1062E+02
 -0.6167E+01  0.1191E+02
 -0.5422E+01  0.1062E+02
 -0.5032E+01  0.1085E+02
 -0.5665E+01  0.1220E+02
 -0.5032E+01  0.1085E+02
 -0.4628E+01  0.1105E+02
 -0.5141E+01  0.1245E+02
 -0.4628E+01  0.1105E+02
 -0.4186E+01  0.1122E+02
 -0.4574E+01  0.1266E+02
 -0.4186E+01  0.1122E+02
 -0.3658E+01  0.1137E+02
 -0.3918E+01  0.1284E+02
 -0.3658E+01  0.1137E+02
 -0.2994E+01  0.1150E+02
 -0.3124E+01  0.1298E+02
 -0.2994E+01  0.1150E+02
 -0.2094E+01  0.1161E+02
   -   -   
