 -0.1476E+01  0.6975E+01
 -0.1556E+01  0.7863E+01
 -0.1476E+01  0.6975E+01
 -0.9033E+00  0.7005E+01
 -0.9186E+00  0.7888E+01
 -0.9033E+00  0.7005E+01
  0.2562E+00  0.6943E+01
  0.3521E+00  0.7806E+01
  0.2562E+00  0.6943E+01
  0.2733E+01  0.6349E+01
  0.3017E+01  0.7165E+01
  0.2733E+01  0.6349E+01
  0.3576E+01  0.6022E+01
  0.3937E+01  0.6819E+01
  0.3576E+01  0.6022E+01
  0.4014E+01  0.5808E+01
  0.4432E+01  0.6585E+01
  0.4014E+01  0.5808E+01
  0.4326E+01  0.5629E+01
  0.4791E+01  0.6384E+01
  0.4326E+01  0.5629E+01
  0.4587E+01  0.5458E+01
  0.5098E+01  0.6188E+01
  0.4587E+01  0.5458E+01
  0.4826E+01  0.5280E+01
  0.5384E+01  0.5979E+01
  0.4826E+01  0.5280E+01
  0.5058E+01  0.5082E+01
  0.5658E+01  0.5747E+01
  0.5058E+01  0.5082E+01
  0.5303E+01  0.4846E+01
  0.5946E+01  0.5473E+01
  0.5303E+01  0.4846E+01
  0.5579E+01  0.4539E+01
  0.6270E+01  0.5113E+01
  0.5579E+01  0.4539E+01
  0.5900E+01  0.4113E+01
  0.6639E+01  0.4624E+01
  0.5900E+01  0.4113E+01
  0.6291E+01  0.3467E+01
  0.7082E+01  0.3892E+01
  0.6291E+01  0.3467E+01
  0.6770E+01  0.2366E+01
  0.7611E+01  0.2678E+01
  0.6770E+01  0.2366E+01
  0.7254E+01  0.6327E+00
  0.8152E+01  0.7817E+00
  0.7254E+01  0.6327E+00
  0.7356E+01 -0.3079E+00
  0.8276E+01 -0.2725E+00
  0.7356E+01 -0.3079E+00
  0.7359E+01 -0.7545E+00
  0.8283E+01 -0.7839E+00
  0.7359E+01 -0.7545E+00
  0.7342E+01 -0.1052E+01
  0.8266E+01 -0.1133E+01
  0.7342E+01 -0.1052E+01
  0.7314E+01 -0.1296E+01
  0.8233E+01 -0.1428E+01
  0.7314E+01 -0.1296E+01
  0.7276E+01 -0.1518E+01
  0.8187E+01 -0.1701E+01
  0.7276E+01 -0.1518E+01
  0.7226E+01 -0.1735E+01
  0.8125E+01 -0.1968E+01
  0.7226E+01 -0.1735E+01
  0.7160E+01 -0.1963E+01
  0.8046E+01 -0.2240E+01
  0.7160E+01 -0.1963E+01
  0.7072E+01 -0.2222E+01
  0.7942E+01 -0.2541E+01
  0.7072E+01 -0.2222E+01
  0.6936E+01 -0.2558E+01
  0.7783E+01 -0.2929E+01
  0.6936E+01 -0.2558E+01
  0.6674E+01 -0.3084E+01
  0.7479E+01 -0.3529E+01
  0.6674E+01 -0.3084E+01
  0.5966E+01 -0.4121E+01
  0.6680E+01 -0.4679E+01
  0.5966E+01 -0.4121E+01
  0.4689E+01 -0.5468E+01
  0.5279E+01 -0.6148E+01
  0.4689E+01 -0.5468E+01
  0.4000E+01 -0.6012E+01
  0.4525E+01 -0.6745E+01
  0.4000E+01 -0.6012E+01
  0.3592E+01 -0.6288E+01
  0.4070E+01 -0.7057E+01
  0.3592E+01 -0.6288E+01
  0.3276E+01 -0.6472E+01
  0.3702E+01 -0.7272E+01
  0.3276E+01 -0.6472E+01
  0.2998E+01 -0.6609E+01
  0.3367E+01 -0.7437E+01
  0.2998E+01 -0.6609E+01
  0.2736E+01 -0.6715E+01
  0.3048E+01 -0.7566E+01
  0.2736E+01 -0.6715E+01
  0.2470E+01 -0.6802E+01
  0.2721E+01 -0.7671E+01
  0.2470E+01 -0.6802E+01
  0.2188E+01 -0.6872E+01
  0.2378E+01 -0.7754E+01
  0.2188E+01 -0.6872E+01
  0.1870E+01 -0.6929E+01
  0.2003E+01 -0.7817E+01
  0.1870E+01 -0.6929E+01
  0.1476E+01 -0.6975E+01
  0.1556E+01 -0.7863E+01
  0.1476E+01 -0.6975E+01
  0.9033E+00 -0.7005E+01
  0.9186E+00 -0.7888E+01
  0.9033E+00 -0.7005E+01
 -0.2562E+00 -0.6943E+01
 -0.3521E+00 -0.7806E+01
 -0.2562E+00 -0.6943E+01
 -0.2733E+01 -0.6349E+01
 -0.3017E+01 -0.7165E+01
 -0.2733E+01 -0.6349E+01
 -0.3576E+01 -0.6022E+01
 -0.3937E+01 -0.6819E+01
 -0.3576E+01 -0.6022E+01
 -0.4014E+01 -0.5808E+01
 -0.4432E+01 -0.6585E+01
 -0.4014E+01 -0.5808E+01
 -0.4326E+01 -0.5629E+01
 -0.4791E+01 -0.6384E+01
 -0.4326E+01 -0.5629E+01
 -0.4587E+01 -0.5458E+01
 -0.5098E+01 -0.6188E+01
 -0.4587E+01 -0.5458E+01
 -0.4826E+01 -0.5280E+01
 -0.5384E+01 -0.5979E+01
 -0.4826E+01 -0.5280E+01
 -0.5058E+01 -0.5082E+01
 -0.5658E+01 -0.5747E+01
 -0.5058E+01 -0.5082E+01
 -0.5303E+01 -0.4846E+01
 -0.5946E+01 -0.5473E+01
 -0.5303E+01 -0.4846E+01
 -0.5579E+01 -0.4539E+01
 -0.6270E+01 -0.5113E+01
 -0.5579E+01 -0.4539E+01
 -0.5900E+01 -0.4113E+01
 -0.6639E+01 -0.4624E+01
 -0.5900E+01 -0.4113E+01
 -0.6291E+01 -0.3467E+01
 -0.7082E+01 -0.3892E+01
 -0.6291E+01 -0.3467E+01
 -0.6770E+01 -0.2366E+01
 -0.7611E+01 -0.2678E+01
 -0.6770E+01 -0.2366E+01
 -0.7254E+01 -0.6327E+00
 -0.8154E+01 -0.7688E+00
 -0.7254E+01 -0.6327E+00
 -0.7356E+01  0.3079E+00
 -0.8276E+01  0.2739E+00
 -0.7356E+01  0.3079E+00
 -0.7359E+01  0.7545E+00
 -0.8283E+01  0.7839E+00
 -0.7359E+01  0.7545E+00
 -0.7342E+01  0.1052E+01
 -0.8266E+01  0.1133E+01
 -0.7342E+01  0.1052E+01
 -0.7314E+01  0.1296E+01
 -0.8233E+01  0.1428E+01
 -0.7314E+01  0.1296E+01
 -0.7276E+01  0.1518E+01
 -0.8187E+01  0.1701E+01
 -0.7276E+01  0.1518E+01
 -0.7226E+01  0.1735E+01
 -0.8125E+01  0.1968E+01
 -0.7226E+01  0.1735E+01
 -0.7160E+01  0.1963E+01
 -0.8046E+01  0.2240E+01
 -0.7160E+01  0.1963E+01
 -0.7072E+01  0.2222E+01
 -0.7942E+01  0.2541E+01
 -0.7072E+01  0.2222E+01
 -0.6936E+01  0.2558E+01
 -0.7783E+01  0.2929E+01
 -0.6936E+01  0.2558E+01
 -0.6674E+01  0.3084E+01
 -0.7479E+01  0.3529E+01
 -0.6674E+01  0.3084E+01
 -0.5966E+01  0.4121E+01
 -0.6680E+01  0.4679E+01
 -0.5966E+01  0.4121E+01
 -0.4689E+01  0.5468E+01
 -0.5279E+01  0.6148E+01
 -0.4689E+01  0.5468E+01
 -0.4000E+01  0.6012E+01
 -0.4525E+01  0.6745E+01
 -0.4000E+01  0.6012E+01
 -0.3592E+01  0.6288E+01
 -0.4070E+01  0.7057E+01
 -0.3592E+01  0.6288E+01
 -0.3276E+01  0.6472E+01
 -0.3702E+01  0.7272E+01
 -0.3276E+01  0.6472E+01
 -0.2998E+01  0.6609E+01
 -0.3367E+01  0.7437E+01
 -0.2998E+01  0.6609E+01
 -0.2736E+01  0.6715E+01
 -0.3048E+01  0.7566E+01
 -0.2736E+01  0.6715E+01
 -0.2470E+01  0.6802E+01
 -0.2721E+01  0.7671E+01
 -0.2470E+01  0.6802E+01
 -0.2188E+01  0.6872E+01
 -0.2378E+01  0.7754E+01
 -0.2188E+01  0.6872E+01
 -0.1870E+01  0.6929E+01
 -0.2003E+01  0.7817E+01
 -0.1870E+01  0.6929E+01
 -0.1476E+01  0.6975E+01
   -   -   
 -0.2094E+01  0.1161E+02
 -0.2213E+01  0.1308E+02
 -0.2094E+01  0.1161E+02
 -0.3851E+00  0.1163E+02
 -0.3357E+00  0.1308E+02
 -0.3851E+00  0.1163E+02
  0.3780E+01  0.1103E+02
  0.4122E+01  0.1245E+02
  0.3780E+01  0.1103E+02
  0.5001E+01  0.1070E+02
  0.5447E+01  0.1211E+02
  0.5001E+01  0.1070E+02
  0.5786E+01  0.1043E+02
  0.6343E+01  0.1181E+02
  0.5786E+01  0.1043E+02
  0.6389E+01  0.1016E+02
  0.7058E+01  0.1150E+02
  0.6389E+01  0.1016E+02
  0.6938E+01  0.9860E+01
  0.7727E+01  0.1114E+02
  0.6938E+01  0.9860E+01
  0.7444E+01  0.9511E+01
  0.8358E+01  0.1071E+02
  0.7444E+01  0.9511E+01
  0.7893E+01  0.9137E+01
  0.8920E+01  0.1024E+02
  0.7893E+01  0.9137E+01
  0.8290E+01  0.8727E+01
  0.9409E+01  0.9733E+01
  0.8290E+01  0.8727E+01
  0.8669E+01  0.8273E+01
  0.9847E+01  0.9197E+01
  0.8669E+01  0.8273E+01
  0.9059E+01  0.7740E+01
  0.1028E+02  0.8587E+01
  0.9059E+01  0.7740E+01
  0.9497E+01  0.7060E+01
  0.1076E+02  0.7830E+01
  0.9497E+01  0.7060E+01
  0.1006E+02  0.6063E+01
  0.1137E+02  0.6735E+01
  0.1006E+02  0.6063E+01
  0.1118E+02  0.3153E+01
  0.1258E+02  0.3556E+01
  0.1118E+02  0.3153E+01
  0.1167E+02  0.9768E+00
  0.1311E+02  0.1205E+01
  0.1167E+02  0.9768E+00
  0.1180E+02 -0.2618E-01
  0.1327E+02  0.8913E-01
  0.1180E+02 -0.2618E-01
  0.1183E+02 -0.6089E+00
  0.1331E+02 -0.5891E+00
  0.1183E+02 -0.6089E+00
  0.1182E+02 -0.1021E+01
  0.1330E+02 -0.1085E+01
  0.1182E+02 -0.1021E+01
  0.1180E+02 -0.1365E+01
  0.1327E+02 -0.1511E+01
  0.1180E+02 -0.1365E+01
  0.1176E+02 -0.1689E+01
  0.1322E+02 -0.1919E+01
  0.1176E+02 -0.1689E+01
  0.1169E+02 -0.2025E+01
  0.1314E+02 -0.2340E+01
  0.1169E+02 -0.2025E+01
  0.1159E+02 -0.2419E+01
  0.1302E+02 -0.2819E+01
  0.1159E+02 -0.2419E+01
  0.1142E+02 -0.2963E+01
  0.1280E+02 -0.3465E+01
  0.1142E+02 -0.2963E+01
  0.1098E+02 -0.3958E+01
  0.1229E+02 -0.4596E+01
  0.1098E+02 -0.3958E+01
  0.9705E+01 -0.6075E+01
  0.1089E+02 -0.6872E+01
  0.9705E+01 -0.6075E+01
  0.7559E+01 -0.8840E+01
  0.8593E+01 -0.9863E+01
  0.7559E+01 -0.8840E+01
  0.6742E+01 -0.9605E+01
  0.7706E+01 -0.1071E+02
  0.6742E+01 -0.9605E+01
  0.6236E+01 -0.1003E+02
  0.7154E+01 -0.1118E+02
  0.6236E+01 -0.1003E+02
  0.5814E+01 -0.1035E+02
  0.6681E+01 -0.1155E+02
  0.5814E+01 -0.1035E+02
  0.5422E+01 -0.1062E+02
  0.6221E+01 -0.1187E+02
  0.5422E+01 -0.1062E+02
  0.5032E+01 -0.1085E+02
  0.5742E+01 -0.1216E+02
  0.5032E+01 -0.1085E+02
  0.4628E+01 -0.1105E+02
  0.5227E+01 -0.1242E+02
  0.4628E+01 -0.1105E+02
  0.4186E+01 -0.1122E+02
  0.4671E+01 -0.1263E+02
  0.4186E+01 -0.1122E+02
  0.3658E+01 -0.1137E+02
  0.4021E+01 -0.1282E+02
  0.3658E+01 -0.1137E+02
  0.2994E+01 -0.1150E+02
  0.3233E+01 -0.1297E+02
  0.2994E+01 -0.1150E+02
  0.2094E+01 -0.1161E+02
  0.2213E+01 -0.1308E+02
  0.2094E+01 -0.1161E+02
  0.3851E+00 -0.1163E+02
  0.3357E+00 -0.1308E+02
  0.3851E+00 -0.1163E+02
 -0.3780E+01 -0.1103E+02
 -0.4122E+01 -0.1245E+02
 -0.3780E+01 -0.1103E+02
 -0.5001E+01 -0.1070E+02
 -0.5447E+01 -0.1211E+02
 -0.5001E+01 -0.1070E+02
 -0.5786E+01 -0.1043E+02
 -0.6343E+01 -0.1181E+02
 -0.5786E+01 -0.1043E+02
 -0.6389E+01 -0.1016E+02
 -0.7058E+01 -0.1150E+02
 -0.6389E+01 -0.1016E+02
 -0.6938E+01 -0.9860E+01
 -0.7727E+01 -0.1114E+02
 -0.6938E+01 -0.9860E+01
 -0.7444E+01 -0.9511E+01
 -0.8358E+01 -0.1071E+02
 -0.7444E+01 -0.9511E+01
 -0.7893E+01 -0.9137E+01
 -0.8920E+01 -0.1024E+02
 -0.7893E+01 -0.9137E+01
 -0.8290E+01 -0.8727E+01
 -0.9409E+01 -0.9733E+01
 -0.8290E+01 -0.8727E+01
 -0.8669E+01 -0.8273E+01
 -0.9847E+01 -0.9197E+01
 -0.8669E+01 -0.8273E+01
 -0.9059E+01 -0.7740E+01
 -0.1028E+02 -0.8587E+01
 -0.9059E+01 -0.7740E+01
 -0.9497E+01 -0.7060E+01
 -0.1076E+02 -0.7830E+01
 -0.9497E+01 -0.7060E+01
 -0.1006E+02 -0.6063E+01
 -0.1137E+02 -0.6735E+01
 -0.1006E+02 -0.6063E+01
 -0.1118E+02 -0.3153E+01
 -0.1258E+02 -0.3556E+01
 -0.1118E+02 -0.3153E+01
 -0.1167E+02 -0.9768E+00
 -0.1312E+02 -0.1159E+01
 -0.1167E+02 -0.9768E+00
 -0.1180E+02  0.2618E-01
 -0.1327E+02 -0.8414E-01
 -0.1180E+02  0.2618E-01
 -0.1183E+02  0.6089E+00
 -0.1331E+02  0.5891E+00
 -0.1183E+02  0.6089E+00
 -0.1182E+02  0.1021E+01
 -0.1330E+02  0.1085E+01
 -0.1182E+02  0.1021E+01
 -0.1180E+02  0.1365E+01
 -0.1327E+02  0.1511E+01
 -0.1180E+02  0.1365E+01
 -0.1176E+02  0.1689E+01
 -0.1322E+02  0.1919E+01
 -0.1176E+02  0.1689E+01
 -0.1169E+02  0.2025E+01
 -0.1314E+02  0.2340E+01
 -0.1169E+02  0.2025E+01
 -0.1159E+02  0.2419E+01
 -0.1302E+02  0.2819E+01
 -0.1159E+02  0.2419E+01
 -0.1142E+02  0.2963E+01
 -0.1280E+02  0.3465E+01
 -0.1142E+02  0.2963E+01
 -0.1098E+02  0.3958E+01
 -0.1229E+02  0.4596E+01
 -0.1098E+02  0.3958E+01
 -0.9705E+01  0.6075E+01
 -0.1089E+02  0.6872E+01
 -0.9705E+01  0.6075E+01
 -0.7559E+01  0.8840E+01
 -0.8593E+01  0.9863E+01
 -0.7559E+01  0.8840E+01
 -0.6742E+01  0.9605E+01
 -0.7706E+01  0.1071E+02
 -0.6742E+01  0.9605E+01
 -0.6236E+01  0.1003E+02
 -0.7154E+01  0.1118E+02
 -0.6236E+01  0.1003E+02
 -0.5814E+01  0.1035E+02
 -0.6681E+01  0.1155E+02
 -0.5814E+01  0.1035E+02
 -0.5422E+01  0.1062E+02
 -0.6221E+01  0.1187E+02
 -0.5422E+01  0.1062E+02
 -0.5032E+01  0.1085E+02
 -0.5742E+01  0.1216E+02
 -0.5032E+01  0.1085E+02
 -0.4628E+01  0.1105E+02
 -0.5227E+01  0.1242E+02
 -0.4628E+01  0.1105E+02
 -0.4186E+01  0.1122E+02
 -0.4671E+01  0.1263E+02
 -0.4186E+01  0.1122E+02
 -0.3658E+01  0.1137E+02
 -0.4021E+01  0.1282E+02
 -0.3658E+01  0.1137E+02
 -0.2994E+01  0.1150E+02
 -0.3233E+01  0.1297E+02
 -0.2994E+01  0.1150E+02
 -0.2094E+01  0.1161E+02
   -   -   
