
 **** INPUT FILE VPSC.IN FOR THIS RUN ****
1                          number of elements (nelem)                                                                             
1                          number of phases (nph)                                                                                 
1.0  0.0                   relative vol. fract. of phases (wph(i))                                                                
*INFORMATION ABOUT PHASE #1                                                                                                       
1   0   25                      grain shape contrl, fragmentn, crit aspect ratio                                                  
1.0  1.0  1.0                 initial ellipsoid ratios (dummy if ishape=4)                                                        
0.0  0.0  0.0                 init Eul ang ellips axes (dummy if ishape=3,4)                                                      
* name and path of texture file (filetext)                                                                                        
ex06_torsion\rand500.tex                                                                                                          
* name and path of single crystal file (filecrys)                                                                                 
ex06_torsion\fcc.sx2                                                                                                              
* name and path of grain shape file (dummy if ishape=0) (fileaxes)                                                                
dummy                                                                                                                             
* name and path of diffraction file (dummy if idiff=0)                                                                            
0                                                                                                                                 
dummy                                                                                                                             
*PRECISION SETTINGS FOR CONVERGENCE PROCEDURES (default values)                                                                   
0.001 0.001 0.001 0.001    errs,errd,errm,errso                                                                                   
100 100 25     itmax:   max # of iter, external, internal and SO loops                                                            
0  2  10  2    irsvar & jrsini,jrsfin,jrstep (dummy if irsvar=0)                                                                  
*INPUT/OUTPUT SETTINGS FOR THE RUN (default is zero)                                                                              
0              irecover:read grain states from POSTMORT.IN (1) or not (0)?                                                        
0              isave:   write grain states in POSTMORT.OUT at step 'isave'?                                                       
0              icubcomp:calculate fcc rolling components?                                                                         
0              nwrite (frequency of texture downloads)                                                                            
*MODELING CONDITIONS FOR THE RUN                                                                                                  
1              interaction (0:FC,1:affine,2:secant,3:neff=10,4:tangent,5:SO)                                                      
1  1  1        iupdate: update orient, grain shape, hardening                                                                     
0              nneigh (0 for no neighbors, 1 for pairs, etc.)                                                                     
0              iflu (0: don't calc, 1: calc fluctuations)                                                                         
*NUMBER OF PROCESSES (Lij const; Lij variable; PCYS ;LANKFORD; rigid rotatn)                                                      
4                                                                                                                                 
*IVGVAR AND PATH\NAME OF FILE FOR EACH PROCESS                                                                                    
0                                                                                                                                 
ex06_torsion\torsion_free.12                                                                                                      
2         ivgvar=2 will calculate PCYS at the end                                                                                 
1 5             -->   section of stress space                                                                                     
0                                                                                                                                 
ex06_torsion\torsion_free.12                                                                                                      
2         ivgvar=2 will calculate PCYS at the end                                                                                 
1 5             -->   section of stress space                                                                                     


 **** CRYSTAL DATA FILE ****
*Material: AUSTENITIC STEEL                                                                                                       
cubic           crysym                                                                                                            
   1.0   1.0   1.0   90.   90.   90.   unit cell axes and angles                                                                  
Elastic stiffness (single crystal [GPa]; scaled=0.85xINTERPOLATED)                                                                
 205.0   138.0   138.0   000.0   000.0   000.0                                                                                    
 138.0   205.0   138.0   000.0   000.0   000.0                                                                                    
 138.0   138.0   205.0   000.0   000.0   000.0                                                                                    
 000.0   000.0   000.0   126.0   000.0   000.0                                                                                    
 000.0   000.0   000.0   000.0   126.0   000.0                                                                                    
 000.0   000.0   000.0   000.0   000.0   126.0                                                                                    
*Thermal expansion coefficients (single crystal in crystal axis):                                                                 
  0.0e-6   0.0e-6  0.0e-6   0.0e0   0.0e0   0.0e0                                                                                 
*Info about slip & twinning modes in this file:                                                                                   
  2          nmodesx    (total # of modes listed in file)                                                                         
  1          nmodes     (# of modes to be used in the calculation)                                                                
  1          mode(i)    (label of the modes to be used)                                                                           
  {111}<110> SLIP                                                                                                                 
 1  12  1   0                       modex,nsmx,isensex,itwtypex                                                                   
   1  1  1        0  1 -1           slip (n & b)                                                                                  
   1  1  1        1  0 -1                                                                                                         
   1  1  1        1 -1  0                                                                                                         
  -1  1  1        0  1 -1                                                                                                         
  -1  1  1        1  0  1                                                                                                         
  -1  1  1        1  1  0                                                                                                         
  -1 -1  1        0  1  1                                                                                                         
  -1 -1  1        1  0  1                                                                                                         
  -1 -1  1        1 -1  0                                                                                                         
   1 -1  1        0  1  1                                                                                                         
   1 -1  1        1  0 -1                                                                                                         
   1 -1  1        1  1  0                                                                                                         
 {111}<112> TWIN                                                                                                                  
 2  12  0   2                        modex,nsmx,isensex,itwtypex                                                                  
 0.707                               twshx                                                                                        
   1  1  1       -2  1  1                                                                                                         
   1  1  1        1 -2  1                                                                                                         
   1  1  1        1  1 -2                                                                                                         
  -1  1  1        2  1  1                                                                                                         
  -1  1  1       -1 -2  1                                                                                                         
  -1  1  1       -1  1 -2                                                                                                         
  -1 -1  1        2 -1  1                                                                                                         
  -1 -1  1       -1  2  1                                                                                                         
  -1 -1  1       -1 -1 -2                                                                                                         
   1 -1  1       -2 -1  1                                                                                                         
   1 -1  1        1  2  1                                                                                                         
   1 -1  1        1 -1 -2                                                                                                         
*Constitutive law                                                                                                                 
   0      Voce=0, MTS=1                                                                                                           
   1      iratesens (0:rate insensitive, 1:rate sensitive)                                                                        
   50     grsze --> grain size only matters if HPfactor is non-zero                                                               
  {111}<110> SLIP -------------------------------------------                                                                     
 20                               nrsx                                                                                            
 1.0   0.0   1.0   1.0   0.        tau0x,tau1x,thet0,thet1, hpfac                                                                 
 1.0    1.0                          hlatex(1,im),im=1,nmodes                                                                     
  {111}<112> TWIN --------------------------------------                                                                          
 20                               nrsx                                                                                            
 1.0   0.0    0.   0.   0.        tau0x,tau1x,thet0,thet1, hpfac                                                                  
 1.0    1.0                       hlatex(1,im),im=1,nmodes                                                                        
 0     0.05   0.50                isectw, thres1,thres2                                                                           
**** END OF CRYSTAL DATA FILE ****


 CHECKING THAT CELCC*SELCC-ID6=0   0.2134069E-31
 *********** PHASE   1
 RANDOM PX BULK & POISSON MODULI     160.333       0.266
 RANDOM PX ELASTIC CTES C11, C12, C44     279.000     101.000      89.000

 INSIDE SUBROUTINE DATA_CRYSTAL
 SHEAR MODULUS FOR MODE  1 IN PHASE  1 IS      64.333
 N & B FOR MODE  1 IN PHASE  1
     0.577     0.577     0.577        0.000     0.707    -0.707
     0.577     0.577     0.577        0.707     0.000    -0.707
     0.577     0.577     0.577        0.707    -0.707     0.000
    -0.577     0.577     0.577        0.000     0.707    -0.707
    -0.577     0.577     0.577        0.707     0.000     0.707
    -0.577     0.577     0.577        0.707     0.707     0.000
    -0.577    -0.577     0.577        0.000     0.707     0.707
    -0.577    -0.577     0.577        0.707     0.000     0.707
    -0.577    -0.577     0.577        0.707    -0.707     0.000
     0.577    -0.577     0.577        0.000     0.707     0.707
     0.577    -0.577     0.577        0.707     0.000    -0.707
     0.577    -0.577     0.577        0.707     0.707     0.000

 **** CRYST TEXTURE (FIRST FEW LINES) ****
dummy                                                                                                                             
dummy                                                                                                                             
random texture generated by RANDTEXT.FOR (23/01/97)                                                                               
B   500   0                                                                                                                       
    102.74    119.56     33.65  1.000000                                                                                          
    219.06     36.21     70.51  1.000000                                                                                          
    166.66     28.59     45.80  1.000000                                                                                          
    149.74     86.13     38.68  1.000000                                                                                          
    143.88     72.50      9.75  1.000000                                                                                          
     27.71      7.88    225.69  1.000000                                                                                          
     10.26     81.59    324.82  1.000000                                                                                          
    213.21    156.91    352.41  1.000000                                                                                          
    313.75     60.06    131.59  1.000000                                                                                          
    283.74    137.64    213.65  1.000000                                                                                          
    329.59    158.18    298.33  1.000000                                                                                          
     61.37    171.68    104.65  1.000000                                                                                          
     44.90     68.33     40.28  1.000000                                                                                          
     29.40    114.77    163.14  1.000000                                                                                          
     56.39    115.89    341.90  1.000000                                                                                          
    271.21     76.66    171.67  1.000000                                                                                          
    .........................
 **** END OF CRYST TEXTURE DATA FILE ****


 UB THERMAL TENSOR (VOIGT NOTATION)
  0.0000E+00  0.0000E+00  0.0000E+00  0.0000E+00  0.0000E+00  0.0000E+00

 UB ELASTIC STIFFNESS (VOIGT NOTATION)
  0.2795E+03  0.9994E+02  0.1016E+03  0.1676E+00  0.1479E+01  0.6049E+00
  0.9994E+02  0.2801E+03  0.1009E+03 -0.1180E+01  0.1349E+00 -0.7842E+00
  0.1016E+03  0.1009E+03  0.2785E+03  0.1012E+01 -0.1614E+01  0.1793E+00
  0.1676E+00 -0.1180E+01  0.1012E+01  0.8894E+02  0.1793E+00  0.1349E+00
  0.1479E+01  0.1349E+00 -0.1614E+01  0.1793E+00  0.8959E+02  0.1676E+00
  0.6049E+00 -0.7842E+00  0.1793E+00  0.1349E+00  0.1676E+00  0.8794E+02

 LB THERMAL TENSOR (VOIGT NOTATION)
  0.0000E+00  0.0000E+00  0.0000E+00  0.0000E+00  0.0000E+00  0.0000E+00

 LB ELASTIC STIFFNESS (VOIGT NOTATION)
  0.2406E+03  0.1195E+03  0.1209E+03  0.1580E+00  0.1267E+01  0.5168E+00
  0.1195E+03  0.2412E+03  0.1203E+03 -0.1012E+01  0.1034E+00 -0.6672E+00
  0.1209E+03  0.1203E+03  0.2398E+03  0.8542E+00 -0.1370E+01  0.1503E+00
  0.1580E+00 -0.1012E+01  0.8542E+00  0.5984E+02  0.1446E+00  0.1204E+00
  0.1267E+01  0.1034E+00 -0.1370E+01  0.1446E+00  0.6040E+02  0.1448E+00
  0.5168E+00 -0.6672E+00  0.1503E+00  0.1204E+00  0.1448E+00  0.5899E+02


*** LOAD CONDITIONS FOR THIS RUN
  40   6   0.025   298.  298.    nsteps   ictrl   eqincr   tempini tempfin                                                        
* boundary conditions                                                                                                             
    0       1       1           iudot     |    flag for vel.grad.                                                                 
    1       0       1                     |    (0:unknown-1:known)                                                                
    1       1       0                     |                                                                                       
                                          |                                                                                       
    0.      1.      0.          udot      |    vel.grad                                                                           
    0.      0.      0.                    |                                                                                       
    0.      0.      0.                    |                                                                                       
                                          |                                                                                       
    1       0        0           iscau    |    flag for Cauchy                                                                    
            1        0                    |                                                                                       
                     1                    |                                                                                       
                                          |                                                                                       
    0.      0.       0.          scauchy  |    Cauchy stress                                                                      
            0.       0.                   |                                                                                       
                     0.                   @                                                                                       
                                                                                                                                 

*******   STEP   1      *** AFFINE CALCULATION                 
    9   0.181E-03   0.123E-03   0.982E-03

*******   STEP   2      *** AFFINE CALCULATION                 
    7   0.145E-03   0.466E-04   0.188E-03

*******   STEP   3      *** AFFINE CALCULATION                 
    6   0.430E-03   0.160E-03   0.895E-03

*******   STEP   4      *** AFFINE CALCULATION                 
    7   0.189E-03   0.130E-03   0.998E-03

*******   STEP   5      *** AFFINE CALCULATION                 
    7   0.188E-03   0.132E-03   0.882E-03

*******   STEP   6      *** AFFINE CALCULATION                 
    7   0.187E-03   0.134E-03   0.753E-03

*******   STEP   7      *** AFFINE CALCULATION                 
    7   0.200E-03   0.140E-03   0.690E-03

*******   STEP   8      *** AFFINE CALCULATION                 
    7   0.204E-03   0.141E-03   0.729E-03

*******   STEP   9      *** AFFINE CALCULATION                 
    7   0.196E-03   0.132E-03   0.629E-03

*******   STEP  10      *** AFFINE CALCULATION                 
    7   0.182E-03   0.124E-03   0.518E-03

*******   STEP  11      *** AFFINE CALCULATION                 
    7   0.183E-03   0.122E-03   0.432E-03

*******   STEP  12      *** AFFINE CALCULATION                 
   11   0.764E-04   0.188E-04   0.488E-04

*******   STEP  13      *** AFFINE CALCULATION                 
   11   0.723E-04   0.191E-04   0.337E-04

*******   STEP  14      *** AFFINE CALCULATION                 
   11   0.769E-04   0.244E-04   0.121E-03

*******   STEP  15      *** AFFINE CALCULATION                 
   11   0.787E-04   0.233E-04   0.870E-04

*******   STEP  16      *** AFFINE CALCULATION                 
   11   0.830E-04   0.301E-04   0.188E-03

*******   STEP  17      *** AFFINE CALCULATION                 
    7   0.201E-03   0.120E-03   0.743E-03

*******   STEP  18      *** AFFINE CALCULATION                 
    7   0.207E-03   0.114E-03   0.793E-03

*******   STEP  19      *** AFFINE CALCULATION                 
    7   0.185E-03   0.804E-04   0.443E-03

*******   STEP  20      *** AFFINE CALCULATION                 
    7   0.108E-03   0.559E-04   0.169E-03

*******   STEP  21      *** AFFINE CALCULATION                 
    7   0.159E-03   0.597E-04   0.364E-03

*******   STEP  22      *** AFFINE CALCULATION                 
    7   0.151E-03   0.465E-04   0.178E-03

*******   STEP  23      *** AFFINE CALCULATION                 
    7   0.152E-03   0.371E-04   0.874E-04

*******   STEP  24      *** AFFINE CALCULATION                 
    7   0.158E-03   0.345E-04   0.819E-04

*******   STEP  25      *** AFFINE CALCULATION                 
    7   0.161E-03   0.318E-04   0.985E-04

*******   STEP  26      *** AFFINE CALCULATION                 
    7   0.162E-03   0.314E-04   0.604E-04

*******   STEP  27      *** AFFINE CALCULATION                 
    7   0.228E-03   0.865E-04   0.801E-03

*******   STEP  28      *** AFFINE CALCULATION                 
    7   0.213E-03   0.740E-04   0.630E-03

*******   STEP  29      *** AFFINE CALCULATION                 
    7   0.200E-03   0.620E-04   0.457E-03

*******   STEP  30      *** AFFINE CALCULATION                 
    7   0.199E-03   0.647E-04   0.418E-03

*******   STEP  31      *** AFFINE CALCULATION                 
    7   0.186E-03   0.558E-04   0.225E-03

*******   STEP  32      *** AFFINE CALCULATION                 
    7   0.188E-03   0.510E-04   0.146E-03

*******   STEP  33      *** AFFINE CALCULATION                 
    7   0.196E-03   0.580E-04   0.209E-03

*******   STEP  34      *** AFFINE CALCULATION                 
    7   0.210E-03   0.688E-04   0.335E-03

*******   STEP  35      *** AFFINE CALCULATION                 
    7   0.198E-03   0.661E-04   0.286E-03

*******   STEP  36      *** AFFINE CALCULATION                 
    7   0.162E-03   0.521E-04   0.416E-04

*******   STEP  37      *** AFFINE CALCULATION                 
    7   0.227E-03   0.684E-04   0.122E-03

*******   STEP  38      *** AFFINE CALCULATION                 
    7   0.210E-03   0.597E-04   0.137E-03

*******   STEP  39      *** AFFINE CALCULATION                 
    7   0.185E-03   0.117E-03   0.607E-03

*******   STEP  40      *** AFFINE CALCULATION                 
    7   0.212E-03   0.137E-03   0.757E-03

*******   STEP  41      *** AFFINE CALCULATION                 
    7   0.231E-03   0.153E-03   0.862E-03

 ******* STARTS A PCYS CALCULATION *******

 CENTRO-SYMMETRIC YIELD SURFACE

NORM OF STRAIN-RATE PROBES IS HARDWIRED TO  0.100E+01

WILL CALCULATE A   1   5   PCYS PROJECTION
 INDICES OF THE COMPONENTS DEFINING STRESS SPACE
    1 = (S22-S11)/SQRT(2)
    2 = (2*S33-S22-S11)/SQRT(6)
    3 = S23*SQRT(2)
    4 = S13*SQRT(2)
    5 = S12*SQRT(2)


*******   STEP   1      *** AFFINE CALCULATION                 
 step & DBAR in PCYS    1    0.0000    0.0000    0.0000    0.0000    1.0000
   10   0.532E-03   0.388E-03   0.869E-03

*******   STEP   2      *** AFFINE CALCULATION                 
 step & DBAR in PCYS    2    0.0872    0.0000    0.0000    0.0000    0.9962
    9   0.152E-03   0.592E-04   0.211E-03

*******   STEP   3      *** AFFINE CALCULATION                 
 step & DBAR in PCYS    3    0.1736    0.0000    0.0000    0.0000    0.9848
   10   0.927E-03   0.557E-03   0.294E-03

*******   STEP   4      *** AFFINE CALCULATION                 
 step & DBAR in PCYS    4    0.2588    0.0000    0.0000    0.0000    0.9659
   12   0.165E-03   0.130E-03   0.610E-03

*******   STEP   5      *** AFFINE CALCULATION                 
 step & DBAR in PCYS    5    0.3420    0.0000    0.0000    0.0000    0.9397
   14   0.135E-03   0.157E-03   0.951E-03

*******   STEP   6      *** AFFINE CALCULATION                 
 step & DBAR in PCYS    6    0.4226    0.0000    0.0000    0.0000    0.9063
   14   0.112E-03   0.138E-03   0.685E-03

*******   STEP   7      *** AFFINE CALCULATION                 
 step & DBAR in PCYS    7    0.5000    0.0000    0.0000    0.0000    0.8660
   13   0.144E-03   0.185E-03   0.927E-03

*******   STEP   8      *** AFFINE CALCULATION                 
 step & DBAR in PCYS    8    0.5736    0.0000    0.0000    0.0000    0.8192
   12   0.203E-03   0.257E-03   0.915E-03

*******   STEP   9      *** AFFINE CALCULATION                 
 step & DBAR in PCYS    9    0.6428    0.0000    0.0000    0.0000    0.7660
   11   0.309E-03   0.410E-03   0.972E-03

*******   STEP  10      *** AFFINE CALCULATION                 
 step & DBAR in PCYS   10    0.7071    0.0000    0.0000    0.0000    0.7071
   11   0.336E-03   0.443E-03   0.811E-03

*******   STEP  11      *** AFFINE CALCULATION                 
 step & DBAR in PCYS   11    0.7660    0.0000    0.0000    0.0000    0.6428
   11   0.381E-03   0.478E-03   0.692E-03

*******   STEP  12      *** AFFINE CALCULATION                 
 step & DBAR in PCYS   12    0.8192    0.0000    0.0000    0.0000    0.5736
   10   0.658E-03   0.793E-03   0.918E-03

*******   STEP  13      *** AFFINE CALCULATION                 
 step & DBAR in PCYS   13    0.8660    0.0000    0.0000    0.0000    0.5000
   10   0.686E-03   0.771E-03   0.691E-03

*******   STEP  14      *** AFFINE CALCULATION                 
 step & DBAR in PCYS   14    0.9063    0.0000    0.0000    0.0000    0.4226
   10   0.657E-03   0.686E-03   0.389E-03

*******   STEP  15      *** AFFINE CALCULATION                 
 step & DBAR in PCYS   15    0.9397    0.0000    0.0000    0.0000    0.3420
   12   0.233E-03   0.261E-03   0.693E-03

*******   STEP  16      *** AFFINE CALCULATION                 
 step & DBAR in PCYS   16    0.9659    0.0000    0.0000    0.0000    0.2588
   11   0.158E-03   0.143E-03   0.451E-04

*******   STEP  17      *** AFFINE CALCULATION                 
 step & DBAR in PCYS   17    0.9848    0.0000    0.0000    0.0000    0.1736
    7   0.941E-03   0.843E-03   0.520E-03

*******   STEP  18      *** AFFINE CALCULATION                 
 step & DBAR in PCYS   18    0.9962    0.0000    0.0000    0.0000    0.0872
    9   0.292E-03   0.243E-03   0.529E-03

*******   STEP  19      *** AFFINE CALCULATION                 
 step & DBAR in PCYS   19    1.0000    0.0000    0.0000    0.0000    0.0000
    9   0.362E-03   0.266E-03   0.808E-03

*******   STEP  20      *** AFFINE CALCULATION                 
 step & DBAR in PCYS   20    0.9962    0.0000    0.0000    0.0000   -0.0872
    9   0.414E-03   0.287E-03   0.908E-03

*******   STEP  21      *** AFFINE CALCULATION                 
 step & DBAR in PCYS   21    0.9848    0.0000    0.0000    0.0000   -0.1736
    9   0.355E-03   0.261E-03   0.740E-03

*******   STEP  22      *** AFFINE CALCULATION                 
 step & DBAR in PCYS   22    0.9659    0.0000    0.0000    0.0000   -0.2588
    9   0.390E-03   0.276E-03   0.661E-03

*******   STEP  23      *** AFFINE CALCULATION                 
 step & DBAR in PCYS   23    0.9397    0.0000    0.0000    0.0000   -0.3420
   10   0.250E-03   0.170E-03   0.317E-03

*******   STEP  24      *** AFFINE CALCULATION                 
 step & DBAR in PCYS   24    0.9063    0.0000    0.0000    0.0000   -0.4226
   10   0.312E-03   0.228E-03   0.263E-03

*******   STEP  25      *** AFFINE CALCULATION                 
 step & DBAR in PCYS   25    0.8660    0.0000    0.0000    0.0000   -0.5000
   10   0.354E-03   0.303E-03   0.786E-03

*******   STEP  26      *** AFFINE CALCULATION                 
 step & DBAR in PCYS   26    0.8192    0.0000    0.0000    0.0000   -0.5736
   11   0.421E-03   0.430E-03   0.371E-03

*******   STEP  27      *** AFFINE CALCULATION                 
 step & DBAR in PCYS   27    0.7660    0.0000    0.0000    0.0000   -0.6428
   16   0.110E-03   0.110E-03   0.869E-03

*******   STEP  28      *** AFFINE CALCULATION                 
 step & DBAR in PCYS   28    0.7071    0.0000    0.0000    0.0000   -0.7071
   10   0.364E-03   0.420E-03   0.516E-03

*******   STEP  29      *** AFFINE CALCULATION                 
 step & DBAR in PCYS   29    0.6428    0.0000    0.0000    0.0000   -0.7660
    9   0.211E-03   0.180E-03   0.908E-03

*******   STEP  30      *** AFFINE CALCULATION                 
 step & DBAR in PCYS   30    0.5736    0.0000    0.0000    0.0000   -0.8192
    9   0.195E-03   0.119E-03   0.499E-03

*******   STEP  31      *** AFFINE CALCULATION                 
 step & DBAR in PCYS   31    0.5000    0.0000    0.0000    0.0000   -0.8660
    8   0.301E-03   0.205E-03   0.337E-03

*******   STEP  32      *** AFFINE CALCULATION                 
 step & DBAR in PCYS   32    0.4226    0.0000    0.0000    0.0000   -0.9063
    8   0.287E-03   0.198E-03   0.561E-03

*******   STEP  33      *** AFFINE CALCULATION                 
 step & DBAR in PCYS   33    0.3420    0.0000    0.0000    0.0000   -0.9397
    7   0.486E-03   0.352E-03   0.627E-03

*******   STEP  34      *** AFFINE CALCULATION                 
 step & DBAR in PCYS   34    0.2588    0.0000    0.0000    0.0000   -0.9659
   10   0.877E-04   0.489E-04   0.493E-03

*******   STEP  35      *** AFFINE CALCULATION                 
 step & DBAR in PCYS   35    0.1736    0.0000    0.0000    0.0000   -0.9848
    8   0.207E-03   0.114E-03   0.688E-03

*******   STEP  36      *** AFFINE CALCULATION                 
 step & DBAR in PCYS   36    0.0872    0.0000    0.0000    0.0000   -0.9962
    8   0.173E-03   0.998E-04   0.271E-03

*** LOAD CONDITIONS FOR THIS RUN
  40   6   0.025   298.  298.    nsteps   ictrl   eqincr   tempini tempfin                                                        
* boundary conditions                                                                                                             
    0       1       1           iudot     |    flag for vel.grad.                                                                 
    1       0       1                     |    (0:unknown-1:known)                                                                
    1       1       0                     |                                                                                       
                                          |                                                                                       
    0.      1.      0.          udot      |    vel.grad                                                                           
    0.      0.      0.                    |                                                                                       
    0.      0.      0.                    |                                                                                       
                                          |                                                                                       
    1       0        0           iscau    |    flag for Cauchy                                                                    
            1        0                    |                                                                                       
                     1                    |                                                                                       
                                          |                                                                                       
    0.      0.       0.          scauchy  |    Cauchy stress                                                                      
            0.       0.                   |                                                                                       
                     0.                   @                                                                                       
                                                                                                                                 

*******   STEP   1      *** AFFINE CALCULATION                 
   16   0.999E-04   0.394E-04   0.327E-03

*******   STEP   2      *** AFFINE CALCULATION                 
    7   0.305E-03   0.152E-03   0.793E-03

*******   STEP   3      *** AFFINE CALCULATION                 
    7   0.204E-03   0.124E-03   0.524E-03

*******   STEP   4      *** AFFINE CALCULATION                 
    6   0.138E-03   0.132E-03   0.529E-03

*******   STEP   5      *** AFFINE CALCULATION                 
    7   0.352E-03   0.148E-03   0.621E-03

*******   STEP   6      *** AFFINE CALCULATION                 
    7   0.208E-03   0.111E-03   0.277E-03

*******   STEP   7      *** AFFINE CALCULATION                 
    7   0.259E-03   0.991E-04   0.119E-03

*******   STEP   8      *** AFFINE CALCULATION                 
   13   0.222E-03   0.247E-04   0.206E-03

*******   STEP   9      *** AFFINE CALCULATION                 
    7   0.629E-03   0.764E-04   0.310E-03

*******   STEP  10      *** AFFINE CALCULATION                 
    7   0.733E-03   0.618E-04   0.285E-04

*******   STEP  11      *** AFFINE CALCULATION                 
   13   0.218E-03   0.442E-04   0.239E-03

*******   STEP  12      *** AFFINE CALCULATION                 
    7   0.744E-03   0.152E-03   0.893E-03

*******   STEP  13      *** AFFINE CALCULATION                 
    7   0.758E-03   0.738E-04   0.172E-03

*******   STEP  14      *** AFFINE CALCULATION                 
    7   0.855E-03   0.796E-04   0.255E-03

*******   STEP  15      *** AFFINE CALCULATION                 
    7   0.789E-03   0.783E-04   0.874E-04

*******   STEP  16      *** AFFINE CALCULATION                 
   13   0.188E-03   0.132E-03   0.886E-03

*******   STEP  17      *** AFFINE CALCULATION                 
    7   0.709E-03   0.100E-03   0.366E-03

*******   STEP  18      *** AFFINE CALCULATION                 
    7   0.690E-03   0.122E-03   0.551E-03

*******   STEP  19      *** AFFINE CALCULATION                 
    7   0.615E-03   0.121E-03   0.582E-03

*******   STEP  20      *** AFFINE CALCULATION                 
    8   0.467E-03   0.160E-03   0.868E-03

*******   STEP  21      *** AFFINE CALCULATION                 
    9   0.518E-03   0.781E-04   0.333E-03

*******   STEP  22      *** AFFINE CALCULATION                 
    7   0.711E-03   0.815E-04   0.764E-04

*******   STEP  23      *** AFFINE CALCULATION                 
    7   0.451E-03   0.851E-04   0.320E-03

*******   STEP  24      *** AFFINE CALCULATION                 
    7   0.620E-03   0.129E-03   0.584E-03

*******   STEP  25      *** AFFINE CALCULATION                 
    7   0.656E-03   0.943E-04   0.291E-03

*******   STEP  26      *** AFFINE CALCULATION                 
    7   0.676E-03   0.786E-04   0.128E-03

*******   STEP  27      *** AFFINE CALCULATION                 
   13   0.167E-03   0.170E-03   0.989E-03

*******   STEP  28      *** AFFINE CALCULATION                 
    8   0.477E-03   0.190E-03   0.979E-03

*******   STEP  29      *** AFFINE CALCULATION                 
   11   0.398E-03   0.266E-04   0.228E-03

*******   STEP  30      *** AFFINE CALCULATION                 
    9   0.608E-03   0.741E-04   0.241E-03

*******   STEP  31      *** AFFINE CALCULATION                 
    8   0.480E-03   0.106E-03   0.424E-03

*******   STEP  32      *** AFFINE CALCULATION                 
    9   0.659E-03   0.123E-03   0.532E-03

*******   STEP  33      *** AFFINE CALCULATION                 
    9   0.720E-03   0.115E-03   0.565E-04

*******   STEP  34      *** AFFINE CALCULATION                 
    7   0.749E-03   0.789E-04   0.445E-04

*******   STEP  35      *** AFFINE CALCULATION                 
    9   0.651E-03   0.279E-03   0.988E-03

*******   STEP  36      *** AFFINE CALCULATION                 
    9   0.719E-03   0.248E-03   0.726E-03

*******   STEP  37      *** AFFINE CALCULATION                 
    9   0.704E-03   0.276E-03   0.886E-03

*******   STEP  38      *** AFFINE CALCULATION                 
    9   0.854E-03   0.887E-04   0.374E-03

*******   STEP  39      *** AFFINE CALCULATION                 
    9   0.934E-03   0.101E-03   0.396E-03

*******   STEP  40      *** AFFINE CALCULATION                 
    9   0.846E-03   0.253E-03   0.618E-03

*******   STEP  41      *** AFFINE CALCULATION                 
    9   0.584E-03   0.134E-03   0.579E-03

 ******* STARTS A PCYS CALCULATION *******

 CENTRO-SYMMETRIC YIELD SURFACE

NORM OF STRAIN-RATE PROBES IS HARDWIRED TO  0.100E+01

WILL CALCULATE A   1   5   PCYS PROJECTION
 INDICES OF THE COMPONENTS DEFINING STRESS SPACE
    1 = (S22-S11)/SQRT(2)
    2 = (2*S33-S22-S11)/SQRT(6)
    3 = S23*SQRT(2)
    4 = S13*SQRT(2)
    5 = S12*SQRT(2)


*******   STEP   1      *** AFFINE CALCULATION                 
 step & DBAR in PCYS    1    0.0000    0.0000    0.0000    0.0000    1.0000
   10   0.462E-03   0.310E-03   0.130E-03

*******   STEP   2      *** AFFINE CALCULATION                 
 step & DBAR in PCYS    2    0.0872    0.0000    0.0000    0.0000    0.9962
    9   0.421E-03   0.544E-03   0.521E-03

*******   STEP   3      *** AFFINE CALCULATION                 
 step & DBAR in PCYS    3    0.1736    0.0000    0.0000    0.0000    0.9848
   19   0.961E-04   0.128E-03   0.806E-03

*******   STEP   4      *** AFFINE CALCULATION                 
 step & DBAR in PCYS    4    0.2588    0.0000    0.0000    0.0000    0.9659
   17   0.140E-03   0.181E-03   0.643E-03

*******   STEP   5      *** AFFINE CALCULATION                 
 step & DBAR in PCYS    5    0.3420    0.0000    0.0000    0.0000    0.9397
   16   0.149E-03   0.238E-03   0.784E-03

*******   STEP   6      *** AFFINE CALCULATION                 
 step & DBAR in PCYS    6    0.4226    0.0000    0.0000    0.0000    0.9063
   15   0.203E-03   0.346E-03   0.794E-03

*******   STEP   7      *** AFFINE CALCULATION                 
 step & DBAR in PCYS    7    0.5000    0.0000    0.0000    0.0000    0.8660
   13   0.457E-03   0.703E-03   0.985E-03

*******   STEP   8      *** AFFINE CALCULATION                 
 step & DBAR in PCYS    8    0.5736    0.0000    0.0000    0.0000    0.8192
   13   0.408E-03   0.668E-03   0.942E-03

*******   STEP   9      *** AFFINE CALCULATION                 
 step & DBAR in PCYS    9    0.6428    0.0000    0.0000    0.0000    0.7660
   13   0.374E-03   0.589E-03   0.998E-03

*******   STEP  10      *** AFFINE CALCULATION                 
 step & DBAR in PCYS   10    0.7071    0.0000    0.0000    0.0000    0.7071
   14   0.213E-03   0.360E-03   0.873E-03

*******   STEP  11      *** AFFINE CALCULATION                 
 step & DBAR in PCYS   11    0.7660    0.0000    0.0000    0.0000    0.6428
   14   0.184E-03   0.284E-03   0.774E-03

*******   STEP  12      *** AFFINE CALCULATION                 
 step & DBAR in PCYS   12    0.8192    0.0000    0.0000    0.0000    0.5736
   13   0.179E-03   0.235E-03   0.840E-03

*******   STEP  13      *** AFFINE CALCULATION                 
 step & DBAR in PCYS   13    0.8660    0.0000    0.0000    0.0000    0.5000
   12   0.216E-03   0.211E-03   0.732E-03

*******   STEP  14      *** AFFINE CALCULATION                 
 step & DBAR in PCYS   14    0.9063    0.0000    0.0000    0.0000    0.4226
   11   0.346E-03   0.228E-03   0.840E-03

*******   STEP  15      *** AFFINE CALCULATION                 
 step & DBAR in PCYS   15    0.9397    0.0000    0.0000    0.0000    0.3420
   11   0.761E-04   0.119E-03   0.638E-03

*******   STEP  16      *** AFFINE CALCULATION                 
 step & DBAR in PCYS   16    0.9659    0.0000    0.0000    0.0000    0.2588
    6   0.857E-03   0.635E-03   0.810E-03

*******   STEP  17      *** AFFINE CALCULATION                 
 step & DBAR in PCYS   17    0.9848    0.0000    0.0000    0.0000    0.1736
    6   0.791E-03   0.393E-03   0.683E-03

*******   STEP  18      *** AFFINE CALCULATION                 
 step & DBAR in PCYS   18    0.9962    0.0000    0.0000    0.0000    0.0872
    7   0.436E-03   0.314E-03   0.603E-03

*******   STEP  19      *** AFFINE CALCULATION                 
 step & DBAR in PCYS   19    1.0000    0.0000    0.0000    0.0000    0.0000
    8   0.397E-03   0.432E-03   0.642E-03

*******   STEP  20      *** AFFINE CALCULATION                 
 step & DBAR in PCYS   20    0.9962    0.0000    0.0000    0.0000   -0.0872
    9   0.329E-03   0.384E-03   0.305E-03

*******   STEP  21      *** AFFINE CALCULATION                 
 step & DBAR in PCYS   21    0.9848    0.0000    0.0000    0.0000   -0.1736
    9   0.407E-03   0.471E-03   0.454E-03

*******   STEP  22      *** AFFINE CALCULATION                 
 step & DBAR in PCYS   22    0.9659    0.0000    0.0000    0.0000   -0.2588
    9   0.393E-03   0.475E-03   0.252E-03

*******   STEP  23      *** AFFINE CALCULATION                 
 step & DBAR in PCYS   23    0.9397    0.0000    0.0000    0.0000   -0.3420
   10   0.406E-03   0.488E-03   0.533E-03

*******   STEP  24      *** AFFINE CALCULATION                 
 step & DBAR in PCYS   24    0.9063    0.0000    0.0000    0.0000   -0.4226
   10   0.448E-03   0.613E-03   0.129E-03

*******   STEP  25      *** AFFINE CALCULATION                 
 step & DBAR in PCYS   25    0.8660    0.0000    0.0000    0.0000   -0.5000
   10   0.462E-03   0.736E-03   0.723E-03

*******   STEP  26      *** AFFINE CALCULATION                 
 step & DBAR in PCYS   26    0.8192    0.0000    0.0000    0.0000   -0.5736
   10   0.384E-03   0.719E-03   0.430E-03

*******   STEP  27      *** AFFINE CALCULATION                 
 step & DBAR in PCYS   27    0.7660    0.0000    0.0000    0.0000   -0.6428
   10   0.442E-03   0.681E-03   0.297E-03

*******   STEP  28      *** AFFINE CALCULATION                 
 step & DBAR in PCYS   28    0.7071    0.0000    0.0000    0.0000   -0.7071
   10   0.181E-03   0.189E-03   0.584E-03

*******   STEP  29      *** AFFINE CALCULATION                 
 step & DBAR in PCYS   29    0.6428    0.0000    0.0000    0.0000   -0.7660
    9   0.199E-03   0.118E-03   0.799E-03

*******   STEP  30      *** AFFINE CALCULATION                 
 step & DBAR in PCYS   30    0.5736    0.0000    0.0000    0.0000   -0.8192
    8   0.293E-03   0.221E-03   0.816E-03

*******   STEP  31      *** AFFINE CALCULATION                 
 step & DBAR in PCYS   31    0.5000    0.0000    0.0000    0.0000   -0.8660
    8   0.309E-03   0.272E-03   0.657E-03

*******   STEP  32      *** AFFINE CALCULATION                 
 step & DBAR in PCYS   32    0.4226    0.0000    0.0000    0.0000   -0.9063
    8   0.327E-03   0.315E-03   0.639E-03

*******   STEP  33      *** AFFINE CALCULATION                 
 step & DBAR in PCYS   33    0.3420    0.0000    0.0000    0.0000   -0.9397
    8   0.364E-03   0.371E-03   0.694E-03

*******   STEP  34      *** AFFINE CALCULATION                 
 step & DBAR in PCYS   34    0.2588    0.0000    0.0000    0.0000   -0.9659
    7   0.784E-03   0.702E-03   0.734E-03

*******   STEP  35      *** AFFINE CALCULATION                 
 step & DBAR in PCYS   35    0.1736    0.0000    0.0000    0.0000   -0.9848
    8   0.372E-03   0.319E-03   0.156E-03

*******   STEP  36      *** AFFINE CALCULATION                 
 step & DBAR in PCYS   36    0.0872    0.0000    0.0000    0.0000   -0.9962
   12   0.168E-03   0.176E-03   0.977E-03

 TIME ELAPSED   28.86secs
