          Evm          Svm          E11          E22          E33          E23          E13          E12             SCAU11       SCAU22       SCAU33       SCAU23       SCAU13       SCAU12      TEMP      TIME    TAYLAV      WORKAV
  0.00000E+00  0.26038E+01     0.00000E+00  0.00000E+00  0.00000E+00  0.00000E+00  0.00000E+00  0.00000E+00     0.00000E+00  0.00000E+00  0.00000E+00 -0.21403E-01  0.17512E-01  0.15030E+01      298.      0.00     2.125  0.6629E-01
  0.28863E-01  0.27827E+01    -0.47991E-03  0.36238E-03  0.11753E-03  0.00000E+00  0.00000E+00  0.25000E-01     0.00000E+00  0.00000E+00  0.00000E+00 -0.20855E-01  0.20562E-01  0.16064E+01      298.      0.05     2.126  0.1372E+00
  0.57725E-01  0.29614E+01    -0.99170E-03  0.79683E-03  0.19487E-03  0.00000E+00  0.00000E+00  0.50000E-01     0.00000E+00  0.00000E+00  0.00000E+00 -0.19833E-01  0.23412E-01  0.17095E+01      298.      0.10     2.126  0.2125E+00
  0.86588E-01  0.31401E+01    -0.16574E-02  0.14377E-02  0.21962E-03  0.00000E+00  0.00000E+00  0.75000E-01     0.00000E+00  0.00000E+00  0.00000E+00 -0.17903E-01  0.25582E-01  0.18127E+01      298.      0.15     2.127  0.2926E+00
  0.11545E+00  0.33184E+01    -0.25275E-02  0.23385E-02  0.18902E-03  0.00000E+00  0.00000E+00  0.10000E+00     0.00000E+00  0.00000E+00  0.00000E+00 -0.15135E-01  0.27665E-01  0.19156E+01      298.      0.20     2.126  0.3772E+00
  0.14432E+00  0.34945E+01    -0.36244E-02  0.35216E-02  0.10278E-03  0.00000E+00  0.00000E+00  0.12500E+00     0.00000E+00  0.00000E+00  0.00000E+00 -0.12267E-01  0.30565E-01  0.20173E+01      298.      0.25     2.123  0.4663E+00
  0.17318E+00  0.36710E+01    -0.49966E-02  0.50160E-02 -0.19438E-04  0.00000E+00  0.00000E+00  0.15000E+00     0.00000E+00  0.00000E+00  0.00000E+00 -0.98466E-02  0.35136E-01  0.21191E+01      298.      0.30     2.121  0.5600E+00
  0.20204E+00  0.38471E+01    -0.66948E-02  0.68543E-02 -0.15954E-03  0.00000E+00  0.00000E+00  0.17500E+00     0.00000E+00  0.00000E+00  0.00000E+00 -0.78889E-02  0.40658E-01  0.22207E+01      298.      0.35     2.118  0.6583E+00
  0.23090E+00  0.40228E+01    -0.87036E-02  0.90139E-02 -0.31028E-03  0.00000E+00  0.00000E+00  0.20000E+00     0.00000E+00  0.00000E+00  0.00000E+00 -0.54015E-02  0.45654E-01  0.23221E+01      298.      0.40     2.114  0.7611E+00
  0.25977E+00  0.41967E+01    -0.10985E-01  0.11459E-01 -0.47482E-03  0.00000E+00  0.00000E+00  0.22500E+00     0.00000E+00  0.00000E+00  0.00000E+00 -0.73302E-03  0.50203E-01  0.24225E+01      298.      0.45     2.110  0.8684E+00
  0.28863E+00  0.43717E+01    -0.13504E-01  0.14154E-01 -0.65022E-03  0.00000E+00  0.00000E+00  0.25000E+00     0.00000E+00  0.00000E+00  0.00000E+00  0.46839E-02  0.54419E-01  0.25234E+01      298.      0.50     2.107  0.9802E+00
  0.31749E+00  0.45458E+01    -0.16250E-01  0.17089E-01 -0.83951E-03  0.00000E+00  0.00000E+00  0.27500E+00     0.00000E+00  0.00000E+00  0.00000E+00  0.91309E-02  0.58925E-01  0.26238E+01      298.      0.55     2.103  0.1096E+01
  0.34635E+00  0.47185E+01    -0.19197E-01  0.20240E-01 -0.10429E-02  0.00000E+00  0.00000E+00  0.30000E+00     0.00000E+00  0.00000E+00  0.00000E+00  0.11554E-01  0.62971E-01  0.27235E+01      298.      0.60     2.099  0.1217E+01
  0.37521E+00  0.48913E+01    -0.22320E-01  0.23573E-01 -0.12525E-02  0.00000E+00  0.00000E+00  0.32500E+00     0.00000E+00  0.00000E+00  0.00000E+00  0.11872E-01  0.67034E-01  0.28232E+01      298.      0.65     2.096  0.1342E+01
  0.40407E+00  0.50641E+01    -0.25585E-01  0.27045E-01 -0.14608E-02  0.00000E+00  0.00000E+00  0.35000E+00     0.00000E+00  0.00000E+00  0.00000E+00  0.12471E-01  0.72038E-01  0.29229E+01      298.      0.70     2.093  0.1472E+01
  0.43293E+00  0.52356E+01    -0.28983E-01  0.30647E-01 -0.16640E-02  0.00000E+00  0.00000E+00  0.37500E+00     0.00000E+00  0.00000E+00  0.00000E+00  0.14237E-01  0.78680E-01  0.30217E+01      298.      0.75     2.089  0.1606E+01
  0.46178E+00  0.54063E+01    -0.32520E-01  0.34386E-01 -0.18653E-02  0.00000E+00  0.00000E+00  0.40000E+00     0.00000E+00  0.00000E+00  0.00000E+00  0.16581E-01  0.86293E-01  0.31201E+01      298.      0.80     2.086  0.1745E+01
  0.49064E+00  0.55759E+01    -0.36188E-01  0.38257E-01 -0.20695E-02  0.00000E+00  0.00000E+00  0.42500E+00     0.00000E+00  0.00000E+00  0.00000E+00  0.18492E-01  0.93587E-01  0.32178E+01      298.      0.85     2.082  0.1888E+01
  0.51949E+00  0.57441E+01    -0.39956E-01  0.42233E-01 -0.22770E-02  0.00000E+00  0.00000E+00  0.45000E+00     0.00000E+00  0.00000E+00  0.00000E+00  0.17689E-01  0.99426E-01  0.33148E+01      298.      0.90     2.078  0.2035E+01
  0.54835E+00  0.59115E+01    -0.43797E-01  0.46280E-01 -0.24832E-02  0.00000E+00  0.00000E+00  0.47500E+00     0.00000E+00  0.00000E+00  0.00000E+00  0.13938E-01  0.10431E+00  0.34114E+01      298.      0.95     2.074  0.2187E+01
  0.57720E+00  0.60782E+01    -0.47702E-01  0.50386E-01 -0.26841E-02  0.00000E+00  0.00000E+00  0.50000E+00     0.00000E+00  0.00000E+00  0.00000E+00  0.95842E-02  0.10893E+00  0.35075E+01      298.      1.00     2.070  0.2343E+01
  0.60606E+00  0.62445E+01    -0.51681E-01  0.54563E-01 -0.28812E-02  0.00000E+00  0.00000E+00  0.52500E+00     0.00000E+00  0.00000E+00  0.00000E+00  0.62640E-02  0.11299E+00  0.36035E+01      298.      1.05     2.066  0.2504E+01
  0.63491E+00  0.64101E+01    -0.55747E-01  0.58824E-01 -0.30765E-02  0.00000E+00  0.00000E+00  0.55000E+00     0.00000E+00  0.00000E+00  0.00000E+00  0.40256E-02  0.11587E+00  0.36991E+01      298.      1.10     2.062  0.2669E+01
  0.66376E+00  0.65744E+01    -0.59901E-01  0.63171E-01 -0.32702E-02  0.00000E+00  0.00000E+00  0.57500E+00     0.00000E+00  0.00000E+00  0.00000E+00  0.21892E-02  0.11738E+00  0.37939E+01      298.      1.15     2.057  0.2839E+01
  0.69262E+00  0.67372E+01    -0.64127E-01  0.67588E-01 -0.34614E-02  0.00000E+00  0.00000E+00  0.60000E+00     0.00000E+00  0.00000E+00  0.00000E+00  0.41306E-04  0.11741E+00  0.38879E+01      298.      1.20     2.053  0.3013E+01
  0.72147E+00  0.68988E+01    -0.68400E-01  0.72049E-01 -0.36487E-02  0.00000E+00  0.00000E+00  0.62500E+00     0.00000E+00  0.00000E+00  0.00000E+00 -0.29131E-02  0.11690E+00  0.39813E+01      298.      1.25     2.049  0.3192E+01
  0.75033E+00  0.70590E+01    -0.72700E-01  0.76533E-01 -0.38328E-02  0.00000E+00  0.00000E+00  0.65000E+00     0.00000E+00  0.00000E+00  0.00000E+00 -0.71526E-02  0.11626E+00  0.40739E+01      298.      1.30     2.045  0.3375E+01
  0.77918E+00  0.72187E+01    -0.77012E-01  0.81026E-01 -0.40149E-02  0.00000E+00  0.00000E+00  0.67500E+00     0.00000E+00  0.00000E+00  0.00000E+00 -0.12725E-01  0.11588E+00  0.41661E+01      298.      1.35     2.041  0.3563E+01
  0.80804E+00  0.73771E+01    -0.81327E-01  0.85525E-01 -0.41979E-02  0.00000E+00  0.00000E+00  0.70000E+00     0.00000E+00  0.00000E+00  0.00000E+00 -0.17517E-01  0.11567E+00  0.42576E+01      298.      1.40     2.036  0.3755E+01
  0.83689E+00  0.75342E+01    -0.85635E-01  0.90019E-01 -0.43840E-02  0.00000E+00  0.00000E+00  0.72500E+00     0.00000E+00  0.00000E+00  0.00000E+00 -0.18385E-01  0.11487E+00  0.43483E+01      298.      1.45     2.032  0.3952E+01
  0.86575E+00  0.76910E+01    -0.89930E-01  0.94503E-01 -0.45728E-02  0.00000E+00  0.00000E+00  0.75000E+00     0.00000E+00  0.00000E+00  0.00000E+00 -0.15036E-01  0.11403E+00  0.44389E+01      298.      1.50     2.028  0.4153E+01
  0.89461E+00  0.78483E+01    -0.94215E-01  0.98979E-01 -0.47631E-02  0.00000E+00  0.00000E+00  0.77500E+00     0.00000E+00  0.00000E+00  0.00000E+00 -0.12659E-01  0.11443E+00  0.45297E+01      298.      1.55     2.024  0.4358E+01
  0.92347E+00  0.80053E+01    -0.98495E-01  0.10345E+00 -0.49533E-02  0.00000E+00  0.00000E+00  0.80000E+00     0.00000E+00  0.00000E+00  0.00000E+00 -0.13939E-01  0.11652E+00  0.46204E+01      298.      1.60     2.020  0.4568E+01
  0.95233E+00  0.81622E+01    -0.10276E+00  0.10791E+00 -0.51425E-02  0.00000E+00  0.00000E+00  0.82500E+00     0.00000E+00  0.00000E+00  0.00000E+00 -0.17029E-01  0.11992E+00  0.47109E+01      298.      1.65     2.017  0.4783E+01
  0.98118E+00  0.83184E+01    -0.10701E+00  0.11234E+00 -0.53313E-02  0.00000E+00  0.00000E+00  0.85000E+00     0.00000E+00  0.00000E+00  0.00000E+00 -0.20597E-01  0.12358E+00  0.48010E+01      298.      1.70     2.014  0.5001E+01
  0.10100E+01  0.84738E+01    -0.11122E+00  0.11674E+00 -0.55185E-02  0.00000E+00  0.00000E+00  0.87500E+00     0.00000E+00  0.00000E+00  0.00000E+00 -0.23231E-01  0.12688E+00  0.48906E+01      298.      1.75     2.011  0.5224E+01
  0.10389E+01  0.86297E+01    -0.11539E+00  0.12110E+00 -0.57047E-02  0.00000E+00  0.00000E+00  0.90000E+00     0.00000E+00  0.00000E+00  0.00000E+00 -0.25424E-01  0.12933E+00  0.49806E+01      298.      1.80     2.008  0.5451E+01
  0.10678E+01  0.87858E+01    -0.11952E+00  0.12541E+00 -0.58891E-02  0.00000E+00  0.00000E+00  0.92500E+00     0.00000E+00  0.00000E+00  0.00000E+00 -0.26888E-01  0.13053E+00  0.50707E+01      298.      1.85     2.005  0.5683E+01
  0.10966E+01  0.89408E+01    -0.12362E+00  0.12969E+00 -0.60705E-02  0.00000E+00  0.00000E+00  0.95000E+00     0.00000E+00  0.00000E+00  0.00000E+00 -0.27496E-01  0.13055E+00  0.51603E+01      298.      1.90     2.002  0.5919E+01
  0.11255E+01  0.90966E+01    -0.12768E+00  0.13393E+00 -0.62484E-02  0.00000E+00  0.00000E+00  0.97500E+00     0.00000E+00  0.00000E+00  0.00000E+00 -0.28356E-01  0.12909E+00  0.52503E+01      298.      1.95     2.000  0.6159E+01
  0.11543E+01  0.92520E+01    -0.13172E+00  0.13814E+00 -0.64217E-02  0.00000E+00  0.00000E+00  0.10000E+01     0.00000E+00  0.00000E+00  0.00000E+00 -0.29251E-01  0.12644E+00  0.53401E+01      298.      2.00     1.998  0.6403E+01
          Dvm          Svm          D11          D22          D33          D23          D13          D12             SDEV11       SDEV22       SDEV33       SDEV23       SDEV13       SDEV12      TEMP    TAYLAV      WORKAV
  0.79851E+00  0.96256E+01     0.00000E+00  0.00000E+00  0.00000E+00  0.00000E+00  0.00000E+00  0.70711E+00     0.10919E+01 -0.12084E+01  0.11650E+00 -0.85150E-02  0.11166E+00  0.54349E+01      298.     2.060  0.6749E+01
  0.79704E+00  0.95342E+01    -0.61628E-01  0.61628E-01  0.00000E+00  0.00000E+00  0.00000E+00  0.70442E+00     0.60847E+00 -0.79846E+00  0.18999E+00 -0.17205E-01  0.12539E+00  0.54555E+01      298.     2.036  0.7093E+01
  0.80714E+00  0.93892E+01    -0.12279E+00  0.12279E+00  0.00000E+00  0.00000E+00  0.00000E+00  0.69636E+00    -0.38632E+00  0.14162E-01  0.37216E+00 -0.32474E-01  0.12093E+00  0.54061E+01      298.     2.031  0.7440E+01
  0.80546E+00  0.93486E+01    -0.18301E+00  0.18301E+00  0.00000E+00  0.00000E+00  0.00000E+00  0.68301E+00    -0.23686E+01  0.18882E+01  0.48041E+00 -0.12653E-01  0.73218E-01  0.49420E+01      298.     2.019  0.7786E+01
  0.80205E+00  0.94487E+01    -0.24184E+00  0.24184E+00  0.00000E+00  0.00000E+00  0.00000E+00  0.66446E+00    -0.28520E+01  0.27192E+01  0.13278E+00 -0.56381E-02  0.49697E-01  0.46887E+01      298.     2.033  0.8126E+01
  0.80487E+00  0.95285E+01    -0.29884E+00  0.29884E+00  0.00000E+00  0.00000E+00  0.00000E+00  0.64086E+00    -0.30943E+01  0.31615E+01 -0.67201E-01 -0.55906E-02  0.37438E-01  0.45250E+01      298.     2.058  0.8465E+01
  0.80902E+00  0.95900E+01    -0.35355E+00  0.35355E+00  0.00000E+00  0.00000E+00  0.00000E+00  0.61237E+00    -0.32754E+01  0.34706E+01 -0.19521E+00 -0.62608E-02  0.31541E-01  0.43873E+01      298.     2.083  0.8805E+01
  0.81246E+00  0.96415E+01    -0.40558E+00  0.40558E+00  0.00000E+00  0.00000E+00  0.00000E+00  0.57923E+00    -0.34313E+01  0.37253E+01 -0.29397E+00 -0.10330E-01  0.33267E-01  0.42563E+01      298.     2.103  0.9145E+01
  0.81435E+00  0.96823E+01    -0.45452E+00  0.45452E+00  0.00000E+00  0.00000E+00  0.00000E+00  0.54168E+00    -0.35790E+01  0.39536E+01 -0.37469E+00 -0.18506E-01  0.39204E-01  0.41179E+01      298.     2.118  0.9486E+01
  0.81461E+00  0.97125E+01    -0.50000E+00  0.50000E+00  0.00000E+00  0.00000E+00  0.00000E+00  0.50000E+00    -0.37299E+01  0.41660E+01 -0.43612E+00 -0.27106E-01  0.43893E-01  0.39639E+01      298.     2.126  0.9826E+01
  0.81354E+00  0.97362E+01    -0.54168E+00  0.54168E+00  0.00000E+00  0.00000E+00  0.00000E+00  0.45452E+00    -0.39018E+01  0.43771E+01 -0.47536E+00 -0.36834E-01  0.49063E-01  0.37802E+01      298.     2.129  0.1017E+02
  0.81207E+00  0.97477E+01    -0.57923E+00  0.57923E+00  0.00000E+00  0.00000E+00  0.00000E+00  0.40558E+00    -0.41124E+01  0.45981E+01 -0.48570E+00 -0.46515E-01  0.55161E-01  0.35387E+01      298.     2.129  0.1051E+02
  0.81147E+00  0.97444E+01    -0.61237E+00  0.61237E+00  0.00000E+00  0.00000E+00  0.00000E+00  0.35355E+00    -0.43764E+01  0.48338E+01 -0.45740E+00 -0.54819E-01  0.61844E-01  0.32063E+01      298.     2.127  0.1084E+02
  0.81307E+00  0.97269E+01    -0.64086E+00  0.64086E+00  0.00000E+00  0.00000E+00  0.00000E+00  0.29884E+00    -0.47135E+01  0.51066E+01 -0.39311E+00 -0.60760E-01  0.68220E-01  0.27027E+01      298.     2.129  0.1118E+02
  0.81477E+00  0.97128E+01    -0.66446E+00  0.66446E+00  0.00000E+00  0.00000E+00  0.00000E+00  0.24184E+00    -0.50848E+01  0.54817E+01 -0.39685E+00 -0.62857E-01  0.72899E-01  0.18455E+01      298.     2.130  0.1153E+02
  0.80095E+00  0.98795E+01    -0.68301E+00  0.68301E+00  0.00000E+00  0.00000E+00  0.00000E+00  0.18301E+00    -0.53755E+01  0.59453E+01 -0.56981E+00 -0.65117E-01  0.55841E-01  0.49392E+00      298.     2.131  0.1188E+02
  0.79329E+00  0.10005E+02    -0.69636E+00  0.69636E+00  0.00000E+00  0.00000E+00  0.00000E+00  0.12279E+00    -0.54060E+01  0.60768E+01 -0.67086E+00 -0.52389E-01  0.42075E-01 -0.24258E+00      298.     2.137  0.1223E+02
  0.79738E+00  0.10061E+02    -0.70442E+00  0.70442E+00  0.00000E+00  0.00000E+00  0.00000E+00  0.61628E-01    -0.53935E+01  0.60985E+01 -0.70505E+00 -0.42407E-01  0.34730E-01 -0.59036E+00      298.     2.160  0.1259E+02
  0.80375E+00  0.10092E+02    -0.70711E+00  0.70711E+00  0.00000E+00  0.00000E+00  0.00000E+00  0.00000E+00    -0.53835E+01  0.60877E+01 -0.70420E+00 -0.34303E-01  0.29587E-01 -0.82327E+00      298.     2.184  0.1295E+02
  0.80896E+00  0.10109E+02    -0.70442E+00  0.70442E+00  0.00000E+00  0.00000E+00  0.00000E+00 -0.61628E-01    -0.53687E+01  0.60633E+01 -0.69464E+00 -0.27530E-01  0.25896E-01 -0.10142E+01      298.     2.202  0.1332E+02
  0.81186E+00  0.10116E+02    -0.69636E+00  0.69636E+00  0.00000E+00  0.00000E+00  0.00000E+00 -0.12279E+00    -0.53449E+01  0.60300E+01 -0.68511E+00 -0.21673E-01  0.23127E-01 -0.11877E+01      298.     2.211  0.1370E+02
  0.81204E+00  0.10113E+02    -0.68301E+00  0.68301E+00  0.00000E+00  0.00000E+00  0.00000E+00 -0.18301E+00    -0.53076E+01  0.59887E+01 -0.68111E+00 -0.15713E-01  0.20079E-01 -0.13575E+01      298.     2.210  0.1407E+02
  0.80958E+00  0.10102E+02    -0.66446E+00  0.66446E+00  0.00000E+00  0.00000E+00  0.00000E+00 -0.24184E+00    -0.52536E+01  0.59378E+01 -0.68420E+00 -0.87939E-02  0.15524E-01 -0.15347E+01      298.     2.201  0.1444E+02
  0.80510E+00  0.10084E+02    -0.64086E+00  0.64086E+00  0.00000E+00  0.00000E+00  0.00000E+00 -0.29884E+00    -0.51783E+01  0.58711E+01 -0.69271E+00 -0.73317E-03  0.83490E-02 -0.17363E+01      298.     2.184  0.1481E+02
  0.80011E+00  0.10057E+02    -0.61237E+00  0.61237E+00  0.00000E+00  0.00000E+00  0.00000E+00 -0.35355E+00    -0.50589E+01  0.57742E+01 -0.71523E+00  0.79206E-02 -0.19655E-02 -0.19982E+01      298.     2.164  0.1518E+02
  0.79825E+00  0.10008E+02    -0.57923E+00  0.57923E+00  0.00000E+00  0.00000E+00  0.00000E+00 -0.40558E+00    -0.48259E+01  0.55946E+01 -0.76865E+00  0.13148E-01 -0.11862E-01 -0.24079E+01      298.     2.148  0.1555E+02
  0.80673E+00  0.98783E+01    -0.54168E+00  0.54168E+00  0.00000E+00  0.00000E+00  0.00000E+00 -0.45452E+00    -0.42521E+01  0.50621E+01 -0.81002E+00  0.16182E-01 -0.27497E-01 -0.32164E+01      298.     2.141  0.1592E+02
  0.80935E+00  0.97929E+01    -0.50000E+00  0.50000E+00  0.00000E+00  0.00000E+00  0.00000E+00 -0.50000E+00    -0.33069E+01  0.40108E+01 -0.70388E+00  0.54542E-02 -0.27918E-01 -0.42670E+01      298.     2.128  0.1628E+02
  0.80843E+00  0.97956E+01    -0.45452E+00  0.45452E+00  0.00000E+00  0.00000E+00  0.00000E+00 -0.54168E+00    -0.28394E+01  0.34020E+01 -0.56261E+00  0.52370E-02 -0.28663E-01 -0.46912E+01      298.     2.125  0.1665E+02
  0.81121E+00  0.98123E+01    -0.40558E+00  0.40558E+00  0.00000E+00  0.00000E+00  0.00000E+00 -0.57923E+00    -0.25843E+01  0.30226E+01 -0.43823E+00  0.23334E-02 -0.28397E-01 -0.49081E+01      298.     2.135  0.1701E+02
  0.81413E+00  0.98218E+01    -0.35355E+00  0.35355E+00  0.00000E+00  0.00000E+00  0.00000E+00 -0.61237E+00    -0.23860E+01  0.27268E+01 -0.34082E+00  0.21215E-02 -0.31295E-01 -0.50530E+01      298.     2.144  0.1737E+02
  0.81576E+00  0.98222E+01    -0.29884E+00  0.29884E+00  0.00000E+00  0.00000E+00  0.00000E+00 -0.64086E+00    -0.22071E+01  0.24726E+01 -0.26549E+00  0.35638E-02 -0.38724E-01 -0.51604E+01      298.     2.148  0.1773E+02
  0.81547E+00  0.98099E+01    -0.24184E+00  0.24184E+00  0.00000E+00  0.00000E+00  0.00000E+00 -0.66446E+00    -0.20303E+01  0.22386E+01 -0.20836E+00  0.51107E-02 -0.50036E-01 -0.52428E+01      298.     2.144  0.1809E+02
  0.81313E+00  0.97875E+01    -0.18301E+00  0.18301E+00  0.00000E+00  0.00000E+00  0.00000E+00 -0.68301E+00    -0.18443E+01  0.20107E+01 -0.16631E+00  0.53022E-02 -0.64881E-01 -0.53095E+01      298.     2.133  0.1845E+02
  0.80896E+00  0.97494E+01    -0.12279E+00  0.12279E+00  0.00000E+00  0.00000E+00  0.00000E+00 -0.69636E+00    -0.16400E+01  0.17734E+01 -0.13336E+00  0.37950E-02 -0.81466E-01 -0.53620E+01      298.     2.113  0.1880E+02
  0.80362E+00  0.96958E+01    -0.61628E-01  0.61628E-01  0.00000E+00  0.00000E+00  0.00000E+00 -0.70442E+00    -0.14017E+01  0.15129E+01 -0.11122E+00  0.36807E-02 -0.97662E-01 -0.54031E+01      298.     2.088  0.1915E+02
          Evm          Svm          E11          E22          E33          E23          E13          E12             SCAU11       SCAU22       SCAU33       SCAU23       SCAU13       SCAU12      TEMP      TIME    TAYLAV      WORKAV
  0.11543E+01  0.92512E+01    -0.13172E+00  0.13814E+00 -0.64217E-02  0.00000E+00  0.00000E+00  0.10000E+01     0.00000E+00  0.00000E+00  0.00000E+00 -0.29222E-01  0.12653E+00  0.53396E+01      298.      2.00     1.997  0.1939E+02
  0.11832E+01  0.94076E+01    -0.13574E+00  0.14233E+00 -0.65907E-02  0.00000E+00  0.00000E+00  0.10250E+01     0.00000E+00  0.00000E+00  0.00000E+00 -0.29536E-01  0.12409E+00  0.54300E+01      298.      2.05     1.996  0.1964E+02
  0.12120E+01  0.95619E+01    -0.13972E+00  0.14647E+00 -0.67530E-02  0.00000E+00  0.00000E+00  0.10500E+01     0.00000E+00  0.00000E+00  0.00000E+00 -0.28708E-01  0.12214E+00  0.55191E+01      298.      2.10     1.993  0.1989E+02
  0.12409E+01  0.97180E+01    -0.14365E+00  0.15057E+00 -0.69106E-02  0.00000E+00  0.00000E+00  0.10750E+01     0.00000E+00  0.00000E+00  0.00000E+00 -0.28039E-01  0.12044E+00  0.56093E+01      298.      2.15     1.991  0.2015E+02
  0.12698E+01  0.98783E+01    -0.14756E+00  0.15462E+00 -0.70635E-02  0.00000E+00  0.00000E+00  0.11000E+01     0.00000E+00  0.00000E+00  0.00000E+00 -0.28429E-01  0.12038E+00  0.57019E+01      298.      2.20     1.990  0.2041E+02
  0.12986E+01  0.10035E+02    -0.15151E+00  0.15872E+00 -0.72042E-02  0.00000E+00  0.00000E+00  0.11250E+01     0.00000E+00  0.00000E+00  0.00000E+00 -0.27592E-01  0.11994E+00  0.57923E+01      298.      2.25     1.989  0.2067E+02
  0.13275E+01  0.10192E+02    -0.15543E+00  0.16277E+00 -0.73401E-02  0.00000E+00  0.00000E+00  0.11500E+01     0.00000E+00  0.00000E+00  0.00000E+00 -0.26438E-01  0.11872E+00  0.58829E+01      298.      2.30     1.987  0.2094E+02
  0.13564E+01  0.10347E+02    -0.15931E+00  0.16679E+00 -0.74728E-02  0.00000E+00  0.00000E+00  0.11750E+01     0.00000E+00  0.00000E+00  0.00000E+00 -0.24372E-01  0.11658E+00  0.59726E+01      298.      2.35     1.986  0.2122E+02
  0.13852E+01  0.10506E+02    -0.16316E+00  0.17077E+00 -0.76053E-02  0.00000E+00  0.00000E+00  0.12000E+01     0.00000E+00  0.00000E+00  0.00000E+00 -0.22306E-01  0.11286E+00  0.60643E+01      298.      2.40     1.985  0.2150E+02
  0.14141E+01  0.10663E+02    -0.16699E+00  0.17473E+00 -0.77350E-02  0.00000E+00  0.00000E+00  0.12250E+01     0.00000E+00  0.00000E+00  0.00000E+00 -0.21474E-01  0.10751E+00  0.61552E+01      298.      2.45     1.984  0.2178E+02
  0.14429E+01  0.10818E+02    -0.17080E+00  0.17866E+00 -0.78632E-02  0.00000E+00  0.00000E+00  0.12500E+01     0.00000E+00  0.00000E+00  0.00000E+00 -0.21158E-01  0.10230E+00  0.62448E+01      298.      2.50     1.983  0.2207E+02
  0.14718E+01  0.10977E+02    -0.17458E+00  0.18257E+00 -0.79911E-02  0.00000E+00  0.00000E+00  0.12750E+01     0.00000E+00  0.00000E+00  0.00000E+00 -0.21438E-01  0.97716E-01  0.63370E+01      298.      2.55     1.982  0.2236E+02
  0.15007E+01  0.11133E+02    -0.17835E+00  0.18646E+00 -0.81150E-02  0.00000E+00  0.00000E+00  0.13000E+01     0.00000E+00  0.00000E+00  0.00000E+00 -0.22848E-01  0.95485E-01  0.64271E+01      298.      2.60     1.981  0.2265E+02
  0.15295E+01  0.11292E+02    -0.18209E+00  0.19033E+00 -0.82362E-02  0.00000E+00  0.00000E+00  0.13250E+01     0.00000E+00  0.00000E+00  0.00000E+00 -0.24557E-01  0.93444E-01  0.65185E+01      298.      2.65     1.980  0.2295E+02
  0.15584E+01  0.11450E+02    -0.18580E+00  0.19415E+00 -0.83534E-02  0.00000E+00  0.00000E+00  0.13500E+01     0.00000E+00  0.00000E+00  0.00000E+00 -0.26420E-01  0.90996E-01  0.66101E+01      298.      2.70     1.980  0.2326E+02
  0.15873E+01  0.11607E+02    -0.18948E+00  0.19795E+00 -0.84667E-02  0.00000E+00  0.00000E+00  0.13750E+01     0.00000E+00  0.00000E+00  0.00000E+00 -0.29059E-01  0.88303E-01  0.67006E+01      298.      2.75     1.979  0.2357E+02
  0.16161E+01  0.11769E+02    -0.19312E+00  0.20170E+00 -0.85767E-02  0.00000E+00  0.00000E+00  0.14000E+01     0.00000E+00  0.00000E+00  0.00000E+00 -0.30687E-01  0.84600E-01  0.67941E+01      298.      2.80     1.979  0.2388E+02
  0.16450E+01  0.11929E+02    -0.19673E+00  0.20541E+00 -0.86789E-02  0.00000E+00  0.00000E+00  0.14250E+01     0.00000E+00  0.00000E+00  0.00000E+00 -0.30910E-01  0.80197E-01  0.68868E+01      298.      2.85     1.979  0.2420E+02
  0.16739E+01  0.12089E+02    -0.20030E+00  0.20907E+00 -0.87754E-02  0.00000E+00  0.00000E+00  0.14500E+01     0.00000E+00  0.00000E+00  0.00000E+00 -0.30830E-01  0.74521E-01  0.69793E+01      298.      2.90     1.979  0.2452E+02
  0.17027E+01  0.12250E+02    -0.20381E+00  0.21267E+00 -0.88686E-02  0.00000E+00  0.00000E+00  0.14750E+01     0.00000E+00  0.00000E+00  0.00000E+00 -0.29925E-01  0.70734E-01  0.70718E+01      298.      2.95     1.979  0.2485E+02
  0.17316E+01  0.12414E+02    -0.20726E+00  0.21622E+00 -0.89611E-02  0.00000E+00  0.00000E+00  0.15000E+01     0.00000E+00  0.00000E+00  0.00000E+00 -0.28124E-01  0.68940E-01  0.71666E+01      298.      3.00     1.980  0.2518E+02
  0.17605E+01  0.12578E+02    -0.21067E+00  0.21972E+00 -0.90518E-02  0.00000E+00  0.00000E+00  0.15250E+01     0.00000E+00  0.00000E+00  0.00000E+00 -0.23849E-01  0.68379E-01  0.72616E+01      298.      3.05     1.981  0.2552E+02
  0.17893E+01  0.12743E+02    -0.21403E+00  0.22317E+00 -0.91391E-02  0.00000E+00  0.00000E+00  0.15500E+01     0.00000E+00  0.00000E+00  0.00000E+00 -0.19105E-01  0.67603E-01  0.73568E+01      298.      3.10     1.981  0.2586E+02
  0.18182E+01  0.12908E+02    -0.21734E+00  0.22657E+00 -0.92236E-02  0.00000E+00  0.00000E+00  0.15750E+01     0.00000E+00  0.00000E+00  0.00000E+00 -0.17778E-01  0.63699E-01  0.74521E+01      298.      3.15     1.982  0.2620E+02
  0.18471E+01  0.13074E+02    -0.22061E+00  0.22992E+00 -0.93062E-02  0.00000E+00  0.00000E+00  0.16000E+01     0.00000E+00  0.00000E+00  0.00000E+00 -0.19344E-01  0.58425E-01  0.75482E+01      298.      3.20     1.983  0.2655E+02
  0.18759E+01  0.13243E+02    -0.22383E+00  0.23321E+00 -0.93872E-02  0.00000E+00  0.00000E+00  0.16250E+01     0.00000E+00  0.00000E+00  0.00000E+00 -0.17834E-01  0.54856E-01  0.76455E+01      298.      3.25     1.985  0.2690E+02
  0.19048E+01  0.13409E+02    -0.22699E+00  0.23645E+00 -0.94640E-02  0.00000E+00  0.00000E+00  0.16500E+01     0.00000E+00  0.00000E+00  0.00000E+00 -0.15853E-01  0.52348E-01  0.77417E+01      298.      3.30     1.986  0.2726E+02
  0.19337E+01  0.13583E+02    -0.23008E+00  0.23962E+00 -0.95360E-02  0.00000E+00  0.00000E+00  0.16750E+01     0.00000E+00  0.00000E+00  0.00000E+00 -0.15473E-01  0.50459E-01  0.78422E+01      298.      3.35     1.988  0.2762E+02
  0.19625E+01  0.13730E+02    -0.23313E+00  0.24274E+00 -0.96028E-02  0.00000E+00  0.00000E+00  0.17000E+01     0.00000E+00  0.00000E+00  0.00000E+00 -0.18770E-01  0.48059E-01  0.79268E+01      298.      3.40     1.986  0.2799E+02
  0.19914E+01  0.13901E+02    -0.23610E+00  0.24578E+00 -0.96753E-02  0.00000E+00  0.00000E+00  0.17250E+01     0.00000E+00  0.00000E+00  0.00000E+00 -0.26316E-01  0.46514E-01  0.80257E+01      298.      3.45     1.988  0.2836E+02
  0.20203E+01  0.14072E+02    -0.23903E+00  0.24878E+00 -0.97449E-02  0.00000E+00  0.00000E+00  0.17500E+01     0.00000E+00  0.00000E+00  0.00000E+00 -0.36834E-01  0.44452E-01  0.81241E+01      298.      3.50     1.989  0.2874E+02
  0.20491E+01  0.14245E+02    -0.24193E+00  0.25174E+00 -0.98117E-02  0.00000E+00  0.00000E+00  0.17750E+01     0.00000E+00  0.00000E+00  0.00000E+00 -0.47638E-01  0.41468E-01  0.82239E+01      298.      3.55     1.991  0.2912E+02
  0.20780E+01  0.14416E+02    -0.24479E+00  0.25467E+00 -0.98750E-02  0.00000E+00  0.00000E+00  0.18000E+01     0.00000E+00  0.00000E+00  0.00000E+00 -0.58017E-01  0.38313E-01  0.83230E+01      298.      3.60     1.992  0.2951E+02
  0.21069E+01  0.14591E+02    -0.24762E+00  0.25755E+00 -0.99347E-02  0.00000E+00  0.00000E+00  0.18250E+01     0.00000E+00  0.00000E+00  0.00000E+00 -0.65470E-01  0.35999E-01  0.84235E+01      298.      3.65     1.995  0.2990E+02
  0.21357E+01  0.14766E+02    -0.25038E+00  0.26037E+00 -0.99903E-02  0.00000E+00  0.00000E+00  0.18500E+01     0.00000E+00  0.00000E+00  0.00000E+00 -0.73715E-01  0.33319E-01  0.85245E+01      298.      3.70     1.996  0.3029E+02
  0.21646E+01  0.14941E+02    -0.25310E+00  0.26314E+00 -0.10044E-01  0.00000E+00  0.00000E+00  0.18750E+01     0.00000E+00  0.00000E+00  0.00000E+00 -0.82076E-01  0.28564E-01  0.86256E+01      298.      3.75     1.998  0.3069E+02
  0.21934E+01  0.15116E+02    -0.25578E+00  0.26587E+00 -0.10096E-01  0.00000E+00  0.00000E+00  0.19000E+01     0.00000E+00  0.00000E+00  0.00000E+00 -0.92515E-01  0.20554E-01  0.87265E+01      298.      3.80     2.000  0.3109E+02
  0.22223E+01  0.15290E+02    -0.25841E+00  0.26856E+00 -0.10147E-01  0.00000E+00  0.00000E+00  0.19250E+01     0.00000E+00  0.00000E+00  0.00000E+00 -0.10607E+00  0.13124E-01  0.88269E+01      298.      3.85     2.002  0.3150E+02
  0.22512E+01  0.15467E+02    -0.26101E+00  0.27121E+00 -0.10196E-01  0.00000E+00  0.00000E+00  0.19500E+01     0.00000E+00  0.00000E+00  0.00000E+00 -0.11989E+00  0.52218E-02  0.89289E+01      298.      3.90     2.004  0.3192E+02
  0.22800E+01  0.15645E+02    -0.26357E+00  0.27382E+00 -0.10241E-01  0.00000E+00  0.00000E+00  0.19750E+01     0.00000E+00  0.00000E+00  0.00000E+00 -0.12510E+00 -0.57085E-02  0.90316E+01      298.      3.95     2.006  0.3234E+02
  0.23089E+01  0.15821E+02    -0.26610E+00  0.27639E+00 -0.10284E-01  0.00000E+00  0.00000E+00  0.20000E+01     0.00000E+00  0.00000E+00  0.00000E+00 -0.12009E+00 -0.17480E-01  0.91337E+01      298.      4.00     2.008  0.3276E+02
          Dvm          Svm          D11          D22          D33          D23          D13          D12             SDEV11       SDEV22       SDEV33       SDEV23       SDEV13       SDEV12      TEMP    TAYLAV      WORKAV
  0.80352E+00  0.16332E+02     0.00000E+00  0.00000E+00  0.00000E+00  0.00000E+00  0.00000E+00  0.70711E+00     0.16739E+01 -0.16716E+01 -0.22999E-02 -0.59358E-01  0.53680E-01  0.92795E+01      298.     2.047  0.3336E+02
  0.81004E+00  0.16112E+02    -0.61628E-01  0.61628E-01  0.00000E+00  0.00000E+00  0.00000E+00  0.70442E+00     0.11571E+00 -0.49651E+00  0.38080E+00 -0.11011E+00 -0.41952E-02  0.92905E+01      298.     2.039  0.3396E+02
  0.80478E+00  0.16180E+02    -0.12279E+00  0.12279E+00  0.00000E+00  0.00000E+00  0.00000E+00  0.69636E+00    -0.26570E+01  0.33852E+01 -0.72828E+00 -0.58458E-01 -0.17165E-01  0.88165E+01      298.     2.037  0.3457E+02
  0.79809E+00  0.16476E+02    -0.18301E+00  0.18301E+00  0.00000E+00  0.00000E+00  0.00000E+00  0.68301E+00    -0.33390E+01  0.46602E+01 -0.13213E+01  0.61043E-01 -0.20134E-01  0.85542E+01      298.     2.058  0.3516E+02
  0.79811E+00  0.16697E+02    -0.24184E+00  0.24184E+00  0.00000E+00  0.00000E+00  0.00000E+00  0.66446E+00    -0.38394E+01  0.54201E+01 -0.15807E+01  0.15149E+00 -0.23743E-01  0.83426E+01      298.     2.087  0.3575E+02
  0.80039E+00  0.16838E+02    -0.29884E+00  0.29884E+00  0.00000E+00  0.00000E+00  0.00000E+00  0.64086E+00    -0.42570E+01  0.59751E+01 -0.17181E+01  0.18717E+00 -0.76156E-02  0.81290E+01      298.     2.111  0.3633E+02
  0.80295E+00  0.16934E+02    -0.35355E+00  0.35355E+00  0.00000E+00  0.00000E+00  0.00000E+00  0.61237E+00    -0.46736E+01  0.64455E+01 -0.17719E+01  0.19022E+00  0.24103E-01  0.78919E+01      298.     2.131  0.3691E+02
  0.80487E+00  0.16971E+02    -0.40558E+00  0.40558E+00  0.00000E+00  0.00000E+00  0.00000E+00  0.57923E+00    -0.50701E+01  0.68616E+01 -0.17915E+01  0.18981E+00  0.34902E-01  0.76137E+01      298.     2.141  0.3750E+02
  0.80645E+00  0.16956E+02    -0.45452E+00  0.45452E+00  0.00000E+00  0.00000E+00  0.00000E+00  0.54168E+00    -0.54502E+01  0.72002E+01 -0.17500E+01  0.16221E+00  0.29463E-01  0.73147E+01      298.     2.144  0.3809E+02
  0.80705E+00  0.16885E+02    -0.50000E+00  0.50000E+00  0.00000E+00  0.00000E+00  0.00000E+00  0.50000E+00    -0.58020E+01  0.74797E+01 -0.16778E+01  0.12564E+00  0.19291E-01  0.69862E+01      298.     2.138  0.3869E+02
  0.80664E+00  0.16783E+02    -0.54168E+00  0.54168E+00  0.00000E+00  0.00000E+00  0.00000E+00  0.45452E+00    -0.61505E+01  0.77317E+01 -0.15812E+01  0.73442E-01  0.14973E-01  0.66205E+01      298.     2.125  0.3929E+02
  0.80535E+00  0.16666E+02    -0.57923E+00  0.57923E+00  0.00000E+00  0.00000E+00  0.00000E+00  0.40558E+00    -0.65034E+01  0.79977E+01 -0.14943E+01  0.23748E-01  0.24364E-01  0.61918E+01      298.     2.107  0.3989E+02
  0.80430E+00  0.16532E+02    -0.61237E+00  0.61237E+00  0.00000E+00  0.00000E+00  0.00000E+00  0.35355E+00    -0.68872E+01  0.83073E+01 -0.14201E+01  0.30239E-02  0.35004E-01  0.56450E+01      298.     2.088  0.4048E+02
  0.80528E+00  0.16402E+02    -0.64086E+00  0.64086E+00  0.00000E+00  0.00000E+00  0.00000E+00  0.29884E+00    -0.73473E+01  0.87425E+01 -0.13952E+01  0.22188E-01  0.40465E-01  0.48465E+01      298.     2.074  0.4108E+02
  0.80061E+00  0.16357E+02    -0.66446E+00  0.66446E+00  0.00000E+00  0.00000E+00  0.00000E+00  0.24184E+00    -0.79449E+01  0.99290E+01 -0.19841E+01  0.78202E-01  0.64257E-01  0.25207E+01      298.     2.055  0.4168E+02
  0.78424E+00  0.16603E+02    -0.68301E+00  0.68301E+00  0.00000E+00  0.00000E+00  0.00000E+00  0.18301E+00    -0.81165E+01  0.10528E+02 -0.24115E+01  0.77514E-01  0.49321E-01  0.78185E+00      298.     2.040  0.4228E+02
  0.78522E+00  0.16718E+02    -0.69636E+00  0.69636E+00  0.00000E+00  0.00000E+00  0.00000E+00  0.12279E+00    -0.82416E+01  0.10618E+02 -0.23762E+01  0.70269E-01  0.33782E-01 -0.23798E-01      298.     2.056  0.4289E+02
  0.79132E+00  0.16761E+02    -0.70442E+00  0.70442E+00  0.00000E+00  0.00000E+00  0.00000E+00  0.61628E-01    -0.83080E+01  0.10606E+02 -0.22981E+01  0.64672E-01  0.26124E-01 -0.48872E+00      298.     2.076  0.4351E+02
  0.79732E+00  0.16773E+02    -0.70711E+00  0.70711E+00  0.00000E+00  0.00000E+00  0.00000E+00  0.00000E+00    -0.83492E+01  0.10564E+02 -0.22150E+01  0.62633E-01  0.21646E-01 -0.81754E+00      298.     2.092  0.4414E+02
  0.80117E+00  0.16768E+02    -0.70442E+00  0.70442E+00  0.00000E+00  0.00000E+00  0.00000E+00 -0.61628E-01    -0.83735E+01  0.10506E+02 -0.21324E+01  0.62698E-01  0.18203E-01 -0.10928E+01      298.     2.100  0.4478E+02
  0.80210E+00  0.16747E+02    -0.69636E+00  0.69636E+00  0.00000E+00  0.00000E+00  0.00000E+00 -0.12279E+00    -0.83784E+01  0.10435E+02 -0.20563E+01  0.63543E-01  0.14928E-01 -0.13517E+01      298.     2.100  0.4541E+02
  0.80005E+00  0.16713E+02    -0.68301E+00  0.68301E+00  0.00000E+00  0.00000E+00  0.00000E+00 -0.18301E+00    -0.83578E+01  0.10350E+02 -0.19923E+01  0.63539E-01  0.11285E-01 -0.16208E+01      298.     2.089  0.4604E+02
  0.79555E+00  0.16663E+02    -0.66446E+00  0.66446E+00  0.00000E+00  0.00000E+00  0.00000E+00 -0.24184E+00    -0.82955E+01  0.10246E+02 -0.19507E+01  0.60223E-01  0.58931E-02 -0.19344E+01      298.     2.071  0.4667E+02
  0.79029E+00  0.16591E+02    -0.64086E+00  0.64086E+00  0.00000E+00  0.00000E+00  0.00000E+00 -0.29884E+00    -0.81476E+01  0.10103E+02 -0.19557E+01  0.49628E-01 -0.35785E-02 -0.23683E+01      298.     2.047  0.4729E+02
  0.78752E+00  0.16481E+02    -0.61237E+00  0.61237E+00  0.00000E+00  0.00000E+00  0.00000E+00 -0.35355E+00    -0.76767E+01  0.98672E+01 -0.21905E+01  0.22765E-01 -0.14205E-01 -0.31622E+01      298.     2.025  0.4790E+02
  0.79421E+00  0.16262E+02    -0.57923E+00  0.57923E+00  0.00000E+00  0.00000E+00  0.00000E+00 -0.40558E+00    -0.65242E+01  0.89791E+01 -0.24548E+01 -0.47290E-01 -0.27436E-01 -0.48515E+01      298.     2.014  0.4851E+02
  0.79395E+00  0.16326E+02    -0.54168E+00  0.54168E+00  0.00000E+00  0.00000E+00  0.00000E+00 -0.45452E+00    -0.51255E+01  0.69516E+01 -0.18261E+01 -0.16292E-03 -0.33467E-01 -0.70622E+01      298.     2.019  0.4911E+02
  0.79591E+00  0.16413E+02    -0.50000E+00  0.50000E+00  0.00000E+00  0.00000E+00  0.00000E+00 -0.50000E+00    -0.46027E+01  0.61724E+01 -0.15697E+01  0.19637E-01 -0.67751E-01 -0.76760E+01      298.     2.034  0.4972E+02
  0.80186E+00  0.16486E+02    -0.45452E+00  0.45452E+00  0.00000E+00  0.00000E+00  0.00000E+00 -0.54168E+00    -0.42950E+01  0.56759E+01 -0.13809E+01  0.24287E-01 -0.77627E-01 -0.80187E+01      298.     2.058  0.5033E+02
  0.80756E+00  0.16550E+02    -0.40558E+00  0.40558E+00  0.00000E+00  0.00000E+00  0.00000E+00 -0.57923E+00    -0.40459E+01  0.52549E+01 -0.12090E+01  0.26330E-01 -0.78247E-01 -0.82805E+01      298.     2.080  0.5094E+02
  0.81183E+00  0.16599E+02    -0.35355E+00  0.35355E+00  0.00000E+00  0.00000E+00  0.00000E+00 -0.61237E+00    -0.38225E+01  0.48533E+01 -0.10309E+01  0.29331E-01 -0.76266E-01 -0.84980E+01      298.     2.098  0.5156E+02
  0.81414E+00  0.16629E+02    -0.29884E+00  0.29884E+00  0.00000E+00  0.00000E+00  0.00000E+00 -0.64086E+00    -0.36095E+01  0.44447E+01 -0.83518E+00  0.33034E-01 -0.75302E-01 -0.86847E+01      298.     2.108  0.5218E+02
  0.81425E+00  0.16631E+02    -0.24184E+00  0.24184E+00  0.00000E+00  0.00000E+00  0.00000E+00 -0.66446E+00    -0.33915E+01  0.40153E+01 -0.62381E+00  0.35065E-01 -0.80470E-01 -0.88423E+01      298.     2.108  0.5279E+02
  0.81223E+00  0.16607E+02    -0.18301E+00  0.18301E+00  0.00000E+00  0.00000E+00  0.00000E+00 -0.68301E+00    -0.31469E+01  0.35483E+01 -0.40131E+00  0.34905E-01 -0.87865E-01 -0.89775E+01      298.     2.101  0.5340E+02
  0.80875E+00  0.16557E+02    -0.12279E+00  0.12279E+00  0.00000E+00  0.00000E+00  0.00000E+00 -0.69636E+00    -0.28417E+01  0.30110E+01 -0.16938E+00  0.36680E-01 -0.90890E-01 -0.90982E+01      298.     2.086  0.5400E+02
  0.80505E+00  0.16462E+02    -0.61628E-01  0.61628E-01  0.00000E+00  0.00000E+00  0.00000E+00 -0.70442E+00    -0.24173E+01  0.23692E+01  0.48067E-01  0.40633E-01 -0.82348E-01 -0.91977E+01      298.     2.066  0.5460E+02
