TEXTURE AT STRAIN =    1.0000
   0.994   2.401   0.419  <-- length of average ellipsoid axes for phase
 -153.12   90.00   90.00  <-- Euler angles of average ellipsoid axes for phase
B       500
   64.71  115.38   37.86   0.0020000
 -105.73   31.77   24.44   0.0020000
  110.93   36.66   67.28   0.0020000
  130.68   82.40   41.60   0.0020000
  122.23   81.52   19.91   0.0020000
    2.17   10.33 -154.75   0.0020000
    0.54   73.47  -36.36   0.0020000
 -140.72  145.40    5.58   0.0020000
  -45.20   56.23  121.48   0.0020000
 -113.28  133.83 -133.45   0.0020000
  -78.19  143.92  -78.97   0.0020000
   84.06  160.64  164.60   0.0020000
    5.77   71.58   43.62   0.0020000
    7.74  108.92  144.29   0.0020000
   11.30  116.05  -32.62   0.0020000
 -137.60   75.93  168.21   0.0020000
   90.91   34.58 -176.38   0.0020000
   72.46   63.35   20.48   0.0020000
   65.07   70.99 -137.66   0.0020000
 -139.02   30.45  173.99   0.0020000
 -170.35  121.27  -37.26   0.0020000
   34.06  140.73  -97.48   0.0020000
 -104.58   26.24   29.96   0.0020000
 -168.07   35.33 -142.19   0.0020000
  125.13   78.30   51.06   0.0020000
   66.08  104.98  -53.73   0.0020000
 -109.54   94.52  -90.26   0.0020000
  -26.56   47.97 -178.79   0.0020000
 -126.51   83.88 -114.67   0.0020000
  -37.70  127.44  -19.25   0.0020000
  101.56   59.87   79.24   0.0020000
   -4.12   40.46  -28.11   0.0020000
  163.41  135.33  103.21   0.0020000
 -122.16   72.90 -114.63   0.0020000
  -37.75  130.61 -108.43   0.0020000
  -11.88   46.37 -107.99   0.0020000
    0.63  143.51 -145.79   0.0020000
 -145.62   48.59 -173.95   0.0020000
 -133.04  109.24  107.31   0.0020000
  -12.90   67.70   76.72   0.0020000
 -169.53  131.21   50.50   0.0020000
   79.67   65.63  105.96   0.0020000
  141.42   63.62 -162.09   0.0020000
  -41.92   49.33  111.42   0.0020000
  152.72   51.88  -92.48   0.0020000
 -175.80   89.86 -135.96   0.0020000
  -93.64   47.76    8.97   0.0020000
  129.52   66.31  130.19   0.0020000
  -31.14   49.08 -172.80   0.0020000
  -90.36   44.37 -172.91   0.0020000
  -94.59   41.20  -77.29   0.0020000
  -89.64  101.25  172.74   0.0020000
    4.83  112.95 -136.64   0.0020000
  111.48  148.87  -66.28   0.0020000
   64.08   68.68 -130.01   0.0020000
 -113.78  108.96  -34.50   0.0020000
   59.56  114.58  -62.41   0.0020000
  -30.48   47.42    8.61   0.0020000
  -77.79    5.85  -65.98   0.0020000
    6.06   86.35  123.85   0.0020000
  105.04   11.44   -1.18   0.0020000
  -41.09  115.10  155.42   0.0020000
 -115.72   78.20 -129.90   0.0020000
  113.78  166.94  -78.07   0.0020000
  -51.73   67.78 -137.83   0.0020000
  133.30   54.80 -144.69   0.0020000
   -1.47  147.18 -147.71   0.0020000
    2.63  125.23 -142.48   0.0020000
 -133.09   44.02   78.58   0.0020000
 -173.15   68.78 -138.76   0.0020000
    4.88   80.08   40.87   0.0020000
  -39.44  114.61  164.69   0.0020000
   71.37   25.40  127.43   0.0020000
 -118.70   93.40  -55.01   0.0020000
   89.20  152.31  176.15   0.0020000
  -58.78  164.43   76.94   0.0020000
  -10.20  150.01 -155.11   0.0020000
  121.38   43.66   52.62   0.0020000
  101.27   50.18   80.73   0.0020000
    8.64  144.85   46.14   0.0020000
  155.18   47.34  178.54   0.0020000
   42.44   33.96  169.55   0.0020000
  -71.44  142.54  111.41   0.0020000
  -75.39  128.19 -165.57   0.0020000
  -13.85    5.99   47.23   0.0020000
  139.78   65.36 -164.45   0.0020000
  129.22   84.31  139.22   0.0020000
   10.47   87.46  115.48   0.0020000
    5.65  120.85   45.41   0.0020000
    4.22   72.32  -44.47   0.0020000
  158.13   39.72   -5.30   0.0020000
   87.65   40.84    8.68   0.0020000
   50.69   76.20  162.07   0.0020000
    4.22  135.19 -140.28   0.0020000
  -87.22  119.07   -2.01   0.0020000
 -169.21  143.18 -130.44   0.0020000
  132.80  136.02  153.81   0.0020000
   63.82   88.33  -48.08   0.0020000
   64.42  108.62  -52.47   0.0020000
  147.70   64.99   81.91   0.0020000
   63.65   74.30  -36.71   0.0020000
  129.44   74.05   91.05   0.0020000
  141.47   58.69   19.82   0.0020000
  105.01  135.47  103.41   0.0020000
    3.94   91.52   74.03   0.0020000
  129.66   93.43  -45.61   0.0020000
   33.76   37.19    6.36   0.0020000
  -47.07   50.57  124.48   0.0020000
    4.03  120.44 -134.16   0.0020000
  -57.37   75.46 -125.68   0.0020000
   -7.13   34.16 -115.24   0.0020000
   12.83  116.73   59.39   0.0020000
 -115.10  111.41  129.79   0.0020000
 -172.53   64.14 -139.86   0.0020000
   83.64  122.73 -104.29   0.0020000
  140.54  125.83  -21.42   0.0020000
   63.96   77.67   46.30   0.0020000
 -102.49   43.88  -63.72   0.0020000
  174.67  112.09   19.15   0.0020000
   41.29  136.74    1.60   0.0020000
   10.79   28.21  -56.06   0.0020000
  -44.62  100.97   87.79   0.0020000
   41.21   47.59  178.69   0.0020000
 -116.68   64.84  144.16   0.0020000
  173.41  144.98   25.37   0.0020000
   47.36  134.82   11.29   0.0020000
   34.27   91.30  -82.72   0.0020000
  177.24  140.34  -59.92   0.0020000
  177.92   44.85 -121.42   0.0020000
  -20.86  149.35  -77.83   0.0020000
  -37.00   64.87    9.14   0.0020000
 -126.20  101.30  116.96   0.0020000
    6.09   97.79 -122.72   0.0020000
  -96.96   48.24  -74.18   0.0020000
  163.11  136.15 -169.15   0.0020000
 -115.28  105.39  -46.48   0.0020000
 -105.28   64.86  101.04   0.0020000
  124.65   76.88  141.93   0.0020000
 -116.05   86.21   37.07   0.0020000
   10.01  123.91  142.90   0.0020000
  -40.77  138.52  161.38   0.0020000
  103.06  136.13  103.05   0.0020000
  150.43   51.35   95.88   0.0020000
   61.94   37.09   49.01   0.0020000
 -175.30   96.06   60.09   0.0020000
  124.58  121.63   42.79   0.0020000
  143.08   57.99  106.79   0.0020000
   63.14   95.30  125.72   0.0020000
  -17.60   91.27  -90.30   0.0020000
   64.82   79.35  138.43   0.0020000
 -173.66  128.45   45.12   0.0020000
  -49.21  122.63  -37.72   0.0020000
   19.04   62.46   20.03   0.0020000
 -123.55   69.82   66.16   0.0020000
 -117.61   80.30 -123.68   0.0020000
   86.56  139.06  167.00   0.0020000
 -122.37  129.83  -59.76   0.0020000
  -10.86  143.26   19.07   0.0020000
  125.22   95.20   64.62   0.0020000
  129.20   84.56 -146.10   0.0020000
   12.97  124.00   58.11   0.0020000
   94.73   45.51  179.67   0.0020000
 -119.22  106.62   29.55   0.0020000
  179.16  135.82 -147.83   0.0020000
   62.79   72.38   56.71   0.0020000
    6.20  107.96   45.79   0.0020000
  -40.82   43.87  112.05   0.0020000
   70.30   22.43  127.05   0.0020000
   46.05   88.41  171.49   0.0020000
  114.95   50.51  149.96   0.0020000
  -45.58  114.41 -121.83   0.0020000
  -83.88  157.81  -16.12   0.0020000
  159.18   38.17  173.59   0.0020000
 -116.44   85.77  -38.79   0.0020000
 -123.18  129.15   27.94   0.0020000
  130.82  101.04  -40.04   0.0020000
  126.62  122.65  135.19   0.0020000
  158.22  133.33 -176.16   0.0020000
 -121.57  107.92  -64.37   0.0020000
   89.33   51.78  -83.91   0.0020000
  -22.09   42.84   83.25   0.0020000
   65.90   86.26 -161.07   0.0020000
 -124.06  122.57  114.25   0.0020000
 -116.19   68.97 -127.28   0.0020000
  118.49  127.88  124.39   0.0020000
   91.30   45.29    6.95   0.0020000
  141.87   58.80 -159.71   0.0020000
    6.37  106.52   50.61   0.0020000
 -178.75  107.20 -143.70   0.0020000
  131.29   77.18  -55.28   0.0020000
 -169.14   61.31  -56.26   0.0020000
  139.74   52.52  -66.70   0.0020000
 -100.10  133.97  -22.08   0.0020000
 -134.94   86.46   79.50   0.0020000
  -57.78   75.40  144.26   0.0020000
   30.84  115.20   -1.97   0.0020000
   95.04  148.50  176.34   0.0020000
   47.89  162.30  116.83   0.0020000
   62.53  136.51 -139.27   0.0020000
 -159.01   50.62   22.93   0.0020000
   93.53  140.30 -179.17   0.0020000
   -6.14  137.05   25.71   0.0020000
    4.83  107.35 -134.37   0.0020000
   47.70   76.49 -102.65   0.0020000
  -54.66   99.77  -22.47   0.0020000
    5.91   78.15  -49.09   0.0020000
   90.38  138.37   -7.74   0.0020000
 -141.92  119.57    2.90   0.0020000
   52.72   36.64   63.86   0.0020000
 -111.50  131.52  -43.15   0.0020000
 -121.27   55.51 -112.75   0.0020000
 -141.08   39.34   -0.86   0.0020000
  -34.08  141.87  -96.99   0.0020000
  -19.35   74.35  172.47   0.0020000
  -25.35  164.80 -154.68   0.0020000
   65.58   92.10  -47.34   0.0020000
    3.76  112.59 -138.22   0.0020000
   20.59   35.12 -156.14   0.0020000
    4.14   83.02 -145.04   0.0020000
  158.78   51.82  175.08   0.0020000
   77.26  136.52  -24.47   0.0020000
 -177.44   90.84   34.79   0.0020000
 -176.05   67.37 -133.13   0.0020000
  -58.18  135.46  -50.85   0.0020000
  -80.55   62.81  173.66   0.0020000
  132.61   70.54 -145.63   0.0020000
  -71.75  115.85 -176.64   0.0020000
  -43.54   69.75   24.28   0.0020000
 -171.43   39.05 -135.08   0.0020000
  169.12   86.57  -94.30   0.0020000
  -97.21   65.10  -84.07   0.0020000
  -47.48   74.56   23.35   0.0020000
  151.26  159.08  108.29   0.0020000
  115.58   50.02   60.27   0.0020000
  115.75  144.24  117.90   0.0020000
 -179.56   99.09  120.64   0.0020000
  133.96  107.24 -114.49   0.0020000
 -160.85   96.46  156.97   0.0020000
   48.56   66.41 -106.88   0.0020000
 -173.73   86.92 -152.63   0.0020000
  -29.18   71.44    0.40   0.0020000
   42.56   46.86  -93.03   0.0020000
    1.92  143.63   49.34   0.0020000
  -85.61  141.93  -88.72   0.0020000
  -78.42   69.15  -94.18   0.0020000
  -98.11  127.30   70.93   0.0020000
 -126.18  110.18 -158.43   0.0020000
   66.23  132.03 -134.40   0.0020000
 -116.36  105.66   41.41   0.0020000
 -107.20  110.36  162.40   0.0020000
 -146.55  107.10   91.66   0.0020000
   93.46   53.72  -89.79   0.0020000
 -145.28   69.72 -171.11   0.0020000
  -78.95   50.58  172.45   0.0020000
    4.88   48.33  135.38   0.0020000
  145.36   45.80   13.04   0.0020000
 -136.99  141.57  179.61   0.0020000
    3.41  107.49   40.41   0.0020000
   -1.23  140.01  -58.16   0.0020000
  128.56  116.46 -130.79   0.0020000
 -161.52   61.31 -159.35   0.0020000
 -118.55   93.85  -57.14   0.0020000
  -32.66  134.29   79.87   0.0020000
  149.44   45.61   96.86   0.0020000
 -155.18  141.97  159.07   0.0020000
  -46.30   48.15  -56.10   0.0020000
  -24.94  161.81   30.19   0.0020000
 -144.55  153.33    2.34   0.0020000
 -175.86   89.73  -47.74   0.0020000
  -47.61  109.98 -120.10   0.0020000
  -53.16  122.39  136.20   0.0020000
 -169.45  137.70 -130.35   0.0020000
 -119.17  111.79  -60.54   0.0020000
 -115.21  101.09  129.36   0.0020000
 -115.05  113.49  130.64   0.0020000
  -13.38  138.67  -73.51   0.0020000
 -159.50  131.48  -24.30   0.0020000
  157.02  131.65    4.04   0.0020000
   87.40  140.04  167.64   0.0020000
    6.42  113.33   46.19   0.0020000
 -116.01  118.88  -50.31   0.0020000
  128.01   56.20  -47.46   0.0020000
 -113.26  129.56 -132.79   0.0020000
   31.91   61.63   93.42   0.0020000
 -106.05  150.50 -118.91   0.0020000
 -115.73  105.10  -50.87   0.0020000
   47.52  128.53  100.75   0.0020000
  122.87   66.79   51.36   0.0020000
  -61.14  122.14 -146.22   0.0020000
  -68.40   32.66 -114.70   0.0020000
 -101.04  132.01   66.91   0.0020000
   -3.24   38.72  150.62   0.0020000
   11.55   73.77 -148.00   0.0020000
  -90.43   47.44    6.41   0.0020000
  110.76  162.55  -82.24   0.0020000
  -64.43   51.36  150.95   0.0020000
  118.29  120.85 -147.00   0.0020000
 -117.72   71.10  147.94   0.0020000
  177.82  146.38  121.04   0.0020000
 -156.42  134.02  158.94   0.0020000
  -19.05   60.76   -3.51   0.0020000
    9.21   42.66  132.68   0.0020000
  -68.69   24.76   82.24   0.0020000
  158.61  109.59   -1.36   0.0020000
  -55.60  170.45   86.78   0.0020000
  -52.51   88.02 -128.72   0.0020000
  -84.94   62.32  178.35   0.0020000
 -135.30   60.49  168.24   0.0020000
  112.80  112.57 -163.90   0.0020000
 -150.92   92.72   86.71   0.0020000
   -7.51  129.43  111.68   0.0020000
  -52.16  120.59  137.86   0.0020000
 -169.27   50.47  126.47   0.0020000
 -168.31  131.48  143.28   0.0020000
 -155.21   43.29 -159.56   0.0020000
   44.63  116.85 -167.05   0.0020000
  -61.77   80.00   67.06   0.0020000
 -121.21   62.85   62.53   0.0020000
  -50.64   84.84 -143.21   0.0020000
  147.63  105.36    9.26   0.0020000
   -7.65  144.86   23.92   0.0020000
   55.25   82.92  -97.79   0.0020000
  -63.09   72.02  152.39   0.0020000
   68.43  128.36 -131.41   0.0020000
  -18.56   35.12  168.83   0.0020000
  -73.89   75.62 -100.01   0.0020000
  -14.74  140.20  106.39   0.0020000
   -4.52  123.88   28.55   0.0020000
   55.75   82.99    0.37   0.0020000
  133.55   73.67   28.09   0.0020000
  -49.53  101.14   54.15   0.0020000
    6.16   92.32  -86.04   0.0020000
   85.87  143.17   77.64   0.0020000
 -135.50   44.49   -6.45   0.0020000
    7.68  102.46   62.54   0.0020000
 -153.62   63.12   98.58   0.0020000
    3.35  149.21  129.99   0.0020000
   55.82  108.72 -156.84   0.0020000
  -45.73  112.98 -121.75   0.0020000
  133.97  120.13  -34.62   0.0020000
   87.33   41.83   10.22   0.0020000
   61.71  111.29 -148.86   0.0020000
   64.35   55.00   48.91   0.0020000
  -18.12  142.14   10.16   0.0020000
   64.92   99.32   38.37   0.0020000
  166.22  139.78 -163.72   0.0020000
   22.82   78.24    7.96   0.0020000
  165.31  141.95   14.50   0.0020000
    8.34   60.00 -139.98   0.0020000
 -177.57  120.64   37.59   0.0020000
  144.87  133.69 -100.63   0.0020000
 -115.80   91.45   44.82   0.0020000
  -51.25  129.87  138.66   0.0020000
   50.17   89.34 -112.98   0.0020000
   84.53   34.26 -163.18   0.0020000
 -155.38   91.19  175.87   0.0020000
  -34.25  101.49  -14.85   0.0020000
 -117.73   59.70   54.58   0.0020000
 -175.69   96.84   42.61   0.0020000
 -106.03   42.44 -150.06   0.0020000
  112.15   92.52  102.26   0.0020000
  -90.49  116.77   83.60   0.0020000
  147.78  124.65  171.64   0.0020000
  169.14  132.56  -69.63   0.0020000
  138.02   66.65 -159.45   0.0020000
  158.87  139.72    6.25   0.0020000
    3.50   90.25 -129.46   0.0020000
  128.21   75.90  133.66   0.0020000
  -85.69  145.69    0.05   0.0020000
  -79.62  123.18 -171.57   0.0020000
  144.08  146.94   -0.51   0.0020000
  108.63   45.63  159.17   0.0020000
 -170.70   64.38  -51.89   0.0020000
  -91.47   39.87  -82.43   0.0020000
  -25.52  134.25  -91.03   0.0020000
   23.74   67.27  -79.50   0.0020000
  -94.47  142.79 -100.22   0.0020000
  -36.38   54.10  -72.26   0.0020000
   21.39   32.00  -55.39   0.0020000
  -75.10   49.68   75.66   0.0020000
 -148.65   60.88  -81.02   0.0020000
   -7.28  139.31  113.93   0.0020000
 -164.73  139.30  146.17   0.0020000
  142.65   41.07  110.85   0.0020000
 -105.96  123.44  -29.07   0.0020000
   -0.49   88.09  163.13   0.0020000
    2.70  102.87  -47.00   0.0020000
   69.12   56.25 -139.93   0.0020000
  106.52  136.40  105.33   0.0020000
  101.13  116.95  100.93   0.0020000
  152.77  141.62  179.55   0.0020000
  123.08  101.29  -54.26   0.0020000
 -147.79  105.35  -81.96   0.0020000
  117.52   45.87  147.35   0.0020000
    4.30   86.98   59.66   0.0020000
 -172.71  138.67 -135.76   0.0020000
 -123.07  132.68  -60.59   0.0020000
  166.86   42.06 -106.74   0.0020000
   75.10   51.24   28.42   0.0020000
   61.70   78.17  -47.94   0.0020000
   20.14   28.69  -67.34   0.0020000
 -141.68   42.45   92.88   0.0020000
  176.90  107.77   29.03   0.0020000
  178.04   37.63  -29.73   0.0020000
   16.12   57.53 -153.16   0.0020000
 -175.69   97.64  -46.38   0.0020000
  152.39  131.29  -94.31   0.0020000
 -124.37  125.25 -155.84   0.0020000
 -120.92   60.81  151.10   0.0020000
 -115.16   80.93   48.96   0.0020000
 -175.61  102.91   45.62   0.0020000
  147.93  140.38   -5.61   0.0020000
  -68.72   54.70 -113.29   0.0020000
  -50.94   84.97  -94.53   0.0020000
   91.24  137.90  -94.86   0.0020000
  -36.55   53.74 -161.91   0.0020000
 -111.80  104.78   22.19   0.0020000
  -50.07   83.50 -142.92   0.0020000
  144.19   48.75 -163.53   0.0020000
  -12.17  178.78  -95.94   0.0020000
   72.47  127.12  148.67   0.0020000
   55.67   91.81 -166.13   0.0020000
  -11.87  138.03 -161.53   0.0020000
  146.64  139.12  -96.60   0.0020000
  -66.21   56.34   67.06   0.0020000
 -160.47  106.87  159.82   0.0020000
 -146.33  132.37   -7.26   0.0020000
  163.74  133.15  -76.87   0.0020000
 -102.57  140.87  154.63   0.0020000
    0.21   80.87   30.39   0.0020000
  152.85  130.95   88.00   0.0020000
   15.50   73.68 -146.96   0.0020000
  164.95  145.02 -163.06   0.0020000
 -134.20   35.54  -91.62   0.0020000
  136.12  114.04  -29.01   0.0020000
    8.83   16.73 -156.17   0.0020000
   62.63   69.99  137.12   0.0020000
 -134.99   45.11   -7.47   0.0020000
 -118.92   59.21  149.11   0.0020000
 -175.80   86.16   35.40   0.0020000
   47.58  108.61  103.99   0.0020000
    8.23  104.32  -35.11   0.0020000
  -46.75   70.97   35.73   0.0020000
  -17.60  132.64  103.57   0.0020000
    7.74  169.80 -128.23   0.0020000
 -118.62  134.15  127.81   0.0020000
  154.40   31.91 -179.42   0.0020000
   60.90  104.98  -60.54   0.0020000
  -99.87  119.58  161.44   0.0020000
   92.08   44.12   94.71   0.0020000
 -166.88   26.58  -61.98   0.0020000
   64.21  103.35   40.33   0.0020000
  148.41   39.89    5.27   0.0020000
  117.03  109.34 -153.95   0.0020000
 -173.30   31.20 -134.65   0.0020000
  137.64  116.66 -113.78   0.0020000
 -112.08   61.04  -47.96   0.0020000
 -149.80   78.60  114.84   0.0020000
  112.88   71.03   70.63   0.0020000
 -104.95   59.93 -151.15   0.0020000
    4.09   95.12  131.99   0.0020000
  171.67   55.48   65.34   0.0020000
  -45.67  106.69  -23.37   0.0020000
  -65.90  136.07   26.53   0.0020000
   11.87   51.64  125.74   0.0020000
  -28.61  129.16   85.20   0.0020000
 -164.87   21.75 -159.03   0.0020000
  -52.94   73.99  135.75   0.0020000
  -29.49   48.94    5.42   0.0020000
   17.14  137.77  149.19   0.0020000
 -167.31  126.02  -40.71   0.0020000
  147.76   37.45   97.89   0.0020000
  -36.36  120.10 -104.32   0.0020000
    7.31  102.15 -130.88   0.0020000
 -125.04  116.12  -66.99   0.0020000
  -11.45  147.54  110.35   0.0020000
 -123.56  134.37   28.50   0.0020000
 -110.95   68.37   37.49   0.0020000
 -121.17  146.44  -23.66   0.0020000
 -178.29   37.78 -125.74   0.0020000
   -8.44   48.26  154.30   0.0020000
    4.52   87.82   24.07   0.0020000
 -175.00  106.54 -132.91   0.0020000
   46.62   44.46  -12.40   0.0020000
  153.93   35.23  177.69   0.0020000
   65.35   84.26 -159.65   0.0020000
 -107.15   49.95  122.30   0.0020000
 -135.60   77.06  163.65   0.0020000
   90.87  115.56  107.17   0.0020000
  149.30  141.12  -95.77   0.0020000
 -138.59  124.25    5.47   0.0020000
 -141.08   57.87   85.08   0.0020000
   47.83   50.68   79.16   0.0020000
  144.86  145.95  -10.52   0.0020000
 -176.60   92.32  -45.15   0.0020000
  -83.51  132.27    3.02   0.0020000
   53.17   80.43   -6.98   0.0020000
    5.41  113.28   45.56   0.0020000
  -53.97  125.64   42.80   0.0020000
 -157.00   94.68  -77.37   0.0020000
TEXTURE AT STRAIN =    2.0000
   0.990   4.321   0.234  <-- length of average ellipsoid axes for phase
 -162.50   90.00   90.00  <-- Euler angles of average ellipsoid axes for phase
B       500
   60.73  112.34   33.66   0.0020000
  -99.66   39.38   15.32   0.0020000
  111.91   42.10   61.24   0.0020000
  130.23   80.52   40.72   0.0020000
   92.95   72.42    4.34   0.0020000
  -85.41   18.63  -93.70   0.0020000
   -0.45   65.32  -37.85   0.0020000
 -128.77  151.03   31.09   0.0020000
  -44.17   59.01  116.76   0.0020000
 -114.27  130.24 -131.50   0.0020000
  -80.12  138.62  -77.75   0.0020000
   86.51  145.55  174.90   0.0020000
    2.59   70.66   44.59   0.0020000
    3.47  108.73  138.33   0.0020000
    5.28  115.05  -39.65   0.0020000
 -171.43   85.87  162.43   0.0020000
   89.61   41.12 -177.89   0.0020000
   20.48   73.93   25.98   0.0020000
   60.22   76.84 -130.85   0.0020000
 -124.92   27.32  142.88   0.0020000
 -174.19  122.24  -41.57   0.0020000
   33.89  139.53  -97.51   0.0020000
  -99.36   38.57   15.28   0.0020000
 -170.71   36.39 -139.49   0.0020000
  120.74   70.74   52.75   0.0020000
   61.53  105.11  -54.68   0.0020000
 -154.61   97.43  -90.15   0.0020000
  -29.78   48.11 -177.57   0.0020000
 -171.35   91.36 -122.35   0.0020000
  -39.09  125.65  -17.64   0.0020000
   98.50   50.80   79.80   0.0020000
   -6.18   38.19  -28.29   0.0020000
  160.00  137.08  101.40   0.0020000
 -134.29   68.74 -110.31   0.0020000
  -38.15  128.44 -105.36   0.0020000
  -17.12   42.09 -104.92   0.0020000
    0.72  145.19 -143.09   0.0020000
 -148.94   46.16 -170.45   0.0020000
 -159.70  101.39  104.59   0.0020000
  -61.63   62.95   83.96   0.0020000
 -173.18  133.05   46.68   0.0020000
   53.89   81.50  126.42   0.0020000
  130.75   68.56 -158.78   0.0020000
  -42.19   50.79  105.97   0.0020000
  109.02   55.32  -93.20   0.0020000
 -178.62   89.94 -135.16   0.0020000
  -95.87   46.48   10.37   0.0020000
  130.25   63.39  126.70   0.0020000
  -33.36   49.98 -172.46   0.0020000
  -93.76   44.91 -172.59   0.0020000
  -97.08   44.33  -77.58   0.0020000
 -134.29   92.75  161.07   0.0020000
    2.47  114.57 -136.47   0.0020000
  119.48  139.85  -50.23   0.0020000
   60.78   71.68 -125.80   0.0020000
 -155.85   98.38  -37.78   0.0020000
   57.93  114.33  -62.70   0.0020000
  -32.87   48.49    7.77   0.0020000
  -93.80   23.13  -80.66   0.0020000
    1.59   86.47  131.50   0.0020000
   89.18   31.95    1.08   0.0020000
  -43.69  114.18  154.42   0.0020000
 -118.38   78.68 -128.35   0.0020000
   91.80  147.53  -87.64   0.0020000
  -50.92   64.50 -141.32   0.0020000
  134.72   58.02 -150.67   0.0020000
    0.61  147.92 -139.37   0.0020000
   -0.34  134.08 -143.78   0.0020000
 -131.79   47.15   75.20   0.0020000
 -176.75   68.05 -136.31   0.0020000
    1.99   79.68   43.69   0.0020000
  -61.81  107.10  165.63   0.0020000
   79.41   38.34  107.30   0.0020000
 -152.55   92.36  -62.31   0.0020000
   90.62  142.87 -179.76   0.0020000
  -95.36  147.52   76.45   0.0020000
  -32.45  157.85 -150.95   0.0020000
  127.22   49.27   40.16   0.0020000
   98.77   46.82   79.87   0.0020000
    7.19  144.51   45.96   0.0020000
  151.79   46.99 -179.97   0.0020000
   60.07   29.41  135.89   0.0020000
  -68.81  137.79  117.80   0.0020000
  -77.06  132.03 -164.24   0.0020000
  -87.71   17.39   91.24   0.0020000
  116.06   72.56 -167.00   0.0020000
  126.97   80.97  136.15   0.0020000
    1.47   87.22  128.83   0.0020000
    3.87  123.08   44.07   0.0020000
    2.19   70.99  -44.40   0.0020000
  157.19   39.48   -7.43   0.0020000
   85.71   44.08    8.21   0.0020000
   18.59   81.51  165.03   0.0020000
    1.92  139.61 -141.22   0.0020000
  -91.72  128.17   -3.52   0.0020000
 -171.89  143.02 -132.75   0.0020000
   92.81  138.49  166.05   0.0020000
   61.50   89.87  -47.59   0.0020000
   61.15  107.44  -55.01   0.0020000
  104.46   56.07   76.75   0.0020000
   60.85   74.56  -34.59   0.0020000
   97.63   55.89   84.69   0.0020000
  139.21   60.91   20.30   0.0020000
  101.25  134.53  103.63   0.0020000
   -9.01   82.41   66.40   0.0020000
  129.34   94.76  -44.26   0.0020000
   34.26   39.62    5.19   0.0020000
  -43.82   55.60  115.56   0.0020000
    3.61  122.99 -135.81   0.0020000
  -65.95   63.77 -118.95   0.0020000
   -5.61   32.71 -122.34   0.0020000
    5.68  114.83   51.31   0.0020000
 -118.94  108.46  125.43   0.0020000
 -175.85   63.20 -136.83   0.0020000
   75.80  125.43 -112.64   0.0020000
  139.58  123.85  -19.71   0.0020000
   61.34   79.88   48.94   0.0020000
 -105.57   46.45  -64.12   0.0020000
  156.80  133.46    8.51   0.0020000
   41.64  135.53    3.04   0.0020000
    6.78   27.75  -61.27   0.0020000
  -80.87  112.58   92.88   0.0020000
   40.14   46.66  179.38   0.0020000
 -119.79   67.12  147.36   0.0020000
  174.33  146.22   30.32   0.0020000
   48.44  132.06   14.49   0.0020000
    3.63   87.57  -63.69   0.0020000
  175.73  142.55  -59.25   0.0020000
  174.49   39.67 -119.57   0.0020000
  -71.95  151.33  -87.88   0.0020000
  -74.99   65.66    3.09   0.0020000
 -168.71   92.20  121.79   0.0020000
    1.87   97.16 -130.93   0.0020000
 -100.47   47.29  -72.56   0.0020000
  159.44  137.61 -170.23   0.0020000
 -118.65  102.43  -50.39   0.0020000
 -157.45   67.73  103.66   0.0020000
  119.29   68.40  144.35   0.0020000
 -142.08   90.34   33.10   0.0020000
    6.33  125.00  138.45   0.0020000
  -74.15  140.89  170.68   0.0020000
  101.22  134.93  103.69   0.0020000
  146.62   51.78   97.63   0.0020000
   69.64   41.93   33.47   0.0020000
 -178.58   94.65   51.05   0.0020000
  125.40  123.28   46.02   0.0020000
  139.82   60.30  108.21   0.0020000
   56.58   98.77  123.24   0.0020000
  -63.64   90.99  -90.41   0.0020000
   61.90   80.27  140.21   0.0020000
 -175.42  131.38   43.50   0.0020000
  -47.99  121.32  -33.72   0.0020000
    6.29   71.55   33.84   0.0020000
 -129.30   66.34   67.48   0.0020000
 -123.67   77.03 -120.62   0.0020000
   82.84  135.64  167.37   0.0020000
 -121.45  125.67  -57.05   0.0020000
  -11.49  144.30   21.83   0.0020000
  106.04   85.81   76.09   0.0020000
  127.41   85.45 -142.71   0.0020000
    7.88  123.98   51.91   0.0020000
   91.69   45.20  179.58   0.0020000
 -124.19  109.53   26.56   0.0020000
  175.66  140.62 -149.34   0.0020000
   59.82   71.98   59.03   0.0020000
    2.44  108.62   45.16   0.0020000
  -38.21   48.43  103.45   0.0020000
   80.54   36.37  104.78   0.0020000
    8.96   91.97  162.56   0.0020000
  115.44   49.92  147.43   0.0020000
  -45.79  115.37 -119.99   0.0020000
  -95.10  139.67  -10.31   0.0020000
  158.45   38.20  170.54   0.0020000
 -118.97   84.27  -38.22   0.0020000
 -122.32  125.04   30.76   0.0020000
  130.52  103.39  -38.80   0.0020000
  127.17  123.33  138.46   0.0020000
  153.74  134.50 -177.86   0.0020000
 -129.56  111.97  -67.38   0.0020000
   86.03   47.84  -82.52   0.0020000
  -23.66   42.24   83.21   0.0020000
   16.68   83.57 -160.03   0.0020000
 -123.26  120.14  116.82   0.0020000
 -119.26   70.69 -124.34   0.0020000
  118.77  128.54  127.01   0.0020000
   86.57   45.23    7.05   0.0020000
  139.36   60.96 -159.38   0.0020000
    2.79  106.97   46.84   0.0020000
  179.65  115.15 -142.07   0.0020000
  131.15   75.28  -54.83   0.0020000
 -174.16   61.57  -50.22   0.0020000
  139.49   55.02  -70.10   0.0020000
 -103.62  133.01  -22.61   0.0020000
 -172.05   91.58   68.61   0.0020000
  -66.72   63.32  152.11   0.0020000
    7.05  101.53  -21.51   0.0020000
   89.07  138.93  176.69   0.0020000
   80.01  150.25  165.83   0.0020000
   63.88  132.27 -134.33   0.0020000
 -166.16   51.02   30.29   0.0020000
   92.31  136.89 -178.59   0.0020000
   -9.34  140.45   24.51   0.0020000
    2.31  108.29 -135.02   0.0020000
   15.57   82.03 -100.20   0.0020000
  -81.59  100.61   -7.53   0.0020000
    2.18   77.71  -46.32   0.0020000
   86.14  135.69   -7.71   0.0020000
 -155.25  117.13   -5.71   0.0020000
   66.38   37.41   38.26   0.0020000
 -114.22  128.83  -41.99   0.0020000
 -123.11   58.12 -116.98   0.0020000
 -139.77   41.96   -3.16   0.0020000
  -81.16  143.98  -97.30   0.0020000
  -68.57   73.10  170.80   0.0020000
  -87.22  149.72  177.71   0.0020000
   62.37   92.61  -47.24   0.0020000
    2.03  114.90 -137.53   0.0020000
   19.26   36.75 -153.86   0.0020000
    1.80   83.53 -138.68   0.0020000
  151.29   48.43  179.69   0.0020000
   75.35  133.85  -24.31   0.0020000
 -179.14   91.98   40.66   0.0020000
 -177.66   65.43 -133.26   0.0020000
  -51.17  129.66  -37.64   0.0020000
  -85.30   51.77  174.49   0.0020000
  132.64   67.77 -147.15   0.0020000
  -83.82  130.87 -174.14   0.0020000
  -47.33   69.18   27.55   0.0020000
 -173.78   37.64 -134.11   0.0020000
  119.85   86.75  -93.41   0.0020000
 -147.53   73.35  -83.03   0.0020000
  -55.71   76.62   25.70   0.0020000
   92.70  144.95   87.02   0.0020000
  114.91   49.63   58.13   0.0020000
  119.17  137.20  128.81   0.0020000
  178.58  106.82  125.74   0.0020000
  129.37  107.29 -118.15   0.0020000
 -177.24   96.86  139.94   0.0020000
   42.42   64.21 -105.71   0.0020000
 -178.99   87.75 -141.64   0.0020000
  -74.16   69.91   -3.44   0.0020000
   42.48   46.77  -93.43   0.0020000
  -31.21  152.19   33.63   0.0020000
  -87.29  137.43  -87.92   0.0020000
  -86.74   53.80  -93.79   0.0020000
 -103.42  129.62   67.87   0.0020000
 -134.03  113.41 -160.21   0.0020000
   65.04  128.73 -133.28   0.0020000
 -118.90  103.61   38.58   0.0020000
 -161.23  105.22  158.22   0.0020000
 -173.90   96.56   76.96   0.0020000
   90.55   48.23  -89.05   0.0020000
 -172.25   75.54 -152.13   0.0020000
  -82.57   46.50  171.76   0.0020000
    3.77   45.02  137.06   0.0020000
  144.99   47.65    9.89   0.0020000
 -139.40  137.88 -176.30   0.0020000
    1.43  109.44   42.23   0.0020000
   -2.90  142.47  -57.63   0.0020000
  129.79  118.61 -127.27   0.0020000
 -173.63   70.86 -146.02   0.0020000
 -156.21   91.81  -63.89   0.0020000
  -33.62  133.07   82.02   0.0020000
  147.99   46.21   95.67   0.0020000
 -157.97  141.47  155.82   0.0020000
  -42.46   54.33  -66.94   0.0020000
  -86.88  144.74   -0.10   0.0020000
 -114.85  156.73   53.42   0.0020000
 -178.63   89.88  -45.64   0.0020000
  -47.14  112.26 -119.95   0.0020000
  -51.96  122.85  139.78   0.0020000
 -172.89  139.47 -133.80   0.0020000
 -121.72  112.18  -62.42   0.0020000
 -118.23  100.91  127.81   0.0020000
 -119.09  109.78  125.40   0.0020000
  -15.69  140.22  -73.59   0.0020000
 -165.32  132.94  -30.91   0.0020000
  152.55  132.80    1.45   0.0020000
   83.41  135.89  168.17   0.0020000
    3.11  114.39   45.11   0.0020000
 -119.05  115.90  -54.44   0.0020000
  128.95   56.63  -51.07   0.0020000
 -114.66  126.85 -133.25   0.0020000
   10.16   74.27  110.49   0.0020000
 -100.43  140.57 -106.67   0.0020000
 -118.62  104.13  -53.09   0.0020000
   48.48  128.36  102.53   0.0020000
  121.53   61.26   49.67   0.0020000
  -61.73  125.47 -143.73   0.0020000
  -58.94   41.26 -131.93   0.0020000
 -104.67  131.85   65.68   0.0020000
   -4.35   36.72  149.38   0.0020000
    3.42   74.60 -139.10   0.0020000
  -93.68   45.82    7.20   0.0020000
   91.19  144.42  -89.39   0.0020000
  -65.79   50.13  149.08   0.0020000
  117.46  125.14 -144.80   0.0020000
 -120.65   70.58  150.23   0.0020000
  179.65  147.28  128.09   0.0020000
 -161.71  135.83  152.87   0.0020000
  -37.71   55.78    5.23   0.0020000
    6.21   40.43  135.23   0.0020000
  -87.52   39.51   88.69   0.0020000
  117.33  106.35   -3.89   0.0020000
  -92.71  151.47   81.59   0.0020000
  -53.43   85.59 -131.37   0.0020000
  -89.22   52.19  179.70   0.0020000
 -136.38   57.70  168.11   0.0020000
  102.66  127.83 -165.11   0.0020000
 -177.65   92.38   68.57   0.0020000
  -15.56  138.24  106.67   0.0020000
  -50.90  121.38  141.48   0.0020000
 -172.50   48.95  131.33   0.0020000
 -172.26  133.05  138.36   0.0020000
 -159.85   41.99 -154.30   0.0020000
   38.76  117.91 -168.97   0.0020000
  -78.49   59.92   76.43   0.0020000
 -122.10   64.05   62.08   0.0020000
  -51.16   85.04 -141.05   0.0020000
  106.12  115.81   13.88   0.0020000
   -6.88  146.17   28.76   0.0020000
   17.37   82.90  -93.77   0.0020000
  -73.81   57.01  160.47   0.0020000
   65.84  126.19 -132.55   0.0020000
  -24.78   30.76  160.88   0.0020000
  -84.83   57.13  -96.83   0.0020000
  -15.56  141.64  107.32   0.0020000
  -11.74  137.13   22.93   0.0020000
   16.21   80.56    5.95   0.0020000
  131.29   72.13   30.84   0.0020000
  -49.30  102.82   53.69   0.0020000
  -32.60   97.07  -87.32   0.0020000
   83.92  137.12   79.10   0.0020000
 -134.72   46.34   -8.89   0.0020000
    2.27   99.53   51.73   0.0020000
 -173.95   76.69  117.67   0.0020000
    4.42  148.02  137.86   0.0020000
   45.53  112.33 -160.02   0.0020000
  -46.00  114.59 -120.25   0.0020000
  133.86  119.20  -31.32   0.0020000
   84.55   44.54    9.96   0.0020000
   58.96  111.44 -151.12   0.0020000
   62.61   57.69   50.16   0.0020000
  -18.78  142.66   12.93   0.0020000
   61.66   99.89   37.44   0.0020000
  164.58  141.11 -163.11   0.0020000
    2.53   83.77   30.34   0.0020000
  164.41  142.81   16.61   0.0020000
    4.94   58.78 -136.86   0.0020000
  179.45  131.12   36.28   0.0020000
  144.60  133.06  -98.45   0.0020000
 -118.05   91.23   44.58   0.0020000
  -47.31  125.24  147.90   0.0020000
    6.21   95.41 -125.29   0.0020000
   82.20   42.62 -166.43   0.0020000
 -178.90   91.69  156.05   0.0020000
  -61.24   96.29  -21.24   0.0020000
 -119.79   62.40   56.44   0.0020000
 -178.59   97.35   44.35   0.0020000
 -107.26   46.19 -151.37   0.0020000
   92.41  110.42   94.28   0.0020000
  -97.56  125.35   78.44   0.0020000
  139.15  121.07  167.81   0.0020000
  163.76  137.75  -73.37   0.0020000
  129.24   69.98 -156.63   0.0020000
  157.65  140.08    7.87   0.0020000
    1.30   89.82 -133.24   0.0020000
  128.84   72.74  130.67   0.0020000
  -88.19  138.93    0.97   0.0020000
  -82.38  130.81 -171.23   0.0020000
   90.03  140.44   -7.60   0.0020000
  107.60   46.41  157.72   0.0020000
 -175.52   63.92  -47.85   0.0020000
  -93.54   43.61  -82.88   0.0020000
  -28.50  134.25  -91.23   0.0020000
    4.62   78.61  -59.79   0.0020000
  -94.66  137.56  -98.54   0.0020000
  -38.62   55.92  -72.82   0.0020000
   12.61   36.04  -53.46   0.0020000
  -77.36   47.09   74.60   0.0020000
 -169.69   70.51  -65.01   0.0020000
   -9.57  141.46  113.98   0.0020000
 -169.49  139.84  140.84   0.0020000
  144.71   47.64  100.54   0.0020000
 -113.65  119.53  -40.67   0.0020000
  -48.57   83.26  170.89   0.0020000
    1.57  104.07  -46.20   0.0020000
   64.94   58.61 -135.00   0.0020000
  102.56  134.70  105.42   0.0020000
   97.25  127.57   99.04   0.0020000
  148.92  144.22 -173.39   0.0020000
  112.64  114.03  -63.47   0.0020000
 -177.84   92.34  -67.68   0.0020000
  118.11   47.91  143.57   0.0020000
    0.51   86.03   51.06   0.0020000
 -174.85  141.04 -136.90   0.0020000
 -121.82  128.67  -56.59   0.0020000
  164.17   40.33 -106.22   0.0020000
   71.56   51.44   31.02   0.0020000
   14.54   83.64  -49.56   0.0020000
   19.26   30.74  -72.75   0.0020000
 -142.00   43.04   92.67   0.0020000
  166.49  131.60   22.02   0.0020000
  176.72   35.88  -31.54   0.0020000
    8.51   60.06 -144.84   0.0020000
 -178.51   98.17  -45.34   0.0020000
  148.66  131.10  -95.27   0.0020000
 -123.48  122.13 -153.07   0.0020000
 -121.71   62.95  150.75   0.0020000
 -118.00   81.26   50.17   0.0020000
 -178.05  103.71   45.17   0.0020000
  113.80  145.47   -3.02   0.0020000
  -70.05   50.43 -115.15   0.0020000
  -82.04   68.90  -95.17   0.0020000
   88.00  135.72  -94.89   0.0020000
  -38.67   55.55 -162.71   0.0020000
 -125.99  111.08   24.00   0.0020000
  -50.47   83.17 -141.36   0.0020000
  143.13   50.91 -166.28   0.0020000
  -42.80  177.86  -75.70   0.0020000
   69.06  125.78  144.14   0.0020000
   12.63   87.61 -161.98   0.0020000
  -14.54  139.94 -162.09   0.0020000
  109.71  143.39  -94.07   0.0020000
  -70.27   50.81   65.38   0.0020000
 -176.01  102.29  142.83   0.0020000
 -149.45  134.58  -10.81   0.0020000
  158.85  136.19  -79.94   0.0020000
 -103.67  135.45  157.31   0.0020000
    1.05   83.70   37.39   0.0020000
  149.32  130.80   86.41   0.0020000
    3.71   74.02 -138.81   0.0020000
  160.87  148.91 -155.98   0.0020000
 -138.00   40.59  -98.10   0.0020000
  135.23  114.56  -28.18   0.0020000
  -76.89   16.39 -100.09   0.0020000
   58.27   74.70  141.10   0.0020000
 -134.00   46.93   -9.87   0.0020000
 -120.71   61.97  148.97   0.0020000
 -178.57   86.65   41.66   0.0020000
   23.20  104.92   99.03   0.0020000
    2.80  104.13  -42.05   0.0020000
  -47.69   67.86   33.91   0.0020000
  -27.95  133.94   97.70   0.0020000
  -35.56  173.67 -136.94   0.0020000
 -117.93  130.08  131.68   0.0020000
  124.17   26.35  176.24   0.0020000
   52.56  108.51  -64.65   0.0020000
 -113.84  114.40  141.03   0.0020000
   88.11   44.93   94.73   0.0020000
 -178.96   20.04  -66.36   0.0020000
   61.54  102.36   38.44   0.0020000
  126.54   35.07    0.25   0.0020000
  106.82  124.01 -159.75   0.0020000
 -173.02   33.45 -139.01   0.0020000
  136.23  114.85 -114.41   0.0020000
 -118.02   66.53  -38.88   0.0020000
 -175.76   77.97  129.65   0.0020000
  102.17   54.88   75.42   0.0020000
 -116.63   67.72 -133.83   0.0020000
    1.34   95.45  134.08   0.0020000
  161.12   44.35   73.25   0.0020000
  -53.51  105.20  -26.76   0.0020000
  -68.07  133.87   28.12   0.0020000
    7.65   50.31  130.82   0.0020000
  -32.64  129.04   83.39   0.0020000
  145.08    8.81 -136.97   0.0020000
  -53.11   69.87  132.97   0.0020000
  -32.24   49.65    6.11   0.0020000
   12.17  138.73  143.39   0.0020000
 -174.18  126.46  -43.51   0.0020000
  124.02   33.39   91.26   0.0020000
  -49.00  114.32 -106.70   0.0020000
    2.22  102.41 -133.85   0.0020000
 -124.65  116.45  -64.96   0.0020000
  -17.66  152.41  120.56   0.0020000
 -121.95  130.72   33.98   0.0020000
 -118.80   76.41   49.19   0.0020000
 -169.54  142.52  -41.03   0.0020000
 -178.74   35.77 -127.58   0.0020000
  -14.86   42.25  159.23   0.0020000
    0.35   89.62   35.98   0.0020000
 -177.53  107.44 -134.32   0.0020000
   48.64   47.43  -15.45   0.0020000
  116.78   28.47  178.64   0.0020000
   14.68   81.44 -156.87   0.0020000
 -110.08   51.19  124.13   0.0020000
 -172.32   87.29  153.74   0.0020000
   59.89  112.66  118.81   0.0020000
  144.16  143.01  -87.68   0.0020000
 -140.34  127.42    4.20   0.0020000
 -148.72   58.73   90.33   0.0020000
   48.74   51.29   77.20   0.0020000
   95.09  146.66  -10.88   0.0020000
 -178.62   92.55  -44.98   0.0020000
  -86.27  134.20    3.26   0.0020000
   17.86   80.27   -1.87   0.0020000
    2.96  114.65   44.68   0.0020000
  -54.82  125.73   45.55   0.0020000
 -178.59   89.63  -55.03   0.0020000
