
 **** INPUT FILE VPSC.IN FOR THIS RUN ****
1                          number of elements (nelem)                                                                             
1                          number of phases (nph)                                                                                 
1.0  0.0                   relative vol. fract. of phases (wph(i))                                                                
*INFORMATION ABOUT PHASE #1                                                                                                       
0   0   20                    grain shape contrl, fragmentn, crit aspect ratio                                                    
1.0  1.0  1.0                 initial ellipsoid ratios (dummy if ishape=4)                                                        
0.0  0.0  0.0                 init Eul ang ellips axes (dummy if ishape=3,4)                                                      
* name and path of texture file (filetext)                                                                                        
ex12_dd/SS_tex.RED                                                                                                                
* name and path of single crystal file (filecrys)                                                                                 
ex12_dd/SS_sys.SX                                                                                                                 
* name and path of grain shape file (dummy if ishape=0) (fileaxes)                                                                
dummy                                                                                                                             
* name and path of diffraction file (dummy if idiff=0)                                                                            
0                                                                                                                                 
dummy                                                                                                                             
*PRECISION SETTINGS FOR CONVERGENCE PROCEDURES (default values)                                                                   
0.001 0.001 0.001 0.01    errs,errd,errm,errso                                                                                    
100  100  25   itmax:  max # of iter, external, internal and SO loops                                                             
0   2  10  2   irsvar & xrsini,xrsfin,xrstep (dummy if irsvar=0)1                                                                 
*INPUT/OUTPUT SETTINGS FOR THE RUN (default is zero)                                                                              
0              irecover:read grain states from POSTMORT.IN (1) or not (0)?                                                        
0              isave:   write grain states in POSTMORT.OUT at step 'isave'?                                                       
0              icubcomp:calculate fcc rolling components?                                                                         
50             nwrite (frequency of texture downloads)                                                                            
*MODELING CONDITIONS FOR THE RUN                                                                                                  
3              interaction (0:FC,1:affine,2:secant,3:neff=10,4:tangent,5:SO)                                                      
1  1  1        iupdate: update orient, grain shape, hardening                                                                     
0              nneigh (0 for no neighbors, 1 for pairs, etc.)                                                                     
0              iflu (0: don't calc, 1: calc fluctuations)                                                                         
*NUMBER OF PROCESSES (COMBINATION OF UNIFORM OR VARIABLE LOAD,PCYS,LANKFORD)                                                      
1                                                                                                                                 
*IVGVAR AND PATH\NAME OF FILE FOR EACH PROCESS (dummy if ivgvar=2,3)                                                              
0                                                                                                                                 
ex12_dd/ipc40.1                                                                                                                   
                                                                                                                                  


 **** CRYSTAL DATA FILE ****
*Material: Stainless Steel                                                                                                        
CUBIC           crysym                                                                                                            
   1.0   1.0   1.0   90.   90.   90.   unit cell axes and angles                                                                  
Elastic stiffness (single crystal [GPa]; scaled=0.85xINTERPOLATED)                                                                
 204600. 137700. 137700.   000.0    000.0    000.0                                                                                
 137700. 204600. 137700.   000.0    000.0    000.0                                                                                
 137700. 137700. 204600.   000.0    000.0    000.0                                                                                
  000.0   000.0   000.0   126200.   000.0    000.0                                                                                
  000.0   000.0   000.0    000.0   126200.   000.0                                                                                
  000.0   000.0   000.0    000.0    000.0   126200.                                                                               
*Thermal expansion coefficients (single crystal in crystal axis):                                                                 
  0.0e-6  0.0e-6  0.0e-6   0.0e0   0.0e0   0.0e0        "alfacc"                                                                  
INFORMATION ABOUT SLIP AND TWIN SYSTEMS                                                                                           
   1                     nmodesx (total # of modes listed in the file)                                                            
   1                     nmodes  (# of modes to be used in the calculation)                                                       
   1                       mode(i) (label of the modes to be used)                                                                
   <110>(111) SLIP                                                                                                                
 1   12   1   0                       modex,nsmx,isensex,itwtypex                                                                 
   1  1 -1        0  1  1                                                                                                         
   1  1 -1        1  0  1                                                                                                         
   1  1 -1        1 -1  0                                                                                                         
   1 -1 -1        0  1 -1                                                                                                         
   1 -1 -1        1  0  1                                                                                                         
   1 -1 -1        1  1  0                                                                                                         
   1 -1  1        0  1  1                                                                                                         
   1 -1  1        1  0 -1                                                                                                         
   1 -1  1        1  1  0                                                                                                         
   1  1  1        0  1 -1                                                                                                         
   1  1  1        1  0 -1                                                                                                         
   1  1  1        1 -1  0                                                                                                         
*Constitutive law                                                                                                                 
   20      ihardlaw  (Voce=0, MTS=1, DD=20)                                                                                       
   0       iratesens (0:rate insensitive, 1:rate sensitive)                                                                       
  126.e+3  30.e-6          !SHEAR_MOD (MPa), GRAIN SIZE (m)                                                                       
  0.35   0.086             !CHIfor, CHIsub,                                                                                       
  1.0E+11   298   0.001    !RHO_DEB INITIAL IN EVERY GRAIN (1/m^2), TEMPref, EDOTref                                              
 <110>(111) SLIP                                                                                                                  
 2.546e-10  3.8E-3         !BURG (m), NORM ACTENER g IN EQ. (3.12) (0.00375)                                                      
 2.75e+8  3.0E+2           !KGENER=K1 IN EQ.(3.8) (1/m), DRAG STRESS=D IN EQ.(3.12) (MPa)                                         
 1.E+07                    !EDOT_0 IN EQ.(3.12) (1/s)                                                                             
 5.0E+09                   !INITIAL RHO_S FOR EACH SLIP MODE (1/m^2)                                                              
 87.0  0.0   1.0           !tau0,tau1,tau2 FOR ATHERMAL TAU=tau0+tau1*EXP(-TEMP/tau2)   EQ.(3.17)                                 
 280.  0.   100.           !deb0,deb1,deb2 (K) FOR A IN deb0+deb1*exp((Tref-T)/deb2)                                              
 0.                        !HPFAC COEF FOR THIS SLIP MODE                                                                         
**** END OF CRYSTAL DATA FILE ****


 CHECKING THAT CELCC*SELCC-ID6=0   0.3330669E-15
 *********** PHASE   1
 RANDOM PX BULK & POISSON MODULI  160000.000       0.265
 RANDOM PX ELASTIC CTES C11, C12, C44  278800.000  100600.000   89100.000

 INSIDE SUBROUTINE DATA_CRYSTAL
 SHEAR MODULUS FOR MODE  1 IN PHASE  1 IS   64366.667
 N & B FOR MODE  1 IN PHASE  1
     0.577     0.577    -0.577        0.000     0.707     0.707
     0.577     0.577    -0.577        0.707     0.000     0.707
     0.577     0.577    -0.577        0.707    -0.707     0.000
     0.577    -0.577    -0.577        0.000     0.707    -0.707
     0.577    -0.577    -0.577        0.707     0.000     0.707
     0.577    -0.577    -0.577        0.707     0.707     0.000
     0.577    -0.577     0.577        0.000     0.707     0.707
     0.577    -0.577     0.577        0.707     0.000    -0.707
     0.577    -0.577     0.577        0.707     0.707     0.000
     0.577     0.577     0.577        0.000     0.707    -0.707
     0.577     0.577     0.577        0.707     0.000    -0.707
     0.577     0.577     0.577        0.707    -0.707     0.000

 **** CRYST TEXTURE (FIRST FEW LINES) ****
 AXES OF THE REPRESENTATIVE ELLIPSOID                                                                                             
    1.0   1.0   1.0                                                                                                               
DISCRETE TEXTURE FROM ODF FILE SS0STRAI.SOD                                                                                       
B    2916                                                                                                                         
      5.00      7.07      5.00     0.00003069                                                                                     
      5.00      7.07     15.00     0.00003708                                                                                     
      5.00      7.07     25.00     0.00005996                                                                                     
      5.00      7.07     35.00     0.00007849                                                                                     
      5.00      7.07     45.00     0.00007008                                                                                     
      5.00      7.07     55.00     0.00005210                                                                                     
      5.00      7.07     65.00     0.00004180                                                                                     
      5.00      7.07     75.00     0.00003574                                                                                     
      5.00      7.07     85.00     0.00003239                                                                                     
      5.00     15.79      5.00     0.00010088                                                                                     
      5.00     15.79     15.00     0.00013508                                                                                     
      5.00     15.79     25.00     0.00020761                                                                                     
      5.00     15.79     35.00     0.00026352                                                                                     
      5.00     15.79     45.00     0.00023929                                                                                     
      5.00     15.79     55.00     0.00019367                                                                                     
      5.00     15.79     65.00     0.00013616                                                                                     
    .........................
 **** END OF CRYST TEXTURE DATA FILE ****


*** RUNNING INTERACTION NEFF=   10.00


 UB THERMAL TENSOR (VOIGT NOTATION)
  0.0000E+00  0.0000E+00  0.0000E+00  0.0000E+00  0.0000E+00  0.0000E+00

 UB ELASTIC STIFFNESS (VOIGT NOTATION)
  0.2771E+06  0.1017E+06  0.1012E+06 -0.6071E+03  0.1468E+03 -0.6207E+02
  0.1017E+06  0.2779E+06  0.1004E+06  0.3917E+03  0.2039E+00 -0.1700E+02
  0.1012E+06  0.1004E+06  0.2784E+06  0.2153E+03 -0.1470E+03  0.7908E+02
 -0.6071E+03  0.3917E+03  0.2153E+03  0.8888E+05  0.7908E+02  0.2039E+00
  0.1468E+03  0.2039E+00 -0.1470E+03  0.7908E+02  0.8974E+05 -0.6071E+03
 -0.6207E+02 -0.1700E+02  0.7908E+02  0.2039E+00 -0.6071E+03  0.9020E+05

 LB THERMAL TENSOR (VOIGT NOTATION)
  0.0000E+00  0.0000E+00  0.0000E+00  0.0000E+00  0.0000E+00  0.0000E+00

 LB ELASTIC STIFFNESS (VOIGT NOTATION)
  0.2383E+06  0.1210E+06  0.1206E+06 -0.5036E+03  0.1234E+03 -0.5373E+02
  0.1210E+06  0.2390E+06  0.1199E+06  0.3250E+03  0.1818E+01 -0.1508E+02
  0.1206E+06  0.1199E+06  0.2394E+06  0.1786E+03 -0.1253E+03  0.6881E+02
 -0.5036E+03  0.3250E+03  0.1786E+03  0.5965E+05  0.6676E+02 -0.1215E+00
  0.1234E+03  0.1818E+01 -0.1253E+03  0.6676E+02  0.6039E+05 -0.5280E+03
 -0.5373E+02 -0.1508E+02  0.6881E+02 -0.1215E+00 -0.5280E+03  0.6079E+05


*** LOAD CONDITIONS FOR THIS RUN
   200   1   0.002   298.   298.       nsteps  ictrl  eqincr  temp_ini   temp_fin                                                 
* boundary conditions                                                                                                             
    1       1       1           iudot    |    flag for vel.grad.                                                                  
    1       0       1                    |    (0:unknown-1:known)                                                                 
    1       1       0                    |                                                                                        
                                         |                                                                                        
  -0.001    0.      0.           udot    |    vel.grad                                                                            
    0.    0.0005   0.                   |                                                                                         
    0.      0.     0.0005               |                                                                                         
                                         |                                                                                        
    0       0       0           iscau    |    flag for Cauchy                                                                     
            1       0                    |                                                                                        
                    1                    |                                                                                        
                                         |                                                                                        
    0.      0.      0.          scauchy  |    Cauchy stress                                                                       
            0.      0.                   |                                                                                        
                    0.                   @                                                                                        
                                                                                                                                  

*******   STEP   1      *** N_EFF=cte CALCULATION              
   14   0.185E-03   0.895E-03   0.637E-03

*******   STEP   2      *** N_EFF=cte CALCULATION              
    5   0.356E-03   0.905E-03   0.500E-04

*******   STEP   3      *** N_EFF=cte CALCULATION              
    6   0.601E-03   0.368E-03   0.604E-03

*******   STEP   4      *** N_EFF=cte CALCULATION              
    6   0.672E-03   0.319E-03   0.675E-03

*******   STEP   5      *** N_EFF=cte CALCULATION              
    6   0.657E-03   0.283E-03   0.661E-03

*******   STEP   6      *** N_EFF=cte CALCULATION              
    6   0.618E-03   0.255E-03   0.621E-03

*******   STEP   7      *** N_EFF=cte CALCULATION              
    6   0.574E-03   0.235E-03   0.578E-03

*******   STEP   8      *** N_EFF=cte CALCULATION              
    6   0.535E-03   0.221E-03   0.539E-03

*******   STEP   9      *** N_EFF=cte CALCULATION              
    6   0.500E-03   0.210E-03   0.505E-03

*******   STEP  10      *** N_EFF=cte CALCULATION              
    6   0.471E-03   0.202E-03   0.476E-03

*******   STEP  11      *** N_EFF=cte CALCULATION              
    6   0.446E-03   0.196E-03   0.451E-03

*******   STEP  12      *** N_EFF=cte CALCULATION              
    6   0.425E-03   0.191E-03   0.430E-03

*******   STEP  13      *** N_EFF=cte CALCULATION              
    6   0.406E-03   0.188E-03   0.411E-03

*******   STEP  14      *** N_EFF=cte CALCULATION              
    6   0.719E-04   0.193E-03   0.841E-03

*******   STEP  15      *** N_EFF=cte CALCULATION              
    6   0.647E-04   0.179E-03   0.823E-03

*******   STEP  16      *** N_EFF=cte CALCULATION              
    5   0.378E-03   0.985E-03   0.232E-03

*******   STEP  17      *** N_EFF=cte CALCULATION              
    5   0.370E-03   0.995E-03   0.277E-03

*******   STEP  18      *** N_EFF=cte CALCULATION              
    6   0.830E-04   0.213E-03   0.752E-03

*******   STEP  19      *** N_EFF=cte CALCULATION              
    5   0.356E-03   0.937E-03   0.239E-03

*******   STEP  20      *** N_EFF=cte CALCULATION              
    6   0.838E-04   0.214E-03   0.714E-03

*******   STEP  21      *** N_EFF=cte CALCULATION              
    5   0.344E-03   0.912E-03   0.245E-03

*******   STEP  22      *** N_EFF=cte CALCULATION              
    5   0.358E-03   0.989E-03   0.320E-03

*******   STEP  23      *** N_EFF=cte CALCULATION              
    5   0.353E-03   0.981E-03   0.326E-03

*******   STEP  24      *** N_EFF=cte CALCULATION              
    5   0.348E-03   0.971E-03   0.330E-03

*******   STEP  25      *** N_EFF=cte CALCULATION              
    5   0.344E-03   0.962E-03   0.333E-03

*******   STEP  26      *** N_EFF=cte CALCULATION              
    5   0.339E-03   0.953E-03   0.337E-03

*******   STEP  27      *** N_EFF=cte CALCULATION              
    5   0.335E-03   0.945E-03   0.340E-03

*******   STEP  28      *** N_EFF=cte CALCULATION              
    5   0.331E-03   0.937E-03   0.344E-03

*******   STEP  29      *** N_EFF=cte CALCULATION              
    4   0.852E-03   0.995E-03   0.999E-03

*******   STEP  30      *** N_EFF=cte CALCULATION              
    4   0.802E-03   0.882E-03   0.951E-03

*******   STEP  31      *** N_EFF=cte CALCULATION              
    4   0.789E-03   0.863E-03   0.936E-03

*******   STEP  32      *** N_EFF=cte CALCULATION              
    4   0.783E-03   0.850E-03   0.928E-03

*******   STEP  33      *** N_EFF=cte CALCULATION              
    4   0.776E-03   0.837E-03   0.921E-03

*******   STEP  34      *** N_EFF=cte CALCULATION              
    4   0.769E-03   0.824E-03   0.914E-03

*******   STEP  35      *** N_EFF=cte CALCULATION              
    4   0.763E-03   0.812E-03   0.908E-03

*******   STEP  36      *** N_EFF=cte CALCULATION              
    4   0.757E-03   0.800E-03   0.901E-03

*******   STEP  37      *** N_EFF=cte CALCULATION              
    4   0.752E-03   0.788E-03   0.895E-03

*******   STEP  38      *** N_EFF=cte CALCULATION              
    4   0.746E-03   0.777E-03   0.889E-03

*******   STEP  39      *** N_EFF=cte CALCULATION              
    4   0.741E-03   0.766E-03   0.884E-03

*******   STEP  40      *** N_EFF=cte CALCULATION              
    4   0.735E-03   0.755E-03   0.878E-03

*******   STEP  41      *** N_EFF=cte CALCULATION              
    4   0.730E-03   0.745E-03   0.873E-03

*******   STEP  42      *** N_EFF=cte CALCULATION              
    4   0.725E-03   0.734E-03   0.868E-03

*******   STEP  43      *** N_EFF=cte CALCULATION              
    4   0.721E-03   0.724E-03   0.863E-03

*******   STEP  44      *** N_EFF=cte CALCULATION              
    4   0.716E-03   0.714E-03   0.858E-03

*******   STEP  45      *** N_EFF=cte CALCULATION              
    4   0.711E-03   0.705E-03   0.853E-03

*******   STEP  46      *** N_EFF=cte CALCULATION              
    4   0.707E-03   0.695E-03   0.849E-03

*******   STEP  47      *** N_EFF=cte CALCULATION              
    4   0.703E-03   0.686E-03   0.844E-03

*******   STEP  48      *** N_EFF=cte CALCULATION              
    4   0.698E-03   0.677E-03   0.840E-03

*******   STEP  49      *** N_EFF=cte CALCULATION              
    4   0.694E-03   0.668E-03   0.836E-03

*******   STEP  50      *** N_EFF=cte CALCULATION              
    4   0.690E-03   0.659E-03   0.832E-03

*******   STEP  51      *** N_EFF=cte CALCULATION              
    4   0.686E-03   0.650E-03   0.828E-03

*******   STEP  52      *** N_EFF=cte CALCULATION              
    4   0.682E-03   0.642E-03   0.824E-03

*******   STEP  53      *** N_EFF=cte CALCULATION              
    4   0.678E-03   0.633E-03   0.820E-03

*******   STEP  54      *** N_EFF=cte CALCULATION              
    4   0.675E-03   0.625E-03   0.817E-03

*******   STEP  55      *** N_EFF=cte CALCULATION              
    4   0.671E-03   0.617E-03   0.813E-03

*******   STEP  56      *** N_EFF=cte CALCULATION              
    4   0.667E-03   0.609E-03   0.809E-03

*******   STEP  57      *** N_EFF=cte CALCULATION              
    4   0.664E-03   0.602E-03   0.806E-03

*******   STEP  58      *** N_EFF=cte CALCULATION              
    4   0.660E-03   0.594E-03   0.803E-03

*******   STEP  59      *** N_EFF=cte CALCULATION              
    4   0.657E-03   0.587E-03   0.799E-03

*******   STEP  60      *** N_EFF=cte CALCULATION              
    6   0.161E-03   0.397E-03   0.586E-03

*******   STEP  61      *** N_EFF=cte CALCULATION              
    4   0.667E-03   0.682E-03   0.795E-03

*******   STEP  62      *** N_EFF=cte CALCULATION              
    6   0.167E-03   0.409E-03   0.570E-03

*******   STEP  63      *** N_EFF=cte CALCULATION              
    4   0.663E-03   0.669E-03   0.792E-03

*******   STEP  64      *** N_EFF=cte CALCULATION              
    6   0.171E-03   0.417E-03   0.544E-03

*******   STEP  65      *** N_EFF=cte CALCULATION              
    4   0.658E-03   0.655E-03   0.788E-03

*******   STEP  66      *** N_EFF=cte CALCULATION              
    6   0.175E-03   0.424E-03   0.519E-03

*******   STEP  67      *** N_EFF=cte CALCULATION              
    4   0.654E-03   0.641E-03   0.785E-03

*******   STEP  68      *** N_EFF=cte CALCULATION              
    6   0.179E-03   0.431E-03   0.494E-03

*******   STEP  69      *** N_EFF=cte CALCULATION              
    4   0.649E-03   0.628E-03   0.782E-03

*******   STEP  70      *** N_EFF=cte CALCULATION              
    6   0.183E-03   0.438E-03   0.470E-03

*******   STEP  71      *** N_EFF=cte CALCULATION              
    6   0.160E-03   0.364E-03   0.601E-03

*******   STEP  72      *** N_EFF=cte CALCULATION              
    6   0.160E-03   0.361E-03   0.602E-03

*******   STEP  73      *** N_EFF=cte CALCULATION              
    6   0.162E-03   0.364E-03   0.591E-03

*******   STEP  74      *** N_EFF=cte CALCULATION              
    6   0.164E-03   0.368E-03   0.580E-03

*******   STEP  75      *** N_EFF=cte CALCULATION              
    6   0.167E-03   0.372E-03   0.568E-03

*******   STEP  76      *** N_EFF=cte CALCULATION              
    6   0.169E-03   0.377E-03   0.557E-03

*******   STEP  77      *** N_EFF=cte CALCULATION              
    6   0.171E-03   0.381E-03   0.545E-03

*******   STEP  78      *** N_EFF=cte CALCULATION              
    6   0.173E-03   0.385E-03   0.534E-03

*******   STEP  79      *** N_EFF=cte CALCULATION              
    6   0.176E-03   0.389E-03   0.523E-03

*******   STEP  80      *** N_EFF=cte CALCULATION              
    6   0.178E-03   0.393E-03   0.512E-03

*******   STEP  81      *** N_EFF=cte CALCULATION              
    6   0.180E-03   0.398E-03   0.501E-03

*******   STEP  82      *** N_EFF=cte CALCULATION              
    6   0.182E-03   0.402E-03   0.490E-03

*******   STEP  83      *** N_EFF=cte CALCULATION              
    6   0.184E-03   0.406E-03   0.480E-03

*******   STEP  84      *** N_EFF=cte CALCULATION              
    6   0.187E-03   0.410E-03   0.469E-03

*******   STEP  85      *** N_EFF=cte CALCULATION              
    6   0.189E-03   0.414E-03   0.459E-03

*******   STEP  86      *** N_EFF=cte CALCULATION              
    6   0.191E-03   0.418E-03   0.449E-03

*******   STEP  87      *** N_EFF=cte CALCULATION              
    6   0.193E-03   0.422E-03   0.438E-03

*******   STEP  88      *** N_EFF=cte CALCULATION              
    6   0.195E-03   0.426E-03   0.428E-03

*******   STEP  89      *** N_EFF=cte CALCULATION              
    6   0.198E-03   0.430E-03   0.418E-03

*******   STEP  90      *** N_EFF=cte CALCULATION              
    6   0.200E-03   0.434E-03   0.408E-03

*******   STEP  91      *** N_EFF=cte CALCULATION              
    6   0.202E-03   0.438E-03   0.399E-03

*******   STEP  92      *** N_EFF=cte CALCULATION              
    6   0.204E-03   0.442E-03   0.389E-03

*******   STEP  93      *** N_EFF=cte CALCULATION              
    6   0.206E-03   0.446E-03   0.379E-03

*******   STEP  94      *** N_EFF=cte CALCULATION              
    6   0.208E-03   0.450E-03   0.370E-03

*******   STEP  95      *** N_EFF=cte CALCULATION              
    6   0.210E-03   0.454E-03   0.361E-03

*******   STEP  96      *** N_EFF=cte CALCULATION              
    6   0.212E-03   0.457E-03   0.351E-03

*******   STEP  97      *** N_EFF=cte CALCULATION              
    6   0.215E-03   0.461E-03   0.342E-03

*******   STEP  98      *** N_EFF=cte CALCULATION              
    6   0.217E-03   0.465E-03   0.333E-03

*******   STEP  99      *** N_EFF=cte CALCULATION              
    6   0.219E-03   0.469E-03   0.324E-03

*******   STEP 100      *** N_EFF=cte CALCULATION              
    6   0.221E-03   0.472E-03   0.315E-03

*******   STEP 101      *** N_EFF=cte CALCULATION              
    6   0.223E-03   0.476E-03   0.306E-03

*******   STEP 102      *** N_EFF=cte CALCULATION              
    6   0.225E-03   0.479E-03   0.297E-03

*******   STEP 103      *** N_EFF=cte CALCULATION              
    6   0.227E-03   0.483E-03   0.289E-03

*******   STEP 104      *** N_EFF=cte CALCULATION              
    6   0.229E-03   0.487E-03   0.280E-03

*******   STEP 105      *** N_EFF=cte CALCULATION              
    6   0.231E-03   0.490E-03   0.271E-03

*******   STEP 106      *** N_EFF=cte CALCULATION              
    6   0.233E-03   0.494E-03   0.263E-03

*******   STEP 107      *** N_EFF=cte CALCULATION              
    6   0.235E-03   0.497E-03   0.255E-03

*******   STEP 108      *** N_EFF=cte CALCULATION              
    6   0.237E-03   0.500E-03   0.246E-03

*******   STEP 109      *** N_EFF=cte CALCULATION              
    6   0.239E-03   0.504E-03   0.238E-03

*******   STEP 110      *** N_EFF=cte CALCULATION              
    6   0.241E-03   0.507E-03   0.230E-03

*******   STEP 111      *** N_EFF=cte CALCULATION              
    6   0.243E-03   0.511E-03   0.222E-03

*******   STEP 112      *** N_EFF=cte CALCULATION              
    6   0.245E-03   0.514E-03   0.214E-03

*******   STEP 113      *** N_EFF=cte CALCULATION              
    6   0.287E-03   0.608E-03   0.205E-03

*******   STEP 114      *** N_EFF=cte CALCULATION              
    6   0.249E-03   0.522E-03   0.203E-03

*******   STEP 115      *** N_EFF=cte CALCULATION              
    6   0.291E-03   0.615E-03   0.188E-03

*******   STEP 116      *** N_EFF=cte CALCULATION              
    6   0.253E-03   0.528E-03   0.187E-03

*******   STEP 117      *** N_EFF=cte CALCULATION              
    6   0.295E-03   0.622E-03   0.170E-03

*******   STEP 118      *** N_EFF=cte CALCULATION              
    6   0.257E-03   0.535E-03   0.172E-03

*******   STEP 119      *** N_EFF=cte CALCULATION              
    6   0.299E-03   0.629E-03   0.153E-03

*******   STEP 120      *** N_EFF=cte CALCULATION              
    6   0.261E-03   0.541E-03   0.157E-03

*******   STEP 121      *** N_EFF=cte CALCULATION              
    6   0.304E-03   0.636E-03   0.137E-03

*******   STEP 122      *** N_EFF=cte CALCULATION              
    6   0.264E-03   0.547E-03   0.142E-03

*******   STEP 123      *** N_EFF=cte CALCULATION              
    6   0.308E-03   0.643E-03   0.121E-03

*******   STEP 124      *** N_EFF=cte CALCULATION              
    6   0.268E-03   0.553E-03   0.128E-03

*******   STEP 125      *** N_EFF=cte CALCULATION              
    6   0.311E-03   0.649E-03   0.105E-03

*******   STEP 126      *** N_EFF=cte CALCULATION              
    6   0.271E-03   0.559E-03   0.114E-03

*******   STEP 127      *** N_EFF=cte CALCULATION              
    6   0.315E-03   0.656E-03   0.904E-04

*******   STEP 128      *** N_EFF=cte CALCULATION              
    6   0.275E-03   0.565E-03   0.101E-03

*******   STEP 129      *** N_EFF=cte CALCULATION              
    6   0.319E-03   0.662E-03   0.763E-04

*******   STEP 130      *** N_EFF=cte CALCULATION              
    6   0.278E-03   0.570E-03   0.876E-04

*******   STEP 131      *** N_EFF=cte CALCULATION              
    6   0.323E-03   0.668E-03   0.634E-04

*******   STEP 132      *** N_EFF=cte CALCULATION              
    6   0.282E-03   0.576E-03   0.751E-04

*******   STEP 133      *** N_EFF=cte CALCULATION              
    6   0.327E-03   0.674E-03   0.521E-04

*******   STEP 134      *** N_EFF=cte CALCULATION              
    6   0.334E-03   0.689E-03   0.462E-04

*******   STEP 135      *** N_EFF=cte CALCULATION              
    5   0.279E-03   0.999E-03   0.706E-03

*******   STEP 136      *** N_EFF=cte CALCULATION              
    6   0.323E-03   0.677E-03   0.625E-04

*******   STEP 137      *** N_EFF=cte CALCULATION              
    6   0.335E-03   0.690E-03   0.388E-04

*******   STEP 138      *** N_EFF=cte CALCULATION              
    6   0.341E-03   0.700E-03   0.395E-04

*******   STEP 139      *** N_EFF=cte CALCULATION              
    6   0.343E-03   0.704E-03   0.412E-04

*******   STEP 140      *** N_EFF=cte CALCULATION              
    6   0.345E-03   0.707E-03   0.441E-04

*******   STEP 141      *** N_EFF=cte CALCULATION              
    6   0.347E-03   0.710E-03   0.479E-04

*******   STEP 142      *** N_EFF=cte CALCULATION              
    6   0.349E-03   0.712E-03   0.523E-04

*******   STEP 143      *** N_EFF=cte CALCULATION              
    6   0.350E-03   0.715E-03   0.572E-04

*******   STEP 144      *** N_EFF=cte CALCULATION              
    6   0.352E-03   0.717E-03   0.625E-04

*******   STEP 145      *** N_EFF=cte CALCULATION              
    6   0.354E-03   0.720E-03   0.679E-04

*******   STEP 146      *** N_EFF=cte CALCULATION              
    6   0.355E-03   0.722E-03   0.736E-04

*******   STEP 147      *** N_EFF=cte CALCULATION              
    6   0.357E-03   0.724E-03   0.793E-04

*******   STEP 148      *** N_EFF=cte CALCULATION              
    6   0.358E-03   0.727E-03   0.852E-04

*******   STEP 149      *** N_EFF=cte CALCULATION              
    6   0.360E-03   0.729E-03   0.910E-04

*******   STEP 150      *** N_EFF=cte CALCULATION              
    6   0.361E-03   0.731E-03   0.969E-04

*******   STEP 151      *** N_EFF=cte CALCULATION              
    6   0.363E-03   0.733E-03   0.103E-03

*******   STEP 152      *** N_EFF=cte CALCULATION              
    6   0.364E-03   0.735E-03   0.109E-03

*******   STEP 153      *** N_EFF=cte CALCULATION              
    6   0.366E-03   0.737E-03   0.114E-03

*******   STEP 154      *** N_EFF=cte CALCULATION              
    6   0.367E-03   0.739E-03   0.120E-03

*******   STEP 155      *** N_EFF=cte CALCULATION              
    6   0.368E-03   0.741E-03   0.126E-03

*******   STEP 156      *** N_EFF=cte CALCULATION              
    6   0.370E-03   0.743E-03   0.132E-03

*******   STEP 157      *** N_EFF=cte CALCULATION              
    6   0.371E-03   0.745E-03   0.137E-03

*******   STEP 158      *** N_EFF=cte CALCULATION              
    6   0.372E-03   0.747E-03   0.143E-03

*******   STEP 159      *** N_EFF=cte CALCULATION              
    6   0.374E-03   0.749E-03   0.148E-03

*******   STEP 160      *** N_EFF=cte CALCULATION              
    6   0.375E-03   0.751E-03   0.154E-03

*******   STEP 161      *** N_EFF=cte CALCULATION              
    6   0.376E-03   0.753E-03   0.159E-03

*******   STEP 162      *** N_EFF=cte CALCULATION              
    6   0.378E-03   0.754E-03   0.165E-03

*******   STEP 163      *** N_EFF=cte CALCULATION              
    6   0.379E-03   0.756E-03   0.170E-03

*******   STEP 164      *** N_EFF=cte CALCULATION              
    6   0.380E-03   0.758E-03   0.175E-03

*******   STEP 165      *** N_EFF=cte CALCULATION              
    6   0.381E-03   0.760E-03   0.180E-03

*******   STEP 166      *** N_EFF=cte CALCULATION              
    6   0.382E-03   0.761E-03   0.185E-03

*******   STEP 167      *** N_EFF=cte CALCULATION              
    6   0.384E-03   0.763E-03   0.190E-03

*******   STEP 168      *** N_EFF=cte CALCULATION              
    6   0.385E-03   0.764E-03   0.195E-03

*******   STEP 169      *** N_EFF=cte CALCULATION              
    6   0.386E-03   0.766E-03   0.200E-03

*******   STEP 170      *** N_EFF=cte CALCULATION              
    6   0.387E-03   0.767E-03   0.205E-03

*******   STEP 171      *** N_EFF=cte CALCULATION              
    6   0.388E-03   0.769E-03   0.210E-03

*******   STEP 172      *** N_EFF=cte CALCULATION              
    6   0.389E-03   0.770E-03   0.215E-03

*******   STEP 173      *** N_EFF=cte CALCULATION              
    6   0.390E-03   0.772E-03   0.219E-03

*******   STEP 174      *** N_EFF=cte CALCULATION              
    6   0.391E-03   0.773E-03   0.224E-03

*******   STEP 175      *** N_EFF=cte CALCULATION              
    6   0.392E-03   0.775E-03   0.229E-03

*******   STEP 176      *** N_EFF=cte CALCULATION              
    6   0.393E-03   0.776E-03   0.233E-03

*******   STEP 177      *** N_EFF=cte CALCULATION              
    6   0.394E-03   0.777E-03   0.237E-03

*******   STEP 178      *** N_EFF=cte CALCULATION              
    6   0.395E-03   0.779E-03   0.242E-03

*******   STEP 179      *** N_EFF=cte CALCULATION              
    6   0.396E-03   0.780E-03   0.246E-03

*******   STEP 180      *** N_EFF=cte CALCULATION              
    6   0.397E-03   0.781E-03   0.250E-03

*******   STEP 181      *** N_EFF=cte CALCULATION              
    6   0.398E-03   0.782E-03   0.254E-03

*******   STEP 182      *** N_EFF=cte CALCULATION              
    6   0.399E-03   0.784E-03   0.258E-03

*******   STEP 183      *** N_EFF=cte CALCULATION              
    6   0.400E-03   0.785E-03   0.262E-03

*******   STEP 184      *** N_EFF=cte CALCULATION              
    6   0.401E-03   0.786E-03   0.266E-03

*******   STEP 185      *** N_EFF=cte CALCULATION              
    6   0.402E-03   0.787E-03   0.270E-03

*******   STEP 186      *** N_EFF=cte CALCULATION              
    6   0.403E-03   0.788E-03   0.274E-03

*******   STEP 187      *** N_EFF=cte CALCULATION              
    6   0.404E-03   0.789E-03   0.277E-03

*******   STEP 188      *** N_EFF=cte CALCULATION              
    6   0.405E-03   0.790E-03   0.281E-03

*******   STEP 189      *** N_EFF=cte CALCULATION              
    6   0.406E-03   0.792E-03   0.285E-03

*******   STEP 190      *** N_EFF=cte CALCULATION              
    6   0.406E-03   0.793E-03   0.288E-03

*******   STEP 191      *** N_EFF=cte CALCULATION              
    6   0.407E-03   0.794E-03   0.292E-03

*******   STEP 192      *** N_EFF=cte CALCULATION              
    6   0.408E-03   0.794E-03   0.295E-03

*******   STEP 193      *** N_EFF=cte CALCULATION              
    6   0.409E-03   0.795E-03   0.298E-03

*******   STEP 194      *** N_EFF=cte CALCULATION              
    6   0.410E-03   0.796E-03   0.301E-03

*******   STEP 195      *** N_EFF=cte CALCULATION              
    6   0.410E-03   0.797E-03   0.304E-03

*******   STEP 196      *** N_EFF=cte CALCULATION              
    6   0.411E-03   0.798E-03   0.307E-03

*******   STEP 197      *** N_EFF=cte CALCULATION              
    6   0.412E-03   0.799E-03   0.310E-03

*******   STEP 198      *** N_EFF=cte CALCULATION              
    6   0.413E-03   0.800E-03   0.313E-03

*******   STEP 199      *** N_EFF=cte CALCULATION              
    6   0.413E-03   0.801E-03   0.316E-03

*******   STEP 200      *** N_EFF=cte CALCULATION              
    6   0.414E-03   0.801E-03   0.319E-03

*******   STEP 201      *** N_EFF=cte CALCULATION              
    6   0.415E-03   0.802E-03   0.321E-03

 TIME ELAPSED  184.44secs
