          Evm          Svm          E11          E22          E33          E23          E13          E12             SCAU11       SCAU22       SCAU33       SCAU23       SCAU13       SCAU12      TEMP      TIME    TAYLAV      WORKAV      WRATE1      WRATE2 
  0.00000E+00  0.24597E+03     0.00000E+00  0.00000E+00  0.00000E+00  0.00000E+00  0.00000E+00  0.00000E+00    -0.24597E+03  0.00000E+00  0.00000E+00  0.32474E+00 -0.34249E-01  0.20140E+00      298. 0.000E+00     2.168  0.4198E+00  0.2457E+00  0.2099E+00
  0.20000E-02  0.24792E+03    -0.20000E-02  0.10013E-02  0.99871E-03  0.00000E+00  0.00000E+00  0.00000E+00    -0.24792E+03  0.00000E+00  0.00000E+00  0.36464E+00 -0.35641E-01  0.20670E+00      298. 0.200E+01     2.169  0.8438E+00  0.2481E+00  0.2120E+00
  0.40000E-02  0.25162E+03    -0.40000E-02  0.20022E-02  0.19978E-02  0.00000E+00  0.00000E+00  0.00000E+00    -0.25162E+03  0.00000E+00  0.00000E+00  0.34671E+00 -0.32352E-01  0.20878E+00      298. 0.400E+01     2.169  0.1274E+01  0.2514E+00  0.2149E+00
  0.60000E-02  0.25551E+03    -0.60000E-02  0.30037E-02  0.29963E-02  0.00000E+00  0.00000E+00  0.00000E+00    -0.25551E+03  0.00000E+00  0.00000E+00  0.35488E+00 -0.30027E-01  0.21157E+00      298. 0.600E+01     2.169  0.1710E+01  0.2553E+00  0.2182E+00
  0.80000E-02  0.25941E+03    -0.80000E-02  0.40054E-02  0.39946E-02  0.00000E+00  0.00000E+00  0.00000E+00    -0.25941E+03  0.00000E+00  0.00000E+00  0.36724E+00 -0.27674E-01  0.21419E+00      298. 0.800E+01     2.169  0.2153E+01  0.2592E+00  0.2216E+00
  0.10000E-01  0.26319E+03    -0.10000E-01  0.50074E-02  0.49926E-02  0.00000E+00  0.00000E+00  0.00000E+00    -0.26319E+03  0.00000E+00  0.00000E+00  0.38101E+00 -0.25250E-01  0.21661E+00      298. 0.100E+02     2.169  0.2603E+01  0.2630E+00  0.2248E+00
  0.12000E-01  0.26680E+03    -0.12000E-01  0.60096E-02  0.59904E-02  0.00000E+00  0.00000E+00  0.00000E+00    -0.26680E+03  0.00000E+00  0.00000E+00  0.39514E+00 -0.22758E-01  0.21886E+00      298. 0.120E+02     2.169  0.3058E+01  0.2666E+00  0.2279E+00
  0.14000E-01  0.27025E+03    -0.14000E-01  0.70119E-02  0.69881E-02  0.00000E+00  0.00000E+00  0.00000E+00    -0.27025E+03  0.00000E+00  0.00000E+00  0.40930E+00 -0.20202E-01  0.22095E+00      298. 0.140E+02     2.169  0.3520E+01  0.2701E+00  0.2309E+00
  0.16000E-01  0.27356E+03    -0.16000E-01  0.80142E-02  0.79858E-02  0.00000E+00  0.00000E+00  0.00000E+00    -0.27356E+03  0.00000E+00  0.00000E+00  0.42337E+00 -0.17590E-01  0.22290E+00      298. 0.160E+02     2.169  0.3988E+01  0.2734E+00  0.2337E+00
  0.18000E-01  0.27675E+03    -0.18000E-01  0.90167E-02  0.89833E-02  0.00000E+00  0.00000E+00  0.00000E+00    -0.27675E+03  0.00000E+00  0.00000E+00  0.43737E+00 -0.14932E-01  0.22474E+00      298. 0.180E+02     2.169  0.4460E+01  0.2766E+00  0.2364E+00
  0.20000E-01  0.27983E+03    -0.20000E-01  0.10019E-01  0.99808E-02  0.00000E+00  0.00000E+00  0.00000E+00    -0.27983E+03  0.00000E+00  0.00000E+00  0.45133E+00 -0.12228E-01  0.22648E+00      298. 0.200E+02     2.169  0.4939E+01  0.2797E+00  0.2390E+00
  0.22000E-01  0.28282E+03    -0.22000E-01  0.11022E-01  0.10978E-01  0.00000E+00  0.00000E+00  0.00000E+00    -0.28282E+03  0.00000E+00  0.00000E+00  0.46529E+00 -0.94900E-02  0.22812E+00      298. 0.220E+02     2.169  0.5422E+01  0.2827E+00  0.2416E+00
  0.24000E-01  0.28573E+03    -0.24000E-01  0.12024E-01  0.11976E-01  0.00000E+00  0.00000E+00  0.00000E+00    -0.28573E+03  0.00000E+00  0.00000E+00  0.47929E+00 -0.67202E-02  0.22969E+00      298. 0.240E+02     2.170  0.5910E+01  0.2856E+00  0.2440E+00
  0.26000E-01  0.28853E+03    -0.26000E-01  0.13027E-01  0.12973E-01  0.00000E+00  0.00000E+00  0.00000E+00    -0.28852E+03  0.00000E+00  0.00000E+00  0.49258E+00 -0.38011E-02  0.23117E+00      298. 0.260E+02     2.169  0.6402E+01  0.2883E+00  0.2463E+00
  0.28000E-01  0.29133E+03    -0.28000E-01  0.14030E-01  0.13970E-01  0.00000E+00  0.00000E+00  0.00000E+00    -0.29132E+03  0.00000E+00  0.00000E+00  0.50729E+00 -0.10072E-02  0.23260E+00      298. 0.280E+02     2.170  0.6899E+01  0.2911E+00  0.2486E+00
  0.30000E-01  0.29381E+03    -0.30000E-01  0.15033E-01  0.14967E-01  0.00000E+00  0.00000E+00  0.00000E+00    -0.29381E+03  0.00000E+00  0.00000E+00  0.54184E+00  0.29793E-02  0.23443E+00      298. 0.300E+02     2.170  0.7402E+01  0.2942E+00  0.2512E+00
  0.32000E-01  0.29651E+03    -0.32000E-01  0.16036E-01  0.15964E-01  0.00000E+00  0.00000E+00  0.00000E+00    -0.29651E+03  0.00000E+00  0.00000E+00  0.55647E+00  0.59772E-02  0.23578E+00      298. 0.320E+02     2.170  0.7909E+01  0.2969E+00  0.2535E+00
  0.34000E-01  0.29941E+03    -0.34000E-01  0.17038E-01  0.16962E-01  0.00000E+00  0.00000E+00  0.00000E+00    -0.29941E+03  0.00000E+00  0.00000E+00  0.54879E+00  0.76251E-02  0.23655E+00      298. 0.340E+02     2.170  0.8420E+01  0.2992E+00  0.2554E+00
  0.36000E-01  0.30182E+03    -0.36000E-01  0.18041E-01  0.17959E-01  0.00000E+00  0.00000E+00  0.00000E+00    -0.30181E+03  0.00000E+00  0.00000E+00  0.58559E+00  0.11638E-01  0.23816E+00      298. 0.360E+02     2.171  0.8935E+01  0.3022E+00  0.2579E+00
  0.38000E-01  0.30464E+03    -0.38000E-01  0.19045E-01  0.18955E-01  0.00000E+00  0.00000E+00  0.00000E+00    -0.30464E+03  0.00000E+00  0.00000E+00  0.57864E+00  0.13414E-01  0.23894E+00      298. 0.380E+02     2.171  0.9455E+01  0.3045E+00  0.2598E+00
  0.40000E-01  0.30699E+03    -0.40000E-01  0.20048E-01  0.19952E-01  0.00000E+00  0.00000E+00  0.00000E+00    -0.30699E+03  0.00000E+00  0.00000E+00  0.61578E+00  0.17465E-01  0.24041E+00      298. 0.400E+02     2.171  0.9979E+01  0.3073E+00  0.2622E+00
  0.42000E-01  0.30952E+03    -0.42000E-01  0.21051E-01  0.20949E-01  0.00000E+00  0.00000E+00  0.00000E+00    -0.30952E+03  0.00000E+00  0.00000E+00  0.62987E+00  0.20442E-01  0.24146E+00      298. 0.420E+02     2.171  0.1051E+02  0.3099E+00  0.2643E+00
  0.44000E-01  0.31205E+03    -0.44000E-01  0.22054E-01  0.21946E-01  0.00000E+00  0.00000E+00  0.00000E+00    -0.31205E+03  0.00000E+00  0.00000E+00  0.64540E+00  0.23377E-01  0.24249E+00      298. 0.440E+02     2.171  0.1104E+02  0.3125E+00  0.2664E+00
  0.46000E-01  0.31456E+03    -0.46000E-01  0.23057E-01  0.22943E-01  0.00000E+00  0.00000E+00  0.00000E+00    -0.31455E+03  0.00000E+00  0.00000E+00  0.66123E+00  0.26310E-01  0.24347E+00      298. 0.460E+02     2.172  0.1158E+02  0.3150E+00  0.2685E+00
  0.48000E-01  0.31704E+03    -0.48000E-01  0.24061E-01  0.23939E-01  0.00000E+00  0.00000E+00  0.00000E+00    -0.31704E+03  0.00000E+00  0.00000E+00  0.67727E+00  0.29242E-01  0.24441E+00      298. 0.480E+02     2.172  0.1212E+02  0.3175E+00  0.2705E+00
  0.50000E-01  0.31951E+03    -0.50000E-01  0.25064E-01  0.24936E-01  0.00000E+00  0.00000E+00  0.00000E+00    -0.31951E+03  0.00000E+00  0.00000E+00  0.69352E+00  0.32176E-01  0.24532E+00      298. 0.500E+02     2.172  0.1266E+02  0.3199E+00  0.2726E+00
  0.52000E-01  0.32197E+03    -0.52000E-01  0.26068E-01  0.25932E-01  0.00000E+00  0.00000E+00  0.00000E+00    -0.32196E+03  0.00000E+00  0.00000E+00  0.70997E+00  0.35106E-01  0.24619E+00      298. 0.520E+02     2.173  0.1321E+02  0.3224E+00  0.2746E+00
  0.54000E-01  0.32440E+03    -0.54000E-01  0.27071E-01  0.26929E-01  0.00000E+00  0.00000E+00  0.00000E+00    -0.32440E+03  0.00000E+00  0.00000E+00  0.72663E+00  0.38033E-01  0.24701E+00      298. 0.540E+02     2.173  0.1377E+02  0.3248E+00  0.2766E+00
  0.56000E-01  0.32686E+03    -0.56000E-01  0.28075E-01  0.27925E-01  0.00000E+00  0.00000E+00  0.00000E+00    -0.32685E+03  0.00000E+00  0.00000E+00  0.78178E+00  0.41833E-01  0.24808E+00      298. 0.560E+02     2.173  0.1432E+02  0.3275E+00  0.2788E+00
  0.58000E-01  0.32930E+03    -0.58000E-01  0.29079E-01  0.28921E-01  0.00000E+00  0.00000E+00  0.00000E+00    -0.32930E+03  0.00000E+00  0.00000E+00  0.79915E+00  0.45130E-01  0.24893E+00      298. 0.580E+02     2.174  0.1489E+02  0.3299E+00  0.2807E+00
  0.60000E-01  0.33170E+03    -0.60000E-01  0.30082E-01  0.29918E-01  0.00000E+00  0.00000E+00  0.00000E+00    -0.33169E+03  0.00000E+00  0.00000E+00  0.81639E+00  0.48072E-01  0.24965E+00      298. 0.600E+02     2.174  0.1545E+02  0.3323E+00  0.2827E+00
  0.62000E-01  0.33408E+03    -0.62000E-01  0.31086E-01  0.30914E-01  0.00000E+00  0.00000E+00  0.00000E+00    -0.33408E+03  0.00000E+00  0.00000E+00  0.83394E+00  0.50970E-01  0.25031E+00      298. 0.620E+02     2.174  0.1602E+02  0.3347E+00  0.2846E+00
  0.64000E-01  0.33645E+03    -0.64000E-01  0.32090E-01  0.31910E-01  0.00000E+00  0.00000E+00  0.00000E+00    -0.33644E+03  0.00000E+00  0.00000E+00  0.85170E+00  0.53851E-01  0.25096E+00      298. 0.640E+02     2.175  0.1659E+02  0.3370E+00  0.2865E+00
  0.66000E-01  0.33880E+03    -0.66000E-01  0.33094E-01  0.32906E-01  0.00000E+00  0.00000E+00  0.00000E+00    -0.33880E+03  0.00000E+00  0.00000E+00  0.86966E+00  0.56716E-01  0.25156E+00      298. 0.660E+02     2.175  0.1717E+02  0.3394E+00  0.2885E+00
  0.68000E-01  0.34115E+03    -0.68000E-01  0.34098E-01  0.33902E-01  0.00000E+00  0.00000E+00  0.00000E+00    -0.34115E+03  0.00000E+00  0.00000E+00  0.88784E+00  0.59562E-01  0.25214E+00      298. 0.680E+02     2.175  0.1775E+02  0.3417E+00  0.2904E+00
  0.70000E-01  0.34348E+03    -0.70000E-01  0.35102E-01  0.34898E-01  0.00000E+00  0.00000E+00  0.00000E+00    -0.34348E+03  0.00000E+00  0.00000E+00  0.90623E+00  0.62393E-01  0.25268E+00      298. 0.700E+02     2.175  0.1833E+02  0.3441E+00  0.2922E+00
  0.72000E-01  0.34580E+03    -0.72000E-01  0.36106E-01  0.35894E-01  0.00000E+00  0.00000E+00  0.00000E+00    -0.34580E+03  0.00000E+00  0.00000E+00  0.92484E+00  0.65201E-01  0.25319E+00      298. 0.720E+02     2.176  0.1892E+02  0.3464E+00  0.2941E+00
  0.73999E-01  0.34811E+03    -0.74000E-01  0.37111E-01  0.36889E-01  0.00000E+00  0.00000E+00  0.00000E+00    -0.34811E+03  0.00000E+00  0.00000E+00  0.94367E+00  0.67987E-01  0.25368E+00      298. 0.740E+02     2.176  0.1952E+02  0.3487E+00  0.2960E+00
  0.75999E-01  0.35041E+03    -0.76000E-01  0.38115E-01  0.37885E-01  0.00000E+00  0.00000E+00  0.00000E+00    -0.35041E+03  0.00000E+00  0.00000E+00  0.96270E+00  0.70748E-01  0.25414E+00      298. 0.760E+02     2.176  0.2011E+02  0.3510E+00  0.2978E+00
  0.77999E-01  0.35270E+03    -0.78000E-01  0.39119E-01  0.38881E-01  0.00000E+00  0.00000E+00  0.00000E+00    -0.35270E+03  0.00000E+00  0.00000E+00  0.98196E+00  0.73483E-01  0.25457E+00      298. 0.780E+02     2.177  0.2071E+02  0.3533E+00  0.2997E+00
  0.79999E-01  0.35498E+03    -0.80000E-01  0.40124E-01  0.39876E-01  0.00000E+00  0.00000E+00  0.00000E+00    -0.35498E+03  0.00000E+00  0.00000E+00  0.10014E+01  0.76189E-01  0.25497E+00      298. 0.800E+02     2.177  0.2131E+02  0.3555E+00  0.3015E+00
  0.81999E-01  0.35726E+03    -0.82000E-01  0.41128E-01  0.40872E-01  0.00000E+00  0.00000E+00  0.00000E+00    -0.35725E+03  0.00000E+00  0.00000E+00  0.10211E+01  0.78864E-01  0.25534E+00      298. 0.820E+02     2.177  0.2192E+02  0.3578E+00  0.3033E+00
  0.83999E-01  0.35952E+03    -0.84000E-01  0.42133E-01  0.41867E-01  0.00000E+00  0.00000E+00  0.00000E+00    -0.35951E+03  0.00000E+00  0.00000E+00  0.10410E+01  0.81506E-01  0.25569E+00      298. 0.840E+02     2.178  0.2253E+02  0.3601E+00  0.3052E+00
  0.85999E-01  0.36177E+03    -0.86000E-01  0.43137E-01  0.42863E-01  0.00000E+00  0.00000E+00  0.00000E+00    -0.36176E+03  0.00000E+00  0.00000E+00  0.10612E+01  0.84119E-01  0.25601E+00      298. 0.860E+02     2.178  0.2314E+02  0.3623E+00  0.3070E+00
  0.87999E-01  0.36401E+03    -0.88000E-01  0.44142E-01  0.43858E-01  0.00000E+00  0.00000E+00  0.00000E+00    -0.36401E+03  0.00000E+00  0.00000E+00  0.10815E+01  0.86692E-01  0.25631E+00      298. 0.880E+02     2.178  0.2376E+02  0.3646E+00  0.3088E+00
  0.89999E-01  0.36625E+03    -0.90000E-01  0.45147E-01  0.44853E-01  0.00000E+00  0.00000E+00  0.00000E+00    -0.36624E+03  0.00000E+00  0.00000E+00  0.11021E+01  0.89229E-01  0.25659E+00      298. 0.900E+02     2.179  0.2438E+02  0.3668E+00  0.3105E+00
  0.91999E-01  0.36848E+03    -0.92000E-01  0.46152E-01  0.45848E-01  0.00000E+00  0.00000E+00  0.00000E+00    -0.36847E+03  0.00000E+00  0.00000E+00  0.11230E+01  0.91728E-01  0.25684E+00      298. 0.920E+02     2.179  0.2501E+02  0.3690E+00  0.3123E+00
  0.93999E-01  0.37069E+03    -0.94000E-01  0.47156E-01  0.46844E-01  0.00000E+00  0.00000E+00  0.00000E+00    -0.37069E+03  0.00000E+00  0.00000E+00  0.11440E+01  0.94183E-01  0.25706E+00      298. 0.940E+02     2.180  0.2564E+02  0.3712E+00  0.3141E+00
  0.95999E-01  0.37291E+03    -0.96000E-01  0.48161E-01  0.47839E-01  0.00000E+00  0.00000E+00  0.00000E+00    -0.37290E+03  0.00000E+00  0.00000E+00  0.11653E+01  0.96599E-01  0.25727E+00      298. 0.960E+02     2.180  0.2627E+02  0.3735E+00  0.3159E+00
  0.97999E-01  0.37511E+03    -0.98000E-01  0.49166E-01  0.48834E-01  0.00000E+00  0.00000E+00  0.00000E+00    -0.37510E+03  0.00000E+00  0.00000E+00  0.11868E+01  0.98966E-01  0.25745E+00      298. 0.980E+02     2.180  0.2690E+02  0.3757E+00  0.3176E+00
  0.99999E-01  0.37731E+03    -0.10000E+00  0.50171E-01  0.49829E-01  0.00000E+00  0.00000E+00  0.00000E+00    -0.37730E+03  0.00000E+00  0.00000E+00  0.12085E+01  0.10129E+00  0.25760E+00      298. 0.100E+03     2.181  0.2754E+02  0.3779E+00  0.3194E+00
  0.10200E+00  0.37949E+03    -0.10200E+00  0.51176E-01  0.50824E-01  0.00000E+00  0.00000E+00  0.00000E+00    -0.37949E+03  0.00000E+00  0.00000E+00  0.12305E+01  0.10357E+00  0.25774E+00      298. 0.102E+03     2.181  0.2818E+02  0.3800E+00  0.3211E+00
  0.10400E+00  0.38168E+03    -0.10400E+00  0.52182E-01  0.51818E-01  0.00000E+00  0.00000E+00  0.00000E+00    -0.38167E+03  0.00000E+00  0.00000E+00  0.12527E+01  0.10580E+00  0.25785E+00      298. 0.104E+03     2.181  0.2883E+02  0.3822E+00  0.3228E+00
  0.10600E+00  0.38385E+03    -0.10600E+00  0.53187E-01  0.52813E-01  0.00000E+00  0.00000E+00  0.00000E+00    -0.38385E+03  0.00000E+00  0.00000E+00  0.12752E+01  0.10797E+00  0.25795E+00      298. 0.106E+03     2.182  0.2948E+02  0.3844E+00  0.3246E+00
  0.10800E+00  0.38602E+03    -0.10800E+00  0.54192E-01  0.53808E-01  0.00000E+00  0.00000E+00  0.00000E+00    -0.38601E+03  0.00000E+00  0.00000E+00  0.12979E+01  0.11010E+00  0.25802E+00      298. 0.108E+03     2.182  0.3013E+02  0.3866E+00  0.3263E+00
  0.11000E+00  0.38818E+03    -0.11000E+00  0.55198E-01  0.54802E-01  0.00000E+00  0.00000E+00  0.00000E+00    -0.38818E+03  0.00000E+00  0.00000E+00  0.13208E+01  0.11217E+00  0.25807E+00      298. 0.110E+03     2.183  0.3079E+02  0.3887E+00  0.3280E+00
  0.11200E+00  0.39034E+03    -0.11200E+00  0.56203E-01  0.55797E-01  0.00000E+00  0.00000E+00  0.00000E+00    -0.39033E+03  0.00000E+00  0.00000E+00  0.13440E+01  0.11418E+00  0.25809E+00      298. 0.112E+03     2.183  0.3145E+02  0.3909E+00  0.3297E+00
  0.11400E+00  0.39249E+03    -0.11400E+00  0.57209E-01  0.56791E-01  0.00000E+00  0.00000E+00  0.00000E+00    -0.39248E+03  0.00000E+00  0.00000E+00  0.13674E+01  0.11614E+00  0.25810E+00      298. 0.114E+03     2.183  0.3211E+02  0.3930E+00  0.3314E+00
  0.11600E+00  0.39463E+03    -0.11600E+00  0.58214E-01  0.57786E-01  0.00000E+00  0.00000E+00  0.00000E+00    -0.39462E+03  0.00000E+00  0.00000E+00  0.13911E+01  0.11805E+00  0.25809E+00      298. 0.116E+03     2.184  0.3277E+02  0.3952E+00  0.3331E+00
  0.11800E+00  0.39674E+03    -0.11800E+00  0.59220E-01  0.58780E-01  0.00000E+00  0.00000E+00  0.00000E+00    -0.39673E+03  0.00000E+00  0.00000E+00  0.13349E+01  0.11897E+00  0.25840E+00      298. 0.118E+03     2.184  0.3344E+02  0.3966E+00  0.3342E+00
  0.12000E+00  0.39885E+03    -0.12000E+00  0.60225E-01  0.59775E-01  0.00000E+00  0.00000E+00  0.00000E+00    -0.39884E+03  0.00000E+00  0.00000E+00  0.14381E+01  0.12140E+00  0.25801E+00      298. 0.120E+03     2.185  0.3412E+02  0.3994E+00  0.3364E+00
  0.12200E+00  0.40098E+03    -0.12200E+00  0.61231E-01  0.60769E-01  0.00000E+00  0.00000E+00  0.00000E+00    -0.40097E+03  0.00000E+00  0.00000E+00  0.13825E+01  0.12263E+00  0.25830E+00      298. 0.122E+03     2.184  0.3479E+02  0.4009E+00  0.3376E+00
  0.12400E+00  0.40309E+03    -0.12400E+00  0.62237E-01  0.61763E-01  0.00000E+00  0.00000E+00  0.00000E+00    -0.40308E+03  0.00000E+00  0.00000E+00  0.14872E+01  0.12481E+00  0.25785E+00      298. 0.124E+03     2.185  0.3547E+02  0.4037E+00  0.3398E+00
  0.12600E+00  0.40521E+03    -0.12600E+00  0.63243E-01  0.62757E-01  0.00000E+00  0.00000E+00  0.00000E+00    -0.40520E+03  0.00000E+00  0.00000E+00  0.14320E+01  0.12606E+00  0.25812E+00      298. 0.126E+03     2.185  0.3615E+02  0.4051E+00  0.3409E+00
  0.12800E+00  0.40732E+03    -0.12800E+00  0.64249E-01  0.63751E-01  0.00000E+00  0.00000E+00  0.00000E+00    -0.40731E+03  0.00000E+00  0.00000E+00  0.15374E+01  0.12798E+00  0.25760E+00      298. 0.128E+03     2.186  0.3684E+02  0.4079E+00  0.3431E+00
  0.13000E+00  0.40941E+03    -0.13000E+00  0.65255E-01  0.64745E-01  0.00000E+00  0.00000E+00  0.00000E+00    -0.40940E+03  0.00000E+00  0.00000E+00  0.14824E+01  0.12924E+00  0.25786E+00      298. 0.130E+03     2.186  0.3753E+02  0.4093E+00  0.3442E+00
  0.13200E+00  0.41152E+03    -0.13200E+00  0.66261E-01  0.65739E-01  0.00000E+00  0.00000E+00  0.00000E+00    -0.41151E+03  0.00000E+00  0.00000E+00  0.15886E+01  0.13091E+00  0.25727E+00      298. 0.132E+03     2.187  0.3822E+02  0.4121E+00  0.3463E+00
  0.13400E+00  0.41360E+03    -0.13400E+00  0.67267E-01  0.66733E-01  0.00000E+00  0.00000E+00  0.00000E+00    -0.41359E+03  0.00000E+00  0.00000E+00  0.15339E+01  0.13218E+00  0.25751E+00      298. 0.134E+03     2.187  0.3891E+02  0.4135E+00  0.3475E+00
  0.13600E+00  0.41570E+03    -0.13600E+00  0.68273E-01  0.67727E-01  0.00000E+00  0.00000E+00  0.00000E+00    -0.41569E+03  0.00000E+00  0.00000E+00  0.16408E+01  0.13358E+00  0.25686E+00      298. 0.136E+03     2.188  0.3961E+02  0.4163E+00  0.3496E+00
  0.13800E+00  0.41776E+03    -0.13800E+00  0.69279E-01  0.68721E-01  0.00000E+00  0.00000E+00  0.00000E+00    -0.41775E+03  0.00000E+00  0.00000E+00  0.15864E+01  0.13487E+00  0.25709E+00      298. 0.138E+03     2.188  0.4032E+02  0.4177E+00  0.3507E+00
  0.14000E+00  0.41987E+03    -0.14000E+00  0.70286E-01  0.69714E-01  0.00000E+00  0.00000E+00  0.00000E+00    -0.41986E+03  0.00000E+00  0.00000E+00  0.16100E+01  0.13617E+00  0.25689E+00      298. 0.140E+03     2.188  0.4102E+02  0.4197E+00  0.3523E+00
  0.14200E+00  0.42194E+03    -0.14200E+00  0.71292E-01  0.70708E-01  0.00000E+00  0.00000E+00  0.00000E+00    -0.42193E+03  0.00000E+00  0.00000E+00  0.16366E+01  0.13737E+00  0.25663E+00      298. 0.142E+03     2.189  0.4173E+02  0.4218E+00  0.3539E+00
  0.14400E+00  0.42401E+03    -0.14400E+00  0.72298E-01  0.71702E-01  0.00000E+00  0.00000E+00  0.00000E+00    -0.42400E+03  0.00000E+00  0.00000E+00  0.16637E+01  0.13850E+00  0.25635E+00      298. 0.144E+03     2.189  0.4244E+02  0.4239E+00  0.3555E+00
  0.14600E+00  0.42607E+03    -0.14600E+00  0.73305E-01  0.72695E-01  0.00000E+00  0.00000E+00  0.00000E+00    -0.42606E+03  0.00000E+00  0.00000E+00  0.16911E+01  0.13957E+00  0.25605E+00      298. 0.146E+03     2.190  0.4315E+02  0.4259E+00  0.3571E+00
  0.14800E+00  0.42813E+03    -0.14800E+00  0.74311E-01  0.73689E-01  0.00000E+00  0.00000E+00  0.00000E+00    -0.42812E+03  0.00000E+00  0.00000E+00  0.17188E+01  0.14058E+00  0.25573E+00      298. 0.148E+03     2.190  0.4387E+02  0.4280E+00  0.3587E+00
  0.15000E+00  0.43018E+03    -0.15000E+00  0.75318E-01  0.74682E-01  0.00000E+00  0.00000E+00  0.00000E+00    -0.43017E+03  0.00000E+00  0.00000E+00  0.17467E+01  0.14152E+00  0.25539E+00      298. 0.150E+03     2.191  0.4459E+02  0.4301E+00  0.3603E+00
  0.15200E+00  0.43223E+03    -0.15200E+00  0.76324E-01  0.75676E-01  0.00000E+00  0.00000E+00  0.00000E+00    -0.43222E+03  0.00000E+00  0.00000E+00  0.17749E+01  0.14240E+00  0.25503E+00      298. 0.152E+03     2.191  0.4532E+02  0.4321E+00  0.3619E+00
  0.15400E+00  0.43428E+03    -0.15400E+00  0.77331E-01  0.76669E-01  0.00000E+00  0.00000E+00  0.00000E+00    -0.43427E+03  0.00000E+00  0.00000E+00  0.18033E+01  0.14322E+00  0.25465E+00      298. 0.154E+03     2.192  0.4604E+02  0.4342E+00  0.3635E+00
  0.15600E+00  0.43633E+03    -0.15600E+00  0.78338E-01  0.77662E-01  0.00000E+00  0.00000E+00  0.00000E+00    -0.43631E+03  0.00000E+00  0.00000E+00  0.18320E+01  0.14398E+00  0.25426E+00      298. 0.156E+03     2.192  0.4677E+02  0.4362E+00  0.3651E+00
  0.15800E+00  0.43837E+03    -0.15800E+00  0.79345E-01  0.78655E-01  0.00000E+00  0.00000E+00  0.00000E+00    -0.43835E+03  0.00000E+00  0.00000E+00  0.18610E+01  0.14468E+00  0.25385E+00      298. 0.158E+03     2.193  0.4751E+02  0.4383E+00  0.3667E+00
  0.16000E+00  0.44040E+03    -0.16000E+00  0.80352E-01  0.79648E-01  0.00000E+00  0.00000E+00  0.00000E+00    -0.44039E+03  0.00000E+00  0.00000E+00  0.18902E+01  0.14531E+00  0.25342E+00      298. 0.160E+03     2.194  0.4824E+02  0.4403E+00  0.3682E+00
  0.16200E+00  0.44244E+03    -0.16200E+00  0.81358E-01  0.80642E-01  0.00000E+00  0.00000E+00  0.00000E+00    -0.44242E+03  0.00000E+00  0.00000E+00  0.19198E+01  0.14589E+00  0.25297E+00      298. 0.162E+03     2.194  0.4898E+02  0.4424E+00  0.3698E+00
  0.16400E+00  0.44447E+03    -0.16400E+00  0.82365E-01  0.81635E-01  0.00000E+00  0.00000E+00  0.00000E+00    -0.44445E+03  0.00000E+00  0.00000E+00  0.19496E+01  0.14640E+00  0.25250E+00      298. 0.164E+03     2.195  0.4972E+02  0.4444E+00  0.3714E+00
  0.16600E+00  0.44649E+03    -0.16600E+00  0.83373E-01  0.82627E-01  0.00000E+00  0.00000E+00  0.00000E+00    -0.44648E+03  0.00000E+00  0.00000E+00  0.19796E+01  0.14685E+00  0.25202E+00      298. 0.166E+03     2.195  0.5047E+02  0.4464E+00  0.3729E+00
  0.16800E+00  0.44852E+03    -0.16800E+00  0.84380E-01  0.83620E-01  0.00000E+00  0.00000E+00  0.00000E+00    -0.44851E+03  0.00000E+00  0.00000E+00  0.20100E+01  0.14725E+00  0.25152E+00      298. 0.168E+03     2.196  0.5122E+02  0.4485E+00  0.3745E+00
  0.17000E+00  0.45054E+03    -0.17000E+00  0.85387E-01  0.84613E-01  0.00000E+00  0.00000E+00  0.00000E+00    -0.45053E+03  0.00000E+00  0.00000E+00  0.20406E+01  0.14758E+00  0.25100E+00      298. 0.170E+03     2.196  0.5197E+02  0.4505E+00  0.3760E+00
  0.17200E+00  0.45256E+03    -0.17200E+00  0.86394E-01  0.85606E-01  0.00000E+00  0.00000E+00  0.00000E+00    -0.45254E+03  0.00000E+00  0.00000E+00  0.20715E+01  0.14785E+00  0.25047E+00      298. 0.172E+03     2.197  0.5273E+02  0.4525E+00  0.3776E+00
  0.17400E+00  0.45458E+03    -0.17400E+00  0.87401E-01  0.86599E-01  0.00000E+00  0.00000E+00  0.00000E+00    -0.45456E+03  0.00000E+00  0.00000E+00  0.21027E+01  0.14807E+00  0.24992E+00      298. 0.174E+03     2.197  0.5348E+02  0.4545E+00  0.3791E+00
  0.17600E+00  0.45659E+03    -0.17600E+00  0.88409E-01  0.87591E-01  0.00000E+00  0.00000E+00  0.00000E+00    -0.45657E+03  0.00000E+00  0.00000E+00  0.21341E+01  0.14823E+00  0.24936E+00      298. 0.176E+03     2.198  0.5425E+02  0.4566E+00  0.3807E+00
  0.17800E+00  0.45860E+03    -0.17800E+00  0.89416E-01  0.88584E-01  0.00000E+00  0.00000E+00  0.00000E+00    -0.45858E+03  0.00000E+00  0.00000E+00  0.21659E+01  0.14833E+00  0.24879E+00      298. 0.178E+03     2.198  0.5501E+02  0.4586E+00  0.3822E+00
  0.18000E+00  0.46061E+03    -0.18000E+00  0.90424E-01  0.89576E-01  0.00000E+00  0.00000E+00  0.00000E+00    -0.46059E+03  0.00000E+00  0.00000E+00  0.21979E+01  0.14837E+00  0.24820E+00      298. 0.180E+03     2.199  0.5578E+02  0.4606E+00  0.3838E+00
  0.18200E+00  0.46261E+03    -0.18200E+00  0.91431E-01  0.90569E-01  0.00000E+00  0.00000E+00  0.00000E+00    -0.46260E+03  0.00000E+00  0.00000E+00  0.22302E+01  0.14836E+00  0.24759E+00      298. 0.182E+03     2.200  0.5655E+02  0.4626E+00  0.3853E+00
  0.18400E+00  0.46462E+03    -0.18400E+00  0.92439E-01  0.91561E-01  0.00000E+00  0.00000E+00  0.00000E+00    -0.46460E+03  0.00000E+00  0.00000E+00  0.22628E+01  0.14830E+00  0.24698E+00      298. 0.184E+03     2.200  0.5732E+02  0.4646E+00  0.3868E+00
  0.18600E+00  0.46662E+03    -0.18600E+00  0.93447E-01  0.92553E-01  0.00000E+00  0.00000E+00  0.00000E+00    -0.46660E+03  0.00000E+00  0.00000E+00  0.22956E+01  0.14817E+00  0.24635E+00      298. 0.186E+03     2.201  0.5810E+02  0.4666E+00  0.3883E+00
  0.18800E+00  0.46861E+03    -0.18800E+00  0.94454E-01  0.93546E-01  0.00000E+00  0.00000E+00  0.00000E+00    -0.46860E+03  0.00000E+00  0.00000E+00  0.23287E+01  0.14800E+00  0.24571E+00      298. 0.188E+03     2.201  0.5888E+02  0.4686E+00  0.3899E+00
  0.19000E+00  0.47061E+03    -0.19000E+00  0.95462E-01  0.94538E-01  0.00000E+00  0.00000E+00  0.00000E+00    -0.47059E+03  0.00000E+00  0.00000E+00  0.23622E+01  0.14777E+00  0.24506E+00      298. 0.190E+03     2.202  0.5966E+02  0.4706E+00  0.3914E+00
  0.19200E+00  0.47260E+03    -0.19200E+00  0.96470E-01  0.95530E-01  0.00000E+00  0.00000E+00  0.00000E+00    -0.47258E+03  0.00000E+00  0.00000E+00  0.23959E+01  0.14748E+00  0.24439E+00      298. 0.192E+03     2.203  0.6045E+02  0.4726E+00  0.3929E+00
  0.19400E+00  0.47459E+03    -0.19400E+00  0.97478E-01  0.96522E-01  0.00000E+00  0.00000E+00  0.00000E+00    -0.47458E+03  0.00000E+00  0.00000E+00  0.24298E+01  0.14715E+00  0.24372E+00      298. 0.194E+03     2.203  0.6124E+02  0.4746E+00  0.3944E+00
  0.19600E+00  0.47658E+03    -0.19600E+00  0.98486E-01  0.97514E-01  0.00000E+00  0.00000E+00  0.00000E+00    -0.47656E+03  0.00000E+00  0.00000E+00  0.24641E+01  0.14676E+00  0.24303E+00      298. 0.196E+03     2.204  0.6203E+02  0.4766E+00  0.3959E+00
  0.19800E+00  0.47857E+03    -0.19800E+00  0.99494E-01  0.98506E-01  0.00000E+00  0.00000E+00  0.00000E+00    -0.47855E+03  0.00000E+00  0.00000E+00  0.24987E+01  0.14632E+00  0.24233E+00      298. 0.198E+03     2.205  0.6282E+02  0.4786E+00  0.3974E+00
  0.20000E+00  0.48056E+03    -0.20000E+00  0.10050E+00  0.99498E-01  0.00000E+00  0.00000E+00  0.00000E+00    -0.48054E+03  0.00000E+00  0.00000E+00  0.25335E+01  0.14583E+00  0.24163E+00      298. 0.200E+03     2.205  0.6362E+02  0.4806E+00  0.3989E+00
  0.20200E+00  0.48254E+03    -0.20200E+00  0.10151E+00  0.10049E+00  0.00000E+00  0.00000E+00  0.00000E+00    -0.48252E+03  0.00000E+00  0.00000E+00  0.25686E+01  0.14530E+00  0.24091E+00      298. 0.202E+03     2.206  0.6442E+02  0.4826E+00  0.4004E+00
  0.20400E+00  0.48452E+03    -0.20400E+00  0.10252E+00  0.10148E+00  0.00000E+00  0.00000E+00  0.00000E+00    -0.48450E+03  0.00000E+00  0.00000E+00  0.26040E+01  0.14471E+00  0.24018E+00      298. 0.204E+03     2.206  0.6523E+02  0.4846E+00  0.4019E+00
  0.20600E+00  0.48650E+03    -0.20600E+00  0.10353E+00  0.10247E+00  0.00000E+00  0.00000E+00  0.00000E+00    -0.48648E+03  0.00000E+00  0.00000E+00  0.26397E+01  0.14407E+00  0.23945E+00      298. 0.206E+03     2.207  0.6603E+02  0.4866E+00  0.4034E+00
  0.20800E+00  0.48848E+03    -0.20800E+00  0.10454E+00  0.10346E+00  0.00000E+00  0.00000E+00  0.00000E+00    -0.48846E+03  0.00000E+00  0.00000E+00  0.26756E+01  0.14339E+00  0.23870E+00      298. 0.208E+03     2.208  0.6684E+02  0.4885E+00  0.4049E+00
  0.21000E+00  0.49045E+03    -0.21000E+00  0.10554E+00  0.10446E+00  0.00000E+00  0.00000E+00  0.00000E+00    -0.49043E+03  0.00000E+00  0.00000E+00  0.27119E+01  0.14266E+00  0.23795E+00      298. 0.210E+03     2.208  0.6765E+02  0.4905E+00  0.4064E+00
  0.21200E+00  0.49243E+03    -0.21200E+00  0.10655E+00  0.10545E+00  0.00000E+00  0.00000E+00  0.00000E+00    -0.49240E+03  0.00000E+00  0.00000E+00  0.27484E+01  0.14188E+00  0.23718E+00      298. 0.212E+03     2.209  0.6847E+02  0.4925E+00  0.4079E+00
  0.21400E+00  0.49440E+03    -0.21400E+00  0.10756E+00  0.10644E+00  0.00000E+00  0.00000E+00  0.00000E+00    -0.49438E+03  0.00000E+00  0.00000E+00  0.27852E+01  0.14106E+00  0.23641E+00      298. 0.214E+03     2.210  0.6929E+02  0.4945E+00  0.4093E+00
  0.21600E+00  0.49637E+03    -0.21600E+00  0.10857E+00  0.10743E+00  0.00000E+00  0.00000E+00  0.00000E+00    -0.49635E+03  0.00000E+00  0.00000E+00  0.28223E+01  0.14019E+00  0.23563E+00      298. 0.216E+03     2.210  0.7011E+02  0.4965E+00  0.4108E+00
  0.21800E+00  0.49834E+03    -0.21800E+00  0.10958E+00  0.10842E+00  0.00000E+00  0.00000E+00  0.00000E+00    -0.49832E+03  0.00000E+00  0.00000E+00  0.28597E+01  0.13928E+00  0.23483E+00      298. 0.218E+03     2.211  0.7094E+02  0.4984E+00  0.4123E+00
  0.22000E+00  0.50031E+03    -0.22000E+00  0.11059E+00  0.10941E+00  0.00000E+00  0.00000E+00  0.00000E+00    -0.50028E+03  0.00000E+00  0.00000E+00  0.28973E+01  0.13832E+00  0.23404E+00      298. 0.220E+03     2.212  0.7176E+02  0.5004E+00  0.4138E+00
  0.22200E+00  0.50227E+03    -0.22200E+00  0.11160E+00  0.11040E+00  0.00000E+00  0.00000E+00  0.00000E+00    -0.50225E+03  0.00000E+00  0.00000E+00  0.29353E+01  0.13733E+00  0.23323E+00      298. 0.222E+03     2.212  0.7259E+02  0.5024E+00  0.4152E+00
  0.22400E+00  0.50418E+03    -0.22400E+00  0.11261E+00  0.11139E+00  0.00000E+00  0.00000E+00  0.00000E+00    -0.50416E+03  0.00000E+00  0.00000E+00  0.29681E+01  0.13639E+00  0.23241E+00      298. 0.224E+03     2.213  0.7343E+02  0.5043E+00  0.4167E+00
  0.22600E+00  0.50620E+03    -0.22600E+00  0.11361E+00  0.11239E+00  0.00000E+00  0.00000E+00  0.00000E+00    -0.50617E+03  0.00000E+00  0.00000E+00  0.30117E+01  0.13522E+00  0.23159E+00      298. 0.226E+03     2.214  0.7426E+02  0.5063E+00  0.4182E+00
  0.22800E+00  0.50811E+03    -0.22800E+00  0.11462E+00  0.11338E+00  0.00000E+00  0.00000E+00  0.00000E+00    -0.50808E+03  0.00000E+00  0.00000E+00  0.30454E+01  0.13418E+00  0.23075E+00      298. 0.228E+03     2.214  0.7510E+02  0.5083E+00  0.4196E+00
  0.23000E+00  0.51012E+03    -0.23000E+00  0.11563E+00  0.11437E+00  0.00000E+00  0.00000E+00  0.00000E+00    -0.51009E+03  0.00000E+00  0.00000E+00  0.30895E+01  0.13293E+00  0.22991E+00      298. 0.230E+03     2.215  0.7594E+02  0.5103E+00  0.4211E+00
  0.23199E+00  0.51203E+03    -0.23200E+00  0.11664E+00  0.11536E+00  0.00000E+00  0.00000E+00  0.00000E+00    -0.51200E+03  0.00000E+00  0.00000E+00  0.31238E+01  0.13181E+00  0.22906E+00      298. 0.232E+03     2.216  0.7679E+02  0.5122E+00  0.4225E+00
  0.23399E+00  0.51404E+03    -0.23400E+00  0.11765E+00  0.11635E+00  0.00000E+00  0.00000E+00  0.00000E+00    -0.51401E+03  0.00000E+00  0.00000E+00  0.31685E+01  0.13048E+00  0.22820E+00      298. 0.234E+03     2.217  0.7764E+02  0.5142E+00  0.4240E+00
  0.23599E+00  0.51594E+03    -0.23600E+00  0.11866E+00  0.11734E+00  0.00000E+00  0.00000E+00  0.00000E+00    -0.51591E+03  0.00000E+00  0.00000E+00  0.32034E+01  0.12928E+00  0.22734E+00      298. 0.236E+03     2.217  0.7849E+02  0.5161E+00  0.4255E+00
  0.23799E+00  0.51795E+03    -0.23800E+00  0.11967E+00  0.11833E+00  0.00000E+00  0.00000E+00  0.00000E+00    -0.51792E+03  0.00000E+00  0.00000E+00  0.32486E+01  0.12787E+00  0.22647E+00      298. 0.238E+03     2.218  0.7934E+02  0.5181E+00  0.4269E+00
  0.23999E+00  0.51985E+03    -0.24000E+00  0.12068E+00  0.11932E+00  0.00000E+00  0.00000E+00  0.00000E+00    -0.51982E+03  0.00000E+00  0.00000E+00  0.32841E+01  0.12660E+00  0.22558E+00      298. 0.240E+03     2.219  0.8020E+02  0.5201E+00  0.4284E+00
  0.24199E+00  0.52186E+03    -0.24200E+00  0.12169E+00  0.12031E+00  0.00000E+00  0.00000E+00  0.00000E+00    -0.52183E+03  0.00000E+00  0.00000E+00  0.33298E+01  0.12511E+00  0.22470E+00      298. 0.242E+03     2.220  0.8106E+02  0.5220E+00  0.4298E+00
  0.24399E+00  0.52376E+03    -0.24400E+00  0.12270E+00  0.12130E+00  0.00000E+00  0.00000E+00  0.00000E+00    -0.52372E+03  0.00000E+00  0.00000E+00  0.33660E+01  0.12376E+00  0.22380E+00      298. 0.244E+03     2.220  0.8192E+02  0.5240E+00  0.4312E+00
  0.24599E+00  0.52576E+03    -0.24600E+00  0.12371E+00  0.12229E+00  0.00000E+00  0.00000E+00  0.00000E+00    -0.52573E+03  0.00000E+00  0.00000E+00  0.34122E+01  0.12220E+00  0.22290E+00      298. 0.246E+03     2.221  0.8279E+02  0.5259E+00  0.4327E+00
  0.24799E+00  0.52766E+03    -0.24800E+00  0.12472E+00  0.12328E+00  0.00000E+00  0.00000E+00  0.00000E+00    -0.52762E+03  0.00000E+00  0.00000E+00  0.34489E+01  0.12078E+00  0.22198E+00      298. 0.248E+03     2.222  0.8365E+02  0.5279E+00  0.4341E+00
  0.24999E+00  0.52966E+03    -0.25000E+00  0.12573E+00  0.12427E+00  0.00000E+00  0.00000E+00  0.00000E+00    -0.52963E+03  0.00000E+00  0.00000E+00  0.34956E+01  0.11915E+00  0.22107E+00      298. 0.250E+03     2.223  0.8453E+02  0.5299E+00  0.4356E+00
  0.25199E+00  0.53156E+03    -0.25200E+00  0.12674E+00  0.12526E+00  0.00000E+00  0.00000E+00  0.00000E+00    -0.53152E+03  0.00000E+00  0.00000E+00  0.35329E+01  0.11765E+00  0.22015E+00      298. 0.252E+03     2.223  0.8540E+02  0.5318E+00  0.4370E+00
  0.25399E+00  0.53356E+03    -0.25400E+00  0.12775E+00  0.12625E+00  0.00000E+00  0.00000E+00  0.00000E+00    -0.53352E+03  0.00000E+00  0.00000E+00  0.35802E+01  0.11595E+00  0.21922E+00      298. 0.254E+03     2.224  0.8628E+02  0.5338E+00  0.4384E+00
  0.25599E+00  0.53545E+03    -0.25600E+00  0.12876E+00  0.12724E+00  0.00000E+00  0.00000E+00  0.00000E+00    -0.53541E+03  0.00000E+00  0.00000E+00  0.36181E+01  0.11438E+00  0.21828E+00      298. 0.256E+03     2.225  0.8716E+02  0.5357E+00  0.4399E+00
  0.25799E+00  0.53745E+03    -0.25800E+00  0.12977E+00  0.12823E+00  0.00000E+00  0.00000E+00  0.00000E+00    -0.53742E+03  0.00000E+00  0.00000E+00  0.36658E+01  0.11261E+00  0.21734E+00      298. 0.258E+03     2.226  0.8804E+02  0.5377E+00  0.4413E+00
  0.25999E+00  0.53934E+03    -0.26000E+00  0.13078E+00  0.12922E+00  0.00000E+00  0.00000E+00  0.00000E+00    -0.53930E+03  0.00000E+00  0.00000E+00  0.37043E+01  0.11098E+00  0.21639E+00      298. 0.260E+03     2.226  0.8892E+02  0.5396E+00  0.4427E+00
  0.26199E+00  0.54134E+03    -0.26200E+00  0.13179E+00  0.13021E+00  0.00000E+00  0.00000E+00  0.00000E+00    -0.54131E+03  0.00000E+00  0.00000E+00  0.37526E+01  0.10913E+00  0.21545E+00      298. 0.262E+03     2.227  0.8981E+02  0.5416E+00  0.4441E+00
  0.26399E+00  0.54323E+03    -0.26400E+00  0.13280E+00  0.13120E+00  0.00000E+00  0.00000E+00  0.00000E+00    -0.54319E+03  0.00000E+00  0.00000E+00  0.37917E+01  0.10743E+00  0.21448E+00      298. 0.264E+03     2.228  0.9070E+02  0.5435E+00  0.4456E+00
  0.26599E+00  0.54517E+03    -0.26600E+00  0.13382E+00  0.13218E+00  0.00000E+00  0.00000E+00  0.00000E+00    -0.54512E+03  0.00000E+00  0.00000E+00  0.38351E+01  0.10562E+00  0.21352E+00      298. 0.266E+03     2.229  0.9160E+02  0.5455E+00  0.4470E+00
  0.26799E+00  0.54702E+03    -0.26800E+00  0.13483E+00  0.13317E+00  0.00000E+00  0.00000E+00  0.00000E+00    -0.54698E+03  0.00000E+00  0.00000E+00  0.39197E+01  0.10195E+00  0.21203E+00      298. 0.268E+03     2.230  0.9250E+02  0.5479E+00  0.4488E+00
  0.26999E+00  0.54907E+03    -0.27000E+00  0.13584E+00  0.13416E+00  0.00000E+00  0.00000E+00  0.00000E+00    -0.54903E+03  0.00000E+00  0.00000E+00  0.39296E+01  0.10174E+00  0.21158E+00      298. 0.270E+03     2.230  0.9340E+02  0.5494E+00  0.4499E+00
  0.27199E+00  0.55100E+03    -0.27200E+00  0.13685E+00  0.13515E+00  0.00000E+00  0.00000E+00  0.00000E+00    -0.55096E+03  0.00000E+00  0.00000E+00  0.39699E+01  0.99931E-01  0.21061E+00      298. 0.272E+03     2.231  0.9430E+02  0.5513E+00  0.4513E+00
  0.27399E+00  0.55293E+03    -0.27400E+00  0.13786E+00  0.13614E+00  0.00000E+00  0.00000E+00  0.00000E+00    -0.55289E+03  0.00000E+00  0.00000E+00  0.40142E+01  0.97994E-01  0.20963E+00      298. 0.274E+03     2.232  0.9520E+02  0.5533E+00  0.4527E+00
  0.27599E+00  0.55487E+03    -0.27600E+00  0.13887E+00  0.13713E+00  0.00000E+00  0.00000E+00  0.00000E+00    -0.55483E+03  0.00000E+00  0.00000E+00  0.40595E+01  0.96012E-01  0.20865E+00      298. 0.276E+03     2.233  0.9611E+02  0.5552E+00  0.4541E+00
  0.27799E+00  0.55681E+03    -0.27800E+00  0.13988E+00  0.13812E+00  0.00000E+00  0.00000E+00  0.00000E+00    -0.55677E+03  0.00000E+00  0.00000E+00  0.41052E+01  0.93994E-01  0.20767E+00      298. 0.278E+03     2.234  0.9702E+02  0.5572E+00  0.4555E+00
  0.27999E+00  0.55875E+03    -0.28000E+00  0.14089E+00  0.13911E+00  0.00000E+00  0.00000E+00  0.00000E+00    -0.55871E+03  0.00000E+00  0.00000E+00  0.41511E+01  0.91945E-01  0.20668E+00      298. 0.280E+03     2.234  0.9794E+02  0.5591E+00  0.4569E+00
  0.28199E+00  0.56069E+03    -0.28200E+00  0.14191E+00  0.14009E+00  0.00000E+00  0.00000E+00  0.00000E+00    -0.56065E+03  0.00000E+00  0.00000E+00  0.41973E+01  0.89866E-01  0.20569E+00      298. 0.282E+03     2.235  0.9885E+02  0.5611E+00  0.4583E+00
  0.28399E+00  0.56263E+03    -0.28400E+00  0.14292E+00  0.14108E+00  0.00000E+00  0.00000E+00  0.00000E+00    -0.56258E+03  0.00000E+00  0.00000E+00  0.42438E+01  0.87755E-01  0.20470E+00      298. 0.284E+03     2.236  0.9977E+02  0.5630E+00  0.4597E+00
  0.28599E+00  0.56457E+03    -0.28600E+00  0.14393E+00  0.14207E+00  0.00000E+00  0.00000E+00  0.00000E+00    -0.56452E+03  0.00000E+00  0.00000E+00  0.42905E+01  0.85616E-01  0.20371E+00      298. 0.286E+03     2.237  0.1007E+03  0.5649E+00  0.4611E+00
  0.28799E+00  0.56651E+03    -0.28800E+00  0.14494E+00  0.14306E+00  0.00000E+00  0.00000E+00  0.00000E+00    -0.56646E+03  0.00000E+00  0.00000E+00  0.43375E+01  0.83446E-01  0.20272E+00      298. 0.288E+03     2.238  0.1016E+03  0.5669E+00  0.4625E+00
  0.28999E+00  0.56845E+03    -0.29000E+00  0.14595E+00  0.14405E+00  0.00000E+00  0.00000E+00  0.00000E+00    -0.56840E+03  0.00000E+00  0.00000E+00  0.43848E+01  0.81249E-01  0.20172E+00      298. 0.290E+03     2.239  0.1025E+03  0.5688E+00  0.4639E+00
  0.29199E+00  0.57039E+03    -0.29200E+00  0.14697E+00  0.14503E+00  0.00000E+00  0.00000E+00  0.00000E+00    -0.57033E+03  0.00000E+00  0.00000E+00  0.44323E+01  0.79022E-01  0.20073E+00      298. 0.292E+03     2.239  0.1035E+03  0.5708E+00  0.4653E+00
  0.29399E+00  0.57232E+03    -0.29400E+00  0.14798E+00  0.14602E+00  0.00000E+00  0.00000E+00  0.00000E+00    -0.57227E+03  0.00000E+00  0.00000E+00  0.44800E+01  0.76767E-01  0.19973E+00      298. 0.294E+03     2.240  0.1044E+03  0.5727E+00  0.4667E+00
  0.29599E+00  0.57426E+03    -0.29600E+00  0.14899E+00  0.14701E+00  0.00000E+00  0.00000E+00  0.00000E+00    -0.57421E+03  0.00000E+00  0.00000E+00  0.45280E+01  0.74485E-01  0.19873E+00      298. 0.296E+03     2.241  0.1053E+03  0.5747E+00  0.4681E+00
  0.29799E+00  0.57620E+03    -0.29800E+00  0.15000E+00  0.14800E+00  0.00000E+00  0.00000E+00  0.00000E+00    -0.57614E+03  0.00000E+00  0.00000E+00  0.45763E+01  0.72176E-01  0.19774E+00      298. 0.298E+03     2.242  0.1063E+03  0.5766E+00  0.4695E+00
  0.29999E+00  0.57814E+03    -0.30000E+00  0.15102E+00  0.14898E+00  0.00000E+00  0.00000E+00  0.00000E+00    -0.57808E+03  0.00000E+00  0.00000E+00  0.46248E+01  0.69841E-01  0.19674E+00      298. 0.300E+03     2.243  0.1072E+03  0.5785E+00  0.4709E+00
  0.30199E+00  0.58007E+03    -0.30200E+00  0.15203E+00  0.14997E+00  0.00000E+00  0.00000E+00  0.00000E+00    -0.58002E+03  0.00000E+00  0.00000E+00  0.46735E+01  0.67480E-01  0.19575E+00      298. 0.302E+03     2.244  0.1082E+03  0.5805E+00  0.4723E+00
  0.30399E+00  0.58201E+03    -0.30400E+00  0.15304E+00  0.15096E+00  0.00000E+00  0.00000E+00  0.00000E+00    -0.58195E+03  0.00000E+00  0.00000E+00  0.47225E+01  0.65092E-01  0.19476E+00      298. 0.304E+03     2.245  0.1091E+03  0.5824E+00  0.4737E+00
  0.30599E+00  0.58395E+03    -0.30600E+00  0.15406E+00  0.15194E+00  0.00000E+00  0.00000E+00  0.00000E+00    -0.58389E+03  0.00000E+00  0.00000E+00  0.47718E+01  0.62680E-01  0.19377E+00      298. 0.306E+03     2.245  0.1101E+03  0.5844E+00  0.4751E+00
  0.30799E+00  0.58588E+03    -0.30800E+00  0.15507E+00  0.15293E+00  0.00000E+00  0.00000E+00  0.00000E+00    -0.58582E+03  0.00000E+00  0.00000E+00  0.48213E+01  0.60244E-01  0.19278E+00      298. 0.308E+03     2.246  0.1110E+03  0.5863E+00  0.4765E+00
  0.30999E+00  0.58782E+03    -0.31000E+00  0.15608E+00  0.15392E+00  0.00000E+00  0.00000E+00  0.00000E+00    -0.58776E+03  0.00000E+00  0.00000E+00  0.48710E+01  0.57783E-01  0.19179E+00      298. 0.310E+03     2.247  0.1120E+03  0.5883E+00  0.4779E+00
  0.31199E+00  0.58976E+03    -0.31200E+00  0.15710E+00  0.15490E+00  0.00000E+00  0.00000E+00  0.00000E+00    -0.58969E+03  0.00000E+00  0.00000E+00  0.49210E+01  0.55300E-01  0.19081E+00      298. 0.312E+03     2.248  0.1129E+03  0.5902E+00  0.4793E+00
  0.31399E+00  0.59169E+03    -0.31400E+00  0.15811E+00  0.15589E+00  0.00000E+00  0.00000E+00  0.00000E+00    -0.59163E+03  0.00000E+00  0.00000E+00  0.49712E+01  0.52793E-01  0.18983E+00      298. 0.314E+03     2.249  0.1139E+03  0.5921E+00  0.4807E+00
  0.31599E+00  0.59363E+03    -0.31600E+00  0.15912E+00  0.15688E+00  0.00000E+00  0.00000E+00  0.00000E+00    -0.59357E+03  0.00000E+00  0.00000E+00  0.50217E+01  0.50265E-01  0.18885E+00      298. 0.316E+03     2.250  0.1149E+03  0.5941E+00  0.4821E+00
  0.31799E+00  0.59557E+03    -0.31800E+00  0.16014E+00  0.15786E+00  0.00000E+00  0.00000E+00  0.00000E+00    -0.59550E+03  0.00000E+00  0.00000E+00  0.50724E+01  0.47714E-01  0.18788E+00      298. 0.318E+03     2.251  0.1158E+03  0.5960E+00  0.4834E+00
  0.31999E+00  0.59750E+03    -0.32000E+00  0.16115E+00  0.15885E+00  0.00000E+00  0.00000E+00  0.00000E+00    -0.59744E+03  0.00000E+00  0.00000E+00  0.51233E+01  0.45141E-01  0.18691E+00      298. 0.320E+03     2.252  0.1168E+03  0.5980E+00  0.4848E+00
  0.32199E+00  0.59944E+03    -0.32200E+00  0.16216E+00  0.15984E+00  0.00000E+00  0.00000E+00  0.00000E+00    -0.59937E+03  0.00000E+00  0.00000E+00  0.51745E+01  0.42548E-01  0.18594E+00      298. 0.322E+03     2.253  0.1178E+03  0.5999E+00  0.4862E+00
  0.32399E+00  0.60138E+03    -0.32400E+00  0.16318E+00  0.16082E+00  0.00000E+00  0.00000E+00  0.00000E+00    -0.60131E+03  0.00000E+00  0.00000E+00  0.52259E+01  0.39935E-01  0.18498E+00      298. 0.324E+03     2.254  0.1187E+03  0.6019E+00  0.4876E+00
  0.32599E+00  0.60332E+03    -0.32600E+00  0.16419E+00  0.16181E+00  0.00000E+00  0.00000E+00  0.00000E+00    -0.60325E+03  0.00000E+00  0.00000E+00  0.52775E+01  0.37302E-01  0.18403E+00      298. 0.326E+03     2.255  0.1197E+03  0.6038E+00  0.4890E+00
  0.32799E+00  0.60525E+03    -0.32800E+00  0.16521E+00  0.16279E+00  0.00000E+00  0.00000E+00  0.00000E+00    -0.60518E+03  0.00000E+00  0.00000E+00  0.53294E+01  0.34651E-01  0.18307E+00      298. 0.328E+03     2.255  0.1207E+03  0.6057E+00  0.4903E+00
  0.32999E+00  0.60719E+03    -0.33000E+00  0.16622E+00  0.16378E+00  0.00000E+00  0.00000E+00  0.00000E+00    -0.60712E+03  0.00000E+00  0.00000E+00  0.53815E+01  0.31980E-01  0.18213E+00      298. 0.330E+03     2.256  0.1217E+03  0.6077E+00  0.4917E+00
  0.33199E+00  0.60913E+03    -0.33200E+00  0.16724E+00  0.16476E+00  0.00000E+00  0.00000E+00  0.00000E+00    -0.60906E+03  0.00000E+00  0.00000E+00  0.54338E+01  0.29292E-01  0.18119E+00      298. 0.332E+03     2.257  0.1227E+03  0.6096E+00  0.4931E+00
  0.33399E+00  0.61107E+03    -0.33400E+00  0.16825E+00  0.16575E+00  0.00000E+00  0.00000E+00  0.00000E+00    -0.61099E+03  0.00000E+00  0.00000E+00  0.54863E+01  0.26586E-01  0.18025E+00      298. 0.334E+03     2.258  0.1237E+03  0.6116E+00  0.4945E+00
  0.33599E+00  0.61300E+03    -0.33600E+00  0.16927E+00  0.16673E+00  0.00000E+00  0.00000E+00  0.00000E+00    -0.61293E+03  0.00000E+00  0.00000E+00  0.55391E+01  0.23863E-01  0.17932E+00      298. 0.336E+03     2.259  0.1247E+03  0.6135E+00  0.4958E+00
  0.33799E+00  0.61494E+03    -0.33800E+00  0.17028E+00  0.16772E+00  0.00000E+00  0.00000E+00  0.00000E+00    -0.61487E+03  0.00000E+00  0.00000E+00  0.55921E+01  0.21124E-01  0.17840E+00      298. 0.338E+03     2.260  0.1257E+03  0.6155E+00  0.4972E+00
  0.33999E+00  0.61688E+03    -0.34000E+00  0.17130E+00  0.16870E+00  0.00000E+00  0.00000E+00  0.00000E+00    -0.61681E+03  0.00000E+00  0.00000E+00  0.56453E+01  0.18369E-01  0.17748E+00      298. 0.340E+03     2.261  0.1266E+03  0.6174E+00  0.4986E+00
  0.34199E+00  0.61882E+03    -0.34200E+00  0.17231E+00  0.16969E+00  0.00000E+00  0.00000E+00  0.00000E+00    -0.61874E+03  0.00000E+00  0.00000E+00  0.56987E+01  0.15599E-01  0.17657E+00      298. 0.342E+03     2.262  0.1276E+03  0.6193E+00  0.4999E+00
  0.34398E+00  0.62076E+03    -0.34400E+00  0.17333E+00  0.17067E+00  0.00000E+00  0.00000E+00  0.00000E+00    -0.62068E+03  0.00000E+00  0.00000E+00  0.57523E+01  0.12814E-01  0.17567E+00      298. 0.344E+03     2.263  0.1287E+03  0.6213E+00  0.5013E+00
  0.34598E+00  0.62270E+03    -0.34600E+00  0.17434E+00  0.17166E+00  0.00000E+00  0.00000E+00  0.00000E+00    -0.62262E+03  0.00000E+00  0.00000E+00  0.58062E+01  0.10016E-01  0.17477E+00      298. 0.346E+03     2.264  0.1297E+03  0.6232E+00  0.5027E+00
  0.34798E+00  0.62464E+03    -0.34800E+00  0.17536E+00  0.17264E+00  0.00000E+00  0.00000E+00  0.00000E+00    -0.62456E+03  0.00000E+00  0.00000E+00  0.58602E+01  0.72041E-02  0.17388E+00      298. 0.348E+03     2.265  0.1307E+03  0.6252E+00  0.5040E+00
  0.34998E+00  0.62658E+03    -0.35000E+00  0.17637E+00  0.17363E+00  0.00000E+00  0.00000E+00  0.00000E+00    -0.62650E+03  0.00000E+00  0.00000E+00  0.59145E+01  0.43800E-02  0.17299E+00      298. 0.350E+03     2.266  0.1317E+03  0.6271E+00  0.5054E+00
  0.35198E+00  0.62853E+03    -0.35200E+00  0.17739E+00  0.17461E+00  0.00000E+00  0.00000E+00  0.00000E+00    -0.62844E+03  0.00000E+00  0.00000E+00  0.59689E+01  0.15424E-02  0.17212E+00      298. 0.352E+03     2.267  0.1327E+03  0.6291E+00  0.5068E+00
  0.35398E+00  0.63047E+03    -0.35400E+00  0.17840E+00  0.17560E+00  0.00000E+00  0.00000E+00  0.00000E+00    -0.63038E+03  0.00000E+00  0.00000E+00  0.60236E+01 -0.13055E-02  0.17125E+00      298. 0.354E+03     2.268  0.1337E+03  0.6310E+00  0.5081E+00
  0.35598E+00  0.63241E+03    -0.35600E+00  0.17942E+00  0.17658E+00  0.00000E+00  0.00000E+00  0.00000E+00    -0.63232E+03  0.00000E+00  0.00000E+00  0.60784E+01 -0.41641E-02  0.17038E+00      298. 0.356E+03     2.269  0.1347E+03  0.6330E+00  0.5095E+00
  0.35798E+00  0.63435E+03    -0.35800E+00  0.18044E+00  0.17756E+00  0.00000E+00  0.00000E+00  0.00000E+00    -0.63427E+03  0.00000E+00  0.00000E+00  0.61334E+01 -0.70336E-02  0.16953E+00      298. 0.358E+03     2.270  0.1357E+03  0.6349E+00  0.5109E+00
  0.35998E+00  0.63630E+03    -0.36000E+00  0.18145E+00  0.17855E+00  0.00000E+00  0.00000E+00  0.00000E+00    -0.63621E+03  0.00000E+00  0.00000E+00  0.61887E+01 -0.99130E-02  0.16868E+00      298. 0.360E+03     2.271  0.1368E+03  0.6369E+00  0.5122E+00
  0.36198E+00  0.63824E+03    -0.36200E+00  0.18247E+00  0.17953E+00  0.00000E+00  0.00000E+00  0.00000E+00    -0.63815E+03  0.00000E+00  0.00000E+00  0.62441E+01 -0.12801E-01  0.16784E+00      298. 0.362E+03     2.272  0.1378E+03  0.6388E+00  0.5136E+00
  0.36398E+00  0.64019E+03    -0.36400E+00  0.18349E+00  0.18051E+00  0.00000E+00  0.00000E+00  0.00000E+00    -0.64009E+03  0.00000E+00  0.00000E+00  0.62997E+01 -0.15698E-01  0.16701E+00      298. 0.364E+03     2.273  0.1388E+03  0.6408E+00  0.5149E+00
  0.36598E+00  0.64213E+03    -0.36600E+00  0.18450E+00  0.18150E+00  0.00000E+00  0.00000E+00  0.00000E+00    -0.64204E+03  0.00000E+00  0.00000E+00  0.63554E+01 -0.18603E-01  0.16618E+00      298. 0.366E+03     2.274  0.1399E+03  0.6427E+00  0.5163E+00
  0.36798E+00  0.64408E+03    -0.36800E+00  0.18552E+00  0.18248E+00  0.00000E+00  0.00000E+00  0.00000E+00    -0.64398E+03  0.00000E+00  0.00000E+00  0.64114E+01 -0.21516E-01  0.16537E+00      298. 0.368E+03     2.275  0.1409E+03  0.6447E+00  0.5177E+00
  0.36998E+00  0.64603E+03    -0.37000E+00  0.18654E+00  0.18346E+00  0.00000E+00  0.00000E+00  0.00000E+00    -0.64593E+03  0.00000E+00  0.00000E+00  0.64675E+01 -0.24434E-01  0.16456E+00      298. 0.370E+03     2.276  0.1419E+03  0.6466E+00  0.5190E+00
  0.37198E+00  0.64798E+03    -0.37200E+00  0.18755E+00  0.18445E+00  0.00000E+00  0.00000E+00  0.00000E+00    -0.64788E+03  0.00000E+00  0.00000E+00  0.65238E+01 -0.27360E-01  0.16375E+00      298. 0.372E+03     2.277  0.1430E+03  0.6486E+00  0.5204E+00
  0.37398E+00  0.64992E+03    -0.37400E+00  0.18857E+00  0.18543E+00  0.00000E+00  0.00000E+00  0.00000E+00    -0.64982E+03  0.00000E+00  0.00000E+00  0.65802E+01 -0.30291E-01  0.16296E+00      298. 0.374E+03     2.278  0.1440E+03  0.6505E+00  0.5217E+00
  0.37598E+00  0.65187E+03    -0.37600E+00  0.18959E+00  0.18641E+00  0.00000E+00  0.00000E+00  0.00000E+00    -0.65177E+03  0.00000E+00  0.00000E+00  0.66368E+01 -0.33228E-01  0.16217E+00      298. 0.376E+03     2.279  0.1451E+03  0.6525E+00  0.5231E+00
  0.37798E+00  0.65382E+03    -0.37800E+00  0.19061E+00  0.18739E+00  0.00000E+00  0.00000E+00  0.00000E+00    -0.65372E+03  0.00000E+00  0.00000E+00  0.66935E+01 -0.36168E-01  0.16139E+00      298. 0.378E+03     2.280  0.1461E+03  0.6544E+00  0.5244E+00
  0.37998E+00  0.65577E+03    -0.38000E+00  0.19162E+00  0.18838E+00  0.00000E+00  0.00000E+00  0.00000E+00    -0.65567E+03  0.00000E+00  0.00000E+00  0.67504E+01 -0.39113E-01  0.16062E+00      298. 0.380E+03     2.281  0.1472E+03  0.6564E+00  0.5258E+00
  0.38198E+00  0.65773E+03    -0.38200E+00  0.19264E+00  0.18936E+00  0.00000E+00  0.00000E+00  0.00000E+00    -0.65762E+03  0.00000E+00  0.00000E+00  0.68074E+01 -0.42061E-01  0.15985E+00      298. 0.382E+03     2.282  0.1482E+03  0.6583E+00  0.5271E+00
  0.38398E+00  0.65968E+03    -0.38400E+00  0.19366E+00  0.19034E+00  0.00000E+00  0.00000E+00  0.00000E+00    -0.65957E+03  0.00000E+00  0.00000E+00  0.68646E+01 -0.45012E-01  0.15909E+00      298. 0.384E+03     2.283  0.1493E+03  0.6603E+00  0.5285E+00
  0.38598E+00  0.66163E+03    -0.38600E+00  0.19468E+00  0.19132E+00  0.00000E+00  0.00000E+00  0.00000E+00    -0.66152E+03  0.00000E+00  0.00000E+00  0.69219E+01 -0.47966E-01  0.15834E+00      298. 0.386E+03     2.284  0.1503E+03  0.6622E+00  0.5298E+00
  0.38798E+00  0.66359E+03    -0.38800E+00  0.19570E+00  0.19230E+00  0.00000E+00  0.00000E+00  0.00000E+00    -0.66348E+03  0.00000E+00  0.00000E+00  0.69793E+01 -0.50921E-01  0.15760E+00      298. 0.388E+03     2.285  0.1514E+03  0.6642E+00  0.5312E+00
  0.38998E+00  0.66554E+03    -0.39000E+00  0.19672E+00  0.19328E+00  0.00000E+00  0.00000E+00  0.00000E+00    -0.66543E+03  0.00000E+00  0.00000E+00  0.70368E+01 -0.53877E-01  0.15687E+00      298. 0.390E+03     2.286  0.1525E+03  0.6662E+00  0.5325E+00
  0.39198E+00  0.66750E+03    -0.39200E+00  0.19773E+00  0.19427E+00  0.00000E+00  0.00000E+00  0.00000E+00    -0.66738E+03  0.00000E+00  0.00000E+00  0.70945E+01 -0.56834E-01  0.15614E+00      298. 0.392E+03     2.287  0.1535E+03  0.6681E+00  0.5339E+00
  0.39398E+00  0.66945E+03    -0.39400E+00  0.19875E+00  0.19525E+00  0.00000E+00  0.00000E+00  0.00000E+00    -0.66934E+03  0.00000E+00  0.00000E+00  0.71523E+01 -0.59791E-01  0.15542E+00      298. 0.394E+03     2.289  0.1546E+03  0.6701E+00  0.5352E+00
  0.39598E+00  0.67141E+03    -0.39600E+00  0.19977E+00  0.19623E+00  0.00000E+00  0.00000E+00  0.00000E+00    -0.67130E+03  0.00000E+00  0.00000E+00  0.72101E+01 -0.62748E-01  0.15471E+00      298. 0.396E+03     2.290  0.1557E+03  0.6720E+00  0.5366E+00
  0.39798E+00  0.67337E+03    -0.39800E+00  0.20079E+00  0.19721E+00  0.00000E+00  0.00000E+00  0.00000E+00    -0.67325E+03  0.00000E+00  0.00000E+00  0.72681E+01 -0.65704E-01  0.15400E+00      298. 0.398E+03     2.291  0.1567E+03  0.6740E+00  0.5379E+00
  0.39998E+00  0.67533E+03    -0.40000E+00  0.20181E+00  0.19819E+00  0.00000E+00  0.00000E+00  0.00000E+00    -0.67521E+03  0.00000E+00  0.00000E+00  0.73262E+01 -0.68658E-01  0.15331E+00      298. 0.400E+03     2.292  0.1578E+03  0.6760E+00  0.5393E+00
